
                            < M A T L A B (R) >
                  Copyright 1984-2009 The MathWorks, Inc.
                Version 7.8.0.347 (R2009a) 64-bit (glnxa64)
                             February 12, 2009

 
  To get started, type one of these: helpwin, helpdesk, or demo.
  For product information, visit www.mathworks.com.
 
Begin Correlation Matrix Creation
Reading file
Data Loaded. Computing Correlation Matrix
  Columns 1 through 7

    1.0000    0.0772    0.0586   -0.0054       NaN   -0.0056       NaN
    0.0772    1.0000   -0.0050    0.1697       NaN    0.1096       NaN
    0.0586   -0.0050    1.0000    0.0796       NaN    0.0484       NaN
   -0.0054    0.1697    0.0796    1.0000       NaN    0.1220       NaN
       NaN       NaN       NaN       NaN       NaN       NaN       NaN
   -0.0056    0.1096    0.0484    0.1220       NaN    1.0000       NaN
       NaN       NaN       NaN       NaN       NaN       NaN       NaN
   -0.0137    0.0992    0.0247    0.2368       NaN    0.0865       NaN
    0.1125    0.2667    0.0271    0.2370       NaN    0.1036       NaN
   -0.0240   -0.0969   -0.1389    0.0460       NaN   -0.0585       NaN

  Columns 8 through 10

   -0.0137    0.1125   -0.0240
    0.0992    0.2667   -0.0969
    0.0247    0.0271   -0.1389
    0.2368    0.2370    0.0460
       NaN       NaN       NaN
    0.0865    0.1036   -0.0585
       NaN       NaN       NaN
    1.0000    0.0888    0.0817
    0.0888    1.0000    0.0527
    0.0817    0.0527    1.0000

saving normalized correlation matrix
computing % negative and density
time:2181.0861
