Sender: LSF System <lsfadmin@bc16-n11>
Subject: Job 414280[12]: <edgeL_txt[1-72]> Done

Job <edgeL_txt[1-72]> was submitted from host <bc14-n13> by user <jabloche> in cluster <lucky>.
Job was executed on host(s) <bc16-n11>, in queue <week>, as user <jabloche> in cluster <lucky>.
</afs/isis.unc.edu/home/j/a/jabloche> was used as the home directory.
</netscr/jabloche/FirmNetworks/matlab> was used as the working directory.
Started at Mon Dec 28 14:15:14 2009
Results reported at Mon Dec 28 15:10:03 2009

Your job looked like:

------------------------------------------------------------
# LSBATCH: User input
matlab -nodisplay -nojvm -nosplash -r write_edgeL_txt
------------------------------------------------------------

Successfully completed.

Resource usage summary:

    CPU time   :   2833.58 sec.
    Max Memory :      2288 MB
    Max Swap   :      8951 MB

    Max Processes  :         7
    Max Threads    :        26

The output (if any) follows:

Your home directory for this job is /netscr/jabloche
which: no shopt in (/opt/lsf/bin:/afs/isis/pkg/r/bin:/afs/isis/pkg/stattransfer/bin:/afs/isis/pkg/matlab/bin:/afs/isis/pkg/sas/bin:/afs/isis/pkg/isis/bin:/opt/lsf/7.0/linux2.6-glibc2.3-x86_64/etc:/opt/lsf/7.0/linux2.6-glibc2.3-x86_64/bin:/afs/isis.unc.edu/home/j/a/jabloche/bin:/usr/local/bin:/usr/afsws/bin:/usr/afsws/etc:/bin:/usr/bin:/sbin:/usr/sbin:/etc:/usr/kerberos/bin:/opt/lsf/scripts:.)

                            < M A T L A B (R) >
                  Copyright 1984-2009 The MathWorks, Inc.
                Version 7.8.0.347 (R2009a) 64-bit (glnxa64)
                             February 12, 2009

 
  To get started, type one of these: helpwin, helpdesk, or demo.
  For product information, visit www.mathworks.com.
 
Begin Conversion
Reading Saved Matrix and Converting to useful Adjacency Matrix
type:pct
Creating Edgelist...
Saving text file...
Time Elapsed is 54 minutes, 32 seconds.
>> 