Sender: LSF System <lsfadmin@bc01-n06>
Subject: Job 786167[1]: <comty[1]> Done

Job <comty[1]> was submitted from host <bc16-n13> by user <jabloche> in cluster <lucky>.
Job was executed on host(s) <bc01-n06>, in queue <week>, as user <jabloche> in cluster <lucky>.
</afs/isis.unc.edu/home/j/a/jabloche> was used as the home directory.
</netscr/jabloche/FirmNetworks/matlab> was used as the working directory.
Started at Tue Apr  6 09:27:29 2010
Results reported at Tue Apr  6 10:11:49 2010

Your job looked like:

------------------------------------------------------------
# LSBATCH: User input
matlab -nodisplay -nojvm -nosplash -r compute_louvain_comm
------------------------------------------------------------

Successfully completed.

Resource usage summary:

    CPU time   :   2649.23 sec.
    Max Memory :       473 MB
    Max Swap   :      7071 MB

    Max Processes  :         6
    Max Threads    :        33

The output (if any) follows:

Your home directory for this job is /netscr/jabloche

                            < M A T L A B (R) >
                  Copyright 1984-2009 The MathWorks, Inc.
                Version 7.9.0.529 (R2009b) 64-bit (glnxa64)
                              August 12, 2009

 
  To get started, type one of these: helpwin, helpdesk, or demo.
  For product information, visit www.mathworks.com.
 
Begin Community Detection for type_data: bool_blk
Loading Adj Mat
Reading Saved Matrix and Returning Adjacency Matrix: loadAdjMat
loadAdjMat Done. data_type_index:blk_bool_1
Running Louvain Matlab Method
No more possible decomposition
Finished. Total Program Time Elapsed is 44 minutes, 14 seconds.
>> 