Sender: LSF System <lsfadmin@bc02-n12>
Subject: Job 429341: <comm_cor60> Done

Job <comm_cor60> was submitted from host <bc10-n13> by user <jabloche> in cluster <lucky>.
Job was executed on host(s) <bc02-n12>, in queue <week>, as user <jabloche> in cluster <lucky>.
</afs/isis.unc.edu/home/j/a/jabloche> was used as the home directory.
</netscr/jabloche/FirmNetworks/cLouvain> was used as the working directory.
Started at Thu Jan  7 08:40:32 2010
Results reported at Thu Jan  7 08:41:36 2010

Your job looked like:

------------------------------------------------------------
# LSBATCH: User input
/netscr/jabloche/FirmNetworks/cLouvain/community /smallfs/jabloche/fn_edge/el_cor60.bin -l -1 -w
------------------------------------------------------------

Successfully completed.

Resource usage summary:

    CPU time   :     24.07 sec.
    Max Memory :        69 MB
    Max Swap   :       217 MB

    Max Processes  :         4
    Max Threads    :         4

The output (if any) follows:

Your home directory for this job is /netscr/jabloche
start : Thu Jan  7 08:40:33 2010
total : 4111480
file read : Thu Jan  7 08:41:12 2010
network : 6599 nodes, 4111480 links, 611842016 weight.
pass number 1 of -1 : 0.103926 -0.000280747
pass number 2 of -1 : 0.119031 0.103926
pass number 3 of -1 : 0.12058 0.119031
pass number 4 of -1 : 0.120826 0.12058
pass number 5 of -1 : 0.120898 0.120826
pass number 6 of -1 : 0.120934 0.120898
pass number 7 of -1 : 0.120961 0.120934
pass number 8 of -1 : 0.120992 0.120961
pass number 9 of -1 : 0.121008 0.120992
pass number 10 of -1 : 0.121053 0.121008
pass number 11 of -1 : 0.121096 0.121053
pass number 12 of -1 : 0.121126 0.121096
pass number 13 of -1 : 0.121168 0.121126
pass number 14 of -1 : 0.121182 0.121168
pass number 15 of -1 : 0.121195 0.121182
pass number 16 of -1 : 0.121204 0.121195
pass number 17 of -1 : 0.121211 0.121204
pass number 18 of -1 : 0.12122 0.121211
pass number 19 of -1 : 0.121256 0.12122
pass number 20 of -1 : 0.121302 0.121256
pass number 21 of -1 : 0.121325 0.121302
pass number 22 of -1 : 0.121352 0.121325
pass number 23 of -1 : 0.12142 0.121352
pass number 24 of -1 : 0.121461 0.12142
pass number 25 of -1 : 0.121501 0.121461
pass number 26 of -1 : 0.121592 0.121501
pass number 27 of -1 : 0.121783 0.121592
pass number 28 of -1 : 0.122094 0.121783
pass number 29 of -1 : 0.122346 0.122094
pass number 30 of -1 : 0.122514 0.122346
pass number 31 of -1 : 0.122518 0.122514
pass number 32 of -1 : 0.122519 0.122518
pass number 33 of -1 : 0.12252 0.122519
pass number 34 of -1 : 0.122523 0.12252
pass number 35 of -1 : 0.122523 0.122523
communities computed : Thu Jan  7 08:41:36 2010
modularity increased from -0.000280747 to 0.122523
0 2
1 2
2 2
3 1
4 1
5 0
6 2
7 0
8 1
9 2
10 0
11 0
12 2
13 1
14 1
15 0
16 2
17 2
18 1
19 0
20 1
21 1
22 2
23 0
24 0
25 2
26 1
27 2
28 2
29 0
30 0
31 2
32 0
33 0
34 0
35 0
36 2
37 0
38 0
39 1
40 1
41 1
42 0
43 2
44 2
45 1
46 0
47 0
48 0
49 0
50 0
51 0
52 0
53 2
54 1
55 2
56 2
57 0
58 1
59 0
60 0
61 0
62 0
63 2
64 1
65 0
66 0
67 1
68 0
69 2
70 2
71 0
72 0
73 0
74 2
75 0
76 0
77 2
78 0
79 1
80 0
81 2
82 0
83 0
84 0
85 2
86 1
87 2
88 0
89 2
90 2
91 2
92 2
93 1
94 0
95 0
96 2
97 1
98 0
99 1
100 2
101 2
102 2
103 2
104 2
105 1
106 0
107 1
108 0
109 0
110 0
111 2
112 2
113 0
114 0
115 2
116 0
117 1
118 2
119 2
120 2
121 0
122 1
123 2
124 0
125 0
126 0
127 2
128 0
129 2
130 1
131 0
132 2
133 2
134 1
135 2
136 2
137 1
138 2
139 0
140 2
141 0
142 2
143 0
144 0
145 2
146 0
147 2
148 0
149 0
150 1
151 0
152 2
153 2
154 0
155 0
156 2
157 0
158 2
159 2
160 1
161 0
162 1
163 1
164 1
165 1
166 1
167 2
168 0
169 1
170 1
171 2
172 2
173 0
174 2
175 0
176 2
177 2
178 0
179 0
180 0
181 1
182 1
183 0
184 1
185 0
186 0
187 0
188 2
189 1
190 0
191 0
192 0
193 2
194 0
195 1
196 1
197 1
198 1
199 2
200 1
201 0
202 0
203 0
204 0
205 0
206 0
207 2
208 0
209 0
210 2
211 0
212 0
213 2
214 0
215 2
216 2
217 0
218 0
219 2
220 0
221 1
222 0
223 2
224 0
225 2
226 0
227 1
228 1
229 1
230 0
231 0
232 2
233 2
234 0
235 0
236 0
237 2
238 2
239 0
240 2
241 1
242 0
243 0
244 0
245 1
246 1
247 2
248 2
249 0
250 0
251 0
252 1
253 0
254 0
255 0
256 0
257 0
258 1
259 2
260 0
261 2
262 1
263 2
264 1
265 0
266 0
267 2
268 0
269 1
270 0
271 0
272 1
273 0
274 0
275 0
276 0
277 0
278 0
279 2
280 1
281 1
282 0
283 0
284 1
285 0
286 0
287 0
288 0
289 2
290 1
291 0
292 0
293 0
294 1
295 0
296 0
297 2
298 2
299 2
300 2
301 0
302 1
303 2
304 2
305 0
306 2
307 2
308 0
309 2
310 0
311 2
312 1
313 1
314 1
315 0
316 0
317 0
318 0
319 2
320 0
321 0
322 2
323 2
324 2
325 1
326 1
327 0
328 0
329 2
330 2
331 0
332 0
333 2
334 2
335 2
336 2
337 0
338 0
339 2
340 1
341 2
342 1
343 2
344 0
345 1
346 2
347 0
348 2
349 0
350 1
351 2
352 1
353 0
354 2
355 2
356 2
357 1
358 2
359 1
360 0
361 2
362 2
363 0
364 2
365 0
366 2
367 2
368 0
369 2
370 2
371 0
372 0
373 2
374 1
375 2
376 0
377 0
378 2
379 0
380 0
381 1
382 0
383 1
384 2
385 1
386 1
387 0
388 1
389 2
390 0
391 2
392 1
393 1
394 1
395 2
396 2
397 2
398 2
399 2
400 2
401 2
402 2
403 0
404 0
405 0
406 1
407 1
408 1
409 0
410 0
411 2
412 0
413 2
414 0
415 2
416 1
417 0
418 0
419 0
420 2
421 0
422 0
423 2
424 1
425 1
426 1
427 0
428 1
429 0
430 2
431 1
432 2
433 0
434 2
435 2
436 1
437 1
438 0
439 2
440 2
441 0
442 0
443 2
444 2
445 0
446 0
447 2
448 0
449 0
450 0
451 2
452 1
453 0
454 0
455 1
456 0
457 1
458 0
459 0
460 2
461 2
462 0
463 0
464 0
465 0
466 2
467 0
468 2
469 2
470 1
471 2
472 0
473 2
474 0
475 0
476 2
477 0
478 1
479 2
480 0
481 0
482 2
483 2
484 0
485 1
486 2
487 2
488 2
489 0
490 0
491 0
492 2
493 2
494 2
495 0
496 2
497 1
498 0
499 2
500 2
501 0
502 1
503 0
504 2
505 1
506 0
507 1
508 1
509 1
510 2
511 0
512 0
513 0
514 0
515 1
516 0
517 0
518 0
519 0
520 1
521 0
522 0
523 1
524 1
525 0
526 1
527 2
528 2
529 0
530 2
531 1
532 1
533 1
534 1
535 0
536 2
537 2
538 1
539 0
540 2
541 2
542 0
543 2
544 1
545 2
546 2
547 2
548 2
549 0
550 2
551 2
552 2
553 0
554 1
555 2
556 2
557 2
558 1
559 0
560 2
561 1
562 2
563 2
564 2
565 0
566 2
567 2
568 2
569 2
570 1
571 0
572 0
573 0
574 2
575 1
576 2
577 2
578 1
579 0
580 0
581 2
582 0
583 2
584 2
585 2
586 2
587 0
588 2
589 0
590 2
591 2
592 2
593 2
594 2
595 0
596 0
597 2
598 2
599 1
600 1
601 2
602 0
603 0
604 1
605 1
606 2
607 2
608 1
609 0
610 0
611 0
612 2
613 1
614 2
615 1
616 2
617 0
618 1
619 2
620 2
621 0
622 2
623 0
624 2
625 2
626 0
627 0
628 0
629 0
630 2
631 2
632 2
633 0
634 0
635 1
636 0
637 0
638 0
639 0
640 2
641 0
642 0
643 2
644 2
645 2
646 1
647 0
648 0
649 1
650 0
651 0
652 0
653 0
654 1
655 0
656 0
657 0
658 0
659 0
660 0
661 0
662 2
663 0
664 1
665 0
666 0
667 0
668 0
669 0
670 2
671 0
672 1
673 0
674 0
675 0
676 0
677 0
678 1
679 0
680 0
681 0
682 0
683 0
684 0
685 0
686 0
687 0
688 0
689 1
690 0
691 0
692 1
693 1
694 0
695 0
696 0
697 0
698 0
699 0
700 0
701 0
702 0
703 0
704 1
705 0
706 0
707 0
708 0
709 0
710 0
711 0
712 0
713 0
714 0
715 0
716 0
717 0
718 0
719 0
720 0
721 1
722 1
723 1
724 2
725 1
726 1
727 1
728 1
729 2
730 0
731 0
732 0
733 2
734 2
735 1
736 0
737 0
738 0
739 1
740 2
741 0
742 2
743 1
744 0
745 2
746 0
747 0
748 0
749 1
750 1
751 0
752 0
753 0
754 2
755 2
756 2
757 0
758 0
759 1
760 0
761 2
762 2
763 1
764 0
765 2
766 2
767 1
768 0
769 1
770 1
771 2
772 0
773 1
774 2
775 2
776 0
777 1
778 2
779 2
780 1
781 0
782 0
783 2
784 0
785 0
786 0
787 2
788 2
789 1
790 2
791 2
792 2
793 2
794 2
795 2
796 2
797 2
798 0
799 2
800 2
801 0
802 0
803 0
804 1
805 2
806 2
807 1
808 0
809 2
810 1
811 1
812 1
813 0
814 2
815 0
816 0
817 1
818 2
819 2
820 2
821 0
822 0
823 0
824 2
825 1
826 2
827 2
828 1
829 1
830 0
831 0
832 0
833 1
834 1
835 1
836 0
837 0
838 2
839 2
840 1
841 0
842 2
843 1
844 0
845 2
846 0
847 1
848 2
849 2
850 0
851 2
852 1
853 0
854 2
855 0
856 1
857 2
858 1
859 2
860 0
861 2
862 2
863 2
864 2
865 0
866 0
867 2
868 2
869 2
870 2
871 1
872 2
873 2
874 2
875 2
876 2
877 2
878 0
879 0
880 0
881 0
882 0
883 1
884 0
885 2
886 2
887 0
888 2
889 2
890 2
891 1
892 2
893 1
894 0
895 0
896 2
897 1
898 0
899 0
900 2
901 2
902 1
903 1
904 2
905 0
906 1
907 1
908 1
909 0
910 1
911 2
912 1
913 1
914 2
915 0
916 1
917 0
918 0
919 2
920 0
921 2
922 2
923 2
924 0
925 0
926 0
927 2
928 2
929 0
930 0
931 2
932 0
933 0
934 1
935 1
936 2
937 0
938 2
939 2
940 0
941 2
942 2
943 0
944 2
945 0
946 2
947 0
948 0
949 1
950 2
951 0
952 0
953 0
954 1
955 0
956 0
957 2
958 2
959 0
960 2
961 2
962 2
963 2
964 2
965 0
966 0
967 1
968 0
969 1
970 2
971 2
972 0
973 0
974 1
975 1
976 2
977 0
978 2
979 0
980 2
981 0
982 0
983 1
984 2
985 0
986 0
987 2
988 0
989 2
990 1
991 0
992 0
993 1
994 2
995 2
996 2
997 2
998 2
999 0
1000 1
1001 0
1002 2
1003 2
1004 1
1005 2
1006 0
1007 0
1008 1
1009 1
1010 0
1011 0
1012 2
1013 2
1014 2
1015 1
1016 2
1017 0
1018 0
1019 1
1020 0
1021 0
1022 0
1023 0
1024 0
1025 2
1026 2
1027 0
1028 2
1029 1
1030 0
1031 2
1032 0
1033 0
1034 0
1035 2
1036 0
1037 0
1038 0
1039 2
1040 0
1041 2
1042 2
1043 2
1044 2
1045 0
1046 0
1047 0
1048 0
1049 0
1050 1
1051 2
1052 2
1053 2
1054 2
1055 2
1056 1
1057 2
1058 1
1059 1
1060 0
1061 1
1062 0
1063 0
1064 2
1065 1
1066 2
1067 1
1068 0
1069 2
1070 1
1071 1
1072 1
1073 1
1074 0
1075 2
1076 0
1077 2
1078 2
1079 0
1080 0
1081 1
1082 2
1083 0
1084 2
1085 2
1086 2
1087 2
1088 2
1089 0
1090 1
1091 2
1092 2
1093 1
1094 0
1095 2
1096 2
1097 2
1098 0
1099 2
1100 2
1101 2
1102 0
1103 0
1104 0
1105 2
1106 0
1107 2
1108 2
1109 2
1110 0
1111 2
1112 0
1113 0
1114 2
1115 0
1116 2
1117 2
1118 2
1119 0
1120 0
1121 1
1122 0
1123 2
1124 2
1125 2
1126 0
1127 2
1128 2
1129 0
1130 2
1131 2
1132 2
1133 1
1134 0
1135 0
1136 1
1137 2
1138 2
1139 1
1140 0
1141 0
1142 2
1143 1
1144 0
1145 1
1146 1
1147 0
1148 2
1149 2
1150 2
1151 2
1152 1
1153 1
1154 0
1155 1
1156 2
1157 2
1158 0
1159 2
1160 2
1161 0
1162 2
1163 0
1164 1
1165 0
1166 0
1167 1
1168 2
1169 0
1170 0
1171 2
1172 2
1173 2
1174 0
1175 2
1176 2
1177 2
1178 2
1179 2
1180 2
1181 1
1182 0
1183 0
1184 0
1185 1
1186 2
1187 0
1188 0
1189 2
1190 2
1191 2
1192 0
1193 1
1194 0
1195 0
1196 0
1197 0
1198 2
1199 0
1200 1
1201 1
1202 1
1203 1
1204 1
1205 1
1206 0
1207 0
1208 1
1209 1
1210 2
1211 0
1212 0
1213 1
1214 0
1215 0
1216 0
1217 0
1218 2
1219 2
1220 1
1221 2
1222 2
1223 2
1224 2
1225 0
1226 1
1227 2
1228 0
1229 0
1230 1
1231 0
1232 0
1233 0
1234 1
1235 2
1236 0
1237 0
1238 1
1239 1
1240 1
1241 2
1242 0
1243 2
1244 0
1245 0
1246 0
1247 1
1248 0
1249 0
1250 1
1251 2
1252 0
1253 0
1254 0
1255 1
1256 0
1257 0
1258 2
1259 0
1260 2
1261 0
1262 0
1263 0
1264 0
1265 0
1266 2
1267 2
1268 0
1269 1
1270 1
1271 2
1272 0
1273 0
1274 2
1275 2
1276 0
1277 2
1278 0
1279 0
1280 0
1281 2
1282 2
1283 2
1284 2
1285 2
1286 1
1287 2
1288 2
1289 2
1290 0
1291 1
1292 2
1293 2
1294 1
1295 2
1296 0
1297 2
1298 2
1299 0
1300 1
1301 1
1302 2
1303 0
1304 1
1305 0
1306 2
1307 1
1308 1
1309 0
1310 0
1311 0
1312 0
1313 2
1314 1
1315 1
1316 0
1317 0
1318 2
1319 1
1320 0
1321 1
1322 0
1323 1
1324 2
1325 1
1326 0
1327 0
1328 0
1329 2
1330 2
1331 2
1332 1
1333 0
1334 1
1335 2
1336 1
1337 1
1338 0
1339 0
1340 2
1341 2
1342 0
1343 0
1344 0
1345 0
1346 1
1347 0
1348 2
1349 2
1350 2
1351 2
1352 0
1353 0
1354 0
1355 2
1356 0
1357 0
1358 1
1359 1
1360 0
1361 0
1362 1
1363 0
1364 1
1365 2
1366 0
1367 2
1368 1
1369 0
1370 1
1371 0
1372 1
1373 0
1374 0
1375 0
1376 0
1377 0
1378 0
1379 0
1380 1
1381 2
1382 1
1383 0
1384 0
1385 2
1386 2
1387 1
1388 0
1389 0
1390 0
1391 0
1392 2
1393 0
1394 2
1395 0
1396 1
1397 0
1398 1
1399 0
1400 2
1401 0
1402 2
1403 0
1404 0
1405 0
1406 2
1407 0
1408 0
1409 0
1410 0
1411 0
1412 0
1413 0
1414 0
1415 0
1416 0
1417 0
1418 0
1419 0
1420 2
1421 2
1422 0
1423 0
1424 0
1425 0
1426 2
1427 1
1428 1
1429 1
1430 0
1431 0
1432 1
1433 0
1434 2
1435 1
1436 0
1437 2
1438 0
1439 0
1440 1
1441 2
1442 1
1443 2
1444 1
1445 2
1446 2
1447 0
1448 0
1449 0
1450 0
1451 1
1452 2
1453 1
1454 2
1455 0
1456 0
1457 2
1458 0
1459 2
1460 2
1461 0
1462 0
1463 0
1464 1
1465 0
1466 1
1467 2
1468 2
1469 2
1470 2
1471 0
1472 2
1473 1
1474 0
1475 1
1476 2
1477 1
1478 1
1479 2
1480 2
1481 0
1482 2
1483 1
1484 2
1485 0
1486 2
1487 2
1488 2
1489 2
1490 1
1491 1
1492 0
1493 2
1494 2
1495 0
1496 2
1497 0
1498 0
1499 1
1500 2
1501 2
1502 1
1503 0
1504 1
1505 0
1506 2
1507 2
1508 0
1509 2
1510 0
1511 1
1512 2
1513 2
1514 0
1515 0
1516 0
1517 0
1518 1
1519 2
1520 0
1521 0
1522 1
1523 0
1524 0
1525 1
1526 0
1527 2
1528 1
1529 2
1530 0
1531 1
1532 2
1533 0
1534 0
1535 1
1536 2
1537 0
1538 2
1539 1
1540 0
1541 0
1542 0
1543 0
1544 0
1545 0
1546 0
1547 2
1548 2
1549 2
1550 0
1551 1
1552 0
1553 1
1554 2
1555 0
1556 1
1557 1
1558 1
1559 0
1560 2
1561 0
1562 0
1563 2
1564 0
1565 0
1566 0
1567 2
1568 1
1569 0
1570 0
1571 0
1572 0
1573 2
1574 1
1575 0
1576 2
1577 0
1578 0
1579 0
1580 2
1581 2
1582 0
1583 0
1584 1
1585 2
1586 2
1587 0
1588 0
1589 0
1590 0
1591 0
1592 0
1593 0
1594 0
1595 0
1596 0
1597 0
1598 0
1599 0
1600 0
1601 0
1602 0
1603 0
1604 0
1605 0
1606 0
1607 0
1608 0
1609 2
1610 0
1611 2
1612 0
1613 2
1614 0
1615 2
1616 0
1617 0
1618 1
1619 0
1620 1
1621 2
1622 2
1623 0
1624 2
1625 2
1626 2
1627 0
1628 1
1629 1
1630 0
1631 1
1632 0
1633 2
1634 2
1635 0
1636 0
1637 2
1638 0
1639 0
1640 1
1641 0
1642 0
1643 2
1644 2
1645 2
1646 1
1647 0
1648 0
1649 1
1650 0
1651 0
1652 2
1653 0
1654 0
1655 2
1656 2
1657 0
1658 1
1659 0
1660 2
1661 0
1662 0
1663 2
1664 1
1665 0
1666 0
1667 1
1668 1
1669 2
1670 0
1671 0
1672 1
1673 1
1674 1
1675 0
1676 1
1677 1
1678 1
1679 1
1680 2
1681 0
1682 0
1683 2
1684 0
1685 2
1686 1
1687 1
1688 2
1689 1
1690 0
1691 0
1692 0
1693 1
1694 1
1695 1
1696 1
1697 1
1698 1
1699 2
1700 0
1701 1
1702 2
1703 1
1704 1
1705 0
1706 2
1707 1
1708 0
1709 2
1710 2
1711 0
1712 2
1713 1
1714 1
1715 2
1716 1
1717 0
1718 2
1719 0
1720 2
1721 0
1722 0
1723 2
1724 1
1725 0
1726 0
1727 2
1728 2
1729 0
1730 1
1731 0
1732 2
1733 2
1734 2
1735 2
1736 2
1737 0
1738 2
1739 2
1740 1
1741 0
1742 2
1743 1
1744 0
1745 1
1746 0
1747 0
1748 2
1749 2
1750 2
1751 2
1752 2
1753 2
1754 1
1755 1
1756 1
1757 0
1758 0
1759 1
1760 0
1761 0
1762 0
1763 0
1764 2
1765 0
1766 2
1767 0
1768 1
1769 2
1770 1
1771 1
1772 2
1773 0
1774 2
1775 1
1776 2
1777 1
1778 1
1779 2
1780 2
1781 0
1782 0
1783 2
1784 1
1785 0
1786 0
1787 2
1788 0
1789 2
1790 1
1791 0
1792 1
1793 2
1794 2
1795 2
1796 2
1797 0
1798 2
1799 0
1800 2
1801 1
1802 2
1803 2
1804 1
1805 0
1806 2
1807 2
1808 2
1809 0
1810 2
1811 2
1812 0
1813 0
1814 0
1815 1
1816 2
1817 2
1818 2
1819 2
1820 2
1821 0
1822 2
1823 0
1824 0
1825 2
1826 2
1827 1
1828 2
1829 0
1830 1
1831 0
1832 0
1833 2
1834 2
1835 1
1836 0
1837 1
1838 2
1839 2
1840 2
1841 2
1842 2
1843 0
1844 2
1845 1
1846 0
1847 2
1848 1
1849 0
1850 2
1851 0
1852 0
1853 0
1854 2
1855 2
1856 2
1857 0
1858 2
1859 0
1860 2
1861 2
1862 2
1863 0
1864 0
1865 0
1866 2
1867 2
1868 0
1869 2
1870 0
1871 2
1872 0
1873 0
1874 2
1875 0
1876 2
1877 0
1878 2
1879 2
1880 0
1881 0
1882 0
1883 0
1884 0
1885 2
1886 2
1887 0
1888 0
1889 0
1890 2
1891 2
1892 0
1893 2
1894 2
1895 2
1896 2
1897 2
1898 0
1899 2
1900 2
1901 0
1902 0
1903 0
1904 0
1905 0
1906 0
1907 0
1908 0
1909 2
1910 2
1911 2
1912 2
1913 2
1914 1
1915 0
1916 0
1917 0
1918 0
1919 2
1920 0
1921 1
1922 0
1923 2
1924 0
1925 0
1926 2
1927 1
1928 1
1929 2
1930 0
1931 1
1932 2
1933 2
1934 2
1935 0
1936 0
1937 0
1938 2
1939 0
1940 1
1941 0
1942 2
1943 2
1944 2
1945 1
1946 0
1947 0
1948 2
1949 1
1950 2
1951 0
1952 0
1953 2
1954 0
1955 0
1956 0
1957 0
1958 0
1959 2
1960 0
1961 0
1962 0
1963 0
1964 0
1965 2
1966 0
1967 2
1968 1
1969 0
1970 2
1971 1
1972 2
1973 0
1974 0
1975 0
1976 2
1977 1
1978 1
1979 0
1980 2
1981 0
1982 2
1983 1
1984 2
1985 1
1986 1
1987 0
1988 1
1989 1
1990 2
1991 2
1992 0
1993 2
1994 0
1995 2
1996 2
1997 2
1998 2
1999 2
2000 0
2001 0
2002 0
2003 1
2004 0
2005 2
2006 2
2007 0
2008 1
2009 1
2010 0
2011 0
2012 0
2013 0
2014 0
2015 2
2016 2
2017 0
2018 0
2019 0
2020 2
2021 2
2022 2
2023 1
2024 2
2025 2
2026 2
2027 0
2028 0
2029 2
2030 0
2031 0
2032 1
2033 2
2034 0
2035 1
2036 1
2037 2
2038 2
2039 2
2040 2
2041 0
2042 2
2043 2
2044 1
2045 0
2046 2
2047 2
2048 2
2049 0
2050 2
2051 0
2052 2
2053 0
2054 2
2055 0
2056 1
2057 2
2058 0
2059 1
2060 2
2061 0
2062 0
2063 1
2064 2
2065 2
2066 1
2067 1
2068 2
2069 0
2070 1
2071 1
2072 1
2073 0
2074 1
2075 1
2076 2
2077 2
2078 0
2079 0
2080 2
2081 2
2082 1
2083 0
2084 2
2085 0
2086 0
2087 0
2088 1
2089 0
2090 0
2091 0
2092 2
2093 1
2094 0
2095 1
2096 1
2097 1
2098 0
2099 1
2100 1
2101 2
2102 2
2103 1
2104 0
2105 2
2106 0
2107 2
2108 1
2109 0
2110 0
2111 0
2112 2
2113 0
2114 0
2115 0
2116 0
2117 0
2118 0
2119 1
2120 0
2121 2
2122 1
2123 2
2124 0
2125 2
2126 2
2127 1
2128 2
2129 0
2130 0
2131 0
2132 1
2133 2
2134 0
2135 2
2136 1
2137 0
2138 0
2139 2
2140 0
2141 0
2142 0
2143 0
2144 0
2145 2
2146 1
2147 1
2148 0
2149 2
2150 0
2151 2
2152 0
2153 1
2154 1
2155 0
2156 2
2157 1
2158 0
2159 1
2160 2
2161 0
2162 2
2163 0
2164 0
2165 0
2166 0
2167 2
2168 1
2169 1
2170 2
2171 0
2172 1
2173 1
2174 1
2175 2
2176 2
2177 1
2178 0
2179 2
2180 1
2181 1
2182 0
2183 0
2184 1
2185 0
2186 2
2187 2
2188 2
2189 0
2190 2
2191 1
2192 0
2193 1
2194 0
2195 0
2196 0
2197 0
2198 2
2199 0
2200 2
2201 0
2202 1
2203 0
2204 0
2205 0
2206 1
2207 0
2208 0
2209 0
2210 1
2211 1
2212 2
2213 0
2214 1
2215 2
2216 2
2217 1
2218 2
2219 0
2220 2
2221 2
2222 2
2223 2
2224 0
2225 2
2226 2
2227 1
2228 0
2229 2
2230 1
2231 0
2232 2
2233 0
2234 2
2235 1
2236 2
2237 2
2238 0
2239 0
2240 2
2241 1
2242 0
2243 2
2244 0
2245 0
2246 0
2247 2
2248 0
2249 1
2250 2
2251 0
2252 0
2253 0
2254 2
2255 2
2256 2
2257 2
2258 1
2259 2
2260 0
2261 0
2262 2
2263 2
2264 0
2265 2
2266 2
2267 1
2268 0
2269 0
2270 1
2271 0
2272 2
2273 2
2274 2
2275 2
2276 1
2277 0
2278 0
2279 1
2280 0
2281 1
2282 0
2283 2
2284 1
2285 2
2286 2
2287 0
2288 2
2289 2
2290 2
2291 2
2292 0
2293 0
2294 1
2295 0
2296 1
2297 1
2298 0
2299 0
2300 2
2301 2
2302 0
2303 0
2304 0
2305 1
2306 2
2307 2
2308 2
2309 2
2310 0
2311 1
2312 0
2313 1
2314 1
2315 0
2316 2
2317 2
2318 0
2319 2
2320 2
2321 1
2322 1
2323 2
2324 2
2325 0
2326 2
2327 0
2328 2
2329 0
2330 2
2331 2
2332 2
2333 2
2334 1
2335 2
2336 1
2337 2
2338 0
2339 1
2340 1
2341 2
2342 0
2343 2
2344 2
2345 1
2346 2
2347 2
2348 0
2349 0
2350 2
2351 2
2352 0
2353 2
2354 1
2355 1
2356 0
2357 0
2358 2
2359 1
2360 2
2361 2
2362 0
2363 1
2364 2
2365 0
2366 2
2367 0
2368 0
2369 0
2370 0
2371 2
2372 1
2373 0
2374 2
2375 0
2376 0
2377 0
2378 2
2379 2
2380 1
2381 0
2382 2
2383 2
2384 0
2385 0
2386 0
2387 2
2388 0
2389 1
2390 1
2391 1
2392 1
2393 0
2394 0
2395 2
2396 1
2397 2
2398 0
2399 2
2400 2
2401 0
2402 0
2403 2
2404 2
2405 0
2406 0
2407 2
2408 0
2409 2
2410 2
2411 0
2412 0
2413 0
2414 0
2415 0
2416 0
2417 2
2418 2
2419 2
2420 2
2421 1
2422 1
2423 0
2424 0
2425 1
2426 2
2427 0
2428 0
2429 0
2430 1
2431 1
2432 1
2433 0
2434 2
2435 2
2436 2
2437 0
2438 1
2439 0
2440 0
2441 0
2442 0
2443 0
2444 2
2445 1
2446 2
2447 1
2448 0
2449 0
2450 0
2451 1
2452 2
2453 0
2454 1
2455 0
2456 0
2457 2
2458 2
2459 0
2460 0
2461 0
2462 2
2463 0
2464 0
2465 2
2466 0
2467 0
2468 0
2469 2
2470 0
2471 2
2472 0
2473 0
2474 0
2475 2
2476 1
2477 0
2478 1
2479 0
2480 0
2481 0
2482 2
2483 1
2484 2
2485 0
2486 1
2487 2
2488 2
2489 0
2490 0
2491 0
2492 1
2493 1
2494 2
2495 2
2496 0
2497 0
2498 0
2499 2
2500 2
2501 2
2502 1
2503 0
2504 0
2505 2
2506 0
2507 1
2508 0
2509 0
2510 0
2511 0
2512 0
2513 2
2514 2
2515 2
2516 1
2517 0
2518 0
2519 2
2520 0
2521 1
2522 0
2523 0
2524 1
2525 2
2526 1
2527 1
2528 2
2529 0
2530 0
2531 0
2532 0
2533 0
2534 1
2535 0
2536 0
2537 0
2538 2
2539 2
2540 0
2541 0
2542 2
2543 2
2544 0
2545 2
2546 0
2547 0
2548 1
2549 2
2550 0
2551 1
2552 0
2553 2
2554 0
2555 0
2556 2
2557 0
2558 0
2559 1
2560 0
2561 0
2562 0
2563 1
2564 1
2565 0
2566 0
2567 0
2568 0
2569 2
2570 0
2571 1
2572 1
2573 2
2574 1
2575 1
2576 1
2577 1
2578 1
2579 1
2580 1
2581 1
2582 1
2583 1
2584 2
2585 1
2586 2
2587 1
2588 1
2589 1
2590 1
2591 1
2592 1
2593 2
2594 0
2595 2
2596 1
2597 2
2598 2
2599 2
2600 1
2601 1
2602 1
2603 1
2604 1
2605 0
2606 0
2607 0
2608 1
2609 1
2610 1
2611 1
2612 1
2613 2
2614 2
2615 2
2616 2
2617 2
2618 2
2619 1
2620 2
2621 1
2622 1
2623 2
2624 2
2625 2
2626 1
2627 2
2628 1
2629 2
2630 1
2631 1
2632 1
2633 2
2634 2
2635 2
2636 2
2637 2
2638 2
2639 2
2640 1
2641 1
2642 2
2643 1
2644 2
2645 1
2646 2
2647 1
2648 2
2649 2
2650 0
2651 1
2652 0
2653 0
2654 2
2655 0
2656 1
2657 2
2658 2
2659 0
2660 2
2661 2
2662 0
2663 0
2664 2
2665 1
2666 1
2667 0
2668 2
2669 0
2670 2
2671 2
2672 2
2673 2
2674 0
2675 2
2676 0
2677 0
2678 1
2679 2
2680 2
2681 0
2682 0
2683 0
2684 0
2685 1
2686 1
2687 1
2688 2
2689 2
2690 0
2691 0
2692 0
2693 2
2694 0
2695 0
2696 2
2697 2
2698 0
2699 2
2700 2
2701 2
2702 2
2703 1
2704 2
2705 2
2706 1
2707 1
2708 0
2709 0
2710 0
2711 2
2712 0
2713 0
2714 2
2715 0
2716 2
2717 2
2718 2
2719 2
2720 2
2721 2
2722 0
2723 2
2724 2
2725 2
2726 2
2727 0
2728 2
2729 2
2730 2
2731 2
2732 1
2733 2
2734 0
2735 0
2736 1
2737 1
2738 0
2739 2
2740 0
2741 2
2742 2
2743 1
2744 2
2745 2
2746 2
2747 2
2748 2
2749 2
2750 1
2751 1
2752 1
2753 0
2754 1
2755 0
2756 1
2757 0
2758 0
2759 0
2760 2
2761 2
2762 0
2763 2
2764 1
2765 2
2766 0
2767 0
2768 2
2769 0
2770 2
2771 1
2772 1
2773 1
2774 2
2775 0
2776 0
2777 0
2778 0
2779 0
2780 1
2781 2
2782 2
2783 0
2784 0
2785 2
2786 1
2787 2
2788 1
2789 1
2790 0
2791 0
2792 0
2793 0
2794 0
2795 0
2796 1
2797 0
2798 0
2799 0
2800 2
2801 0
2802 2
2803 1
2804 2
2805 0
2806 2
2807 0
2808 0
2809 0
2810 2
2811 0
2812 2
2813 2
2814 0
2815 0
2816 0
2817 1
2818 1
2819 2
2820 2
2821 0
2822 2
2823 2
2824 1
2825 2
2826 2
2827 2
2828 0
2829 2
2830 2
2831 0
2832 0
2833 1
2834 0
2835 0
2836 0
2837 0
2838 2
2839 1
2840 0
2841 1
2842 1
2843 1
2844 2
2845 2
2846 0
2847 1
2848 1
2849 1
2850 0
2851 0
2852 0
2853 0
2854 0
2855 2
2856 2
2857 2
2858 2
2859 2
2860 2
2861 2
2862 1
2863 0
2864 2
2865 1
2866 2
2867 0
2868 2
2869 2
2870 2
2871 2
2872 2
2873 1
2874 0
2875 2
2876 0
2877 2
2878 0
2879 2
2880 0
2881 0
2882 2
2883 2
2884 1
2885 0
2886 0
2887 2
2888 2
2889 1
2890 0
2891 2
2892 2
2893 0
2894 2
2895 0
2896 1
2897 2
2898 2
2899 0
2900 1
2901 2
2902 0
2903 0
2904 2
2905 1
2906 0
2907 2
2908 2
2909 1
2910 0
2911 0
2912 0
2913 2
2914 1
2915 2
2916 2
2917 2
2918 0
2919 1
2920 1
2921 0
2922 1
2923 2
2924 0
2925 2
2926 2
2927 0
2928 1
2929 2
2930 0
2931 2
2932 2
2933 1
2934 2
2935 0
2936 2
2937 2
2938 2
2939 2
2940 2
2941 2
2942 1
2943 1
2944 0
2945 1
2946 0
2947 1
2948 0
2949 0
2950 0
2951 2
2952 0
2953 0
2954 0
2955 0
2956 1
2957 2
2958 2
2959 1
2960 0
2961 2
2962 0
2963 2
2964 2
2965 1
2966 1
2967 2
2968 1
2969 2
2970 2
2971 0
2972 0
2973 0
2974 2
2975 0
2976 0
2977 1
2978 0
2979 0
2980 0
2981 0
2982 2
2983 2
2984 0
2985 2
2986 2
2987 0
2988 0
2989 2
2990 0
2991 2
2992 1
2993 0
2994 1
2995 1
2996 0
2997 2
2998 2
2999 2
3000 0
3001 1
3002 0
3003 0
3004 2
3005 0
3006 2
3007 0
3008 0
3009 2
3010 1
3011 0
3012 1
3013 0
3014 2
3015 0
3016 2
3017 2
3018 2
3019 2
3020 2
3021 0
3022 2
3023 2
3024 1
3025 2
3026 0
3027 2
3028 0
3029 2
3030 1
3031 2
3032 2
3033 0
3034 2
3035 2
3036 0
3037 0
3038 2
3039 2
3040 0
3041 2
3042 1
3043 2
3044 0
3045 0
3046 2
3047 0
3048 0
3049 1
3050 0
3051 2
3052 2
3053 0
3054 0
3055 1
3056 1
3057 0
3058 2
3059 0
3060 2
3061 2
3062 0
3063 0
3064 0
3065 0
3066 1
3067 0
3068 1
3069 2
3070 0
3071 0
3072 1
3073 2
3074 0
3075 0
3076 2
3077 0
3078 2
3079 0
3080 0
3081 0
3082 2
3083 1
3084 2
3085 0
3086 2
3087 2
3088 2
3089 1
3090 0
3091 1
3092 0
3093 1
3094 2
3095 0
3096 2
3097 0
3098 0
3099 2
3100 2
3101 0
3102 0
3103 2
3104 0
3105 0
3106 0
3107 1
3108 0
3109 2
3110 0
3111 0
3112 0
3113 0
3114 2
3115 1
3116 2
3117 0
3118 0
3119 0
3120 2
3121 2
3122 2
3123 2
3124 0
3125 1
3126 0
3127 1
3128 2
3129 2
3130 0
3131 2
3132 0
3133 1
3134 1
3135 2
3136 0
3137 1
3138 0
3139 2
3140 0
3141 2
3142 0
3143 0
3144 0
3145 0
3146 0
3147 1
3148 1
3149 1
3150 0
3151 0
3152 1
3153 0
3154 1
3155 2
3156 0
3157 1
3158 0
3159 0
3160 2
3161 0
3162 0
3163 2
3164 1
3165 1
3166 0
3167 0
3168 0
3169 0
3170 0
3171 0
3172 0
3173 2
3174 2
3175 0
3176 2
3177 2
3178 0
3179 0
3180 0
3181 2
3182 0
3183 0
3184 0
3185 1
3186 2
3187 2
3188 0
3189 0
3190 2
3191 0
3192 2
3193 2
3194 1
3195 0
3196 2
3197 2
3198 2
3199 0
3200 0
3201 0
3202 2
3203 0
3204 0
3205 0
3206 0
3207 1
3208 0
3209 0
3210 0
3211 1
3212 0
3213 0
3214 0
3215 0
3216 2
3217 0
3218 1
3219 0
3220 1
3221 0
3222 0
3223 0
3224 1
3225 0
3226 0
3227 0
3228 0
3229 1
3230 2
3231 0
3232 2
3233 1
3234 2
3235 2
3236 0
3237 2
3238 1
3239 1
3240 2
3241 2
3242 2
3243 0
3244 0
3245 2
3246 2
3247 2
3248 0
3249 2
3250 2
3251 0
3252 0
3253 0
3254 2
3255 2
3256 1
3257 2
3258 1
3259 1
3260 0
3261 0
3262 1
3263 1
3264 0
3265 0
3266 0
3267 0
3268 0
3269 0
3270 0
3271 0
3272 0
3273 0
3274 0
3275 0
3276 0
3277 0
3278 0
3279 0
3280 0
3281 0
3282 0
3283 0
3284 2
3285 0
3286 2
3287 0
3288 0
3289 0
3290 1
3291 0
3292 0
3293 2
3294 0
3295 1
3296 0
3297 2
3298 0
3299 2
3300 2
3301 2
3302 2
3303 2
3304 0
3305 0
3306 1
3307 2
3308 0
3309 1
3310 2
3311 2
3312 0
3313 1
3314 2
3315 0
3316 1
3317 1
3318 2
3319 0
3320 0
3321 0
3322 1
3323 1
3324 1
3325 0
3326 0
3327 0
3328 0
3329 2
3330 2
3331 2
3332 1
3333 1
3334 1
3335 0
3336 0
3337 1
3338 0
3339 1
3340 2
3341 0
3342 2
3343 2
3344 1
3345 2
3346 2
3347 0
3348 0
3349 0
3350 0
3351 0
3352 1
3353 2
3354 2
3355 0
3356 0
3357 2
3358 0
3359 2
3360 0
3361 0
3362 2
3363 2
3364 0
3365 0
3366 1
3367 0
3368 2
3369 1
3370 2
3371 0
3372 2
3373 0
3374 2
3375 0
3376 2
3377 0
3378 2
3379 1
3380 2
3381 2
3382 2
3383 1
3384 0
3385 0
3386 1
3387 0
3388 2
3389 0
3390 0
3391 0
3392 2
3393 0
3394 0
3395 2
3396 1
3397 2
3398 0
3399 0
3400 0
3401 2
3402 2
3403 2
3404 0
3405 0
3406 0
3407 0
3408 2
3409 0
3410 0
3411 0
3412 1
3413 0
3414 0
3415 0
3416 0
3417 2
3418 0
3419 0
3420 0
3421 0
3422 1
3423 0
3424 0
3425 1
3426 2
3427 2
3428 2
3429 0
3430 2
3431 1
3432 1
3433 2
3434 0
3435 1
3436 1
3437 2
3438 0
3439 0
3440 0
3441 1
3442 0
3443 0
3444 0
3445 1
3446 0
3447 1
3448 0
3449 2
3450 2
3451 2
3452 0
3453 1
3454 1
3455 0
3456 0
3457 0
3458 1
3459 1
3460 2
3461 1
3462 2
3463 2
3464 2
3465 1
3466 0
3467 0
3468 0
3469 1
3470 0
3471 0
3472 0
3473 0
3474 2
3475 2
3476 0
3477 0
3478 1
3479 0
3480 0
3481 2
3482 0
3483 1
3484 0
3485 2
3486 0
3487 2
3488 2
3489 0
3490 0
3491 1
3492 0
3493 0
3494 0
3495 0
3496 2
3497 2
3498 1
3499 0
3500 2
3501 0
3502 0
3503 0
3504 0
3505 0
3506 2
3507 1
3508 1
3509 1
3510 0
3511 1
3512 0
3513 0
3514 0
3515 0
3516 0
3517 0
3518 0
3519 0
3520 0
3521 0
3522 0
3523 0
3524 0
3525 0
3526 0
3527 0
3528 0
3529 0
3530 0
3531 0
3532 0
3533 0
3534 0
3535 0
3536 0
3537 0
3538 0
3539 0
3540 0
3541 0
3542 0
3543 0
3544 0
3545 0
3546 0
3547 0
3548 0
3549 2
3550 0
3551 0
3552 1
3553 0
3554 0
3555 0
3556 1
3557 0
3558 0
3559 0
3560 0
3561 0
3562 0
3563 0
3564 0
3565 0
3566 0
3567 0
3568 0
3569 0
3570 0
3571 1
3572 0
3573 0
3574 0
3575 0
3576 0
3577 0
3578 1
3579 0
3580 0
3581 0
3582 0
3583 0
3584 0
3585 1
3586 1
3587 0
3588 0
3589 0
3590 0
3591 0
3592 0
3593 0
3594 0
3595 0
3596 0
3597 2
3598 0
3599 1
3600 0
3601 2
3602 1
3603 0
3604 1
3605 2
3606 0
3607 0
3608 0
3609 0
3610 0
3611 0
3612 0
3613 0
3614 0
3615 0
3616 0
3617 0
3618 0
3619 1
3620 0
3621 0
3622 0
3623 0
3624 0
3625 0
3626 0
3627 2
3628 0
3629 2
3630 0
3631 1
3632 2
3633 1
3634 0
3635 0
3636 1
3637 2
3638 2
3639 2
3640 2
3641 1
3642 2
3643 2
3644 0
3645 0
3646 0
3647 1
3648 1
3649 2
3650 2
3651 2
3652 0
3653 2
3654 2
3655 0
3656 1
3657 1
3658 1
3659 2
3660 0
3661 0
3662 2
3663 0
3664 1
3665 0
3666 0
3667 0
3668 1
3669 0
3670 0
3671 0
3672 0
3673 2
3674 2
3675 0
3676 1
3677 1
3678 0
3679 0
3680 0
3681 0
3682 0
3683 0
3684 0
3685 1
3686 2
3687 0
3688 0
3689 0
3690 2
3691 0
3692 0
3693 0
3694 2
3695 2
3696 0
3697 1
3698 2
3699 2
3700 0
3701 2
3702 0
3703 2
3704 2
3705 0
3706 1
3707 2
3708 0
3709 0
3710 0
3711 2
3712 1
3713 0
3714 0
3715 2
3716 0
3717 2
3718 0
3719 0
3720 0
3721 0
3722 1
3723 1
3724 2
3725 1
3726 2
3727 0
3728 0
3729 0
3730 2
3731 0
3732 0
3733 0
3734 0
3735 2
3736 0
3737 1
3738 1
3739 2
3740 0
3741 2
3742 0
3743 0
3744 2
3745 2
3746 0
3747 0
3748 1
3749 2
3750 0
3751 2
3752 1
3753 1
3754 2
3755 0
3756 1
3757 0
3758 0
3759 2
3760 0
3761 2
3762 0
3763 1
3764 1
3765 0
3766 2
3767 1
3768 2
3769 0
3770 1
3771 1
3772 0
3773 2
3774 1
3775 2
3776 1
3777 0
3778 1
3779 0
3780 2
3781 0
3782 2
3783 0
3784 2
3785 0
3786 0
3787 2
3788 2
3789 0
3790 2
3791 2
3792 1
3793 2
3794 0
3795 2
3796 2
3797 1
3798 2
3799 2
3800 2
3801 0
3802 0
3803 0
3804 1
3805 2
3806 2
3807 0
3808 2
3809 2
3810 0
3811 2
3812 1
3813 1
3814 0
3815 0
3816 2
3817 1
3818 1
3819 2
3820 0
3821 1
3822 0
3823 0
3824 0
3825 0
3826 0
3827 1
3828 0
3829 0
3830 2
3831 2
3832 1
3833 1
3834 0
3835 2
3836 2
3837 0
3838 0
3839 2
3840 1
3841 2
3842 0
3843 0
3844 0
3845 0
3846 0
3847 2
3848 0
3849 1
3850 1
3851 1
3852 2
3853 2
3854 0
3855 0
3856 2
3857 1
3858 2
3859 2
3860 2
3861 0
3862 2
3863 0
3864 0
3865 0
3866 1
3867 0
3868 0
3869 2
3870 1
3871 1
3872 1
3873 1
3874 0
3875 2
3876 0
3877 0
3878 1
3879 0
3880 0
3881 1
3882 2
3883 0
3884 0
3885 0
3886 1
3887 2
3888 0
3889 1
3890 0
3891 2
3892 1
3893 1
3894 1
3895 1
3896 1
3897 1
3898 1
3899 1
3900 1
3901 1
3902 0
3903 0
3904 0
3905 0
3906 2
3907 2
3908 0
3909 0
3910 0
3911 1
3912 2
3913 1
3914 2
3915 2
3916 0
3917 2
3918 0
3919 2
3920 0
3921 1
3922 0
3923 1
3924 0
3925 0
3926 0
3927 0
3928 1
3929 0
3930 0
3931 0
3932 0
3933 0
3934 1
3935 0
3936 1
3937 0
3938 0
3939 2
3940 2
3941 1
3942 0
3943 1
3944 0
3945 0
3946 1
3947 2
3948 0
3949 2
3950 2
3951 0
3952 0
3953 1
3954 1
3955 0
3956 0
3957 0
3958 0
3959 0
3960 0
3961 0
3962 1
3963 2
3964 1
3965 1
3966 0
3967 2
3968 2
3969 0
3970 1
3971 2
3972 2
3973 0
3974 0
3975 0
3976 2
3977 0
3978 0
3979 0
3980 0
3981 0
3982 2
3983 2
3984 2
3985 2
3986 1
3987 2
3988 2
3989 2
3990 0
3991 1
3992 0
3993 0
3994 2
3995 2
3996 1
3997 0
3998 0
3999 0
4000 1
4001 2
4002 2
4003 0
4004 0
4005 1
4006 0
4007 0
4008 2
4009 2
4010 0
4011 0
4012 1
4013 2
4014 0
4015 0
4016 1
4017 0
4018 0
4019 2
4020 0
4021 0
4022 0
4023 2
4024 1
4025 2
4026 2
4027 1
4028 2
4029 2
4030 1
4031 0
4032 2
4033 0
4034 0
4035 0
4036 2
4037 2
4038 1
4039 0
4040 2
4041 2
4042 1
4043 0
4044 2
4045 0
4046 0
4047 1
4048 0
4049 0
4050 0
4051 0
4052 2
4053 1
4054 2
4055 1
4056 1
4057 0
4058 2
4059 0
4060 0
4061 0
4062 0
4063 0
4064 0
4065 0
4066 0
4067 0
4068 0
4069 0
4070 0
4071 0
4072 0
4073 0
4074 2
4075 0
4076 2
4077 0
4078 0
4079 0
4080 0
4081 0
4082 0
4083 1
4084 0
4085 1
4086 2
4087 1
4088 2
4089 0
4090 0
4091 2
4092 1
4093 1
4094 0
4095 0
4096 1
4097 0
4098 0
4099 0
4100 1
4101 0
4102 0
4103 0
4104 0
4105 2
4106 2
4107 2
4108 1
4109 2
4110 0
4111 0
4112 0
4113 1
4114 2
4115 1
4116 2
4117 2
4118 1
4119 0
4120 0
4121 2
4122 2
4123 2
4124 0
4125 1
4126 1
4127 2
4128 0
4129 0
4130 2
4131 0
4132 0
4133 0
4134 2
4135 2
4136 0
4137 0
4138 1
4139 1
4140 2
4141 2
4142 1
4143 1
4144 0
4145 2
4146 2
4147 1
4148 0
4149 1
4150 2
4151 2
4152 2
4153 0
4154 2
4155 1
4156 2
4157 0
4158 0
4159 0
4160 0
4161 2
4162 1
4163 2
4164 2
4165 0
4166 2
4167 0
4168 2
4169 2
4170 2
4171 0
4172 0
4173 0
4174 1
4175 0
4176 0
4177 0
4178 1
4179 0
4180 2
4181 0
4182 0
4183 1
4184 2
4185 0
4186 0
4187 1
4188 2
4189 2
4190 0
4191 0
4192 2
4193 0
4194 2
4195 0
4196 1
4197 0
4198 1
4199 2
4200 2
4201 2
4202 1
4203 1
4204 0
4205 2
4206 0
4207 0
4208 0
4209 2
4210 1
4211 0
4212 0
4213 1
4214 0
4215 0
4216 1
4217 1
4218 0
4219 0
4220 1
4221 0
4222 0
4223 2
4224 0
4225 0
4226 1
4227 0
4228 2
4229 2
4230 0
4231 0
4232 2
4233 0
4234 1
4235 2
4236 0
4237 1
4238 0
4239 2
4240 1
4241 2
4242 2
4243 2
4244 0
4245 0
4246 1
4247 2
4248 1
4249 0
4250 1
4251 0
4252 0
4253 2
4254 2
4255 0
4256 1
4257 0
4258 1
4259 0
4260 0
4261 1
4262 0
4263 2
4264 1
4265 2
4266 0
4267 0
4268 2
4269 2
4270 0
4271 2
4272 0
4273 2
4274 2
4275 2
4276 1
4277 2
4278 2
4279 0
4280 2
4281 0
4282 2
4283 0
4284 0
4285 2
4286 0
4287 0
4288 2
4289 2
4290 1
4291 2
4292 0
4293 2
4294 0
4295 1
4296 2
4297 2
4298 2
4299 1
4300 1
4301 2
4302 1
4303 2
4304 2
4305 1
4306 2
4307 1
4308 2
4309 0
4310 2
4311 0
4312 0
4313 0
4314 2
4315 1
4316 0
4317 2
4318 2
4319 1
4320 2
4321 2
4322 0
4323 0
4324 2
4325 2
4326 0
4327 2
4328 1
4329 2
4330 2
4331 1
4332 2
4333 2
4334 0
4335 0
4336 1
4337 0
4338 1
4339 1
4340 1
4341 0
4342 0
4343 0
4344 2
4345 0
4346 0
4347 0
4348 2
4349 2
4350 1
4351 0
4352 2
4353 0
4354 1
4355 0
4356 1
4357 0
4358 0
4359 2
4360 2
4361 0
4362 2
4363 0
4364 1
4365 2
4366 0
4367 0
4368 2
4369 1
4370 2
4371 0
4372 1
4373 0
4374 1
4375 2
4376 0
4377 2
4378 2
4379 0
4380 2
4381 0
4382 1
4383 2
4384 0
4385 0
4386 1
4387 0
4388 2
4389 0
4390 2
4391 1
4392 0
4393 0
4394 0
4395 2
4396 2
4397 1
4398 2
4399 2
4400 1
4401 2
4402 2
4403 2
4404 1
4405 2
4406 2
4407 2
4408 1
4409 2
4410 2
4411 0
4412 0
4413 2
4414 1
4415 0
4416 2
4417 0
4418 0
4419 2
4420 0
4421 0
4422 1
4423 2
4424 0
4425 0
4426 0
4427 0
4428 2
4429 2
4430 0
4431 1
4432 2
4433 2
4434 0
4435 0
4436 2
4437 0
4438 1
4439 2
4440 1
4441 0
4442 0
4443 0
4444 0
4445 2
4446 1
4447 2
4448 2
4449 0
4450 2
4451 2
4452 0
4453 0
4454 0
4455 2
4456 2
4457 2
4458 0
4459 2
4460 2
4461 2
4462 1
4463 0
4464 2
4465 0
4466 0
4467 0
4468 0
4469 2
4470 1
4471 1
4472 0
4473 0
4474 1
4475 0
4476 0
4477 2
4478 2
4479 2
4480 0
4481 2
4482 0
4483 0
4484 1
4485 0
4486 0
4487 1
4488 0
4489 2
4490 2
4491 2
4492 2
4493 2
4494 2
4495 2
4496 2
4497 0
4498 0
4499 2
4500 1
4501 1
4502 0
4503 0
4504 0
4505 2
4506 1
4507 0
4508 2
4509 0
4510 0
4511 1
4512 1
4513 2
4514 0
4515 1
4516 1
4517 0
4518 0
4519 1
4520 2
4521 0
4522 0
4523 2
4524 0
4525 0
4526 0
4527 0
4528 1
4529 0
4530 0
4531 0
4532 1
4533 2
4534 2
4535 0
4536 0
4537 1
4538 0
4539 1
4540 2
4541 0
4542 0
4543 2
4544 1
4545 0
4546 1
4547 0
4548 1
4549 0
4550 1
4551 0
4552 2
4553 2
4554 2
4555 2
4556 0
4557 2
4558 1
4559 2
4560 0
4561 0
4562 0
4563 2
4564 0
4565 2
4566 2
4567 0
4568 0
4569 0
4570 0
4571 2
4572 2
4573 1
4574 1
4575 0
4576 0
4577 2
4578 2
4579 0
4580 1
4581 0
4582 1
4583 0
4584 0
4585 0
4586 2
4587 0
4588 2
4589 0
4590 2
4591 2
4592 2
4593 0
4594 2
4595 2
4596 2
4597 2
4598 2
4599 1
4600 2
4601 2
4602 0
4603 0
4604 0
4605 1
4606 2
4607 0
4608 2
4609 2
4610 2
4611 2
4612 2
4613 2
4614 1
4615 2
4616 2
4617 1
4618 1
4619 0
4620 0
4621 2
4622 2
4623 2
4624 2
4625 2
4626 0
4627 2
4628 0
4629 2
4630 2
4631 2
4632 2
4633 1
4634 2
4635 2
4636 2
4637 2
4638 2
4639 2
4640 1
4641 2
4642 0
4643 1
4644 1
4645 0
4646 0
4647 1
4648 1
4649 1
4650 0
4651 0
4652 0
4653 0
4654 2
4655 0
4656 2
4657 0
4658 2
4659 0
4660 0
4661 2
4662 0
4663 1
4664 2
4665 0
4666 2
4667 2
4668 2
4669 2
4670 1
4671 0
4672 2
4673 2
4674 0
4675 1
4676 0
4677 0
4678 0
4679 1
4680 1
4681 1
4682 1
4683 0
4684 2
4685 0
4686 2
4687 1
4688 1
4689 2
4690 0
4691 0
4692 2
4693 1
4694 1
4695 0
4696 2
4697 2
4698 2
4699 0
4700 1
4701 2
4702 1
4703 2
4704 2
4705 2
4706 0
4707 0
4708 0
4709 0
4710 2
4711 0
4712 2
4713 0
4714 2
4715 0
4716 0
4717 1
4718 2
4719 1
4720 0
4721 0
4722 2
4723 0
4724 2
4725 0
4726 0
4727 1
4728 2
4729 0
4730 0
4731 2
4732 1
4733 1
4734 0
4735 0
4736 1
4737 1
4738 0
4739 1
4740 0
4741 0
4742 1
4743 2
4744 0
4745 0
4746 2
4747 0
4748 0
4749 0
4750 0
4751 0
4752 0
4753 2
4754 2
4755 0
4756 2
4757 2
4758 1
4759 1
4760 0
4761 1
4762 1
4763 2
4764 2
4765 1
4766 1
4767 2
4768 0
4769 1
4770 0
4771 0
4772 2
4773 0
4774 0
4775 2
4776 0
4777 2
4778 0
4779 0
4780 1
4781 0
4782 0
4783 2
4784 1
4785 0
4786 0
4787 0
4788 0
4789 0
4790 0
4791 0
4792 0
4793 1
4794 1
4795 2
4796 0
4797 0
4798 2
4799 2
4800 2
4801 2
4802 0
4803 0
4804 1
4805 1
4806 2
4807 0
4808 0
4809 1
4810 0
4811 2
4812 0
4813 1
4814 1
4815 2
4816 0
4817 0
4818 0
4819 2
4820 2
4821 1
4822 0
4823 1
4824 0
4825 1
4826 1
4827 1
4828 1
4829 1
4830 1
4831 0
4832 0
4833 2
4834 1
4835 1
4836 2
4837 1
4838 2
4839 0
4840 0
4841 1
4842 1
4843 2
4844 1
4845 2
4846 1
4847 2
4848 1
4849 2
4850 0
4851 1
4852 1
4853 2
4854 0
4855 0
4856 2
4857 0
4858 0
4859 1
4860 0
4861 1
4862 0
4863 0
4864 2
4865 2
4866 2
4867 2
4868 2
4869 1
4870 2
4871 0
4872 1
4873 0
4874 2
4875 2
4876 0
4877 0
4878 2
4879 2
4880 1
4881 0
4882 0
4883 1
4884 1
4885 0
4886 0
4887 2
4888 0
4889 0
4890 2
4891 2
4892 2
4893 0
4894 0
4895 2
4896 1
4897 2
4898 1
4899 1
4900 0
4901 0
4902 0
4903 1
4904 1
4905 2
4906 0
4907 2
4908 1
4909 0
4910 2
4911 1
4912 0
4913 0
4914 2
4915 1
4916 0
4917 2
4918 0
4919 1
4920 0
4921 0
4922 1
4923 0
4924 0
4925 0
4926 0
4927 1
4928 1
4929 2
4930 2
4931 2
4932 0
4933 0
4934 1
4935 1
4936 2
4937 2
4938 2
4939 2
4940 0
4941 2
4942 0
4943 1
4944 0
4945 0
4946 2
4947 2
4948 2
4949 1
4950 0
4951 2
4952 2
4953 2
4954 2
4955 2
4956 0
4957 1
4958 0
4959 1
4960 2
4961 2
4962 1
4963 1
4964 0
4965 0
4966 0
4967 2
4968 0
4969 2
4970 0
4971 0
4972 0
4973 2
4974 1
4975 2
4976 2
4977 2
4978 0
4979 1
4980 1
4981 2
4982 2
4983 2
4984 2
4985 1
4986 0
4987 0
4988 2
4989 0
4990 0
4991 2
4992 0
4993 1
4994 1
4995 1
4996 1
4997 0
4998 2
4999 1
5000 2
5001 2
5002 2
5003 2
5004 1
5005 2
5006 2
5007 0
5008 0
5009 2
5010 1
5011 0
5012 2
5013 0
5014 0
5015 2
5016 2
5017 1
5018 0
5019 1
5020 0
5021 0
5022 2
5023 2
5024 2
5025 0
5026 0
5027 0
5028 2
5029 0
5030 2
5031 2
5032 2
5033 1
5034 2
5035 2
5036 2
5037 0
5038 2
5039 0
5040 0
5041 1
5042 1
5043 1
5044 1
5045 2
5046 2
5047 1
5048 0
5049 2
5050 0
5051 2
5052 0
5053 2
5054 0
5055 0
5056 1
5057 2
5058 2
5059 2
5060 1
5061 2
5062 0
5063 1
5064 1
5065 0
5066 1
5067 2
5068 2
5069 1
5070 2
5071 2
5072 2
5073 2
5074 0
5075 1
5076 0
5077 1
5078 0
5079 0
5080 2
5081 0
5082 1
5083 0
5084 1
5085 0
5086 2
5087 1
5088 2
5089 2
5090 1
5091 0
5092 1
5093 0
5094 2
5095 2
5096 0
5097 2
5098 0
5099 1
5100 1
5101 0
5102 0
5103 0
5104 0
5105 0
5106 0
5107 0
5108 0
5109 0
5110 0
5111 0
5112 0
5113 0
5114 0
5115 0
5116 0
5117 0
5118 0
5119 0
5120 0
5121 0
5122 0
5123 0
5124 2
5125 2
5126 0
5127 0
5128 0
5129 0
5130 0
5131 1
5132 2
5133 0
5134 0
5135 0
5136 2
5137 2
5138 1
5139 1
5140 0
5141 2
5142 0
5143 0
5144 2
5145 1
5146 2
5147 2
5148 0
5149 0
5150 0
5151 0
5152 0
5153 0
5154 2
5155 0
5156 2
5157 0
5158 2
5159 2
5160 2
5161 0
5162 1
5163 0
5164 2
5165 0
5166 2
5167 0
5168 0
5169 0
5170 1
5171 1
5172 0
5173 0
5174 2
5175 0
5176 2
5177 0
5178 1
5179 1
5180 2
5181 0
5182 0
5183 0
5184 0
5185 2
5186 1
5187 0
5188 0
5189 0
5190 0
5191 1
5192 1
5193 0
5194 0
5195 2
5196 1
5197 2
5198 2
5199 2
5200 2
5201 2
5202 0
5203 2
5204 2
5205 1
5206 0
5207 0
5208 0
5209 2
5210 0
5211 0
5212 2
5213 0
5214 0
5215 0
5216 1
5217 2
5218 1
5219 2
5220 0
5221 2
5222 2
5223 0
5224 1
5225 0
5226 0
5227 2
5228 2
5229 2
5230 2
5231 2
5232 2
5233 2
5234 2
5235 2
5236 1
5237 2
5238 0
5239 0
5240 1
5241 1
5242 0
5243 2
5244 2
5245 2
5246 0
5247 0
5248 0
5249 0
5250 0
5251 0
5252 0
5253 0
5254 2
5255 2
5256 0
5257 2
5258 2
5259 2
5260 0
5261 0
5262 2
5263 2
5264 0
5265 2
5266 2
5267 2
5268 2
5269 0
5270 2
5271 2
5272 2
5273 0
5274 2
5275 2
5276 0
5277 1
5278 2
5279 1
5280 0
5281 2
5282 0
5283 0
5284 0
5285 0
5286 1
5287 0
5288 1
5289 1
5290 0
5291 1
5292 1
5293 0
5294 0
5295 0
5296 1
5297 0
5298 0
5299 2
5300 1
5301 1
5302 0
5303 2
5304 2
5305 1
5306 0
5307 0
5308 0
5309 0
5310 2
5311 1
5312 2
5313 0
5314 2
5315 1
5316 2
5317 2
5318 2
5319 0
5320 1
5321 1
5322 1
5323 1
5324 0
5325 2
5326 0
5327 2
5328 2
5329 2
5330 0
5331 0
5332 1
5333 0
5334 1
5335 0
5336 2
5337 2
5338 0
5339 2
5340 0
5341 0
5342 0
5343 2
5344 1
5345 2
5346 0
5347 0
5348 2
5349 0
5350 2
5351 1
5352 0
5353 2
5354 2
5355 1
5356 0
5357 1
5358 1
5359 1
5360 2
5361 0
5362 2
5363 1
5364 2
5365 1
5366 0
5367 1
5368 0
5369 2
5370 2
5371 1
5372 2
5373 0
5374 2
5375 2
5376 1
5377 2
5378 0
5379 0
5380 0
5381 0
5382 0
5383 2
5384 2
5385 0
5386 0
5387 0
5388 0
5389 0
5390 2
5391 2
5392 2
5393 0
5394 0
5395 2
5396 0
5397 0
5398 0
5399 0
5400 0
5401 1
5402 1
5403 0
5404 2
5405 2
5406 0
5407 0
5408 1
5409 1
5410 2
5411 0
5412 1
5413 2
5414 2
5415 2
5416 0
5417 1
5418 0
5419 1
5420 0
5421 0
5422 0
5423 2
5424 1
5425 1
5426 0
5427 2
5428 2
5429 1
5430 0
5431 1
5432 2
5433 0
5434 1
5435 0
5436 0
5437 0
5438 2
5439 1
5440 2
5441 0
5442 1
5443 0
5444 2
5445 2
5446 0
5447 1
5448 1
5449 1
5450 0
5451 2
5452 2
5453 0
5454 2
5455 2
5456 0
5457 0
5458 2
5459 1
5460 0
5461 0
5462 2
5463 0
5464 0
5465 2
5466 0
5467 1
5468 1
5469 1
5470 1
5471 0
5472 2
5473 2
5474 0
5475 2
5476 0
5477 0
5478 1
5479 1
5480 1
5481 2
5482 0
5483 0
5484 0
5485 0
5486 0
5487 0
5488 0
5489 0
5490 0
5491 0
5492 0
5493 1
5494 0
5495 0
5496 0
5497 0
5498 0
5499 0
5500 2
5501 0
5502 0
5503 1
5504 0
5505 0
5506 0
5507 0
5508 0
5509 0
5510 1
5511 0
5512 0
5513 0
5514 0
5515 0
5516 0
5517 2
5518 0
5519 0
5520 2
5521 0
5522 2
5523 0
5524 0
5525 0
5526 0
5527 0
5528 0
5529 0
5530 0
5531 0
5532 1
5533 0
5534 2
5535 0
5536 2
5537 0
5538 1
5539 0
5540 0
5541 0
5542 0
5543 0
5544 2
5545 0
5546 2
5547 0
5548 0
5549 1
5550 2
5551 0
5552 0
5553 2
5554 1
5555 0
5556 1
5557 0
5558 1
5559 0
5560 2
5561 2
5562 1
5563 0
5564 0
5565 2
5566 1
5567 1
5568 1
5569 2
5570 0
5571 0
5572 1
5573 1
5574 0
5575 2
5576 1
5577 1
5578 0
5579 2
5580 2
5581 1
5582 0
5583 1
5584 1
5585 1
5586 2
5587 0
5588 1
5589 1
5590 1
5591 0
5592 0
5593 0
5594 0
5595 1
5596 0
5597 0
5598 0
5599 0
5600 1
5601 1
5602 2
5603 2
5604 0
5605 2
5606 2
5607 1
5608 0
5609 2
5610 2
5611 1
5612 2
5613 2
5614 1
5615 1
5616 0
5617 0
5618 2
5619 2
5620 1
5621 0
5622 0
5623 0
5624 0
5625 0
5626 0
5627 1
5628 2
5629 0
5630 1
5631 0
5632 0
5633 2
5634 1
5635 1
5636 0
5637 0
5638 2
5639 1
5640 0
5641 0
5642 2
5643 0
5644 2
5645 0
5646 0
5647 2
5648 0
5649 1
5650 0
5651 1
5652 1
5653 1
5654 0
5655 0
5656 1
5657 1
5658 1
5659 0
5660 0
5661 0
5662 2
5663 1
5664 2
5665 0
5666 2
5667 2
5668 2
5669 2
5670 0
5671 0
5672 0
5673 2
5674 2
5675 0
5676 0
5677 0
5678 2
5679 1
5680 1
5681 0
5682 0
5683 0
5684 0
5685 0
5686 0
5687 1
5688 2
5689 0
5690 1
5691 0
5692 1
5693 0
5694 0
5695 0
5696 2
5697 0
5698 2
5699 2
5700 2
5701 2
5702 0
5703 0
5704 0
5705 1
5706 0
5707 1
5708 0
5709 0
5710 0
5711 0
5712 0
5713 2
5714 0
5715 2
5716 1
5717 2
5718 0
5719 0
5720 0
5721 0
5722 2
5723 1
5724 0
5725 1
5726 0
5727 1
5728 0
5729 2
5730 0
5731 0
5732 0
5733 0
5734 2
5735 2
5736 2
5737 0
5738 0
5739 0
5740 0
5741 2
5742 0
5743 0
5744 1
5745 0
5746 2
5747 0
5748 0
5749 0
5750 1
5751 1
5752 0
5753 0
5754 1
5755 2
5756 2
5757 0
5758 1
5759 0
5760 2
5761 0
5762 1
5763 2
5764 1
5765 2
5766 0
5767 1
5768 0
5769 1
5770 0
5771 2
5772 0
5773 0
5774 1
5775 0
5776 2
5777 2
5778 0
5779 1
5780 0
5781 2
5782 0
5783 0
5784 2
5785 0
5786 0
5787 0
5788 1
5789 0
5790 2
5791 2
5792 0
5793 0
5794 0
5795 2
5796 0
5797 2
5798 1
5799 2
5800 0
5801 2
5802 0
5803 2
5804 0
5805 2
5806 0
5807 0
5808 2
5809 0
5810 1
5811 0
5812 0
5813 0
5814 2
5815 1
5816 1
5817 2
5818 1
5819 1
5820 1
5821 1
5822 1
5823 0
5824 0
5825 0
5826 2
5827 2
5828 2
5829 2
5830 2
5831 1
5832 1
5833 1
5834 2
5835 1
5836 2
5837 2
5838 1
5839 2
5840 2
5841 0
5842 0
5843 2
5844 1
5845 1
5846 0
5847 0
5848 0
5849 2
5850 1
5851 0
5852 0
5853 0
5854 1
5855 0
5856 0
5857 0
5858 2
5859 0
5860 0
5861 0
5862 0
5863 0
5864 0
5865 0
5866 0
5867 1
5868 1
5869 1
5870 1
5871 0
5872 1
5873 0
5874 0
5875 2
5876 0
5877 0
5878 0
5879 0
5880 2
5881 0
5882 0
5883 0
5884 1
5885 0
5886 2
5887 0
5888 0
5889 2
5890 0
5891 0
5892 1
5893 2
5894 0
5895 1
5896 1
5897 0
5898 0
5899 1
5900 1
5901 1
5902 1
5903 1
5904 1
5905 0
5906 0
5907 0
5908 2
5909 0
5910 0
5911 1
5912 1
5913 2
5914 0
5915 1
5916 2
5917 1
5918 1
5919 1
5920 0
5921 0
5922 0
5923 0
5924 0
5925 2
5926 0
5927 0
5928 1
5929 1
5930 1
5931 0
5932 1
5933 0
5934 0
5935 0
5936 0
5937 0
5938 0
5939 2
5940 0
5941 0
5942 0
5943 0
5944 0
5945 0
5946 1
5947 0
5948 1
5949 1
5950 0
5951 1
5952 1
5953 1
5954 0
5955 0
5956 2
5957 0
5958 0
5959 2
5960 0
5961 0
5962 0
5963 0
5964 0
5965 1
5966 0
5967 2
5968 0
5969 0
5970 0
5971 0
5972 1
5973 0
5974 0
5975 2
5976 0
5977 0
5978 0
5979 0
5980 2
5981 2
5982 2
5983 0
5984 0
5985 2
5986 0
5987 2
5988 0
5989 0
5990 0
5991 0
5992 1
5993 0
5994 0
5995 2
5996 2
5997 2
5998 0
5999 2
6000 2
6001 0
6002 2
6003 2
6004 1
6005 2
6006 0
6007 1
6008 1
6009 0
6010 2
6011 0
6012 0
6013 0
6014 2
6015 2
6016 0
6017 2
6018 2
6019 2
6020 1
6021 1
6022 1
6023 1
6024 2
6025 2
6026 2
6027 0
6028 0
6029 0
6030 1
6031 2
6032 0
6033 0
6034 2
6035 0
6036 2
6037 0
6038 0
6039 0
6040 2
6041 0
6042 2
6043 0
6044 0
6045 1
6046 0
6047 0
6048 1
6049 0
6050 2
6051 0
6052 1
6053 0
6054 1
6055 0
6056 1
6057 0
6058 0
6059 0
6060 2
6061 0
6062 2
6063 0
6064 1
6065 0
6066 2
6067 2
6068 2
6069 1
6070 1
6071 2
6072 1
6073 2
6074 0
6075 0
6076 1
6077 2
6078 2
6079 2
6080 2
6081 0
6082 2
6083 0
6084 2
6085 0
6086 0
6087 2
6088 1
6089 0
6090 0
6091 0
6092 0
6093 0
6094 0
6095 1
6096 0
6097 1
6098 0
6099 2
6100 2
6101 0
6102 0
6103 2
6104 0
6105 1
6106 2
6107 2
6108 2
6109 1
6110 0
6111 1
6112 1
6113 2
6114 1
6115 1
6116 0
6117 0
6118 1
6119 2
6120 2
6121 2
6122 0
6123 2
6124 0
6125 1
6126 0
6127 0
6128 0
6129 0
6130 2
6131 0
6132 0
6133 2
6134 0
6135 2
6136 1
6137 1
6138 0
6139 1
6140 0
6141 2
6142 0
6143 0
6144 0
6145 0
6146 0
6147 2
6148 1
6149 0
6150 0
6151 0
6152 0
6153 2
6154 2
6155 0
6156 2
6157 0
6158 0
6159 1
6160 0
6161 0
6162 0
6163 1
6164 2
6165 2
6166 0
6167 0
6168 0
6169 2
6170 1
6171 2
6172 1
6173 0
6174 0
6175 0
6176 2
6177 2
6178 1
6179 0
6180 2
6181 1
6182 0
6183 1
6184 2
6185 2
6186 1
6187 2
6188 1
6189 0
6190 2
6191 2
6192 2
6193 1
6194 0
6195 2
6196 0
6197 0
6198 2
6199 1
6200 0
6201 0
6202 2
6203 0
6204 0
6205 0
6206 2
6207 0
6208 2
6209 2
6210 2
6211 0
6212 1
6213 0
6214 0
6215 0
6216 1
6217 2
6218 1
6219 0
6220 1
6221 1
6222 0
6223 0
6224 1
6225 1
6226 0
6227 1
6228 1
6229 0
6230 0
6231 2
6232 2
6233 2
6234 0
6235 2
6236 1
6237 0
6238 0
6239 2
6240 2
6241 0
6242 2
6243 0
6244 0
6245 0
6246 1
6247 1
6248 0
6249 0
6250 2
6251 1
6252 0
6253 1
6254 0
6255 0
6256 0
6257 0
6258 1
6259 2
6260 0
6261 0
6262 1
6263 0
6264 0
6265 1
6266 2
6267 1
6268 0
6269 0
6270 0
6271 1
6272 0
6273 0
6274 0
6275 0
6276 0
6277 1
6278 2
6279 1
6280 1
6281 2
6282 1
6283 0
6284 2
6285 0
6286 0
6287 1
6288 0
6289 0
6290 0
6291 2
6292 2
6293 0
6294 0
6295 2
6296 0
6297 0
6298 0
6299 0
6300 0
6301 2
6302 0
6303 0
6304 0
6305 0
6306 1
6307 2
6308 0
6309 0
6310 2
6311 0
6312 2
6313 0
6314 0
6315 0
6316 0
6317 0
6318 0
6319 2
6320 0
6321 0
6322 2
6323 2
6324 0
6325 1
6326 2
6327 1
6328 2
6329 2
6330 1
6331 1
6332 0
6333 2
6334 1
6335 1
6336 1
6337 1
6338 0
6339 0
6340 0
6341 0
6342 1
6343 1
6344 1
6345 0
6346 0
6347 0
6348 0
6349 0
6350 1
6351 0
6352 0
6353 0
6354 2
6355 0
6356 0
6357 0
6358 0
6359 0
6360 1
6361 0
6362 0
6363 1
6364 1
6365 2
6366 2
6367 0
6368 0
6369 0
6370 0
6371 0
6372 0
6373 0
6374 0
6375 0
6376 1
6377 0
6378 0
6379 0
6380 1
6381 0
6382 0
6383 1
6384 1
6385 0
6386 0
6387 0
6388 0
6389 0
6390 1
6391 1
6392 0
6393 0
6394 1
6395 2
6396 0
6397 0
6398 1
6399 0
6400 2
6401 0
6402 1
6403 0
6404 0
6405 2
6406 2
6407 0
6408 2
6409 0
6410 1
6411 0
6412 2
6413 0
6414 0
6415 0
6416 0
6417 0
6418 0
6419 0
6420 0
6421 0
6422 0
6423 0
6424 0
6425 1
6426 0
6427 0
6428 0
6429 0
6430 2
6431 0
6432 2
6433 0
6434 0
6435 0
6436 0
6437 0
6438 0
6439 1
6440 2
6441 1
6442 2
6443 2
6444 2
6445 1
6446 2
6447 1
6448 2
6449 2
6450 2
6451 2
6452 0
6453 2
6454 0
6455 1
6456 0
6457 0
6458 0
6459 0
6460 0
6461 0
6462 0
6463 1
6464 0
6465 1
6466 1
6467 0
6468 1
6469 2
6470 1
6471 2
6472 0
6473 0
6474 0
6475 0
6476 0
6477 0
6478 1
6479 0
6480 0
6481 0
6482 1
6483 2
6484 0
6485 1
6486 0
6487 0
6488 0
6489 0
6490 0
6491 0
6492 1
6493 0
6494 2
6495 2
6496 2
6497 0
6498 1
6499 1
6500 2
6501 1
6502 0
6503 1
6504 1
6505 0
6506 0
6507 1
6508 1
6509 1
6510 1
6511 0
6512 0
6513 0
6514 1
6515 1
6516 1
6517 1
6518 0
6519 0
6520 0
6521 0
6522 0
6523 2
6524 0
6525 0
6526 0
6527 0
6528 0
6529 1
6530 1
6531 1
6532 1
6533 1
6534 0
6535 1
6536 0
6537 0
6538 2
6539 2
6540 2
6541 0
6542 1
6543 0
6544 0
6545 1
6546 0
6547 0
6548 0
6549 0
6550 1
6551 2
6552 1
6553 0
6554 0
6555 2
6556 0
6557 1
6558 1
6559 0
6560 1
6561 0
6562 0
6563 0
6564 0
6565 0
6566 0
6567 0
6568 0
6569 1
6570 2
6571 2
6572 0
6573 0
6574 0
6575 0
6576 0
6577 1
6578 0
6579 0
6580 0
6581 0
6582 0
6583 0
6584 0
6585 2
6586 0
6587 0
6588 0
6589 1
6590 1
6591 1
6592 1
6593 0
6594 0
6595 2
6596 0
6597 0
6598 0
network of communities computed : Thu Jan  7 08:41:36 2010

network : 3 nodes, 9 links, 611842016 weight.
pass number 1 of -1 : 0.122523 0.122523
communities computed : Thu Jan  7 08:41:36 2010
modularity increased from 0.122523 to 0.122523
0 0
1 1
2 2
network of communities computed : Thu Jan  7 08:41:36 2010
1e-06 0.122523 63
