Sender: LSF System <lsfadmin@bc01-n08>
Subject: Job 429294: <comm_blk38> Done

Job <comm_blk38> was submitted from host <bc10-n13> by user <jabloche> in cluster <lucky>.
Job was executed on host(s) <bc01-n08>, in queue <week>, as user <jabloche> in cluster <lucky>.
</afs/isis.unc.edu/home/j/a/jabloche> was used as the home directory.
</netscr/jabloche/FirmNetworks/cLouvain> was used as the working directory.
Started at Thu Jan  7 08:40:17 2010
Results reported at Thu Jan  7 08:42:31 2010

Your job looked like:

------------------------------------------------------------
# LSBATCH: User input
/netscr/jabloche/FirmNetworks/cLouvain/community /smallfs/jabloche/fn_edge/el_blk38.bin -l -1 -w
------------------------------------------------------------

Successfully completed.

Resource usage summary:

    CPU time   :     56.01 sec.
    Max Memory :       121 MB
    Max Swap   :       269 MB

    Max Processes  :         4
    Max Threads    :         4

The output (if any) follows:

Your home directory for this job is /netscr/jabloche
start : Thu Jan  7 08:40:17 2010
total : 7505068
file read : Thu Jan  7 08:41:35 2010
network : 7509 nodes, 7505068 links, 70708812 weight.
pass number 1 of -1 : 0.104344 -0.000301188
pass number 2 of -1 : 0.118727 0.104344
pass number 3 of -1 : 0.119957 0.118727
pass number 4 of -1 : 0.120308 0.119957
pass number 5 of -1 : 0.120444 0.120308
pass number 6 of -1 : 0.12051 0.120444
pass number 7 of -1 : 0.120546 0.12051
pass number 8 of -1 : 0.120568 0.120546
pass number 9 of -1 : 0.120602 0.120568
pass number 10 of -1 : 0.120644 0.120602
pass number 11 of -1 : 0.120727 0.120644
pass number 12 of -1 : 0.12084 0.120727
pass number 13 of -1 : 0.120982 0.12084
pass number 14 of -1 : 0.121108 0.120982
pass number 15 of -1 : 0.121266 0.121108
pass number 16 of -1 : 0.12147 0.121266
pass number 17 of -1 : 0.122183 0.12147
pass number 18 of -1 : 0.123299 0.122183
pass number 19 of -1 : 0.123473 0.123299
pass number 20 of -1 : 0.123478 0.123473
pass number 21 of -1 : 0.123479 0.123478
pass number 22 of -1 : 0.12348 0.123479
communities computed : Thu Jan  7 08:42:31 2010
modularity increased from -0.000301188 to 0.12348
0 0
1 2
2 3
3 0
4 3
5 0
6 0
7 0
8 0
9 1
10 3
11 0
12 0
13 0
14 0
15 0
16 0
17 0
18 0
19 0
20 0
21 3
22 0
23 1
24 0
25 0
26 0
27 0
28 0
29 0
30 3
31 0
32 3
33 0
34 0
35 0
36 0
37 2
38 1
39 0
40 3
41 0
42 0
43 0
44 0
45 0
46 0
47 0
48 0
49 3
50 3
51 3
52 0
53 0
54 0
55 0
56 0
57 3
58 3
59 3
60 0
61 3
62 0
63 0
64 0
65 0
66 3
67 0
68 3
69 3
70 0
71 0
72 0
73 0
74 0
75 0
76 1
77 3
78 3
79 3
80 0
81 0
82 0
83 1
84 0
85 0
86 0
87 0
88 0
89 0
90 0
91 0
92 0
93 0
94 2
95 3
96 2
97 3
98 2
99 2
100 2
101 2
102 3
103 2
104 1
105 2
106 2
107 2
108 2
109 2
110 2
111 3
112 2
113 2
114 1
115 2
116 2
117 2
118 2
119 1
120 2
121 2
122 2
123 3
124 2
125 2
126 2
127 3
128 3
129 1
130 2
131 0
132 0
133 0
134 1
135 1
136 3
137 0
138 3
139 1
140 1
141 1
142 0
143 1
144 1
145 2
146 1
147 0
148 3
149 0
150 1
151 0
152 0
153 0
154 0
155 0
156 0
157 1
158 3
159 1
160 0
161 1
162 1
163 1
164 0
165 1
166 1
167 1
168 1
169 1
170 1
171 1
172 3
173 1
174 1
175 1
176 1
177 1
178 1
179 0
180 4
181 0
182 1
183 0
184 1
185 1
186 1
187 0
188 1
189 0
190 2
191 1
192 3
193 1
194 1
195 1
196 1
197 0
198 0
199 2
200 0
201 0
202 2
203 2
204 2
205 1
206 3
207 1
208 1
209 1
210 0
211 1
212 2
213 1
214 3
215 2
216 2
217 0
218 0
219 0
220 2
221 1
222 0
223 2
224 3
225 2
226 1
227 2
228 3
229 0
230 3
231 3
232 1
233 3
234 1
235 0
236 1
237 2
238 3
239 1
240 0
241 0
242 3
243 3
244 2
245 3
246 1
247 2
248 3
249 0
250 0
251 1
252 0
253 2
254 2
255 3
256 1
257 0
258 2
259 2
260 2
261 3
262 2
263 2
264 0
265 1
266 1
267 1
268 2
269 3
270 2
271 3
272 1
273 2
274 3
275 2
276 0
277 2
278 2
279 1
280 0
281 0
282 3
283 0
284 0
285 3
286 0
287 3
288 1
289 2
290 2
291 0
292 0
293 1
294 3
295 0
296 3
297 2
298 0
299 3
300 1
301 3
302 2
303 2
304 3
305 1
306 2
307 0
308 2
309 2
310 0
311 1
312 0
313 1
314 2
315 1
316 2
317 0
318 0
319 2
320 2
321 1
322 0
323 1
324 1
325 2
326 2
327 1
328 2
329 1
330 0
331 2
332 0
333 3
334 0
335 3
336 2
337 2
338 2
339 1
340 2
341 2
342 2
343 2
344 2
345 0
346 2
347 0
348 1
349 1
350 1
351 0
352 0
353 3
354 2
355 0
356 1
357 3
358 0
359 1
360 2
361 3
362 3
363 1
364 3
365 1
366 0
367 2
368 3
369 1
370 1
371 1
372 1
373 0
374 0
375 2
376 1
377 1
378 1
379 3
380 2
381 2
382 1
383 1
384 0
385 1
386 1
387 2
388 3
389 1
390 3
391 0
392 1
393 0
394 2
395 2
396 1
397 1
398 2
399 2
400 2
401 2
402 3
403 1
404 3
405 1
406 1
407 2
408 2
409 1
410 1
411 1
412 2
413 2
414 1
415 2
416 3
417 1
418 1
419 2
420 1
421 1
422 1
423 3
424 2
425 2
426 1
427 1
428 1
429 1
430 3
431 3
432 1
433 2
434 1
435 2
436 3
437 1
438 2
439 1
440 0
441 1
442 1
443 0
444 1
445 0
446 3
447 1
448 1
449 1
450 1
451 2
452 1
453 1
454 1
455 0
456 3
457 2
458 1
459 1
460 1
461 3
462 2
463 2
464 1
465 3
466 2
467 2
468 2
469 1
470 1
471 2
472 3
473 3
474 1
475 3
476 1
477 1
478 1
479 0
480 3
481 2
482 2
483 3
484 2
485 1
486 1
487 1
488 1
489 3
490 1
491 1
492 1
493 1
494 1
495 1
496 3
497 1
498 1
499 0
500 1
501 3
502 0
503 2
504 2
505 3
506 2
507 2
508 1
509 2
510 1
511 2
512 2
513 2
514 2
515 2
516 2
517 2
518 2
519 2
520 2
521 2
522 2
523 2
524 2
525 3
526 2
527 3
528 2
529 2
530 2
531 3
532 2
533 2
534 2
535 2
536 2
537 2
538 2
539 2
540 2
541 2
542 2
543 2
544 3
545 3
546 2
547 2
548 2
549 2
550 2
551 2
552 2
553 2
554 0
555 2
556 2
557 1
558 2
559 2
560 2
561 3
562 2
563 2
564 2
565 2
566 2
567 2
568 2
569 2
570 0
571 2
572 2
573 2
574 2
575 2
576 3
577 2
578 2
579 2
580 2
581 2
582 3
583 2
584 2
585 2
586 3
587 2
588 2
589 3
590 2
591 2
592 2
593 2
594 2
595 2
596 2
597 2
598 2
599 2
600 2
601 2
602 2
603 2
604 2
605 2
606 2
607 2
608 2
609 2
610 2
611 2
612 2
613 2
614 2
615 0
616 2
617 0
618 2
619 7
620 2
621 2
622 2
623 2
624 2
625 2
626 2
627 2
628 2
629 2
630 2
631 2
632 2
633 3
634 2
635 2
636 2
637 3
638 2
639 2
640 0
641 0
642 0
643 3
644 0
645 0
646 0
647 0
648 0
649 0
650 1
651 0
652 0
653 0
654 0
655 0
656 0
657 0
658 0
659 0
660 0
661 0
662 3
663 0
664 0
665 2
666 0
667 0
668 2
669 0
670 0
671 0
672 0
673 0
674 0
675 0
676 0
677 0
678 0
679 0
680 0
681 1
682 0
683 1
684 0
685 0
686 0
687 0
688 0
689 0
690 0
691 0
692 0
693 0
694 2
695 0
696 0
697 0
698 0
699 2
700 0
701 0
702 0
703 1
704 0
705 0
706 0
707 0
708 0
709 0
710 0
711 0
712 0
713 0
714 0
715 1
716 0
717 1
718 0
719 0
720 0
721 1
722 0
723 0
724 0
725 0
726 0
727 3
728 0
729 0
730 0
731 0
732 0
733 0
734 0
735 0
736 0
737 0
738 0
739 0
740 0
741 0
742 0
743 0
744 0
745 0
746 0
747 0
748 0
749 0
750 0
751 0
752 0
753 0
754 0
755 0
756 0
757 0
758 0
759 0
760 0
761 0
762 0
763 0
764 0
765 0
766 0
767 0
768 0
769 0
770 0
771 1
772 0
773 1
774 0
775 0
776 0
777 0
778 0
779 0
780 0
781 0
782 0
783 0
784 0
785 0
786 0
787 0
788 0
789 0
790 0
791 0
792 0
793 0
794 0
795 0
796 0
797 0
798 0
799 0
800 0
801 0
802 0
803 0
804 0
805 3
806 0
807 0
808 3
809 1
810 0
811 0
812 0
813 0
814 0
815 0
816 0
817 0
818 0
819 0
820 0
821 0
822 0
823 0
824 0
825 0
826 0
827 0
828 0
829 0
830 0
831 0
832 0
833 0
834 0
835 1
836 0
837 0
838 0
839 0
840 0
841 0
842 0
843 0
844 0
845 0
846 0
847 0
848 0
849 0
850 3
851 3
852 0
853 0
854 0
855 0
856 0
857 0
858 3
859 3
860 3
861 3
862 3
863 3
864 3
865 3
866 3
867 3
868 3
869 3
870 3
871 3
872 3
873 3
874 3
875 3
876 3
877 3
878 0
879 0
880 0
881 0
882 0
883 2
884 0
885 0
886 0
887 0
888 0
889 0
890 0
891 1
892 0
893 0
894 0
895 0
896 1
897 0
898 0
899 0
900 0
901 0
902 0
903 0
904 0
905 0
906 1
907 0
908 0
909 0
910 0
911 0
912 0
913 0
914 3
915 0
916 0
917 0
918 0
919 1
920 0
921 0
922 0
923 0
924 0
925 0
926 0
927 0
928 0
929 0
930 1
931 0
932 0
933 1
934 0
935 0
936 0
937 0
938 0
939 0
940 0
941 0
942 0
943 0
944 0
945 0
946 0
947 0
948 0
949 0
950 3
951 0
952 0
953 0
954 0
955 0
956 0
957 0
958 0
959 0
960 0
961 0
962 0
963 0
964 0
965 0
966 0
967 0
968 0
969 0
970 0
971 0
972 0
973 0
974 0
975 0
976 0
977 0
978 0
979 0
980 0
981 0
982 0
983 1
984 0
985 0
986 3
987 0
988 0
989 0
990 0
991 0
992 0
993 1
994 1
995 0
996 0
997 0
998 0
999 0
1000 0
1001 0
1002 0
1003 0
1004 0
1005 0
1006 0
1007 0
1008 0
1009 0
1010 3
1011 0
1012 3
1013 0
1014 0
1015 0
1016 0
1017 0
1018 0
1019 0
1020 0
1021 0
1022 0
1023 0
1024 0
1025 0
1026 1
1027 0
1028 0
1029 0
1030 3
1031 3
1032 3
1033 3
1034 3
1035 0
1036 0
1037 0
1038 3
1039 0
1040 0
1041 0
1042 0
1043 1
1044 0
1045 0
1046 0
1047 0
1048 0
1049 0
1050 0
1051 3
1052 0
1053 0
1054 3
1055 0
1056 0
1057 3
1058 0
1059 0
1060 1
1061 0
1062 0
1063 0
1064 0
1065 0
1066 3
1067 0
1068 0
1069 3
1070 0
1071 0
1072 0
1073 0
1074 0
1075 0
1076 0
1077 0
1078 3
1079 0
1080 0
1081 0
1082 0
1083 0
1084 0
1085 0
1086 0
1087 0
1088 0
1089 0
1090 3
1091 0
1092 0
1093 0
1094 1
1095 0
1096 0
1097 1
1098 0
1099 0
1100 0
1101 0
1102 0
1103 0
1104 0
1105 0
1106 0
1107 1
1108 0
1109 0
1110 0
1111 0
1112 0
1113 0
1114 0
1115 0
1116 3
1117 0
1118 0
1119 0
1120 0
1121 0
1122 0
1123 0
1124 0
1125 2
1126 1
1127 2
1128 1
1129 0
1130 1
1131 3
1132 1
1133 2
1134 1
1135 1
1136 1
1137 2
1138 2
1139 3
1140 3
1141 2
1142 0
1143 2
1144 3
1145 0
1146 0
1147 0
1148 1
1149 3
1150 0
1151 0
1152 0
1153 1
1154 0
1155 0
1156 0
1157 0
1158 2
1159 0
1160 3
1161 1
1162 2
1163 1
1164 0
1165 1
1166 1
1167 3
1168 2
1169 1
1170 1
1171 0
1172 0
1173 3
1174 0
1175 0
1176 1
1177 2
1178 1
1179 0
1180 1
1181 0
1182 2
1183 1
1184 2
1185 3
1186 2
1187 0
1188 0
1189 0
1190 1
1191 1
1192 0
1193 0
1194 1
1195 1
1196 0
1197 2
1198 1
1199 3
1200 3
1201 2
1202 2
1203 2
1204 3
1205 1
1206 2
1207 1
1208 2
1209 1
1210 1
1211 1
1212 3
1213 1
1214 1
1215 3
1216 2
1217 1
1218 1
1219 1
1220 1
1221 2
1222 1
1223 3
1224 3
1225 1
1226 1
1227 1
1228 1
1229 1
1230 1
1231 2
1232 1
1233 1
1234 0
1235 3
1236 1
1237 1
1238 1
1239 1
1240 1
1241 1
1242 1
1243 1
1244 3
1245 3
1246 3
1247 2
1248 1
1249 3
1250 1
1251 3
1252 1
1253 0
1254 2
1255 1
1256 1
1257 1
1258 1
1259 1
1260 2
1261 1
1262 0
1263 3
1264 2
1265 3
1266 3
1267 3
1268 1
1269 1
1270 1
1271 3
1272 1
1273 1
1274 2
1275 1
1276 1
1277 1
1278 1
1279 1
1280 1
1281 3
1282 3
1283 0
1284 0
1285 1
1286 3
1287 1
1288 1
1289 3
1290 1
1291 0
1292 1
1293 0
1294 1
1295 1
1296 1
1297 1
1298 1
1299 3
1300 1
1301 1
1302 1
1303 1
1304 1
1305 1
1306 2
1307 1
1308 1
1309 1
1310 1
1311 1
1312 1
1313 0
1314 1
1315 1
1316 1
1317 1
1318 1
1319 1
1320 1
1321 3
1322 2
1323 1
1324 3
1325 1
1326 3
1327 1
1328 1
1329 1
1330 1
1331 1
1332 1
1333 1
1334 2
1335 1
1336 2
1337 1
1338 3
1339 1
1340 2
1341 3
1342 2
1343 3
1344 1
1345 1
1346 1
1347 3
1348 0
1349 1
1350 2
1351 3
1352 2
1353 3
1354 3
1355 3
1356 1
1357 1
1358 1
1359 1
1360 1
1361 1
1362 3
1363 3
1364 1
1365 1
1366 1
1367 1
1368 1
1369 3
1370 2
1371 1
1372 3
1373 0
1374 1
1375 1
1376 2
1377 1
1378 3
1379 3
1380 1
1381 3
1382 3
1383 1
1384 1
1385 2
1386 3
1387 1
1388 1
1389 3
1390 2
1391 3
1392 3
1393 1
1394 1
1395 3
1396 1
1397 3
1398 1
1399 1
1400 1
1401 3
1402 2
1403 2
1404 1
1405 1
1406 1
1407 3
1408 3
1409 1
1410 2
1411 3
1412 2
1413 1
1414 2
1415 1
1416 3
1417 3
1418 1
1419 0
1420 2
1421 3
1422 1
1423 1
1424 1
1425 3
1426 2
1427 1
1428 1
1429 1
1430 1
1431 2
1432 1
1433 1
1434 1
1435 3
1436 2
1437 3
1438 2
1439 0
1440 1
1441 2
1442 1
1443 1
1444 1
1445 1
1446 3
1447 2
1448 3
1449 3
1450 3
1451 1
1452 1
1453 0
1454 2
1455 2
1456 3
1457 3
1458 1
1459 1
1460 3
1461 1
1462 1
1463 1
1464 1
1465 3
1466 2
1467 3
1468 3
1469 1
1470 1
1471 2
1472 1
1473 3
1474 1
1475 1
1476 1
1477 1
1478 1
1479 2
1480 1
1481 3
1482 3
1483 3
1484 1
1485 2
1486 0
1487 1
1488 1
1489 1
1490 1
1491 1
1492 1
1493 1
1494 2
1495 3
1496 1
1497 2
1498 3
1499 1
1500 1
1501 1
1502 1
1503 1
1504 1
1505 1
1506 1
1507 2
1508 2
1509 1
1510 1
1511 2
1512 2
1513 1
1514 3
1515 2
1516 1
1517 3
1518 2
1519 0
1520 2
1521 1
1522 3
1523 0
1524 2
1525 1
1526 2
1527 1
1528 2
1529 0
1530 2
1531 3
1532 3
1533 2
1534 2
1535 2
1536 1
1537 2
1538 2
1539 2
1540 1
1541 2
1542 1
1543 1
1544 0
1545 1
1546 2
1547 1
1548 1
1549 1
1550 1
1551 1
1552 3
1553 3
1554 0
1555 1
1556 2
1557 3
1558 3
1559 3
1560 1
1561 0
1562 0
1563 1
1564 1
1565 2
1566 1
1567 1
1568 1
1569 3
1570 1
1571 1
1572 1
1573 3
1574 2
1575 1
1576 1
1577 1
1578 2
1579 1
1580 3
1581 3
1582 2
1583 1
1584 2
1585 1
1586 1
1587 1
1588 1
1589 1
1590 2
1591 3
1592 3
1593 1
1594 1
1595 1
1596 1
1597 1
1598 1
1599 1
1600 0
1601 1
1602 2
1603 1
1604 2
1605 2
1606 2
1607 1
1608 2
1609 1
1610 1
1611 2
1612 1
1613 1
1614 1
1615 3
1616 1
1617 2
1618 2
1619 2
1620 2
1621 1
1622 2
1623 1
1624 2
1625 2
1626 1
1627 3
1628 1
1629 1
1630 1
1631 3
1632 3
1633 1
1634 1
1635 1
1636 1
1637 0
1638 1
1639 3
1640 0
1641 1
1642 2
1643 1
1644 1
1645 1
1646 3
1647 1
1648 1
1649 1
1650 1
1651 1
1652 3
1653 1
1654 3
1655 2
1656 1
1657 1
1658 1
1659 1
1660 2
1661 1
1662 0
1663 1
1664 1
1665 1
1666 0
1667 1
1668 1
1669 2
1670 1
1671 2
1672 1
1673 0
1674 1
1675 1
1676 2
1677 3
1678 2
1679 1
1680 3
1681 3
1682 1
1683 3
1684 1
1685 1
1686 1
1687 2
1688 1
1689 1
1690 3
1691 0
1692 1
1693 3
1694 2
1695 3
1696 3
1697 3
1698 1
1699 1
1700 2
1701 3
1702 1
1703 1
1704 3
1705 3
1706 3
1707 2
1708 3
1709 3
1710 0
1711 3
1712 1
1713 1
1714 2
1715 1
1716 0
1717 1
1718 0
1719 3
1720 1
1721 1
1722 3
1723 2
1724 2
1725 1
1726 2
1727 2
1728 3
1729 2
1730 2
1731 1
1732 3
1733 3
1734 2
1735 1
1736 3
1737 2
1738 2
1739 2
1740 2
1741 1
1742 2
1743 2
1744 1
1745 2
1746 1
1747 2
1748 2
1749 2
1750 2
1751 1
1752 3
1753 2
1754 1
1755 2
1756 2
1757 1
1758 2
1759 3
1760 2
1761 2
1762 1
1763 2
1764 2
1765 2
1766 0
1767 2
1768 1
1769 1
1770 2
1771 2
1772 3
1773 3
1774 0
1775 2
1776 2
1777 2
1778 1
1779 2
1780 2
1781 2
1782 3
1783 2
1784 2
1785 2
1786 3
1787 1
1788 3
1789 2
1790 2
1791 2
1792 2
1793 1
1794 2
1795 0
1796 3
1797 2
1798 3
1799 2
1800 2
1801 3
1802 1
1803 2
1804 2
1805 2
1806 2
1807 1
1808 3
1809 2
1810 1
1811 1
1812 2
1813 2
1814 2
1815 1
1816 0
1817 2
1818 3
1819 2
1820 3
1821 2
1822 2
1823 1
1824 2
1825 2
1826 3
1827 2
1828 2
1829 1
1830 3
1831 2
1832 3
1833 1
1834 3
1835 2
1836 2
1837 2
1838 2
1839 3
1840 2
1841 3
1842 2
1843 3
1844 2
1845 1
1846 2
1847 1
1848 2
1849 2
1850 2
1851 2
1852 2
1853 2
1854 3
1855 2
1856 3
1857 3
1858 1
1859 2
1860 3
1861 3
1862 2
1863 3
1864 3
1865 2
1866 2
1867 3
1868 2
1869 1
1870 2
1871 2
1872 2
1873 1
1874 1
1875 1
1876 0
1877 2
1878 2
1879 3
1880 1
1881 1
1882 3
1883 1
1884 1
1885 1
1886 1
1887 1
1888 3
1889 3
1890 2
1891 3
1892 1
1893 2
1894 3
1895 1
1896 1
1897 2
1898 1
1899 3
1900 3
1901 3
1902 3
1903 3
1904 1
1905 2
1906 3
1907 2
1908 3
1909 3
1910 1
1911 0
1912 0
1913 3
1914 3
1915 2
1916 3
1917 2
1918 3
1919 2
1920 1
1921 1
1922 3
1923 3
1924 1
1925 2
1926 3
1927 0
1928 0
1929 3
1930 3
1931 3
1932 1
1933 2
1934 3
1935 0
1936 1
1937 3
1938 1
1939 3
1940 1
1941 2
1942 3
1943 3
1944 3
1945 1
1946 1
1947 2
1948 3
1949 1
1950 1
1951 2
1952 3
1953 3
1954 3
1955 3
1956 3
1957 3
1958 3
1959 3
1960 3
1961 3
1962 1
1963 3
1964 2
1965 1
1966 2
1967 3
1968 2
1969 2
1970 3
1971 3
1972 2
1973 1
1974 3
1975 3
1976 3
1977 2
1978 3
1979 3
1980 0
1981 3
1982 2
1983 3
1984 0
1985 1
1986 2
1987 1
1988 1
1989 3
1990 1
1991 3
1992 3
1993 3
1994 3
1995 3
1996 3
1997 3
1998 2
1999 0
2000 3
2001 1
2002 3
2003 3
2004 3
2005 3
2006 2
2007 3
2008 3
2009 1
2010 3
2011 3
2012 3
2013 3
2014 3
2015 1
2016 3
2017 1
2018 3
2019 3
2020 2
2021 3
2022 3
2023 2
2024 1
2025 0
2026 3
2027 3
2028 1
2029 1
2030 3
2031 1
2032 3
2033 3
2034 2
2035 3
2036 1
2037 1
2038 2
2039 1
2040 2
2041 1
2042 0
2043 1
2044 1
2045 3
2046 1
2047 1
2048 1
2049 3
2050 1
2051 2
2052 2
2053 1
2054 1
2055 0
2056 2
2057 1
2058 3
2059 2
2060 2
2061 1
2062 3
2063 1
2064 1
2065 1
2066 2
2067 1
2068 1
2069 2
2070 1
2071 2
2072 1
2073 1
2074 2
2075 3
2076 1
2077 1
2078 2
2079 3
2080 3
2081 3
2082 1
2083 0
2084 2
2085 1
2086 3
2087 1
2088 2
2089 3
2090 1
2091 3
2092 1
2093 1
2094 1
2095 3
2096 1
2097 3
2098 1
2099 1
2100 1
2101 1
2102 1
2103 1
2104 3
2105 1
2106 2
2107 3
2108 1
2109 2
2110 1
2111 1
2112 1
2113 1
2114 1
2115 1
2116 3
2117 1
2118 1
2119 2
2120 1
2121 3
2122 0
2123 1
2124 2
2125 2
2126 3
2127 2
2128 1
2129 1
2130 1
2131 2
2132 1
2133 1
2134 2
2135 1
2136 2
2137 3
2138 3
2139 2
2140 1
2141 1
2142 3
2143 1
2144 2
2145 3
2146 1
2147 1
2148 0
2149 1
2150 0
2151 1
2152 2
2153 2
2154 2
2155 1
2156 1
2157 1
2158 3
2159 3
2160 1
2161 1
2162 1
2163 3
2164 2
2165 3
2166 2
2167 3
2168 3
2169 1
2170 1
2171 1
2172 0
2173 3
2174 0
2175 2
2176 1
2177 1
2178 1
2179 1
2180 1
2181 1
2182 0
2183 1
2184 1
2185 1
2186 3
2187 2
2188 2
2189 1
2190 1
2191 3
2192 1
2193 1
2194 1
2195 2
2196 1
2197 2
2198 1
2199 2
2200 3
2201 3
2202 1
2203 3
2204 3
2205 3
2206 1
2207 1
2208 3
2209 1
2210 3
2211 2
2212 2
2213 2
2214 3
2215 3
2216 2
2217 1
2218 2
2219 2
2220 1
2221 0
2222 1
2223 1
2224 2
2225 3
2226 1
2227 3
2228 3
2229 1
2230 1
2231 2
2232 2
2233 1
2234 2
2235 2
2236 1
2237 1
2238 1
2239 3
2240 3
2241 1
2242 1
2243 1
2244 1
2245 2
2246 2
2247 2
2248 1
2249 2
2250 3
2251 3
2252 3
2253 3
2254 1
2255 2
2256 0
2257 3
2258 3
2259 2
2260 3
2261 3
2262 3
2263 1
2264 2
2265 1
2266 2
2267 0
2268 2
2269 1
2270 2
2271 1
2272 1
2273 3
2274 3
2275 1
2276 1
2277 1
2278 1
2279 3
2280 1
2281 3
2282 1
2283 1
2284 1
2285 1
2286 2
2287 3
2288 1
2289 1
2290 1
2291 1
2292 1
2293 1
2294 1
2295 2
2296 1
2297 1
2298 1
2299 1
2300 1
2301 1
2302 1
2303 1
2304 1
2305 1
2306 1
2307 1
2308 1
2309 2
2310 1
2311 1
2312 1
2313 2
2314 1
2315 1
2316 1
2317 1
2318 1
2319 1
2320 1
2321 1
2322 1
2323 1
2324 1
2325 1
2326 1
2327 1
2328 1
2329 2
2330 1
2331 1
2332 1
2333 1
2334 1
2335 1
2336 1
2337 1
2338 1
2339 1
2340 1
2341 1
2342 1
2343 1
2344 1
2345 2
2346 2
2347 1
2348 1
2349 0
2350 1
2351 1
2352 1
2353 1
2354 2
2355 1
2356 1
2357 1
2358 1
2359 1
2360 2
2361 1
2362 1
2363 1
2364 1
2365 1
2366 1
2367 1
2368 1
2369 1
2370 1
2371 2
2372 1
2373 1
2374 1
2375 1
2376 1
2377 1
2378 3
2379 1
2380 3
2381 1
2382 2
2383 2
2384 1
2385 1
2386 1
2387 1
2388 1
2389 1
2390 1
2391 1
2392 3
2393 1
2394 1
2395 2
2396 1
2397 1
2398 1
2399 2
2400 1
2401 1
2402 1
2403 1
2404 1
2405 2
2406 1
2407 1
2408 1
2409 1
2410 3
2411 1
2412 1
2413 1
2414 3
2415 1
2416 1
2417 1
2418 2
2419 1
2420 1
2421 1
2422 1
2423 1
2424 1
2425 1
2426 1
2427 1
2428 1
2429 1
2430 1
2431 1
2432 1
2433 1
2434 1
2435 1
2436 1
2437 1
2438 1
2439 1
2440 1
2441 1
2442 1
2443 1
2444 1
2445 1
2446 1
2447 1
2448 1
2449 0
2450 1
2451 1
2452 1
2453 3
2454 1
2455 1
2456 1
2457 1
2458 2
2459 1
2460 2
2461 3
2462 1
2463 1
2464 1
2465 1
2466 1
2467 1
2468 1
2469 1
2470 1
2471 2
2472 1
2473 1
2474 2
2475 1
2476 1
2477 1
2478 1
2479 1
2480 1
2481 1
2482 1
2483 2
2484 1
2485 1
2486 2
2487 1
2488 1
2489 1
2490 1
2491 2
2492 1
2493 2
2494 1
2495 1
2496 1
2497 1
2498 2
2499 2
2500 1
2501 1
2502 1
2503 1
2504 1
2505 2
2506 2
2507 1
2508 1
2509 1
2510 1
2511 1
2512 1
2513 1
2514 1
2515 1
2516 1
2517 1
2518 1
2519 1
2520 1
2521 1
2522 1
2523 1
2524 1
2525 2
2526 3
2527 3
2528 1
2529 1
2530 1
2531 1
2532 1
2533 1
2534 1
2535 1
2536 1
2537 3
2538 1
2539 1
2540 1
2541 1
2542 1
2543 1
2544 1
2545 1
2546 1
2547 3
2548 1
2549 1
2550 1
2551 1
2552 1
2553 1
2554 3
2555 2
2556 0
2557 1
2558 1
2559 1
2560 1
2561 1
2562 1
2563 3
2564 1
2565 1
2566 1
2567 1
2568 2
2569 1
2570 3
2571 1
2572 1
2573 1
2574 1
2575 1
2576 1
2577 1
2578 1
2579 1
2580 1
2581 2
2582 1
2583 1
2584 1
2585 1
2586 1
2587 1
2588 3
2589 1
2590 1
2591 1
2592 1
2593 1
2594 2
2595 1
2596 1
2597 1
2598 1
2599 3
2600 1
2601 1
2602 1
2603 1
2604 1
2605 1
2606 1
2607 1
2608 2
2609 1
2610 1
2611 1
2612 1
2613 1
2614 1
2615 1
2616 1
2617 1
2618 1
2619 3
2620 1
2621 1
2622 1
2623 1
2624 1
2625 1
2626 3
2627 1
2628 2
2629 1
2630 1
2631 1
2632 1
2633 1
2634 1
2635 1
2636 1
2637 1
2638 1
2639 1
2640 1
2641 1
2642 1
2643 3
2644 1
2645 1
2646 1
2647 1
2648 1
2649 2
2650 1
2651 1
2652 1
2653 1
2654 3
2655 1
2656 1
2657 2
2658 1
2659 1
2660 1
2661 1
2662 1
2663 1
2664 1
2665 1
2666 1
2667 1
2668 1
2669 2
2670 2
2671 1
2672 1
2673 0
2674 2
2675 2
2676 2
2677 2
2678 2
2679 2
2680 3
2681 2
2682 2
2683 2
2684 3
2685 0
2686 2
2687 2
2688 2
2689 3
2690 2
2691 3
2692 3
2693 1
2694 3
2695 2
2696 3
2697 2
2698 2
2699 2
2700 2
2701 1
2702 3
2703 3
2704 3
2705 3
2706 3
2707 3
2708 3
2709 3
2710 3
2711 3
2712 3
2713 3
2714 3
2715 3
2716 3
2717 3
2718 0
2719 0
2720 3
2721 3
2722 0
2723 3
2724 3
2725 3
2726 3
2727 3
2728 3
2729 3
2730 3
2731 3
2732 3
2733 3
2734 3
2735 3
2736 3
2737 3
2738 3
2739 2
2740 2
2741 2
2742 0
2743 2
2744 1
2745 1
2746 1
2747 1
2748 0
2749 2
2750 1
2751 2
2752 3
2753 2
2754 3
2755 0
2756 1
2757 1
2758 0
2759 1
2760 0
2761 1
2762 0
2763 1
2764 2
2765 1
2766 3
2767 0
2768 3
2769 2
2770 2
2771 3
2772 3
2773 1
2774 3
2775 3
2776 3
2777 2
2778 2
2779 3
2780 2
2781 2
2782 1
2783 1
2784 2
2785 3
2786 3
2787 2
2788 3
2789 3
2790 3
2791 2
2792 2
2793 3
2794 2
2795 2
2796 3
2797 2
2798 2
2799 2
2800 2
2801 2
2802 2
2803 2
2804 2
2805 1
2806 2
2807 1
2808 1
2809 2
2810 2
2811 1
2812 2
2813 3
2814 1
2815 3
2816 2
2817 2
2818 3
2819 2
2820 0
2821 3
2822 3
2823 3
2824 2
2825 2
2826 2
2827 1
2828 3
2829 1
2830 2
2831 3
2832 1
2833 2
2834 1
2835 3
2836 3
2837 1
2838 2
2839 1
2840 2
2841 1
2842 0
2843 3
2844 3
2845 2
2846 2
2847 2
2848 2
2849 3
2850 2
2851 2
2852 1
2853 3
2854 1
2855 1
2856 2
2857 2
2858 3
2859 1
2860 2
2861 1
2862 2
2863 1
2864 1
2865 2
2866 2
2867 1
2868 2
2869 1
2870 2
2871 2
2872 2
2873 2
2874 1
2875 3
2876 1
2877 2
2878 2
2879 2
2880 2
2881 0
2882 3
2883 1
2884 2
2885 2
2886 1
2887 0
2888 3
2889 1
2890 2
2891 1
2892 2
2893 1
2894 2
2895 2
2896 2
2897 2
2898 2
2899 3
2900 2
2901 1
2902 3
2903 1
2904 3
2905 3
2906 2
2907 1
2908 1
2909 3
2910 3
2911 3
2912 3
2913 3
2914 2
2915 2
2916 1
2917 1
2918 2
2919 2
2920 2
2921 2
2922 2
2923 2
2924 3
2925 3
2926 1
2927 1
2928 3
2929 2
2930 2
2931 1
2932 2
2933 2
2934 2
2935 3
2936 3
2937 2
2938 3
2939 1
2940 2
2941 1
2942 2
2943 1
2944 2
2945 1
2946 2
2947 1
2948 1
2949 1
2950 2
2951 2
2952 2
2953 3
2954 1
2955 1
2956 1
2957 0
2958 2
2959 3
2960 2
2961 0
2962 3
2963 3
2964 0
2965 2
2966 2
2967 2
2968 2
2969 2
2970 3
2971 1
2972 3
2973 1
2974 2
2975 2
2976 2
2977 0
2978 3
2979 2
2980 2
2981 2
2982 1
2983 2
2984 2
2985 2
2986 3
2987 1
2988 2
2989 2
2990 1
2991 2
2992 2
2993 2
2994 1
2995 2
2996 1
2997 3
2998 1
2999 3
3000 1
3001 2
3002 2
3003 3
3004 1
3005 2
3006 3
3007 3
3008 1
3009 2
3010 3
3011 3
3012 2
3013 3
3014 3
3015 3
3016 1
3017 1
3018 2
3019 3
3020 2
3021 3
3022 1
3023 1
3024 2
3025 2
3026 0
3027 0
3028 1
3029 2
3030 2
3031 1
3032 0
3033 0
3034 3
3035 3
3036 3
3037 3
3038 1
3039 2
3040 1
3041 2
3042 1
3043 2
3044 1
3045 1
3046 3
3047 3
3048 2
3049 2
3050 2
3051 2
3052 3
3053 1
3054 2
3055 1
3056 3
3057 2
3058 2
3059 2
3060 3
3061 2
3062 2
3063 2
3064 2
3065 2
3066 2
3067 1
3068 1
3069 1
3070 2
3071 2
3072 3
3073 3
3074 2
3075 2
3076 1
3077 2
3078 3
3079 3
3080 1
3081 2
3082 1
3083 1
3084 1
3085 2
3086 2
3087 3
3088 2
3089 3
3090 1
3091 1
3092 0
3093 2
3094 2
3095 2
3096 3
3097 2
3098 2
3099 1
3100 2
3101 1
3102 3
3103 3
3104 0
3105 2
3106 2
3107 2
3108 1
3109 2
3110 3
3111 2
3112 1
3113 1
3114 2
3115 2
3116 1
3117 2
3118 3
3119 2
3120 3
3121 2
3122 2
3123 3
3124 3
3125 3
3126 2
3127 0
3128 2
3129 2
3130 0
3131 0
3132 2
3133 1
3134 2
3135 0
3136 2
3137 1
3138 3
3139 2
3140 2
3141 2
3142 3
3143 2
3144 0
3145 1
3146 1
3147 1
3148 2
3149 2
3150 1
3151 2
3152 1
3153 3
3154 2
3155 2
3156 2
3157 2
3158 2
3159 0
3160 2
3161 2
3162 1
3163 2
3164 0
3165 2
3166 1
3167 1
3168 2
3169 2
3170 0
3171 0
3172 2
3173 2
3174 2
3175 1
3176 2
3177 2
3178 1
3179 0
3180 2
3181 2
3182 2
3183 3
3184 2
3185 3
3186 2
3187 3
3188 2
3189 0
3190 1
3191 2
3192 1
3193 2
3194 3
3195 2
3196 2
3197 2
3198 2
3199 2
3200 0
3201 3
3202 2
3203 0
3204 3
3205 1
3206 2
3207 3
3208 3
3209 3
3210 1
3211 2
3212 1
3213 2
3214 1
3215 2
3216 1
3217 2
3218 2
3219 1
3220 2
3221 1
3222 3
3223 3
3224 1
3225 2
3226 2
3227 3
3228 2
3229 3
3230 2
3231 3
3232 3
3233 3
3234 3
3235 2
3236 2
3237 0
3238 2
3239 3
3240 1
3241 2
3242 0
3243 1
3244 3
3245 1
3246 3
3247 1
3248 2
3249 2
3250 2
3251 1
3252 1
3253 3
3254 2
3255 2
3256 1
3257 2
3258 2
3259 2
3260 2
3261 2
3262 2
3263 2
3264 2
3265 2
3266 2
3267 2
3268 3
3269 1
3270 1
3271 1
3272 3
3273 2
3274 0
3275 2
3276 3
3277 2
3278 2
3279 2
3280 2
3281 1
3282 1
3283 3
3284 1
3285 2
3286 3
3287 2
3288 1
3289 2
3290 2
3291 1
3292 1
3293 1
3294 1
3295 3
3296 3
3297 2
3298 2
3299 2
3300 2
3301 2
3302 1
3303 0
3304 2
3305 2
3306 2
3307 2
3308 1
3309 2
3310 2
3311 3
3312 0
3313 3
3314 1
3315 3
3316 0
3317 3
3318 3
3319 3
3320 3
3321 3
3322 3
3323 3
3324 3
3325 3
3326 3
3327 3
3328 3
3329 3
3330 3
3331 3
3332 3
3333 3
3334 3
3335 3
3336 3
3337 3
3338 3
3339 3
3340 3
3341 3
3342 3
3343 3
3344 3
3345 3
3346 3
3347 3
3348 3
3349 3
3350 2
3351 3
3352 2
3353 1
3354 2
3355 2
3356 1
3357 2
3358 2
3359 1
3360 1
3361 2
3362 3
3363 1
3364 2
3365 1
3366 2
3367 1
3368 1
3369 2
3370 1
3371 2
3372 2
3373 2
3374 3
3375 2
3376 2
3377 1
3378 1
3379 1
3380 1
3381 1
3382 2
3383 2
3384 3
3385 1
3386 2
3387 2
3388 3
3389 0
3390 2
3391 2
3392 2
3393 2
3394 2
3395 2
3396 2
3397 0
3398 1
3399 2
3400 3
3401 2
3402 2
3403 2
3404 2
3405 3
3406 2
3407 1
3408 2
3409 3
3410 3
3411 3
3412 3
3413 0
3414 3
3415 2
3416 2
3417 2
3418 2
3419 1
3420 2
3421 3
3422 1
3423 1
3424 3
3425 3
3426 3
3427 2
3428 0
3429 1
3430 1
3431 1
3432 2
3433 2
3434 2
3435 2
3436 2
3437 2
3438 2
3439 3
3440 2
3441 1
3442 1
3443 2
3444 2
3445 1
3446 1
3447 3
3448 1
3449 2
3450 2
3451 2
3452 1
3453 2
3454 3
3455 2
3456 3
3457 1
3458 2
3459 1
3460 1
3461 2
3462 1
3463 3
3464 2
3465 2
3466 2
3467 2
3468 2
3469 1
3470 2
3471 1
3472 2
3473 3
3474 1
3475 1
3476 2
3477 2
3478 1
3479 2
3480 2
3481 1
3482 0
3483 3
3484 2
3485 0
3486 2
3487 1
3488 3
3489 2
3490 1
3491 2
3492 2
3493 2
3494 2
3495 2
3496 2
3497 1
3498 3
3499 3
3500 1
3501 0
3502 2
3503 2
3504 2
3505 2
3506 1
3507 1
3508 1
3509 1
3510 1
3511 1
3512 2
3513 2
3514 3
3515 1
3516 2
3517 1
3518 2
3519 1
3520 3
3521 2
3522 2
3523 1
3524 2
3525 5
3526 3
3527 2
3528 2
3529 3
3530 3
3531 1
3532 3
3533 2
3534 1
3535 3
3536 2
3537 3
3538 0
3539 2
3540 2
3541 0
3542 1
3543 3
3544 3
3545 2
3546 3
3547 1
3548 0
3549 2
3550 3
3551 1
3552 1
3553 0
3554 2
3555 2
3556 3
3557 2
3558 2
3559 2
3560 2
3561 2
3562 2
3563 3
3564 2
3565 1
3566 1
3567 2
3568 3
3569 2
3570 1
3571 2
3572 2
3573 2
3574 1
3575 1
3576 0
3577 1
3578 1
3579 2
3580 3
3581 1
3582 1
3583 2
3584 2
3585 2
3586 1
3587 2
3588 0
3589 2
3590 0
3591 2
3592 2
3593 2
3594 3
3595 2
3596 2
3597 1
3598 3
3599 2
3600 2
3601 2
3602 1
3603 1
3604 3
3605 1
3606 2
3607 2
3608 3
3609 3
3610 2
3611 2
3612 3
3613 3
3614 3
3615 3
3616 3
3617 2
3618 1
3619 2
3620 2
3621 2
3622 3
3623 3
3624 1
3625 1
3626 3
3627 2
3628 3
3629 2
3630 2
3631 3
3632 3
3633 3
3634 3
3635 1
3636 2
3637 2
3638 2
3639 3
3640 1
3641 2
3642 1
3643 1
3644 0
3645 2
3646 1
3647 2
3648 2
3649 2
3650 0
3651 3
3652 1
3653 3
3654 2
3655 2
3656 2
3657 2
3658 0
3659 2
3660 2
3661 2
3662 2
3663 3
3664 2
3665 2
3666 1
3667 3
3668 2
3669 2
3670 0
3671 1
3672 3
3673 1
3674 1
3675 2
3676 1
3677 3
3678 3
3679 3
3680 0
3681 3
3682 3
3683 2
3684 3
3685 0
3686 2
3687 2
3688 2
3689 1
3690 1
3691 1
3692 0
3693 3
3694 2
3695 2
3696 3
3697 0
3698 2
3699 1
3700 1
3701 2
3702 0
3703 2
3704 1
3705 2
3706 1
3707 2
3708 2
3709 3
3710 2
3711 2
3712 2
3713 3
3714 2
3715 1
3716 3
3717 2
3718 2
3719 0
3720 3
3721 3
3722 1
3723 2
3724 0
3725 1
3726 2
3727 2
3728 2
3729 1
3730 2
3731 2
3732 2
3733 2
3734 1
3735 2
3736 1
3737 1
3738 2
3739 2
3740 1
3741 1
3742 3
3743 2
3744 2
3745 2
3746 1
3747 1
3748 1
3749 1
3750 2
3751 1
3752 2
3753 1
3754 2
3755 1
3756 2
3757 2
3758 2
3759 2
3760 1
3761 2
3762 2
3763 2
3764 1
3765 0
3766 3
3767 1
3768 3
3769 3
3770 3
3771 0
3772 2
3773 2
3774 3
3775 2
3776 3
3777 2
3778 3
3779 2
3780 2
3781 2
3782 1
3783 1
3784 2
3785 1
3786 2
3787 2
3788 2
3789 2
3790 2
3791 0
3792 2
3793 2
3794 2
3795 2
3796 2
3797 2
3798 3
3799 1
3800 2
3801 1
3802 3
3803 0
3804 3
3805 1
3806 2
3807 3
3808 2
3809 2
3810 2
3811 2
3812 3
3813 2
3814 2
3815 0
3816 3
3817 2
3818 2
3819 1
3820 0
3821 1
3822 1
3823 3
3824 1
3825 1
3826 3
3827 3
3828 3
3829 1
3830 1
3831 3
3832 2
3833 2
3834 3
3835 1
3836 3
3837 1
3838 2
3839 2
3840 3
3841 2
3842 2
3843 2
3844 2
3845 3
3846 1
3847 2
3848 1
3849 1
3850 2
3851 2
3852 2
3853 2
3854 0
3855 1
3856 1
3857 2
3858 3
3859 2
3860 3
3861 2
3862 2
3863 2
3864 2
3865 0
3866 2
3867 2
3868 2
3869 1
3870 2
3871 0
3872 3
3873 2
3874 0
3875 0
3876 2
3877 3
3878 3
3879 2
3880 1
3881 1
3882 1
3883 2
3884 2
3885 2
3886 0
3887 2
3888 2
3889 2
3890 1
3891 3
3892 2
3893 3
3894 3
3895 1
3896 2
3897 1
3898 0
3899 2
3900 0
3901 2
3902 1
3903 2
3904 1
3905 0
3906 3
3907 0
3908 1
3909 1
3910 1
3911 3
3912 2
3913 2
3914 2
3915 1
3916 2
3917 3
3918 0
3919 1
3920 2
3921 2
3922 1
3923 3
3924 3
3925 2
3926 2
3927 3
3928 3
3929 2
3930 2
3931 2
3932 3
3933 3
3934 2
3935 3
3936 3
3937 3
3938 0
3939 2
3940 3
3941 0
3942 2
3943 3
3944 0
3945 3
3946 2
3947 1
3948 3
3949 0
3950 0
3951 0
3952 3
3953 3
3954 0
3955 3
3956 0
3957 1
3958 0
3959 0
3960 2
3961 3
3962 3
3963 2
3964 3
3965 3
3966 0
3967 3
3968 3
3969 2
3970 2
3971 2
3972 3
3973 3
3974 3
3975 1
3976 3
3977 3
3978 3
3979 3
3980 2
3981 3
3982 2
3983 2
3984 3
3985 2
3986 1
3987 2
3988 2
3989 2
3990 2
3991 2
3992 3
3993 2
3994 2
3995 2
3996 2
3997 1
3998 2
3999 2
4000 2
4001 1
4002 2
4003 2
4004 2
4005 3
4006 3
4007 3
4008 2
4009 2
4010 3
4011 0
4012 0
4013 3
4014 3
4015 2
4016 2
4017 2
4018 2
4019 3
4020 1
4021 3
4022 2
4023 1
4024 3
4025 2
4026 2
4027 3
4028 0
4029 3
4030 2
4031 2
4032 3
4033 0
4034 2
4035 2
4036 2
4037 2
4038 3
4039 2
4040 2
4041 2
4042 2
4043 2
4044 3
4045 2
4046 2
4047 3
4048 2
4049 2
4050 3
4051 2
4052 2
4053 1
4054 1
4055 2
4056 3
4057 3
4058 2
4059 0
4060 0
4061 2
4062 2
4063 2
4064 2
4065 2
4066 2
4067 3
4068 3
4069 1
4070 2
4071 2
4072 3
4073 2
4074 3
4075 2
4076 3
4077 3
4078 3
4079 0
4080 3
4081 3
4082 0
4083 3
4084 0
4085 3
4086 0
4087 0
4088 1
4089 9
4090 0
4091 1
4092 2
4093 2
4094 2
4095 2
4096 2
4097 2
4098 3
4099 3
4100 2
4101 0
4102 3
4103 1
4104 0
4105 2
4106 0
4107 0
4108 0
4109 1
4110 0
4111 0
4112 0
4113 2
4114 2
4115 1
4116 2
4117 2
4118 3
4119 2
4120 3
4121 3
4122 0
4123 2
4124 2
4125 2
4126 3
4127 3
4128 2
4129 2
4130 3
4131 0
4132 2
4133 2
4134 2
4135 3
4136 2
4137 3
4138 1
4139 2
4140 2
4141 2
4142 2
4143 2
4144 2
4145 2
4146 3
4147 3
4148 3
4149 0
4150 3
4151 3
4152 3
4153 2
4154 2
4155 3
4156 0
4157 3
4158 3
4159 0
4160 1
4161 2
4162 3
4163 2
4164 3
4165 3
4166 3
4167 2
4168 3
4169 3
4170 2
4171 3
4172 3
4173 3
4174 0
4175 0
4176 2
4177 2
4178 2
4179 3
4180 3
4181 3
4182 0
4183 2
4184 2
4185 2
4186 2
4187 3
4188 2
4189 2
4190 2
4191 2
4192 0
4193 2
4194 2
4195 2
4196 2
4197 2
4198 2
4199 2
4200 3
4201 2
4202 2
4203 2
4204 2
4205 2
4206 2
4207 2
4208 2
4209 2
4210 2
4211 0
4212 1
4213 0
4214 3
4215 0
4216 2
4217 0
4218 3
4219 3
4220 3
4221 3
4222 2
4223 3
4224 3
4225 2
4226 1
4227 0
4228 0
4229 2
4230 3
4231 0
4232 1
4233 1
4234 3
4235 3
4236 3
4237 3
4238 3
4239 4
4240 2
4241 2
4242 0
4243 0
4244 3
4245 2
4246 3
4247 3
4248 3
4249 2
4250 2
4251 2
4252 2
4253 3
4254 1
4255 2
4256 2
4257 2
4258 2
4259 3
4260 3
4261 2
4262 2
4263 3
4264 3
4265 3
4266 0
4267 3
4268 0
4269 1
4270 2
4271 3
4272 2
4273 0
4274 3
4275 2
4276 3
4277 3
4278 0
4279 3
4280 2
4281 3
4282 3
4283 2
4284 3
4285 3
4286 2
4287 3
4288 3
4289 3
4290 2
4291 2
4292 3
4293 3
4294 3
4295 1
4296 3
4297 2
4298 2
4299 2
4300 3
4301 2
4302 2
4303 2
4304 2
4305 3
4306 2
4307 2
4308 2
4309 2
4310 2
4311 2
4312 2
4313 2
4314 3
4315 0
4316 0
4317 3
4318 3
4319 2
4320 3
4321 3
4322 3
4323 2
4324 3
4325 3
4326 3
4327 3
4328 2
4329 2
4330 0
4331 3
4332 3
4333 3
4334 2
4335 3
4336 3
4337 3
4338 3
4339 2
4340 3
4341 3
4342 3
4343 3
4344 3
4345 2
4346 3
4347 2
4348 3
4349 3
4350 3
4351 3
4352 3
4353 3
4354 3
4355 3
4356 3
4357 3
4358 3
4359 3
4360 3
4361 3
4362 3
4363 0
4364 3
4365 3
4366 3
4367 3
4368 3
4369 3
4370 3
4371 3
4372 3
4373 2
4374 0
4375 3
4376 3
4377 3
4378 3
4379 3
4380 3
4381 3
4382 0
4383 3
4384 3
4385 3
4386 3
4387 0
4388 3
4389 3
4390 3
4391 3
4392 3
4393 3
4394 3
4395 3
4396 3
4397 2
4398 3
4399 3
4400 3
4401 3
4402 3
4403 3
4404 3
4405 3
4406 0
4407 0
4408 3
4409 3
4410 3
4411 3
4412 3
4413 3
4414 0
4415 4
4416 3
4417 2
4418 3
4419 2
4420 2
4421 3
4422 0
4423 3
4424 2
4425 3
4426 3
4427 0
4428 0
4429 0
4430 3
4431 3
4432 3
4433 0
4434 3
4435 2
4436 2
4437 2
4438 2
4439 2
4440 2
4441 2
4442 0
4443 3
4444 3
4445 3
4446 3
4447 0
4448 3
4449 2
4450 3
4451 2
4452 2
4453 2
4454 2
4455 2
4456 2
4457 2
4458 2
4459 2
4460 2
4461 2
4462 2
4463 3
4464 2
4465 2
4466 2
4467 2
4468 3
4469 1
4470 0
4471 2
4472 3
4473 3
4474 2
4475 2
4476 3
4477 2
4478 2
4479 2
4480 2
4481 0
4482 1
4483 2
4484 1
4485 3
4486 2
4487 2
4488 1
4489 3
4490 2
4491 3
4492 3
4493 2
4494 3
4495 3
4496 3
4497 2
4498 2
4499 2
4500 2
4501 2
4502 2
4503 3
4504 3
4505 2
4506 3
4507 3
4508 3
4509 3
4510 0
4511 3
4512 3
4513 1
4514 3
4515 3
4516 3
4517 3
4518 3
4519 3
4520 0
4521 3
4522 3
4523 3
4524 3
4525 3
4526 3
4527 3
4528 2
4529 3
4530 3
4531 3
4532 2
4533 0
4534 3
4535 2
4536 3
4537 0
4538 2
4539 2
4540 3
4541 0
4542 2
4543 2
4544 2
4545 2
4546 3
4547 3
4548 3
4549 3
4550 2
4551 2
4552 3
4553 2
4554 3
4555 2
4556 2
4557 2
4558 2
4559 3
4560 2
4561 2
4562 2
4563 2
4564 2
4565 3
4566 2
4567 2
4568 2
4569 1
4570 1
4571 2
4572 1
4573 2
4574 1
4575 3
4576 2
4577 0
4578 0
4579 2
4580 3
4581 3
4582 2
4583 2
4584 2
4585 3
4586 3
4587 2
4588 3
4589 3
4590 2
4591 3
4592 2
4593 2
4594 3
4595 2
4596 1
4597 2
4598 2
4599 2
4600 2
4601 2
4602 2
4603 2
4604 2
4605 2
4606 2
4607 2
4608 2
4609 2
4610 2
4611 2
4612 2
4613 2
4614 2
4615 3
4616 2
4617 2
4618 2
4619 2
4620 2
4621 2
4622 2
4623 2
4624 2
4625 2
4626 2
4627 1
4628 2
4629 2
4630 2
4631 2
4632 2
4633 1
4634 2
4635 2
4636 1
4637 2
4638 2
4639 2
4640 2
4641 2
4642 3
4643 3
4644 3
4645 3
4646 3
4647 3
4648 3
4649 3
4650 3
4651 3
4652 3
4653 3
4654 3
4655 3
4656 2
4657 2
4658 2
4659 2
4660 2
4661 2
4662 2
4663 2
4664 2
4665 2
4666 3
4667 3
4668 3
4669 3
4670 3
4671 3
4672 3
4673 3
4674 3
4675 3
4676 2
4677 3
4678 0
4679 3
4680 2
4681 2
4682 2
4683 2
4684 1
4685 2
4686 0
4687 2
4688 0
4689 2
4690 2
4691 2
4692 3
4693 0
4694 2
4695 3
4696 3
4697 3
4698 3
4699 3
4700 1
4701 3
4702 3
4703 3
4704 2
4705 2
4706 2
4707 3
4708 2
4709 2
4710 2
4711 2
4712 2
4713 2
4714 2
4715 2
4716 0
4717 2
4718 2
4719 2
4720 3
4721 2
4722 2
4723 3
4724 2
4725 2
4726 2
4727 2
4728 2
4729 2
4730 3
4731 2
4732 2
4733 2
4734 2
4735 2
4736 3
4737 2
4738 2
4739 3
4740 2
4741 2
4742 1
4743 2
4744 2
4745 2
4746 2
4747 2
4748 2
4749 2
4750 2
4751 3
4752 2
4753 2
4754 3
4755 2
4756 3
4757 2
4758 2
4759 2
4760 3
4761 2
4762 2
4763 2
4764 3
4765 2
4766 2
4767 2
4768 3
4769 2
4770 2
4771 2
4772 2
4773 2
4774 2
4775 2
4776 1
4777 2
4778 2
4779 2
4780 2
4781 2
4782 1
4783 2
4784 2
4785 3
4786 2
4787 2
4788 2
4789 2
4790 2
4791 2
4792 1
4793 2
4794 2
4795 2
4796 2
4797 2
4798 2
4799 2
4800 2
4801 2
4802 2
4803 2
4804 2
4805 2
4806 2
4807 2
4808 2
4809 2
4810 3
4811 2
4812 2
4813 3
4814 2
4815 2
4816 2
4817 2
4818 2
4819 2
4820 3
4821 3
4822 2
4823 2
4824 2
4825 3
4826 1
4827 2
4828 2
4829 2
4830 2
4831 2
4832 2
4833 2
4834 2
4835 2
4836 2
4837 2
4838 2
4839 2
4840 2
4841 1
4842 2
4843 2
4844 2
4845 2
4846 2
4847 2
4848 2
4849 2
4850 2
4851 2
4852 2
4853 3
4854 2
4855 2
4856 1
4857 2
4858 2
4859 2
4860 2
4861 2
4862 2
4863 2
4864 2
4865 1
4866 2
4867 3
4868 2
4869 2
4870 2
4871 2
4872 2
4873 2
4874 2
4875 2
4876 2
4877 2
4878 2
4879 2
4880 2
4881 2
4882 2
4883 2
4884 2
4885 2
4886 2
4887 2
4888 2
4889 3
4890 1
4891 0
4892 2
4893 2
4894 2
4895 3
4896 2
4897 3
4898 3
4899 2
4900 3
4901 3
4902 3
4903 2
4904 2
4905 2
4906 0
4907 0
4908 2
4909 0
4910 2
4911 2
4912 2
4913 3
4914 2
4915 2
4916 2
4917 2
4918 3
4919 2
4920 2
4921 3
4922 2
4923 1
4924 3
4925 3
4926 2
4927 0
4928 3
4929 3
4930 2
4931 2
4932 3
4933 2
4934 3
4935 2
4936 2
4937 2
4938 3
4939 2
4940 2
4941 2
4942 2
4943 3
4944 0
4945 0
4946 0
4947 0
4948 2
4949 3
4950 2
4951 2
4952 2
4953 2
4954 2
4955 2
4956 2
4957 2
4958 2
4959 3
4960 2
4961 0
4962 0
4963 0
4964 2
4965 3
4966 3
4967 3
4968 2
4969 3
4970 2
4971 3
4972 3
4973 3
4974 3
4975 3
4976 2
4977 2
4978 3
4979 3
4980 3
4981 2
4982 2
4983 1
4984 2
4985 3
4986 3
4987 2
4988 3
4989 0
4990 2
4991 3
4992 3
4993 3
4994 2
4995 1
4996 2
4997 2
4998 0
4999 2
5000 3
5001 0
5002 2
5003 3
5004 2
5005 2
5006 2
5007 0
5008 2
5009 2
5010 2
5011 1
5012 2
5013 3
5014 3
5015 3
5016 2
5017 0
5018 2
5019 3
5020 1
5021 2
5022 2
5023 2
5024 0
5025 3
5026 3
5027 2
5028 2
5029 3
5030 1
5031 0
5032 3
5033 2
5034 2
5035 2
5036 2
5037 2
5038 0
5039 2
5040 3
5041 2
5042 0
5043 3
5044 2
5045 2
5046 3
5047 2
5048 2
5049 3
5050 3
5051 1
5052 2
5053 2
5054 2
5055 3
5056 2
5057 3
5058 2
5059 0
5060 3
5061 0
5062 3
5063 3
5064 2
5065 2
5066 2
5067 2
5068 2
5069 3
5070 2
5071 1
5072 0
5073 0
5074 2
5075 3
5076 0
5077 3
5078 3
5079 2
5080 2
5081 2
5082 2
5083 0
5084 2
5085 2
5086 3
5087 2
5088 2
5089 3
5090 0
5091 3
5092 3
5093 0
5094 0
5095 0
5096 0
5097 3
5098 0
5099 3
5100 2
5101 0
5102 0
5103 2
5104 3
5105 0
5106 0
5107 2
5108 2
5109 2
5110 3
5111 0
5112 3
5113 2
5114 2
5115 2
5116 3
5117 0
5118 2
5119 2
5120 0
5121 3
5122 3
5123 3
5124 1
5125 3
5126 3
5127 2
5128 2
5129 2
5130 2
5131 2
5132 2
5133 2
5134 2
5135 2
5136 0
5137 2
5138 3
5139 3
5140 2
5141 3
5142 3
5143 3
5144 0
5145 2
5146 1
5147 2
5148 2
5149 2
5150 2
5151 2
5152 2
5153 2
5154 2
5155 2
5156 0
5157 3
5158 2
5159 3
5160 3
5161 3
5162 2
5163 2
5164 0
5165 3
5166 3
5167 2
5168 3
5169 3
5170 3
5171 3
5172 3
5173 3
5174 2
5175 3
5176 3
5177 0
5178 2
5179 2
5180 2
5181 3
5182 2
5183 0
5184 2
5185 3
5186 2
5187 2
5188 2
5189 2
5190 0
5191 0
5192 2
5193 2
5194 2
5195 3
5196 0
5197 3
5198 3
5199 0
5200 3
5201 3
5202 2
5203 3
5204 3
5205 2
5206 0
5207 0
5208 2
5209 0
5210 2
5211 3
5212 2
5213 3
5214 2
5215 0
5216 2
5217 1
5218 3
5219 2
5220 0
5221 3
5222 2
5223 1
5224 2
5225 1
5226 1
5227 2
5228 2
5229 2
5230 2
5231 2
5232 2
5233 2
5234 2
5235 2
5236 2
5237 2
5238 3
5239 0
5240 2
5241 3
5242 2
5243 3
5244 0
5245 3
5246 1
5247 0
5248 3
5249 2
5250 3
5251 2
5252 3
5253 0
5254 3
5255 0
5256 2
5257 1
5258 3
5259 0
5260 2
5261 2
5262 2
5263 3
5264 2
5265 2
5266 3
5267 3
5268 3
5269 2
5270 3
5271 0
5272 3
5273 3
5274 2
5275 0
5276 3
5277 2
5278 2
5279 2
5280 3
5281 2
5282 2
5283 3
5284 3
5285 0
5286 0
5287 0
5288 0
5289 0
5290 0
5291 0
5292 2
5293 3
5294 2
5295 2
5296 0
5297 2
5298 2
5299 2
5300 1
5301 2
5302 0
5303 2
5304 2
5305 2
5306 2
5307 2
5308 3
5309 2
5310 2
5311 3
5312 3
5313 2
5314 3
5315 0
5316 2
5317 3
5318 2
5319 0
5320 0
5321 3
5322 3
5323 2
5324 2
5325 3
5326 3
5327 3
5328 2
5329 3
5330 2
5331 0
5332 0
5333 2
5334 2
5335 0
5336 2
5337 2
5338 0
5339 2
5340 2
5341 2
5342 2
5343 1
5344 2
5345 3
5346 2
5347 2
5348 3
5349 3
5350 3
5351 3
5352 3
5353 2
5354 3
5355 0
5356 2
5357 2
5358 2
5359 2
5360 2
5361 2
5362 2
5363 2
5364 1
5365 2
5366 2
5367 2
5368 1
5369 2
5370 2
5371 2
5372 3
5373 2
5374 2
5375 3
5376 3
5377 3
5378 2
5379 3
5380 2
5381 2
5382 3
5383 3
5384 2
5385 2
5386 3
5387 2
5388 6
5389 6
5390 0
5391 6
5392 6
5393 0
5394 0
5395 2
5396 2
5397 2
5398 2
5399 0
5400 3
5401 3
5402 2
5403 2
5404 7
5405 7
5406 7
5407 7
5408 2
5409 7
5410 2
5411 7
5412 7
5413 3
5414 2
5415 7
5416 1
5417 7
5418 2
5419 7
5420 2
5421 7
5422 7
5423 3
5424 2
5425 7
5426 2
5427 0
5428 7
5429 2
5430 2
5431 2
5432 2
5433 3
5434 1
5435 3
5436 3
5437 3
5438 3
5439 2
5440 2
5441 0
5442 3
5443 2
5444 3
5445 3
5446 1
5447 3
5448 3
5449 3
5450 3
5451 3
5452 3
5453 3
5454 0
5455 2
5456 3
5457 2
5458 3
5459 3
5460 3
5461 2
5462 1
5463 0
5464 3
5465 3
5466 3
5467 2
5468 0
5469 3
5470 3
5471 0
5472 3
5473 0
5474 3
5475 3
5476 3
5477 3
5478 3
5479 3
5480 3
5481 3
5482 3
5483 3
5484 3
5485 3
5486 3
5487 3
5488 3
5489 2
5490 3
5491 3
5492 0
5493 1
5494 3
5495 3
5496 3
5497 3
5498 0
5499 3
5500 3
5501 3
5502 3
5503 1
5504 3
5505 2
5506 3
5507 1
5508 2
5509 2
5510 3
5511 3
5512 2
5513 0
5514 0
5515 0
5516 3
5517 3
5518 3
5519 2
5520 0
5521 3
5522 0
5523 2
5524 2
5525 3
5526 3
5527 3
5528 3
5529 0
5530 2
5531 2
5532 3
5533 0
5534 3
5535 0
5536 3
5537 3
5538 3
5539 2
5540 2
5541 3
5542 3
5543 3
5544 2
5545 2
5546 3
5547 0
5548 3
5549 3
5550 3
5551 3
5552 3
5553 3
5554 3
5555 2
5556 3
5557 2
5558 3
5559 3
5560 3
5561 2
5562 2
5563 3
5564 3
5565 3
5566 2
5567 3
5568 3
5569 3
5570 2
5571 3
5572 2
5573 3
5574 3
5575 2
5576 3
5577 3
5578 3
5579 3
5580 3
5581 3
5582 0
5583 2
5584 3
5585 2
5586 3
5587 2
5588 3
5589 3
5590 1
5591 3
5592 2
5593 1
5594 2
5595 3
5596 2
5597 2
5598 3
5599 3
5600 3
5601 1
5602 3
5603 3
5604 0
5605 2
5606 2
5607 3
5608 3
5609 3
5610 3
5611 2
5612 0
5613 2
5614 2
5615 0
5616 0
5617 1
5618 2
5619 2
5620 2
5621 3
5622 3
5623 2
5624 2
5625 2
5626 1
5627 2
5628 2
5629 2
5630 0
5631 1
5632 2
5633 2
5634 2
5635 2
5636 2
5637 2
5638 0
5639 2
5640 3
5641 0
5642 0
5643 3
5644 0
5645 3
5646 0
5647 0
5648 0
5649 0
5650 3
5651 0
5652 0
5653 0
5654 0
5655 2
5656 1
5657 0
5658 0
5659 0
5660 0
5661 0
5662 0
5663 2
5664 0
5665 0
5666 2
5667 0
5668 2
5669 2
5670 2
5671 2
5672 2
5673 2
5674 2
5675 2
5676 2
5677 0
5678 2
5679 2
5680 2
5681 3
5682 2
5683 2
5684 2
5685 3
5686 2
5687 2
5688 2
5689 2
5690 2
5691 2
5692 2
5693 3
5694 2
5695 0
5696 3
5697 3
5698 2
5699 2
5700 1
5701 2
5702 2
5703 0
5704 2
5705 3
5706 2
5707 2
5708 3
5709 2
5710 3
5711 2
5712 2
5713 2
5714 2
5715 3
5716 2
5717 3
5718 2
5719 2
5720 3
5721 2
5722 2
5723 2
5724 0
5725 3
5726 2
5727 0
5728 3
5729 2
5730 1
5731 2
5732 2
5733 3
5734 0
5735 2
5736 2
5737 2
5738 2
5739 2
5740 2
5741 2
5742 0
5743 2
5744 2
5745 2
5746 2
5747 2
5748 2
5749 2
5750 2
5751 2
5752 3
5753 2
5754 2
5755 3
5756 2
5757 2
5758 2
5759 2
5760 3
5761 2
5762 2
5763 1
5764 2
5765 2
5766 0
5767 2
5768 1
5769 2
5770 3
5771 3
5772 2
5773 0
5774 2
5775 2
5776 1
5777 3
5778 2
5779 3
5780 2
5781 2
5782 1
5783 3
5784 3
5785 2
5786 2
5787 2
5788 3
5789 2
5790 2
5791 2
5792 2
5793 3
5794 2
5795 2
5796 0
5797 2
5798 1
5799 2
5800 0
5801 2
5802 2
5803 2
5804 2
5805 3
5806 2
5807 3
5808 2
5809 2
5810 3
5811 0
5812 2
5813 2
5814 2
5815 2
5816 1
5817 2
5818 0
5819 2
5820 1
5821 2
5822 2
5823 2
5824 2
5825 3
5826 2
5827 2
5828 2
5829 2
5830 2
5831 2
5832 0
5833 2
5834 1
5835 3
5836 3
5837 2
5838 2
5839 2
5840 3
5841 2
5842 2
5843 2
5844 2
5845 2
5846 2
5847 2
5848 3
5849 2
5850 3
5851 2
5852 3
5853 0
5854 2
5855 0
5856 2
5857 2
5858 0
5859 2
5860 3
5861 2
5862 2
5863 2
5864 2
5865 2
5866 2
5867 3
5868 2
5869 2
5870 2
5871 2
5872 2
5873 2
5874 2
5875 2
5876 2
5877 1
5878 2
5879 2
5880 3
5881 2
5882 2
5883 0
5884 2
5885 1
5886 2
5887 2
5888 2
5889 2
5890 2
5891 0
5892 2
5893 2
5894 2
5895 3
5896 2
5897 0
5898 3
5899 0
5900 2
5901 2
5902 2
5903 2
5904 3
5905 0
5906 2
5907 3
5908 2
5909 3
5910 1
5911 0
5912 2
5913 3
5914 2
5915 2
5916 2
5917 2
5918 0
5919 2
5920 2
5921 2
5922 2
5923 2
5924 3
5925 2
5926 3
5927 3
5928 2
5929 2
5930 2
5931 2
5932 2
5933 2
5934 3
5935 2
5936 0
5937 2
5938 3
5939 2
5940 3
5941 2
5942 2
5943 2
5944 2
5945 2
5946 2
5947 2
5948 3
5949 2
5950 2
5951 2
5952 2
5953 2
5954 3
5955 2
5956 1
5957 2
5958 0
5959 2
5960 2
5961 0
5962 2
5963 2
5964 2
5965 2
5966 3
5967 3
5968 2
5969 2
5970 1
5971 0
5972 2
5973 2
5974 0
5975 2
5976 2
5977 2
5978 2
5979 2
5980 3
5981 2
5982 2
5983 2
5984 3
5985 0
5986 0
5987 2
5988 1
5989 2
5990 2
5991 3
5992 2
5993 3
5994 2
5995 3
5996 2
5997 2
5998 2
5999 2
6000 3
6001 2
6002 0
6003 1
6004 3
6005 1
6006 1
6007 2
6008 2
6009 2
6010 1
6011 2
6012 2
6013 2
6014 2
6015 3
6016 2
6017 3
6018 2
6019 2
6020 0
6021 0
6022 0
6023 0
6024 2
6025 3
6026 0
6027 2
6028 2
6029 2
6030 1
6031 1
6032 3
6033 3
6034 2
6035 2
6036 2
6037 2
6038 2
6039 3
6040 3
6041 3
6042 2
6043 2
6044 3
6045 3
6046 2
6047 2
6048 2
6049 2
6050 2
6051 3
6052 2
6053 2
6054 2
6055 3
6056 3
6057 2
6058 2
6059 1
6060 0
6061 2
6062 2
6063 2
6064 0
6065 2
6066 0
6067 2
6068 2
6069 0
6070 3
6071 3
6072 0
6073 2
6074 2
6075 1
6076 0
6077 2
6078 2
6079 3
6080 2
6081 2
6082 8
6083 1
6084 0
6085 0
6086 0
6087 2
6088 0
6089 0
6090 0
6091 0
6092 3
6093 0
6094 3
6095 0
6096 1
6097 3
6098 0
6099 3
6100 0
6101 3
6102 0
6103 0
6104 3
6105 3
6106 0
6107 3
6108 1
6109 3
6110 2
6111 3
6112 3
6113 3
6114 3
6115 3
6116 3
6117 3
6118 3
6119 0
6120 3
6121 3
6122 3
6123 3
6124 3
6125 3
6126 3
6127 3
6128 2
6129 3
6130 3
6131 3
6132 3
6133 3
6134 3
6135 3
6136 2
6137 3
6138 0
6139 3
6140 2
6141 3
6142 2
6143 1
6144 3
6145 0
6146 2
6147 1
6148 0
6149 0
6150 0
6151 2
6152 2
6153 2
6154 2
6155 2
6156 2
6157 2
6158 3
6159 2
6160 2
6161 2
6162 2
6163 3
6164 2
6165 2
6166 3
6167 2
6168 3
6169 2
6170 2
6171 3
6172 3
6173 2
6174 3
6175 3
6176 3
6177 2
6178 0
6179 3
6180 3
6181 2
6182 3
6183 2
6184 2
6185 0
6186 2
6187 3
6188 2
6189 2
6190 2
6191 2
6192 0
6193 2
6194 2
6195 2
6196 3
6197 2
6198 2
6199 2
6200 2
6201 2
6202 2
6203 3
6204 2
6205 2
6206 2
6207 3
6208 2
6209 8
6210 2
6211 2
6212 2
6213 2
6214 1
6215 3
6216 2
6217 2
6218 2
6219 2
6220 3
6221 2
6222 1
6223 1
6224 0
6225 2
6226 2
6227 2
6228 2
6229 3
6230 0
6231 2
6232 2
6233 0
6234 2
6235 2
6236 2
6237 3
6238 2
6239 0
6240 2
6241 2
6242 2
6243 2
6244 2
6245 2
6246 2
6247 3
6248 0
6249 3
6250 0
6251 3
6252 0
6253 5
6254 0
6255 3
6256 2
6257 2
6258 2
6259 0
6260 3
6261 3
6262 3
6263 3
6264 3
6265 3
6266 0
6267 3
6268 3
6269 3
6270 3
6271 3
6272 3
6273 3
6274 3
6275 3
6276 3
6277 3
6278 3
6279 3
6280 3
6281 3
6282 3
6283 2
6284 3
6285 3
6286 3
6287 3
6288 0
6289 2
6290 0
6291 3
6292 3
6293 3
6294 2
6295 2
6296 2
6297 2
6298 0
6299 3
6300 2
6301 2
6302 2
6303 3
6304 3
6305 3
6306 0
6307 3
6308 2
6309 2
6310 3
6311 2
6312 3
6313 3
6314 3
6315 0
6316 3
6317 3
6318 3
6319 2
6320 0
6321 3
6322 0
6323 0
6324 3
6325 1
6326 9
6327 9
6328 9
6329 9
6330 9
6331 3
6332 3
6333 9
6334 9
6335 1
6336 9
6337 3
6338 3
6339 1
6340 3
6341 2
6342 2
6343 2
6344 1
6345 1
6346 1
6347 2
6348 3
6349 3
6350 3
6351 0
6352 3
6353 3
6354 3
6355 3
6356 3
6357 3
6358 3
6359 1
6360 3
6361 3
6362 1
6363 3
6364 3
6365 3
6366 4
6367 3
6368 3
6369 2
6370 2
6371 2
6372 3
6373 2
6374 2
6375 2
6376 3
6377 2
6378 2
6379 3
6380 0
6381 1
6382 3
6383 0
6384 3
6385 0
6386 1
6387 1
6388 2
6389 0
6390 0
6391 2
6392 0
6393 3
6394 3
6395 2
6396 2
6397 2
6398 3
6399 3
6400 0
6401 2
6402 3
6403 3
6404 3
6405 1
6406 0
6407 0
6408 2
6409 1
6410 2
6411 3
6412 1
6413 3
6414 3
6415 3
6416 3
6417 3
6418 3
6419 2
6420 3
6421 2
6422 3
6423 3
6424 3
6425 2
6426 2
6427 0
6428 0
6429 2
6430 3
6431 3
6432 3
6433 0
6434 3
6435 3
6436 3
6437 3
6438 0
6439 3
6440 3
6441 3
6442 3
6443 3
6444 3
6445 3
6446 0
6447 2
6448 1
6449 1
6450 3
6451 3
6452 3
6453 3
6454 0
6455 3
6456 2
6457 3
6458 3
6459 2
6460 3
6461 3
6462 2
6463 2
6464 2
6465 1
6466 0
6467 0
6468 3
6469 2
6470 2
6471 3
6472 3
6473 2
6474 3
6475 3
6476 0
6477 3
6478 3
6479 3
6480 3
6481 3
6482 2
6483 1
6484 2
6485 2
6486 1
6487 0
6488 2
6489 2
6490 2
6491 0
6492 0
6493 3
6494 3
6495 2
6496 2
6497 2
6498 2
6499 0
6500 2
6501 2
6502 2
6503 2
6504 2
6505 3
6506 0
6507 3
6508 2
6509 3
6510 8
6511 2
6512 3
6513 3
6514 3
6515 3
6516 3
6517 2
6518 3
6519 3
6520 3
6521 2
6522 2
6523 2
6524 3
6525 3
6526 3
6527 3
6528 3
6529 3
6530 3
6531 3
6532 3
6533 3
6534 3
6535 3
6536 3
6537 3
6538 2
6539 2
6540 3
6541 3
6542 2
6543 0
6544 2
6545 3
6546 1
6547 0
6548 2
6549 3
6550 1
6551 2
6552 2
6553 3
6554 3
6555 2
6556 0
6557 2
6558 0
6559 2
6560 3
6561 3
6562 0
6563 2
6564 0
6565 0
6566 3
6567 0
6568 3
6569 3
6570 3
6571 3
6572 3
6573 3
6574 0
6575 3
6576 3
6577 3
6578 3
6579 3
6580 3
6581 3
6582 3
6583 3
6584 3
6585 3
6586 2
6587 3
6588 0
6589 0
6590 3
6591 2
6592 0
6593 2
6594 3
6595 3
6596 3
6597 3
6598 3
6599 0
6600 2
6601 2
6602 2
6603 2
6604 2
6605 3
6606 3
6607 3
6608 3
6609 3
6610 2
6611 2
6612 0
6613 3
6614 3
6615 2
6616 2
6617 2
6618 0
6619 2
6620 3
6621 0
6622 3
6623 2
6624 0
6625 0
6626 0
6627 3
6628 0
6629 0
6630 3
6631 3
6632 3
6633 2
6634 2
6635 2
6636 2
6637 2
6638 2
6639 2
6640 2
6641 2
6642 0
6643 8
6644 3
6645 2
6646 3
6647 2
6648 0
6649 2
6650 0
6651 3
6652 2
6653 0
6654 3
6655 3
6656 2
6657 3
6658 3
6659 2
6660 3
6661 3
6662 2
6663 2
6664 2
6665 0
6666 2
6667 4
6668 2
6669 4
6670 4
6671 2
6672 4
6673 4
6674 2
6675 1
6676 4
6677 4
6678 4
6679 2
6680 0
6681 0
6682 0
6683 0
6684 0
6685 3
6686 3
6687 3
6688 2
6689 3
6690 0
6691 2
6692 2
6693 3
6694 1
6695 2
6696 3
6697 3
6698 3
6699 3
6700 2
6701 3
6702 3
6703 3
6704 3
6705 2
6706 3
6707 3
6708 3
6709 3
6710 3
6711 3
6712 3
6713 2
6714 2
6715 2
6716 0
6717 2
6718 2
6719 3
6720 2
6721 2
6722 2
6723 0
6724 2
6725 3
6726 3
6727 0
6728 3
6729 3
6730 3
6731 3
6732 3
6733 0
6734 3
6735 5
6736 2
6737 2
6738 2
6739 3
6740 3
6741 0
6742 0
6743 0
6744 2
6745 3
6746 0
6747 2
6748 0
6749 2
6750 2
6751 5
6752 2
6753 5
6754 5
6755 4
6756 0
6757 2
6758 2
6759 5
6760 5
6761 5
6762 0
6763 5
6764 2
6765 3
6766 2
6767 5
6768 5
6769 0
6770 2
6771 0
6772 2
6773 2
6774 5
6775 2
6776 2
6777 0
6778 0
6779 0
6780 1
6781 2
6782 0
6783 3
6784 0
6785 0
6786 1
6787 3
6788 0
6789 2
6790 2
6791 3
6792 2
6793 2
6794 2
6795 2
6796 2
6797 2
6798 3
6799 2
6800 2
6801 3
6802 2
6803 1
6804 3
6805 2
6806 3
6807 0
6808 3
6809 0
6810 3
6811 3
6812 3
6813 0
6814 2
6815 3
6816 3
6817 0
6818 3
6819 4
6820 3
6821 1
6822 1
6823 2
6824 0
6825 0
6826 3
6827 3
6828 3
6829 3
6830 3
6831 3
6832 3
6833 3
6834 3
6835 3
6836 3
6837 3
6838 0
6839 3
6840 3
6841 3
6842 2
6843 3
6844 3
6845 0
6846 3
6847 3
6848 2
6849 3
6850 0
6851 3
6852 3
6853 0
6854 3
6855 3
6856 3
6857 3
6858 2
6859 2
6860 0
6861 0
6862 0
6863 2
6864 0
6865 2
6866 2
6867 2
6868 2
6869 2
6870 1
6871 2
6872 2
6873 3
6874 0
6875 0
6876 1
6877 2
6878 3
6879 2
6880 2
6881 2
6882 0
6883 2
6884 2
6885 2
6886 2
6887 2
6888 2
6889 0
6890 0
6891 2
6892 2
6893 2
6894 2
6895 2
6896 2
6897 2
6898 2
6899 2
6900 2
6901 2
6902 0
6903 3
6904 2
6905 0
6906 1
6907 2
6908 2
6909 2
6910 0
6911 3
6912 2
6913 2
6914 2
6915 2
6916 2
6917 2
6918 2
6919 2
6920 0
6921 2
6922 2
6923 2
6924 2
6925 0
6926 0
6927 2
6928 2
6929 3
6930 2
6931 2
6932 2
6933 2
6934 1
6935 0
6936 2
6937 3
6938 3
6939 3
6940 3
6941 3
6942 3
6943 3
6944 3
6945 3
6946 2
6947 3
6948 10
6949 10
6950 3
6951 3
6952 2
6953 1
6954 2
6955 3
6956 0
6957 3
6958 2
6959 2
6960 2
6961 3
6962 2
6963 2
6964 2
6965 2
6966 2
6967 2
6968 0
6969 0
6970 1
6971 2
6972 2
6973 1
6974 2
6975 2
6976 2
6977 1
6978 2
6979 3
6980 2
6981 2
6982 0
6983 0
6984 2
6985 0
6986 3
6987 1
6988 0
6989 0
6990 0
6991 3
6992 3
6993 0
6994 3
6995 2
6996 2
6997 3
6998 0
6999 0
7000 0
7001 0
7002 3
7003 3
7004 3
7005 3
7006 3
7007 0
7008 0
7009 2
7010 3
7011 3
7012 0
7013 1
7014 0
7015 2
7016 3
7017 0
7018 2
7019 2
7020 2
7021 2
7022 2
7023 2
7024 0
7025 0
7026 2
7027 2
7028 2
7029 2
7030 2
7031 2
7032 2
7033 2
7034 2
7035 2
7036 3
7037 2
7038 3
7039 2
7040 2
7041 2
7042 0
7043 2
7044 2
7045 0
7046 2
7047 2
7048 2
7049 2
7050 2
7051 2
7052 2
7053 2
7054 2
7055 2
7056 2
7057 2
7058 2
7059 2
7060 2
7061 2
7062 2
7063 2
7064 2
7065 2
7066 2
7067 2
7068 2
7069 2
7070 2
7071 2
7072 2
7073 2
7074 2
7075 0
7076 3
7077 0
7078 3
7079 3
7080 3
7081 3
7082 3
7083 3
7084 2
7085 2
7086 0
7087 0
7088 0
7089 0
7090 0
7091 2
7092 4
7093 3
7094 2
7095 2
7096 2
7097 2
7098 2
7099 1
7100 2
7101 1
7102 1
7103 0
7104 0
7105 3
7106 0
7107 2
7108 2
7109 2
7110 2
7111 3
7112 2
7113 2
7114 2
7115 2
7116 2
7117 2
7118 3
7119 2
7120 3
7121 3
7122 3
7123 3
7124 2
7125 2
7126 3
7127 2
7128 2
7129 3
7130 3
7131 3
7132 0
7133 0
7134 0
7135 3
7136 3
7137 3
7138 3
7139 3
7140 3
7141 2
7142 3
7143 3
7144 3
7145 3
7146 3
7147 3
7148 0
7149 2
7150 0
7151 0
7152 0
7153 0
7154 0
7155 0
7156 0
7157 0
7158 0
7159 0
7160 0
7161 0
7162 3
7163 2
7164 2
7165 2
7166 2
7167 2
7168 2
7169 2
7170 0
7171 0
7172 1
7173 1
7174 1
7175 1
7176 1
7177 3
7178 1
7179 2
7180 2
7181 2
7182 2
7183 0
7184 0
7185 1
7186 1
7187 1
7188 2
7189 0
7190 2
7191 0
7192 3
7193 2
7194 3
7195 3
7196 3
7197 0
7198 0
7199 0
7200 0
7201 3
7202 1
7203 1
7204 1
7205 1
7206 1
7207 0
7208 0
7209 0
7210 0
7211 0
7212 3
7213 2
7214 2
7215 2
7216 2
7217 3
7218 3
7219 3
7220 3
7221 0
7222 0
7223 3
7224 3
7225 2
7226 2
7227 0
7228 0
7229 0
7230 0
7231 3
7232 3
7233 3
7234 2
7235 2
7236 0
7237 0
7238 2
7239 3
7240 0
7241 0
7242 1
7243 3
7244 2
7245 2
7246 2
7247 0
7248 2
7249 0
7250 0
7251 0
7252 0
7253 0
7254 1
7255 0
7256 1
7257 0
7258 0
7259 2
7260 2
7261 0
7262 0
7263 3
7264 2
7265 3
7266 0
7267 1
7268 2
7269 2
7270 3
7271 3
7272 3
7273 2
7274 3
7275 0
7276 3
7277 0
7278 0
7279 0
7280 0
7281 2
7282 2
7283 3
7284 3
7285 3
7286 3
7287 1
7288 3
7289 3
7290 1
7291 1
7292 1
7293 3
7294 0
7295 2
7296 3
7297 2
7298 2
7299 2
7300 0
7301 0
7302 3
7303 2
7304 3
7305 2
7306 0
7307 11
7308 11
7309 0
7310 0
7311 2
7312 3
7313 0
7314 1
7315 0
7316 2
7317 0
7318 0
7319 0
7320 2
7321 0
7322 0
7323 0
7324 3
7325 0
7326 0
7327 0
7328 0
7329 3
7330 3
7331 1
7332 3
7333 3
7334 3
7335 3
7336 0
7337 0
7338 0
7339 0
7340 0
7341 3
7342 3
7343 3
7344 3
7345 3
7346 0
7347 3
7348 3
7349 2
7350 2
7351 2
7352 2
7353 1
7354 2
7355 2
7356 2
7357 2
7358 4
7359 4
7360 4
7361 4
7362 4
7363 4
7364 4
7365 4
7366 0
7367 3
7368 2
7369 2
7370 2
7371 2
7372 2
7373 0
7374 2
7375 0
7376 0
7377 0
7378 3
7379 3
7380 3
7381 3
7382 3
7383 3
7384 3
7385 1
7386 1
7387 0
7388 0
7389 2
7390 3
7391 3
7392 0
7393 3
7394 3
7395 0
7396 0
7397 0
7398 1
7399 1
7400 4
7401 3
7402 0
7403 2
7404 2
7405 2
7406 2
7407 2
7408 2
7409 0
7410 4
7411 3
7412 2
7413 2
7414 2
7415 3
7416 3
7417 0
7418 2
7419 2
7420 2
7421 2
7422 2
7423 2
7424 2
7425 3
7426 0
7427 0
7428 0
7429 0
7430 0
7431 0
7432 0
7433 0
7434 0
7435 0
7436 0
7437 0
7438 4
7439 4
7440 0
7441 0
7442 1
7443 1
7444 0
7445 3
7446 3
7447 3
7448 0
7449 3
7450 3
7451 0
7452 0
7453 0
7454 0
7455 2
7456 1
7457 3
7458 2
7459 1
7460 3
7461 3
7462 0
7463 0
7464 0
7465 3
7466 0
7467 2
7468 0
7469 0
7470 0
7471 0
7472 2
7473 2
7474 2
7475 2
7476 3
7477 3
7478 0
7479 0
7480 2
7481 1
7482 3
7483 3
7484 3
7485 3
7486 3
7487 3
7488 3
7489 3
7490 3
7491 2
7492 0
7493 2
7494 3
7495 3
7496 3
7497 3
7498 3
7499 3
7500 3
7501 3
7502 0
7503 2
7504 2
7505 1
7506 1
7507 1
7508 0
network of communities computed : Thu Jan  7 08:42:31 2010

network : 12 nodes, 64 links, 70708812 weight.
pass number 1 of -1 : 0.123487 0.12348
pass number 2 of -1 : 0.123487 0.123487
communities computed : Thu Jan  7 08:42:31 2010
modularity increased from 0.12348 to 0.123487
0 1
1 4
2 0
3 2
4 1
5 0
6 1
7 0
8 0
9 3
10 4
11 0
network of communities computed : Thu Jan  7 08:42:31 2010

network : 5 nodes, 19 links, 70708812 weight.
pass number 1 of -1 : 0.123487 0.123487
communities computed : Thu Jan  7 08:42:31 2010
modularity increased from 0.123487 to 0.123487
0 0
1 1
2 2
3 3
4 4
network of communities computed : Thu Jan  7 08:42:31 2010
1e-06 0.123487 134
