Sender: LSF System <lsfadmin@bc01-n13>
Subject: Job 429319: <comm_pct14> Done

Job <comm_pct14> was submitted from host <bc10-n13> by user <jabloche> in cluster <lucky>.
Job was executed on host(s) <bc01-n13>, in queue <week>, as user <jabloche> in cluster <lucky>.
</afs/isis.unc.edu/home/j/a/jabloche> was used as the home directory.
</netscr/jabloche/FirmNetworks/cLouvain> was used as the working directory.
Started at Thu Jan  7 08:40:27 2010
Results reported at Thu Jan  7 08:44:11 2010

Your job looked like:

------------------------------------------------------------
# LSBATCH: User input
/netscr/jabloche/FirmNetworks/cLouvain/community /smallfs/jabloche/fn_edge/el_pct14.bin -l -1 -w
------------------------------------------------------------

Successfully completed.

Resource usage summary:

    CPU time   :    169.97 sec.
    Max Memory :       257 MB
    Max Swap   :       406 MB

    Max Processes  :         4
    Max Threads    :         4

The output (if any) follows:

Your home directory for this job is /netscr/jabloche
start : Thu Jan  7 08:40:27 2010
total : 16459958
file read : Thu Jan  7 08:41:21 2010
network : 8385 nodes, 16459958 links, 263642828 weight.
pass number 1 of -1 : 0.0708046 -0.000206747
pass number 2 of -1 : 0.0821115 0.0708046
pass number 3 of -1 : 0.0824688 0.0821115
pass number 4 of -1 : 0.0825142 0.0824688
pass number 5 of -1 : 0.08252 0.0825142
pass number 6 of -1 : 0.0825209 0.08252
communities computed : Thu Jan  7 08:44:10 2010
modularity increased from -0.000206747 to 0.0825209
0 2
1 0
2 2
3 1
4 1
5 2
6 1
7 1
8 2
9 1
10 1
11 4
12 1
13 1
14 1
15 2
16 1
17 1
18 1
19 1
20 1
21 1
22 1
23 1
24 1
25 1
26 1
27 1
28 1
29 2
30 2
31 1
32 4
33 4
34 1
35 1
36 4
37 1
38 2
39 1
40 1
41 1
42 2
43 2
44 1
45 1
46 1
47 1
48 2
49 1
50 2
51 4
52 2
53 1
54 1
55 1
56 1
57 2
58 1
59 1
60 4
61 1
62 1
63 4
64 1
65 2
66 1
67 2
68 1
69 4
70 1
71 2
72 1
73 1
74 1
75 1
76 1
77 2
78 1
79 4
80 2
81 1
82 2
83 1
84 2
85 1
86 1
87 2
88 1
89 1
90 2
91 1
92 2
93 1
94 1
95 0
96 0
97 0
98 1
99 1
100 0
101 0
102 2
103 2
104 1
105 2
106 0
107 0
108 0
109 0
110 0
111 2
112 2
113 2
114 2
115 1
116 2
117 0
118 1
119 1
120 0
121 2
122 0
123 0
124 0
125 2
126 0
127 0
128 2
129 4
130 2
131 1
132 4
133 4
134 1
135 4
136 1
137 4
138 4
139 1
140 4
141 2
142 2
143 2
144 2
145 1
146 1
147 2
148 1
149 2
150 1
151 4
152 1
153 2
154 2
155 1
156 1
157 1
158 1
159 1
160 2
161 1
162 1
163 1
164 1
165 1
166 1
167 1
168 1
169 4
170 1
171 1
172 1
173 1
174 0
175 1
176 1
177 1
178 1
179 2
180 4
181 1
182 1
183 2
184 1
185 1
186 4
187 4
188 4
189 4
190 4
191 2
192 1
193 1
194 4
195 1
196 2
197 1
198 2
199 1
200 1
201 0
202 1
203 2
204 0
205 1
206 0
207 1
208 1
209 1
210 0
211 0
212 1
213 0
214 2
215 0
216 4
217 0
218 4
219 1
220 2
221 1
222 1
223 0
224 1
225 1
226 0
227 4
228 4
229 2
230 4
231 1
232 0
233 4
234 2
235 1
236 1
237 1
238 1
239 1
240 0
241 0
242 2
243 1
244 1
245 2
246 0
247 2
248 4
249 1
250 2
251 0
252 4
253 4
254 2
255 2
256 1
257 1
258 4
259 0
260 0
261 1
262 1
263 0
264 1
265 0
266 0
267 0
268 1
269 1
270 2
271 2
272 4
273 4
274 0
275 2
276 2
277 0
278 0
279 4
280 1
281 1
282 1
283 1
284 1
285 1
286 1
287 1
288 1
289 2
290 1
291 1
292 1
293 4
294 2
295 2
296 1
297 1
298 4
299 2
300 1
301 2
302 2
303 2
304 1
305 4
306 1
307 0
308 0
309 4
310 0
311 4
312 0
313 0
314 4
315 2
316 1
317 1
318 0
319 1
320 0
321 1
322 1
323 0
324 1
325 2
326 1
327 2
328 1
329 1
330 0
331 1
332 1
333 1
334 2
335 0
336 1
337 4
338 2
339 2
340 0
341 2
342 2
343 1
344 2
345 1
346 2
347 0
348 0
349 0
350 1
351 0
352 1
353 1
354 1
355 1
356 2
357 1
358 2
359 0
360 1
361 2
362 2
363 1
364 0
365 4
366 2
367 4
368 1
369 2
370 1
371 2
372 1
373 1
374 1
375 0
376 2
377 4
378 1
379 2
380 1
381 0
382 1
383 2
384 2
385 2
386 1
387 2
388 2
389 2
390 2
391 2
392 1
393 2
394 2
395 1
396 2
397 2
398 1
399 2
400 2
401 4
402 1
403 1
404 2
405 1
406 1
407 2
408 2
409 1
410 2
411 1
412 2
413 0
414 2
415 2
416 2
417 2
418 2
419 2
420 2
421 2
422 1
423 1
424 2
425 2
426 4
427 2
428 2
429 1
430 2
431 2
432 1
433 1
434 2
435 1
436 2
437 2
438 1
439 2
440 1
441 2
442 2
443 1
444 1
445 1
446 2
447 1
448 2
449 2
450 2
451 2
452 2
453 2
454 2
455 2
456 1
457 0
458 1
459 1
460 1
461 1
462 2
463 2
464 2
465 2
466 2
467 2
468 2
469 2
470 2
471 1
472 1
473 0
474 0
475 2
476 2
477 0
478 1
479 2
480 1
481 1
482 2
483 1
484 2
485 2
486 0
487 2
488 4
489 2
490 2
491 1
492 2
493 1
494 2
495 4
496 1
497 1
498 1
499 1
500 4
501 1
502 1
503 4
504 1
505 1
506 1
507 0
508 1
509 0
510 0
511 4
512 0
513 0
514 0
515 2
516 0
517 0
518 0
519 0
520 2
521 0
522 0
523 0
524 1
525 0
526 0
527 0
528 0
529 1
530 0
531 0
532 2
533 0
534 0
535 0
536 0
537 0
538 1
539 0
540 0
541 0
542 0
543 0
544 0
545 0
546 0
547 0
548 0
549 0
550 0
551 2
552 0
553 0
554 0
555 0
556 0
557 0
558 0
559 0
560 0
561 0
562 0
563 0
564 4
565 1
566 0
567 0
568 0
569 0
570 0
571 0
572 0
573 0
574 1
575 0
576 0
577 0
578 0
579 2
580 0
581 0
582 2
583 1
584 4
585 0
586 0
587 0
588 0
589 1
590 0
591 0
592 0
593 0
594 0
595 0
596 2
597 0
598 0
599 1
600 0
601 0
602 2
603 0
604 0
605 0
606 0
607 0
608 0
609 0
610 0
611 0
612 0
613 0
614 0
615 2
616 0
617 0
618 0
619 0
620 0
621 2
622 0
623 0
624 2
625 0
626 2
627 0
628 0
629 0
630 0
631 0
632 2
633 0
634 0
635 0
636 2
637 1
638 0
639 0
640 2
641 0
642 0
643 0
644 4
645 0
646 0
647 4
648 0
649 4
650 0
651 0
652 0
653 2
654 0
655 0
656 2
657 2
658 1
659 4
660 1
661 1
662 1
663 2
664 1
665 1
666 4
667 2
668 1
669 1
670 2
671 4
672 2
673 1
674 1
675 1
676 2
677 1
678 4
679 1
680 2
681 0
682 1
683 1
684 0
685 1
686 2
687 1
688 1
689 2
690 1
691 1
692 2
693 2
694 2
695 4
696 1
697 2
698 2
699 1
700 1
701 1
702 2
703 1
704 1
705 2
706 1
707 4
708 2
709 1
710 2
711 2
712 1
713 2
714 4
715 1
716 0
717 4
718 2
719 1
720 1
721 2
722 2
723 1
724 1
725 2
726 2
727 2
728 2
729 2
730 1
731 1
732 1
733 2
734 1
735 1
736 1
737 1
738 1
739 1
740 2
741 2
742 2
743 1
744 1
745 2
746 1
747 2
748 1
749 4
750 1
751 1
752 1
753 1
754 2
755 2
756 2
757 1
758 2
759 1
760 2
761 4
762 2
763 1
764 4
765 2
766 1
767 1
768 1
769 1
770 2
771 1
772 2
773 1
774 2
775 1
776 1
777 0
778 2
779 1
780 1
781 1
782 1
783 2
784 1
785 2
786 1
787 1
788 1
789 4
790 1
791 2
792 4
793 2
794 2
795 1
796 1
797 2
798 1
799 1
800 1
801 4
802 1
803 2
804 1
805 2
806 1
807 2
808 1
809 2
810 1
811 1
812 1
813 4
814 1
815 1
816 1
817 1
818 2
819 1
820 1
821 1
822 1
823 1
824 2
825 1
826 1
827 1
828 1
829 2
830 1
831 1
832 1
833 1
834 1
835 1
836 1
837 1
838 4
839 1
840 1
841 2
842 1
843 4
844 1
845 4
846 2
847 1
848 1
849 2
850 1
851 1
852 2
853 1
854 2
855 2
856 2
857 1
858 2
859 1
860 2
861 2
862 2
863 2
864 1
865 2
866 1
867 1
868 1
869 1
870 1
871 2
872 1
873 1
874 1
875 1
876 1
877 1
878 4
879 4
880 4
881 4
882 4
883 4
884 4
885 4
886 4
887 4
888 4
889 4
890 4
891 4
892 4
893 4
894 4
895 4
896 4
897 4
898 1
899 1
900 1
901 1
902 2
903 1
904 2
905 2
906 1
907 4
908 1
909 1
910 1
911 1
912 4
913 4
914 1
915 1
916 2
917 1
918 1
919 1
920 1
921 1
922 1
923 1
924 4
925 2
926 2
927 2
928 1
929 1
930 2
931 2
932 1
933 1
934 4
935 1
936 1
937 1
938 4
939 1
940 1
941 1
942 2
943 2
944 1
945 4
946 1
947 1
948 1
949 2
950 1
951 1
952 4
953 1
954 2
955 2
956 2
957 2
958 1
959 1
960 2
961 1
962 2
963 1
964 2
965 2
966 2
967 2
968 2
969 2
970 2
971 1
972 2
973 1
974 2
975 4
976 2
977 4
978 1
979 1
980 2
981 1
982 1
983 1
984 1
985 1
986 1
987 2
988 2
989 1
990 1
991 2
992 1
993 1
994 1
995 2
996 2
997 1
998 1
999 2
1000 2
1001 4
1002 4
1003 1
1004 1
1005 1
1006 1
1007 1
1008 1
1009 2
1010 2
1011 1
1012 1
1013 2
1014 1
1015 2
1016 1
1017 1
1018 1
1019 1
1020 2
1021 2
1022 1
1023 1
1024 1
1025 1
1026 2
1027 2
1028 2
1029 1
1030 1
1031 2
1032 1
1033 1
1034 4
1035 1
1036 1
1037 2
1038 2
1039 1
1040 1
1041 1
1042 2
1043 2
1044 1
1045 1
1046 2
1047 4
1048 4
1049 1
1050 1
1051 1
1052 4
1053 4
1054 4
1055 4
1056 4
1057 1
1058 2
1059 1
1060 4
1061 1
1062 1
1063 1
1064 2
1065 1
1066 1
1067 1
1068 1
1069 2
1070 2
1071 2
1072 2
1073 4
1074 1
1075 1
1076 1
1077 1
1078 1
1079 4
1080 2
1081 2
1082 2
1083 1
1084 1
1085 2
1086 1
1087 1
1088 2
1089 1
1090 1
1091 4
1092 1
1093 2
1094 1
1095 1
1096 2
1097 1
1098 1
1099 2
1100 4
1101 1
1102 4
1103 1
1104 1
1105 1
1106 1
1107 1
1108 4
1109 2
1110 1
1111 2
1112 4
1113 4
1114 2
1115 1
1116 1
1117 1
1118 1
1119 1
1120 1
1121 2
1122 1
1123 1
1124 4
1125 1
1126 1
1127 2
1128 1
1129 4
1130 1
1131 1
1132 2
1133 1
1134 1
1135 1
1136 2
1137 1
1138 2
1139 1
1140 1
1141 2
1142 1
1143 1
1144 2
1145 1
1146 2
1147 2
1148 2
1149 1
1150 2
1151 2
1152 2
1153 1
1154 1
1155 1
1156 4
1157 1
1158 2
1159 4
1160 1
1161 1
1162 2
1163 2
1164 2
1165 1
1166 0
1167 2
1168 1
1169 1
1170 1
1171 2
1172 2
1173 2
1174 2
1175 2
1176 1
1177 2
1178 4
1179 2
1180 1
1181 4
1182 1
1183 1
1184 2
1185 1
1186 0
1187 2
1188 2
1189 1
1190 2
1191 1
1192 2
1193 2
1194 2
1195 1
1196 0
1197 1
1198 1
1199 1
1200 1
1201 2
1202 0
1203 1
1204 1
1205 1
1206 2
1207 1
1208 2
1209 1
1210 1
1211 2
1212 1
1213 1
1214 1
1215 2
1216 2
1217 4
1218 1
1219 1
1220 2
1221 1
1222 2
1223 1
1224 0
1225 0
1226 1
1227 4
1228 1
1229 0
1230 2
1231 1
1232 2
1233 1
1234 0
1235 1
1236 0
1237 2
1238 1
1239 1
1240 4
1241 0
1242 1
1243 0
1244 2
1245 0
1246 4
1247 1
1248 1
1249 1
1250 1
1251 2
1252 0
1253 2
1254 2
1255 2
1256 1
1257 1
1258 2
1259 1
1260 1
1261 2
1262 4
1263 0
1264 0
1265 2
1266 2
1267 4
1268 0
1269 4
1270 1
1271 4
1272 0
1273 1
1274 1
1275 2
1276 2
1277 0
1278 2
1279 2
1280 1
1281 2
1282 0
1283 1
1284 2
1285 1
1286 2
1287 4
1288 1
1289 2
1290 2
1291 2
1292 2
1293 2
1294 1
1295 1
1296 2
1297 2
1298 1
1299 1
1300 2
1301 0
1302 1
1303 2
1304 0
1305 0
1306 2
1307 1
1308 2
1309 2
1310 1
1311 0
1312 2
1313 4
1314 0
1315 2
1316 2
1317 2
1318 1
1319 1
1320 0
1321 2
1322 2
1323 2
1324 0
1325 1
1326 0
1327 1
1328 1
1329 1
1330 2
1331 1
1332 4
1333 4
1334 4
1335 1
1336 2
1337 1
1338 1
1339 2
1340 1
1341 1
1342 4
1343 1
1344 2
1345 2
1346 2
1347 2
1348 1
1349 1
1350 2
1351 2
1352 1
1353 0
1354 0
1355 2
1356 2
1357 0
1358 1
1359 2
1360 4
1361 2
1362 1
1363 1
1364 2
1365 1
1366 1
1367 1
1368 1
1369 1
1370 0
1371 2
1372 0
1373 2
1374 2
1375 2
1376 2
1377 0
1378 2
1379 2
1380 1
1381 4
1382 2
1383 1
1384 1
1385 2
1386 1
1387 2
1388 2
1389 2
1390 1
1391 0
1392 1
1393 2
1394 1
1395 2
1396 4
1397 2
1398 1
1399 2
1400 2
1401 0
1402 1
1403 2
1404 1
1405 4
1406 0
1407 2
1408 0
1409 4
1410 4
1411 4
1412 2
1413 2
1414 2
1415 0
1416 2
1417 0
1418 2
1419 1
1420 2
1421 1
1422 0
1423 2
1424 1
1425 1
1426 0
1427 0
1428 4
1429 2
1430 1
1431 0
1432 0
1433 1
1434 0
1435 1
1436 2
1437 2
1438 1
1439 4
1440 2
1441 2
1442 0
1443 1
1444 1
1445 1
1446 0
1447 2
1448 4
1449 4
1450 2
1451 2
1452 1
1453 1
1454 4
1455 0
1456 1
1457 2
1458 1
1459 1
1460 1
1461 2
1462 1
1463 2
1464 1
1465 2
1466 1
1467 1
1468 0
1469 2
1470 0
1471 2
1472 1
1473 1
1474 4
1475 2
1476 2
1477 2
1478 0
1479 1
1480 1
1481 1
1482 2
1483 2
1484 1
1485 1
1486 1
1487 1
1488 1
1489 0
1490 1
1491 0
1492 1
1493 2
1494 1
1495 4
1496 0
1497 4
1498 1
1499 1
1500 0
1501 0
1502 2
1503 1
1504 1
1505 2
1506 2
1507 1
1508 1
1509 4
1510 2
1511 1
1512 2
1513 2
1514 0
1515 2
1516 0
1517 2
1518 2
1519 0
1520 4
1521 1
1522 1
1523 1
1524 2
1525 2
1526 0
1527 2
1528 4
1529 4
1530 0
1531 1
1532 1
1533 1
1534 2
1535 0
1536 1
1537 2
1538 0
1539 1
1540 0
1541 1
1542 2
1543 2
1544 1
1545 1
1546 0
1547 2
1548 0
1549 4
1550 1
1551 1
1552 1
1553 4
1554 1
1555 4
1556 2
1557 2
1558 2
1559 2
1560 2
1561 2
1562 2
1563 1
1564 1
1565 1
1566 2
1567 1
1568 2
1569 1
1570 2
1571 0
1572 1
1573 2
1574 2
1575 1
1576 2
1577 2
1578 2
1579 2
1580 2
1581 4
1582 2
1583 2
1584 2
1585 2
1586 4
1587 2
1588 1
1589 2
1590 2
1591 4
1592 1
1593 2
1594 2
1595 1
1596 1
1597 2
1598 4
1599 0
1600 1
1601 2
1602 2
1603 0
1604 2
1605 0
1606 0
1607 2
1608 1
1609 2
1610 1
1611 2
1612 1
1613 1
1614 2
1615 1
1616 2
1617 4
1618 4
1619 2
1620 0
1621 4
1622 4
1623 4
1624 1
1625 4
1626 1
1627 2
1628 2
1629 1
1630 1
1631 2
1632 1
1633 2
1634 4
1635 2
1636 2
1637 1
1638 1
1639 2
1640 1
1641 2
1642 1
1643 0
1644 1
1645 2
1646 2
1647 1
1648 1
1649 0
1650 1
1651 1
1652 2
1653 1
1654 1
1655 4
1656 1
1657 4
1658 2
1659 1
1660 2
1661 4
1662 1
1663 2
1664 1
1665 4
1666 1
1667 2
1668 1
1669 1
1670 0
1671 1
1672 2
1673 2
1674 1
1675 4
1676 0
1677 2
1678 1
1679 2
1680 2
1681 0
1682 0
1683 2
1684 2
1685 2
1686 2
1687 1
1688 1
1689 0
1690 2
1691 0
1692 4
1693 2
1694 1
1695 2
1696 0
1697 4
1698 0
1699 2
1700 1
1701 1
1702 1
1703 1
1704 1
1705 2
1706 2
1707 0
1708 2
1709 2
1710 2
1711 2
1712 2
1713 2
1714 0
1715 2
1716 2
1717 4
1718 1
1719 2
1720 0
1721 2
1722 1
1723 2
1724 2
1725 0
1726 0
1727 1
1728 2
1729 1
1730 1
1731 2
1732 1
1733 0
1734 0
1735 1
1736 4
1737 2
1738 1
1739 1
1740 1
1741 2
1742 2
1743 2
1744 1
1745 2
1746 2
1747 2
1748 4
1749 2
1750 2
1751 0
1752 4
1753 1
1754 1
1755 4
1756 2
1757 2
1758 1
1759 2
1760 2
1761 1
1762 1
1763 1
1764 2
1765 2
1766 1
1767 2
1768 2
1769 2
1770 2
1771 2
1772 4
1773 2
1774 0
1775 4
1776 1
1777 4
1778 1
1779 4
1780 2
1781 2
1782 2
1783 4
1784 2
1785 0
1786 2
1787 1
1788 2
1789 1
1790 4
1791 4
1792 0
1793 0
1794 2
1795 0
1796 0
1797 2
1798 0
1799 0
1800 2
1801 0
1802 1
1803 4
1804 0
1805 1
1806 0
1807 0
1808 0
1809 0
1810 0
1811 0
1812 1
1813 0
1814 0
1815 0
1816 1
1817 0
1818 0
1819 0
1820 0
1821 0
1822 4
1823 2
1824 1
1825 2
1826 0
1827 1
1828 1
1829 2
1830 1
1831 0
1832 1
1833 0
1834 0
1835 0
1836 1
1837 2
1838 2
1839 2
1840 0
1841 0
1842 4
1843 1
1844 1
1845 0
1846 0
1847 1
1848 1
1849 0
1850 0
1851 1
1852 0
1853 0
1854 0
1855 0
1856 4
1857 1
1858 4
1859 0
1860 1
1861 0
1862 0
1863 0
1864 2
1865 0
1866 2
1867 4
1868 1
1869 2
1870 0
1871 1
1872 0
1873 2
1874 0
1875 0
1876 0
1877 0
1878 0
1879 4
1880 2
1881 0
1882 0
1883 1
1884 0
1885 0
1886 0
1887 0
1888 0
1889 1
1890 0
1891 4
1892 0
1893 0
1894 0
1895 1
1896 0
1897 0
1898 0
1899 4
1900 0
1901 1
1902 1
1903 4
1904 0
1905 0
1906 2
1907 0
1908 2
1909 0
1910 0
1911 0
1912 0
1913 4
1914 0
1915 4
1916 0
1917 1
1918 0
1919 0
1920 0
1921 0
1922 0
1923 0
1924 0
1925 0
1926 0
1927 0
1928 0
1929 0
1930 1
1931 0
1932 1
1933 0
1934 2
1935 2
1936 0
1937 1
1938 1
1939 1
1940 0
1941 2
1942 0
1943 2
1944 0
1945 0
1946 0
1947 2
1948 2
1949 1
1950 1
1951 0
1952 2
1953 0
1954 1
1955 2
1956 0
1957 1
1958 2
1959 1
1960 2
1961 1
1962 4
1963 0
1964 4
1965 0
1966 2
1967 2
1968 0
1969 2
1970 1
1971 1
1972 2
1973 0
1974 2
1975 4
1976 1
1977 4
1978 4
1979 4
1980 4
1981 0
1982 2
1983 4
1984 4
1985 4
1986 4
1987 0
1988 0
1989 0
1990 1
1991 4
1992 4
1993 2
1994 4
1995 0
1996 1
1997 1
1998 4
1999 4
2000 1
2001 1
2002 1
2003 1
2004 4
2005 4
2006 0
2007 1
2008 2
2009 1
2010 4
2011 1
2012 1
2013 1
2014 1
2015 1
2016 2
2017 0
2018 4
2019 4
2020 1
2021 4
2022 1
2023 0
2024 0
2025 0
2026 1
2027 0
2028 4
2029 4
2030 4
2031 4
2032 4
2033 4
2034 4
2035 4
2036 4
2037 4
2038 2
2039 0
2040 0
2041 1
2042 2
2043 1
2044 4
2045 1
2046 4
2047 4
2048 2
2049 2
2050 4
2051 0
2052 1
2053 2
2054 4
2055 4
2056 4
2057 4
2058 4
2059 4
2060 0
2061 4
2062 0
2063 1
2064 2
2065 4
2066 1
2067 2
2068 4
2069 4
2070 4
2071 4
2072 4
2073 4
2074 0
2075 0
2076 1
2077 1
2078 4
2079 4
2080 4
2081 4
2082 1
2083 4
2084 4
2085 1
2086 4
2087 4
2088 4
2089 0
2090 1
2091 1
2092 4
2093 2
2094 2
2095 1
2096 4
2097 0
2098 0
2099 1
2100 0
2101 2
2102 2
2103 4
2104 4
2105 0
2106 4
2107 4
2108 0
2109 0
2110 1
2111 4
2112 2
2113 2
2114 2
2115 1
2116 0
2117 2
2118 0
2119 1
2120 2
2121 1
2122 2
2123 2
2124 1
2125 2
2126 0
2127 1
2128 2
2129 2
2130 1
2131 0
2132 4
2133 0
2134 4
2135 2
2136 1
2137 2
2138 2
2139 4
2140 2
2141 1
2142 2
2143 2
2144 2
2145 1
2146 1
2147 2
2148 2
2149 1
2150 2
2151 2
2152 2
2153 2
2154 2
2155 4
2156 2
2157 2
2158 1
2159 1
2160 1
2161 2
2162 1
2163 2
2164 2
2165 2
2166 1
2167 0
2168 2
2169 0
2170 2
2171 2
2172 2
2173 0
2174 1
2175 2
2176 2
2177 1
2178 0
2179 4
2180 1
2181 2
2182 2
2183 1
2184 2
2185 1
2186 1
2187 2
2188 1
2189 2
2190 2
2191 4
2192 1
2193 2
2194 1
2195 4
2196 2
2197 1
2198 0
2199 2
2200 1
2201 2
2202 0
2203 2
2204 2
2205 1
2206 1
2207 2
2208 2
2209 1
2210 2
2211 0
2212 1
2213 4
2214 2
2215 2
2216 2
2217 1
2218 1
2219 2
2220 4
2221 2
2222 2
2223 1
2224 1
2225 2
2226 0
2227 1
2228 0
2229 2
2230 4
2231 1
2232 4
2233 2
2234 2
2235 1
2236 2
2237 4
2238 2
2239 2
2240 1
2241 2
2242 2
2243 2
2244 4
2245 2
2246 1
2247 2
2248 1
2249 0
2250 1
2251 2
2252 1
2253 2
2254 0
2255 1
2256 1
2257 0
2258 1
2259 2
2260 1
2261 1
2262 4
2263 0
2264 0
2265 2
2266 1
2267 2
2268 1
2269 0
2270 1
2271 2
2272 2
2273 2
2274 0
2275 2
2276 4
2277 1
2278 0
2279 1
2280 1
2281 4
2282 2
2283 1
2284 1
2285 2
2286 1
2287 2
2288 0
2289 2
2290 0
2291 1
2292 4
2293 1
2294 2
2295 1
2296 0
2297 1
2298 2
2299 1
2300 0
2301 0
2302 1
2303 0
2304 0
2305 4
2306 0
2307 2
2308 0
2309 1
2310 2
2311 4
2312 0
2313 1
2314 2
2315 2
2316 1
2317 2
2318 1
2319 1
2320 1
2321 2
2322 1
2323 2
2324 2
2325 0
2326 2
2327 1
2328 0
2329 2
2330 2
2331 4
2332 1
2333 0
2334 4
2335 2
2336 1
2337 4
2338 4
2339 2
2340 4
2341 4
2342 4
2343 2
2344 2
2345 4
2346 0
2347 4
2348 0
2349 0
2350 0
2351 1
2352 1
2353 1
2354 2
2355 2
2356 1
2357 2
2358 2
2359 1
2360 2
2361 2
2362 2
2363 4
2364 1
2365 1
2366 1
2367 2
2368 2
2369 4
2370 2
2371 1
2372 2
2373 0
2374 4
2375 1
2376 1
2377 0
2378 0
2379 1
2380 1
2381 2
2382 0
2383 2
2384 0
2385 2
2386 1
2387 1
2388 2
2389 1
2390 2
2391 0
2392 2
2393 1
2394 0
2395 2
2396 0
2397 2
2398 0
2399 1
2400 2
2401 0
2402 2
2403 1
2404 0
2405 1
2406 1
2407 1
2408 2
2409 0
2410 2
2411 1
2412 2
2413 1
2414 1
2415 1
2416 4
2417 2
2418 2
2419 2
2420 2
2421 1
2422 0
2423 2
2424 2
2425 4
2426 2
2427 2
2428 0
2429 2
2430 2
2431 0
2432 1
2433 1
2434 1
2435 0
2436 0
2437 2
2438 1
2439 4
2440 2
2441 1
2442 0
2443 2
2444 2
2445 2
2446 1
2447 2
2448 2
2449 2
2450 1
2451 1
2452 2
2453 0
2454 1
2455 1
2456 0
2457 2
2458 1
2459 0
2460 2
2461 1
2462 2
2463 2
2464 0
2465 0
2466 2
2467 2
2468 2
2469 4
2470 2
2471 2
2472 0
2473 4
2474 1
2475 0
2476 2
2477 1
2478 2
2479 1
2480 2
2481 0
2482 1
2483 2
2484 2
2485 4
2486 2
2487 2
2488 1
2489 0
2490 1
2491 0
2492 2
2493 0
2494 4
2495 1
2496 1
2497 0
2498 1
2499 1
2500 0
2501 2
2502 2
2503 2
2504 2
2505 2
2506 0
2507 0
2508 2
2509 1
2510 0
2511 1
2512 1
2513 1
2514 1
2515 0
2516 2
2517 1
2518 2
2519 2
2520 0
2521 0
2522 1
2523 1
2524 1
2525 1
2526 1
2527 1
2528 0
2529 4
2530 2
2531 1
2532 1
2533 1
2534 1
2535 1
2536 1
2537 2
2538 2
2539 1
2540 0
2541 0
2542 2
2543 2
2544 1
2545 2
2546 1
2547 1
2548 1
2549 2
2550 0
2551 1
2552 2
2553 0
2554 2
2555 1
2556 0
2557 2
2558 1
2559 1
2560 1
2561 0
2562 2
2563 2
2564 0
2565 0
2566 0
2567 1
2568 0
2569 0
2570 2
2571 1
2572 2
2573 1
2574 1
2575 1
2576 0
2577 0
2578 0
2579 1
2580 0
2581 0
2582 1
2583 1
2584 1
2585 2
2586 1
2587 0
2588 0
2589 1
2590 0
2591 1
2592 0
2593 1
2594 2
2595 0
2596 1
2597 0
2598 0
2599 1
2600 1
2601 0
2602 0
2603 1
2604 2
2605 1
2606 2
2607 0
2608 1
2609 2
2610 0
2611 4
2612 1
2613 0
2614 1
2615 1
2616 0
2617 1
2618 2
2619 4
2620 2
2621 2
2622 2
2623 1
2624 0
2625 2
2626 4
2627 2
2628 1
2629 4
2630 2
2631 2
2632 1
2633 1
2634 0
2635 0
2636 4
2637 0
2638 1
2639 1
2640 2
2641 0
2642 2
2643 2
2644 1
2645 1
2646 1
2647 2
2648 2
2649 1
2650 0
2651 2
2652 4
2653 0
2654 1
2655 1
2656 1
2657 1
2658 0
2659 2
2660 2
2661 1
2662 2
2663 0
2664 1
2665 2
2666 1
2667 2
2668 2
2669 2
2670 4
2671 0
2672 2
2673 1
2674 1
2675 0
2676 2
2677 1
2678 0
2679 1
2680 0
2681 1
2682 1
2683 2
2684 0
2685 2
2686 0
2687 0
2688 2
2689 2
2690 0
2691 1
2692 1
2693 1
2694 1
2695 0
2696 1
2697 1
2698 4
2699 1
2700 2
2701 2
2702 2
2703 0
2704 1
2705 2
2706 1
2707 1
2708 1
2709 1
2710 0
2711 1
2712 0
2713 1
2714 1
2715 1
2716 1
2717 0
2718 1
2719 1
2720 1
2721 1
2722 1
2723 2
2724 2
2725 1
2726 2
2727 1
2728 2
2729 0
2730 0
2731 0
2732 1
2733 2
2734 4
2735 2
2736 4
2737 0
2738 1
2739 0
2740 1
2741 1
2742 2
2743 2
2744 0
2745 1
2746 2
2747 1
2748 1
2749 2
2750 1
2751 2
2752 4
2753 2
2754 2
2755 1
2756 1
2757 0
2758 0
2759 0
2760 1
2761 1
2762 2
2763 0
2764 1
2765 2
2766 2
2767 0
2768 0
2769 2
2770 0
2771 4
2772 4
2773 4
2774 2
2775 1
2776 4
2777 0
2778 4
2779 0
2780 0
2781 4
2782 2
2783 1
2784 2
2785 1
2786 1
2787 4
2788 4
2789 4
2790 4
2791 4
2792 4
2793 4
2794 4
2795 4
2796 1
2797 4
2798 4
2799 4
2800 0
2801 1
2802 4
2803 4
2804 4
2805 4
2806 4
2807 4
2808 4
2809 4
2810 4
2811 4
2812 4
2813 4
2814 4
2815 4
2816 4
2817 4
2818 4
2819 4
2820 4
2821 2
2822 2
2823 2
2824 4
2825 0
2826 1
2827 0
2828 2
2829 0
2830 2
2831 0
2832 0
2833 2
2834 0
2835 4
2836 2
2837 0
2838 4
2839 1
2840 1
2841 2
2842 2
2843 4
2844 2
2845 2
2846 4
2847 1
2848 1
2849 1
2850 2
2851 2
2852 1
2853 0
2854 2
2855 0
2856 4
2857 0
2858 0
2859 2
2860 1
2861 2
2862 1
2863 4
2864 0
2865 0
2866 1
2867 4
2868 0
2869 4
2870 4
2871 2
2872 1
2873 0
2874 2
2875 2
2876 2
2877 4
2878 4
2879 1
2880 0
2881 1
2882 2
2883 0
2884 4
2885 1
2886 2
2887 0
2888 0
2889 4
2890 4
2891 2
2892 4
2893 4
2894 0
2895 0
2896 1
2897 1
2898 4
2899 2
2900 0
2901 2
2902 1
2903 2
2904 0
2905 0
2906 2
2907 1
2908 0
2909 4
2910 4
2911 1
2912 1
2913 0
2914 0
2915 1
2916 2
2917 2
2918 0
2919 2
2920 0
2921 2
2922 4
2923 4
2924 4
2925 2
2926 0
2927 0
2928 0
2929 1
2930 1
2931 0
2932 2
2933 0
2934 0
2935 1
2936 0
2937 1
2938 2
2939 1
2940 4
2941 1
2942 2
2943 1
2944 0
2945 2
2946 1
2947 2
2948 0
2949 1
2950 1
2951 0
2952 1
2953 2
2954 2
2955 2
2956 2
2957 0
2958 0
2959 2
2960 2
2961 4
2962 1
2963 1
2964 0
2965 2
2966 1
2967 1
2968 1
2969 0
2970 1
2971 2
2972 0
2973 0
2974 1
2975 2
2976 4
2977 1
2978 0
2979 1
2980 0
2981 2
2982 1
2983 2
2984 0
2985 0
2986 2
2987 1
2988 1
2989 0
2990 2
2991 0
2992 1
2993 0
2994 0
2995 2
2996 2
2997 4
2998 4
2999 4
3000 4
3001 4
3002 2
3003 0
3004 1
3005 2
3006 1
3007 0
3008 2
3009 0
3010 0
3011 1
3012 4
3013 4
3014 1
3015 1
3016 4
3017 1
3018 4
3019 0
3020 0
3021 0
3022 4
3023 4
3024 2
3025 0
3026 4
3027 1
3028 0
3029 1
3030 0
3031 0
3032 2
3033 1
3034 0
3035 0
3036 1
3037 1
3038 0
3039 0
3040 0
3041 0
3042 0
3043 1
3044 1
3045 1
3046 1
3047 1
3048 2
3049 0
3050 1
3051 1
3052 0
3053 0
3054 1
3055 1
3056 2
3057 0
3058 1
3059 0
3060 4
3061 0
3062 1
3063 0
3064 2
3065 1
3066 0
3067 2
3068 1
3069 1
3070 2
3071 1
3072 2
3073 0
3074 1
3075 0
3076 1
3077 0
3078 2
3079 0
3080 1
3081 2
3082 2
3083 1
3084 0
3085 2
3086 0
3087 1
3088 1
3089 1
3090 0
3091 2
3092 2
3093 1
3094 1
3095 1
3096 1
3097 1
3098 0
3099 1
3100 2
3101 1
3102 4
3103 4
3104 4
3105 2
3106 1
3107 1
3108 2
3109 2
3110 1
3111 1
3112 2
3113 2
3114 0
3115 1
3116 1
3117 4
3118 1
3119 1
3120 0
3121 1
3122 1
3123 1
3124 2
3125 2
3126 1
3127 4
3128 1
3129 0
3130 2
3131 2
3132 1
3133 0
3134 2
3135 2
3136 1
3137 4
3138 4
3139 0
3140 2
3141 1
3142 2
3143 0
3144 1
3145 0
3146 4
3147 0
3148 0
3149 2
3150 2
3151 0
3152 2
3153 1
3154 0
3155 0
3156 4
3157 4
3158 0
3159 2
3160 0
3161 0
3162 1
3163 4
3164 1
3165 0
3166 0
3167 1
3168 0
3169 4
3170 1
3171 0
3172 1
3173 1
3174 2
3175 2
3176 0
3177 2
3178 2
3179 1
3180 1
3181 2
3182 4
3183 0
3184 0
3185 2
3186 2
3187 0
3188 0
3189 0
3190 2
3191 4
3192 4
3193 4
3194 4
3195 0
3196 2
3197 0
3198 2
3199 0
3200 2
3201 0
3202 0
3203 1
3204 4
3205 1
3206 0
3207 2
3208 0
3209 0
3210 1
3211 0
3212 1
3213 2
3214 4
3215 4
3216 4
3217 0
3218 0
3219 0
3220 1
3221 0
3222 0
3223 1
3224 0
3225 1
3226 4
3227 4
3228 2
3229 1
3230 0
3231 2
3232 4
3233 0
3234 1
3235 0
3236 1
3237 1
3238 0
3239 0
3240 1
3241 2
3242 2
3243 1
3244 2
3245 0
3246 1
3247 4
3248 0
3249 0
3250 0
3251 1
3252 0
3253 0
3254 1
3255 0
3256 0
3257 0
3258 0
3259 0
3260 0
3261 1
3262 1
3263 1
3264 0
3265 1
3266 0
3267 0
3268 4
3269 4
3270 0
3271 2
3272 0
3273 4
3274 0
3275 4
3276 0
3277 0
3278 2
3279 1
3280 0
3281 0
3282 4
3283 2
3284 4
3285 2
3286 2
3287 2
3288 1
3289 0
3290 2
3291 1
3292 0
3293 2
3294 0
3295 1
3296 0
3297 2
3298 1
3299 4
3300 2
3301 4
3302 1
3303 2
3304 2
3305 0
3306 1
3307 0
3308 2
3309 0
3310 2
3311 1
3312 0
3313 4
3314 0
3315 2
3316 0
3317 0
3318 4
3319 0
3320 4
3321 1
3322 4
3323 4
3324 4
3325 4
3326 0
3327 0
3328 0
3329 2
3330 1
3331 0
3332 0
3333 0
3334 1
3335 0
3336 0
3337 0
3338 1
3339 0
3340 2
3341 0
3342 1
3343 1
3344 1
3345 1
3346 1
3347 0
3348 2
3349 4
3350 2
3351 2
3352 1
3353 0
3354 0
3355 0
3356 1
3357 0
3358 1
3359 4
3360 0
3361 2
3362 4
3363 2
3364 0
3365 1
3366 0
3367 4
3368 0
3369 2
3370 1
3371 2
3372 1
3373 0
3374 0
3375 0
3376 1
3377 4
3378 0
3379 2
3380 2
3381 0
3382 2
3383 0
3384 2
3385 1
3386 4
3387 2
3388 0
3389 0
3390 0
3391 0
3392 0
3393 2
3394 1
3395 2
3396 0
3397 0
3398 0
3399 0
3400 2
3401 0
3402 2
3403 2
3404 1
3405 0
3406 2
3407 1
3408 1
3409 4
3410 4
3411 4
3412 4
3413 4
3414 4
3415 4
3416 4
3417 4
3418 4
3419 4
3420 4
3421 4
3422 4
3423 4
3424 4
3425 4
3426 4
3427 4
3428 4
3429 4
3430 4
3431 4
3432 4
3433 4
3434 4
3435 4
3436 4
3437 4
3438 4
3439 4
3440 4
3441 1
3442 4
3443 2
3444 0
3445 0
3446 1
3447 1
3448 2
3449 0
3450 1
3451 1
3452 0
3453 1
3454 1
3455 1
3456 0
3457 1
3458 1
3459 0
3460 2
3461 1
3462 1
3463 2
3464 2
3465 0
3466 2
3467 2
3468 0
3469 1
3470 0
3471 2
3472 2
3473 0
3474 1
3475 2
3476 0
3477 1
3478 1
3479 0
3480 0
3481 1
3482 0
3483 0
3484 1
3485 0
3486 0
3487 2
3488 2
3489 1
3490 0
3491 1
3492 2
3493 1
3494 2
3495 2
3496 1
3497 0
3498 4
3499 0
3500 0
3501 0
3502 4
3503 1
3504 1
3505 4
3506 0
3507 1
3508 2
3509 0
3510 0
3511 0
3512 1
3513 4
3514 0
3515 0
3516 0
3517 4
3518 0
3519 1
3520 4
3521 1
3522 4
3523 1
3524 0
3525 2
3526 2
3527 2
3528 1
3529 0
3530 2
3531 1
3532 2
3533 0
3534 1
3535 0
3536 0
3537 0
3538 0
3539 0
3540 0
3541 1
3542 4
3543 0
3544 0
3545 1
3546 2
3547 1
3548 0
3549 4
3550 1
3551 1
3552 2
3553 0
3554 0
3555 2
3556 2
3557 2
3558 1
3559 2
3560 0
3561 1
3562 0
3563 0
3564 0
3565 2
3566 2
3567 2
3568 1
3569 1
3570 2
3571 2
3572 2
3573 2
3574 1
3575 2
3576 0
3577 4
3578 0
3579 2
3580 1
3581 1
3582 0
3583 0
3584 0
3585 1
3586 0
3587 1
3588 0
3589 0
3590 2
3591 2
3592 0
3593 2
3594 1
3595 0
3596 2
3597 2
3598 0
3599 1
3600 2
3601 0
3602 2
3603 2
3604 2
3605 0
3606 0
3607 2
3608 2
3609 1
3610 0
3611 0
3612 0
3613 4
3614 2
3615 0
3616 1
3617 0
3618 2
3619 0
3620 4
3621 2
3622 0
3623 4
3624 0
3625 4
3626 0
3627 1
3628 2
3629 0
3630 4
3631 4
3632 1
3633 4
3634 4
3635 0
3636 4
3637 2
3638 0
3639 0
3640 0
3641 0
3642 0
3643 0
3644 2
3645 1
3646 1
3647 0
3648 0
3649 2
3650 1
3651 2
3652 0
3653 1
3654 2
3655 2
3656 2
3657 2
3658 0
3659 2
3660 0
3661 2
3662 2
3663 1
3664 2
3665 1
3666 0
3667 1
3668 4
3669 4
3670 1
3671 0
3672 0
3673 4
3674 1
3675 0
3676 1
3677 2
3678 0
3679 4
3680 0
3681 1
3682 0
3683 2
3684 1
3685 0
3686 2
3687 1
3688 2
3689 2
3690 0
3691 2
3692 1
3693 0
3694 1
3695 2
3696 2
3697 0
3698 1
3699 1
3700 2
3701 4
3702 2
3703 0
3704 0
3705 4
3706 4
3707 4
3708 4
3709 4
3710 2
3711 1
3712 1
3713 0
3714 2
3715 1
3716 1
3717 1
3718 1
3719 0
3720 4
3721 4
3722 0
3723 0
3724 4
3725 4
3726 4
3727 4
3728 0
3729 1
3730 0
3731 0
3732 1
3733 2
3734 0
3735 2
3736 2
3737 0
3738 0
3739 0
3740 2
3741 0
3742 1
3743 1
3744 4
3745 1
3746 0
3747 0
3748 2
3749 0
3750 2
3751 0
3752 4
3753 2
3754 0
3755 0
3756 4
3757 2
3758 0
3759 2
3760 2
3761 2
3762 0
3763 0
3764 1
3765 0
3766 2
3767 0
3768 1
3769 1
3770 4
3771 4
3772 4
3773 1
3774 4
3775 4
3776 4
3777 0
3778 4
3779 1
3780 1
3781 0
3782 1
3783 0
3784 1
3785 0
3786 2
3787 2
3788 0
3789 2
3790 4
3791 4
3792 0
3793 2
3794 1
3795 1
3796 1
3797 1
3798 0
3799 0
3800 1
3801 0
3802 0
3803 0
3804 2
3805 1
3806 0
3807 1
3808 0
3809 2
3810 1
3811 0
3812 1
3813 0
3814 1
3815 0
3816 4
3817 2
3818 0
3819 0
3820 1
3821 0
3822 0
3823 0
3824 4
3825 0
3826 0
3827 0
3828 2
3829 1
3830 4
3831 2
3832 1
3833 0
3834 2
3835 1
3836 2
3837 0
3838 0
3839 0
3840 0
3841 1
3842 0
3843 2
3844 0
3845 2
3846 0
3847 2
3848 1
3849 1
3850 1
3851 0
3852 0
3853 0
3854 0
3855 2
3856 0
3857 1
3858 0
3859 0
3860 1
3861 4
3862 4
3863 4
3864 4
3865 4
3866 0
3867 1
3868 0
3869 2
3870 0
3871 4
3872 0
3873 0
3874 2
3875 2
3876 0
3877 0
3878 0
3879 0
3880 4
3881 0
3882 1
3883 1
3884 0
3885 2
3886 1
3887 0
3888 0
3889 1
3890 1
3891 2
3892 2
3893 0
3894 1
3895 2
3896 0
3897 4
3898 2
3899 4
3900 4
3901 0
3902 0
3903 0
3904 2
3905 1
3906 2
3907 0
3908 2
3909 0
3910 0
3911 1
3912 1
3913 1
3914 0
3915 4
3916 4
3917 1
3918 2
3919 1
3920 1
3921 1
3922 1
3923 0
3924 1
3925 1
3926 0
3927 1
3928 1
3929 0
3930 2
3931 4
3932 1
3933 4
3934 0
3935 1
3936 0
3937 0
3938 2
3939 2
3940 0
3941 0
3942 2
3943 2
3944 1
3945 2
3946 0
3947 0
3948 0
3949 1
3950 0
3951 0
3952 0
3953 4
3954 0
3955 0
3956 0
3957 4
3958 4
3959 2
3960 2
3961 2
3962 0
3963 1
3964 2
3965 2
3966 0
3967 1
3968 0
3969 0
3970 4
3971 1
3972 1
3973 1
3974 1
3975 4
3976 4
3977 1
3978 1
3979 1
3980 0
3981 1
3982 2
3983 0
3984 1
3985 2
3986 2
3987 2
3988 1
3989 2
3990 2
3991 1
3992 2
3993 1
3994 1
3995 1
3996 0
3997 0
3998 4
3999 1
4000 2
4001 4
4002 0
4003 0
4004 0
4005 0
4006 0
4007 1
4008 1
4009 1
4010 1
4011 0
4012 2
4013 1
4014 0
4015 2
4016 4
4017 4
4018 0
4019 0
4020 2
4021 4
4022 1
4023 0
4024 2
4025 1
4026 0
4027 0
4028 1
4029 0
4030 1
4031 4
4032 2
4033 4
4034 4
4035 1
4036 4
4037 2
4038 2
4039 1
4040 4
4041 1
4042 0
4043 4
4044 4
4045 4
4046 4
4047 0
4048 2
4049 4
4050 0
4051 4
4052 4
4053 1
4054 0
4055 4
4056 0
4057 4
4058 4
4059 4
4060 4
4061 4
4062 4
4063 4
4064 4
4065 1
4066 4
4067 0
4068 4
4069 4
4070 4
4071 4
4072 2
4073 1
4074 4
4075 4
4076 4
4077 2
4078 1
4079 2
4080 2
4081 1
4082 4
4083 1
4084 0
4085 4
4086 1
4087 4
4088 0
4089 4
4090 2
4091 2
4092 0
4093 2
4094 2
4095 2
4096 0
4097 0
4098 2
4099 0
4100 0
4101 4
4102 0
4103 0
4104 0
4105 0
4106 2
4107 2
4108 0
4109 0
4110 0
4111 0
4112 2
4113 1
4114 2
4115 4
4116 0
4117 2
4118 2
4119 2
4120 4
4121 4
4122 4
4123 4
4124 4
4125 0
4126 0
4127 2
4128 2
4129 1
4130 0
4131 2
4132 2
4133 4
4134 4
4135 4
4136 4
4137 4
4138 1
4139 1
4140 2
4141 4
4142 1
4143 1
4144 0
4145 0
4146 0
4147 0
4148 1
4149 0
4150 0
4151 2
4152 1
4153 0
4154 4
4155 0
4156 0
4157 2
4158 1
4159 0
4160 0
4161 0
4162 0
4163 1
4164 0
4165 2
4166 4
4167 1
4168 0
4169 0
4170 0
4171 4
4172 0
4173 2
4174 0
4175 0
4176 2
4177 2
4178 2
4179 2
4180 2
4181 4
4182 2
4183 4
4184 0
4185 4
4186 1
4187 4
4188 1
4189 4
4190 4
4191 0
4192 1
4193 2
4194 4
4195 1
4196 1
4197 4
4198 4
4199 1
4200 2
4201 4
4202 8
4203 0
4204 0
4205 0
4206 0
4207 0
4208 0
4209 0
4210 0
4211 2
4212 2
4213 0
4214 0
4215 2
4216 1
4217 0
4218 4
4219 2
4220 1
4221 2
4222 0
4223 4
4224 0
4225 0
4226 2
4227 0
4228 0
4229 4
4230 0
4231 0
4232 4
4233 0
4234 2
4235 0
4236 2
4237 4
4238 4
4239 2
4240 0
4241 0
4242 4
4243 0
4244 2
4245 0
4246 0
4247 0
4248 0
4249 1
4250 4
4251 0
4252 0
4253 0
4254 1
4255 2
4256 1
4257 1
4258 0
4259 4
4260 1
4261 4
4262 0
4263 1
4264 4
4265 1
4266 1
4267 0
4268 1
4269 0
4270 1
4271 4
4272 4
4273 4
4274 4
4275 0
4276 4
4277 0
4278 4
4279 4
4280 2
4281 4
4282 4
4283 4
4284 1
4285 4
4286 4
4287 1
4288 4
4289 4
4290 4
4291 0
4292 0
4293 1
4294 0
4295 2
4296 4
4297 0
4298 1
4299 1
4300 0
4301 1
4302 0
4303 2
4304 1
4305 1
4306 2
4307 2
4308 1
4309 0
4310 2
4311 0
4312 0
4313 4
4314 1
4315 0
4316 4
4317 0
4318 4
4319 0
4320 0
4321 0
4322 2
4323 1
4324 1
4325 0
4326 0
4327 4
4328 4
4329 2
4330 2
4331 4
4332 1
4333 0
4334 4
4335 4
4336 4
4337 4
4338 4
4339 1
4340 4
4341 4
4342 1
4343 0
4344 1
4345 2
4346 2
4347 2
4348 0
4349 4
4350 0
4351 2
4352 1
4353 4
4354 4
4355 4
4356 4
4357 4
4358 1
4359 0
4360 0
4361 1
4362 4
4363 0
4364 4
4365 4
4366 4
4367 1
4368 4
4369 0
4370 0
4371 0
4372 4
4373 1
4374 0
4375 0
4376 2
4377 1
4378 4
4379 4
4380 1
4381 1
4382 0
4383 0
4384 4
4385 4
4386 1
4387 1
4388 4
4389 1
4390 0
4391 2
4392 2
4393 1
4394 4
4395 4
4396 4
4397 0
4398 2
4399 4
4400 0
4401 4
4402 4
4403 0
4404 4
4405 4
4406 0
4407 4
4408 4
4409 4
4410 4
4411 0
4412 4
4413 4
4414 4
4415 0
4416 2
4417 4
4418 0
4419 1
4420 0
4421 0
4422 3
4423 1
4424 0
4425 0
4426 2
4427 3
4428 0
4429 2
4430 2
4431 1
4432 0
4433 1
4434 0
4435 2
4436 4
4437 4
4438 4
4439 4
4440 1
4441 1
4442 2
4443 4
4444 1
4445 2
4446 0
4447 1
4448 1
4449 4
4450 1
4451 0
4452 1
4453 4
4454 0
4455 4
4456 0
4457 1
4458 4
4459 4
4460 4
4461 4
4462 4
4463 4
4464 4
4465 4
4466 0
4467 0
4468 4
4469 4
4470 4
4471 4
4472 4
4473 4
4474 4
4475 4
4476 4
4477 4
4478 4
4479 4
4480 4
4481 4
4482 0
4483 4
4484 4
4485 4
4486 4
4487 4
4488 0
4489 4
4490 4
4491 4
4492 4
4493 4
4494 4
4495 4
4496 4
4497 4
4498 4
4499 0
4500 4
4501 4
4502 4
4503 4
4504 4
4505 4
4506 4
4507 4
4508 0
4509 4
4510 4
4511 4
4512 4
4513 4
4514 4
4515 4
4516 0
4517 4
4518 4
4519 4
4520 4
4521 4
4522 0
4523 0
4524 4
4525 4
4526 4
4527 4
4528 1
4529 4
4530 4
4531 4
4532 2
4533 2
4534 2
4535 1
4536 2
4537 2
4538 2
4539 2
4540 2
4541 4
4542 0
4543 4
4544 2
4545 2
4546 1
4547 2
4548 1
4549 4
4550 4
4551 2
4552 1
4553 4
4554 4
4555 0
4556 2
4557 4
4558 2
4559 1
4560 4
4561 0
4562 4
4563 4
4564 0
4565 4
4566 2
4567 4
4568 4
4569 4
4570 4
4571 4
4572 0
4573 2
4574 1
4575 4
4576 4
4577 4
4578 0
4579 2
4580 0
4581 0
4582 1
4583 4
4584 0
4585 4
4586 0
4587 1
4588 1
4589 1
4590 4
4591 4
4592 4
4593 4
4594 4
4595 4
4596 2
4597 2
4598 0
4599 0
4600 2
4601 0
4602 0
4603 2
4604 0
4605 2
4606 0
4607 0
4608 2
4609 2
4610 2
4611 0
4612 1
4613 1
4614 0
4615 1
4616 4
4617 4
4618 0
4619 4
4620 2
4621 0
4622 1
4623 0
4624 4
4625 0
4626 0
4627 1
4628 4
4629 1
4630 1
4631 0
4632 2
4633 4
4634 0
4635 2
4636 1
4637 4
4638 1
4639 1
4640 1
4641 1
4642 0
4643 2
4644 4
4645 2
4646 2
4647 0
4648 0
4649 2
4650 0
4651 0
4652 0
4653 0
4654 4
4655 4
4656 0
4657 4
4658 4
4659 1
4660 4
4661 4
4662 1
4663 4
4664 4
4665 1
4666 4
4667 4
4668 4
4669 4
4670 1
4671 4
4672 2
4673 2
4674 4
4675 4
4676 4
4677 4
4678 4
4679 4
4680 4
4681 0
4682 4
4683 4
4684 4
4685 1
4686 4
4687 0
4688 1
4689 4
4690 0
4691 1
4692 1
4693 4
4694 1
4695 4
4696 4
4697 4
4698 1
4699 4
4700 1
4701 1
4702 1
4703 4
4704 4
4705 4
4706 4
4707 4
4708 2
4709 1
4710 4
4711 2
4712 1
4713 0
4714 1
4715 0
4716 0
4717 0
4718 2
4719 0
4720 2
4721 0
4722 0
4723 2
4724 0
4725 1
4726 2
4727 0
4728 2
4729 0
4730 1
4731 1
4732 1
4733 1
4734 1
4735 0
4736 2
4737 2
4738 4
4739 1
4740 0
4741 1
4742 2
4743 0
4744 0
4745 0
4746 1
4747 0
4748 0
4749 0
4750 4
4751 4
4752 0
4753 4
4754 4
4755 2
4756 4
4757 0
4758 1
4759 0
4760 1
4761 0
4762 0
4763 0
4764 0
4765 0
4766 0
4767 0
4768 0
4769 0
4770 0
4771 0
4772 0
4773 0
4774 0
4775 1
4776 0
4777 4
4778 0
4779 1
4780 1
4781 1
4782 0
4783 0
4784 2
4785 0
4786 0
4787 0
4788 1
4789 0
4790 0
4791 0
4792 0
4793 0
4794 0
4795 1
4796 1
4797 0
4798 0
4799 2
4800 0
4801 0
4802 0
4803 0
4804 4
4805 0
4806 4
4807 5
4808 2
4809 0
4810 4
4811 1
4812 4
4813 4
4814 4
4815 0
4816 1
4817 2
4818 1
4819 4
4820 4
4821 0
4822 0
4823 0
4824 0
4825 0
4826 0
4827 0
4828 0
4829 0
4830 1
4831 4
4832 4
4833 1
4834 4
4835 4
4836 4
4837 4
4838 4
4839 4
4840 4
4841 4
4842 4
4843 0
4844 1
4845 0
4846 2
4847 1
4848 0
4849 4
4850 1
4851 0
4852 2
4853 4
4854 1
4855 0
4856 2
4857 2
4858 1
4859 4
4860 0
4861 0
4862 4
4863 4
4864 4
4865 4
4866 2
4867 2
4868 4
4869 0
4870 2
4871 4
4872 1
4873 0
4874 0
4875 1
4876 1
4877 0
4878 0
4879 0
4880 1
4881 2
4882 0
4883 1
4884 4
4885 0
4886 4
4887 0
4888 0
4889 0
4890 2
4891 4
4892 1
4893 2
4894 4
4895 0
4896 0
4897 1
4898 0
4899 0
4900 0
4901 2
4902 0
4903 4
4904 4
4905 0
4906 0
4907 4
4908 0
4909 0
4910 1
4911 0
4912 0
4913 0
4914 2
4915 0
4916 0
4917 0
4918 0
4919 1
4920 0
4921 4
4922 4
4923 0
4924 0
4925 0
4926 0
4927 0
4928 4
4929 0
4930 0
4931 0
4932 0
4933 0
4934 4
4935 0
4936 0
4937 4
4938 0
4939 0
4940 2
4941 0
4942 1
4943 0
4944 0
4945 2
4946 0
4947 0
4948 0
4949 2
4950 0
4951 2
4952 4
4953 0
4954 2
4955 2
4956 1
4957 2
4958 0
4959 0
4960 0
4961 0
4962 0
4963 2
4964 0
4965 0
4966 0
4967 0
4968 0
4969 0
4970 0
4971 2
4972 2
4973 2
4974 0
4975 0
4976 0
4977 2
4978 0
4979 4
4980 0
4981 0
4982 0
4983 0
4984 0
4985 0
4986 0
4987 0
4988 2
4989 4
4990 0
4991 2
4992 2
4993 2
4994 2
4995 1
4996 1
4997 0
4998 0
4999 1
5000 0
5001 0
5002 0
5003 0
5004 0
5005 2
5006 4
5007 0
5008 0
5009 0
5010 1
5011 2
5012 2
5013 1
5014 0
5015 0
5016 0
5017 0
5018 2
5019 0
5020 0
5021 0
5022 1
5023 0
5024 0
5025 0
5026 2
5027 2
5028 0
5029 1
5030 2
5031 0
5032 0
5033 0
5034 2
5035 0
5036 0
5037 4
5038 0
5039 0
5040 0
5041 0
5042 0
5043 2
5044 0
5045 0
5046 0
5047 2
5048 0
5049 2
5050 0
5051 0
5052 0
5053 0
5054 1
5055 0
5056 0
5057 0
5058 0
5059 2
5060 2
5061 1
5062 2
5063 1
5064 1
5065 2
5066 0
5067 4
5068 0
5069 1
5070 1
5071 4
5072 2
5073 4
5074 4
5075 4
5076 4
5077 0
5078 0
5079 2
5080 0
5081 0
5082 1
5083 4
5084 0
5085 0
5086 4
5087 1
5088 0
5089 0
5090 4
5091 0
5092 0
5093 0
5094 0
5095 4
5096 2
5097 0
5098 4
5099 4
5100 2
5101 0
5102 1
5103 4
5104 0
5105 0
5106 0
5107 0
5108 0
5109 1
5110 0
5111 0
5112 1
5113 0
5114 0
5115 4
5116 0
5117 1
5118 1
5119 0
5120 13
5121 4
5122 4
5123 4
5124 2
5125 0
5126 2
5127 0
5128 0
5129 4
5130 0
5131 0
5132 2
5133 4
5134 0
5135 4
5136 1
5137 0
5138 0
5139 1
5140 1
5141 0
5142 0
5143 4
5144 0
5145 4
5146 4
5147 1
5148 0
5149 0
5150 0
5151 0
5152 4
5153 4
5154 4
5155 1
5156 4
5157 0
5158 4
5159 0
5160 0
5161 0
5162 0
5163 4
5164 0
5165 0
5166 4
5167 1
5168 4
5169 0
5170 4
5171 0
5172 0
5173 2
5174 0
5175 1
5176 4
5177 2
5178 4
5179 4
5180 2
5181 1
5182 4
5183 4
5184 2
5185 0
5186 4
5187 0
5188 1
5189 4
5190 2
5191 1
5192 4
5193 4
5194 4
5195 4
5196 0
5197 0
5198 0
5199 0
5200 0
5201 0
5202 0
5203 0
5204 1
5205 4
5206 1
5207 0
5208 2
5209 4
5210 0
5211 0
5212 4
5213 0
5214 0
5215 1
5216 0
5217 4
5218 0
5219 0
5220 1
5221 4
5222 1
5223 0
5224 1
5225 1
5226 0
5227 4
5228 4
5229 2
5230 0
5231 4
5232 0
5233 2
5234 1
5235 0
5236 1
5237 2
5238 0
5239 1
5240 4
5241 0
5242 4
5243 0
5244 1
5245 4
5246 4
5247 0
5248 1
5249 0
5250 0
5251 0
5252 0
5253 0
5254 4
5255 0
5256 2
5257 2
5258 0
5259 0
5260 2
5261 4
5262 4
5263 4
5264 4
5265 2
5266 0
5267 0
5268 0
5269 1
5270 0
5271 1
5272 2
5273 2
5274 2
5275 4
5276 4
5277 4
5278 4
5279 4
5280 4
5281 1
5282 4
5283 4
5284 4
5285 4
5286 4
5287 4
5288 4
5289 4
5290 0
5291 4
5292 1
5293 0
5294 0
5295 2
5296 4
5297 4
5298 0
5299 1
5300 0
5301 0
5302 0
5303 1
5304 0
5305 0
5306 4
5307 1
5308 4
5309 4
5310 4
5311 0
5312 4
5313 4
5314 0
5315 4
5316 0
5317 0
5318 1
5319 0
5320 0
5321 2
5322 1
5323 1
5324 0
5325 4
5326 0
5327 0
5328 4
5329 4
5330 4
5331 4
5332 0
5333 1
5334 4
5335 2
5336 0
5337 0
5338 0
5339 0
5340 2
5341 2
5342 0
5343 0
5344 1
5345 4
5346 0
5347 4
5348 0
5349 4
5350 4
5351 0
5352 2
5353 0
5354 1
5355 4
5356 4
5357 4
5358 4
5359 4
5360 4
5361 1
5362 1
5363 1
5364 0
5365 4
5366 4
5367 0
5368 0
5369 0
5370 0
5371 4
5372 0
5373 0
5374 0
5375 0
5376 1
5377 0
5378 4
5379 0
5380 0
5381 1
5382 0
5383 0
5384 0
5385 0
5386 4
5387 4
5388 4
5389 4
5390 4
5391 4
5392 4
5393 0
5394 4
5395 4
5396 4
5397 4
5398 0
5399 1
5400 1
5401 1
5402 4
5403 1
5404 0
5405 4
5406 1
5407 2
5408 4
5409 0
5410 1
5411 2
5412 0
5413 1
5414 4
5415 0
5416 1
5417 1
5418 1
5419 1
5420 0
5421 0
5422 0
5423 0
5424 0
5425 0
5426 0
5427 2
5428 1
5429 0
5430 0
5431 0
5432 1
5433 0
5434 1
5435 0
5436 0
5437 2
5438 1
5439 2
5440 4
5441 1
5442 2
5443 4
5444 4
5445 4
5446 1
5447 1
5448 1
5449 4
5450 0
5451 1
5452 0
5453 4
5454 1
5455 0
5456 0
5457 0
5458 1
5459 1
5460 4
5461 8
5462 0
5463 4
5464 0
5465 4
5466 0
5467 4
5468 4
5469 4
5470 4
5471 4
5472 4
5473 4
5474 4
5475 4
5476 0
5477 0
5478 0
5479 1
5480 8
5481 0
5482 0
5483 1
5484 0
5485 0
5486 2
5487 2
5488 0
5489 0
5490 4
5491 4
5492 4
5493 4
5494 4
5495 4
5496 4
5497 1
5498 4
5499 0
5500 0
5501 0
5502 4
5503 4
5504 0
5505 2
5506 1
5507 1
5508 0
5509 1
5510 1
5511 0
5512 0
5513 1
5514 1
5515 1
5516 2
5517 1
5518 0
5519 4
5520 1
5521 1
5522 4
5523 1
5524 2
5525 4
5526 4
5527 4
5528 4
5529 4
5530 0
5531 0
5532 2
5533 4
5534 4
5535 4
5536 0
5537 0
5538 1
5539 4
5540 4
5541 2
5542 2
5543 4
5544 0
5545 2
5546 1
5547 0
5548 0
5549 0
5550 0
5551 1
5552 0
5553 2
5554 0
5555 0
5556 0
5557 0
5558 0
5559 0
5560 2
5561 0
5562 4
5563 0
5564 2
5565 1
5566 4
5567 4
5568 4
5569 4
5570 1
5571 0
5572 2
5573 2
5574 4
5575 0
5576 0
5577 0
5578 2
5579 1
5580 0
5581 1
5582 0
5583 4
5584 1
5585 0
5586 0
5587 4
5588 0
5589 1
5590 0
5591 0
5592 0
5593 0
5594 1
5595 0
5596 0
5597 0
5598 4
5599 0
5600 1
5601 0
5602 0
5603 4
5604 4
5605 4
5606 0
5607 2
5608 4
5609 2
5610 2
5611 1
5612 1
5613 1
5614 2
5615 2
5616 0
5617 0
5618 2
5619 1
5620 0
5621 1
5622 4
5623 0
5624 0
5625 5
5626 2
5627 5
5628 5
5629 5
5630 0
5631 5
5632 5
5633 5
5634 5
5635 5
5636 4
5637 5
5638 0
5639 5
5640 5
5641 5
5642 0
5643 5
5644 0
5645 5
5646 5
5647 5
5648 4
5649 5
5650 5
5651 5
5652 5
5653 0
5654 5
5655 1
5656 5
5657 5
5658 5
5659 5
5660 5
5661 5
5662 4
5663 5
5664 1
5665 5
5666 5
5667 5
5668 5
5669 5
5670 5
5671 0
5672 5
5673 5
5674 5
5675 0
5676 5
5677 0
5678 5
5679 5
5680 5
5681 5
5682 5
5683 4
5684 0
5685 4
5686 4
5687 0
5688 4
5689 1
5690 4
5691 4
5692 4
5693 4
5694 4
5695 0
5696 1
5697 1
5698 4
5699 4
5700 1
5701 0
5702 4
5703 4
5704 4
5705 4
5706 4
5707 2
5708 4
5709 4
5710 4
5711 1
5712 0
5713 4
5714 0
5715 0
5716 0
5717 4
5718 4
5719 1
5720 1
5721 4
5722 4
5723 4
5724 0
5725 0
5726 1
5727 4
5728 1
5729 4
5730 1
5731 1
5732 4
5733 4
5734 4
5735 4
5736 4
5737 4
5738 4
5739 1
5740 4
5741 4
5742 1
5743 4
5744 4
5745 4
5746 4
5747 4
5748 1
5749 4
5750 4
5751 0
5752 4
5753 4
5754 4
5755 2
5756 4
5757 0
5758 1
5759 4
5760 0
5761 4
5762 4
5763 0
5764 4
5765 1
5766 0
5767 4
5768 1
5769 1
5770 4
5771 1
5772 0
5773 0
5774 4
5775 4
5776 0
5777 0
5778 4
5779 4
5780 4
5781 4
5782 4
5783 4
5784 4
5785 4
5786 4
5787 4
5788 2
5789 1
5790 0
5791 1
5792 4
5793 4
5794 4
5795 4
5796 4
5797 4
5798 1
5799 0
5800 1
5801 4
5802 1
5803 4
5804 4
5805 4
5806 0
5807 2
5808 0
5809 0
5810 4
5811 4
5812 4
5813 4
5814 0
5815 1
5816 4
5817 4
5818 1
5819 4
5820 4
5821 4
5822 1
5823 4
5824 4
5825 4
5826 4
5827 2
5828 0
5829 4
5830 4
5831 4
5832 0
5833 0
5834 1
5835 4
5836 4
5837 4
5838 4
5839 4
5840 4
5841 4
5842 4
5843 0
5844 4
5845 4
5846 4
5847 4
5848 4
5849 0
5850 4
5851 1
5852 0
5853 4
5854 4
5855 4
5856 4
5857 1
5858 0
5859 4
5860 4
5861 0
5862 2
5863 1
5864 1
5865 2
5866 4
5867 2
5868 2
5869 1
5870 4
5871 1
5872 4
5873 2
5874 2
5875 4
5876 2
5877 2
5878 1
5879 4
5880 0
5881 4
5882 4
5883 0
5884 0
5885 4
5886 0
5887 1
5888 0
5889 0
5890 0
5891 1
5892 1
5893 1
5894 1
5895 0
5896 2
5897 4
5898 2
5899 0
5900 1
5901 4
5902 0
5903 0
5904 0
5905 1
5906 0
5907 2
5908 0
5909 2
5910 2
5911 1
5912 0
5913 0
5914 2
5915 0
5916 2
5917 1
5918 0
5919 2
5920 0
5921 0
5922 0
5923 1
5924 2
5925 0
5926 4
5927 1
5928 1
5929 1
5930 0
5931 0
5932 1
5933 0
5934 0
5935 4
5936 0
5937 1
5938 4
5939 4
5940 4
5941 0
5942 0
5943 0
5944 1
5945 1
5946 1
5947 4
5948 1
5949 1
5950 0
5951 4
5952 0
5953 0
5954 0
5955 0
5956 0
5957 1
5958 0
5959 1
5960 1
5961 0
5962 1
5963 1
5964 1
5965 1
5966 0
5967 0
5968 4
5969 1
5970 4
5971 0
5972 4
5973 4
5974 0
5975 1
5976 1
5977 1
5978 1
5979 1
5980 0
5981 0
5982 1
5983 2
5984 0
5985 0
5986 0
5987 4
5988 4
5989 0
5990 1
5991 0
5992 0
5993 0
5994 2
5995 1
5996 0
5997 2
5998 4
5999 0
6000 0
6001 4
6002 1
6003 0
6004 1
6005 0
6006 0
6007 1
6008 0
6009 0
6010 1
6011 1
6012 0
6013 1
6014 4
6015 0
6016 0
6017 1
6018 0
6019 1
6020 0
6021 1
6022 0
6023 1
6024 4
6025 0
6026 0
6027 1
6028 0
6029 1
6030 1
6031 0
6032 1
6033 2
6034 0
6035 2
6036 1
6037 0
6038 1
6039 4
6040 1
6041 1
6042 0
6043 4
6044 4
6045 0
6046 1
6047 1
6048 0
6049 4
6050 0
6051 0
6052 2
6053 4
6054 2
6055 0
6056 2
6057 1
6058 0
6059 1
6060 1
6061 0
6062 2
6063 4
6064 4
6065 2
6066 1
6067 1
6068 1
6069 0
6070 1
6071 0
6072 0
6073 4
6074 0
6075 0
6076 1
6077 1
6078 1
6079 0
6080 1
6081 0
6082 0
6083 4
6084 0
6085 1
6086 0
6087 0
6088 0
6089 0
6090 4
6091 2
6092 0
6093 0
6094 0
6095 0
6096 1
6097 0
6098 4
6099 1
6100 0
6101 0
6102 1
6103 1
6104 1
6105 0
6106 1
6107 1
6108 1
6109 0
6110 1
6111 1
6112 0
6113 0
6114 0
6115 4
6116 0
6117 0
6118 2
6119 2
6120 1
6121 0
6122 2
6123 0
6124 0
6125 0
6126 0
6127 0
6128 0
6129 1
6130 1
6131 1
6132 2
6133 0
6134 1
6135 2
6136 0
6137 4
6138 1
6139 1
6140 0
6141 4
6142 1
6143 0
6144 1
6145 0
6146 1
6147 0
6148 0
6149 1
6150 1
6151 4
6152 0
6153 0
6154 0
6155 2
6156 0
6157 4
6158 0
6159 0
6160 2
6161 0
6162 0
6163 0
6164 0
6165 1
6166 0
6167 1
6168 0
6169 0
6170 4
6171 0
6172 1
6173 0
6174 0
6175 0
6176 0
6177 1
6178 0
6179 0
6180 0
6181 2
6182 0
6183 0
6184 1
6185 0
6186 1
6187 0
6188 0
6189 1
6190 1
6191 0
6192 0
6193 4
6194 0
6195 1
6196 0
6197 0
6198 0
6199 0
6200 0
6201 1
6202 0
6203 0
6204 1
6205 1
6206 1
6207 2
6208 1
6209 1
6210 2
6211 0
6212 2
6213 0
6214 4
6215 2
6216 0
6217 1
6218 0
6219 0
6220 1
6221 0
6222 0
6223 0
6224 4
6225 0
6226 0
6227 1
6228 0
6229 0
6230 0
6231 0
6232 0
6233 1
6234 1
6235 0
6236 0
6237 0
6238 1
6239 0
6240 1
6241 0
6242 1
6243 4
6244 1
6245 1
6246 0
6247 0
6248 1
6249 0
6250 0
6251 0
6252 1
6253 1
6254 0
6255 1
6256 4
6257 0
6258 0
6259 0
6260 1
6261 1
6262 1
6263 1
6264 2
6265 1
6266 2
6267 4
6268 0
6269 0
6270 0
6271 0
6272 1
6273 0
6274 0
6275 4
6276 1
6277 0
6278 0
6279 0
6280 0
6281 0
6282 0
6283 0
6284 0
6285 0
6286 0
6287 0
6288 1
6289 0
6290 0
6291 1
6292 1
6293 0
6294 0
6295 1
6296 1
6297 1
6298 1
6299 0
6300 0
6301 0
6302 0
6303 1
6304 1
6305 1
6306 0
6307 1
6308 1
6309 0
6310 2
6311 1
6312 0
6313 1
6314 0
6315 1
6316 4
6317 1
6318 0
6319 0
6320 1
6321 0
6322 1
6323 0
6324 4
6325 0
6326 1
6327 0
6328 0
6329 0
6330 0
6331 1
6332 0
6333 0
6334 0
6335 1
6336 0
6337 0
6338 1
6339 2
6340 2
6341 0
6342 1
6343 1
6344 4
6345 1
6346 1
6347 0
6348 1
6349 1
6350 1
6351 1
6352 1
6353 0
6354 0
6355 2
6356 1
6357 1
6358 0
6359 4
6360 1
6361 0
6362 0
6363 0
6364 0
6365 0
6366 4
6367 0
6368 1
6369 1
6370 1
6371 0
6372 1
6373 0
6374 0
6375 4
6376 4
6377 0
6378 0
6379 0
6380 0
6381 0
6382 0
6383 4
6384 4
6385 4
6386 4
6387 0
6388 1
6389 4
6390 2
6391 2
6392 0
6393 0
6394 0
6395 0
6396 0
6397 0
6398 0
6399 4
6400 0
6401 0
6402 4
6403 4
6404 1
6405 0
6406 2
6407 2
6408 2
6409 2
6410 2
6411 2
6412 2
6413 1
6414 2
6415 2
6416 4
6417 2
6418 2
6419 2
6420 2
6421 2
6422 2
6423 2
6424 2
6425 2
6426 2
6427 2
6428 2
6429 2
6430 2
6431 0
6432 2
6433 2
6434 2
6435 1
6436 2
6437 2
6438 4
6439 4
6440 4
6441 1
6442 0
6443 1
6444 1
6445 2
6446 0
6447 4
6448 2
6449 0
6450 4
6451 6
6452 1
6453 6
6454 6
6455 1
6456 6
6457 0
6458 4
6459 1
6460 1
6461 1
6462 1
6463 4
6464 4
6465 4
6466 4
6467 4
6468 1
6469 4
6470 4
6471 4
6472 1
6473 4
6474 4
6475 1
6476 0
6477 0
6478 4
6479 4
6480 4
6481 4
6482 4
6483 4
6484 4
6485 4
6486 4
6487 4
6488 4
6489 4
6490 4
6491 4
6492 4
6493 4
6494 4
6495 1
6496 4
6497 4
6498 4
6499 4
6500 4
6501 4
6502 4
6503 4
6504 0
6505 4
6506 4
6507 4
6508 0
6509 4
6510 0
6511 0
6512 4
6513 0
6514 1
6515 1
6516 1
6517 0
6518 1
6519 0
6520 0
6521 0
6522 0
6523 4
6524 0
6525 0
6526 0
6527 0
6528 0
6529 0
6530 0
6531 0
6532 0
6533 4
6534 1
6535 2
6536 0
6537 0
6538 4
6539 4
6540 2
6541 4
6542 0
6543 2
6544 2
6545 2
6546 2
6547 2
6548 1
6549 0
6550 0
6551 0
6552 0
6553 0
6554 2
6555 0
6556 0
6557 0
6558 0
6559 0
6560 0
6561 0
6562 0
6563 0
6564 0
6565 0
6566 1
6567 0
6568 0
6569 0
6570 0
6571 0
6572 0
6573 0
6574 0
6575 0
6576 0
6577 0
6578 0
6579 0
6580 0
6581 0
6582 0
6583 0
6584 0
6585 4
6586 1
6587 1
6588 1
6589 1
6590 0
6591 0
6592 4
6593 4
6594 4
6595 1
6596 2
6597 4
6598 0
6599 4
6600 0
6601 4
6602 0
6603 0
6604 1
6605 4
6606 1
6607 4
6608 0
6609 1
6610 0
6611 0
6612 1
6613 0
6614 1
6615 1
6616 4
6617 7
6618 0
6619 7
6620 7
6621 7
6622 4
6623 0
6624 1
6625 0
6626 1
6627 0
6628 0
6629 0
6630 0
6631 0
6632 0
6633 0
6634 1
6635 0
6636 0
6637 0
6638 0
6639 0
6640 1
6641 1
6642 4
6643 0
6644 0
6645 0
6646 0
6647 0
6648 1
6649 0
6650 2
6651 1
6652 0
6653 0
6654 1
6655 1
6656 1
6657 1
6658 1
6659 1
6660 0
6661 1
6662 4
6663 4
6664 1
6665 1
6666 4
6667 4
6668 4
6669 4
6670 1
6671 4
6672 4
6673 4
6674 4
6675 4
6676 4
6677 4
6678 4
6679 4
6680 4
6681 4
6682 4
6683 4
6684 4
6685 4
6686 4
6687 4
6688 4
6689 4
6690 4
6691 2
6692 0
6693 0
6694 0
6695 4
6696 4
6697 4
6698 0
6699 0
6700 0
6701 0
6702 1
6703 0
6704 0
6705 1
6706 1
6707 1
6708 0
6709 1
6710 4
6711 4
6712 2
6713 4
6714 0
6715 4
6716 0
6717 0
6718 0
6719 0
6720 0
6721 4
6722 1
6723 1
6724 1
6725 1
6726 1
6727 1
6728 0
6729 4
6730 4
6731 4
6732 4
6733 0
6734 0
6735 1
6736 4
6737 4
6738 4
6739 4
6740 2
6741 8
6742 8
6743 8
6744 8
6745 8
6746 8
6747 8
6748 8
6749 8
6750 8
6751 8
6752 8
6753 8
6754 8
6755 8
6756 8
6757 0
6758 8
6759 8
6760 8
6761 8
6762 8
6763 1
6764 8
6765 8
6766 8
6767 8
6768 8
6769 8
6770 8
6771 4
6772 0
6773 4
6774 4
6775 0
6776 0
6777 1
6778 0
6779 0
6780 0
6781 0
6782 0
6783 0
6784 4
6785 4
6786 4
6787 4
6788 1
6789 4
6790 0
6791 4
6792 0
6793 0
6794 1
6795 1
6796 1
6797 1
6798 1
6799 4
6800 1
6801 0
6802 1
6803 1
6804 1
6805 1
6806 4
6807 4
6808 4
6809 4
6810 0
6811 4
6812 0
6813 1
6814 1
6815 0
6816 4
6817 4
6818 0
6819 4
6820 4
6821 1
6822 4
6823 4
6824 0
6825 4
6826 4
6827 4
6828 4
6829 4
6830 4
6831 0
6832 4
6833 4
6834 0
6835 2
6836 14
6837 0
6838 4
6839 4
6840 0
6841 0
6842 4
6843 4
6844 1
6845 9
6846 9
6847 4
6848 1
6849 0
6850 4
6851 0
6852 0
6853 4
6854 4
6855 1
6856 4
6857 4
6858 0
6859 4
6860 2
6861 4
6862 4
6863 2
6864 2
6865 1
6866 1
6867 1
6868 0
6869 0
6870 0
6871 4
6872 2
6873 1
6874 0
6875 0
6876 0
6877 4
6878 4
6879 0
6880 4
6881 0
6882 4
6883 2
6884 4
6885 4
6886 4
6887 4
6888 4
6889 4
6890 4
6891 4
6892 4
6893 4
6894 4
6895 4
6896 4
6897 4
6898 0
6899 0
6900 0
6901 0
6902 0
6903 0
6904 4
6905 4
6906 4
6907 4
6908 0
6909 4
6910 0
6911 4
6912 1
6913 1
6914 1
6915 1
6916 1
6917 0
6918 0
6919 0
6920 4
6921 1
6922 1
6923 0
6924 1
6925 2
6926 1
6927 4
6928 0
6929 0
6930 1
6931 1
6932 4
6933 4
6934 4
6935 4
6936 4
6937 0
6938 4
6939 4
6940 4
6941 1
6942 4
6943 4
6944 0
6945 1
6946 4
6947 0
6948 1
6949 2
6950 1
6951 0
6952 2
6953 0
6954 0
6955 0
6956 4
6957 4
6958 4
6959 4
6960 1
6961 2
6962 4
6963 1
6964 1
6965 1
6966 2
6967 0
6968 1
6969 1
6970 1
6971 0
6972 4
6973 4
6974 2
6975 4
6976 0
6977 0
6978 2
6979 0
6980 0
6981 2
6982 2
6983 0
6984 0
6985 0
6986 2
6987 2
6988 1
6989 4
6990 4
6991 2
6992 4
6993 4
6994 4
6995 1
6996 4
6997 0
6998 0
6999 4
7000 4
7001 4
7002 4
7003 4
7004 4
7005 4
7006 4
7007 4
7008 4
7009 4
7010 4
7011 4
7012 4
7013 4
7014 4
7015 4
7016 4
7017 4
7018 1
7019 0
7020 4
7021 1
7022 4
7023 0
7024 1
7025 2
7026 4
7027 0
7028 4
7029 0
7030 0
7031 4
7032 1
7033 4
7034 4
7035 4
7036 4
7037 1
7038 0
7039 4
7040 0
7041 0
7042 4
7043 0
7044 0
7045 1
7046 1
7047 4
7048 4
7049 4
7050 4
7051 4
7052 0
7053 4
7054 1
7055 1
7056 4
7057 4
7058 4
7059 4
7060 1
7061 4
7062 1
7063 4
7064 4
7065 4
7066 0
7067 4
7068 4
7069 4
7070 4
7071 4
7072 4
7073 4
7074 4
7075 1
7076 4
7077 4
7078 4
7079 0
7080 4
7081 4
7082 1
7083 4
7084 4
7085 4
7086 4
7087 4
7088 0
7089 0
7090 0
7091 0
7092 0
7093 0
7094 0
7095 4
7096 4
7097 4
7098 4
7099 0
7100 0
7101 1
7102 4
7103 4
7104 0
7105 0
7106 0
7107 0
7108 0
7109 0
7110 4
7111 4
7112 1
7113 4
7114 0
7115 4
7116 1
7117 4
7118 4
7119 4
7120 1
7121 4
7122 1
7123 0
7124 0
7125 0
7126 0
7127 2
7128 0
7129 2
7130 0
7131 4
7132 0
7133 0
7134 1
7135 4
7136 4
7137 1
7138 1
7139 4
7140 4
7141 1
7142 0
7143 0
7144 4
7145 0
7146 0
7147 4
7148 1
7149 1
7150 1
7151 4
7152 0
7153 4
7154 1
7155 4
7156 4
7157 0
7158 4
7159 0
7160 2
7161 0
7162 0
7163 0
7164 0
7165 0
7166 0
7167 0
7168 0
7169 0
7170 0
7171 0
7172 0
7173 0
7174 0
7175 0
7176 0
7177 0
7178 0
7179 0
7180 0
7181 0
7182 0
7183 4
7184 0
7185 0
7186 0
7187 0
7188 0
7189 0
7190 0
7191 0
7192 0
7193 0
7194 0
7195 0
7196 0
7197 0
7198 0
7199 0
7200 0
7201 2
7202 0
7203 2
7204 0
7205 1
7206 4
7207 0
7208 1
7209 0
7210 0
7211 0
7212 0
7213 0
7214 4
7215 0
7216 4
7217 2
7218 4
7219 4
7220 4
7221 4
7222 1
7223 0
7224 4
7225 4
7226 4
7227 4
7228 4
7229 0
7230 4
7231 4
7232 4
7233 4
7234 4
7235 4
7236 4
7237 4
7238 4
7239 4
7240 4
7241 4
7242 4
7243 4
7244 4
7245 0
7246 1
7247 0
7248 4
7249 0
7250 2
7251 0
7252 4
7253 4
7254 4
7255 2
7256 4
7257 1
7258 1
7259 0
7260 1
7261 0
7262 0
7263 0
7264 4
7265 4
7266 4
7267 4
7268 0
7269 1
7270 0
7271 0
7272 4
7273 2
7274 0
7275 0
7276 0
7277 0
7278 4
7279 4
7280 0
7281 0
7282 4
7283 1
7284 0
7285 0
7286 0
7287 0
7288 0
7289 0
7290 0
7291 0
7292 0
7293 0
7294 0
7295 0
7296 0
7297 0
7298 0
7299 0
7300 0
7301 0
7302 0
7303 0
7304 0
7305 0
7306 0
7307 0
7308 0
7309 0
7310 0
7311 0
7312 1
7313 0
7314 0
7315 0
7316 0
7317 0
7318 0
7319 0
7320 0
7321 0
7322 0
7323 0
7324 0
7325 0
7326 1
7327 0
7328 0
7329 0
7330 0
7331 0
7332 1
7333 1
7334 4
7335 4
7336 0
7337 0
7338 1
7339 1
7340 4
7341 4
7342 0
7343 0
7344 0
7345 4
7346 4
7347 1
7348 4
7349 4
7350 0
7351 0
7352 1
7353 0
7354 0
7355 0
7356 0
7357 2
7358 0
7359 1
7360 4
7361 0
7362 2
7363 0
7364 0
7365 0
7366 2
7367 4
7368 4
7369 4
7370 4
7371 4
7372 0
7373 0
7374 1
7375 1
7376 2
7377 4
7378 4
7379 4
7380 4
7381 4
7382 0
7383 0
7384 0
7385 1
7386 1
7387 1
7388 1
7389 1
7390 1
7391 0
7392 1
7393 4
7394 4
7395 4
7396 4
7397 4
7398 4
7399 4
7400 4
7401 4
7402 1
7403 4
7404 4
7405 4
7406 4
7407 4
7408 4
7409 4
7410 4
7411 4
7412 4
7413 0
7414 4
7415 4
7416 1
7417 4
7418 4
7419 4
7420 4
7421 4
7422 4
7423 4
7424 4
7425 4
7426 0
7427 4
7428 4
7429 4
7430 4
7431 4
7432 0
7433 4
7434 2
7435 1
7436 1
7437 1
7438 1
7439 4
7440 1
7441 4
7442 1
7443 2
7444 0
7445 0
7446 0
7447 0
7448 0
7449 0
7450 0
7451 0
7452 0
7453 0
7454 0
7455 0
7456 0
7457 0
7458 0
7459 0
7460 0
7461 0
7462 0
7463 0
7464 0
7465 0
7466 0
7467 0
7468 0
7469 0
7470 0
7471 0
7472 0
7473 0
7474 0
7475 0
7476 0
7477 0
7478 0
7479 0
7480 0
7481 0
7482 0
7483 0
7484 0
7485 0
7486 0
7487 0
7488 0
7489 0
7490 0
7491 0
7492 0
7493 0
7494 0
7495 2
7496 0
7497 0
7498 0
7499 0
7500 0
7501 0
7502 0
7503 2
7504 0
7505 0
7506 0
7507 0
7508 0
7509 0
7510 0
7511 0
7512 0
7513 0
7514 0
7515 0
7516 0
7517 0
7518 0
7519 4
7520 0
7521 0
7522 0
7523 0
7524 0
7525 0
7526 0
7527 2
7528 0
7529 0
7530 0
7531 0
7532 0
7533 0
7534 0
7535 0
7536 0
7537 1
7538 0
7539 0
7540 0
7541 0
7542 0
7543 0
7544 0
7545 0
7546 0
7547 0
7548 0
7549 0
7550 0
7551 0
7552 0
7553 0
7554 0
7555 0
7556 0
7557 0
7558 0
7559 0
7560 0
7561 0
7562 0
7563 0
7564 2
7565 0
7566 0
7567 0
7568 1
7569 1
7570 1
7571 1
7572 2
7573 2
7574 4
7575 4
7576 4
7577 4
7578 4
7579 2
7580 0
7581 4
7582 4
7583 4
7584 4
7585 4
7586 4
7587 4
7588 4
7589 4
7590 4
7591 2
7592 2
7593 0
7594 0
7595 1
7596 0
7597 2
7598 0
7599 0
7600 1
7601 4
7602 0
7603 0
7604 2
7605 1
7606 0
7607 1
7608 1
7609 4
7610 1
7611 1
7612 0
7613 1
7614 0
7615 1
7616 1
7617 0
7618 1
7619 1
7620 1
7621 0
7622 0
7623 1
7624 1
7625 0
7626 0
7627 1
7628 0
7629 4
7630 1
7631 4
7632 1
7633 1
7634 2
7635 0
7636 1
7637 0
7638 0
7639 0
7640 0
7641 1
7642 1
7643 0
7644 4
7645 4
7646 4
7647 4
7648 4
7649 0
7650 4
7651 1
7652 1
7653 4
7654 4
7655 0
7656 4
7657 1
7658 2
7659 1
7660 4
7661 4
7662 4
7663 1
7664 0
7665 4
7666 4
7667 4
7668 4
7669 1
7670 0
7671 1
7672 0
7673 0
7674 0
7675 0
7676 0
7677 0
7678 0
7679 0
7680 0
7681 0
7682 1
7683 0
7684 0
7685 0
7686 0
7687 0
7688 0
7689 0
7690 0
7691 0
7692 0
7693 0
7694 0
7695 0
7696 0
7697 1
7698 0
7699 0
7700 0
7701 0
7702 0
7703 0
7704 0
7705 0
7706 0
7707 0
7708 0
7709 0
7710 0
7711 0
7712 0
7713 4
7714 0
7715 0
7716 1
7717 0
7718 0
7719 0
7720 0
7721 0
7722 0
7723 0
7724 0
7725 4
7726 0
7727 0
7728 0
7729 0
7730 0
7731 0
7732 0
7733 0
7734 0
7735 0
7736 1
7737 4
7738 0
7739 4
7740 4
7741 4
7742 4
7743 4
7744 4
7745 4
7746 4
7747 4
7748 4
7749 4
7750 4
7751 0
7752 0
7753 1
7754 4
7755 1
7756 4
7757 0
7758 0
7759 0
7760 4
7761 0
7762 0
7763 0
7764 0
7765 0
7766 0
7767 0
7768 0
7769 0
7770 0
7771 0
7772 0
7773 0
7774 0
7775 0
7776 0
7777 0
7778 0
7779 2
7780 4
7781 2
7782 2
7783 4
7784 4
7785 4
7786 4
7787 1
7788 1
7789 4
7790 4
7791 1
7792 1
7793 4
7794 4
7795 4
7796 4
7797 4
7798 1
7799 2
7800 4
7801 4
7802 1
7803 4
7804 4
7805 4
7806 1
7807 4
7808 4
7809 4
7810 1
7811 1
7812 0
7813 4
7814 0
7815 0
7816 1
7817 0
7818 0
7819 4
7820 4
7821 1
7822 0
7823 0
7824 0
7825 0
7826 0
7827 0
7828 0
7829 0
7830 0
7831 1
7832 2
7833 4
7834 1
7835 2
7836 4
7837 0
7838 0
7839 1
7840 0
7841 1
7842 2
7843 2
7844 4
7845 4
7846 4
7847 4
7848 4
7849 4
7850 4
7851 4
7852 4
7853 4
7854 4
7855 1
7856 4
7857 4
7858 4
7859 4
7860 4
7861 4
7862 4
7863 0
7864 1
7865 1
7866 0
7867 1
7868 1
7869 1
7870 1
7871 1
7872 1
7873 1
7874 1
7875 1
7876 1
7877 1
7878 1
7879 1
7880 1
7881 0
7882 2
7883 0
7884 0
7885 0
7886 0
7887 0
7888 0
7889 0
7890 0
7891 0
7892 0
7893 0
7894 0
7895 0
7896 0
7897 0
7898 10
7899 10
7900 1
7901 1
7902 11
7903 11
7904 2
7905 2
7906 1
7907 0
7908 2
7909 4
7910 0
7911 1
7912 0
7913 0
7914 4
7915 4
7916 0
7917 1
7918 1
7919 0
7920 2
7921 0
7922 1
7923 4
7924 1
7925 0
7926 1
7927 1
7928 0
7929 1
7930 1
7931 1
7932 4
7933 1
7934 1
7935 1
7936 1
7937 12
7938 2
7939 12
7940 1
7941 0
7942 0
7943 0
7944 0
7945 0
7946 1
7947 1
7948 1
7949 4
7950 0
7951 4
7952 1
7953 1
7954 0
7955 1
7956 1
7957 1
7958 1
7959 4
7960 4
7961 4
7962 4
7963 4
7964 4
7965 0
7966 0
7967 0
7968 0
7969 0
7970 4
7971 4
7972 0
7973 4
7974 4
7975 0
7976 1
7977 1
7978 1
7979 0
7980 4
7981 4
7982 4
7983 4
7984 4
7985 4
7986 4
7987 4
7988 4
7989 4
7990 4
7991 4
7992 4
7993 4
7994 2
7995 0
7996 0
7997 0
7998 1
7999 4
8000 0
8001 1
8002 1
8003 0
8004 0
8005 0
8006 0
8007 0
8008 0
8009 0
8010 0
8011 0
8012 2
8013 2
8014 2
8015 4
8016 4
8017 1
8018 4
8019 1
8020 1
8021 1
8022 0
8023 0
8024 0
8025 0
8026 0
8027 0
8028 0
8029 2
8030 2
8031 2
8032 2
8033 1
8034 1
8035 0
8036 2
8037 2
8038 2
8039 0
8040 2
8041 2
8042 2
8043 4
8044 0
8045 0
8046 1
8047 1
8048 1
8049 0
8050 2
8051 13
8052 13
8053 13
8054 4
8055 4
8056 4
8057 4
8058 4
8059 4
8060 4
8061 4
8062 4
8063 4
8064 4
8065 4
8066 4
8067 4
8068 4
8069 4
8070 1
8071 4
8072 4
8073 4
8074 4
8075 4
8076 1
8077 1
8078 4
8079 4
8080 4
8081 4
8082 4
8083 0
8084 4
8085 1
8086 0
8087 0
8088 0
8089 0
8090 0
8091 0
8092 0
8093 0
8094 0
8095 0
8096 0
8097 0
8098 1
8099 0
8100 1
8101 0
8102 1
8103 0
8104 1
8105 1
8106 1
8107 1
8108 1
8109 0
8110 1
8111 4
8112 0
8113 4
8114 4
8115 4
8116 4
8117 4
8118 4
8119 1
8120 4
8121 1
8122 4
8123 0
8124 0
8125 0
8126 0
8127 0
8128 1
8129 0
8130 0
8131 4
8132 4
8133 0
8134 0
8135 14
8136 0
8137 0
8138 1
8139 0
8140 2
8141 2
8142 0
8143 2
8144 1
8145 4
8146 4
8147 4
8148 0
8149 2
8150 1
8151 2
8152 2
8153 2
8154 2
8155 1
8156 1
8157 2
8158 4
8159 2
8160 4
8161 2
8162 4
8163 4
8164 4
8165 4
8166 1
8167 0
8168 4
8169 4
8170 4
8171 4
8172 1
8173 2
8174 1
8175 0
8176 1
8177 1
8178 1
8179 1
8180 1
8181 1
8182 1
8183 1
8184 1
8185 1
8186 1
8187 1
8188 4
8189 0
8190 0
8191 0
8192 0
8193 0
8194 0
8195 0
8196 15
8197 0
8198 0
8199 15
8200 0
8201 4
8202 0
8203 0
8204 0
8205 0
8206 0
8207 0
8208 0
8209 0
8210 0
8211 0
8212 0
8213 0
8214 0
8215 0
8216 0
8217 0
8218 0
8219 0
8220 0
8221 0
8222 0
8223 0
8224 0
8225 0
8226 0
8227 0
8228 0
8229 0
8230 0
8231 0
8232 0
8233 0
8234 0
8235 0
8236 0
8237 0
8238 0
8239 1
8240 1
8241 4
8242 4
8243 4
8244 4
8245 4
8246 4
8247 4
8248 2
8249 2
8250 1
8251 1
8252 1
8253 2
8254 4
8255 4
8256 1
8257 1
8258 1
8259 1
8260 1
8261 1
8262 2
8263 2
8264 1
8265 0
8266 2
8267 0
8268 0
8269 0
8270 0
8271 0
8272 1
8273 2
8274 2
8275 4
8276 0
8277 16
8278 1
8279 1
8280 1
8281 1
8282 4
8283 0
8284 0
8285 0
8286 0
8287 0
8288 0
8289 0
8290 0
8291 0
8292 2
8293 1
8294 1
8295 1
8296 1
8297 1
8298 1
8299 1
8300 1
8301 2
8302 4
8303 16
8304 16
8305 16
8306 4
8307 0
8308 1
8309 1
8310 0
8311 1
8312 0
8313 1
8314 2
8315 0
8316 4
8317 4
8318 4
8319 1
8320 1
8321 1
8322 0
8323 4
8324 1
8325 4
8326 0
8327 1
8328 1
8329 1
8330 1
8331 1
8332 1
8333 1
8334 1
8335 1
8336 0
8337 0
8338 2
8339 17
8340 17
8341 4
8342 4
8343 4
8344 4
8345 4
8346 4
8347 1
8348 4
8349 4
8350 4
8351 2
8352 2
8353 4
8354 18
8355 18
8356 2
8357 4
8358 4
8359 4
8360 0
8361 1
8362 0
8363 0
8364 2
8365 4
8366 0
8367 0
8368 4
8369 4
8370 1
8371 1
8372 4
8373 4
8374 4
8375 4
8376 4
8377 4
8378 4
8379 4
8380 0
8381 0
8382 0
8383 0
8384 1
network of communities computed : Thu Jan  7 08:44:11 2010

network : 19 nodes, 111 links, 263642828 weight.
pass number 1 of -1 : 0.0825215 0.0825209
communities computed : Thu Jan  7 08:44:11 2010
modularity increased from 0.0825209 to 0.0825215
0 5
1 0
2 2
3 0
4 7
5 3
6 1
7 2
8 3
9 7
10 4
11 5
12 0
13 5
14 6
15 5
16 5
17 5
18 7
network of communities computed : Thu Jan  7 08:44:11 2010
1e-06 0.0825215 224
