Sender: LSF System <lsfadmin@bc16-n01>
Subject: Job 429325: <comm_pct20> Done

Job <comm_pct20> was submitted from host <bc10-n13> by user <jabloche> in cluster <lucky>.
Job was executed on host(s) <bc16-n01>, in queue <week>, as user <jabloche> in cluster <lucky>.
</afs/isis.unc.edu/home/j/a/jabloche> was used as the home directory.
</netscr/jabloche/FirmNetworks/cLouvain> was used as the working directory.
Started at Thu Jan  7 08:40:32 2010
Results reported at Thu Jan  7 08:47:11 2010

Your job looked like:

------------------------------------------------------------
# LSBATCH: User input
/netscr/jabloche/FirmNetworks/cLouvain/community /smallfs/jabloche/fn_edge/el_pct20.bin -l -1 -w
------------------------------------------------------------

Successfully completed.

Resource usage summary:

    CPU time   :    294.17 sec.
    Max Memory :       278 MB
    Max Swap   :       427 MB

    Max Processes  :         4
    Max Threads    :         4

The output (if any) follows:

Your home directory for this job is /netscr/jabloche
start : Thu Jan  7 08:40:33 2010
total : 17805761
file read : Thu Jan  7 08:42:13 2010
network : 8629 nodes, 17805761 links, 282022076 weight.
pass number 1 of -1 : 0.0832234 -0.000199885
pass number 2 of -1 : 0.0947326 0.0832234
pass number 3 of -1 : 0.0957785 0.0947326
pass number 4 of -1 : 0.0959443 0.0957785
pass number 5 of -1 : 0.0961264 0.0959443
pass number 6 of -1 : 0.0962655 0.0961264
pass number 7 of -1 : 0.0963246 0.0962655
pass number 8 of -1 : 0.0963476 0.0963246
pass number 9 of -1 : 0.0963504 0.0963476
pass number 10 of -1 : 0.0963507 0.0963504
communities computed : Thu Jan  7 08:47:10 2010
modularity increased from -0.000199885 to 0.0963507
0 1
1 1
2 0
3 1
4 1
5 1
6 1
7 1
8 1
9 4
10 4
11 1
12 0
13 1
14 1
15 1
16 1
17 1
18 1
19 4
20 1
21 1
22 1
23 1
24 1
25 0
26 1
27 1
28 1
29 1
30 1
31 1
32 4
33 1
34 1
35 1
36 1
37 1
38 0
39 0
40 1
41 1
42 1
43 1
44 1
45 0
46 1
47 4
48 1
49 1
50 4
51 4
52 4
53 1
54 1
55 1
56 0
57 1
58 4
59 1
60 4
61 1
62 1
63 1
64 4
65 1
66 1
67 1
68 1
69 1
70 1
71 1
72 1
73 1
74 1
75 1
76 1
77 1
78 1
79 4
80 4
81 1
82 0
83 1
84 1
85 1
86 4
87 1
88 1
89 1
90 1
91 1
92 1
93 1
94 4
95 1
96 0
97 1
98 4
99 0
100 1
101 1
102 1
103 0
104 0
105 1
106 1
107 0
108 4
109 0
110 1
111 1
112 1
113 4
114 1
115 1
116 1
117 1
118 0
119 1
120 1
121 0
122 4
123 1
124 4
125 4
126 0
127 4
128 4
129 4
130 1
131 0
132 4
133 1
134 1
135 1
136 1
137 4
138 0
139 4
140 1
141 0
142 0
143 0
144 1
145 0
146 1
147 1
148 1
149 0
150 0
151 1
152 1
153 0
154 0
155 4
156 4
157 0
158 0
159 4
160 0
161 0
162 4
163 0
164 4
165 4
166 1
167 0
168 4
169 1
170 1
171 1
172 4
173 1
174 4
175 1
176 1
177 0
178 0
179 1
180 4
181 1
182 1
183 4
184 4
185 0
186 1
187 0
188 4
189 1
190 4
191 1
192 0
193 1
194 1
195 1
196 1
197 4
198 4
199 1
200 1
201 0
202 0
203 0
204 4
205 1
206 0
207 4
208 4
209 1
210 1
211 0
212 4
213 1
214 0
215 4
216 1
217 1
218 0
219 1
220 1
221 1
222 4
223 4
224 0
225 4
226 1
227 0
228 4
229 4
230 4
231 0
232 1
233 1
234 1
235 1
236 0
237 1
238 1
239 0
240 1
241 4
242 1
243 4
244 1
245 4
246 1
247 4
248 0
249 4
250 4
251 4
252 0
253 1
254 0
255 1
256 0
257 4
258 0
259 1
260 1
261 0
262 0
263 4
264 1
265 0
266 0
267 0
268 4
269 0
270 0
271 1
272 0
273 0
274 0
275 1
276 4
277 1
278 1
279 4
280 1
281 0
282 4
283 1
284 1
285 4
286 0
287 4
288 1
289 0
290 0
291 4
292 0
293 1
294 1
295 0
296 1
297 0
298 4
299 1
300 0
301 0
302 0
303 0
304 1
305 0
306 4
307 0
308 4
309 0
310 1
311 1
312 0
313 0
314 4
315 1
316 4
317 4
318 0
319 1
320 4
321 0
322 0
323 0
324 0
325 1
326 1
327 1
328 1
329 1
330 1
331 1
332 4
333 4
334 4
335 4
336 4
337 4
338 0
339 4
340 4
341 4
342 4
343 1
344 4
345 0
346 1
347 4
348 4
349 1
350 4
351 1
352 1
353 1
354 4
355 0
356 1
357 1
358 1
359 1
360 0
361 1
362 0
363 1
364 1
365 1
366 4
367 4
368 1
369 1
370 0
371 1
372 1
373 1
374 1
375 1
376 1
377 0
378 1
379 0
380 1
381 1
382 0
383 0
384 4
385 1
386 1
387 1
388 0
389 0
390 0
391 1
392 1
393 1
394 1
395 4
396 1
397 1
398 1
399 1
400 1
401 1
402 0
403 1
404 1
405 4
406 1
407 1
408 1
409 1
410 0
411 0
412 0
413 0
414 1
415 0
416 0
417 1
418 1
419 1
420 1
421 1
422 1
423 1
424 1
425 1
426 0
427 1
428 0
429 1
430 1
431 1
432 1
433 0
434 1
435 1
436 0
437 4
438 0
439 1
440 4
441 1
442 1
443 1
444 0
445 1
446 1
447 1
448 0
449 4
450 1
451 1
452 1
453 1
454 4
455 0
456 4
457 1
458 1
459 0
460 0
461 1
462 1
463 4
464 4
465 1
466 1
467 1
468 0
469 0
470 0
471 1
472 4
473 1
474 4
475 1
476 0
477 4
478 4
479 1
480 0
481 0
482 0
483 0
484 0
485 0
486 0
487 1
488 0
489 0
490 0
491 0
492 0
493 0
494 0
495 0
496 0
497 0
498 0
499 0
500 0
501 4
502 0
503 0
504 0
505 0
506 0
507 0
508 0
509 1
510 0
511 0
512 0
513 0
514 0
515 0
516 0
517 0
518 0
519 0
520 1
521 0
522 0
523 0
524 0
525 0
526 0
527 0
528 0
529 0
530 0
531 1
532 0
533 0
534 0
535 0
536 0
537 4
538 1
539 0
540 0
541 0
542 0
543 0
544 0
545 4
546 0
547 1
548 4
549 0
550 0
551 0
552 0
553 0
554 0
555 0
556 0
557 0
558 0
559 0
560 0
561 0
562 0
563 0
564 0
565 0
566 0
567 0
568 0
569 0
570 0
571 0
572 1
573 0
574 0
575 0
576 0
577 0
578 0
579 0
580 0
581 0
582 0
583 0
584 0
585 1
586 0
587 1
588 0
589 0
590 0
591 0
592 0
593 0
594 0
595 0
596 0
597 0
598 0
599 0
600 0
601 0
602 0
603 0
604 0
605 1
606 0
607 0
608 0
609 0
610 0
611 0
612 0
613 0
614 0
615 0
616 0
617 0
618 4
619 0
620 0
621 1
622 0
623 0
624 0
625 0
626 1
627 1
628 1
629 1
630 4
631 1
632 1
633 1
634 1
635 1
636 1
637 0
638 1
639 1
640 4
641 1
642 1
643 1
644 1
645 1
646 1
647 4
648 1
649 1
650 0
651 4
652 1
653 1
654 4
655 1
656 1
657 1
658 1
659 0
660 1
661 1
662 0
663 1
664 0
665 1
666 4
667 1
668 1
669 1
670 0
671 1
672 1
673 1
674 1
675 1
676 1
677 1
678 1
679 1
680 0
681 1
682 1
683 1
684 0
685 1
686 4
687 1
688 0
689 1
690 1
691 4
692 1
693 1
694 1
695 1
696 0
697 1
698 1
699 1
700 1
701 1
702 1
703 1
704 1
705 4
706 1
707 4
708 4
709 1
710 1
711 1
712 4
713 1
714 1
715 4
716 1
717 0
718 4
719 1
720 4
721 4
722 1
723 4
724 4
725 4
726 1
727 1
728 0
729 4
730 1
731 1
732 4
733 1
734 1
735 1
736 1
737 1
738 1
739 1
740 1
741 1
742 1
743 1
744 1
745 1
746 0
747 1
748 1
749 1
750 0
751 4
752 0
753 0
754 1
755 1
756 1
757 1
758 1
759 1
760 1
761 1
762 1
763 1
764 1
765 4
766 0
767 1
768 1
769 1
770 1
771 1
772 1
773 0
774 4
775 1
776 4
777 1
778 1
779 1
780 1
781 1
782 1
783 1
784 1
785 4
786 1
787 1
788 1
789 4
790 0
791 1
792 1
793 1
794 1
795 1
796 4
797 1
798 0
799 0
800 1
801 1
802 1
803 0
804 1
805 1
806 1
807 4
808 1
809 1
810 0
811 1
812 1
813 1
814 1
815 1
816 0
817 1
818 1
819 0
820 1
821 1
822 1
823 1
824 1
825 4
826 1
827 1
828 0
829 1
830 1
831 1
832 1
833 1
834 0
835 1
836 1
837 1
838 1
839 1
840 1
841 1
842 4
843 4
844 4
845 4
846 4
847 4
848 4
849 4
850 4
851 4
852 4
853 4
854 4
855 4
856 4
857 4
858 4
859 4
860 4
861 4
862 4
863 4
864 4
865 4
866 4
867 1
868 0
869 1
870 1
871 1
872 1
873 1
874 1
875 1
876 1
877 0
878 1
879 0
880 1
881 4
882 1
883 1
884 1
885 1
886 1
887 1
888 0
889 4
890 1
891 1
892 1
893 1
894 1
895 1
896 1
897 1
898 1
899 1
900 1
901 1
902 1
903 1
904 1
905 4
906 1
907 1
908 1
909 1
910 0
911 4
912 1
913 1
914 1
915 1
916 0
917 1
918 1
919 1
920 1
921 1
922 1
923 1
924 4
925 0
926 1
927 1
928 1
929 4
930 1
931 1
932 1
933 0
934 1
935 1
936 1
937 1
938 0
939 1
940 1
941 1
942 0
943 1
944 4
945 1
946 1
947 1
948 1
949 4
950 1
951 1
952 1
953 1
954 1
955 1
956 1
957 1
958 1
959 4
960 1
961 1
962 0
963 1
964 1
965 1
966 1
967 1
968 1
969 4
970 1
971 1
972 1
973 1
974 1
975 0
976 1
977 1
978 1
979 1
980 1
981 1
982 1
983 4
984 1
985 1
986 0
987 1
988 1
989 1
990 1
991 4
992 1
993 4
994 1
995 1
996 1
997 1
998 4
999 4
1000 4
1001 0
1002 1
1003 1
1004 1
1005 1
1006 0
1007 0
1008 1
1009 1
1010 1
1011 4
1012 1
1013 1
1014 4
1015 4
1016 4
1017 4
1018 4
1019 4
1020 1
1021 1
1022 1
1023 1
1024 0
1025 1
1026 1
1027 0
1028 1
1029 1
1030 1
1031 1
1032 1
1033 1
1034 1
1035 1
1036 1
1037 4
1038 1
1039 1
1040 1
1041 1
1042 1
1043 1
1044 4
1045 4
1046 1
1047 1
1048 1
1049 1
1050 1
1051 1
1052 4
1053 1
1054 1
1055 1
1056 1
1057 1
1058 1
1059 4
1060 1
1061 1
1062 1
1063 1
1064 0
1065 4
1066 4
1067 1
1068 1
1069 1
1070 1
1071 4
1072 0
1073 0
1074 4
1075 4
1076 4
1077 1
1078 1
1079 1
1080 1
1081 1
1082 1
1083 1
1084 1
1085 1
1086 4
1087 4
1088 4
1089 1
1090 1
1091 0
1092 1
1093 4
1094 0
1095 1
1096 1
1097 0
1098 0
1099 1
1100 4
1101 0
1102 1
1103 1
1104 0
1105 4
1106 1
1107 1
1108 0
1109 1
1110 4
1111 0
1112 1
1113 1
1114 0
1115 1
1116 1
1117 1
1118 1
1119 1
1120 1
1121 1
1122 1
1123 1
1124 1
1125 1
1126 1
1127 1
1128 1
1129 1
1130 1
1131 1
1132 1
1133 0
1134 1
1135 0
1136 4
1137 1
1138 1
1139 1
1140 1
1141 1
1142 1
1143 0
1144 1
1145 0
1146 1
1147 4
1148 1
1149 0
1150 1
1151 0
1152 4
1153 0
1154 1
1155 1
1156 0
1157 1
1158 1
1159 0
1160 1
1161 0
1162 0
1163 0
1164 1
1165 1
1166 1
1167 1
1168 0
1169 0
1170 0
1171 0
1172 0
1173 0
1174 4
1175 1
1176 1
1177 1
1178 0
1179 4
1180 0
1181 1
1182 1
1183 1
1184 1
1185 4
1186 0
1187 1
1188 1
1189 0
1190 1
1191 1
1192 1
1193 0
1194 4
1195 4
1196 1
1197 1
1198 1
1199 0
1200 1
1201 0
1202 1
1203 0
1204 0
1205 1
1206 1
1207 4
1208 1
1209 0
1210 1
1211 4
1212 0
1213 0
1214 0
1215 1
1216 1
1217 1
1218 1
1219 1
1220 0
1221 0
1222 1
1223 0
1224 1
1225 1
1226 4
1227 0
1228 4
1229 1
1230 0
1231 0
1232 0
1233 1
1234 0
1235 1
1236 1
1237 0
1238 4
1239 1
1240 1
1241 4
1242 1
1243 1
1244 1
1245 1
1246 0
1247 1
1248 1
1249 0
1250 0
1251 1
1252 1
1253 1
1254 2
1255 1
1256 1
1257 1
1258 1
1259 1
1260 1
1261 0
1262 0
1263 1
1264 0
1265 1
1266 0
1267 4
1268 4
1269 1
1270 1
1271 1
1272 1
1273 4
1274 0
1275 0
1276 0
1277 1
1278 1
1279 0
1280 1
1281 1
1282 0
1283 0
1284 0
1285 1
1286 0
1287 0
1288 4
1289 0
1290 1
1291 0
1292 1
1293 1
1294 0
1295 0
1296 0
1297 1
1298 1
1299 0
1300 1
1301 1
1302 1
1303 1
1304 1
1305 1
1306 0
1307 1
1308 1
1309 4
1310 0
1311 0
1312 1
1313 1
1314 0
1315 1
1316 4
1317 1
1318 1
1319 1
1320 1
1321 0
1322 1
1323 0
1324 0
1325 0
1326 1
1327 0
1328 1
1329 1
1330 1
1331 0
1332 0
1333 1
1334 1
1335 0
1336 0
1337 1
1338 0
1339 0
1340 0
1341 1
1342 0
1343 0
1344 0
1345 0
1346 1
1347 1
1348 4
1349 0
1350 1
1351 0
1352 1
1353 1
1354 1
1355 0
1356 4
1357 1
1358 1
1359 1
1360 1
1361 1
1362 1
1363 0
1364 4
1365 1
1366 1
1367 0
1368 1
1369 0
1370 1
1371 1
1372 0
1373 1
1374 0
1375 0
1376 1
1377 1
1378 1
1379 1
1380 1
1381 0
1382 1
1383 1
1384 4
1385 4
1386 1
1387 0
1388 0
1389 0
1390 1
1391 0
1392 1
1393 1
1394 0
1395 1
1396 4
1397 1
1398 1
1399 0
1400 1
1401 0
1402 1
1403 1
1404 1
1405 0
1406 0
1407 1
1408 0
1409 4
1410 0
1411 0
1412 0
1413 0
1414 1
1415 0
1416 0
1417 1
1418 1
1419 4
1420 1
1421 1
1422 1
1423 1
1424 0
1425 1
1426 1
1427 1
1428 0
1429 0
1430 1
1431 0
1432 1
1433 0
1434 4
1435 1
1436 1
1437 4
1438 4
1439 4
1440 0
1441 0
1442 0
1443 0
1444 1
1445 0
1446 0
1447 4
1448 1
1449 1
1450 0
1451 1
1452 1
1453 0
1454 1
1455 0
1456 0
1457 1
1458 0
1459 0
1460 0
1461 0
1462 4
1463 1
1464 0
1465 1
1466 1
1467 1
1468 0
1469 0
1470 0
1471 1
1472 0
1473 0
1474 1
1475 1
1476 1
1477 1
1478 1
1479 1
1480 0
1481 1
1482 0
1483 0
1484 1
1485 0
1486 0
1487 0
1488 1
1489 1
1490 1
1491 1
1492 1
1493 4
1494 0
1495 0
1496 1
1497 4
1498 1
1499 1
1500 4
1501 0
1502 0
1503 0
1504 0
1505 4
1506 1
1507 4
1508 0
1509 1
1510 1
1511 0
1512 1
1513 0
1514 1
1515 1
1516 0
1517 1
1518 1
1519 1
1520 0
1521 0
1522 4
1523 1
1524 1
1525 0
1526 0
1527 1
1528 1
1529 1
1530 0
1531 0
1532 1
1533 0
1534 1
1535 1
1536 1
1537 1
1538 1
1539 0
1540 1
1541 0
1542 0
1543 0
1544 1
1545 0
1546 1
1547 1
1548 4
1549 4
1550 1
1551 0
1552 0
1553 4
1554 0
1555 1
1556 0
1557 0
1558 4
1559 0
1560 1
1561 1
1562 1
1563 1
1564 0
1565 0
1566 1
1567 1
1568 0
1569 0
1570 1
1571 0
1572 0
1573 1
1574 0
1575 0
1576 1
1577 0
1578 0
1579 1
1580 4
1581 1
1582 0
1583 0
1584 1
1585 4
1586 4
1587 1
1588 0
1589 1
1590 1
1591 0
1592 0
1593 0
1594 0
1595 1
1596 1
1597 1
1598 1
1599 0
1600 1
1601 4
1602 0
1603 4
1604 0
1605 0
1606 1
1607 1
1608 1
1609 1
1610 1
1611 0
1612 1
1613 0
1614 1
1615 0
1616 1
1617 1
1618 0
1619 1
1620 1
1621 1
1622 1
1623 0
1624 1
1625 1
1626 1
1627 1
1628 1
1629 4
1630 1
1631 1
1632 0
1633 1
1634 0
1635 1
1636 0
1637 1
1638 1
1639 1
1640 0
1641 0
1642 0
1643 1
1644 1
1645 1
1646 1
1647 0
1648 1
1649 1
1650 0
1651 0
1652 1
1653 0
1654 0
1655 1
1656 0
1657 0
1658 1
1659 1
1660 0
1661 1
1662 0
1663 0
1664 0
1665 4
1666 0
1667 0
1668 0
1669 1
1670 4
1671 4
1672 1
1673 1
1674 1
1675 0
1676 4
1677 4
1678 0
1679 0
1680 4
1681 1
1682 1
1683 0
1684 4
1685 1
1686 1
1687 4
1688 1
1689 0
1690 0
1691 1
1692 1
1693 0
1694 1
1695 1
1696 0
1697 0
1698 1
1699 0
1700 1
1701 0
1702 1
1703 4
1704 0
1705 0
1706 0
1707 1
1708 0
1709 1
1710 0
1711 1
1712 0
1713 1
1714 0
1715 1
1716 1
1717 4
1718 0
1719 0
1720 0
1721 1
1722 0
1723 1
1724 1
1725 0
1726 1
1727 1
1728 0
1729 0
1730 0
1731 0
1732 0
1733 1
1734 1
1735 0
1736 0
1737 0
1738 1
1739 1
1740 0
1741 4
1742 0
1743 1
1744 0
1745 1
1746 1
1747 0
1748 0
1749 4
1750 1
1751 1
1752 1
1753 1
1754 0
1755 0
1756 0
1757 0
1758 1
1759 0
1760 0
1761 1
1762 1
1763 4
1764 1
1765 1
1766 1
1767 0
1768 0
1769 1
1770 1
1771 0
1772 0
1773 0
1774 0
1775 0
1776 1
1777 0
1778 0
1779 1
1780 1
1781 0
1782 0
1783 1
1784 1
1785 1
1786 1
1787 1
1788 0
1789 1
1790 1
1791 0
1792 0
1793 0
1794 0
1795 1
1796 1
1797 0
1798 4
1799 4
1800 0
1801 1
1802 0
1803 0
1804 0
1805 1
1806 1
1807 1
1808 4
1809 4
1810 1
1811 0
1812 0
1813 0
1814 4
1815 1
1816 0
1817 0
1818 1
1819 1
1820 1
1821 4
1822 1
1823 1
1824 1
1825 0
1826 1
1827 0
1828 1
1829 1
1830 4
1831 1
1832 0
1833 1
1834 0
1835 4
1836 1
1837 0
1838 0
1839 0
1840 0
1841 1
1842 1
1843 4
1844 1
1845 1
1846 1
1847 1
1848 0
1849 0
1850 0
1851 0
1852 1
1853 1
1854 1
1855 4
1856 1
1857 0
1858 0
1859 1
1860 0
1861 1
1862 0
1863 1
1864 0
1865 0
1866 0
1867 1
1868 1
1869 1
1870 1
1871 1
1872 1
1873 4
1874 0
1875 1
1876 1
1877 1
1878 1
1879 0
1880 0
1881 1
1882 4
1883 0
1884 0
1885 4
1886 0
1887 4
1888 1
1889 1
1890 4
1891 0
1892 0
1893 1
1894 0
1895 0
1896 0
1897 0
1898 1
1899 1
1900 1
1901 0
1902 0
1903 0
1904 0
1905 0
1906 0
1907 1
1908 4
1909 0
1910 1
1911 0
1912 4
1913 0
1914 1
1915 0
1916 4
1917 0
1918 1
1919 4
1920 1
1921 0
1922 1
1923 4
1924 0
1925 0
1926 0
1927 0
1928 4
1929 1
1930 1
1931 1
1932 1
1933 0
1934 0
1935 0
1936 0
1937 1
1938 0
1939 0
1940 4
1941 0
1942 1
1943 1
1944 1
1945 1
1946 1
1947 1
1948 1
1949 0
1950 0
1951 1
1952 0
1953 1
1954 1
1955 0
1956 1
1957 0
1958 1
1959 1
1960 0
1961 1
1962 0
1963 0
1964 4
1965 0
1966 1
1967 4
1968 1
1969 0
1970 4
1971 0
1972 1
1973 1
1974 4
1975 1
1976 0
1977 1
1978 0
1979 1
1980 0
1981 1
1982 0
1983 0
1984 0
1985 0
1986 0
1987 0
1988 1
1989 1
1990 4
1991 0
1992 0
1993 1
1994 0
1995 0
1996 0
1997 4
1998 1
1999 0
2000 1
2001 1
2002 0
2003 1
2004 4
2005 1
2006 4
2007 1
2008 0
2009 1
2010 0
2011 4
2012 0
2013 0
2014 1
2015 1
2016 0
2017 0
2018 1
2019 0
2020 0
2021 1
2022 1
2023 0
2024 0
2025 0
2026 0
2027 0
2028 0
2029 0
2030 1
2031 4
2032 0
2033 0
2034 0
2035 0
2036 0
2037 0
2038 0
2039 0
2040 1
2041 1
2042 1
2043 0
2044 1
2045 0
2046 1
2047 1
2048 0
2049 0
2050 0
2051 1
2052 0
2053 0
2054 1
2055 4
2056 1
2057 1
2058 1
2059 1
2060 1
2061 1
2062 1
2063 4
2064 1
2065 1
2066 1
2067 1
2068 1
2069 4
2070 4
2071 1
2072 1
2073 0
2074 0
2075 1
2076 4
2077 1
2078 1
2079 0
2080 1
2081 1
2082 4
2083 4
2084 4
2085 1
2086 4
2087 1
2088 4
2089 4
2090 1
2091 0
2092 1
2093 0
2094 4
2095 1
2096 1
2097 0
2098 4
2099 12
2100 0
2101 0
2102 4
2103 0
2104 4
2105 4
2106 1
2107 1
2108 4
2109 0
2110 1
2111 0
2112 4
2113 4
2114 4
2115 4
2116 4
2117 4
2118 4
2119 4
2120 4
2121 1
2122 0
2123 4
2124 4
2125 1
2126 1
2127 0
2128 0
2129 0
2130 0
2131 0
2132 1
2133 1
2134 1
2135 1
2136 1
2137 1
2138 4
2139 1
2140 1
2141 1
2142 1
2143 0
2144 1
2145 0
2146 0
2147 1
2148 1
2149 0
2150 1
2151 1
2152 0
2153 0
2154 4
2155 4
2156 0
2157 1
2158 1
2159 1
2160 0
2161 0
2162 1
2163 0
2164 1
2165 4
2166 1
2167 1
2168 0
2169 0
2170 0
2171 0
2172 0
2173 0
2174 0
2175 0
2176 4
2177 0
2178 0
2179 0
2180 1
2181 0
2182 0
2183 0
2184 0
2185 0
2186 0
2187 0
2188 4
2189 4
2190 4
2191 0
2192 4
2193 1
2194 1
2195 4
2196 0
2197 0
2198 0
2199 0
2200 1
2201 0
2202 0
2203 0
2204 0
2205 0
2206 4
2207 4
2208 0
2209 0
2210 0
2211 0
2212 0
2213 0
2214 0
2215 0
2216 0
2217 0
2218 0
2219 0
2220 0
2221 0
2222 4
2223 4
2224 4
2225 4
2226 1
2227 0
2228 0
2229 0
2230 4
2231 0
2232 0
2233 4
2234 4
2235 0
2236 4
2237 1
2238 1
2239 4
2240 0
2241 0
2242 4
2243 4
2244 0
2245 0
2246 0
2247 0
2248 0
2249 0
2250 0
2251 0
2252 1
2253 0
2254 0
2255 1
2256 0
2257 4
2258 0
2259 4
2260 0
2261 4
2262 4
2263 4
2264 4
2265 0
2266 0
2267 0
2268 1
2269 0
2270 0
2271 0
2272 4
2273 0
2274 0
2275 4
2276 4
2277 4
2278 1
2279 4
2280 4
2281 0
2282 0
2283 1
2284 4
2285 0
2286 0
2287 0
2288 0
2289 0
2290 0
2291 4
2292 0
2293 0
2294 0
2295 0
2296 0
2297 0
2298 0
2299 0
2300 0
2301 4
2302 4
2303 0
2304 1
2305 0
2306 4
2307 0
2308 1
2309 1
2310 0
2311 1
2312 0
2313 0
2314 4
2315 4
2316 1
2317 0
2318 1
2319 1
2320 0
2321 1
2322 0
2323 0
2324 0
2325 1
2326 0
2327 0
2328 1
2329 0
2330 0
2331 1
2332 1
2333 0
2334 1
2335 0
2336 1
2337 1
2338 0
2339 1
2340 1
2341 1
2342 1
2343 4
2344 1
2345 0
2346 1
2347 1
2348 1
2349 0
2350 1
2351 1
2352 0
2353 1
2354 0
2355 1
2356 1
2357 0
2358 1
2359 0
2360 1
2361 1
2362 1
2363 0
2364 1
2365 4
2366 1
2367 0
2368 0
2369 4
2370 1
2371 1
2372 0
2373 0
2374 0
2375 0
2376 1
2377 0
2378 0
2379 1
2380 1
2381 1
2382 1
2383 0
2384 0
2385 1
2386 0
2387 1
2388 1
2389 0
2390 0
2391 0
2392 0
2393 0
2394 4
2395 4
2396 1
2397 0
2398 4
2399 1
2400 0
2401 0
2402 1
2403 1
2404 1
2405 0
2406 1
2407 0
2408 0
2409 0
2410 1
2411 1
2412 1
2413 1
2414 1
2415 1
2416 1
2417 1
2418 1
2419 0
2420 1
2421 0
2422 4
2423 1
2424 0
2425 1
2426 4
2427 1
2428 0
2429 1
2430 1
2431 0
2432 0
2433 4
2434 0
2435 0
2436 0
2437 4
2438 0
2439 1
2440 0
2441 1
2442 0
2443 1
2444 1
2445 0
2446 1
2447 0
2448 1
2449 4
2450 4
2451 0
2452 0
2453 1
2454 4
2455 0
2456 0
2457 0
2458 0
2459 1
2460 1
2461 1
2462 1
2463 0
2464 0
2465 4
2466 1
2467 4
2468 4
2469 4
2470 1
2471 0
2472 0
2473 1
2474 0
2475 4
2476 0
2477 1
2478 0
2479 0
2480 1
2481 0
2482 1
2483 1
2484 1
2485 0
2486 1
2487 0
2488 1
2489 4
2490 4
2491 0
2492 0
2493 0
2494 0
2495 0
2496 0
2497 1
2498 0
2499 1
2500 1
2501 1
2502 1
2503 0
2504 0
2505 1
2506 0
2507 0
2508 1
2509 0
2510 0
2511 0
2512 0
2513 0
2514 0
2515 0
2516 1
2517 0
2518 1
2519 0
2520 0
2521 0
2522 1
2523 4
2524 1
2525 0
2526 0
2527 0
2528 0
2529 0
2530 1
2531 0
2532 1
2533 0
2534 1
2535 1
2536 1
2537 0
2538 1
2539 0
2540 1
2541 1
2542 0
2543 1
2544 1
2545 1
2546 0
2547 4
2548 0
2549 0
2550 0
2551 1
2552 1
2553 0
2554 0
2555 0
2556 0
2557 0
2558 4
2559 0
2560 0
2561 1
2562 1
2563 1
2564 1
2565 4
2566 0
2567 0
2568 0
2569 1
2570 1
2571 0
2572 1
2573 0
2574 1
2575 1
2576 0
2577 1
2578 0
2579 1
2580 0
2581 0
2582 1
2583 0
2584 0
2585 0
2586 1
2587 1
2588 1
2589 0
2590 0
2591 4
2592 0
2593 1
2594 1
2595 0
2596 0
2597 4
2598 1
2599 1
2600 0
2601 0
2602 1
2603 0
2604 0
2605 0
2606 0
2607 0
2608 1
2609 0
2610 0
2611 0
2612 1
2613 1
2614 0
2615 0
2616 1
2617 0
2618 0
2619 0
2620 1
2621 1
2622 4
2623 1
2624 1
2625 1
2626 0
2627 0
2628 0
2629 1
2630 1
2631 1
2632 0
2633 1
2634 0
2635 4
2636 1
2637 0
2638 1
2639 1
2640 0
2641 1
2642 0
2643 1
2644 0
2645 1
2646 0
2647 1
2648 1
2649 1
2650 0
2651 0
2652 1
2653 0
2654 1
2655 0
2656 0
2657 4
2658 0
2659 0
2660 1
2661 0
2662 1
2663 0
2664 1
2665 0
2666 1
2667 1
2668 0
2669 1
2670 1
2671 0
2672 0
2673 0
2674 0
2675 1
2676 1
2677 1
2678 1
2679 0
2680 0
2681 1
2682 0
2683 1
2684 1
2685 1
2686 1
2687 1
2688 0
2689 1
2690 0
2691 1
2692 1
2693 0
2694 0
2695 0
2696 0
2697 1
2698 0
2699 0
2700 4
2701 1
2702 1
2703 1
2704 0
2705 0
2706 0
2707 0
2708 1
2709 0
2710 0
2711 0
2712 0
2713 1
2714 0
2715 0
2716 0
2717 0
2718 0
2719 1
2720 0
2721 0
2722 1
2723 0
2724 1
2725 0
2726 0
2727 0
2728 0
2729 0
2730 1
2731 1
2732 0
2733 1
2734 0
2735 0
2736 0
2737 1
2738 0
2739 1
2740 1
2741 1
2742 0
2743 4
2744 0
2745 0
2746 1
2747 1
2748 1
2749 1
2750 0
2751 0
2752 0
2753 0
2754 0
2755 0
2756 4
2757 0
2758 1
2759 0
2760 1
2761 0
2762 1
2763 1
2764 4
2765 0
2766 1
2767 1
2768 1
2769 0
2770 0
2771 0
2772 0
2773 4
2774 1
2775 0
2776 0
2777 1
2778 0
2779 0
2780 0
2781 1
2782 0
2783 1
2784 1
2785 1
2786 0
2787 1
2788 1
2789 1
2790 1
2791 1
2792 1
2793 4
2794 1
2795 1
2796 4
2797 1
2798 0
2799 0
2800 4
2801 0
2802 0
2803 1
2804 4
2805 0
2806 4
2807 4
2808 1
2809 4
2810 4
2811 4
2812 4
2813 4
2814 4
2815 4
2816 4
2817 4
2818 4
2819 1
2820 1
2821 1
2822 4
2823 0
2824 4
2825 4
2826 1
2827 1
2828 1
2829 0
2830 1
2831 0
2832 1
2833 1
2834 4
2835 1
2836 0
2837 4
2838 4
2839 0
2840 1
2841 0
2842 1
2843 1
2844 4
2845 1
2846 4
2847 1
2848 1
2849 1
2850 4
2851 4
2852 1
2853 1
2854 4
2855 1
2856 1
2857 1
2858 0
2859 1
2860 0
2861 1
2862 0
2863 1
2864 4
2865 1
2866 1
2867 1
2868 1
2869 1
2870 0
2871 4
2872 1
2873 1
2874 0
2875 4
2876 1
2877 1
2878 1
2879 1
2880 1
2881 0
2882 4
2883 1
2884 1
2885 1
2886 1
2887 4
2888 1
2889 4
2890 1
2891 1
2892 1
2893 1
2894 1
2895 0
2896 1
2897 1
2898 1
2899 1
2900 1
2901 0
2902 1
2903 4
2904 0
2905 0
2906 0
2907 4
2908 0
2909 1
2910 1
2911 1
2912 1
2913 1
2914 0
2915 0
2916 1
2917 4
2918 1
2919 4
2920 4
2921 1
2922 1
2923 1
2924 1
2925 4
2926 0
2927 0
2928 0
2929 0
2930 0
2931 1
2932 1
2933 1
2934 1
2935 1
2936 0
2937 0
2938 0
2939 4
2940 1
2941 0
2942 0
2943 4
2944 4
2945 0
2946 0
2947 0
2948 0
2949 1
2950 0
2951 1
2952 4
2953 1
2954 0
2955 1
2956 0
2957 4
2958 1
2959 0
2960 1
2961 1
2962 13
2963 4
2964 4
2965 4
2966 4
2967 4
2968 4
2969 4
2970 4
2971 4
2972 4
2973 4
2974 4
2975 0
2976 1
2977 0
2978 0
2979 1
2980 1
2981 4
2982 4
2983 4
2984 1
2985 1
2986 1
2987 4
2988 1
2989 4
2990 0
2991 1
2992 1
2993 0
2994 4
2995 0
2996 1
2997 1
2998 4
2999 1
3000 0
3001 1
3002 0
3003 4
3004 1
3005 4
3006 0
3007 4
3008 4
3009 0
3010 4
3011 1
3012 0
3013 1
3014 4
3015 4
3016 4
3017 4
3018 4
3019 1
3020 1
3021 1
3022 1
3023 0
3024 0
3025 0
3026 1
3027 4
3028 0
3029 0
3030 0
3031 1
3032 0
3033 0
3034 1
3035 0
3036 0
3037 0
3038 0
3039 1
3040 1
3041 1
3042 1
3043 0
3044 0
3045 1
3046 0
3047 1
3048 4
3049 0
3050 0
3051 4
3052 1
3053 1
3054 0
3055 1
3056 1
3057 1
3058 0
3059 4
3060 1
3061 0
3062 4
3063 4
3064 4
3065 4
3066 0
3067 0
3068 1
3069 1
3070 4
3071 4
3072 4
3073 4
3074 1
3075 4
3076 0
3077 0
3078 0
3079 4
3080 4
3081 0
3082 0
3083 0
3084 0
3085 0
3086 4
3087 1
3088 1
3089 0
3090 0
3091 1
3092 0
3093 0
3094 1
3095 0
3096 0
3097 0
3098 0
3099 0
3100 1
3101 1
3102 1
3103 4
3104 0
3105 0
3106 0
3107 0
3108 1
3109 1
3110 1
3111 4
3112 0
3113 1
3114 0
3115 0
3116 0
3117 4
3118 0
3119 1
3120 4
3121 0
3122 0
3123 0
3124 0
3125 4
3126 0
3127 1
3128 1
3129 0
3130 0
3131 0
3132 1
3133 4
3134 4
3135 4
3136 0
3137 1
3138 1
3139 4
3140 1
3141 0
3142 1
3143 1
3144 1
3145 0
3146 4
3147 0
3148 0
3149 0
3150 1
3151 0
3152 1
3153 1
3154 4
3155 4
3156 4
3157 4
3158 4
3159 4
3160 4
3161 4
3162 4
3163 4
3164 4
3165 4
3166 4
3167 4
3168 1
3169 4
3170 4
3171 4
3172 4
3173 4
3174 4
3175 4
3176 4
3177 4
3178 4
3179 4
3180 4
3181 4
3182 0
3183 0
3184 0
3185 0
3186 1
3187 0
3188 1
3189 0
3190 0
3191 0
3192 4
3193 0
3194 4
3195 1
3196 0
3197 0
3198 1
3199 1
3200 4
3201 0
3202 1
3203 1
3204 0
3205 0
3206 0
3207 0
3208 4
3209 4
3210 4
3211 0
3212 1
3213 0
3214 0
3215 0
3216 0
3217 0
3218 1
3219 0
3220 1
3221 4
3222 0
3223 1
3224 1
3225 4
3226 1
3227 1
3228 1
3229 1
3230 4
3231 0
3232 1
3233 0
3234 4
3235 1
3236 4
3237 4
3238 0
3239 4
3240 4
3241 4
3242 4
3243 4
3244 4
3245 0
3246 1
3247 1
3248 1
3249 1
3250 4
3251 0
3252 0
3253 1
3254 0
3255 0
3256 0
3257 0
3258 4
3259 4
3260 4
3261 0
3262 1
3263 0
3264 4
3265 4
3266 0
3267 1
3268 1
3269 1
3270 1
3271 4
3272 4
3273 4
3274 4
3275 4
3276 4
3277 0
3278 4
3279 0
3280 1
3281 4
3282 0
3283 0
3284 0
3285 1
3286 1
3287 0
3288 0
3289 1
3290 1
3291 1
3292 1
3293 4
3294 0
3295 0
3296 4
3297 0
3298 0
3299 1
3300 0
3301 1
3302 0
3303 0
3304 4
3305 0
3306 1
3307 1
3308 0
3309 0
3310 4
3311 0
3312 4
3313 4
3314 4
3315 4
3316 4
3317 4
3318 4
3319 0
3320 0
3321 1
3322 0
3323 0
3324 0
3325 4
3326 4
3327 4
3328 4
3329 4
3330 0
3331 4
3332 0
3333 0
3334 0
3335 0
3336 1
3337 0
3338 4
3339 1
3340 1
3341 0
3342 0
3343 1
3344 0
3345 4
3346 0
3347 0
3348 4
3349 1
3350 4
3351 4
3352 4
3353 0
3354 0
3355 1
3356 1
3357 0
3358 4
3359 1
3360 1
3361 4
3362 4
3363 4
3364 4
3365 4
3366 4
3367 4
3368 4
3369 4
3370 4
3371 4
3372 4
3373 4
3374 4
3375 4
3376 4
3377 0
3378 1
3379 1
3380 1
3381 0
3382 0
3383 4
3384 0
3385 0
3386 1
3387 0
3388 0
3389 4
3390 1
3391 4
3392 1
3393 0
3394 0
3395 4
3396 4
3397 0
3398 0
3399 1
3400 0
3401 0
3402 0
3403 0
3404 4
3405 0
3406 0
3407 0
3408 1
3409 1
3410 0
3411 4
3412 4
3413 4
3414 1
3415 4
3416 0
3417 0
3418 1
3419 0
3420 1
3421 0
3422 0
3423 0
3424 0
3425 0
3426 0
3427 0
3428 1
3429 4
3430 0
3431 4
3432 0
3433 0
3434 0
3435 0
3436 0
3437 0
3438 0
3439 0
3440 0
3441 0
3442 0
3443 0
3444 0
3445 4
3446 4
3447 4
3448 4
3449 4
3450 4
3451 0
3452 0
3453 1
3454 0
3455 4
3456 0
3457 0
3458 4
3459 0
3460 0
3461 0
3462 1
3463 4
3464 0
3465 0
3466 0
3467 1
3468 1
3469 0
3470 0
3471 0
3472 1
3473 0
3474 0
3475 0
3476 1
3477 4
3478 1
3479 0
3480 0
3481 0
3482 4
3483 1
3484 0
3485 4
3486 0
3487 1
3488 1
3489 4
3490 0
3491 1
3492 0
3493 4
3494 1
3495 0
3496 0
3497 0
3498 1
3499 0
3500 4
3501 1
3502 1
3503 0
3504 1
3505 0
3506 1
3507 4
3508 0
3509 1
3510 4
3511 1
3512 1
3513 4
3514 1
3515 0
3516 0
3517 4
3518 4
3519 4
3520 4
3521 0
3522 0
3523 0
3524 1
3525 1
3526 0
3527 0
3528 0
3529 1
3530 0
3531 0
3532 0
3533 0
3534 0
3535 0
3536 0
3537 0
3538 0
3539 0
3540 0
3541 1
3542 0
3543 0
3544 0
3545 0
3546 1
3547 1
3548 0
3549 0
3550 4
3551 0
3552 4
3553 0
3554 1
3555 4
3556 0
3557 4
3558 4
3559 4
3560 4
3561 0
3562 0
3563 0
3564 0
3565 0
3566 0
3567 0
3568 1
3569 0
3570 0
3571 4
3572 1
3573 0
3574 1
3575 1
3576 4
3577 0
3578 0
3579 0
3580 0
3581 0
3582 4
3583 0
3584 1
3585 0
3586 1
3587 1
3588 4
3589 4
3590 0
3591 4
3592 0
3593 0
3594 1
3595 4
3596 4
3597 4
3598 4
3599 4
3600 4
3601 4
3602 4
3603 4
3604 4
3605 4
3606 4
3607 4
3608 4
3609 4
3610 4
3611 4
3612 4
3613 4
3614 4
3615 4
3616 4
3617 4
3618 4
3619 4
3620 4
3621 4
3622 4
3623 4
3624 4
3625 4
3626 4
3627 4
3628 4
3629 4
3630 4
3631 4
3632 4
3633 4
3634 4
3635 4
3636 4
3637 4
3638 4
3639 4
3640 4
3641 4
3642 4
3643 4
3644 4
3645 4
3646 4
3647 4
3648 4
3649 4
3650 4
3651 4
3652 4
3653 4
3654 4
3655 4
3656 4
3657 4
3658 4
3659 4
3660 4
3661 4
3662 4
3663 1
3664 1
3665 0
3666 1
3667 1
3668 4
3669 1
3670 1
3671 0
3672 0
3673 1
3674 0
3675 1
3676 4
3677 0
3678 0
3679 0
3680 0
3681 1
3682 4
3683 0
3684 0
3685 0
3686 0
3687 1
3688 4
3689 0
3690 0
3691 1
3692 0
3693 0
3694 0
3695 0
3696 0
3697 0
3698 0
3699 1
3700 0
3701 4
3702 4
3703 0
3704 4
3705 1
3706 0
3707 0
3708 1
3709 1
3710 1
3711 4
3712 0
3713 1
3714 0
3715 0
3716 0
3717 0
3718 0
3719 4
3720 0
3721 4
3722 0
3723 0
3724 0
3725 1
3726 0
3727 4
3728 4
3729 1
3730 0
3731 4
3732 1
3733 4
3734 1
3735 4
3736 4
3737 0
3738 0
3739 4
3740 1
3741 1
3742 1
3743 4
3744 4
3745 4
3746 4
3747 4
3748 4
3749 1
3750 1
3751 0
3752 0
3753 0
3754 1
3755 0
3756 0
3757 1
3758 1
3759 1
3760 4
3761 1
3762 0
3763 0
3764 1
3765 4
3766 0
3767 1
3768 0
3769 0
3770 0
3771 1
3772 0
3773 1
3774 0
3775 0
3776 0
3777 0
3778 4
3779 1
3780 4
3781 4
3782 4
3783 1
3784 0
3785 1
3786 1
3787 0
3788 1
3789 1
3790 1
3791 0
3792 4
3793 0
3794 0
3795 0
3796 0
3797 0
3798 4
3799 0
3800 0
3801 0
3802 0
3803 1
3804 0
3805 1
3806 1
3807 0
3808 1
3809 1
3810 0
3811 4
3812 1
3813 0
3814 0
3815 1
3816 0
3817 4
3818 4
3819 1
3820 0
3821 1
3822 4
3823 0
3824 0
3825 4
3826 4
3827 4
3828 0
3829 1
3830 1
3831 4
3832 0
3833 0
3834 0
3835 4
3836 0
3837 4
3838 1
3839 4
3840 4
3841 4
3842 4
3843 4
3844 4
3845 4
3846 4
3847 1
3848 4
3849 4
3850 4
3851 4
3852 4
3853 4
3854 4
3855 4
3856 4
3857 4
3858 4
3859 4
3860 4
3861 4
3862 4
3863 0
3864 4
3865 4
3866 0
3867 4
3868 0
3869 0
3870 1
3871 0
3872 4
3873 1
3874 0
3875 0
3876 1
3877 1
3878 1
3879 0
3880 4
3881 0
3882 0
3883 4
3884 1
3885 1
3886 1
3887 0
3888 1
3889 0
3890 0
3891 0
3892 4
3893 1
3894 0
3895 4
3896 0
3897 0
3898 0
3899 1
3900 0
3901 0
3902 0
3903 4
3904 0
3905 0
3906 0
3907 4
3908 0
3909 0
3910 4
3911 0
3912 0
3913 0
3914 4
3915 4
3916 4
3917 4
3918 4
3919 4
3920 0
3921 4
3922 4
3923 1
3924 1
3925 4
3926 0
3927 4
3928 4
3929 4
3930 4
3931 4
3932 4
3933 4
3934 4
3935 4
3936 4
3937 4
3938 4
3939 4
3940 4
3941 4
3942 4
3943 4
3944 4
3945 4
3946 4
3947 4
3948 4
3949 4
3950 4
3951 4
3952 4
3953 4
3954 4
3955 4
3956 4
3957 4
3958 4
3959 4
3960 4
3961 4
3962 4
3963 4
3964 4
3965 4
3966 4
3967 4
3968 4
3969 4
3970 4
3971 0
3972 0
3973 0
3974 0
3975 4
3976 4
3977 4
3978 4
3979 4
3980 4
3981 4
3982 4
3983 4
3984 4
3985 0
3986 4
3987 0
3988 0
3989 4
3990 4
3991 4
3992 4
3993 4
3994 0
3995 0
3996 0
3997 0
3998 1
3999 1
4000 1
4001 4
4002 4
4003 0
4004 4
4005 0
4006 0
4007 0
4008 1
4009 1
4010 0
4011 0
4012 1
4013 0
4014 0
4015 0
4016 0
4017 0
4018 0
4019 1
4020 0
4021 0
4022 0
4023 0
4024 0
4025 0
4026 0
4027 0
4028 4
4029 4
4030 4
4031 1
4032 4
4033 4
4034 4
4035 4
4036 4
4037 0
4038 0
4039 4
4040 4
4041 4
4042 4
4043 4
4044 4
4045 4
4046 4
4047 4
4048 4
4049 4
4050 4
4051 4
4052 4
4053 4
4054 4
4055 4
4056 4
4057 4
4058 4
4059 4
4060 4
4061 1
4062 4
4063 0
4064 1
4065 0
4066 1
4067 1
4068 0
4069 0
4070 0
4071 1
4072 0
4073 1
4074 0
4075 0
4076 0
4077 0
4078 0
4079 4
4080 1
4081 1
4082 0
4083 1
4084 0
4085 1
4086 0
4087 4
4088 1
4089 0
4090 4
4091 0
4092 1
4093 0
4094 1
4095 1
4096 0
4097 4
4098 1
4099 4
4100 4
4101 1
4102 0
4103 0
4104 4
4105 0
4106 1
4107 1
4108 0
4109 0
4110 0
4111 0
4112 0
4113 0
4114 4
4115 0
4116 0
4117 0
4118 4
4119 0
4120 0
4121 1
4122 0
4123 1
4124 0
4125 0
4126 4
4127 0
4128 4
4129 0
4130 0
4131 0
4132 0
4133 4
4134 1
4135 0
4136 0
4137 0
4138 0
4139 0
4140 0
4141 0
4142 1
4143 4
4144 0
4145 0
4146 4
4147 4
4148 0
4149 0
4150 0
4151 0
4152 0
4153 0
4154 0
4155 1
4156 1
4157 4
4158 4
4159 4
4160 4
4161 0
4162 0
4163 4
4164 4
4165 4
4166 0
4167 1
4168 1
4169 1
4170 0
4171 1
4172 0
4173 0
4174 1
4175 1
4176 1
4177 4
4178 1
4179 4
4180 1
4181 1
4182 0
4183 0
4184 0
4185 1
4186 1
4187 1
4188 0
4189 0
4190 1
4191 1
4192 4
4193 0
4194 0
4195 0
4196 0
4197 0
4198 0
4199 0
4200 0
4201 0
4202 1
4203 0
4204 0
4205 0
4206 4
4207 4
4208 1
4209 0
4210 0
4211 1
4212 0
4213 0
4214 0
4215 0
4216 0
4217 0
4218 4
4219 4
4220 4
4221 4
4222 4
4223 1
4224 4
4225 4
4226 4
4227 4
4228 4
4229 4
4230 4
4231 4
4232 4
4233 4
4234 1
4235 4
4236 4
4237 4
4238 4
4239 4
4240 4
4241 4
4242 4
4243 1
4244 1
4245 0
4246 0
4247 1
4248 1
4249 0
4250 1
4251 1
4252 1
4253 1
4254 1
4255 1
4256 0
4257 1
4258 1
4259 1
4260 0
4261 1
4262 0
4263 1
4264 0
4265 0
4266 0
4267 0
4268 1
4269 1
4270 0
4271 0
4272 0
4273 0
4274 0
4275 4
4276 4
4277 4
4278 4
4279 4
4280 4
4281 4
4282 4
4283 1
4284 0
4285 0
4286 0
4287 4
4288 4
4289 4
4290 4
4291 4
4292 4
4293 4
4294 4
4295 4
4296 4
4297 4
4298 1
4299 4
4300 4
4301 0
4302 1
4303 1
4304 1
4305 0
4306 4
4307 0
4308 1
4309 1
4310 4
4311 4
4312 4
4313 0
4314 1
4315 1
4316 4
4317 4
4318 1
4319 4
4320 4
4321 1
4322 1
4323 0
4324 0
4325 4
4326 4
4327 0
4328 1
4329 1
4330 1
4331 4
4332 1
4333 4
4334 1
4335 1
4336 4
4337 4
4338 4
4339 0
4340 4
4341 1
4342 1
4343 0
4344 4
4345 1
4346 4
4347 1
4348 0
4349 0
4350 1
4351 0
4352 0
4353 4
4354 1
4355 4
4356 4
4357 0
4358 4
4359 0
4360 4
4361 0
4362 1
4363 1
4364 0
4365 0
4366 0
4367 4
4368 1
4369 1
4370 0
4371 0
4372 1
4373 1
4374 1
4375 4
4376 4
4377 4
4378 0
4379 1
4380 4
4381 4
4382 0
4383 0
4384 0
4385 1
4386 0
4387 1
4388 0
4389 1
4390 0
4391 0
4392 1
4393 4
4394 0
4395 4
4396 1
4397 4
4398 1
4399 1
4400 1
4401 0
4402 0
4403 4
4404 1
4405 4
4406 0
4407 1
4408 4
4409 4
4410 4
4411 1
4412 1
4413 1
4414 1
4415 0
4416 0
4417 0
4418 4
4419 0
4420 0
4421 0
4422 1
4423 4
4424 0
4425 4
4426 0
4427 0
4428 1
4429 0
4430 0
4431 4
4432 0
4433 0
4434 1
4435 0
4436 0
4437 0
4438 0
4439 0
4440 0
4441 0
4442 4
4443 1
4444 0
4445 0
4446 1
4447 0
4448 4
4449 1
4450 0
4451 4
4452 0
4453 1
4454 1
4455 1
4456 1
4457 1
4458 4
4459 0
4460 1
4461 0
4462 0
4463 0
4464 4
4465 4
4466 0
4467 4
4468 4
4469 1
4470 1
4471 0
4472 1
4473 1
4474 7
4475 4
4476 0
4477 1
4478 0
4479 4
4480 0
4481 4
4482 4
4483 0
4484 0
4485 1
4486 0
4487 1
4488 4
4489 0
4490 4
4491 0
4492 0
4493 1
4494 0
4495 4
4496 0
4497 0
4498 0
4499 0
4500 4
4501 0
4502 0
4503 4
4504 4
4505 1
4506 0
4507 1
4508 1
4509 1
4510 1
4511 0
4512 1
4513 0
4514 1
4515 4
4516 0
4517 1
4518 4
4519 1
4520 4
4521 0
4522 0
4523 0
4524 0
4525 0
4526 0
4527 1
4528 0
4529 0
4530 0
4531 1
4532 1
4533 0
4534 0
4535 0
4536 0
4537 0
4538 0
4539 1
4540 0
4541 0
4542 0
4543 0
4544 1
4545 4
4546 0
4547 4
4548 0
4549 0
4550 0
4551 0
4552 0
4553 1
4554 0
4555 1
4556 1
4557 4
4558 1
4559 1
4560 1
4561 1
4562 4
4563 0
4564 0
4565 0
4566 4
4567 4
4568 4
4569 0
4570 0
4571 4
4572 1
4573 0
4574 0
4575 0
4576 1
4577 0
4578 1
4579 1
4580 0
4581 0
4582 0
4583 4
4584 0
4585 4
4586 0
4587 1
4588 0
4589 0
4590 4
4591 0
4592 0
4593 4
4594 4
4595 0
4596 1
4597 4
4598 1
4599 4
4600 4
4601 4
4602 1
4603 4
4604 0
4605 0
4606 0
4607 0
4608 1
4609 4
4610 1
4611 1
4612 0
4613 0
4614 1
4615 0
4616 0
4617 0
4618 0
4619 0
4620 1
4621 0
4622 0
4623 0
4624 0
4625 0
4626 4
4627 0
4628 0
4629 1
4630 0
4631 4
4632 0
4633 1
4634 0
4635 0
4636 0
4637 4
4638 0
4639 1
4640 0
4641 4
4642 0
4643 0
4644 0
4645 0
4646 4
4647 0
4648 1
4649 0
4650 0
4651 0
4652 4
4653 1
4654 0
4655 0
4656 1
4657 4
4658 4
4659 0
4660 0
4661 1
4662 1
4663 4
4664 1
4665 4
4666 0
4667 1
4668 4
4669 0
4670 4
4671 4
4672 4
4673 0
4674 1
4675 0
4676 0
4677 0
4678 0
4679 4
4680 0
4681 4
4682 0
4683 4
4684 0
4685 0
4686 1
4687 0
4688 4
4689 1
4690 4
4691 1
4692 0
4693 0
4694 0
4695 0
4696 1
4697 4
4698 4
4699 1
4700 1
4701 0
4702 4
4703 4
4704 4
4705 0
4706 4
4707 1
4708 4
4709 0
4710 0
4711 4
4712 4
4713 1
4714 1
4715 0
4716 1
4717 0
4718 1
4719 0
4720 0
4721 0
4722 0
4723 0
4724 0
4725 0
4726 0
4727 0
4728 0
4729 0
4730 1
4731 4
4732 0
4733 4
4734 4
4735 4
4736 4
4737 4
4738 4
4739 4
4740 1
4741 4
4742 0
4743 1
4744 0
4745 0
4746 4
4747 0
4748 12
4749 4
4750 0
4751 4
4752 4
4753 4
4754 4
4755 0
4756 0
4757 0
4758 0
4759 0
4760 0
4761 1
4762 0
4763 4
4764 1
4765 1
4766 0
4767 1
4768 4
4769 0
4770 0
4771 1
4772 1
4773 1
4774 0
4775 4
4776 4
4777 0
4778 0
4779 1
4780 4
4781 1
4782 1
4783 0
4784 4
4785 4
4786 0
4787 0
4788 4
4789 0
4790 4
4791 0
4792 0
4793 0
4794 0
4795 0
4796 1
4797 4
4798 0
4799 4
4800 0
4801 1
4802 0
4803 0
4804 4
4805 0
4806 1
4807 4
4808 0
4809 4
4810 4
4811 0
4812 4
4813 4
4814 4
4815 1
4816 0
4817 1
4818 1
4819 1
4820 0
4821 0
4822 0
4823 4
4824 1
4825 1
4826 0
4827 4
4828 0
4829 0
4830 1
4831 4
4832 4
4833 4
4834 4
4835 4
4836 4
4837 4
4838 4
4839 4
4840 4
4841 0
4842 4
4843 4
4844 4
4845 4
4846 0
4847 0
4848 4
4849 0
4850 0
4851 4
4852 0
4853 4
4854 4
4855 4
4856 1
4857 0
4858 4
4859 0
4860 4
4861 1
4862 1
4863 0
4864 4
4865 4
4866 0
4867 0
4868 4
4869 4
4870 4
4871 0
4872 0
4873 0
4874 0
4875 4
4876 0
4877 4
4878 4
4879 0
4880 4
4881 4
4882 4
4883 4
4884 4
4885 4
4886 0
4887 4
4888 4
4889 4
4890 4
4891 0
4892 1
4893 0
4894 0
4895 1
4896 4
4897 1
4898 4
4899 0
4900 4
4901 4
4902 4
4903 4
4904 4
4905 4
4906 0
4907 4
4908 0
4909 0
4910 4
4911 4
4912 4
4913 4
4914 4
4915 4
4916 4
4917 4
4918 4
4919 4
4920 4
4921 4
4922 4
4923 0
4924 0
4925 4
4926 1
4927 0
4928 4
4929 4
4930 4
4931 4
4932 4
4933 4
4934 4
4935 4
4936 4
4937 0
4938 4
4939 4
4940 4
4941 4
4942 0
4943 4
4944 0
4945 0
4946 1
4947 4
4948 0
4949 4
4950 4
4951 4
4952 4
4953 1
4954 4
4955 1
4956 1
4957 1
4958 0
4959 4
4960 1
4961 1
4962 4
4963 0
4964 0
4965 1
4966 4
4967 4
4968 4
4969 4
4970 4
4971 4
4972 4
4973 4
4974 0
4975 0
4976 4
4977 4
4978 1
4979 0
4980 4
4981 4
4982 4
4983 4
4984 4
4985 4
4986 4
4987 0
4988 5
4989 4
4990 0
4991 0
4992 4
4993 0
4994 4
4995 4
4996 1
4997 0
4998 4
4999 1
5000 4
5001 4
5002 4
5003 1
5004 0
5005 4
5006 4
5007 4
5008 0
5009 0
5010 0
5011 4
5012 0
5013 0
5014 0
5015 0
5016 0
5017 0
5018 0
5019 0
5020 0
5021 0
5022 1
5023 0
5024 0
5025 0
5026 0
5027 0
5028 0
5029 4
5030 1
5031 4
5032 4
5033 0
5034 0
5035 0
5036 4
5037 0
5038 4
5039 4
5040 4
5041 4
5042 4
5043 4
5044 4
5045 4
5046 0
5047 4
5048 4
5049 4
5050 0
5051 4
5052 1
5053 4
5054 4
5055 4
5056 4
5057 4
5058 0
5059 4
5060 4
5061 4
5062 4
5063 4
5064 4
5065 4
5066 4
5067 4
5068 4
5069 4
5070 4
5071 4
5072 4
5073 4
5074 4
5075 0
5076 4
5077 4
5078 0
5079 1
5080 4
5081 4
5082 0
5083 4
5084 4
5085 12
5086 1
5087 4
5088 4
5089 9
5090 12
5091 1
5092 4
5093 4
5094 4
5095 0
5096 0
5097 0
5098 4
5099 0
5100 0
5101 0
5102 4
5103 4
5104 4
5105 0
5106 4
5107 4
5108 0
5109 1
5110 0
5111 4
5112 4
5113 4
5114 0
5115 0
5116 0
5117 4
5118 4
5119 1
5120 0
5121 4
5122 4
5123 0
5124 3
5125 3
5126 3
5127 3
5128 3
5129 3
5130 4
5131 4
5132 0
5133 0
5134 1
5135 0
5136 0
5137 0
5138 1
5139 4
5140 1
5141 0
5142 0
5143 1
5144 0
5145 0
5146 0
5147 0
5148 0
5149 0
5150 4
5151 4
5152 0
5153 1
5154 1
5155 0
5156 0
5157 1
5158 0
5159 0
5160 0
5161 0
5162 4
5163 0
5164 0
5165 0
5166 1
5167 0
5168 0
5169 0
5170 0
5171 0
5172 0
5173 4
5174 1
5175 0
5176 0
5177 4
5178 0
5179 0
5180 4
5181 1
5182 0
5183 0
5184 0
5185 0
5186 1
5187 0
5188 0
5189 1
5190 1
5191 1
5192 1
5193 0
5194 0
5195 4
5196 1
5197 0
5198 4
5199 4
5200 0
5201 0
5202 0
5203 0
5204 4
5205 0
5206 0
5207 0
5208 0
5209 1
5210 4
5211 4
5212 0
5213 1
5214 4
5215 4
5216 4
5217 0
5218 4
5219 4
5220 4
5221 1
5222 4
5223 4
5224 4
5225 0
5226 4
5227 0
5228 0
5229 4
5230 4
5231 1
5232 4
5233 0
5234 4
5235 1
5236 4
5237 4
5238 4
5239 1
5240 0
5241 0
5242 4
5243 1
5244 4
5245 0
5246 4
5247 4
5248 1
5249 0
5250 4
5251 4
5252 4
5253 0
5254 0
5255 0
5256 1
5257 1
5258 4
5259 4
5260 1
5261 4
5262 4
5263 0
5264 1
5265 4
5266 4
5267 0
5268 4
5269 4
5270 4
5271 1
5272 4
5273 4
5274 4
5275 4
5276 0
5277 4
5278 4
5279 4
5280 4
5281 4
5282 0
5283 1
5284 1
5285 4
5286 4
5287 4
5288 1
5289 4
5290 4
5291 1
5292 0
5293 1
5294 0
5295 0
5296 1
5297 0
5298 4
5299 0
5300 1
5301 0
5302 4
5303 1
5304 4
5305 1
5306 4
5307 4
5308 0
5309 4
5310 1
5311 4
5312 0
5313 0
5314 1
5315 0
5316 0
5317 1
5318 0
5319 0
5320 0
5321 4
5322 1
5323 1
5324 4
5325 1
5326 1
5327 0
5328 0
5329 0
5330 1
5331 0
5332 0
5333 0
5334 0
5335 1
5336 0
5337 0
5338 0
5339 0
5340 0
5341 0
5342 0
5343 0
5344 0
5345 4
5346 0
5347 0
5348 0
5349 0
5350 4
5351 0
5352 1
5353 1
5354 1
5355 1
5356 0
5357 1
5358 4
5359 1
5360 4
5361 1
5362 0
5363 1
5364 0
5365 0
5366 0
5367 0
5368 0
5369 0
5370 0
5371 4
5372 0
5373 0
5374 0
5375 0
5376 4
5377 1
5378 4
5379 4
5380 0
5381 4
5382 4
5383 0
5384 4
5385 4
5386 4
5387 4
5388 4
5389 1
5390 0
5391 1
5392 0
5393 0
5394 0
5395 0
5396 0
5397 0
5398 1
5399 4
5400 0
5401 0
5402 4
5403 1
5404 4
5405 1
5406 1
5407 4
5408 0
5409 0
5410 0
5411 1
5412 1
5413 0
5414 0
5415 0
5416 0
5417 4
5418 0
5419 0
5420 0
5421 0
5422 0
5423 1
5424 0
5425 0
5426 1
5427 0
5428 0
5429 0
5430 1
5431 0
5432 0
5433 0
5434 0
5435 0
5436 0
5437 4
5438 1
5439 0
5440 1
5441 4
5442 0
5443 0
5444 0
5445 4
5446 1
5447 0
5448 1
5449 0
5450 0
5451 0
5452 0
5453 0
5454 0
5455 0
5456 0
5457 4
5458 0
5459 1
5460 0
5461 1
5462 1
5463 0
5464 4
5465 0
5466 0
5467 0
5468 0
5469 0
5470 0
5471 0
5472 0
5473 0
5474 1
5475 1
5476 0
5477 0
5478 0
5479 0
5480 1
5481 0
5482 0
5483 0
5484 0
5485 0
5486 0
5487 0
5488 0
5489 0
5490 0
5491 1
5492 0
5493 7
5494 0
5495 0
5496 0
5497 0
5498 0
5499 4
5500 0
5501 0
5502 1
5503 0
5504 0
5505 0
5506 0
5507 0
5508 0
5509 4
5510 0
5511 1
5512 1
5513 0
5514 0
5515 1
5516 0
5517 0
5518 0
5519 0
5520 0
5521 0
5522 4
5523 0
5524 0
5525 1
5526 1
5527 1
5528 0
5529 1
5530 0
5531 1
5532 4
5533 0
5534 0
5535 0
5536 0
5537 4
5538 0
5539 0
5540 0
5541 0
5542 1
5543 1
5544 0
5545 0
5546 4
5547 0
5548 0
5549 0
5550 0
5551 0
5552 0
5553 0
5554 1
5555 0
5556 0
5557 0
5558 0
5559 0
5560 0
5561 0
5562 0
5563 0
5564 0
5565 0
5566 0
5567 1
5568 0
5569 0
5570 1
5571 1
5572 0
5573 0
5574 0
5575 0
5576 1
5577 0
5578 4
5579 0
5580 0
5581 0
5582 0
5583 4
5584 0
5585 0
5586 0
5587 0
5588 1
5589 0
5590 0
5591 0
5592 0
5593 0
5594 0
5595 0
5596 0
5597 0
5598 0
5599 0
5600 1
5601 0
5602 0
5603 1
5604 0
5605 1
5606 0
5607 0
5608 0
5609 0
5610 0
5611 4
5612 0
5613 12
5614 1
5615 0
5616 0
5617 0
5618 1
5619 1
5620 0
5621 0
5622 0
5623 0
5624 0
5625 0
5626 0
5627 0
5628 4
5629 0
5630 0
5631 1
5632 0
5633 0
5634 0
5635 0
5636 0
5637 0
5638 0
5639 0
5640 0
5641 0
5642 0
5643 0
5644 0
5645 0
5646 0
5647 0
5648 0
5649 0
5650 0
5651 0
5652 4
5653 1
5654 1
5655 4
5656 0
5657 4
5658 4
5659 0
5660 0
5661 0
5662 0
5663 0
5664 1
5665 0
5666 1
5667 1
5668 0
5669 0
5670 0
5671 0
5672 0
5673 1
5674 4
5675 4
5676 4
5677 1
5678 0
5679 4
5680 1
5681 4
5682 0
5683 1
5684 0
5685 4
5686 4
5687 1
5688 4
5689 4
5690 4
5691 4
5692 1
5693 4
5694 4
5695 4
5696 0
5697 1
5698 1
5699 0
5700 0
5701 0
5702 0
5703 0
5704 1
5705 4
5706 1
5707 0
5708 4
5709 4
5710 4
5711 4
5712 4
5713 0
5714 1
5715 4
5716 4
5717 0
5718 0
5719 0
5720 0
5721 0
5722 0
5723 0
5724 4
5725 4
5726 4
5727 4
5728 0
5729 1
5730 1
5731 1
5732 1
5733 4
5734 0
5735 4
5736 4
5737 4
5738 1
5739 4
5740 1
5741 0
5742 0
5743 4
5744 4
5745 0
5746 0
5747 4
5748 4
5749 0
5750 0
5751 0
5752 4
5753 0
5754 0
5755 0
5756 1
5757 0
5758 0
5759 0
5760 0
5761 1
5762 4
5763 4
5764 4
5765 1
5766 1
5767 4
5768 1
5769 0
5770 1
5771 0
5772 4
5773 4
5774 4
5775 0
5776 0
5777 1
5778 4
5779 1
5780 4
5781 4
5782 0
5783 0
5784 4
5785 0
5786 0
5787 0
5788 4
5789 0
5790 1
5791 0
5792 0
5793 1
5794 0
5795 0
5796 0
5797 0
5798 4
5799 0
5800 0
5801 0
5802 4
5803 0
5804 0
5805 0
5806 1
5807 4
5808 0
5809 1
5810 1
5811 0
5812 1
5813 1
5814 4
5815 1
5816 4
5817 0
5818 4
5819 4
5820 0
5821 4
5822 1
5823 0
5824 1
5825 12
5826 1
5827 4
5828 4
5829 0
5830 0
5831 0
5832 0
5833 0
5834 0
5835 0
5836 0
5837 0
5838 0
5839 0
5840 0
5841 0
5842 0
5843 4
5844 4
5845 4
5846 4
5847 4
5848 0
5849 1
5850 1
5851 4
5852 4
5853 4
5854 0
5855 4
5856 0
5857 4
5858 4
5859 0
5860 4
5861 0
5862 0
5863 0
5864 4
5865 0
5866 0
5867 4
5868 0
5869 4
5870 1
5871 0
5872 4
5873 4
5874 4
5875 1
5876 1
5877 5
5878 5
5879 5
5880 5
5881 5
5882 5
5883 5
5884 5
5885 5
5886 5
5887 5
5888 5
5889 5
5890 5
5891 5
5892 5
5893 5
5894 0
5895 5
5896 5
5897 5
5898 5
5899 5
5900 0
5901 4
5902 4
5903 0
5904 1
5905 0
5906 0
5907 0
5908 0
5909 0
5910 0
5911 1
5912 0
5913 1
5914 4
5915 0
5916 1
5917 0
5918 0
5919 0
5920 4
5921 0
5922 4
5923 4
5924 0
5925 0
5926 0
5927 1
5928 4
5929 0
5930 4
5931 1
5932 0
5933 0
5934 4
5935 0
5936 4
5937 4
5938 0
5939 4
5940 0
5941 0
5942 4
5943 4
5944 1
5945 1
5946 0
5947 0
5948 0
5949 0
5950 0
5951 0
5952 4
5953 0
5954 1
5955 4
5956 0
5957 0
5958 1
5959 0
5960 4
5961 0
5962 0
5963 0
5964 1
5965 0
5966 4
5967 1
5968 0
5969 0
5970 4
5971 0
5972 4
5973 1
5974 0
5975 0
5976 1
5977 4
5978 1
5979 0
5980 0
5981 1
5982 0
5983 0
5984 0
5985 4
5986 1
5987 0
5988 0
5989 4
5990 0
5991 0
5992 4
5993 4
5994 4
5995 4
5996 4
5997 4
5998 4
5999 4
6000 4
6001 4
6002 4
6003 4
6004 4
6005 4
6006 4
6007 4
6008 4
6009 4
6010 4
6011 1
6012 4
6013 4
6014 0
6015 0
6016 0
6017 4
6018 1
6019 0
6020 4
6021 0
6022 1
6023 0
6024 1
6025 0
6026 0
6027 0
6028 0
6029 0
6030 0
6031 0
6032 0
6033 4
6034 0
6035 4
6036 0
6037 4
6038 0
6039 1
6040 0
6041 1
6042 1
6043 1
6044 0
6045 0
6046 0
6047 1
6048 0
6049 1
6050 0
6051 1
6052 0
6053 0
6054 0
6055 0
6056 0
6057 0
6058 0
6059 4
6060 1
6061 4
6062 4
6063 4
6064 0
6065 1
6066 0
6067 0
6068 0
6069 1
6070 0
6071 0
6072 0
6073 0
6074 0
6075 0
6076 1
6077 0
6078 0
6079 0
6080 4
6081 4
6082 4
6083 0
6084 0
6085 4
6086 0
6087 0
6088 1
6089 0
6090 1
6091 0
6092 0
6093 4
6094 0
6095 1
6096 0
6097 0
6098 0
6099 4
6100 0
6101 4
6102 4
6103 0
6104 0
6105 4
6106 1
6107 4
6108 0
6109 0
6110 1
6111 0
6112 0
6113 1
6114 1
6115 0
6116 1
6117 1
6118 0
6119 0
6120 0
6121 0
6122 0
6123 1
6124 1
6125 0
6126 0
6127 0
6128 0
6129 0
6130 0
6131 4
6132 4
6133 0
6134 1
6135 0
6136 4
6137 4
6138 0
6139 0
6140 0
6141 1
6142 1
6143 0
6144 1
6145 0
6146 0
6147 0
6148 0
6149 4
6150 0
6151 4
6152 4
6153 4
6154 1
6155 4
6156 1
6157 0
6158 1
6159 0
6160 1
6161 0
6162 1
6163 0
6164 0
6165 0
6166 0
6167 0
6168 0
6169 0
6170 0
6171 0
6172 0
6173 1
6174 0
6175 0
6176 0
6177 1
6178 1
6179 0
6180 0
6181 0
6182 0
6183 1
6184 0
6185 0
6186 0
6187 0
6188 0
6189 0
6190 4
6191 1
6192 1
6193 4
6194 0
6195 4
6196 4
6197 4
6198 0
6199 1
6200 0
6201 1
6202 0
6203 0
6204 0
6205 0
6206 0
6207 1
6208 0
6209 0
6210 0
6211 0
6212 0
6213 0
6214 0
6215 0
6216 1
6217 1
6218 4
6219 4
6220 1
6221 0
6222 0
6223 4
6224 4
6225 0
6226 0
6227 0
6228 0
6229 0
6230 4
6231 4
6232 4
6233 4
6234 0
6235 1
6236 4
6237 0
6238 0
6239 1
6240 1
6241 0
6242 4
6243 1
6244 1
6245 0
6246 4
6247 0
6248 0
6249 0
6250 4
6251 0
6252 0
6253 0
6254 1
6255 0
6256 0
6257 0
6258 0
6259 0
6260 0
6261 4
6262 4
6263 1
6264 0
6265 0
6266 4
6267 4
6268 0
6269 1
6270 0
6271 0
6272 0
6273 0
6274 0
6275 4
6276 0
6277 0
6278 4
6279 0
6280 0
6281 0
6282 1
6283 0
6284 0
6285 4
6286 0
6287 0
6288 0
6289 0
6290 0
6291 0
6292 4
6293 4
6294 0
6295 4
6296 0
6297 4
6298 0
6299 0
6300 0
6301 0
6302 0
6303 1
6304 0
6305 0
6306 0
6307 0
6308 4
6309 4
6310 0
6311 0
6312 4
6313 1
6314 0
6315 0
6316 0
6317 0
6318 0
6319 4
6320 0
6321 4
6322 4
6323 0
6324 1
6325 4
6326 0
6327 0
6328 0
6329 0
6330 4
6331 0
6332 0
6333 4
6334 0
6335 0
6336 0
6337 0
6338 0
6339 4
6340 0
6341 0
6342 0
6343 0
6344 0
6345 0
6346 0
6347 0
6348 0
6349 4
6350 0
6351 1
6352 1
6353 0
6354 0
6355 0
6356 0
6357 0
6358 0
6359 0
6360 1
6361 0
6362 0
6363 0
6364 0
6365 0
6366 0
6367 0
6368 0
6369 0
6370 1
6371 1
6372 0
6373 1
6374 0
6375 4
6376 4
6377 4
6378 0
6379 0
6380 0
6381 0
6382 0
6383 4
6384 4
6385 1
6386 0
6387 0
6388 0
6389 1
6390 0
6391 0
6392 0
6393 0
6394 0
6395 0
6396 0
6397 0
6398 0
6399 1
6400 0
6401 0
6402 4
6403 4
6404 0
6405 4
6406 0
6407 1
6408 4
6409 4
6410 4
6411 4
6412 4
6413 4
6414 4
6415 4
6416 0
6417 0
6418 0
6419 4
6420 1
6421 0
6422 0
6423 0
6424 0
6425 0
6426 0
6427 0
6428 0
6429 0
6430 0
6431 0
6432 0
6433 4
6434 0
6435 0
6436 1
6437 0
6438 0
6439 0
6440 0
6441 0
6442 4
6443 4
6444 4
6445 0
6446 0
6447 4
6448 1
6449 0
6450 1
6451 0
6452 4
6453 0
6454 0
6455 0
6456 1
6457 0
6458 4
6459 0
6460 1
6461 0
6462 0
6463 0
6464 0
6465 1
6466 4
6467 0
6468 4
6469 4
6470 0
6471 4
6472 4
6473 0
6474 4
6475 4
6476 4
6477 4
6478 4
6479 4
6480 4
6481 4
6482 4
6483 4
6484 4
6485 4
6486 4
6487 0
6488 0
6489 0
6490 0
6491 1
6492 4
6493 1
6494 4
6495 0
6496 0
6497 0
6498 0
6499 0
6500 0
6501 0
6502 0
6503 0
6504 1
6505 0
6506 0
6507 4
6508 0
6509 0
6510 0
6511 0
6512 1
6513 0
6514 4
6515 0
6516 4
6517 0
6518 0
6519 4
6520 4
6521 0
6522 1
6523 0
6524 4
6525 0
6526 0
6527 0
6528 4
6529 0
6530 0
6531 0
6532 0
6533 0
6534 0
6535 0
6536 0
6537 4
6538 0
6539 4
6540 0
6541 0
6542 0
6543 0
6544 4
6545 4
6546 4
6547 1
6548 0
6549 0
6550 0
6551 4
6552 0
6553 1
6554 0
6555 4
6556 4
6557 0
6558 0
6559 0
6560 4
6561 0
6562 0
6563 0
6564 4
6565 4
6566 0
6567 0
6568 1
6569 4
6570 0
6571 0
6572 0
6573 0
6574 0
6575 4
6576 0
6577 0
6578 0
6579 0
6580 0
6581 4
6582 0
6583 0
6584 0
6585 4
6586 1
6587 0
6588 0
6589 0
6590 6
6591 4
6592 4
6593 0
6594 0
6595 0
6596 0
6597 0
6598 0
6599 1
6600 0
6601 0
6602 0
6603 0
6604 4
6605 0
6606 0
6607 0
6608 4
6609 0
6610 0
6611 1
6612 0
6613 0
6614 0
6615 0
6616 0
6617 0
6618 0
6619 0
6620 0
6621 0
6622 0
6623 0
6624 4
6625 1
6626 1
6627 1
6628 0
6629 4
6630 0
6631 0
6632 1
6633 4
6634 1
6635 4
6636 0
6637 4
6638 0
6639 0
6640 4
6641 4
6642 0
6643 0
6644 0
6645 4
6646 1
6647 4
6648 0
6649 0
6650 0
6651 4
6652 0
6653 1
6654 4
6655 0
6656 1
6657 4
6658 0
6659 4
6660 0
6661 0
6662 4
6663 4
6664 0
6665 1
6666 0
6667 1
6668 0
6669 0
6670 0
6671 0
6672 0
6673 4
6674 0
6675 4
6676 0
6677 0
6678 1
6679 0
6680 0
6681 1
6682 1
6683 4
6684 0
6685 0
6686 1
6687 0
6688 0
6689 4
6690 0
6691 0
6692 0
6693 0
6694 4
6695 0
6696 0
6697 0
6698 0
6699 0
6700 0
6701 6
6702 4
6703 4
6704 4
6705 4
6706 4
6707 0
6708 0
6709 0
6710 0
6711 0
6712 1
6713 0
6714 1
6715 0
6716 1
6717 4
6718 0
6719 0
6720 0
6721 1
6722 0
6723 0
6724 1
6725 0
6726 0
6727 0
6728 4
6729 4
6730 4
6731 4
6732 4
6733 4
6734 0
6735 0
6736 0
6737 0
6738 0
6739 0
6740 4
6741 0
6742 1
6743 0
6744 0
6745 0
6746 4
6747 0
6748 1
6749 0
6750 0
6751 0
6752 4
6753 4
6754 0
6755 0
6756 0
6757 0
6758 4
6759 1
6760 4
6761 0
6762 1
6763 1
6764 4
6765 0
6766 1
6767 4
6768 0
6769 4
6770 1
6771 4
6772 4
6773 4
6774 1
6775 4
6776 0
6777 1
6778 0
6779 4
6780 0
6781 4
6782 0
6783 0
6784 0
6785 0
6786 0
6787 0
6788 0
6789 0
6790 0
6791 1
6792 4
6793 1
6794 0
6795 0
6796 0
6797 0
6798 0
6799 1
6800 4
6801 4
6802 0
6803 0
6804 0
6805 0
6806 0
6807 1
6808 0
6809 0
6810 1
6811 4
6812 4
6813 4
6814 1
6815 4
6816 1
6817 4
6818 4
6819 1
6820 0
6821 1
6822 1
6823 0
6824 0
6825 1
6826 0
6827 0
6828 0
6829 0
6830 0
6831 0
6832 0
6833 1
6834 0
6835 0
6836 0
6837 0
6838 0
6839 1
6840 0
6841 0
6842 1
6843 0
6844 0
6845 4
6846 0
6847 1
6848 0
6849 4
6850 4
6851 4
6852 4
6853 0
6854 4
6855 1
6856 0
6857 1
6858 0
6859 0
6860 0
6861 1
6862 1
6863 0
6864 0
6865 4
6866 0
6867 4
6868 0
6869 0
6870 0
6871 1
6872 4
6873 4
6874 4
6875 4
6876 4
6877 1
6878 4
6879 4
6880 4
6881 4
6882 4
6883 0
6884 4
6885 4
6886 4
6887 0
6888 0
6889 1
6890 4
6891 4
6892 1
6893 4
6894 4
6895 4
6896 4
6897 0
6898 4
6899 4
6900 4
6901 4
6902 4
6903 4
6904 4
6905 4
6906 4
6907 0
6908 0
6909 4
6910 4
6911 0
6912 4
6913 4
6914 0
6915 0
6916 4
6917 4
6918 4
6919 4
6920 0
6921 4
6922 4
6923 1
6924 4
6925 0
6926 0
6927 4
6928 4
6929 4
6930 4
6931 4
6932 4
6933 4
6934 4
6935 4
6936 4
6937 4
6938 4
6939 4
6940 4
6941 4
6942 4
6943 4
6944 4
6945 4
6946 4
6947 4
6948 4
6949 4
6950 0
6951 4
6952 4
6953 4
6954 4
6955 0
6956 4
6957 4
6958 4
6959 4
6960 4
6961 4
6962 4
6963 4
6964 0
6965 0
6966 4
6967 4
6968 4
6969 4
6970 4
6971 4
6972 4
6973 4
6974 4
6975 4
6976 4
6977 4
6978 4
6979 0
6980 0
6981 1
6982 0
6983 0
6984 4
6985 0
6986 0
6987 1
6988 0
6989 1
6990 0
6991 4
6992 0
6993 0
6994 0
6995 0
6996 4
6997 4
6998 4
6999 12
7000 4
7001 0
7002 4
7003 0
7004 4
7005 0
7006 1
7007 4
7008 0
7009 0
7010 1
7011 4
7012 0
7013 0
7014 0
7015 4
7016 0
7017 0
7018 0
7019 0
7020 0
7021 0
7022 0
7023 0
7024 0
7025 0
7026 0
7027 0
7028 1
7029 1
7030 4
7031 4
7032 4
7033 4
7034 4
7035 1
7036 4
7037 4
7038 4
7039 4
7040 4
7041 4
7042 4
7043 4
7044 0
7045 4
7046 0
7047 1
7048 0
7049 0
7050 0
7051 0
7052 1
7053 1
7054 1
7055 0
7056 4
7057 4
7058 1
7059 1
7060 1
7061 4
7062 0
7063 0
7064 0
7065 0
7066 0
7067 0
7068 0
7069 0
7070 0
7071 0
7072 0
7073 0
7074 4
7075 0
7076 0
7077 4
7078 0
7079 0
7080 0
7081 0
7082 4
7083 1
7084 4
7085 1
7086 0
7087 0
7088 0
7089 0
7090 0
7091 4
7092 4
7093 4
7094 4
7095 0
7096 0
7097 0
7098 0
7099 0
7100 12
7101 0
7102 2
7103 0
7104 0
7105 0
7106 0
7107 0
7108 0
7109 1
7110 2
7111 0
7112 2
7113 0
7114 1
7115 0
7116 0
7117 0
7118 0
7119 0
7120 0
7121 4
7122 4
7123 0
7124 0
7125 0
7126 0
7127 0
7128 0
7129 0
7130 1
7131 1
7132 4
7133 4
7134 0
7135 0
7136 0
7137 0
7138 1
7139 1
7140 4
7141 4
7142 4
7143 1
7144 4
7145 0
7146 4
7147 4
7148 4
7149 4
7150 4
7151 4
7152 4
7153 4
7154 4
7155 4
7156 4
7157 4
7158 4
7159 4
7160 4
7161 4
7162 4
7163 1
7164 4
7165 7
7166 7
7167 7
7168 7
7169 7
7170 7
7171 7
7172 0
7173 7
7174 7
7175 7
7176 7
7177 7
7178 7
7179 7
7180 7
7181 7
7182 7
7183 7
7184 7
7185 7
7186 7
7187 7
7188 7
7189 7
7190 7
7191 7
7192 7
7193 0
7194 4
7195 4
7196 4
7197 4
7198 0
7199 4
7200 0
7201 4
7202 4
7203 4
7204 4
7205 1
7206 1
7207 4
7208 0
7209 0
7210 0
7211 4
7212 0
7213 4
7214 4
7215 4
7216 4
7217 4
7218 0
7219 0
7220 4
7221 4
7222 4
7223 4
7224 4
7225 0
7226 0
7227 4
7228 4
7229 4
7230 4
7231 4
7232 4
7233 4
7234 4
7235 4
7236 4
7237 4
7238 4
7239 4
7240 4
7241 4
7242 0
7243 4
7244 4
7245 4
7246 4
7247 4
7248 4
7249 4
7250 4
7251 4
7252 4
7253 4
7254 4
7255 4
7256 1
7257 1
7258 1
7259 0
7260 0
7261 0
7262 0
7263 1
7264 0
7265 4
7266 4
7267 12
7268 0
7269 0
7270 0
7271 4
7272 4
7273 4
7274 4
7275 4
7276 4
7277 1
7278 4
7279 4
7280 4
7281 4
7282 4
7283 4
7284 4
7285 4
7286 4
7287 4
7288 4
7289 4
7290 4
7291 4
7292 4
7293 1
7294 1
7295 4
7296 4
7297 4
7298 1
7299 1
7300 1
7301 1
7302 4
7303 4
7304 1
7305 1
7306 4
7307 4
7308 0
7309 4
7310 1
7311 1
7312 1
7313 1
7314 0
7315 4
7316 0
7317 1
7318 1
7319 1
7320 4
7321 1
7322 4
7323 0
7324 0
7325 1
7326 4
7327 4
7328 4
7329 4
7330 4
7331 4
7332 1
7333 1
7334 4
7335 1
7336 1
7337 1
7338 1
7339 0
7340 0
7341 0
7342 0
7343 4
7344 4
7345 4
7346 1
7347 0
7348 4
7349 1
7350 4
7351 4
7352 0
7353 0
7354 4
7355 1
7356 0
7357 4
7358 4
7359 4
7360 4
7361 4
7362 0
7363 4
7364 4
7365 4
7366 4
7367 4
7368 4
7369 4
7370 4
7371 4
7372 4
7373 4
7374 4
7375 4
7376 4
7377 4
7378 4
7379 4
7380 4
7381 4
7382 4
7383 4
7384 4
7385 4
7386 4
7387 4
7388 4
7389 4
7390 4
7391 4
7392 4
7393 4
7394 4
7395 4
7396 4
7397 4
7398 4
7399 4
7400 4
7401 4
7402 4
7403 4
7404 4
7405 4
7406 4
7407 4
7408 4
7409 4
7410 4
7411 4
7412 4
7413 4
7414 4
7415 4
7416 4
7417 4
7418 4
7419 4
7420 4
7421 4
7422 4
7423 0
7424 4
7425 4
7426 4
7427 0
7428 4
7429 4
7430 4
7431 4
7432 4
7433 1
7434 0
7435 4
7436 0
7437 0
7438 0
7439 0
7440 0
7441 0
7442 0
7443 0
7444 0
7445 0
7446 4
7447 0
7448 4
7449 0
7450 4
7451 1
7452 0
7453 0
7454 0
7455 4
7456 4
7457 4
7458 0
7459 0
7460 1
7461 0
7462 1
7463 0
7464 1
7465 0
7466 4
7467 0
7468 0
7469 4
7470 0
7471 0
7472 0
7473 0
7474 4
7475 4
7476 0
7477 4
7478 0
7479 4
7480 4
7481 4
7482 0
7483 0
7484 0
7485 4
7486 0
7487 0
7488 0
7489 0
7490 1
7491 1
7492 8
7493 8
7494 11
7495 8
7496 4
7497 8
7498 8
7499 0
7500 8
7501 12
7502 8
7503 8
7504 8
7505 8
7506 8
7507 4
7508 8
7509 8
7510 8
7511 8
7512 0
7513 8
7514 8
7515 8
7516 0
7517 8
7518 8
7519 8
7520 1
7521 4
7522 4
7523 0
7524 0
7525 0
7526 0
7527 2
7528 0
7529 0
7530 0
7531 4
7532 0
7533 0
7534 0
7535 0
7536 0
7537 0
7538 4
7539 0
7540 0
7541 0
7542 12
7543 0
7544 0
7545 0
7546 0
7547 0
7548 0
7549 4
7550 0
7551 0
7552 0
7553 0
7554 0
7555 2
7556 4
7557 0
7558 0
7559 0
7560 0
7561 0
7562 1
7563 0
7564 9
7565 12
7566 0
7567 0
7568 9
7569 9
7570 9
7571 9
7572 0
7573 0
7574 0
7575 0
7576 0
7577 0
7578 0
7579 0
7580 0
7581 0
7582 0
7583 0
7584 0
7585 0
7586 0
7587 15
7588 4
7589 1
7590 0
7591 1
7592 0
7593 0
7594 0
7595 0
7596 0
7597 0
7598 1
7599 1
7600 0
7601 4
7602 0
7603 0
7604 0
7605 4
7606 4
7607 1
7608 1
7609 1
7610 4
7611 4
7612 0
7613 4
7614 12
7615 1
7616 4
7617 4
7618 4
7619 4
7620 4
7621 4
7622 4
7623 4
7624 0
7625 1
7626 0
7627 0
7628 4
7629 0
7630 0
7631 0
7632 0
7633 4
7634 0
7635 4
7636 4
7637 4
7638 1
7639 4
7640 4
7641 1
7642 0
7643 1
7644 1
7645 4
7646 1
7647 4
7648 4
7649 4
7650 4
7651 0
7652 0
7653 1
7654 4
7655 0
7656 4
7657 4
7658 4
7659 4
7660 4
7661 4
7662 4
7663 4
7664 4
7665 4
7666 0
7667 10
7668 0
7669 10
7670 10
7671 4
7672 1
7673 2
7674 0
7675 0
7676 1
7677 0
7678 4
7679 4
7680 4
7681 4
7682 4
7683 4
7684 4
7685 4
7686 4
7687 4
7688 4
7689 0
7690 0
7691 1
7692 1
7693 11
7694 11
7695 4
7696 11
7697 11
7698 11
7699 11
7700 11
7701 11
7702 11
7703 11
7704 11
7705 11
7706 4
7707 11
7708 11
7709 11
7710 0
7711 4
7712 4
7713 0
7714 16
7715 0
7716 1
7717 1
7718 4
7719 0
7720 4
7721 0
7722 4
7723 0
7724 4
7725 0
7726 4
7727 4
7728 0
7729 4
7730 4
7731 0
7732 0
7733 0
7734 0
7735 4
7736 4
7737 0
7738 4
7739 2
7740 1
7741 4
7742 1
7743 12
7744 12
7745 12
7746 12
7747 12
7748 0
7749 12
7750 12
7751 12
7752 12
7753 12
7754 12
7755 12
7756 12
7757 12
7758 12
7759 12
7760 12
7761 12
7762 12
7763 12
7764 12
7765 12
7766 12
7767 12
7768 0
7769 12
7770 12
7771 12
7772 12
7773 12
7774 12
7775 12
7776 12
7777 12
7778 12
7779 12
7780 12
7781 12
7782 12
7783 12
7784 12
7785 12
7786 12
7787 12
7788 12
7789 12
7790 12
7791 12
7792 12
7793 12
7794 12
7795 12
7796 12
7797 12
7798 12
7799 4
7800 0
7801 4
7802 4
7803 4
7804 0
7805 4
7806 0
7807 4
7808 0
7809 4
7810 4
7811 4
7812 4
7813 0
7814 0
7815 0
7816 0
7817 0
7818 0
7819 0
7820 0
7821 0
7822 0
7823 0
7824 0
7825 0
7826 0
7827 0
7828 0
7829 0
7830 1
7831 0
7832 1
7833 0
7834 0
7835 0
7836 0
7837 0
7838 0
7839 0
7840 0
7841 0
7842 0
7843 0
7844 0
7845 0
7846 0
7847 0
7848 0
7849 1
7850 0
7851 0
7852 1
7853 0
7854 0
7855 0
7856 0
7857 0
7858 0
7859 1
7860 0
7861 0
7862 0
7863 0
7864 0
7865 0
7866 0
7867 1
7868 0
7869 0
7870 0
7871 0
7872 0
7873 0
7874 0
7875 0
7876 0
7877 0
7878 0
7879 0
7880 0
7881 0
7882 0
7883 0
7884 0
7885 0
7886 0
7887 0
7888 0
7889 0
7890 0
7891 0
7892 0
7893 0
7894 0
7895 0
7896 0
7897 0
7898 0
7899 0
7900 1
7901 0
7902 0
7903 0
7904 0
7905 0
7906 0
7907 0
7908 0
7909 0
7910 0
7911 0
7912 0
7913 0
7914 0
7915 0
7916 0
7917 0
7918 1
7919 0
7920 0
7921 0
7922 0
7923 0
7924 0
7925 0
7926 4
7927 0
7928 0
7929 0
7930 0
7931 0
7932 4
7933 4
7934 0
7935 0
7936 0
7937 0
7938 0
7939 1
7940 0
7941 0
7942 0
7943 0
7944 0
7945 0
7946 0
7947 0
7948 0
7949 0
7950 0
7951 0
7952 0
7953 0
7954 0
7955 0
7956 0
7957 0
7958 0
7959 0
7960 0
7961 0
7962 0
7963 0
7964 0
7965 0
7966 0
7967 0
7968 0
7969 0
7970 0
7971 0
7972 0
7973 0
7974 0
7975 0
7976 0
7977 0
7978 0
7979 0
7980 0
7981 0
7982 0
7983 0
7984 0
7985 0
7986 0
7987 1
7988 0
7989 4
7990 4
7991 4
7992 4
7993 1
7994 1
7995 4
7996 4
7997 0
7998 0
7999 1
8000 1
8001 1
8002 1
8003 4
8004 4
8005 4
8006 4
8007 4
8008 0
8009 4
8010 0
8011 1
8012 1
8013 1
8014 4
8015 0
8016 4
8017 4
8018 4
8019 4
8020 4
8021 4
8022 4
8023 4
8024 4
8025 4
8026 0
8027 4
8028 4
8029 4
8030 4
8031 4
8032 4
8033 4
8034 4
8035 4
8036 4
8037 4
8038 4
8039 4
8040 4
8041 4
8042 4
8043 4
8044 4
8045 4
8046 0
8047 13
8048 13
8049 13
8050 13
8051 0
8052 0
8053 0
8054 1
8055 0
8056 4
8057 0
8058 1
8059 0
8060 0
8061 0
8062 0
8063 0
8064 0
8065 0
8066 0
8067 0
8068 0
8069 0
8070 0
8071 0
8072 0
8073 0
8074 0
8075 0
8076 0
8077 0
8078 0
8079 0
8080 0
8081 0
8082 0
8083 0
8084 0
8085 0
8086 0
8087 0
8088 0
8089 0
8090 4
8091 4
8092 0
8093 4
8094 4
8095 4
8096 4
8097 4
8098 4
8099 0
8100 0
8101 1
8102 1
8103 0
8104 1
8105 1
8106 0
8107 0
8108 0
8109 4
8110 4
8111 1
8112 4
8113 1
8114 0
8115 4
8116 1
8117 4
8118 0
8119 0
8120 1
8121 4
8122 4
8123 4
8124 4
8125 0
8126 0
8127 0
8128 0
8129 0
8130 0
8131 0
8132 1
8133 0
8134 0
8135 0
8136 0
8137 0
8138 0
8139 0
8140 0
8141 0
8142 0
8143 0
8144 0
8145 0
8146 0
8147 0
8148 0
8149 0
8150 0
8151 0
8152 0
8153 0
8154 0
8155 0
8156 0
8157 0
8158 0
8159 0
8160 0
8161 0
8162 0
8163 0
8164 0
8165 0
8166 0
8167 0
8168 0
8169 0
8170 4
8171 0
8172 0
8173 0
8174 0
8175 4
8176 4
8177 4
8178 4
8179 4
8180 1
8181 0
8182 1
8183 0
8184 0
8185 0
8186 0
8187 0
8188 0
8189 0
8190 4
8191 4
8192 4
8193 1
8194 0
8195 4
8196 0
8197 0
8198 1
8199 1
8200 0
8201 1
8202 1
8203 0
8204 0
8205 0
8206 0
8207 0
8208 0
8209 0
8210 0
8211 0
8212 0
8213 0
8214 0
8215 0
8216 0
8217 0
8218 4
8219 0
8220 0
8221 4
8222 4
8223 4
8224 4
8225 4
8226 4
8227 4
8228 4
8229 4
8230 4
8231 4
8232 4
8233 4
8234 4
8235 4
8236 4
8237 4
8238 4
8239 4
8240 4
8241 4
8242 4
8243 4
8244 4
8245 4
8246 4
8247 4
8248 4
8249 4
8250 4
8251 4
8252 4
8253 4
8254 4
8255 4
8256 4
8257 4
8258 4
8259 4
8260 4
8261 4
8262 4
8263 4
8264 4
8265 4
8266 0
8267 0
8268 0
8269 1
8270 1
8271 0
8272 4
8273 0
8274 0
8275 0
8276 0
8277 0
8278 0
8279 0
8280 0
8281 0
8282 0
8283 0
8284 0
8285 1
8286 4
8287 4
8288 4
8289 1
8290 0
8291 1
8292 4
8293 0
8294 1
8295 1
8296 4
8297 1
8298 0
8299 1
8300 1
8301 1
8302 1
8303 1
8304 1
8305 4
8306 1
8307 1
8308 4
8309 0
8310 4
8311 4
8312 4
8313 0
8314 0
8315 1
8316 1
8317 1
8318 1
8319 15
8320 0
8321 1
8322 1
8323 1
8324 4
8325 2
8326 4
8327 4
8328 4
8329 4
8330 2
8331 4
8332 0
8333 4
8334 4
8335 4
8336 4
8337 0
8338 1
8339 4
8340 4
8341 0
8342 0
8343 0
8344 0
8345 4
8346 1
8347 1
8348 1
8349 1
8350 0
8351 0
8352 0
8353 2
8354 2
8355 2
8356 2
8357 2
8358 2
8359 2
8360 2
8361 2
8362 2
8363 1
8364 1
8365 1
8366 4
8367 4
8368 1
8369 1
8370 4
8371 4
8372 4
8373 4
8374 0
8375 0
8376 0
8377 0
8378 0
8379 0
8380 0
8381 4
8382 0
8383 0
8384 4
8385 4
8386 0
8387 1
8388 4
8389 4
8390 14
8391 4
8392 1
8393 0
8394 0
8395 4
8396 0
8397 1
8398 4
8399 4
8400 1
8401 1
8402 0
8403 0
8404 4
8405 4
8406 0
8407 1
8408 4
8409 4
8410 0
8411 0
8412 0
8413 0
8414 4
8415 0
8416 0
8417 0
8418 4
8419 4
8420 4
8421 4
8422 0
8423 1
8424 4
8425 0
8426 4
8427 4
8428 4
8429 0
8430 0
8431 4
8432 4
8433 4
8434 4
8435 4
8436 14
8437 14
8438 14
8439 14
8440 14
8441 14
8442 14
8443 4
8444 4
8445 4
8446 4
8447 4
8448 0
8449 1
8450 0
8451 0
8452 0
8453 0
8454 1
8455 0
8456 0
8457 1
8458 0
8459 15
8460 15
8461 15
8462 15
8463 15
8464 15
8465 0
8466 15
8467 15
8468 0
8469 1
8470 4
8471 1
8472 0
8473 0
8474 0
8475 0
8476 0
8477 0
8478 0
8479 0
8480 0
8481 0
8482 0
8483 0
8484 0
8485 0
8486 0
8487 0
8488 0
8489 0
8490 0
8491 0
8492 0
8493 0
8494 0
8495 0
8496 0
8497 0
8498 0
8499 0
8500 0
8501 0
8502 0
8503 0
8504 0
8505 0
8506 0
8507 0
8508 0
8509 0
8510 0
8511 0
8512 4
8513 4
8514 1
8515 0
8516 4
8517 4
8518 4
8519 4
8520 4
8521 0
8522 1
8523 0
8524 4
8525 4
8526 4
8527 4
8528 4
8529 4
8530 1
8531 4
8532 1
8533 1
8534 4
8535 4
8536 4
8537 4
8538 1
8539 0
8540 1
8541 0
8542 0
8543 0
8544 0
8545 0
8546 1
8547 1
8548 4
8549 4
8550 4
8551 0
8552 0
8553 0
8554 0
8555 16
8556 4
8557 4
8558 0
8559 1
8560 0
8561 4
8562 4
8563 0
8564 4
8565 1
8566 1
8567 16
8568 4
8569 4
8570 1
8571 4
8572 1
8573 4
8574 4
8575 4
8576 4
8577 4
8578 4
8579 4
8580 4
8581 4
8582 4
8583 4
8584 4
8585 4
8586 4
8587 0
8588 0
8589 4
8590 4
8591 4
8592 4
8593 4
8594 4
8595 4
8596 4
8597 4
8598 4
8599 4
8600 4
8601 4
8602 4
8603 4
8604 4
8605 4
8606 4
8607 4
8608 4
8609 0
8610 0
8611 4
8612 0
8613 0
8614 0
8615 0
8616 4
8617 4
8618 4
8619 4
8620 0
8621 0
8622 0
8623 0
8624 4
8625 0
8626 4
8627 4
8628 4
network of communities computed : Thu Jan  7 08:47:11 2010

network : 17 nodes, 117 links, 282022076 weight.
pass number 1 of -1 : 0.0963563 0.0963507
pass number 2 of -1 : 0.0963563 0.0963563
communities computed : Thu Jan  7 08:47:11 2010
modularity increased from 0.0963507 to 0.0963563
0 0
1 1
2 3
3 2
4 3
5 4
6 3
7 5
8 5
9 5
10 3
11 5
12 5
13 6
14 7
15 8
16 9
network of communities computed : Thu Jan  7 08:47:11 2010

network : 10 nodes, 50 links, 282022076 weight.
pass number 1 of -1 : 0.0963563 0.0963563
communities computed : Thu Jan  7 08:47:11 2010
modularity increased from 0.0963563 to 0.0963563
0 0
1 1
2 2
3 3
4 4
5 5
6 6
7 7
8 8
9 9
network of communities computed : Thu Jan  7 08:47:11 2010
1e-06 0.0963563 398
