Sender: LSF System <lsfadmin@bc01-n03>
Subject: Job 429324: <comm_pct19> Done

Job <comm_pct19> was submitted from host <bc10-n13> by user <jabloche> in cluster <lucky>.
Job was executed on host(s) <bc01-n03>, in queue <week>, as user <jabloche> in cluster <lucky>.
</afs/isis.unc.edu/home/j/a/jabloche> was used as the home directory.
</netscr/jabloche/FirmNetworks/cLouvain> was used as the working directory.
Started at Thu Jan  7 08:40:32 2010
Results reported at Thu Jan  7 08:45:59 2010

Your job looked like:

------------------------------------------------------------
# LSBATCH: User input
/netscr/jabloche/FirmNetworks/cLouvain/community /smallfs/jabloche/fn_edge/el_pct19.bin -l -1 -w
------------------------------------------------------------

Successfully completed.

Resource usage summary:

    CPU time   :    188.16 sec.
    Max Memory :       277 MB
    Max Swap   :       426 MB

    Max Processes  :         4
    Max Threads    :         4

The output (if any) follows:

Your home directory for this job is /netscr/jabloche
start : Thu Jan  7 08:40:33 2010
total : 17772527
file read : Thu Jan  7 08:42:51 2010
network : 8844 nodes, 17772527 links, 286224652 weight.
pass number 1 of -1 : 0.0951971 -0.000296207
pass number 2 of -1 : 0.100927 0.0951971
pass number 3 of -1 : 0.101259 0.100927
pass number 4 of -1 : 0.101293 0.101259
pass number 5 of -1 : 0.101302 0.101293
pass number 6 of -1 : 0.101303 0.101302
communities computed : Thu Jan  7 08:45:58 2010
modularity increased from -0.000296207 to 0.101303
0 0
1 10
2 1
3 0
4 0
5 0
6 0
7 1
8 0
9 0
10 1
11 0
12 1
13 0
14 1
15 0
16 0
17 1
18 0
19 0
20 0
21 0
22 0
23 0
24 0
25 0
26 0
27 0
28 0
29 0
30 0
31 1
32 1
33 0
34 0
35 0
36 0
37 0
38 0
39 0
40 0
41 0
42 0
43 0
44 1
45 0
46 1
47 0
48 0
49 0
50 1
51 1
52 1
53 0
54 0
55 0
56 0
57 0
58 1
59 0
60 1
61 0
62 0
63 0
64 1
65 0
66 0
67 0
68 0
69 0
70 0
71 0
72 0
73 0
74 0
75 0
76 0
77 0
78 0
79 0
80 0
81 1
82 0
83 0
84 0
85 10
86 0
87 0
88 0
89 0
90 0
91 0
92 0
93 0
94 0
95 0
96 0
97 0
98 0
99 10
100 0
101 0
102 10
103 0
104 0
105 0
106 10
107 0
108 10
109 1
110 1
111 0
112 0
113 0
114 1
115 0
116 0
117 10
118 0
119 0
120 0
121 0
122 0
123 0
124 1
125 1
126 1
127 0
128 0
129 1
130 1
131 0
132 1
133 0
134 0
135 0
136 1
137 0
138 1
139 1
140 0
141 0
142 0
143 0
144 0
145 0
146 0
147 0
148 0
149 0
150 1
151 0
152 0
153 0
154 0
155 1
156 1
157 1
158 1
159 0
160 1
161 0
162 0
163 1
164 0
165 1
166 0
167 1
168 0
169 1
170 0
171 0
172 0
173 0
174 0
175 0
176 1
177 0
178 0
179 0
180 0
181 10
182 10
183 0
184 0
185 0
186 0
187 1
188 1
189 10
190 10
191 1
192 1
193 1
194 10
195 10
196 0
197 0
198 0
199 1
200 10
201 0
202 0
203 10
204 10
205 1
206 0
207 0
208 10
209 10
210 0
211 0
212 1
213 0
214 10
215 0
216 0
217 0
218 1
219 10
220 1
221 1
222 0
223 1
224 0
225 1
226 1
227 0
228 1
229 1
230 0
231 1
232 0
233 1
234 0
235 0
236 0
237 0
238 0
239 1
240 1
241 0
242 10
243 1
244 1
245 10
246 10
247 10
248 10
249 1
250 10
251 0
252 0
253 0
254 0
255 1
256 1
257 1
258 10
259 1
260 0
261 1
262 1
263 10
264 0
265 10
266 10
267 1
268 10
269 0
270 1
271 0
272 6
273 1
274 10
275 0
276 10
277 1
278 0
279 1
280 1
281 0
282 0
283 10
284 0
285 1
286 1
287 10
288 1
289 1
290 0
291 0
292 0
293 0
294 0
295 0
296 1
297 0
298 0
299 0
300 10
301 1
302 0
303 1
304 0
305 0
306 0
307 10
308 0
309 0
310 0
311 10
312 0
313 10
314 0
315 0
316 0
317 0
318 10
319 0
320 0
321 1
322 1
323 0
324 1
325 10
326 10
327 0
328 10
329 0
330 0
331 10
332 0
333 0
334 0
335 10
336 0
337 1
338 0
339 1
340 0
341 1
342 1
343 10
344 0
345 0
346 10
347 1
348 0
349 0
350 1
351 10
352 1
353 1
354 10
355 0
356 0
357 1
358 1
359 0
360 0
361 0
362 1
363 0
364 1
365 0
366 1
367 10
368 1
369 0
370 10
371 10
372 1
373 1
374 1
375 10
376 1
377 0
378 0
379 0
380 0
381 0
382 0
383 0
384 0
385 1
386 0
387 0
388 0
389 0
390 10
391 0
392 0
393 0
394 10
395 0
396 0
397 0
398 1
399 0
400 0
401 10
402 0
403 1
404 0
405 0
406 0
407 0
408 0
409 0
410 0
411 10
412 1
413 0
414 0
415 1
416 0
417 0
418 1
419 0
420 0
421 0
422 0
423 0
424 0
425 0
426 0
427 0
428 1
429 0
430 0
431 0
432 0
433 0
434 0
435 10
436 0
437 1
438 0
439 10
440 10
441 10
442 1
443 0
444 0
445 0
446 0
447 10
448 0
449 0
450 0
451 0
452 0
453 0
454 0
455 0
456 0
457 0
458 0
459 0
460 0
461 10
462 0
463 0
464 0
465 0
466 0
467 0
468 10
469 1
470 10
471 0
472 0
473 0
474 0
475 1
476 0
477 0
478 10
479 0
480 0
481 0
482 0
483 1
484 0
485 10
486 10
487 0
488 0
489 1
490 0
491 1
492 10
493 0
494 0
495 10
496 0
497 0
498 1
499 10
500 0
501 0
502 1
503 0
504 0
505 0
506 0
507 10
508 0
509 1
510 0
511 0
512 1
513 0
514 0
515 1
516 0
517 0
518 10
519 10
520 10
521 10
522 10
523 10
524 10
525 10
526 10
527 10
528 0
529 10
530 10
531 10
532 10
533 10
534 10
535 10
536 10
537 10
538 10
539 10
540 10
541 10
542 10
543 10
544 10
545 10
546 0
547 10
548 10
549 0
550 10
551 10
552 10
553 10
554 10
555 10
556 10
557 0
558 10
559 10
560 10
561 0
562 10
563 10
564 10
565 10
566 10
567 10
568 10
569 10
570 10
571 10
572 10
573 10
574 10
575 10
576 10
577 1
578 10
579 10
580 10
581 10
582 10
583 10
584 10
585 10
586 10
587 10
588 0
589 10
590 10
591 10
592 10
593 10
594 10
595 10
596 10
597 10
598 10
599 10
600 10
601 10
602 10
603 0
604 10
605 10
606 10
607 10
608 10
609 10
610 10
611 10
612 10
613 0
614 10
615 10
616 10
617 1
618 10
619 10
620 10
621 10
622 10
623 10
624 10
625 10
626 10
627 10
628 0
629 10
630 10
631 0
632 10
633 0
634 10
635 1
636 10
637 10
638 10
639 10
640 10
641 10
642 10
643 10
644 10
645 10
646 10
647 10
648 10
649 10
650 10
651 0
652 10
653 10
654 10
655 10
656 10
657 10
658 10
659 10
660 10
661 10
662 10
663 10
664 10
665 1
666 10
667 10
668 0
669 0
670 10
671 0
672 10
673 10
674 0
675 0
676 0
677 0
678 1
679 0
680 0
681 0
682 0
683 0
684 0
685 0
686 1
687 0
688 0
689 1
690 0
691 0
692 0
693 0
694 0
695 1
696 0
697 0
698 1
699 0
700 0
701 1
702 0
703 0
704 1
705 10
706 0
707 0
708 1
709 0
710 0
711 0
712 0
713 1
714 0
715 1
716 0
717 0
718 0
719 0
720 0
721 0
722 0
723 0
724 0
725 0
726 0
727 0
728 0
729 10
730 1
731 0
732 0
733 0
734 1
735 0
736 0
737 0
738 0
739 0
740 1
741 0
742 0
743 0
744 0
745 0
746 0
747 0
748 0
749 1
750 0
751 0
752 0
753 0
754 1
755 0
756 0
757 0
758 0
759 0
760 0
761 1
762 0
763 0
764 0
765 1
766 0
767 0
768 0
769 0
770 0
771 1
772 0
773 0
774 0
775 0
776 0
777 0
778 0
779 0
780 0
781 0
782 0
783 0
784 0
785 0
786 1
787 0
788 0
789 0
790 0
791 0
792 0
793 0
794 0
795 0
796 0
797 0
798 0
799 0
800 10
801 0
802 0
803 1
804 10
805 0
806 0
807 0
808 0
809 0
810 0
811 0
812 0
813 0
814 0
815 0
816 0
817 0
818 0
819 0
820 0
821 0
822 0
823 0
824 1
825 0
826 1
827 0
828 0
829 0
830 0
831 0
832 0
833 0
834 1
835 0
836 0
837 0
838 0
839 0
840 0
841 1
842 0
843 0
844 0
845 1
846 0
847 0
848 0
849 0
850 0
851 0
852 0
853 0
854 0
855 0
856 1
857 0
858 0
859 0
860 1
861 0
862 0
863 0
864 0
865 0
866 0
867 0
868 10
869 0
870 0
871 0
872 0
873 0
874 0
875 0
876 0
877 0
878 0
879 0
880 0
881 0
882 0
883 1
884 0
885 0
886 0
887 0
888 0
889 0
890 1
891 1
892 1
893 1
894 1
895 1
896 1
897 1
898 1
899 1
900 1
901 1
902 1
903 1
904 1
905 1
906 1
907 1
908 1
909 1
910 1
911 1
912 1
913 1
914 1
915 0
916 1
917 0
918 0
919 0
920 0
921 0
922 0
923 0
924 0
925 10
926 0
927 1
928 0
929 0
930 0
931 0
932 0
933 0
934 1
935 0
936 0
937 0
938 0
939 0
940 0
941 0
942 0
943 0
944 0
945 0
946 1
947 0
948 0
949 0
950 1
951 0
952 0
953 0
954 0
955 10
956 1
957 0
958 0
959 0
960 0
961 0
962 0
963 0
964 0
965 0
966 1
967 0
968 0
969 0
970 0
971 0
972 0
973 0
974 0
975 1
976 0
977 0
978 0
979 0
980 0
981 0
982 0
983 0
984 0
985 0
986 1
987 0
988 0
989 0
990 0
991 0
992 0
993 0
994 1
995 0
996 0
997 0
998 0
999 0
1000 0
1001 1
1002 0
1003 0
1004 0
1005 0
1006 0
1007 0
1008 0
1009 0
1010 0
1011 1
1012 0
1013 0
1014 0
1015 0
1016 0
1017 10
1018 0
1019 0
1020 0
1021 0
1022 0
1023 0
1024 0
1025 1
1026 0
1027 0
1028 0
1029 0
1030 0
1031 0
1032 0
1033 1
1034 0
1035 0
1036 0
1037 1
1038 1
1039 1
1040 0
1041 0
1042 0
1043 0
1044 0
1045 0
1046 0
1047 0
1048 0
1049 1
1050 0
1051 0
1052 0
1053 1
1054 1
1055 1
1056 1
1057 1
1058 1
1059 0
1060 0
1061 0
1062 0
1063 0
1064 0
1065 0
1066 0
1067 0
1068 0
1069 0
1070 0
1071 0
1072 0
1073 0
1074 0
1075 0
1076 0
1077 1
1078 0
1079 0
1080 0
1081 0
1082 0
1083 1
1084 1
1085 0
1086 0
1087 0
1088 1
1089 0
1090 0
1091 1
1092 1
1093 0
1094 0
1095 0
1096 0
1097 0
1098 0
1099 0
1100 0
1101 0
1102 0
1103 1
1104 1
1105 0
1106 0
1107 1
1108 1
1109 10
1110 0
1111 1
1112 0
1113 1
1114 0
1115 0
1116 0
1117 0
1118 0
1119 0
1120 0
1121 0
1122 1
1123 1
1124 0
1125 0
1126 10
1127 0
1128 0
1129 0
1130 0
1131 0
1132 0
1133 1
1134 0
1135 0
1136 1
1137 1
1138 0
1139 0
1140 0
1141 0
1142 0
1143 0
1144 1
1145 0
1146 0
1147 0
1148 0
1149 0
1150 0
1151 0
1152 0
1153 0
1154 0
1155 0
1156 0
1157 0
1158 0
1159 0
1160 0
1161 0
1162 0
1163 0
1164 0
1165 1
1166 10
1167 1
1168 1
1169 0
1170 10
1171 0
1172 0
1173 10
1174 0
1175 0
1176 1
1177 0
1178 0
1179 0
1180 10
1181 10
1182 0
1183 0
1184 0
1185 1
1186 0
1187 0
1188 0
1189 0
1190 0
1191 0
1192 0
1193 0
1194 0
1195 0
1196 0
1197 0
1198 0
1199 1
1200 0
1201 0
1202 0
1203 0
1204 0
1205 0
1206 0
1207 1
1208 0
1209 0
1210 0
1211 1
1212 0
1213 0
1214 0
1215 0
1216 10
1217 0
1218 0
1219 1
1220 0
1221 10
1222 0
1223 0
1224 1
1225 0
1226 0
1227 0
1228 10
1229 0
1230 0
1231 10
1232 1
1233 10
1234 0
1235 10
1236 10
1237 0
1238 10
1239 10
1240 10
1241 0
1242 0
1243 10
1244 10
1245 0
1246 0
1247 0
1248 0
1249 10
1250 10
1251 0
1252 0
1253 0
1254 0
1255 10
1256 10
1257 1
1258 0
1259 0
1260 0
1261 0
1262 0
1263 10
1264 1
1265 10
1266 0
1267 10
1268 10
1269 10
1270 0
1271 0
1272 0
1273 0
1274 0
1275 0
1276 1
1277 10
1278 10
1279 10
1280 1
1281 0
1282 10
1283 0
1284 0
1285 0
1286 1
1287 1
1288 10
1289 0
1290 10
1291 1
1292 10
1293 0
1294 0
1295 0
1296 1
1297 0
1298 0
1299 10
1300 0
1301 0
1302 0
1303 0
1304 0
1305 10
1306 0
1307 0
1308 1
1309 1
1310 0
1311 10
1312 10
1313 0
1314 0
1315 0
1316 10
1317 10
1318 0
1319 0
1320 0
1321 0
1322 1
1323 10
1324 0
1325 10
1326 10
1327 10
1328 0
1329 1
1330 10
1331 0
1332 1
1333 0
1334 10
1335 10
1336 10
1337 0
1338 0
1339 10
1340 0
1341 0
1342 0
1343 10
1344 10
1345 0
1346 0
1347 0
1348 1
1349 0
1350 0
1351 0
1352 0
1353 10
1354 0
1355 10
1356 0
1357 1
1358 10
1359 0
1360 0
1361 1
1362 0
1363 1
1364 0
1365 1
1366 1
1367 1
1368 10
1369 0
1370 0
1371 0
1372 0
1373 10
1374 10
1375 10
1376 0
1377 10
1378 0
1379 0
1380 10
1381 0
1382 10
1383 0
1384 0
1385 0
1386 1
1387 10
1388 10
1389 1
1390 0
1391 1
1392 10
1393 0
1394 0
1395 10
1396 1
1397 0
1398 10
1399 10
1400 1
1401 10
1402 0
1403 10
1404 0
1405 0
1406 10
1407 0
1408 0
1409 0
1410 0
1411 10
1412 0
1413 0
1414 10
1415 10
1416 0
1417 0
1418 10
1419 0
1420 0
1421 0
1422 0
1423 1
1424 0
1425 10
1426 1
1427 0
1428 1
1429 10
1430 10
1431 0
1432 0
1433 0
1434 10
1435 10
1436 0
1437 0
1438 10
1439 10
1440 0
1441 0
1442 0
1443 10
1444 10
1445 0
1446 0
1447 10
1448 0
1449 0
1450 10
1451 0
1452 0
1453 0
1454 0
1455 10
1456 10
1457 1
1458 1
1459 10
1460 0
1461 1
1462 10
1463 1
1464 0
1465 0
1466 10
1467 0
1468 10
1469 0
1470 0
1471 10
1472 10
1473 10
1474 10
1475 0
1476 0
1477 1
1478 10
1479 0
1480 10
1481 10
1482 0
1483 10
1484 10
1485 0
1486 0
1487 10
1488 0
1489 0
1490 1
1491 10
1492 0
1493 10
1494 0
1495 10
1496 10
1497 0
1498 10
1499 10
1500 1
1501 0
1502 0
1503 0
1504 0
1505 0
1506 10
1507 10
1508 1
1509 0
1510 1
1511 10
1512 0
1513 10
1514 10
1515 1
1516 10
1517 1
1518 10
1519 1
1520 1
1521 1
1522 0
1523 1
1524 0
1525 10
1526 10
1527 0
1528 1
1529 0
1530 1
1531 0
1532 10
1533 0
1534 0
1535 0
1536 0
1537 10
1538 0
1539 10
1540 10
1541 0
1542 10
1543 1
1544 1
1545 0
1546 10
1547 1
1548 10
1549 0
1550 10
1551 0
1552 0
1553 10
1554 10
1555 10
1556 0
1557 0
1558 0
1559 1
1560 10
1561 1
1562 0
1563 10
1564 10
1565 0
1566 0
1567 0
1568 1
1569 1
1570 0
1571 10
1572 1
1573 0
1574 0
1575 0
1576 0
1577 1
1578 0
1579 0
1580 0
1581 0
1582 0
1583 1
1584 1
1585 0
1586 1
1587 0
1588 0
1589 0
1590 0
1591 0
1592 1
1593 1
1594 1
1595 1
1596 1
1597 1
1598 0
1599 0
1600 0
1601 0
1602 10
1603 10
1604 1
1605 0
1606 0
1607 0
1608 0
1609 0
1610 1
1611 10
1612 1
1613 1
1614 0
1615 10
1616 10
1617 10
1618 0
1619 1
1620 10
1621 1
1622 10
1623 10
1624 0
1625 0
1626 0
1627 1
1628 0
1629 0
1630 0
1631 1
1632 0
1633 0
1634 1
1635 1
1636 1
1637 1
1638 1
1639 1
1640 0
1641 1
1642 0
1643 0
1644 0
1645 0
1646 0
1647 0
1648 10
1649 1
1650 10
1651 0
1652 0
1653 10
1654 0
1655 10
1656 10
1657 10
1658 0
1659 0
1660 0
1661 0
1662 0
1663 0
1664 0
1665 0
1666 0
1667 0
1668 0
1669 0
1670 0
1671 10
1672 10
1673 0
1674 0
1675 0
1676 10
1677 1
1678 0
1679 10
1680 0
1681 0
1682 1
1683 0
1684 1
1685 10
1686 0
1687 1
1688 10
1689 0
1690 1
1691 10
1692 10
1693 0
1694 0
1695 0
1696 1
1697 10
1698 0
1699 10
1700 0
1701 0
1702 10
1703 10
1704 1
1705 0
1706 1
1707 0
1708 10
1709 0
1710 1
1711 0
1712 0
1713 0
1714 1
1715 0
1716 0
1717 0
1718 0
1719 0
1720 1
1721 1
1722 0
1723 0
1724 0
1725 0
1726 1
1727 0
1728 0
1729 0
1730 10
1731 0
1732 0
1733 0
1734 0
1735 0
1736 10
1737 0
1738 0
1739 10
1740 0
1741 10
1742 10
1743 10
1744 10
1745 10
1746 10
1747 1
1748 10
1749 10
1750 10
1751 10
1752 0
1753 10
1754 10
1755 10
1756 10
1757 0
1758 10
1759 10
1760 10
1761 1
1762 1
1763 10
1764 10
1765 1
1766 0
1767 0
1768 1
1769 0
1770 10
1771 10
1772 0
1773 10
1774 10
1775 10
1776 10
1777 10
1778 10
1779 1
1780 1
1781 10
1782 0
1783 10
1784 10
1785 10
1786 10
1787 10
1788 10
1789 10
1790 10
1791 10
1792 10
1793 10
1794 10
1795 10
1796 10
1797 10
1798 10
1799 10
1800 10
1801 10
1802 1
1803 1
1804 1
1805 10
1806 0
1807 10
1808 0
1809 10
1810 10
1811 10
1812 10
1813 1
1814 1
1815 10
1816 1
1817 0
1818 1
1819 1
1820 10
1821 1
1822 1
1823 1
1824 1
1825 10
1826 10
1827 10
1828 10
1829 10
1830 0
1831 1
1832 10
1833 10
1834 0
1835 10
1836 10
1837 10
1838 10
1839 0
1840 10
1841 1
1842 10
1843 1
1844 10
1845 1
1846 1
1847 1
1848 1
1849 1
1850 10
1851 10
1852 10
1853 0
1854 10
1855 10
1856 10
1857 10
1858 1
1859 1
1860 1
1861 10
1862 1
1863 0
1864 10
1865 10
1866 10
1867 0
1868 1
1869 10
1870 10
1871 10
1872 10
1873 1
1874 10
1875 10
1876 1
1877 10
1878 10
1879 10
1880 0
1881 10
1882 10
1883 10
1884 10
1885 0
1886 10
1887 10
1888 10
1889 0
1890 10
1891 10
1892 10
1893 0
1894 10
1895 0
1896 10
1897 1
1898 1
1899 1
1900 10
1901 1
1902 0
1903 0
1904 10
1905 0
1906 0
1907 1
1908 0
1909 0
1910 10
1911 0
1912 0
1913 0
1914 10
1915 0
1916 1
1917 10
1918 0
1919 0
1920 0
1921 0
1922 0
1923 0
1924 0
1925 10
1926 0
1927 10
1928 0
1929 0
1930 0
1931 0
1932 1
1933 1
1934 1
1935 0
1936 10
1937 0
1938 0
1939 0
1940 0
1941 0
1942 0
1943 10
1944 0
1945 1
1946 0
1947 0
1948 0
1949 0
1950 10
1951 10
1952 0
1953 1
1954 0
1955 0
1956 1
1957 0
1958 0
1959 0
1960 10
1961 0
1962 0
1963 0
1964 10
1965 0
1966 0
1967 10
1968 0
1969 1
1970 10
1971 1
1972 10
1973 1
1974 10
1975 0
1976 0
1977 0
1978 0
1979 0
1980 0
1981 0
1982 1
1983 0
1984 0
1985 10
1986 0
1987 10
1988 0
1989 0
1990 0
1991 0
1992 10
1993 0
1994 0
1995 0
1996 10
1997 0
1998 10
1999 0
2000 0
2001 0
2002 1
2003 0
2004 0
2005 0
2006 10
2007 10
2008 10
2009 0
2010 10
2011 1
2012 0
2013 0
2014 0
2015 10
2016 1
2017 0
2018 10
2019 0
2020 0
2021 10
2022 0
2023 0
2024 0
2025 0
2026 10
2027 0
2028 10
2029 0
2030 10
2031 0
2032 0
2033 0
2034 0
2035 0
2036 0
2037 10
2038 0
2039 0
2040 10
2041 0
2042 0
2043 10
2044 10
2045 0
2046 0
2047 10
2048 0
2049 1
2050 10
2051 1
2052 0
2053 10
2054 0
2055 0
2056 0
2057 10
2058 0
2059 0
2060 10
2061 0
2062 0
2063 10
2064 1
2065 10
2066 10
2067 10
2068 0
2069 0
2070 0
2071 1
2072 0
2073 0
2074 10
2075 0
2076 10
2077 10
2078 0
2079 0
2080 0
2081 0
2082 0
2083 0
2084 0
2085 10
2086 0
2087 1
2088 10
2089 0
2090 0
2091 0
2092 0
2093 0
2094 0
2095 0
2096 1
2097 0
2098 10
2099 10
2100 10
2101 0
2102 10
2103 1
2104 0
2105 10
2106 10
2107 0
2108 10
2109 0
2110 10
2111 10
2112 0
2113 0
2114 0
2115 0
2116 0
2117 0
2118 0
2119 0
2120 0
2121 1
2122 0
2123 10
2124 1
2125 10
2126 1
2127 0
2128 0
2129 0
2130 1
2131 10
2132 1
2133 10
2134 0
2135 1
2136 0
2137 0
2138 0
2139 0
2140 0
2141 0
2142 0
2143 10
2144 0
2145 1
2146 10
2147 1
2148 10
2149 10
2150 10
2151 10
2152 0
2153 0
2154 10
2155 0
2156 0
2157 0
2158 0
2159 0
2160 0
2161 0
2162 0
2163 10
2164 10
2165 10
2166 10
2167 0
2168 0
2169 10
2170 10
2171 0
2172 0
2173 0
2174 0
2175 10
2176 10
2177 0
2178 0
2179 10
2180 0
2181 10
2182 0
2183 10
2184 10
2185 0
2186 1
2187 0
2188 0
2189 0
2190 10
2191 0
2192 10
2193 0
2194 0
2195 0
2196 0
2197 10
2198 10
2199 10
2200 10
2201 0
2202 0
2203 10
2204 0
2205 0
2206 0
2207 1
2208 10
2209 0
2210 0
2211 0
2212 0
2213 0
2214 10
2215 10
2216 0
2217 1
2218 0
2219 0
2220 10
2221 0
2222 0
2223 10
2224 1
2225 10
2226 0
2227 1
2228 0
2229 0
2230 10
2231 0
2232 0
2233 0
2234 0
2235 10
2236 0
2237 0
2238 10
2239 0
2240 1
2241 0
2242 0
2243 0
2244 1
2245 1
2246 0
2247 10
2248 10
2249 0
2250 0
2251 0
2252 0
2253 0
2254 0
2255 0
2256 0
2257 10
2258 1
2259 10
2260 10
2261 0
2262 0
2263 1
2264 10
2265 10
2266 0
2267 0
2268 0
2269 0
2270 0
2271 0
2272 10
2273 10
2274 10
2275 10
2276 0
2277 0
2278 10
2279 10
2280 1
2281 0
2282 10
2283 0
2284 0
2285 10
2286 10
2287 0
2288 0
2289 0
2290 10
2291 10
2292 0
2293 0
2294 10
2295 10
2296 10
2297 0
2298 10
2299 0
2300 10
2301 1
2302 0
2303 0
2304 0
2305 0
2306 0
2307 10
2308 0
2309 10
2310 10
2311 1
2312 0
2313 10
2314 0
2315 0
2316 0
2317 10
2318 10
2319 0
2320 0
2321 0
2322 10
2323 1
2324 0
2325 0
2326 0
2327 0
2328 10
2329 0
2330 0
2331 0
2332 10
2333 0
2334 1
2335 10
2336 10
2337 0
2338 1
2339 10
2340 0
2341 0
2342 0
2343 0
2344 0
2345 10
2346 10
2347 1
2348 0
2349 10
2350 0
2351 10
2352 0
2353 0
2354 1
2355 0
2356 0
2357 10
2358 10
2359 1
2360 0
2361 1
2362 0
2363 0
2364 0
2365 0
2366 10
2367 10
2368 10
2369 1
2370 0
2371 0
2372 0
2373 10
2374 10
2375 0
2376 0
2377 10
2378 0
2379 0
2380 0
2381 0
2382 0
2383 0
2384 10
2385 0
2386 10
2387 1
2388 0
2389 10
2390 0
2391 0
2392 10
2393 10
2394 10
2395 10
2396 0
2397 0
2398 0
2399 0
2400 10
2401 10
2402 0
2403 0
2404 10
2405 10
2406 0
2407 1
2408 0
2409 0
2410 0
2411 10
2412 10
2413 0
2414 10
2415 10
2416 1
2417 1
2418 10
2419 10
2420 0
2421 0
2422 0
2423 0
2424 10
2425 0
2426 0
2427 10
2428 0
2429 0
2430 0
2431 10
2432 10
2433 0
2434 0
2435 1
2436 0
2437 0
2438 10
2439 10
2440 1
2441 0
2442 0
2443 0
2444 10
2445 0
2446 0
2447 0
2448 10
2449 0
2450 10
2451 0
2452 1
2453 0
2454 0
2455 0
2456 0
2457 0
2458 10
2459 10
2460 0
2461 0
2462 1
2463 0
2464 10
2465 10
2466 10
2467 0
2468 0
2469 10
2470 0
2471 1
2472 10
2473 0
2474 10
2475 1
2476 0
2477 0
2478 0
2479 0
2480 0
2481 0
2482 10
2483 10
2484 0
2485 10
2486 10
2487 10
2488 10
2489 0
2490 10
2491 10
2492 10
2493 0
2494 0
2495 0
2496 10
2497 10
2498 10
2499 10
2500 10
2501 0
2502 10
2503 0
2504 0
2505 1
2506 0
2507 0
2508 10
2509 0
2510 10
2511 10
2512 10
2513 1
2514 0
2515 10
2516 0
2517 0
2518 10
2519 0
2520 0
2521 0
2522 0
2523 0
2524 0
2525 10
2526 10
2527 0
2528 10
2529 0
2530 0
2531 0
2532 10
2533 1
2534 1
2535 0
2536 0
2537 10
2538 0
2539 0
2540 0
2541 10
2542 10
2543 0
2544 0
2545 0
2546 0
2547 10
2548 10
2549 10
2550 0
2551 10
2552 10
2553 0
2554 1
2555 10
2556 0
2557 10
2558 0
2559 0
2560 10
2561 10
2562 0
2563 0
2564 0
2565 0
2566 0
2567 0
2568 0
2569 0
2570 0
2571 10
2572 10
2573 0
2574 10
2575 10
2576 10
2577 0
2578 10
2579 0
2580 0
2581 0
2582 0
2583 10
2584 10
2585 10
2586 0
2587 1
2588 0
2589 0
2590 10
2591 0
2592 10
2593 0
2594 0
2595 10
2596 0
2597 0
2598 10
2599 10
2600 0
2601 10
2602 0
2603 10
2604 0
2605 1
2606 0
2607 0
2608 0
2609 0
2610 0
2611 0
2612 0
2613 0
2614 1
2615 0
2616 10
2617 10
2618 1
2619 0
2620 10
2621 0
2622 10
2623 0
2624 10
2625 10
2626 0
2627 1
2628 0
2629 1
2630 1
2631 1
2632 0
2633 0
2634 1
2635 1
2636 0
2637 10
2638 0
2639 1
2640 1
2641 0
2642 1
2643 1
2644 0
2645 1
2646 1
2647 1
2648 1
2649 1
2650 0
2651 10
2652 0
2653 10
2654 10
2655 10
2656 1
2657 1
2658 10
2659 1
2660 0
2661 10
2662 1
2663 1
2664 1
2665 10
2666 1
2667 1
2668 10
2669 10
2670 1
2671 1
2672 10
2673 10
2674 1
2675 10
2676 10
2677 0
2678 10
2679 1
2680 1
2681 1
2682 1
2683 1
2684 1
2685 1
2686 1
2687 1
2688 1
2689 1
2690 1
2691 1
2692 1
2693 1
2694 1
2695 1
2696 10
2697 10
2698 0
2699 0
2700 10
2701 10
2702 0
2703 0
2704 1
2705 1
2706 10
2707 1
2708 10
2709 1
2710 1
2711 1
2712 10
2713 1
2714 0
2715 1
2716 1
2717 0
2718 10
2719 0
2720 10
2721 0
2722 1
2723 1
2724 1
2725 10
2726 1
2727 1
2728 1
2729 1
2730 1
2731 10
2732 1
2733 1
2734 10
2735 1
2736 0
2737 1
2738 1
2739 10
2740 10
2741 1
2742 1
2743 0
2744 0
2745 0
2746 10
2747 1
2748 0
2749 10
2750 10
2751 1
2752 10
2753 0
2754 0
2755 1
2756 1
2757 1
2758 10
2759 1
2760 0
2761 0
2762 0
2763 0
2764 0
2765 0
2766 10
2767 10
2768 0
2769 0
2770 10
2771 10
2772 0
2773 0
2774 0
2775 0
2776 0
2777 0
2778 1
2779 10
2780 0
2781 10
2782 10
2783 0
2784 0
2785 0
2786 10
2787 10
2788 0
2789 0
2790 0
2791 0
2792 0
2793 0
2794 0
2795 0
2796 10
2797 1
2798 0
2799 0
2800 0
2801 1
2802 1
2803 0
2804 0
2805 0
2806 0
2807 10
2808 0
2809 0
2810 0
2811 10
2812 0
2813 1
2814 0
2815 0
2816 0
2817 0
2818 10
2819 0
2820 0
2821 0
2822 0
2823 0
2824 10
2825 0
2826 0
2827 0
2828 0
2829 0
2830 0
2831 0
2832 0
2833 0
2834 0
2835 1
2836 0
2837 10
2838 0
2839 10
2840 10
2841 0
2842 0
2843 0
2844 0
2845 10
2846 0
2847 0
2848 1
2849 0
2850 0
2851 1
2852 0
2853 1
2854 0
2855 0
2856 0
2857 0
2858 0
2859 1
2860 0
2861 10
2862 0
2863 0
2864 0
2865 0
2866 0
2867 0
2868 0
2869 0
2870 0
2871 1
2872 1
2873 10
2874 0
2875 0
2876 0
2877 0
2878 0
2879 0
2880 0
2881 0
2882 10
2883 0
2884 0
2885 1
2886 1
2887 0
2888 10
2889 10
2890 0
2891 0
2892 0
2893 0
2894 0
2895 1
2896 0
2897 0
2898 1
2899 10
2900 1
2901 10
2902 0
2903 0
2904 10
2905 1
2906 10
2907 0
2908 0
2909 10
2910 0
2911 1
2912 1
2913 1
2914 0
2915 0
2916 0
2917 0
2918 10
2919 10
2920 0
2921 0
2922 0
2923 0
2924 0
2925 0
2926 0
2927 0
2928 10
2929 0
2930 0
2931 1
2932 1
2933 0
2934 1
2935 10
2936 1
2937 0
2938 10
2939 0
2940 10
2941 1
2942 10
2943 0
2944 0
2945 10
2946 10
2947 0
2948 10
2949 10
2950 0
2951 0
2952 0
2953 0
2954 0
2955 10
2956 10
2957 1
2958 10
2959 10
2960 10
2961 1
2962 10
2963 0
2964 0
2965 1
2966 1
2967 10
2968 0
2969 1
2970 10
2971 10
2972 1
2973 0
2974 0
2975 0
2976 0
2977 10
2978 10
2979 0
2980 10
2981 0
2982 10
2983 1
2984 1
2985 1
2986 1
2987 1
2988 1
2989 1
2990 10
2991 1
2992 1
2993 0
2994 10
2995 10
2996 0
2997 10
2998 10
2999 1
3000 10
3001 10
3002 10
3003 1
3004 1
3005 10
3006 10
3007 1
3008 10
3009 0
3010 1
3011 0
3012 1
3013 0
3014 1
3015 1
3016 0
3017 0
3018 0
3019 1
3020 1
3021 0
3022 0
3023 0
3024 1
3025 0
3026 0
3027 0
3028 10
3029 1
3030 10
3031 1
3032 0
3033 0
3034 1
3035 10
3036 1
3037 1
3038 0
3039 0
3040 0
3041 1
3042 1
3043 1
3044 1
3045 1
3046 0
3047 0
3048 1
3049 10
3050 10
3051 10
3052 0
3053 10
3054 10
3055 10
3056 0
3057 10
3058 0
3059 10
3060 1
3061 0
3062 10
3063 10
3064 10
3065 10
3066 0
3067 10
3068 1
3069 1
3070 1
3071 10
3072 1
3073 1
3074 0
3075 0
3076 0
3077 10
3078 0
3079 1
3080 1
3081 1
3082 0
3083 1
3084 10
3085 0
3086 0
3087 1
3088 1
3089 1
3090 0
3091 0
3092 0
3093 0
3094 1
3095 10
3096 1
3097 1
3098 10
3099 1
3100 1
3101 1
3102 10
3103 10
3104 0
3105 10
3106 0
3107 10
3108 0
3109 4
3110 10
3111 0
3112 0
3113 1
3114 10
3115 10
3116 0
3117 10
3118 10
3119 0
3120 0
3121 0
3122 0
3123 0
3124 1
3125 10
3126 0
3127 10
3128 1
3129 0
3130 10
3131 10
3132 0
3133 0
3134 0
3135 0
3136 1
3137 1
3138 10
3139 0
3140 0
3141 10
3142 10
3143 10
3144 10
3145 1
3146 0
3147 0
3148 1
3149 0
3150 1
3151 1
3152 1
3153 10
3154 1
3155 10
3156 0
3157 10
3158 1
3159 0
3160 0
3161 1
3162 1
3163 1
3164 10
3165 0
3166 1
3167 1
3168 1
3169 1
3170 1
3171 1
3172 1
3173 1
3174 1
3175 1
3176 1
3177 1
3178 1
3179 1
3180 1
3181 1
3182 1
3183 1
3184 1
3185 1
3186 1
3187 1
3188 1
3189 1
3190 1
3191 1
3192 1
3193 1
3194 1
3195 1
3196 1
3197 1
3198 1
3199 1
3200 1
3201 10
3202 10
3203 10
3204 10
3205 10
3206 10
3207 10
3208 10
3209 0
3210 10
3211 10
3212 10
3213 1
3214 10
3215 10
3216 1
3217 10
3218 0
3219 10
3220 1
3221 10
3222 1
3223 0
3224 10
3225 10
3226 10
3227 1
3228 1
3229 0
3230 10
3231 0
3232 10
3233 10
3234 10
3235 1
3236 1
3237 1
3238 1
3239 0
3240 10
3241 10
3242 10
3243 10
3244 10
3245 10
3246 10
3247 10
3248 0
3249 10
3250 0
3251 10
3252 10
3253 10
3254 10
3255 0
3256 0
3257 0
3258 10
3259 0
3260 0
3261 0
3262 10
3263 10
3264 10
3265 10
3266 1
3267 0
3268 1
3269 0
3270 1
3271 0
3272 10
3273 1
3274 1
3275 1
3276 0
3277 0
3278 1
3279 10
3280 10
3281 0
3282 10
3283 10
3284 0
3285 10
3286 0
3287 1
3288 1
3289 1
3290 1
3291 0
3292 1
3293 0
3294 10
3295 1
3296 1
3297 0
3298 0
3299 0
3300 0
3301 1
3302 1
3303 1
3304 1
3305 1
3306 1
3307 1
3308 1
3309 10
3310 0
3311 1
3312 10
3313 0
3314 10
3315 10
3316 10
3317 10
3318 10
3319 10
3320 0
3321 0
3322 0
3323 0
3324 10
3325 10
3326 0
3327 0
3328 0
3329 0
3330 0
3331 1
3332 10
3333 10
3334 10
3335 1
3336 0
3337 0
3338 0
3339 10
3340 10
3341 1
3342 10
3343 0
3344 0
3345 1
3346 10
3347 0
3348 0
3349 1
3350 1
3351 1
3352 10
3353 1
3354 10
3355 1
3356 1
3357 1
3358 1
3359 1
3360 10
3361 1
3362 0
3363 10
3364 1
3365 0
3366 10
3367 1
3368 10
3369 1
3370 1
3371 1
3372 1
3373 10
3374 10
3375 1
3376 1
3377 10
3378 10
3379 1
3380 0
3381 10
3382 10
3383 0
3384 10
3385 1
3386 0
3387 10
3388 1
3389 1
3390 10
3391 1
3392 1
3393 1
3394 1
3395 1
3396 1
3397 1
3398 10
3399 10
3400 0
3401 10
3402 0
3403 10
3404 0
3405 0
3406 10
3407 0
3408 0
3409 10
3410 1
3411 1
3412 1
3413 1
3414 1
3415 1
3416 1
3417 1
3418 1
3419 1
3420 1
3421 1
3422 1
3423 1
3424 1
3425 1
3426 1
3427 1
3428 1
3429 10
3430 0
3431 10
3432 0
3433 10
3434 10
3435 10
3436 0
3437 10
3438 10
3439 1
3440 0
3441 10
3442 10
3443 10
3444 1
3445 1
3446 10
3447 10
3448 10
3449 10
3450 10
3451 10
3452 1
3453 10
3454 10
3455 1
3456 10
3457 10
3458 0
3459 10
3460 0
3461 1
3462 0
3463 1
3464 1
3465 0
3466 10
3467 10
3468 0
3469 10
3470 10
3471 10
3472 1
3473 10
3474 10
3475 10
3476 10
3477 10
3478 0
3479 10
3480 1
3481 1
3482 0
3483 0
3484 10
3485 10
3486 10
3487 10
3488 0
3489 10
3490 10
3491 10
3492 10
3493 1
3494 10
3495 10
3496 10
3497 0
3498 0
3499 10
3500 10
3501 1
3502 1
3503 1
3504 1
3505 1
3506 1
3507 1
3508 1
3509 1
3510 1
3511 1
3512 1
3513 1
3514 1
3515 1
3516 10
3517 10
3518 10
3519 0
3520 10
3521 1
3522 1
3523 0
3524 1
3525 1
3526 10
3527 0
3528 10
3529 10
3530 0
3531 1
3532 1
3533 1
3534 1
3535 1
3536 1
3537 0
3538 0
3539 10
3540 10
3541 1
3542 10
3543 10
3544 1
3545 0
3546 10
3547 1
3548 0
3549 10
3550 10
3551 10
3552 0
3553 0
3554 0
3555 10
3556 1
3557 10
3558 1
3559 10
3560 0
3561 10
3562 0
3563 1
3564 0
3565 0
3566 0
3567 10
3568 1
3569 0
3570 1
3571 0
3572 10
3573 10
3574 0
3575 10
3576 10
3577 0
3578 0
3579 10
3580 0
3581 10
3582 0
3583 1
3584 0
3585 0
3586 0
3587 0
3588 0
3589 0
3590 1
3591 10
3592 10
3593 10
3594 1
3595 1
3596 1
3597 1
3598 1
3599 10
3600 10
3601 10
3602 0
3603 10
3604 0
3605 10
3606 10
3607 1
3608 0
3609 10
3610 1
3611 10
3612 10
3613 10
3614 0
3615 10
3616 10
3617 10
3618 10
3619 10
3620 0
3621 1
3622 0
3623 0
3624 0
3625 10
3626 10
3627 10
3628 0
3629 1
3630 0
3631 10
3632 10
3633 10
3634 0
3635 0
3636 10
3637 1
3638 0
3639 1
3640 1
3641 10
3642 10
3643 0
3644 10
3645 10
3646 1
3647 10
3648 0
3649 10
3650 10
3651 10
3652 1
3653 0
3654 1
3655 0
3656 10
3657 1
3658 0
3659 0
3660 1
3661 10
3662 10
3663 10
3664 10
3665 10
3666 10
3667 10
3668 0
3669 0
3670 0
3671 0
3672 0
3673 10
3674 10
3675 1
3676 10
3677 10
3678 10
3679 1
3680 1
3681 1
3682 1
3683 1
3684 1
3685 1
3686 1
3687 1
3688 1
3689 1
3690 1
3691 1
3692 1
3693 1
3694 1
3695 1
3696 1
3697 1
3698 1
3699 1
3700 1
3701 1
3702 1
3703 1
3704 1
3705 1
3706 1
3707 1
3708 1
3709 1
3710 1
3711 1
3712 1
3713 1
3714 1
3715 1
3716 1
3717 1
3718 1
3719 1
3720 1
3721 1
3722 1
3723 1
3724 1
3725 1
3726 1
3727 1
3728 1
3729 1
3730 1
3731 1
3732 1
3733 1
3734 10
3735 0
3736 0
3737 10
3738 0
3739 0
3740 1
3741 0
3742 1
3743 1
3744 10
3745 0
3746 10
3747 0
3748 1
3749 1
3750 10
3751 10
3752 10
3753 10
3754 10
3755 0
3756 10
3757 0
3758 10
3759 0
3760 1
3761 10
3762 10
3763 1
3764 10
3765 10
3766 0
3767 0
3768 1
3769 10
3770 10
3771 10
3772 10
3773 10
3774 10
3775 1
3776 10
3777 10
3778 1
3779 0
3780 10
3781 0
3782 10
3783 10
3784 0
3785 1
3786 0
3787 0
3788 1
3789 10
3790 10
3791 0
3792 10
3793 0
3794 10
3795 0
3796 10
3797 1
3798 0
3799 1
3800 0
3801 1
3802 1
3803 10
3804 10
3805 0
3806 10
3807 10
3808 0
3809 0
3810 10
3811 0
3812 10
3813 1
3814 0
3815 1
3816 1
3817 10
3818 10
3819 1
3820 0
3821 0
3822 0
3823 1
3824 1
3825 1
3826 1
3827 1
3828 10
3829 1
3830 0
3831 10
3832 10
3833 1
3834 10
3835 10
3836 1
3837 10
3838 10
3839 0
3840 0
3841 0
3842 0
3843 10
3844 0
3845 1
3846 1
3847 1
3848 10
3849 1
3850 10
3851 0
3852 1
3853 10
3854 10
3855 10
3856 10
3857 10
3858 0
3859 10
3860 0
3861 0
3862 10
3863 1
3864 1
3865 1
3866 1
3867 1
3868 0
3869 0
3870 0
3871 0
3872 10
3873 0
3874 10
3875 0
3876 1
3877 10
3878 10
3879 10
3880 1
3881 1
3882 10
3883 10
3884 10
3885 10
3886 0
3887 1
3888 10
3889 0
3890 0
3891 0
3892 1
3893 10
3894 10
3895 10
3896 0
3897 0
3898 10
3899 10
3900 10
3901 1
3902 10
3903 10
3904 1
3905 10
3906 1
3907 10
3908 1
3909 1
3910 0
3911 0
3912 10
3913 1
3914 10
3915 10
3916 0
3917 1
3918 0
3919 1
3920 1
3921 0
3922 1
3923 10
3924 10
3925 1
3926 10
3927 10
3928 10
3929 10
3930 10
3931 1
3932 0
3933 0
3934 1
3935 10
3936 1
3937 1
3938 1
3939 1
3940 1
3941 1
3942 1
3943 1
3944 1
3945 1
3946 1
3947 1
3948 10
3949 1
3950 1
3951 1
3952 1
3953 1
3954 1
3955 1
3956 1
3957 1
3958 1
3959 1
3960 1
3961 0
3962 1
3963 1
3964 1
3965 1
3966 1
3967 1
3968 1
3969 1
3970 1
3971 10
3972 1
3973 0
3974 1
3975 10
3976 10
3977 10
3978 10
3979 0
3980 10
3981 1
3982 0
3983 0
3984 1
3985 0
3986 1
3987 0
3988 0
3989 1
3990 10
3991 0
3992 10
3993 0
3994 10
3995 0
3996 10
3997 10
3998 0
3999 10
4000 0
4001 10
4002 10
4003 0
4004 10
4005 1
4006 1
4007 0
4008 10
4009 10
4010 10
4011 10
4012 0
4013 10
4014 10
4015 10
4016 10
4017 10
4018 0
4019 10
4020 10
4021 1
4022 1
4023 10
4024 10
4025 10
4026 1
4027 1
4028 0
4029 10
4030 1
4031 10
4032 0
4033 1
4034 1
4035 1
4036 1
4037 1
4038 1
4039 10
4040 1
4041 1
4042 0
4043 10
4044 0
4045 10
4046 1
4047 1
4048 1
4049 1
4050 1
4051 1
4052 1
4053 1
4054 1
4055 1
4056 1
4057 1
4058 1
4059 1
4060 1
4061 1
4062 1
4063 1
4064 1
4065 1
4066 1
4067 1
4068 1
4069 1
4070 1
4071 1
4072 1
4073 1
4074 1
4075 1
4076 1
4077 1
4078 1
4079 1
4080 1
4081 1
4082 1
4083 1
4084 1
4085 10
4086 1
4087 10
4088 0
4089 10
4090 0
4091 10
4092 0
4093 1
4094 1
4095 1
4096 1
4097 1
4098 1
4099 1
4100 1
4101 1
4102 1
4103 1
4104 1
4105 1
4106 10
4107 1
4108 10
4109 10
4110 0
4111 0
4112 1
4113 1
4114 1
4115 1
4116 1
4117 0
4118 10
4119 10
4120 10
4121 10
4122 0
4123 0
4124 1
4125 1
4126 1
4127 1
4128 1
4129 10
4130 0
4131 0
4132 10
4133 0
4134 0
4135 10
4136 1
4137 10
4138 10
4139 0
4140 10
4141 10
4142 10
4143 1
4144 0
4145 0
4146 0
4147 0
4148 10
4149 10
4150 10
4151 10
4152 10
4153 0
4154 1
4155 10
4156 1
4157 1
4158 1
4159 0
4160 10
4161 1
4162 1
4163 1
4164 10
4165 10
4166 10
4167 10
4168 10
4169 10
4170 1
4171 1
4172 1
4173 1
4174 1
4175 1
4176 1
4177 1
4178 1
4179 1
4180 1
4181 1
4182 1
4183 0
4184 0
4185 1
4186 10
4187 0
4188 10
4189 0
4190 10
4191 10
4192 10
4193 1
4194 10
4195 0
4196 10
4197 10
4198 0
4199 10
4200 10
4201 10
4202 10
4203 0
4204 0
4205 10
4206 1
4207 1
4208 10
4209 10
4210 10
4211 0
4212 0
4213 0
4214 1
4215 0
4216 0
4217 1
4218 10
4219 10
4220 0
4221 0
4222 0
4223 10
4224 10
4225 0
4226 10
4227 1
4228 0
4229 1
4230 10
4231 10
4232 1
4233 10
4234 0
4235 10
4236 10
4237 0
4238 10
4239 0
4240 10
4241 1
4242 0
4243 10
4244 10
4245 10
4246 10
4247 10
4248 0
4249 10
4250 10
4251 10
4252 10
4253 10
4254 10
4255 0
4256 10
4257 0
4258 10
4259 1
4260 10
4261 1
4262 1
4263 10
4264 10
4265 1
4266 10
4267 10
4268 1
4269 0
4270 10
4271 0
4272 1
4273 10
4274 10
4275 10
4276 10
4277 10
4278 10
4279 10
4280 0
4281 10
4282 10
4283 10
4284 0
4285 10
4286 1
4287 1
4288 10
4289 10
4290 1
4291 0
4292 0
4293 10
4294 10
4295 10
4296 1
4297 0
4298 0
4299 0
4300 1
4301 0
4302 1
4303 1
4304 1
4305 0
4306 0
4307 1
4308 10
4309 1
4310 1
4311 10
4312 0
4313 0
4314 0
4315 0
4316 0
4317 0
4318 10
4319 0
4320 0
4321 0
4322 0
4323 0
4324 10
4325 10
4326 10
4327 1
4328 10
4329 1
4330 10
4331 10
4332 10
4333 10
4334 10
4335 10
4336 10
4337 10
4338 0
4339 0
4340 10
4341 10
4342 10
4343 0
4344 10
4345 10
4346 0
4347 0
4348 10
4349 1
4350 0
4351 0
4352 10
4353 10
4354 0
4355 10
4356 10
4357 10
4358 10
4359 10
4360 1
4361 1
4362 0
4363 10
4364 10
4365 0
4366 10
4367 10
4368 10
4369 10
4370 10
4371 0
4372 10
4373 1
4374 1
4375 1
4376 1
4377 1
4378 1
4379 1
4380 1
4381 1
4382 1
4383 1
4384 1
4385 1
4386 1
4387 0
4388 1
4389 1
4390 1
4391 1
4392 1
4393 1
4394 1
4395 1
4396 0
4397 0
4398 10
4399 10
4400 0
4401 10
4402 0
4403 10
4404 0
4405 0
4406 0
4407 0
4408 10
4409 0
4410 0
4411 0
4412 0
4413 0
4414 10
4415 10
4416 0
4417 10
4418 10
4419 0
4420 10
4421 10
4422 0
4423 0
4424 10
4425 10
4426 10
4427 10
4428 10
4429 0
4430 10
4431 1
4432 1
4433 1
4434 1
4435 1
4436 1
4437 1
4438 1
4439 1
4440 1
4441 1
4442 10
4443 0
4444 10
4445 10
4446 0
4447 10
4448 10
4449 1
4450 1
4451 1
4452 1
4453 1
4454 1
4455 1
4456 1
4457 1
4458 1
4459 1
4460 1
4461 1
4462 1
4463 1
4464 1
4465 1
4466 1
4467 1
4468 1
4469 1
4470 1
4471 1
4472 1
4473 1
4474 0
4475 0
4476 1
4477 1
4478 0
4479 1
4480 10
4481 1
4482 1
4483 1
4484 10
4485 0
4486 0
4487 1
4488 1
4489 10
4490 1
4491 1
4492 10
4493 0
4494 10
4495 1
4496 1
4497 1
4498 0
4499 0
4500 0
4501 10
4502 1
4503 10
4504 0
4505 10
4506 0
4507 0
4508 10
4509 0
4510 1
4511 1
4512 0
4513 1
4514 10
4515 1
4516 1
4517 0
4518 10
4519 10
4520 10
4521 10
4522 1
4523 1
4524 1
4525 1
4526 10
4527 10
4528 1
4529 10
4530 10
4531 1
4532 10
4533 1
4534 0
4535 0
4536 10
4537 9
4538 10
4539 1
4540 0
4541 10
4542 10
4543 10
4544 0
4545 1
4546 0
4547 1
4548 0
4549 1
4550 0
4551 10
4552 0
4553 10
4554 0
4555 10
4556 0
4557 0
4558 10
4559 10
4560 0
4561 10
4562 0
4563 1
4564 0
4565 10
4566 1
4567 10
4568 10
4569 0
4570 10
4571 10
4572 0
4573 0
4574 10
4575 0
4576 0
4577 10
4578 10
4579 0
4580 0
4581 10
4582 1
4583 10
4584 1
4585 1
4586 0
4587 1
4588 1
4589 10
4590 10
4591 0
4592 1
4593 10
4594 10
4595 0
4596 0
4597 10
4598 10
4599 10
4600 10
4601 10
4602 0
4603 1
4604 10
4605 10
4606 0
4607 10
4608 10
4609 10
4610 10
4611 0
4612 1
4613 10
4614 0
4615 10
4616 10
4617 0
4618 10
4619 0
4620 0
4621 0
4622 0
4623 1
4624 10
4625 10
4626 1
4627 10
4628 1
4629 0
4630 0
4631 1
4632 1
4633 0
4634 0
4635 6
4636 1
4637 0
4638 0
4639 10
4640 10
4641 0
4642 0
4643 10
4644 1
4645 10
4646 0
4647 10
4648 1
4649 10
4650 10
4651 0
4652 0
4653 10
4654 1
4655 10
4656 1
4657 10
4658 10
4659 10
4660 10
4661 10
4662 1
4663 1
4664 0
4665 10
4666 10
4667 0
4668 0
4669 1
4670 0
4671 0
4672 0
4673 4
4674 10
4675 1
4676 10
4677 10
4678 0
4679 0
4680 0
4681 1
4682 1
4683 0
4684 10
4685 10
4686 0
4687 10
4688 0
4689 10
4690 0
4691 0
4692 10
4693 10
4694 1
4695 1
4696 10
4697 10
4698 0
4699 10
4700 10
4701 0
4702 0
4703 7
4704 0
4705 10
4706 10
4707 10
4708 0
4709 1
4710 10
4711 1
4712 1
4713 1
4714 1
4715 1
4716 1
4717 10
4718 10
4719 1
4720 10
4721 1
4722 10
4723 10
4724 10
4725 1
4726 1
4727 1
4728 1
4729 1
4730 1
4731 1
4732 10
4733 10
4734 10
4735 10
4736 1
4737 10
4738 10
4739 10
4740 10
4741 0
4742 0
4743 0
4744 10
4745 10
4746 0
4747 10
4748 0
4749 10
4750 10
4751 10
4752 10
4753 0
4754 10
4755 10
4756 10
4757 10
4758 10
4759 1
4760 1
4761 10
4762 10
4763 10
4764 10
4765 10
4766 0
4767 1
4768 0
4769 10
4770 0
4771 10
4772 1
4773 10
4774 10
4775 1
4776 1
4777 0
4778 10
4779 1
4780 1
4781 10
4782 10
4783 10
4784 10
4785 10
4786 10
4787 10
4788 0
4789 1
4790 1
4791 0
4792 10
4793 10
4794 0
4795 0
4796 10
4797 1
4798 10
4799 0
4800 1
4801 1
4802 1
4803 10
4804 0
4805 0
4806 10
4807 10
4808 0
4809 10
4810 1
4811 10
4812 10
4813 10
4814 0
4815 0
4816 10
4817 10
4818 10
4819 10
4820 10
4821 10
4822 10
4823 0
4824 1
4825 1
4826 1
4827 1
4828 10
4829 10
4830 10
4831 0
4832 10
4833 10
4834 10
4835 10
4836 10
4837 1
4838 10
4839 10
4840 10
4841 10
4842 1
4843 10
4844 0
4845 0
4846 0
4847 0
4848 0
4849 10
4850 1
4851 10
4852 10
4853 1
4854 10
4855 1
4856 10
4857 10
4858 0
4859 10
4860 10
4861 0
4862 0
4863 1
4864 1
4865 1
4866 1
4867 1
4868 1
4869 1
4870 1
4871 1
4872 1
4873 0
4874 10
4875 10
4876 10
4877 0
4878 10
4879 10
4880 1
4881 1
4882 1
4883 1
4884 1
4885 1
4886 1
4887 1
4888 10
4889 1
4890 10
4891 1
4892 0
4893 10
4894 1
4895 10
4896 1
4897 10
4898 10
4899 1
4900 1
4901 10
4902 1
4903 1
4904 10
4905 10
4906 10
4907 1
4908 0
4909 10
4910 1
4911 1
4912 1
4913 10
4914 1
4915 1
4916 1
4917 1
4918 1
4919 1
4920 10
4921 1
4922 10
4923 1
4924 10
4925 10
4926 10
4927 10
4928 10
4929 1
4930 0
4931 1
4932 10
4933 1
4934 1
4935 1
4936 1
4937 1
4938 0
4939 10
4940 10
4941 1
4942 1
4943 1
4944 1
4945 1
4946 1
4947 1
4948 1
4949 1
4950 1
4951 1
4952 1
4953 1
4954 1
4955 0
4956 0
4957 1
4958 1
4959 1
4960 1
4961 10
4962 10
4963 1
4964 1
4965 10
4966 1
4967 10
4968 0
4969 0
4970 1
4971 0
4972 1
4973 1
4974 1
4975 1
4976 1
4977 10
4978 0
4979 0
4980 1
4981 10
4982 1
4983 0
4984 0
4985 1
4986 1
4987 10
4988 10
4989 10
4990 0
4991 1
4992 1
4993 1
4994 1
4995 1
4996 10
4997 1
4998 1
4999 0
5000 1
5001 10
5002 1
5003 0
5004 10
5005 1
5006 10
5007 1
5008 1
5009 0
5010 10
5011 1
5012 1
5013 10
5014 1
5015 0
5016 10
5017 1
5018 10
5019 0
5020 0
5021 10
5022 1
5023 10
5024 10
5025 10
5026 10
5027 10
5028 10
5029 10
5030 10
5031 0
5032 10
5033 10
5034 0
5035 10
5036 10
5037 1
5038 10
5039 1
5040 10
5041 0
5042 10
5043 10
5044 1
5045 10
5046 10
5047 1
5048 1
5049 1
5050 1
5051 1
5052 1
5053 1
5054 1
5055 1
5056 10
5057 10
5058 1
5059 0
5060 10
5061 1
5062 1
5063 10
5064 1
5065 1
5066 0
5067 1
5068 1
5069 1
5070 1
5071 1
5072 1
5073 1
5074 1
5075 1
5076 1
5077 1
5078 10
5079 10
5080 1
5081 1
5082 1
5083 1
5084 0
5085 10
5086 10
5087 10
5088 10
5089 0
5090 1
5091 1
5092 10
5093 1
5094 1
5095 0
5096 0
5097 1
5098 1
5099 0
5100 1
5101 0
5102 0
5103 0
5104 0
5105 10
5106 0
5107 1
5108 0
5109 0
5110 0
5111 1
5112 0
5113 0
5114 0
5115 10
5116 0
5117 0
5118 10
5119 10
5120 0
5121 1
5122 10
5123 1
5124 1
5125 10
5126 10
5127 1
5128 10
5129 0
5130 1
5131 1
5132 0
5133 10
5134 1
5135 1
5136 0
5137 2
5138 2
5139 2
5140 2
5141 2
5142 4
5143 2
5144 1
5145 2
5146 2
5147 1
5148 10
5149 0
5150 0
5151 0
5152 0
5153 0
5154 10
5155 1
5156 1
5157 10
5158 0
5159 10
5160 10
5161 1
5162 0
5163 0
5164 10
5165 10
5166 0
5167 1
5168 10
5169 10
5170 0
5171 0
5172 10
5173 1
5174 10
5175 0
5176 1
5177 1
5178 10
5179 10
5180 1
5181 10
5182 10
5183 0
5184 10
5185 10
5186 10
5187 10
5188 10
5189 10
5190 10
5191 10
5192 10
5193 10
5194 0
5195 0
5196 0
5197 1
5198 10
5199 10
5200 10
5201 10
5202 10
5203 0
5204 10
5205 10
5206 0
5207 1
5208 10
5209 10
5210 0
5211 1
5212 1
5213 10
5214 10
5215 10
5216 0
5217 0
5218 10
5219 1
5220 1
5221 1
5222 1
5223 0
5224 1
5225 10
5226 10
5227 10
5228 10
5229 10
5230 0
5231 10
5232 10
5233 10
5234 10
5235 10
5236 0
5237 1
5238 1
5239 10
5240 0
5241 1
5242 10
5243 10
5244 10
5245 10
5246 10
5247 10
5248 10
5249 10
5250 0
5251 1
5252 10
5253 1
5254 0
5255 1
5256 1
5257 1
5258 10
5259 1
5260 1
5261 10
5262 0
5263 10
5264 10
5265 10
5266 10
5267 10
5268 1
5269 1
5270 1
5271 1
5272 1
5273 1
5274 0
5275 1
5276 1
5277 1
5278 0
5279 1
5280 10
5281 10
5282 1
5283 10
5284 0
5285 1
5286 10
5287 1
5288 1
5289 10
5290 1
5291 10
5292 0
5293 1
5294 1
5295 1
5296 1
5297 10
5298 10
5299 0
5300 1
5301 0
5302 1
5303 0
5304 1
5305 1
5306 1
5307 1
5308 10
5309 1
5310 1
5311 1
5312 1
5313 1
5314 1
5315 0
5316 1
5317 0
5318 1
5319 1
5320 0
5321 10
5322 1
5323 1
5324 1
5325 1
5326 0
5327 0
5328 1
5329 10
5330 0
5331 10
5332 0
5333 0
5334 10
5335 10
5336 0
5337 10
5338 0
5339 1
5340 0
5341 0
5342 10
5343 10
5344 1
5345 1
5346 0
5347 0
5348 0
5349 1
5350 0
5351 10
5352 10
5353 0
5354 0
5355 1
5356 0
5357 1
5358 0
5359 10
5360 0
5361 10
5362 10
5363 10
5364 10
5365 0
5366 10
5367 10
5368 10
5369 10
5370 10
5371 1
5372 10
5373 10
5374 1
5375 1
5376 0
5377 10
5378 10
5379 10
5380 0
5381 1
5382 10
5383 0
5384 10
5385 10
5386 10
5387 10
5388 0
5389 10
5390 10
5391 10
5392 10
5393 10
5394 0
5395 10
5396 1
5397 10
5398 10
5399 1
5400 0
5401 1
5402 1
5403 10
5404 1
5405 10
5406 10
5407 10
5408 10
5409 10
5410 10
5411 10
5412 10
5413 1
5414 0
5415 10
5416 10
5417 1
5418 1
5419 0
5420 10
5421 0
5422 0
5423 0
5424 10
5425 10
5426 10
5427 10
5428 10
5429 10
5430 1
5431 10
5432 10
5433 4
5434 10
5435 10
5436 10
5437 10
5438 1
5439 1
5440 1
5441 0
5442 1
5443 1
5444 1
5445 1
5446 1
5447 1
5448 1
5449 1
5450 1
5451 10
5452 10
5453 10
5454 0
5455 1
5456 10
5457 0
5458 0
5459 0
5460 10
5461 0
5462 1
5463 1
5464 0
5465 10
5466 10
5467 0
5468 1
5469 1
5470 1
5471 1
5472 10
5473 10
5474 10
5475 0
5476 10
5477 1
5478 10
5479 10
5480 1
5481 10
5482 10
5483 10
5484 10
5485 10
5486 10
5487 10
5488 10
5489 10
5490 10
5491 0
5492 1
5493 10
5494 10
5495 10
5496 10
5497 0
5498 0
5499 10
5500 10
5501 0
5502 1
5503 10
5504 10
5505 10
5506 3
5507 10
5508 10
5509 10
5510 10
5511 0
5512 10
5513 0
5514 10
5515 0
5516 0
5517 10
5518 10
5519 10
5520 10
5521 10
5522 0
5523 10
5524 10
5525 10
5526 0
5527 10
5528 10
5529 10
5530 0
5531 0
5532 10
5533 0
5534 0
5535 1
5536 10
5537 10
5538 10
5539 10
5540 10
5541 0
5542 10
5543 10
5544 0
5545 10
5546 10
5547 10
5548 10
5549 10
5550 10
5551 0
5552 10
5553 0
5554 10
5555 10
5556 10
5557 10
5558 10
5559 10
5560 0
5561 10
5562 1
5563 10
5564 10
5565 10
5566 10
5567 10
5568 10
5569 0
5570 0
5571 10
5572 10
5573 10
5574 10
5575 10
5576 10
5577 1
5578 10
5579 10
5580 10
5581 0
5582 0
5583 10
5584 10
5585 10
5586 10
5587 0
5588 10
5589 10
5590 10
5591 1
5592 10
5593 10
5594 10
5595 0
5596 10
5597 10
5598 10
5599 10
5600 10
5601 10
5602 1
5603 10
5604 10
5605 4
5606 10
5607 10
5608 0
5609 10
5610 0
5611 10
5612 10
5613 10
5614 1
5615 10
5616 10
5617 10
5618 10
5619 10
5620 10
5621 10
5622 10
5623 10
5624 10
5625 1
5626 0
5627 10
5628 10
5629 10
5630 0
5631 10
5632 10
5633 10
5634 0
5635 10
5636 10
5637 10
5638 10
5639 10
5640 10
5641 10
5642 0
5643 10
5644 10
5645 10
5646 10
5647 10
5648 10
5649 10
5650 10
5651 10
5652 10
5653 0
5654 10
5655 10
5656 0
5657 0
5658 10
5659 1
5660 10
5661 10
5662 10
5663 10
5664 0
5665 10
5666 10
5667 10
5668 10
5669 0
5670 1
5671 10
5672 10
5673 0
5674 10
5675 10
5676 10
5677 0
5678 10
5679 0
5680 1
5681 1
5682 1
5683 0
5684 1
5685 10
5686 1
5687 1
5688 1
5689 1
5690 1
5691 1
5692 10
5693 10
5694 0
5695 0
5696 10
5697 10
5698 10
5699 10
5700 10
5701 10
5702 10
5703 10
5704 1
5705 10
5706 0
5707 0
5708 10
5709 1
5710 1
5711 1
5712 1
5713 10
5714 0
5715 10
5716 0
5717 0
5718 10
5719 1
5720 10
5721 10
5722 0
5723 0
5724 10
5725 10
5726 10
5727 10
5728 10
5729 10
5730 10
5731 10
5732 10
5733 0
5734 1
5735 10
5736 1
5737 0
5738 1
5739 10
5740 10
5741 10
5742 10
5743 0
5744 10
5745 10
5746 0
5747 0
5748 10
5749 1
5750 0
5751 1
5752 0
5753 1
5754 0
5755 10
5756 10
5757 1
5758 1
5759 10
5760 10
5761 10
5762 10
5763 10
5764 0
5765 0
5766 10
5767 0
5768 10
5769 10
5770 10
5771 0
5772 10
5773 0
5774 10
5775 1
5776 10
5777 1
5778 10
5779 0
5780 10
5781 10
5782 10
5783 0
5784 0
5785 0
5786 10
5787 10
5788 10
5789 1
5790 0
5791 0
5792 10
5793 10
5794 10
5795 0
5796 10
5797 10
5798 10
5799 10
5800 10
5801 0
5802 0
5803 1
5804 0
5805 1
5806 1
5807 1
5808 1
5809 1
5810 10
5811 10
5812 10
5813 10
5814 0
5815 10
5816 10
5817 0
5818 0
5819 10
5820 10
5821 10
5822 0
5823 10
5824 1
5825 1
5826 0
5827 10
5828 10
5829 1
5830 1
5831 0
5832 0
5833 10
5834 10
5835 10
5836 1
5837 0
5838 10
5839 10
5840 10
5841 1
5842 0
5843 10
5844 10
5845 10
5846 10
5847 10
5848 10
5849 10
5850 10
5851 10
5852 10
5853 10
5854 0
5855 0
5856 0
5857 10
5858 1
5859 10
5860 10
5861 0
5862 10
5863 10
5864 10
5865 1
5866 10
5867 10
5868 10
5869 10
5870 10
5871 10
5872 1
5873 1
5874 1
5875 0
5876 10
5877 10
5878 0
5879 0
5880 1
5881 0
5882 0
5883 1
5884 1
5885 0
5886 1
5887 10
5888 10
5889 10
5890 0
5891 0
5892 1
5893 10
5894 10
5895 10
5896 10
5897 10
5898 0
5899 10
5900 10
5901 10
5902 10
5903 10
5904 10
5905 10
5906 10
5907 0
5908 1
5909 0
5910 1
5911 0
5912 1
5913 10
5914 0
5915 1
5916 1
5917 0
5918 1
5919 10
5920 10
5921 1
5922 10
5923 10
5924 1
5925 0
5926 10
5927 10
5928 1
5929 1
5930 9
5931 1
5932 10
5933 0
5934 1
5935 10
5936 0
5937 10
5938 1
5939 10
5940 0
5941 1
5942 10
5943 1
5944 1
5945 10
5946 0
5947 0
5948 0
5949 10
5950 10
5951 10
5952 1
5953 0
5954 0
5955 1
5956 1
5957 0
5958 0
5959 10
5960 0
5961 0
5962 0
5963 1
5964 0
5965 1
5966 1
5967 1
5968 1
5969 1
5970 0
5971 1
5972 10
5973 10
5974 10
5975 0
5976 1
5977 10
5978 10
5979 10
5980 1
5981 10
5982 10
5983 10
5984 0
5985 0
5986 10
5987 10
5988 10
5989 10
5990 0
5991 10
5992 10
5993 0
5994 0
5995 10
5996 10
5997 10
5998 0
5999 10
6000 10
6001 10
6002 10
6003 10
6004 1
6005 10
6006 10
6007 10
6008 10
6009 0
6010 1
6011 1
6012 1
6013 0
6014 1
6015 0
6016 0
6017 10
6018 0
6019 0
6020 1
6021 10
6022 0
6023 1
6024 10
6025 10
6026 10
6027 0
6028 1
6029 10
6030 0
6031 10
6032 10
6033 9
6034 10
6035 10
6036 0
6037 10
6038 10
6039 10
6040 10
6041 10
6042 10
6043 10
6044 10
6045 10
6046 10
6047 10
6048 10
6049 10
6050 10
6051 10
6052 10
6053 10
6054 10
6055 1
6056 0
6057 1
6058 0
6059 10
6060 10
6061 1
6062 0
6063 10
6064 0
6065 0
6066 0
6067 1
6068 1
6069 10
6070 10
6071 10
6072 10
6073 1
6074 1
6075 10
6076 0
6077 1
6078 0
6079 10
6080 10
6081 10
6082 1
6083 1
6084 0
6085 1
6086 10
6087 10
6088 10
6089 1
6090 0
6091 10
6092 1
6093 10
6094 1
6095 1
6096 1
6097 10
6098 10
6099 10
6100 10
6101 1
6102 1
6103 10
6104 0
6105 10
6106 0
6107 10
6108 10
6109 10
6110 10
6111 1
6112 10
6113 0
6114 10
6115 10
6116 1
6117 10
6118 0
6119 10
6120 0
6121 10
6122 1
6123 10
6124 10
6125 10
6126 1
6127 10
6128 10
6129 0
6130 10
6131 1
6132 10
6133 10
6134 10
6135 10
6136 1
6137 0
6138 0
6139 0
6140 10
6141 1
6142 0
6143 1
6144 0
6145 10
6146 10
6147 0
6148 10
6149 10
6150 10
6151 1
6152 1
6153 1
6154 1
6155 1
6156 1
6157 1
6158 1
6159 1
6160 0
6161 10
6162 10
6163 0
6164 0
6165 10
6166 10
6167 0
6168 1
6169 0
6170 1
6171 10
6172 0
6173 0
6174 10
6175 10
6176 0
6177 10
6178 1
6179 10
6180 10
6181 10
6182 0
6183 0
6184 0
6185 10
6186 0
6187 0
6188 10
6189 10
6190 1
6191 0
6192 10
6193 10
6194 10
6195 0
6196 10
6197 10
6198 10
6199 10
6200 0
6201 10
6202 10
6203 10
6204 1
6205 1
6206 1
6207 10
6208 0
6209 0
6210 0
6211 10
6212 10
6213 0
6214 10
6215 0
6216 10
6217 10
6218 10
6219 10
6220 10
6221 10
6222 10
6223 0
6224 1
6225 10
6226 1
6227 10
6228 10
6229 1
6230 10
6231 10
6232 0
6233 0
6234 0
6235 10
6236 10
6237 0
6238 10
6239 10
6240 10
6241 0
6242 10
6243 0
6244 10
6245 10
6246 10
6247 10
6248 10
6249 1
6250 0
6251 10
6252 10
6253 10
6254 10
6255 0
6256 1
6257 10
6258 0
6259 10
6260 10
6261 0
6262 10
6263 10
6264 0
6265 10
6266 10
6267 10
6268 10
6269 10
6270 0
6271 10
6272 0
6273 0
6274 10
6275 10
6276 0
6277 10
6278 1
6279 10
6280 1
6281 10
6282 1
6283 0
6284 10
6285 10
6286 10
6287 0
6288 0
6289 10
6290 10
6291 1
6292 10
6293 10
6294 10
6295 0
6296 1
6297 10
6298 10
6299 10
6300 1
6301 10
6302 1
6303 10
6304 1
6305 0
6306 10
6307 10
6308 0
6309 0
6310 0
6311 1
6312 10
6313 10
6314 10
6315 10
6316 10
6317 10
6318 10
6319 10
6320 10
6321 0
6322 0
6323 10
6324 10
6325 10
6326 10
6327 10
6328 10
6329 1
6330 0
6331 10
6332 0
6333 10
6334 10
6335 10
6336 10
6337 0
6338 10
6339 10
6340 0
6341 10
6342 10
6343 0
6344 10
6345 10
6346 10
6347 10
6348 10
6349 1
6350 0
6351 10
6352 10
6353 10
6354 1
6355 1
6356 10
6357 1
6358 1
6359 10
6360 1
6361 1
6362 0
6363 10
6364 10
6365 1
6366 10
6367 0
6368 10
6369 1
6370 1
6371 0
6372 1
6373 10
6374 10
6375 10
6376 10
6377 1
6378 0
6379 0
6380 10
6381 0
6382 1
6383 0
6384 10
6385 1
6386 10
6387 10
6388 10
6389 10
6390 1
6391 0
6392 10
6393 10
6394 10
6395 10
6396 10
6397 10
6398 10
6399 10
6400 0
6401 10
6402 0
6403 1
6404 1
6405 10
6406 10
6407 10
6408 10
6409 10
6410 10
6411 10
6412 10
6413 10
6414 10
6415 10
6416 0
6417 10
6418 10
6419 1
6420 10
6421 1
6422 10
6423 10
6424 10
6425 10
6426 10
6427 0
6428 10
6429 10
6430 0
6431 10
6432 10
6433 10
6434 10
6435 1
6436 0
6437 10
6438 10
6439 10
6440 10
6441 10
6442 1
6443 10
6444 0
6445 1
6446 0
6447 1
6448 10
6449 10
6450 10
6451 10
6452 1
6453 10
6454 10
6455 1
6456 10
6457 10
6458 10
6459 10
6460 0
6461 10
6462 10
6463 0
6464 10
6465 10
6466 10
6467 10
6468 10
6469 10
6470 10
6471 1
6472 10
6473 10
6474 1
6475 1
6476 10
6477 10
6478 1
6479 0
6480 10
6481 10
6482 0
6483 10
6484 10
6485 1
6486 10
6487 1
6488 1
6489 10
6490 0
6491 10
6492 10
6493 0
6494 10
6495 10
6496 0
6497 1
6498 1
6499 1
6500 10
6501 0
6502 10
6503 10
6504 1
6505 1
6506 10
6507 10
6508 10
6509 10
6510 10
6511 10
6512 10
6513 10
6514 10
6515 0
6516 0
6517 10
6518 10
6519 1
6520 10
6521 0
6522 10
6523 10
6524 0
6525 1
6526 1
6527 1
6528 1
6529 1
6530 1
6531 10
6532 10
6533 1
6534 0
6535 0
6536 10
6537 10
6538 0
6539 10
6540 10
6541 10
6542 10
6543 10
6544 10
6545 1
6546 10
6547 10
6548 10
6549 10
6550 10
6551 1
6552 10
6553 10
6554 10
6555 0
6556 10
6557 10
6558 10
6559 10
6560 0
6561 0
6562 10
6563 1
6564 10
6565 10
6566 10
6567 10
6568 10
6569 10
6570 0
6571 0
6572 1
6573 1
6574 1
6575 10
6576 1
6577 1
6578 10
6579 10
6580 0
6581 10
6582 0
6583 10
6584 0
6585 1
6586 0
6587 1
6588 10
6589 0
6590 10
6591 10
6592 10
6593 10
6594 10
6595 10
6596 0
6597 10
6598 10
6599 10
6600 0
6601 1
6602 10
6603 1
6604 10
6605 10
6606 1
6607 0
6608 10
6609 0
6610 10
6611 10
6612 10
6613 10
6614 1
6615 1
6616 0
6617 10
6618 1
6619 10
6620 0
6621 0
6622 0
6623 10
6624 1
6625 10
6626 10
6627 10
6628 0
6629 10
6630 10
6631 10
6632 10
6633 10
6634 1
6635 1
6636 0
6637 10
6638 10
6639 1
6640 10
6641 10
6642 10
6643 1
6644 0
6645 10
6646 10
6647 10
6648 10
6649 1
6650 1
6651 10
6652 10
6653 1
6654 1
6655 10
6656 10
6657 10
6658 1
6659 10
6660 10
6661 10
6662 10
6663 0
6664 10
6665 1
6666 1
6667 10
6668 10
6669 10
6670 3
6671 1
6672 10
6673 10
6674 10
6675 0
6676 0
6677 0
6678 10
6679 0
6680 10
6681 1
6682 10
6683 10
6684 10
6685 10
6686 0
6687 10
6688 1
6689 10
6690 10
6691 0
6692 10
6693 10
6694 10
6695 10
6696 10
6697 10
6698 10
6699 10
6700 10
6701 10
6702 1
6703 0
6704 1
6705 10
6706 1
6707 10
6708 10
6709 10
6710 10
6711 0
6712 10
6713 0
6714 10
6715 10
6716 10
6717 10
6718 1
6719 0
6720 10
6721 0
6722 1
6723 10
6724 10
6725 10
6726 1
6727 10
6728 1
6729 1
6730 0
6731 10
6732 10
6733 0
6734 1
6735 1
6736 0
6737 10
6738 0
6739 10
6740 0
6741 10
6742 10
6743 1
6744 10
6745 10
6746 10
6747 0
6748 10
6749 0
6750 10
6751 1
6752 0
6753 10
6754 0
6755 10
6756 10
6757 1
6758 0
6759 10
6760 10
6761 10
6762 10
6763 10
6764 1
6765 1
6766 10
6767 10
6768 3
6769 10
6770 1
6771 1
6772 1
6773 10
6774 10
6775 10
6776 10
6777 0
6778 0
6779 0
6780 0
6781 10
6782 10
6783 0
6784 0
6785 10
6786 1
6787 10
6788 0
6789 10
6790 0
6791 10
6792 0
6793 0
6794 0
6795 10
6796 10
6797 10
6798 10
6799 1
6800 1
6801 1
6802 10
6803 1
6804 10
6805 10
6806 10
6807 1
6808 10
6809 0
6810 10
6811 10
6812 1
6813 10
6814 1
6815 10
6816 10
6817 0
6818 10
6819 1
6820 1
6821 0
6822 1
6823 1
6824 10
6825 1
6826 10
6827 0
6828 1
6829 10
6830 10
6831 10
6832 10
6833 10
6834 10
6835 10
6836 10
6837 10
6838 1
6839 1
6840 10
6841 0
6842 0
6843 0
6844 10
6845 10
6846 10
6847 10
6848 1
6849 0
6850 10
6851 1
6852 0
6853 1
6854 1
6855 8
6856 1
6857 10
6858 1
6859 10
6860 10
6861 0
6862 0
6863 1
6864 0
6865 10
6866 10
6867 1
6868 1
6869 10
6870 10
6871 10
6872 10
6873 10
6874 10
6875 10
6876 10
6877 1
6878 0
6879 10
6880 0
6881 0
6882 0
6883 0
6884 1
6885 10
6886 10
6887 10
6888 10
6889 0
6890 10
6891 1
6892 1
6893 1
6894 1
6895 10
6896 10
6897 1
6898 10
6899 10
6900 1
6901 1
6902 10
6903 0
6904 10
6905 1
6906 10
6907 0
6908 0
6909 0
6910 10
6911 10
6912 10
6913 10
6914 10
6915 0
6916 10
6917 1
6918 10
6919 0
6920 10
6921 10
6922 0
6923 1
6924 1
6925 0
6926 1
6927 1
6928 1
6929 1
6930 1
6931 10
6932 10
6933 1
6934 1
6935 10
6936 1
6937 1
6938 1
6939 10
6940 1
6941 1
6942 1
6943 1
6944 1
6945 1
6946 1
6947 1
6948 1
6949 0
6950 10
6951 1
6952 10
6953 1
6954 1
6955 10
6956 1
6957 1
6958 1
6959 10
6960 1
6961 1
6962 10
6963 10
6964 1
6965 1
6966 1
6967 1
6968 0
6969 0
6970 0
6971 1
6972 1
6973 1
6974 1
6975 1
6976 1
6977 1
6978 1
6979 1
6980 1
6981 1
6982 1
6983 1
6984 1
6985 1
6986 1
6987 1
6988 1
6989 1
6990 10
6991 1
6992 1
6993 1
6994 1
6995 1
6996 1
6997 1
6998 1
6999 1
7000 1
7001 1
7002 1
7003 1
7004 1
7005 1
7006 10
7007 1
7008 1
7009 1
7010 1
7011 1
7012 10
7013 10
7014 10
7015 0
7016 10
7017 10
7018 1
7019 10
7020 0
7021 10
7022 0
7023 10
7024 10
7025 0
7026 1
7027 10
7028 10
7029 10
7030 10
7031 10
7032 10
7033 1
7034 1
7035 10
7036 10
7037 10
7038 10
7039 10
7040 10
7041 10
7042 10
7043 1
7044 1
7045 1
7046 1
7047 10
7048 10
7049 0
7050 0
7051 0
7052 10
7053 0
7054 0
7055 0
7056 0
7057 0
7058 0
7059 0
7060 0
7061 1
7062 0
7063 10
7064 0
7065 10
7066 0
7067 0
7068 10
7069 0
7070 0
7071 0
7072 0
7073 0
7074 0
7075 0
7076 1
7077 0
7078 0
7079 10
7080 0
7081 10
7082 10
7083 0
7084 10
7085 10
7086 0
7087 1
7088 1
7089 1
7090 1
7091 0
7092 1
7093 1
7094 1
7095 1
7096 1
7097 1
7098 1
7099 1
7100 1
7101 1
7102 10
7103 10
7104 10
7105 10
7106 1
7107 0
7108 10
7109 10
7110 10
7111 10
7112 10
7113 10
7114 10
7115 10
7116 6
7117 10
7118 10
7119 10
7120 10
7121 1
7122 10
7123 10
7124 10
7125 10
7126 10
7127 10
7128 10
7129 0
7130 1
7131 1
7132 10
7133 10
7134 5
7135 10
7136 5
7137 5
7138 5
7139 1
7140 10
7141 1
7142 1
7143 1
7144 1
7145 1
7146 1
7147 1
7148 1
7149 1
7150 1
7151 1
7152 1
7153 1
7154 1
7155 1
7156 1
7157 1
7158 1
7159 1
7160 1
7161 1
7162 1
7163 1
7164 0
7165 1
7166 1
7167 10
7168 1
7169 10
7170 10
7171 10
7172 10
7173 10
7174 10
7175 1
7176 10
7177 10
7178 10
7179 10
7180 10
7181 10
7182 10
7183 10
7184 10
7185 10
7186 10
7187 10
7188 10
7189 10
7190 10
7191 10
7192 10
7193 10
7194 10
7195 10
7196 10
7197 10
7198 10
7199 10
7200 10
7201 0
7202 1
7203 1
7204 10
7205 10
7206 10
7207 10
7208 1
7209 10
7210 10
7211 0
7212 1
7213 1
7214 10
7215 10
7216 10
7217 10
7218 10
7219 1
7220 10
7221 0
7222 0
7223 10
7224 10
7225 1
7226 1
7227 1
7228 1
7229 1
7230 0
7231 6
7232 6
7233 6
7234 6
7235 6
7236 6
7237 6
7238 6
7239 10
7240 6
7241 6
7242 6
7243 6
7244 6
7245 6
7246 6
7247 6
7248 6
7249 6
7250 6
7251 6
7252 6
7253 6
7254 6
7255 6
7256 6
7257 6
7258 6
7259 6
7260 6
7261 6
7262 9
7263 1
7264 1
7265 1
7266 10
7267 1
7268 1
7269 10
7270 0
7271 10
7272 10
7273 10
7274 1
7275 10
7276 0
7277 1
7278 10
7279 10
7280 1
7281 0
7282 1
7283 1
7284 1
7285 1
7286 10
7287 10
7288 10
7289 1
7290 1
7291 1
7292 0
7293 1
7294 0
7295 1
7296 1
7297 1
7298 1
7299 1
7300 1
7301 1
7302 1
7303 10
7304 10
7305 10
7306 10
7307 1
7308 10
7309 10
7310 10
7311 1
7312 1
7313 1
7314 1
7315 1
7316 1
7317 1
7318 1
7319 1
7320 1
7321 1
7322 10
7323 1
7324 1
7325 1
7326 1
7327 1
7328 1
7329 1
7330 1
7331 1
7332 1
7333 1
7334 1
7335 10
7336 1
7337 1
7338 1
7339 1
7340 10
7341 10
7342 10
7343 10
7344 10
7345 10
7346 0
7347 1
7348 0
7349 9
7350 1
7351 1
7352 1
7353 10
7354 0
7355 0
7356 1
7357 10
7358 10
7359 10
7360 10
7361 1
7362 1
7363 1
7364 1
7365 1
7366 1
7367 0
7368 10
7369 0
7370 1
7371 10
7372 1
7373 1
7374 0
7375 0
7376 10
7377 10
7378 1
7379 10
7380 0
7381 10
7382 1
7383 1
7384 10
7385 10
7386 0
7387 1
7388 1
7389 1
7390 1
7391 1
7392 1
7393 1
7394 0
7395 0
7396 0
7397 0
7398 0
7399 1
7400 10
7401 10
7402 10
7403 10
7404 1
7405 1
7406 1
7407 1
7408 1
7409 1
7410 1
7411 1
7412 10
7413 1
7414 1
7415 1
7416 1
7417 1
7418 10
7419 10
7420 1
7421 10
7422 1
7423 10
7424 1
7425 1
7426 0
7427 10
7428 10
7429 1
7430 0
7431 0
7432 1
7433 0
7434 1
7435 1
7436 10
7437 10
7438 0
7439 0
7440 10
7441 1
7442 0
7443 1
7444 10
7445 1
7446 1
7447 1
7448 10
7449 0
7450 1
7451 1
7452 1
7453 1
7454 1
7455 10
7456 1
7457 10
7458 1
7459 1
7460 1
7461 1
7462 1
7463 1
7464 1
7465 1
7466 1
7467 1
7468 1
7469 1
7470 1
7471 1
7472 1
7473 1
7474 1
7475 1
7476 1
7477 1
7478 1
7479 1
7480 1
7481 1
7482 1
7483 1
7484 1
7485 1
7486 1
7487 1
7488 1
7489 1
7490 1
7491 1
7492 1
7493 1
7494 1
7495 1
7496 1
7497 1
7498 1
7499 10
7500 10
7501 1
7502 1
7503 1
7504 1
7505 1
7506 1
7507 1
7508 1
7509 1
7510 1
7511 0
7512 10
7513 10
7514 1
7515 10
7516 10
7517 10
7518 10
7519 10
7520 10
7521 0
7522 1
7523 1
7524 1
7525 1
7526 1
7527 1
7528 1
7529 10
7530 1
7531 10
7532 10
7533 10
7534 0
7535 10
7536 1
7537 10
7538 10
7539 10
7540 10
7541 0
7542 10
7543 10
7544 10
7545 9
7546 10
7547 1
7548 10
7549 10
7550 10
7551 1
7552 10
7553 10
7554 10
7555 10
7556 10
7557 1
7558 10
7559 1
7560 1
7561 1
7562 10
7563 10
7564 1
7565 10
7566 10
7567 10
7568 10
7569 10
7570 10
7571 10
7572 10
7573 10
7574 10
7575 10
7576 0
7577 17
7578 10
7579 10
7580 10
7581 10
7582 1
7583 10
7584 1
7585 1
7586 0
7587 0
7588 10
7589 10
7590 10
7591 1
7592 0
7593 1
7594 10
7595 7
7596 10
7597 1
7598 0
7599 7
7600 7
7601 7
7602 7
7603 7
7604 7
7605 7
7606 7
7607 7
7608 7
7609 7
7610 1
7611 7
7612 7
7613 8
7614 10
7615 7
7616 7
7617 7
7618 7
7619 7
7620 7
7621 7
7622 7
7623 7
7624 7
7625 7
7626 7
7627 7
7628 7
7629 7
7630 7
7631 7
7632 7
7633 7
7634 10
7635 7
7636 7
7637 7
7638 7
7639 7
7640 7
7641 0
7642 0
7643 1
7644 1
7645 10
7646 1
7647 10
7648 10
7649 10
7650 1
7651 0
7652 9
7653 10
7654 10
7655 10
7656 10
7657 10
7658 10
7659 9
7660 10
7661 10
7662 10
7663 1
7664 10
7665 10
7666 10
7667 10
7668 10
7669 10
7670 1
7671 10
7672 10
7673 10
7674 12
7675 10
7676 1
7677 10
7678 10
7679 10
7680 10
7681 10
7682 10
7683 1
7684 10
7685 10
7686 10
7687 10
7688 10
7689 10
7690 0
7691 8
7692 8
7693 8
7694 8
7695 10
7696 8
7697 8
7698 8
7699 8
7700 10
7701 1
7702 0
7703 10
7704 10
7705 10
7706 10
7707 10
7708 10
7709 10
7710 10
7711 10
7712 0
7713 1
7714 1
7715 0
7716 10
7717 1
7718 0
7719 10
7720 10
7721 10
7722 10
7723 10
7724 9
7725 10
7726 0
7727 1
7728 0
7729 9
7730 10
7731 10
7732 1
7733 1
7734 0
7735 1
7736 0
7737 0
7738 10
7739 10
7740 1
7741 1
7742 1
7743 1
7744 0
7745 1
7746 1
7747 1
7748 1
7749 1
7750 1
7751 1
7752 1
7753 1
7754 1
7755 1
7756 1
7757 1
7758 1
7759 1
7760 1
7761 1
7762 10
7763 10
7764 0
7765 10
7766 10
7767 10
7768 1
7769 0
7770 1
7771 10
7772 10
7773 10
7774 1
7775 1
7776 1
7777 0
7778 1
7779 1
7780 9
7781 9
7782 9
7783 9
7784 9
7785 9
7786 10
7787 9
7788 9
7789 9
7790 9
7791 9
7792 9
7793 9
7794 9
7795 9
7796 9
7797 9
7798 10
7799 9
7800 9
7801 9
7802 9
7803 9
7804 9
7805 1
7806 0
7807 1
7808 1
7809 1
7810 1
7811 1
7812 1
7813 1
7814 10
7815 10
7816 1
7817 1
7818 10
7819 1
7820 1
7821 1
7822 1
7823 1
7824 1
7825 1
7826 1
7827 1
7828 0
7829 10
7830 10
7831 1
7832 10
7833 10
7834 10
7835 10
7836 10
7837 10
7838 10
7839 10
7840 10
7841 10
7842 10
7843 10
7844 10
7845 10
7846 10
7847 10
7848 10
7849 10
7850 10
7851 10
7852 0
7853 10
7854 10
7855 10
7856 10
7857 10
7858 10
7859 10
7860 10
7861 10
7862 10
7863 10
7864 10
7865 10
7866 10
7867 10
7868 10
7869 10
7870 10
7871 10
7872 10
7873 10
7874 10
7875 10
7876 0
7877 10
7878 10
7879 10
7880 10
7881 10
7882 10
7883 10
7884 10
7885 10
7886 10
7887 10
7888 10
7889 10
7890 10
7891 10
7892 10
7893 10
7894 10
7895 0
7896 0
7897 10
7898 10
7899 10
7900 10
7901 10
7902 0
7903 10
7904 10
7905 10
7906 10
7907 10
7908 10
7909 10
7910 10
7911 10
7912 10
7913 10
7914 10
7915 10
7916 10
7917 10
7918 10
7919 10
7920 10
7921 10
7922 10
7923 10
7924 10
7925 10
7926 10
7927 10
7928 10
7929 10
7930 10
7931 10
7932 10
7933 10
7934 10
7935 10
7936 10
7937 10
7938 0
7939 10
7940 10
7941 10
7942 10
7943 10
7944 10
7945 10
7946 10
7947 10
7948 10
7949 10
7950 10
7951 10
7952 10
7953 10
7954 10
7955 10
7956 10
7957 10
7958 10
7959 10
7960 10
7961 10
7962 10
7963 10
7964 0
7965 10
7966 10
7967 10
7968 1
7969 10
7970 10
7971 10
7972 10
7973 10
7974 10
7975 10
7976 10
7977 0
7978 1
7979 10
7980 10
7981 10
7982 10
7983 10
7984 0
7985 1
7986 10
7987 10
7988 10
7989 1
7990 10
7991 10
7992 10
7993 10
7994 10
7995 10
7996 10
7997 10
7998 10
7999 10
8000 10
8001 10
8002 10
8003 10
8004 10
8005 10
8006 10
8007 10
8008 10
8009 10
8010 10
8011 10
8012 10
8013 10
8014 10
8015 10
8016 10
8017 10
8018 10
8019 10
8020 10
8021 10
8022 10
8023 10
8024 10
8025 10
8026 10
8027 10
8028 10
8029 10
8030 10
8031 10
8032 10
8033 10
8034 10
8035 10
8036 10
8037 10
8038 10
8039 10
8040 10
8041 10
8042 10
8043 10
8044 10
8045 0
8046 1
8047 1
8048 1
8049 1
8050 1
8051 1
8052 1
8053 0
8054 0
8055 1
8056 1
8057 10
8058 10
8059 10
8060 10
8061 10
8062 0
8063 10
8064 10
8065 1
8066 10
8067 10
8068 10
8069 10
8070 10
8071 10
8072 1
8073 1
8074 10
8075 1
8076 1
8077 1
8078 1
8079 1
8080 1
8081 1
8082 1
8083 10
8084 10
8085 1
8086 10
8087 0
8088 0
8089 0
8090 10
8091 1
8092 1
8093 10
8094 1
8095 1
8096 1
8097 1
8098 1
8099 10
8100 0
8101 0
8102 0
8103 0
8104 0
8105 0
8106 0
8107 0
8108 16
8109 10
8110 1
8111 1
8112 1
8113 1
8114 1
8115 1
8116 1
8117 1
8118 1
8119 1
8120 1
8121 1
8122 1
8123 1
8124 1
8125 1
8126 1
8127 1
8128 1
8129 10
8130 10
8131 0
8132 0
8133 0
8134 0
8135 0
8136 10
8137 0
8138 0
8139 0
8140 10
8141 10
8142 10
8143 10
8144 10
8145 10
8146 10
8147 10
8148 10
8149 10
8150 10
8151 10
8152 10
8153 10
8154 10
8155 10
8156 10
8157 10
8158 10
8159 10
8160 10
8161 10
8162 10
8163 10
8164 10
8165 10
8166 10
8167 10
8168 10
8169 10
8170 10
8171 10
8172 10
8173 10
8174 10
8175 10
8176 10
8177 10
8178 10
8179 10
8180 10
8181 10
8182 10
8183 10
8184 10
8185 10
8186 10
8187 10
8188 10
8189 10
8190 10
8191 10
8192 10
8193 10
8194 10
8195 10
8196 10
8197 10
8198 10
8199 10
8200 10
8201 10
8202 10
8203 10
8204 10
8205 10
8206 10
8207 10
8208 10
8209 10
8210 10
8211 10
8212 10
8213 0
8214 0
8215 10
8216 10
8217 0
8218 0
8219 0
8220 0
8221 0
8222 1
8223 1
8224 10
8225 1
8226 1
8227 1
8228 1
8229 1
8230 1
8231 7
8232 7
8233 0
8234 10
8235 1
8236 0
8237 0
8238 0
8239 0
8240 0
8241 0
8242 0
8243 10
8244 10
8245 1
8246 1
8247 1
8248 1
8249 1
8250 1
8251 1
8252 1
8253 1
8254 1
8255 1
8256 10
8257 10
8258 10
8259 10
8260 10
8261 10
8262 10
8263 0
8264 10
8265 10
8266 10
8267 10
8268 10
8269 10
8270 10
8271 10
8272 10
8273 10
8274 10
8275 0
8276 10
8277 10
8278 10
8279 10
8280 10
8281 10
8282 10
8283 10
8284 10
8285 10
8286 10
8287 10
8288 10
8289 10
8290 10
8291 10
8292 10
8293 10
8294 1
8295 10
8296 1
8297 1
8298 1
8299 10
8300 10
8301 10
8302 10
8303 10
8304 10
8305 10
8306 10
8307 1
8308 0
8309 10
8310 10
8311 10
8312 10
8313 10
8314 10
8315 10
8316 10
8317 10
8318 1
8319 0
8320 1
8321 1
8322 1
8323 1
8324 1
8325 1
8326 1
8327 1
8328 1
8329 1
8330 1
8331 10
8332 0
8333 1
8334 1
8335 1
8336 1
8337 1
8338 1
8339 1
8340 1
8341 1
8342 1
8343 0
8344 1
8345 1
8346 1
8347 1
8348 1
8349 1
8350 1
8351 1
8352 0
8353 0
8354 1
8355 0
8356 1
8357 0
8358 1
8359 1
8360 0
8361 10
8362 10
8363 10
8364 1
8365 1
8366 1
8367 10
8368 10
8369 10
8370 0
8371 0
8372 0
8373 10
8374 10
8375 1
8376 1
8377 1
8378 1
8379 1
8380 1
8381 1
8382 1
8383 1
8384 1
8385 1
8386 1
8387 1
8388 1
8389 1
8390 1
8391 1
8392 1
8393 1
8394 1
8395 1
8396 1
8397 1
8398 1
8399 1
8400 1
8401 1
8402 1
8403 1
8404 1
8405 1
8406 1
8407 1
8408 1
8409 1
8410 1
8411 1
8412 1
8413 1
8414 11
8415 11
8416 10
8417 10
8418 10
8419 10
8420 0
8421 10
8422 10
8423 10
8424 10
8425 10
8426 10
8427 10
8428 10
8429 10
8430 10
8431 10
8432 10
8433 1
8434 1
8435 10
8436 0
8437 1
8438 10
8439 1
8440 0
8441 10
8442 0
8443 1
8444 0
8445 1
8446 0
8447 1
8448 1
8449 1
8450 0
8451 0
8452 10
8453 0
8454 10
8455 0
8456 0
8457 0
8458 1
8459 0
8460 0
8461 1
8462 1
8463 1
8464 1
8465 1
8466 10
8467 10
8468 10
8469 0
8470 10
8471 0
8472 10
8473 1
8474 1
8475 0
8476 0
8477 10
8478 0
8479 0
8480 0
8481 0
8482 0
8483 4
8484 4
8485 4
8486 4
8487 4
8488 4
8489 4
8490 4
8491 10
8492 1
8493 1
8494 1
8495 1
8496 1
8497 1
8498 1
8499 1
8500 1
8501 1
8502 10
8503 1
8504 1
8505 0
8506 1
8507 1
8508 10
8509 10
8510 10
8511 10
8512 0
8513 1
8514 12
8515 0
8516 1
8517 1
8518 1
8519 1
8520 1
8521 1
8522 1
8523 1
8524 10
8525 1
8526 1
8527 0
8528 0
8529 1
8530 1
8531 0
8532 10
8533 1
8534 0
8535 0
8536 1
8537 1
8538 10
8539 10
8540 10
8541 0
8542 10
8543 16
8544 0
8545 1
8546 12
8547 0
8548 13
8549 13
8550 1
8551 1
8552 1
8553 1
8554 1
8555 1
8556 1
8557 1
8558 1
8559 1
8560 1
8561 1
8562 1
8563 1
8564 1
8565 1
8566 1
8567 1
8568 1
8569 1
8570 1
8571 0
8572 1
8573 1
8574 1
8575 10
8576 10
8577 1
8578 10
8579 0
8580 10
8581 10
8582 1
8583 1
8584 0
8585 10
8586 10
8587 10
8588 10
8589 10
8590 1
8591 1
8592 1
8593 0
8594 1
8595 1
8596 10
8597 10
8598 1
8599 10
8600 10
8601 1
8602 10
8603 10
8604 10
8605 10
8606 10
8607 10
8608 10
8609 10
8610 10
8611 10
8612 10
8613 1
8614 10
8615 10
8616 10
8617 1
8618 1
8619 14
8620 14
8621 0
8622 0
8623 0
8624 1
8625 1
8626 1
8627 1
8628 1
8629 1
8630 1
8631 10
8632 1
8633 1
8634 10
8635 10
8636 10
8637 10
8638 10
8639 10
8640 10
8641 10
8642 1
8643 10
8644 10
8645 15
8646 15
8647 15
8648 15
8649 15
8650 15
8651 15
8652 1
8653 0
8654 1
8655 10
8656 10
8657 1
8658 10
8659 10
8660 10
8661 10
8662 10
8663 10
8664 10
8665 10
8666 10
8667 10
8668 10
8669 10
8670 10
8671 10
8672 10
8673 10
8674 10
8675 10
8676 10
8677 10
8678 10
8679 10
8680 10
8681 10
8682 10
8683 10
8684 10
8685 10
8686 10
8687 10
8688 10
8689 10
8690 10
8691 10
8692 10
8693 10
8694 10
8695 10
8696 10
8697 1
8698 1
8699 10
8700 1
8701 1
8702 10
8703 1
8704 1
8705 1
8706 1
8707 10
8708 1
8709 10
8710 10
8711 0
8712 0
8713 0
8714 1
8715 1
8716 1
8717 1
8718 1
8719 0
8720 0
8721 0
8722 1
8723 0
8724 10
8725 0
8726 0
8727 10
8728 10
8729 10
8730 10
8731 10
8732 10
8733 0
8734 1
8735 1
8736 10
8737 17
8738 10
8739 10
8740 0
8741 1
8742 1
8743 1
8744 16
8745 16
8746 10
8747 16
8748 16
8749 16
8750 10
8751 10
8752 16
8753 0
8754 0
8755 10
8756 10
8757 10
8758 10
8759 10
8760 0
8761 1
8762 1
8763 1
8764 1
8765 17
8766 17
8767 1
8768 0
8769 0
8770 0
8771 0
8772 0
8773 1
8774 1
8775 1
8776 1
8777 1
8778 1
8779 1
8780 10
8781 10
8782 10
8783 0
8784 10
8785 0
8786 10
8787 1
8788 1
8789 1
8790 1
8791 1
8792 1
8793 10
8794 1
8795 1
8796 1
8797 1
8798 1
8799 10
8800 1
8801 1
8802 0
8803 10
8804 10
8805 10
8806 10
8807 0
8808 1
8809 10
8810 10
8811 10
8812 10
8813 1
8814 1
8815 1
8816 1
8817 10
8818 10
8819 10
8820 1
8821 1
8822 1
8823 1
8824 1
8825 10
8826 10
8827 10
8828 1
8829 10
8830 10
8831 10
8832 1
8833 10
8834 1
8835 10
8836 10
8837 10
8838 10
8839 1
8840 10
8841 1
8842 1
8843 10
network of communities computed : Thu Jan  7 08:45:59 2010

network : 18 nodes, 128 links, 286224652 weight.
pass number 1 of -1 : 0.101314 0.101303
pass number 2 of -1 : 0.101314 0.101314
communities computed : Thu Jan  7 08:45:59 2010
modularity increased from 0.101303 to 0.101314
0 2
1 8
2 8
3 8
4 3
5 0
6 1
7 1
8 1
9 2
10 3
11 4
12 5
13 6
14 7
15 8
16 3
17 9
network of communities computed : Thu Jan  7 08:45:59 2010

network : 10 nodes, 52 links, 286224652 weight.
pass number 1 of -1 : 0.101314 0.101314
communities computed : Thu Jan  7 08:45:59 2010
modularity increased from 0.101314 to 0.101314
0 0
1 1
2 2
3 3
4 4
5 5
6 6
7 7
8 8
9 9
network of communities computed : Thu Jan  7 08:45:59 2010
1e-06 0.101314 326
