Sender: LSF System <lsfadmin@bc01-n14>
Subject: Job 429323: <comm_pct18> Done

Job <comm_pct18> was submitted from host <bc10-n13> by user <jabloche> in cluster <lucky>.
Job was executed on host(s) <bc01-n14>, in queue <week>, as user <jabloche> in cluster <lucky>.
</afs/isis.unc.edu/home/j/a/jabloche> was used as the home directory.
</netscr/jabloche/FirmNetworks/cLouvain> was used as the working directory.
Started at Thu Jan  7 08:40:32 2010
Results reported at Thu Jan  7 08:46:03 2010

Your job looked like:

------------------------------------------------------------
# LSBATCH: User input
/netscr/jabloche/FirmNetworks/cLouvain/community /smallfs/jabloche/fn_edge/el_pct18.bin -l -1 -w
------------------------------------------------------------

Successfully completed.

Resource usage summary:

    CPU time   :    197.55 sec.
    Max Memory :       279 MB
    Max Swap   :       428 MB

    Max Processes  :         4
    Max Threads    :         4

The output (if any) follows:

Your home directory for this job is /netscr/jabloche
start : Thu Jan  7 08:40:33 2010
total : 17892032
file read : Thu Jan  7 08:42:45 2010
network : 9118 nodes, 17892032 links, 282768000 weight.
pass number 1 of -1 : 0.0866896 -0.000207457
pass number 2 of -1 : 0.093395 0.0866896
pass number 3 of -1 : 0.0937687 0.093395
pass number 4 of -1 : 0.0938408 0.0937687
pass number 5 of -1 : 0.0938905 0.0938408
pass number 6 of -1 : 0.0939182 0.0938905
pass number 7 of -1 : 0.0939213 0.0939182
pass number 8 of -1 : 0.0939224 0.0939213
pass number 9 of -1 : 0.0939242 0.0939224
pass number 10 of -1 : 0.0939258 0.0939242
pass number 11 of -1 : 0.0939262 0.0939258
communities computed : Thu Jan  7 08:46:02 2010
modularity increased from -0.000207457 to 0.0939262
0 0
1 14
2 0
3 3
4 0
5 0
6 0
7 3
8 3
9 0
10 3
11 0
12 3
13 0
14 3
15 0
16 0
17 3
18 0
19 14
20 0
21 0
22 0
23 0
24 14
25 0
26 0
27 0
28 0
29 0
30 0
31 3
32 3
33 0
34 3
35 0
36 0
37 0
38 0
39 0
40 0
41 0
42 0
43 0
44 3
45 0
46 3
47 0
48 0
49 0
50 3
51 3
52 3
53 0
54 0
55 0
56 3
57 0
58 3
59 3
60 3
61 3
62 3
63 0
64 0
65 0
66 0
67 0
68 0
69 0
70 0
71 0
72 0
73 0
74 0
75 0
76 0
77 0
78 0
79 0
80 3
81 0
82 3
83 14
84 0
85 0
86 0
87 0
88 0
89 0
90 0
91 0
92 0
93 0
94 0
95 0
96 3
97 14
98 14
99 0
100 0
101 0
102 3
103 0
104 0
105 14
106 0
107 0
108 14
109 0
110 3
111 0
112 14
113 0
114 0
115 14
116 0
117 3
118 14
119 14
120 0
121 0
122 0
123 3
124 0
125 14
126 0
127 14
128 0
129 3
130 14
131 0
132 0
133 3
134 3
135 3
136 3
137 0
138 3
139 3
140 0
141 3
142 0
143 0
144 0
145 3
146 3
147 3
148 3
149 0
150 0
151 0
152 3
153 0
154 0
155 0
156 0
157 0
158 0
159 0
160 0
161 0
162 0
163 14
164 3
165 3
166 3
167 3
168 3
169 3
170 14
171 0
172 3
173 0
174 3
175 0
176 0
177 3
178 0
179 3
180 0
181 0
182 3
183 0
184 0
185 3
186 0
187 3
188 0
189 0
190 14
191 14
192 3
193 14
194 0
195 0
196 0
197 0
198 3
199 3
200 0
201 14
202 14
203 3
204 14
205 0
206 3
207 14
208 0
209 3
210 3
211 0
212 3
213 14
214 3
215 14
216 14
217 3
218 0
219 0
220 14
221 14
222 3
223 0
224 14
225 0
226 3
227 3
228 0
229 3
230 0
231 0
232 0
233 0
234 3
235 3
236 14
237 3
238 0
239 3
240 14
241 3
242 14
243 3
244 0
245 14
246 0
247 0
248 14
249 14
250 0
251 3
252 3
253 0
254 3
255 0
256 0
257 0
258 0
259 3
260 3
261 14
262 3
263 3
264 0
265 14
266 0
267 0
268 14
269 14
270 3
271 0
272 0
273 0
274 0
275 0
276 0
277 0
278 0
279 14
280 3
281 3
282 14
283 3
284 14
285 14
286 0
287 0
288 0
289 14
290 0
291 3
292 0
293 0
294 0
295 3
296 0
297 0
298 0
299 0
300 0
301 0
302 3
303 0
304 0
305 14
306 0
307 0
308 0
309 3
310 0
311 3
312 3
313 0
314 0
315 14
316 0
317 0
318 3
319 0
320 3
321 0
322 3
323 0
324 14
325 0
326 14
327 3
328 14
329 3
330 0
331 0
332 3
333 14
334 0
335 0
336 14
337 14
338 0
339 0
340 0
341 3
342 3
343 0
344 0
345 0
346 14
347 3
348 0
349 14
350 0
351 0
352 3
353 14
354 14
355 14
356 3
357 0
358 3
359 3
360 3
361 0
362 3
363 3
364 3
365 0
366 0
367 3
368 14
369 3
370 14
371 3
372 3
373 3
374 14
375 3
376 0
377 3
378 3
379 0
380 3
381 14
382 3
383 0
384 14
385 0
386 14
387 14
388 3
389 0
390 3
391 0
392 0
393 0
394 3
395 3
396 0
397 3
398 0
399 0
400 14
401 0
402 0
403 14
404 0
405 0
406 3
407 14
408 0
409 0
410 0
411 0
412 0
413 0
414 0
415 0
416 0
417 0
418 0
419 3
420 0
421 0
422 14
423 0
424 0
425 3
426 14
427 0
428 0
429 3
430 14
431 14
432 0
433 0
434 0
435 14
436 0
437 0
438 3
439 3
440 14
441 0
442 0
443 0
444 0
445 0
446 0
447 0
448 0
449 3
450 0
451 0
452 14
453 0
454 0
455 0
456 14
457 0
458 14
459 3
460 0
461 3
462 0
463 0
464 0
465 0
466 0
467 0
468 14
469 0
470 0
471 14
472 0
473 0
474 0
475 0
476 14
477 0
478 0
479 14
480 0
481 0
482 3
483 3
484 14
485 0
486 0
487 0
488 0
489 0
490 0
491 0
492 3
493 0
494 0
495 0
496 3
497 3
498 0
499 3
500 14
501 0
502 0
503 0
504 3
505 0
506 0
507 0
508 0
509 0
510 3
511 0
512 0
513 0
514 0
515 0
516 0
517 0
518 3
519 0
520 3
521 3
522 3
523 3
524 3
525 3
526 0
527 14
528 14
529 14
530 14
531 14
532 14
533 14
534 14
535 14
536 0
537 14
538 14
539 14
540 14
541 14
542 14
543 14
544 14
545 14
546 14
547 14
548 14
549 14
550 14
551 14
552 14
553 14
554 14
555 14
556 14
557 0
558 14
559 14
560 0
561 14
562 14
563 14
564 14
565 14
566 14
567 14
568 14
569 14
570 14
571 0
572 14
573 14
574 14
575 14
576 0
577 14
578 14
579 14
580 14
581 14
582 14
583 14
584 14
585 14
586 14
587 14
588 14
589 14
590 14
591 3
592 0
593 14
594 14
595 14
596 14
597 14
598 14
599 3
600 14
601 0
602 14
603 0
604 14
605 14
606 0
607 14
608 14
609 14
610 3
611 3
612 14
613 14
614 14
615 14
616 14
617 14
618 14
619 14
620 14
621 14
622 14
623 14
624 14
625 14
626 14
627 14
628 14
629 14
630 14
631 14
632 14
633 3
634 14
635 14
636 14
637 14
638 14
639 14
640 14
641 14
642 14
643 14
644 0
645 14
646 14
647 14
648 14
649 14
650 14
651 14
652 14
653 14
654 14
655 14
656 14
657 14
658 14
659 14
660 14
661 14
662 0
663 14
664 14
665 14
666 14
667 14
668 14
669 14
670 14
671 14
672 3
673 14
674 14
675 14
676 14
677 3
678 0
679 14
680 14
681 0
682 14
683 14
684 0
685 14
686 14
687 0
688 0
689 0
690 0
691 0
692 0
693 3
694 0
695 0
696 0
697 0
698 14
699 0
700 0
701 3
702 0
703 0
704 3
705 0
706 3
707 0
708 0
709 3
710 0
711 0
712 3
713 0
714 3
715 3
716 0
717 0
718 0
719 3
720 14
721 0
722 0
723 3
724 0
725 0
726 3
727 0
728 0
729 3
730 0
731 3
732 0
733 0
734 0
735 0
736 0
737 0
738 0
739 0
740 0
741 0
742 0
743 14
744 3
745 3
746 0
747 0
748 0
749 0
750 0
751 0
752 0
753 3
754 3
755 0
756 0
757 3
758 0
759 0
760 0
761 0
762 0
763 3
764 0
765 0
766 0
767 3
768 0
769 3
770 0
771 3
772 3
773 0
774 0
775 0
776 3
777 0
778 0
779 0
780 3
781 0
782 14
783 0
784 0
785 3
786 0
787 0
788 0
789 0
790 0
791 0
792 0
793 0
794 0
795 0
796 3
797 0
798 0
799 0
800 0
801 0
802 0
803 0
804 0
805 0
806 3
807 0
808 0
809 14
810 0
811 0
812 0
813 3
814 0
815 0
816 0
817 0
818 0
819 0
820 3
821 0
822 0
823 0
824 0
825 0
826 0
827 0
828 0
829 0
830 0
831 0
832 0
833 0
834 0
835 0
836 0
837 3
838 0
839 0
840 0
841 0
842 0
843 0
844 3
845 0
846 0
847 3
848 3
849 0
850 0
851 0
852 3
853 3
854 0
855 0
856 0
857 3
858 0
859 0
860 3
861 0
862 0
863 0
864 0
865 0
866 0
867 3
868 0
869 3
870 0
871 0
872 3
873 0
874 0
875 0
876 0
877 0
878 0
879 0
880 0
881 0
882 0
883 0
884 0
885 3
886 0
887 0
888 0
889 0
890 0
891 0
892 0
893 0
894 3
895 0
896 0
897 0
898 0
899 3
900 3
901 3
902 3
903 3
904 3
905 3
906 3
907 3
908 3
909 3
910 3
911 3
912 3
913 3
914 3
915 3
916 3
917 3
918 3
919 3
920 3
921 3
922 3
923 3
924 0
925 0
926 0
927 0
928 0
929 0
930 0
931 0
932 3
933 0
934 0
935 0
936 14
937 0
938 3
939 0
940 0
941 3
942 3
943 0
944 3
945 0
946 0
947 0
948 0
949 0
950 0
951 0
952 0
953 0
954 0
955 0
956 0
957 0
958 0
959 0
960 3
961 0
962 0
963 0
964 3
965 0
966 3
967 0
968 0
969 0
970 3
971 3
972 0
973 0
974 3
975 0
976 0
977 3
978 0
979 0
980 0
981 0
982 3
983 0
984 0
985 0
986 0
987 3
988 0
989 0
990 0
991 0
992 3
993 3
994 3
995 0
996 0
997 0
998 3
999 0
1000 3
1001 0
1002 0
1003 0
1004 0
1005 0
1006 0
1007 0
1008 0
1009 0
1010 0
1011 0
1012 0
1013 0
1014 0
1015 0
1016 0
1017 0
1018 0
1019 0
1020 0
1021 3
1022 0
1023 3
1024 0
1025 0
1026 0
1027 14
1028 0
1029 0
1030 0
1031 3
1032 0
1033 0
1034 3
1035 0
1036 3
1037 0
1038 0
1039 0
1040 0
1041 0
1042 3
1043 3
1044 0
1045 0
1046 3
1047 3
1048 3
1049 0
1050 0
1051 0
1052 0
1053 14
1054 0
1055 0
1056 0
1057 0
1058 0
1059 0
1060 0
1061 0
1062 3
1063 0
1064 0
1065 0
1066 3
1067 3
1068 3
1069 3
1070 3
1071 3
1072 0
1073 0
1074 0
1075 0
1076 0
1077 3
1078 0
1079 0
1080 0
1081 0
1082 0
1083 0
1084 0
1085 0
1086 0
1087 0
1088 0
1089 0
1090 3
1091 0
1092 0
1093 0
1094 0
1095 3
1096 3
1097 3
1098 0
1099 3
1100 0
1101 3
1102 0
1103 0
1104 0
1105 3
1106 0
1107 0
1108 0
1109 0
1110 0
1111 0
1112 0
1113 0
1114 0
1115 3
1116 3
1117 0
1118 0
1119 3
1120 3
1121 14
1122 0
1123 0
1124 3
1125 0
1126 0
1127 0
1128 0
1129 0
1130 0
1131 0
1132 0
1133 0
1134 3
1135 3
1136 0
1137 0
1138 14
1139 0
1140 3
1141 0
1142 0
1143 0
1144 14
1145 0
1146 3
1147 0
1148 0
1149 3
1150 3
1151 0
1152 0
1153 0
1154 0
1155 0
1156 3
1157 3
1158 3
1159 0
1160 0
1161 0
1162 0
1163 0
1164 0
1165 0
1166 0
1167 0
1168 0
1169 0
1170 0
1171 0
1172 0
1173 0
1174 0
1175 0
1176 0
1177 0
1178 3
1179 0
1180 3
1181 3
1182 3
1183 3
1184 0
1185 0
1186 0
1187 0
1188 0
1189 0
1190 0
1191 0
1192 14
1193 14
1194 0
1195 0
1196 0
1197 0
1198 0
1199 0
1200 0
1201 0
1202 0
1203 0
1204 0
1205 0
1206 0
1207 0
1208 3
1209 0
1210 0
1211 0
1212 3
1213 0
1214 0
1215 0
1216 3
1217 3
1218 0
1219 0
1220 0
1221 0
1222 3
1223 0
1224 3
1225 0
1226 3
1227 0
1228 0
1229 14
1230 3
1231 0
1232 3
1233 0
1234 0
1235 0
1236 0
1237 3
1238 0
1239 4
1240 4
1241 0
1242 0
1243 14
1244 14
1245 3
1246 14
1247 0
1248 14
1249 0
1250 14
1251 14
1252 0
1253 0
1254 14
1255 0
1256 0
1257 0
1258 0
1259 14
1260 14
1261 3
1262 0
1263 0
1264 0
1265 0
1266 0
1267 14
1268 14
1269 3
1270 0
1271 0
1272 3
1273 0
1274 0
1275 0
1276 0
1277 14
1278 3
1279 14
1280 0
1281 3
1282 14
1283 14
1284 0
1285 0
1286 0
1287 0
1288 0
1289 0
1290 0
1291 0
1292 3
1293 14
1294 14
1295 0
1296 0
1297 14
1298 0
1299 14
1300 0
1301 0
1302 3
1303 3
1304 14
1305 3
1306 0
1307 3
1308 14
1309 0
1310 0
1311 0
1312 0
1313 3
1314 0
1315 0
1316 0
1317 14
1318 14
1319 0
1320 14
1321 0
1322 0
1323 14
1324 3
1325 0
1326 3
1327 0
1328 3
1329 3
1330 0
1331 0
1332 14
1333 0
1334 0
1335 0
1336 0
1337 3
1338 14
1339 3
1340 0
1341 14
1342 0
1343 0
1344 3
1345 3
1346 14
1347 3
1348 14
1349 0
1350 14
1351 14
1352 14
1353 3
1354 3
1355 14
1356 0
1357 0
1358 0
1359 3
1360 0
1361 3
1362 3
1363 14
1364 14
1365 0
1366 14
1367 0
1368 0
1369 14
1370 0
1371 14
1372 14
1373 0
1374 0
1375 0
1376 0
1377 14
1378 3
1379 3
1380 3
1381 0
1382 0
1383 0
1384 14
1385 3
1386 0
1387 14
1388 0
1389 14
1390 0
1391 14
1392 0
1393 3
1394 0
1395 0
1396 3
1397 0
1398 0
1399 0
1400 0
1401 14
1402 14
1403 0
1404 14
1405 14
1406 0
1407 14
1408 0
1409 0
1410 14
1411 0
1412 0
1413 14
1414 3
1415 0
1416 0
1417 0
1418 0
1419 0
1420 0
1421 3
1422 3
1423 0
1424 14
1425 3
1426 3
1427 3
1428 0
1429 14
1430 0
1431 14
1432 3
1433 0
1434 0
1435 14
1436 14
1437 0
1438 3
1439 0
1440 0
1441 0
1442 0
1443 0
1444 0
1445 14
1446 0
1447 3
1448 14
1449 0
1450 14
1451 14
1452 0
1453 0
1454 14
1455 3
1456 0
1457 14
1458 14
1459 0
1460 0
1461 0
1462 14
1463 14
1464 14
1465 14
1466 0
1467 0
1468 0
1469 14
1470 0
1471 0
1472 14
1473 14
1474 14
1475 0
1476 0
1477 3
1478 14
1479 0
1480 0
1481 14
1482 3
1483 3
1484 14
1485 0
1486 14
1487 0
1488 14
1489 3
1490 14
1491 0
1492 0
1493 14
1494 0
1495 14
1496 0
1497 3
1498 0
1499 0
1500 14
1501 14
1502 14
1503 0
1504 14
1505 0
1506 14
1507 14
1508 0
1509 0
1510 3
1511 14
1512 14
1513 14
1514 14
1515 0
1516 14
1517 0
1518 0
1519 3
1520 3
1521 14
1522 3
1523 0
1524 0
1525 14
1526 0
1527 14
1528 14
1529 14
1530 14
1531 3
1532 0
1533 3
1534 14
1535 0
1536 14
1537 14
1538 3
1539 14
1540 0
1541 0
1542 3
1543 3
1544 0
1545 0
1546 14
1547 3
1548 14
1549 0
1550 0
1551 0
1552 3
1553 0
1554 14
1555 0
1556 3
1557 0
1558 14
1559 0
1560 14
1561 0
1562 14
1563 14
1564 3
1565 0
1566 0
1567 14
1568 14
1569 3
1570 14
1571 0
1572 14
1573 14
1574 0
1575 0
1576 14
1577 14
1578 0
1579 0
1580 14
1581 3
1582 14
1583 0
1584 3
1585 3
1586 0
1587 14
1588 14
1589 0
1590 3
1591 0
1592 0
1593 3
1594 3
1595 0
1596 14
1597 3
1598 0
1599 0
1600 3
1601 0
1602 0
1603 0
1604 3
1605 0
1606 0
1607 0
1608 0
1609 0
1610 3
1611 0
1612 0
1613 3
1614 0
1615 0
1616 3
1617 0
1618 0
1619 0
1620 0
1621 3
1622 0
1623 0
1624 0
1625 3
1626 0
1627 0
1628 0
1629 3
1630 0
1631 0
1632 3
1633 0
1634 0
1635 14
1636 14
1637 0
1638 14
1639 14
1640 3
1641 0
1642 14
1643 3
1644 0
1645 0
1646 14
1647 14
1648 14
1649 14
1650 0
1651 0
1652 3
1653 0
1654 14
1655 0
1656 0
1657 14
1658 0
1659 0
1660 0
1661 3
1662 3
1663 0
1664 14
1665 3
1666 0
1667 14
1668 3
1669 14
1670 3
1671 3
1672 3
1673 3
1674 3
1675 3
1676 0
1677 3
1678 3
1679 0
1680 0
1681 0
1682 3
1683 0
1684 0
1685 0
1686 14
1687 3
1688 0
1689 0
1690 14
1691 0
1692 0
1693 0
1694 14
1695 0
1696 0
1697 0
1698 0
1699 0
1700 0
1701 0
1702 0
1703 0
1704 0
1705 0
1706 0
1707 0
1708 0
1709 0
1710 3
1711 0
1712 14
1713 0
1714 3
1715 14
1716 0
1717 0
1718 0
1719 3
1720 0
1721 0
1722 0
1723 0
1724 14
1725 0
1726 3
1727 14
1728 14
1729 14
1730 14
1731 0
1732 3
1733 14
1734 14
1735 14
1736 3
1737 3
1738 14
1739 0
1740 14
1741 0
1742 0
1743 0
1744 14
1745 0
1746 3
1747 3
1748 0
1749 14
1750 3
1751 0
1752 6
1753 0
1754 3
1755 0
1756 14
1757 0
1758 0
1759 0
1760 0
1761 14
1762 14
1763 0
1764 0
1765 0
1766 3
1767 3
1768 0
1769 0
1770 3
1771 3
1772 0
1773 3
1774 3
1775 3
1776 14
1777 0
1778 3
1779 0
1780 0
1781 0
1782 0
1783 14
1784 14
1785 14
1786 14
1787 14
1788 14
1789 14
1790 3
1791 14
1792 14
1793 14
1794 14
1795 0
1796 14
1797 14
1798 14
1799 14
1800 0
1801 14
1802 14
1803 14
1804 3
1805 3
1806 14
1807 3
1808 14
1809 0
1810 0
1811 14
1812 3
1813 0
1814 14
1815 14
1816 0
1817 0
1818 14
1819 14
1820 14
1821 14
1822 14
1823 14
1824 3
1825 3
1826 0
1827 0
1828 0
1829 14
1830 14
1831 14
1832 14
1833 14
1834 14
1835 0
1836 14
1837 14
1838 3
1839 0
1840 14
1841 3
1842 14
1843 14
1844 14
1845 14
1846 14
1847 3
1848 14
1849 14
1850 0
1851 14
1852 14
1853 14
1854 14
1855 14
1856 14
1857 3
1858 3
1859 3
1860 14
1861 3
1862 0
1863 14
1864 14
1865 3
1866 14
1867 3
1868 3
1869 3
1870 3
1871 14
1872 14
1873 14
1874 14
1875 14
1876 14
1877 3
1878 14
1879 14
1880 14
1881 14
1882 14
1883 14
1884 14
1885 14
1886 14
1887 0
1888 14
1889 3
1890 14
1891 14
1892 0
1893 3
1894 3
1895 3
1896 3
1897 3
1898 14
1899 14
1900 0
1901 0
1902 14
1903 14
1904 14
1905 14
1906 3
1907 3
1908 3
1909 3
1910 14
1911 14
1912 0
1913 3
1914 14
1915 14
1916 14
1917 14
1918 14
1919 3
1920 14
1921 3
1922 14
1923 14
1924 14
1925 0
1926 14
1927 14
1928 14
1929 14
1930 14
1931 0
1932 14
1933 14
1934 14
1935 3
1936 14
1937 14
1938 3
1939 14
1940 14
1941 14
1942 14
1943 14
1944 3
1945 3
1946 3
1947 14
1948 0
1949 0
1950 0
1951 14
1952 0
1953 3
1954 0
1955 0
1956 14
1957 0
1958 14
1959 14
1960 0
1961 14
1962 0
1963 3
1964 14
1965 3
1966 3
1967 0
1968 0
1969 14
1970 0
1971 0
1972 14
1973 0
1974 3
1975 0
1976 14
1977 0
1978 3
1979 0
1980 0
1981 14
1982 3
1983 0
1984 0
1985 0
1986 0
1987 14
1988 0
1989 3
1990 0
1991 0
1992 0
1993 14
1994 3
1995 0
1996 3
1997 0
1998 0
1999 0
2000 0
2001 3
2002 3
2003 14
2004 0
2005 14
2006 14
2007 3
2008 3
2009 14
2010 0
2011 0
2012 14
2013 0
2014 0
2015 14
2016 3
2017 14
2018 3
2019 14
2020 3
2021 14
2022 0
2023 0
2024 0
2025 14
2026 0
2027 0
2028 0
2029 0
2030 3
2031 14
2032 0
2033 14
2034 3
2035 0
2036 0
2037 0
2038 14
2039 14
2040 0
2041 0
2042 0
2043 14
2044 14
2045 0
2046 14
2047 0
2048 0
2049 0
2050 3
2051 0
2052 3
2053 14
2054 14
2055 0
2056 14
2057 3
2058 0
2059 14
2060 0
2061 0
2062 14
2063 3
2064 3
2065 14
2066 14
2067 3
2068 0
2069 14
2070 3
2071 0
2072 0
2073 0
2074 14
2075 0
2076 14
2077 0
2078 14
2079 0
2080 0
2081 0
2082 0
2083 14
2084 3
2085 14
2086 0
2087 0
2088 14
2089 0
2090 0
2091 0
2092 14
2093 14
2094 0
2095 3
2096 14
2097 3
2098 3
2099 14
2100 3
2101 0
2102 14
2103 0
2104 3
2105 0
2106 14
2107 3
2108 0
2109 0
2110 14
2111 3
2112 3
2113 14
2114 0
2115 3
2116 0
2117 14
2118 14
2119 14
2120 3
2121 0
2122 3
2123 3
2124 0
2125 0
2126 14
2127 0
2128 14
2129 14
2130 0
2131 0
2132 0
2133 14
2134 14
2135 0
2136 14
2137 14
2138 3
2139 3
2140 0
2141 0
2142 0
2143 0
2144 3
2145 0
2146 14
2147 14
2148 14
2149 0
2150 3
2151 14
2152 3
2153 0
2154 0
2155 14
2156 14
2157 3
2158 14
2159 0
2160 14
2161 14
2162 0
2163 0
2164 0
2165 0
2166 0
2167 0
2168 0
2169 3
2170 0
2171 0
2172 14
2173 0
2174 0
2175 3
2176 3
2177 14
2178 3
2179 3
2180 0
2181 3
2182 3
2183 14
2184 14
2185 3
2186 0
2187 3
2188 0
2189 14
2190 0
2191 0
2192 0
2193 0
2194 0
2195 14
2196 0
2197 0
2198 14
2199 0
2200 3
2201 3
2202 14
2203 14
2204 14
2205 14
2206 14
2207 14
2208 0
2209 14
2210 0
2211 0
2212 14
2213 14
2214 0
2215 0
2216 3
2217 0
2218 0
2219 0
2220 0
2221 14
2222 0
2223 14
2224 14
2225 14
2226 14
2227 0
2228 0
2229 14
2230 14
2231 0
2232 0
2233 0
2234 0
2235 14
2236 0
2237 0
2238 0
2239 14
2240 0
2241 0
2242 14
2243 14
2244 14
2245 0
2246 0
2247 14
2248 0
2249 3
2250 14
2251 0
2252 14
2253 0
2254 0
2255 0
2256 0
2257 14
2258 0
2259 14
2260 0
2261 14
2262 14
2263 14
2264 14
2265 0
2266 14
2267 0
2268 0
2269 3
2270 3
2271 14
2272 0
2273 0
2274 0
2275 0
2276 3
2277 14
2278 14
2279 14
2280 3
2281 14
2282 0
2283 14
2284 14
2285 3
2286 3
2287 14
2288 3
2289 14
2290 0
2291 3
2292 0
2293 0
2294 0
2295 14
2296 0
2297 0
2298 0
2299 0
2300 3
2301 0
2302 3
2303 14
2304 0
2305 3
2306 14
2307 0
2308 3
2309 3
2310 3
2311 14
2312 14
2313 0
2314 0
2315 0
2316 14
2317 0
2318 0
2319 0
2320 0
2321 14
2322 0
2323 14
2324 3
2325 14
2326 14
2327 0
2328 0
2329 14
2330 14
2331 14
2332 14
2333 0
2334 0
2335 14
2336 14
2337 0
2338 14
2339 0
2340 14
2341 14
2342 0
2343 0
2344 14
2345 14
2346 0
2347 14
2348 14
2349 14
2350 0
2351 3
2352 14
2353 14
2354 14
2355 14
2356 14
2357 3
2358 0
2359 0
2360 14
2361 14
2362 0
2363 14
2364 0
2365 14
2366 0
2367 0
2368 14
2369 14
2370 0
2371 14
2372 0
2373 14
2374 3
2375 0
2376 0
2377 0
2378 14
2379 0
2380 14
2381 14
2382 14
2383 0
2384 14
2385 0
2386 3
2387 0
2388 14
2389 14
2390 0
2391 0
2392 0
2393 14
2394 14
2395 0
2396 0
2397 0
2398 0
2399 14
2400 3
2401 0
2402 0
2403 0
2404 0
2405 14
2406 0
2407 0
2408 0
2409 14
2410 14
2411 3
2412 14
2413 3
2414 0
2415 3
2416 14
2417 0
2418 14
2419 3
2420 0
2421 14
2422 14
2423 0
2424 3
2425 14
2426 3
2427 0
2428 14
2429 0
2430 14
2431 0
2432 0
2433 3
2434 3
2435 0
2436 0
2437 14
2438 3
2439 3
2440 14
2441 3
2442 0
2443 0
2444 0
2445 14
2446 0
2447 0
2448 3
2449 0
2450 14
2451 14
2452 0
2453 0
2454 0
2455 0
2456 14
2457 3
2458 0
2459 14
2460 0
2461 0
2462 0
2463 0
2464 0
2465 0
2466 0
2467 0
2468 3
2469 0
2470 0
2471 14
2472 0
2473 0
2474 14
2475 0
2476 0
2477 14
2478 14
2479 0
2480 14
2481 0
2482 0
2483 0
2484 0
2485 14
2486 3
2487 0
2488 14
2489 14
2490 0
2491 0
2492 3
2493 0
2494 0
2495 14
2496 14
2497 0
2498 14
2499 14
2500 14
2501 3
2502 0
2503 3
2504 14
2505 0
2506 0
2507 0
2508 3
2509 0
2510 14
2511 0
2512 0
2513 3
2514 14
2515 0
2516 0
2517 0
2518 0
2519 14
2520 14
2521 14
2522 0
2523 0
2524 0
2525 3
2526 0
2527 0
2528 3
2529 0
2530 14
2531 14
2532 3
2533 3
2534 0
2535 0
2536 14
2537 14
2538 0
2539 0
2540 0
2541 14
2542 0
2543 0
2544 14
2545 3
2546 0
2547 0
2548 0
2549 0
2550 14
2551 14
2552 0
2553 0
2554 0
2555 3
2556 0
2557 14
2558 14
2559 14
2560 14
2561 3
2562 14
2563 0
2564 0
2565 14
2566 0
2567 3
2568 3
2569 0
2570 0
2571 0
2572 0
2573 0
2574 14
2575 14
2576 14
2577 0
2578 14
2579 14
2580 0
2581 3
2582 14
2583 14
2584 0
2585 0
2586 0
2587 14
2588 14
2589 14
2590 14
2591 14
2592 14
2593 14
2594 0
2595 0
2596 14
2597 0
2598 0
2599 14
2600 0
2601 14
2602 14
2603 0
2604 14
2605 3
2606 0
2607 3
2608 3
2609 14
2610 0
2611 0
2612 14
2613 14
2614 0
2615 14
2616 14
2617 3
2618 3
2619 14
2620 14
2621 0
2622 0
2623 0
2624 0
2625 0
2626 0
2627 0
2628 14
2629 3
2630 0
2631 0
2632 14
2633 0
2634 3
2635 14
2636 0
2637 3
2638 14
2639 0
2640 0
2641 0
2642 0
2643 0
2644 14
2645 0
2646 14
2647 14
2648 0
2649 14
2650 3
2651 0
2652 14
2653 3
2654 14
2655 0
2656 14
2657 14
2658 3
2659 14
2660 3
2661 14
2662 0
2663 0
2664 0
2665 3
2666 0
2667 0
2668 0
2669 14
2670 0
2671 0
2672 0
2673 14
2674 14
2675 14
2676 14
2677 0
2678 3
2679 0
2680 0
2681 0
2682 0
2683 0
2684 0
2685 0
2686 14
2687 3
2688 14
2689 0
2690 3
2691 14
2692 0
2693 0
2694 0
2695 3
2696 0
2697 0
2698 0
2699 14
2700 0
2701 3
2702 14
2703 0
2704 0
2705 3
2706 14
2707 14
2708 0
2709 14
2710 0
2711 3
2712 14
2713 0
2714 14
2715 0
2716 3
2717 0
2718 0
2719 0
2720 0
2721 0
2722 0
2723 0
2724 0
2725 14
2726 6
2727 3
2728 14
2729 14
2730 0
2731 14
2732 0
2733 3
2734 0
2735 14
2736 14
2737 0
2738 14
2739 0
2740 3
2741 3
2742 3
2743 3
2744 0
2745 3
2746 14
2747 3
2748 3
2749 0
2750 6
2751 3
2752 3
2753 3
2754 0
2755 3
2756 0
2757 3
2758 3
2759 0
2760 3
2761 3
2762 3
2763 3
2764 3
2765 3
2766 3
2767 14
2768 14
2769 14
2770 3
2771 0
2772 14
2773 3
2774 14
2775 3
2776 0
2777 3
2778 14
2779 14
2780 3
2781 3
2782 3
2783 3
2784 14
2785 3
2786 3
2787 3
2788 14
2789 3
2790 14
2791 3
2792 0
2793 0
2794 14
2795 3
2796 3
2797 14
2798 14
2799 14
2800 14
2801 3
2802 3
2803 3
2804 3
2805 3
2806 3
2807 3
2808 3
2809 3
2810 3
2811 14
2812 14
2813 14
2814 0
2815 0
2816 14
2817 14
2818 0
2819 0
2820 3
2821 0
2822 3
2823 14
2824 3
2825 3
2826 3
2827 3
2828 3
2829 3
2830 14
2831 14
2832 0
2833 3
2834 3
2835 3
2836 0
2837 14
2838 0
2839 14
2840 14
2841 0
2842 3
2843 3
2844 3
2845 14
2846 3
2847 3
2848 3
2849 3
2850 3
2851 3
2852 3
2853 14
2854 3
2855 3
2856 14
2857 14
2858 14
2859 0
2860 3
2861 14
2862 3
2863 0
2864 14
2865 14
2866 14
2867 0
2868 3
2869 3
2870 0
2871 0
2872 0
2873 0
2874 0
2875 0
2876 14
2877 0
2878 0
2879 14
2880 0
2881 0
2882 14
2883 0
2884 0
2885 0
2886 0
2887 0
2888 0
2889 0
2890 0
2891 14
2892 3
2893 14
2894 0
2895 14
2896 14
2897 0
2898 0
2899 0
2900 0
2901 14
2902 0
2903 3
2904 0
2905 0
2906 0
2907 0
2908 0
2909 0
2910 6
2911 14
2912 3
2913 0
2914 6
2915 3
2916 0
2917 14
2918 3
2919 6
2920 0
2921 0
2922 14
2923 3
2924 0
2925 0
2926 14
2927 0
2928 0
2929 0
2930 14
2931 14
2932 3
2933 0
2934 0
2935 0
2936 3
2937 0
2938 0
2939 14
2940 0
2941 0
2942 0
2943 0
2944 0
2945 14
2946 0
2947 0
2948 6
2949 3
2950 0
2951 0
2952 0
2953 3
2954 0
2955 14
2956 0
2957 0
2958 14
2959 3
2960 14
2961 0
2962 14
2963 0
2964 0
2965 0
2966 0
2967 0
2968 3
2969 3
2970 3
2971 0
2972 6
2973 0
2974 0
2975 0
2976 0
2977 6
2978 14
2979 0
2980 0
2981 0
2982 0
2983 0
2984 0
2985 3
2986 3
2987 0
2988 0
2989 0
2990 0
2991 0
2992 0
2993 0
2994 14
2995 3
2996 0
2997 3
2998 14
2999 14
3000 3
3001 3
3002 0
3003 14
3004 14
3005 14
3006 3
3007 14
3008 0
3009 0
3010 0
3011 0
3012 0
3013 14
3014 3
3015 3
3016 3
3017 14
3018 0
3019 0
3020 3
3021 3
3022 3
3023 0
3024 0
3025 0
3026 14
3027 0
3028 3
3029 14
3030 14
3031 0
3032 0
3033 0
3034 0
3035 0
3036 0
3037 14
3038 0
3039 0
3040 14
3041 3
3042 3
3043 14
3044 14
3045 3
3046 0
3047 0
3048 14
3049 14
3050 14
3051 0
3052 3
3053 3
3054 14
3055 3
3056 14
3057 0
3058 0
3059 14
3060 3
3061 0
3062 0
3063 14
3064 14
3065 3
3066 3
3067 0
3068 14
3069 0
3070 14
3071 3
3072 14
3073 14
3074 3
3075 3
3076 3
3077 3
3078 3
3079 3
3080 3
3081 3
3082 3
3083 14
3084 3
3085 3
3086 14
3087 14
3088 0
3089 14
3090 14
3091 14
3092 3
3093 14
3094 14
3095 3
3096 3
3097 14
3098 3
3099 0
3100 0
3101 14
3102 0
3103 3
3104 3
3105 4
3106 3
3107 3
3108 0
3109 14
3110 3
3111 0
3112 3
3113 0
3114 3
3115 3
3116 3
3117 14
3118 0
3119 3
3120 3
3121 3
3122 14
3123 0
3124 3
3125 14
3126 3
3127 3
3128 0
3129 0
3130 3
3131 3
3132 3
3133 3
3134 0
3135 0
3136 0
3137 3
3138 14
3139 14
3140 3
3141 14
3142 14
3143 14
3144 0
3145 14
3146 14
3147 0
3148 3
3149 3
3150 14
3151 0
3152 0
3153 0
3154 0
3155 3
3156 3
3157 0
3158 0
3159 14
3160 14
3161 0
3162 14
3163 3
3164 14
3165 3
3166 3
3167 0
3168 14
3169 3
3170 14
3171 0
3172 14
3173 3
3174 0
3175 0
3176 0
3177 3
3178 3
3179 14
3180 14
3181 0
3182 0
3183 0
3184 3
3185 14
3186 14
3187 3
3188 3
3189 3
3190 14
3191 14
3192 3
3193 0
3194 0
3195 0
3196 14
3197 14
3198 0
3199 3
3200 0
3201 14
3202 0
3203 3
3204 14
3205 0
3206 0
3207 14
3208 14
3209 0
3210 0
3211 3
3212 14
3213 0
3214 14
3215 14
3216 3
3217 14
3218 14
3219 14
3220 14
3221 0
3222 14
3223 0
3224 0
3225 0
3226 3
3227 3
3228 14
3229 0
3230 14
3231 14
3232 0
3233 0
3234 0
3235 3
3236 14
3237 14
3238 14
3239 0
3240 3
3241 14
3242 0
3243 14
3244 14
3245 3
3246 0
3247 0
3248 14
3249 0
3250 0
3251 3
3252 0
3253 14
3254 3
3255 14
3256 3
3257 14
3258 0
3259 0
3260 3
3261 0
3262 3
3263 3
3264 3
3265 3
3266 3
3267 3
3268 3
3269 3
3270 3
3271 3
3272 14
3273 14
3274 0
3275 14
3276 14
3277 14
3278 14
3279 14
3280 14
3281 14
3282 14
3283 14
3284 3
3285 14
3286 14
3287 3
3288 14
3289 0
3290 3
3291 3
3292 0
3293 14
3294 3
3295 0
3296 14
3297 14
3298 14
3299 0
3300 3
3301 0
3302 14
3303 14
3304 14
3305 14
3306 14
3307 3
3308 3
3309 14
3310 14
3311 14
3312 14
3313 14
3314 14
3315 0
3316 14
3317 14
3318 0
3319 14
3320 0
3321 14
3322 0
3323 0
3324 0
3325 14
3326 14
3327 0
3328 14
3329 3
3330 14
3331 0
3332 14
3333 3
3334 3
3335 3
3336 3
3337 0
3338 3
3339 0
3340 14
3341 14
3342 14
3343 14
3344 0
3345 0
3346 3
3347 14
3348 3
3349 3
3350 3
3351 0
3352 3
3353 3
3354 3
3355 3
3356 0
3357 0
3358 3
3359 0
3360 14
3361 0
3362 14
3363 14
3364 14
3365 14
3366 0
3367 0
3368 14
3369 14
3370 0
3371 0
3372 3
3373 14
3374 0
3375 0
3376 3
3377 14
3378 3
3379 0
3380 14
3381 3
3382 14
3383 14
3384 14
3385 3
3386 0
3387 14
3388 3
3389 3
3390 14
3391 3
3392 14
3393 3
3394 3
3395 3
3396 3
3397 3
3398 3
3399 3
3400 14
3401 0
3402 14
3403 3
3404 0
3405 14
3406 14
3407 3
3408 14
3409 14
3410 3
3411 3
3412 14
3413 14
3414 0
3415 0
3416 0
3417 14
3418 0
3419 14
3420 14
3421 3
3422 14
3423 0
3424 0
3425 14
3426 0
3427 0
3428 3
3429 3
3430 3
3431 3
3432 3
3433 3
3434 3
3435 14
3436 14
3437 3
3438 0
3439 14
3440 14
3441 3
3442 0
3443 14
3444 14
3445 3
3446 14
3447 14
3448 0
3449 14
3450 3
3451 14
3452 14
3453 14
3454 3
3455 14
3456 14
3457 0
3458 14
3459 14
3460 14
3461 0
3462 14
3463 14
3464 0
3465 0
3466 14
3467 0
3468 14
3469 14
3470 3
3471 14
3472 14
3473 14
3474 14
3475 0
3476 14
3477 0
3478 3
3479 3
3480 0
3481 14
3482 3
3483 14
3484 14
3485 3
3486 14
3487 14
3488 14
3489 14
3490 14
3491 14
3492 14
3493 14
3494 14
3495 3
3496 3
3497 3
3498 3
3499 14
3500 14
3501 14
3502 14
3503 3
3504 0
3505 14
3506 0
3507 14
3508 0
3509 14
3510 14
3511 0
3512 3
3513 0
3514 14
3515 0
3516 3
3517 3
3518 14
3519 14
3520 0
3521 0
3522 14
3523 3
3524 0
3525 14
3526 14
3527 0
3528 0
3529 0
3530 3
3531 3
3532 14
3533 0
3534 3
3535 0
3536 14
3537 0
3538 3
3539 0
3540 0
3541 0
3542 14
3543 3
3544 0
3545 0
3546 14
3547 14
3548 3
3549 0
3550 14
3551 0
3552 0
3553 14
3554 14
3555 14
3556 0
3557 0
3558 0
3559 14
3560 14
3561 0
3562 0
3563 3
3564 14
3565 14
3566 3
3567 3
3568 14
3569 0
3570 14
3571 14
3572 0
3573 14
3574 14
3575 3
3576 0
3577 14
3578 14
3579 3
3580 14
3581 14
3582 14
3583 14
3584 0
3585 0
3586 0
3587 0
3588 14
3589 0
3590 14
3591 3
3592 0
3593 14
3594 14
3595 0
3596 0
3597 14
3598 3
3599 0
3600 0
3601 3
3602 14
3603 14
3604 14
3605 14
3606 14
3607 3
3608 3
3609 0
3610 14
3611 14
3612 14
3613 3
3614 3
3615 3
3616 0
3617 0
3618 3
3619 14
3620 3
3621 0
3622 0
3623 14
3624 14
3625 14
3626 14
3627 14
3628 14
3629 0
3630 0
3631 0
3632 0
3633 14
3634 14
3635 14
3636 0
3637 3
3638 14
3639 14
3640 14
3641 3
3642 3
3643 3
3644 3
3645 3
3646 3
3647 3
3648 3
3649 3
3650 3
3651 3
3652 3
3653 3
3654 3
3655 3
3656 3
3657 3
3658 3
3659 3
3660 3
3661 3
3662 3
3663 3
3664 3
3665 3
3666 3
3667 3
3668 3
3669 3
3670 3
3671 3
3672 3
3673 3
3674 3
3675 3
3676 3
3677 3
3678 3
3679 3
3680 3
3681 3
3682 3
3683 3
3684 3
3685 3
3686 3
3687 3
3688 3
3689 3
3690 3
3691 3
3692 3
3693 0
3694 3
3695 0
3696 3
3697 3
3698 14
3699 0
3700 14
3701 14
3702 0
3703 3
3704 14
3705 14
3706 14
3707 14
3708 14
3709 3
3710 0
3711 14
3712 14
3713 14
3714 14
3715 0
3716 14
3717 0
3718 3
3719 14
3720 14
3721 14
3722 14
3723 14
3724 14
3725 14
3726 14
3727 3
3728 14
3729 14
3730 3
3731 14
3732 0
3733 14
3734 14
3735 0
3736 0
3737 14
3738 14
3739 0
3740 3
3741 3
3742 14
3743 14
3744 0
3745 14
3746 14
3747 0
3748 14
3749 14
3750 0
3751 3
3752 3
3753 14
3754 14
3755 14
3756 3
3757 0
3758 0
3759 0
3760 14
3761 0
3762 14
3763 14
3764 14
3765 14
3766 0
3767 3
3768 0
3769 0
3770 14
3771 0
3772 3
3773 3
3774 14
3775 0
3776 14
3777 14
3778 14
3779 14
3780 0
3781 0
3782 0
3783 3
3784 14
3785 3
3786 3
3787 0
3788 0
3789 0
3790 3
3791 0
3792 14
3793 0
3794 0
3795 14
3796 0
3797 3
3798 14
3799 14
3800 14
3801 3
3802 3
3803 14
3804 0
3805 0
3806 0
3807 14
3808 0
3809 3
3810 14
3811 0
3812 14
3813 14
3814 14
3815 14
3816 14
3817 0
3818 14
3819 3
3820 0
3821 3
3822 3
3823 0
3824 14
3825 14
3826 3
3827 14
3828 14
3829 3
3830 14
3831 14
3832 3
3833 0
3834 3
3835 3
3836 3
3837 0
3838 3
3839 3
3840 3
3841 3
3842 14
3843 0
3844 0
3845 14
3846 14
3847 14
3848 14
3849 14
3850 3
3851 14
3852 0
3853 0
3854 14
3855 0
3856 0
3857 0
3858 0
3859 3
3860 14
3861 3
3862 0
3863 14
3864 0
3865 3
3866 14
3867 0
3868 14
3869 0
3870 14
3871 14
3872 0
3873 0
3874 3
3875 3
3876 3
3877 14
3878 14
3879 14
3880 14
3881 14
3882 14
3883 14
3884 14
3885 14
3886 3
3887 0
3888 14
3889 14
3890 3
3891 3
3892 3
3893 14
3894 0
3895 14
3896 3
3897 3
3898 3
3899 3
3900 14
3901 14
3902 14
3903 0
3904 14
3905 3
3906 3
3907 3
3908 3
3909 3
3910 3
3911 3
3912 3
3913 3
3914 3
3915 3
3916 3
3917 3
3918 3
3919 14
3920 0
3921 0
3922 0
3923 14
3924 3
3925 3
3926 3
3927 3
3928 3
3929 3
3930 14
3931 3
3932 14
3933 14
3934 3
3935 3
3936 3
3937 3
3938 0
3939 14
3940 14
3941 14
3942 0
3943 0
3944 0
3945 3
3946 3
3947 14
3948 0
3949 14
3950 14
3951 14
3952 14
3953 14
3954 14
3955 3
3956 0
3957 0
3958 0
3959 14
3960 0
3961 14
3962 14
3963 14
3964 0
3965 3
3966 14
3967 3
3968 3
3969 3
3970 3
3971 0
3972 3
3973 3
3974 14
3975 14
3976 3
3977 3
3978 14
3979 0
3980 0
3981 14
3982 14
3983 0
3984 3
3985 14
3986 14
3987 0
3988 14
3989 14
3990 14
3991 14
3992 0
3993 14
3994 14
3995 14
3996 0
3997 0
3998 14
3999 14
4000 0
4001 0
4002 3
4003 14
4004 0
4005 14
4006 3
4007 0
4008 14
4009 0
4010 14
4011 0
4012 0
4013 14
4014 14
4015 14
4016 14
4017 0
4018 0
4019 14
4020 0
4021 14
4022 0
4023 14
4024 14
4025 14
4026 14
4027 14
4028 14
4029 0
4030 14
4031 14
4032 14
4033 14
4034 0
4035 0
4036 0
4037 3
4038 14
4039 14
4040 3
4041 3
4042 3
4043 14
4044 14
4045 14
4046 14
4047 3
4048 0
4049 14
4050 0
4051 14
4052 14
4053 14
4054 14
4055 14
4056 14
4057 0
4058 0
4059 3
4060 3
4061 14
4062 3
4063 0
4064 0
4065 14
4066 14
4067 3
4068 0
4069 0
4070 0
4071 3
4072 3
4073 3
4074 3
4075 3
4076 14
4077 3
4078 0
4079 0
4080 3
4081 14
4082 0
4083 0
4084 14
4085 14
4086 3
4087 0
4088 3
4089 14
4090 3
4091 0
4092 14
4093 3
4094 14
4095 3
4096 14
4097 14
4098 14
4099 14
4100 14
4101 3
4102 3
4103 14
4104 0
4105 0
4106 14
4107 14
4108 14
4109 14
4110 14
4111 14
4112 14
4113 0
4114 3
4115 0
4116 0
4117 14
4118 0
4119 0
4120 14
4121 3
4122 14
4123 14
4124 3
4125 3
4126 3
4127 0
4128 3
4129 3
4130 3
4131 0
4132 0
4133 0
4134 0
4135 14
4136 0
4137 14
4138 3
4139 0
4140 0
4141 14
4142 0
4143 0
4144 3
4145 0
4146 14
4147 14
4148 14
4149 14
4150 14
4151 14
4152 14
4153 0
4154 0
4155 14
4156 14
4157 14
4158 14
4159 14
4160 14
4161 3
4162 3
4163 0
4164 14
4165 0
4166 14
4167 3
4168 14
4169 3
4170 0
4171 3
4172 0
4173 14
4174 3
4175 3
4176 3
4177 3
4178 0
4179 0
4180 14
4181 14
4182 14
4183 3
4184 0
4185 3
4186 3
4187 0
4188 3
4189 3
4190 3
4191 3
4192 14
4193 3
4194 14
4195 3
4196 3
4197 3
4198 0
4199 3
4200 14
4201 14
4202 14
4203 3
4204 3
4205 3
4206 0
4207 0
4208 14
4209 14
4210 3
4211 0
4212 0
4213 3
4214 3
4215 0
4216 14
4217 14
4218 3
4219 0
4220 3
4221 0
4222 3
4223 3
4224 0
4225 3
4226 0
4227 14
4228 3
4229 0
4230 6
4231 14
4232 0
4233 14
4234 0
4235 3
4236 6
4237 3
4238 3
4239 14
4240 3
4241 0
4242 0
4243 0
4244 3
4245 0
4246 3
4247 14
4248 0
4249 3
4250 0
4251 0
4252 14
4253 0
4254 14
4255 14
4256 0
4257 0
4258 14
4259 3
4260 14
4261 14
4262 14
4263 14
4264 0
4265 3
4266 3
4267 3
4268 0
4269 3
4270 0
4271 0
4272 14
4273 0
4274 3
4275 0
4276 14
4277 0
4278 14
4279 14
4280 14
4281 0
4282 14
4283 14
4284 0
4285 3
4286 14
4287 14
4288 14
4289 14
4290 14
4291 6
4292 14
4293 3
4294 0
4295 3
4296 14
4297 14
4298 3
4299 14
4300 0
4301 0
4302 0
4303 0
4304 0
4305 0
4306 3
4307 0
4308 14
4309 14
4310 0
4311 14
4312 3
4313 3
4314 3
4315 3
4316 14
4317 0
4318 3
4319 0
4320 0
4321 3
4322 0
4323 0
4324 0
4325 9
4326 14
4327 0
4328 14
4329 3
4330 14
4331 14
4332 0
4333 0
4334 0
4335 14
4336 3
4337 14
4338 3
4339 14
4340 3
4341 14
4342 14
4343 3
4344 3
4345 3
4346 0
4347 14
4348 3
4349 0
4350 3
4351 3
4352 0
4353 14
4354 0
4355 0
4356 3
4357 14
4358 3
4359 3
4360 0
4361 3
4362 3
4363 14
4364 3
4365 3
4366 0
4367 14
4368 3
4369 0
4370 6
4371 3
4372 6
4373 14
4374 14
4375 14
4376 14
4377 3
4378 14
4379 0
4380 6
4381 12
4382 14
4383 0
4384 14
4385 3
4386 3
4387 14
4388 3
4389 3
4390 3
4391 3
4392 3
4393 3
4394 3
4395 3
4396 14
4397 6
4398 14
4399 3
4400 10
4401 6
4402 3
4403 3
4404 6
4405 3
4406 3
4407 3
4408 3
4409 3
4410 3
4411 0
4412 3
4413 14
4414 14
4415 14
4416 0
4417 3
4418 3
4419 14
4420 14
4421 14
4422 14
4423 14
4424 14
4425 14
4426 3
4427 0
4428 0
4429 14
4430 0
4431 0
4432 14
4433 14
4434 14
4435 14
4436 0
4437 0
4438 5
4439 0
4440 14
4441 14
4442 14
4443 14
4444 0
4445 3
4446 14
4447 14
4448 3
4449 0
4450 3
4451 14
4452 0
4453 14
4454 14
4455 14
4456 3
4457 3
4458 6
4459 0
4460 14
4461 3
4462 14
4463 3
4464 14
4465 0
4466 14
4467 14
4468 14
4469 14
4470 14
4471 3
4472 3
4473 3
4474 0
4475 14
4476 14
4477 0
4478 3
4479 3
4480 0
4481 0
4482 3
4483 14
4484 3
4485 3
4486 3
4487 3
4488 3
4489 3
4490 0
4491 3
4492 14
4493 0
4494 14
4495 14
4496 3
4497 14
4498 14
4499 3
4500 14
4501 14
4502 14
4503 14
4504 0
4505 0
4506 14
4507 14
4508 14
4509 14
4510 14
4511 0
4512 14
4513 14
4514 14
4515 14
4516 14
4517 0
4518 14
4519 0
4520 3
4521 3
4522 3
4523 14
4524 14
4525 14
4526 14
4527 14
4528 14
4529 14
4530 14
4531 3
4532 14
4533 14
4534 14
4535 14
4536 3
4537 0
4538 0
4539 0
4540 0
4541 0
4542 0
4543 3
4544 14
4545 14
4546 3
4547 3
4548 3
4549 3
4550 0
4551 14
4552 14
4553 0
4554 0
4555 3
4556 14
4557 0
4558 14
4559 3
4560 3
4561 0
4562 3
4563 14
4564 3
4565 14
4566 0
4567 14
4568 3
4569 14
4570 3
4571 3
4572 3
4573 3
4574 14
4575 0
4576 3
4577 0
4578 14
4579 3
4580 14
4581 14
4582 0
4583 14
4584 14
4585 0
4586 14
4587 14
4588 3
4589 0
4590 14
4591 14
4592 14
4593 14
4594 3
4595 14
4596 3
4597 0
4598 0
4599 14
4600 3
4601 14
4602 14
4603 0
4604 3
4605 0
4606 3
4607 3
4608 3
4609 14
4610 14
4611 3
4612 0
4613 14
4614 3
4615 3
4616 14
4617 3
4618 14
4619 14
4620 14
4621 0
4622 3
4623 6
4624 3
4625 0
4626 14
4627 5
4628 3
4629 5
4630 3
4631 0
4632 3
4633 3
4634 3
4635 3
4636 14
4637 3
4638 3
4639 3
4640 3
4641 3
4642 0
4643 14
4644 3
4645 3
4646 0
4647 14
4648 14
4649 14
4650 3
4651 14
4652 1
4653 1
4654 14
4655 14
4656 0
4657 14
4658 14
4659 0
4660 1
4661 14
4662 0
4663 14
4664 14
4665 14
4666 3
4667 3
4668 3
4669 3
4670 3
4671 3
4672 3
4673 14
4674 14
4675 3
4676 0
4677 14
4678 14
4679 14
4680 3
4681 3
4682 3
4683 14
4684 14
4685 14
4686 3
4687 3
4688 3
4689 3
4690 3
4691 3
4692 3
4693 3
4694 3
4695 3
4696 3
4697 14
4698 3
4699 14
4700 3
4701 3
4702 3
4703 3
4704 14
4705 3
4706 3
4707 3
4708 0
4709 14
4710 3
4711 3
4712 3
4713 3
4714 3
4715 3
4716 14
4717 3
4718 3
4719 3
4720 3
4721 3
4722 3
4723 3
4724 3
4725 3
4726 3
4727 3
4728 3
4729 3
4730 3
4731 3
4732 3
4733 3
4734 3
4735 14
4736 14
4737 3
4738 3
4739 3
4740 14
4741 3
4742 3
4743 14
4744 14
4745 3
4746 14
4747 14
4748 3
4749 3
4750 3
4751 14
4752 3
4753 3
4754 3
4755 3
4756 3
4757 3
4758 3
4759 3
4760 0
4761 6
4762 3
4763 6
4764 6
4765 6
4766 0
4767 3
4768 6
4769 0
4770 3
4771 0
4772 0
4773 3
4774 3
4775 14
4776 6
4777 0
4778 14
4779 14
4780 3
4781 14
4782 14
4783 3
4784 3
4785 3
4786 0
4787 14
4788 3
4789 3
4790 0
4791 3
4792 3
4793 3
4794 3
4795 14
4796 0
4797 3
4798 3
4799 3
4800 14
4801 3
4802 3
4803 3
4804 3
4805 2
4806 2
4807 14
4808 2
4809 14
4810 2
4811 2
4812 14
4813 14
4814 2
4815 2
4816 2
4817 3
4818 0
4819 3
4820 14
4821 3
4822 2
4823 0
4824 3
4825 2
4826 3
4827 3
4828 3
4829 0
4830 14
4831 14
4832 3
4833 14
4834 0
4835 14
4836 14
4837 0
4838 14
4839 14
4840 14
4841 0
4842 0
4843 3
4844 0
4845 14
4846 14
4847 3
4848 0
4849 0
4850 14
4851 3
4852 14
4853 3
4854 3
4855 3
4856 14
4857 0
4858 0
4859 3
4860 14
4861 14
4862 14
4863 14
4864 14
4865 14
4866 14
4867 14
4868 14
4869 14
4870 14
4871 14
4872 14
4873 14
4874 3
4875 14
4876 14
4877 14
4878 3
4879 0
4880 0
4881 14
4882 0
4883 3
4884 3
4885 0
4886 3
4887 0
4888 0
4889 14
4890 0
4891 14
4892 14
4893 3
4894 14
4895 3
4896 0
4897 14
4898 3
4899 14
4900 0
4901 14
4902 0
4903 3
4904 3
4905 14
4906 3
4907 14
4908 3
4909 0
4910 14
4911 0
4912 14
4913 14
4914 14
4915 3
4916 3
4917 0
4918 3
4919 14
4920 0
4921 3
4922 3
4923 3
4924 14
4925 14
4926 14
4927 14
4928 14
4929 14
4930 14
4931 14
4932 3
4933 14
4934 14
4935 3
4936 3
4937 3
4938 3
4939 3
4940 3
4941 3
4942 0
4943 3
4944 14
4945 3
4946 3
4947 14
4948 3
4949 3
4950 3
4951 0
4952 3
4953 3
4954 0
4955 3
4956 3
4957 3
4958 3
4959 3
4960 3
4961 3
4962 3
4963 3
4964 3
4965 14
4966 3
4967 3
4968 0
4969 0
4970 3
4971 3
4972 14
4973 3
4974 3
4975 3
4976 3
4977 14
4978 3
4979 3
4980 14
4981 0
4982 14
4983 0
4984 14
4985 14
4986 14
4987 0
4988 14
4989 14
4990 0
4991 3
4992 3
4993 3
4994 14
4995 0
4996 0
4997 0
4998 0
4999 0
5000 3
5001 0
5002 3
5003 0
5004 0
5005 3
5006 3
5007 0
5008 3
5009 0
5010 3
5011 14
5012 14
5013 14
5014 0
5015 14
5016 3
5017 14
5018 14
5019 14
5020 3
5021 3
5022 0
5023 14
5024 14
5025 0
5026 14
5027 14
5028 14
5029 14
5030 0
5031 0
5032 14
5033 14
5034 3
5035 14
5036 14
5037 14
5038 14
5039 14
5040 14
5041 0
5042 0
5043 3
5044 14
5045 14
5046 14
5047 14
5048 3
5049 3
5050 14
5051 14
5052 14
5053 3
5054 3
5055 14
5056 14
5057 14
5058 14
5059 14
5060 14
5061 14
5062 3
5063 3
5064 6
5065 0
5066 14
5067 0
5068 3
5069 0
5070 3
5071 14
5072 14
5073 14
5074 14
5075 14
5076 14
5077 14
5078 0
5079 14
5080 0
5081 14
5082 14
5083 14
5084 14
5085 3
5086 3
5087 3
5088 3
5089 3
5090 0
5091 3
5092 3
5093 3
5094 3
5095 0
5096 3
5097 3
5098 3
5099 14
5100 14
5101 14
5102 3
5103 0
5104 3
5105 3
5106 14
5107 0
5108 0
5109 0
5110 14
5111 14
5112 0
5113 3
5114 3
5115 3
5116 3
5117 0
5118 0
5119 14
5120 14
5121 14
5122 14
5123 14
5124 14
5125 0
5126 14
5127 3
5128 14
5129 14
5130 14
5131 14
5132 14
5133 14
5134 0
5135 14
5136 14
5137 14
5138 14
5139 14
5140 14
5141 14
5142 14
5143 3
5144 14
5145 14
5146 14
5147 14
5148 14
5149 14
5150 14
5151 0
5152 14
5153 0
5154 14
5155 0
5156 14
5157 0
5158 14
5159 14
5160 14
5161 14
5162 14
5163 3
5164 14
5165 14
5166 9
5167 14
5168 14
5169 14
5170 14
5171 0
5172 14
5173 3
5174 0
5175 14
5176 3
5177 14
5178 14
5179 14
5180 14
5181 3
5182 14
5183 14
5184 14
5185 14
5186 14
5187 14
5188 0
5189 0
5190 14
5191 0
5192 14
5193 0
5194 14
5195 14
5196 14
5197 14
5198 14
5199 14
5200 14
5201 14
5202 0
5203 0
5204 14
5205 14
5206 14
5207 14
5208 14
5209 14
5210 14
5211 14
5212 0
5213 14
5214 14
5215 14
5216 14
5217 14
5218 14
5219 14
5220 0
5221 14
5222 14
5223 0
5224 14
5225 3
5226 0
5227 14
5228 14
5229 14
5230 14
5231 14
5232 0
5233 14
5234 14
5235 0
5236 14
5237 0
5238 3
5239 14
5240 14
5241 14
5242 14
5243 0
5244 14
5245 14
5246 14
5247 14
5248 14
5249 14
5250 14
5251 3
5252 14
5253 14
5254 14
5255 0
5256 0
5257 14
5258 10
5259 0
5260 14
5261 3
5262 14
5263 0
5264 14
5265 14
5266 14
5267 14
5268 14
5269 14
5270 14
5271 14
5272 14
5273 14
5274 14
5275 14
5276 14
5277 14
5278 14
5279 14
5280 14
5281 14
5282 14
5283 14
5284 14
5285 14
5286 14
5287 14
5288 14
5289 14
5290 0
5291 14
5292 14
5293 14
5294 14
5295 0
5296 0
5297 14
5298 14
5299 3
5300 14
5301 14
5302 0
5303 14
5304 0
5305 14
5306 14
5307 14
5308 14
5309 14
5310 14
5311 14
5312 3
5313 14
5314 14
5315 14
5316 0
5317 14
5318 0
5319 3
5320 14
5321 14
5322 3
5323 14
5324 14
5325 14
5326 14
5327 14
5328 14
5329 3
5330 14
5331 14
5332 14
5333 14
5334 14
5335 14
5336 14
5337 0
5338 14
5339 14
5340 14
5341 14
5342 14
5343 14
5344 14
5345 14
5346 0
5347 3
5348 3
5349 3
5350 0
5351 14
5352 14
5353 3
5354 3
5355 0
5356 0
5357 0
5358 3
5359 14
5360 14
5361 3
5362 0
5363 14
5364 14
5365 14
5366 14
5367 3
5368 14
5369 14
5370 14
5371 14
5372 14
5373 0
5374 14
5375 0
5376 14
5377 14
5378 14
5379 0
5380 14
5381 14
5382 14
5383 14
5384 14
5385 14
5386 14
5387 14
5388 0
5389 14
5390 14
5391 14
5392 14
5393 0
5394 14
5395 14
5396 14
5397 14
5398 14
5399 14
5400 14
5401 14
5402 14
5403 14
5404 14
5405 14
5406 14
5407 14
5408 14
5409 14
5410 14
5411 14
5412 3
5413 14
5414 14
5415 14
5416 3
5417 14
5418 3
5419 3
5420 0
5421 6
5422 0
5423 6
5424 6
5425 14
5426 14
5427 14
5428 14
5429 0
5430 0
5431 3
5432 14
5433 14
5434 14
5435 0
5436 0
5437 14
5438 0
5439 3
5440 14
5441 0
5442 14
5443 14
5444 3
5445 3
5446 3
5447 14
5448 0
5449 3
5450 3
5451 3
5452 3
5453 3
5454 14
5455 14
5456 17
5457 0
5458 14
5459 3
5460 14
5461 14
5462 14
5463 14
5464 0
5465 14
5466 0
5467 14
5468 14
5469 14
5470 3
5471 3
5472 3
5473 3
5474 3
5475 14
5476 0
5477 3
5478 3
5479 3
5480 3
5481 14
5482 3
5483 14
5484 3
5485 3
5486 3
5487 3
5488 3
5489 14
5490 0
5491 0
5492 14
5493 14
5494 3
5495 14
5496 0
5497 14
5498 14
5499 0
5500 3
5501 3
5502 3
5503 3
5504 3
5505 3
5506 3
5507 3
5508 3
5509 3
5510 3
5511 3
5512 0
5513 14
5514 14
5515 14
5516 14
5517 14
5518 0
5519 0
5520 14
5521 14
5522 0
5523 3
5524 14
5525 3
5526 3
5527 14
5528 0
5529 14
5530 3
5531 0
5532 3
5533 3
5534 14
5535 3
5536 3
5537 3
5538 3
5539 14
5540 3
5541 0
5542 0
5543 3
5544 3
5545 3
5546 14
5547 14
5548 14
5549 3
5550 14
5551 0
5552 14
5553 14
5554 14
5555 14
5556 0
5557 14
5558 14
5559 0
5560 3
5561 14
5562 14
5563 0
5564 0
5565 14
5566 14
5567 14
5568 14
5569 14
5570 3
5571 14
5572 3
5573 14
5574 3
5575 14
5576 14
5577 3
5578 14
5579 0
5580 3
5581 3
5582 14
5583 3
5584 0
5585 0
5586 3
5587 3
5588 14
5589 14
5590 3
5591 3
5592 3
5593 0
5594 3
5595 3
5596 3
5597 3
5598 14
5599 3
5600 3
5601 3
5602 3
5603 14
5604 14
5605 3
5606 14
5607 14
5608 3
5609 3
5610 0
5611 0
5612 3
5613 14
5614 14
5615 0
5616 14
5617 14
5618 14
5619 14
5620 14
5621 14
5622 3
5623 14
5624 0
5625 0
5626 0
5627 14
5628 0
5629 3
5630 3
5631 3
5632 3
5633 3
5634 0
5635 3
5636 3
5637 3
5638 3
5639 3
5640 3
5641 3
5642 3
5643 3
5644 3
5645 3
5646 3
5647 3
5648 14
5649 14
5650 3
5651 14
5652 3
5653 14
5654 3
5655 14
5656 0
5657 3
5658 14
5659 14
5660 14
5661 14
5662 14
5663 0
5664 14
5665 14
5666 0
5667 3
5668 3
5669 3
5670 3
5671 14
5672 3
5673 14
5674 0
5675 3
5676 3
5677 3
5678 14
5679 0
5680 14
5681 14
5682 3
5683 14
5684 3
5685 0
5686 3
5687 0
5688 14
5689 14
5690 0
5691 3
5692 0
5693 14
5694 14
5695 14
5696 3
5697 3
5698 14
5699 3
5700 14
5701 3
5702 14
5703 14
5704 3
5705 3
5706 0
5707 3
5708 14
5709 14
5710 14
5711 14
5712 14
5713 0
5714 14
5715 3
5716 3
5717 3
5718 3
5719 3
5720 3
5721 14
5722 14
5723 14
5724 14
5725 14
5726 14
5727 3
5728 3
5729 3
5730 3
5731 3
5732 3
5733 14
5734 14
5735 3
5736 3
5737 14
5738 3
5739 0
5740 14
5741 14
5742 3
5743 14
5744 14
5745 14
5746 0
5747 3
5748 14
5749 14
5750 14
5751 14
5752 3
5753 14
5754 14
5755 14
5756 14
5757 14
5758 0
5759 0
5760 3
5761 14
5762 14
5763 3
5764 3
5765 3
5766 3
5767 3
5768 0
5769 0
5770 0
5771 3
5772 3
5773 3
5774 3
5775 0
5776 0
5777 3
5778 14
5779 3
5780 0
5781 14
5782 14
5783 0
5784 0
5785 14
5786 14
5787 14
5788 14
5789 14
5790 14
5791 14
5792 14
5793 14
5794 0
5795 3
5796 0
5797 0
5798 3
5799 3
5800 14
5801 0
5802 3
5803 0
5804 3
5805 3
5806 3
5807 11
5808 0
5809 6
5810 6
5811 3
5812 3
5813 14
5814 14
5815 11
5816 14
5817 14
5818 14
5819 14
5820 14
5821 6
5822 14
5823 14
5824 0
5825 0
5826 3
5827 14
5828 14
5829 14
5830 3
5831 3
5832 14
5833 3
5834 3
5835 3
5836 3
5837 3
5838 14
5839 3
5840 3
5841 0
5842 3
5843 14
5844 0
5845 14
5846 3
5847 3
5848 3
5849 3
5850 14
5851 3
5852 14
5853 3
5854 3
5855 3
5856 0
5857 0
5858 0
5859 0
5860 14
5861 14
5862 3
5863 14
5864 14
5865 3
5866 0
5867 0
5868 14
5869 14
5870 3
5871 14
5872 14
5873 0
5874 0
5875 3
5876 3
5877 0
5878 3
5879 3
5880 0
5881 0
5882 3
5883 0
5884 14
5885 0
5886 14
5887 14
5888 3
5889 3
5890 14
5891 14
5892 14
5893 14
5894 0
5895 14
5896 14
5897 14
5898 0
5899 14
5900 0
5901 6
5902 3
5903 14
5904 3
5905 3
5906 3
5907 14
5908 0
5909 14
5910 0
5911 14
5912 3
5913 3
5914 14
5915 14
5916 14
5917 14
5918 0
5919 4
5920 0
5921 3
5922 3
5923 3
5924 3
5925 0
5926 3
5927 14
5928 14
5929 3
5930 6
5931 5
5932 5
5933 5
5934 5
5935 14
5936 10
5937 5
5938 3
5939 5
5940 5
5941 5
5942 5
5943 5
5944 5
5945 5
5946 5
5947 5
5948 3
5949 3
5950 5
5951 5
5952 5
5953 5
5954 5
5955 5
5956 5
5957 5
5958 5
5959 3
5960 5
5961 3
5962 5
5963 3
5964 5
5965 5
5966 5
5967 5
5968 3
5969 5
5970 5
5971 5
5972 14
5973 14
5974 3
5975 3
5976 0
5977 14
5978 3
5979 3
5980 14
5981 0
5982 14
5983 14
5984 14
5985 0
5986 14
5987 14
5988 0
5989 14
5990 14
5991 14
5992 0
5993 3
5994 14
5995 14
5996 3
5997 3
5998 14
5999 3
6000 3
6001 0
6002 14
6003 14
6004 14
6005 3
6006 3
6007 0
6008 3
6009 0
6010 0
6011 14
6012 14
6013 14
6014 0
6015 14
6016 14
6017 0
6018 0
6019 3
6020 14
6021 14
6022 14
6023 14
6024 3
6025 3
6026 3
6027 14
6028 0
6029 0
6030 14
6031 14
6032 0
6033 3
6034 14
6035 3
6036 14
6037 0
6038 14
6039 0
6040 0
6041 0
6042 0
6043 14
6044 0
6045 14
6046 3
6047 14
6048 14
6049 0
6050 3
6051 14
6052 3
6053 3
6054 0
6055 14
6056 14
6057 3
6058 14
6059 3
6060 0
6061 3
6062 0
6063 0
6064 3
6065 14
6066 3
6067 0
6068 3
6069 0
6070 0
6071 14
6072 14
6073 0
6074 14
6075 3
6076 3
6077 3
6078 3
6079 3
6080 3
6081 3
6082 3
6083 3
6084 3
6085 3
6086 3
6087 3
6088 3
6089 3
6090 3
6091 3
6092 3
6093 3
6094 3
6095 3
6096 3
6097 3
6098 0
6099 14
6100 0
6101 0
6102 14
6103 14
6104 14
6105 3
6106 14
6107 3
6108 0
6109 14
6110 0
6111 0
6112 3
6113 14
6114 14
6115 14
6116 14
6117 3
6118 3
6119 14
6120 14
6121 3
6122 14
6123 14
6124 0
6125 14
6126 0
6127 0
6128 0
6129 3
6130 0
6131 0
6132 3
6133 14
6134 14
6135 0
6136 14
6137 14
6138 14
6139 14
6140 14
6141 14
6142 14
6143 0
6144 0
6145 3
6146 0
6147 14
6148 14
6149 3
6150 3
6151 0
6152 14
6153 0
6154 3
6155 0
6156 14
6157 14
6158 14
6159 3
6160 0
6161 0
6162 14
6163 3
6164 14
6165 3
6166 14
6167 14
6168 3
6169 14
6170 14
6171 0
6172 0
6173 0
6174 14
6175 14
6176 14
6177 14
6178 14
6179 14
6180 0
6181 3
6182 3
6183 14
6184 14
6185 14
6186 3
6187 3
6188 3
6189 0
6190 14
6191 14
6192 14
6193 14
6194 3
6195 0
6196 3
6197 0
6198 14
6199 14
6200 14
6201 0
6202 14
6203 14
6204 0
6205 14
6206 14
6207 14
6208 14
6209 3
6210 14
6211 14
6212 0
6213 14
6214 0
6215 14
6216 0
6217 3
6218 14
6219 0
6220 3
6221 3
6222 3
6223 0
6224 14
6225 3
6226 14
6227 0
6228 0
6229 14
6230 14
6231 14
6232 14
6233 3
6234 0
6235 3
6236 14
6237 14
6238 14
6239 14
6240 3
6241 3
6242 14
6243 3
6244 0
6245 14
6246 14
6247 0
6248 3
6249 0
6250 3
6251 0
6252 3
6253 14
6254 3
6255 14
6256 14
6257 14
6258 0
6259 14
6260 14
6261 0
6262 3
6263 0
6264 0
6265 3
6266 14
6267 14
6268 14
6269 14
6270 14
6271 14
6272 3
6273 0
6274 3
6275 3
6276 3
6277 0
6278 14
6279 14
6280 14
6281 14
6282 0
6283 14
6284 14
6285 14
6286 14
6287 14
6288 14
6289 14
6290 0
6291 3
6292 3
6293 0
6294 14
6295 14
6296 14
6297 3
6298 0
6299 3
6300 14
6301 3
6302 3
6303 14
6304 3
6305 3
6306 14
6307 14
6308 0
6309 14
6310 14
6311 0
6312 0
6313 14
6314 14
6315 14
6316 14
6317 3
6318 3
6319 14
6320 14
6321 3
6322 0
6323 3
6324 3
6325 14
6326 14
6327 14
6328 14
6329 0
6330 14
6331 0
6332 14
6333 14
6334 14
6335 14
6336 14
6337 0
6338 3
6339 3
6340 3
6341 14
6342 14
6343 14
6344 3
6345 14
6346 14
6347 14
6348 14
6349 14
6350 3
6351 14
6352 14
6353 14
6354 3
6355 14
6356 3
6357 14
6358 0
6359 14
6360 14
6361 14
6362 3
6363 3
6364 3
6365 14
6366 3
6367 14
6368 14
6369 14
6370 14
6371 3
6372 3
6373 14
6374 14
6375 0
6376 14
6377 3
6378 0
6379 14
6380 0
6381 3
6382 3
6383 0
6384 0
6385 14
6386 14
6387 14
6388 14
6389 3
6390 14
6391 14
6392 14
6393 14
6394 14
6395 3
6396 3
6397 14
6398 3
6399 14
6400 14
6401 14
6402 14
6403 3
6404 3
6405 3
6406 14
6407 14
6408 3
6409 0
6410 14
6411 3
6412 3
6413 0
6414 14
6415 14
6416 14
6417 14
6418 14
6419 3
6420 14
6421 3
6422 3
6423 3
6424 14
6425 3
6426 0
6427 14
6428 14
6429 0
6430 0
6431 14
6432 14
6433 0
6434 3
6435 3
6436 14
6437 0
6438 14
6439 14
6440 3
6441 3
6442 0
6443 14
6444 14
6445 14
6446 0
6447 14
6448 14
6449 3
6450 0
6451 14
6452 14
6453 0
6454 0
6455 14
6456 14
6457 3
6458 3
6459 14
6460 3
6461 14
6462 0
6463 14
6464 14
6465 0
6466 3
6467 3
6468 3
6469 3
6470 3
6471 3
6472 3
6473 3
6474 3
6475 0
6476 14
6477 14
6478 14
6479 3
6480 3
6481 0
6482 14
6483 14
6484 14
6485 14
6486 14
6487 14
6488 14
6489 14
6490 14
6491 14
6492 14
6493 14
6494 3
6495 3
6496 14
6497 0
6498 3
6499 14
6500 3
6501 3
6502 3
6503 14
6504 3
6505 3
6506 14
6507 14
6508 14
6509 3
6510 14
6511 14
6512 3
6513 3
6514 14
6515 14
6516 0
6517 0
6518 3
6519 3
6520 14
6521 0
6522 14
6523 0
6524 14
6525 14
6526 0
6527 14
6528 3
6529 3
6530 3
6531 3
6532 3
6533 3
6534 3
6535 3
6536 3
6537 3
6538 3
6539 3
6540 3
6541 0
6542 3
6543 3
6544 3
6545 14
6546 14
6547 14
6548 0
6549 3
6550 14
6551 0
6552 3
6553 14
6554 14
6555 3
6556 14
6557 14
6558 14
6559 14
6560 14
6561 14
6562 14
6563 3
6564 14
6565 14
6566 14
6567 3
6568 14
6569 3
6570 0
6571 14
6572 14
6573 3
6574 14
6575 14
6576 3
6577 0
6578 3
6579 14
6580 0
6581 14
6582 3
6583 3
6584 3
6585 3
6586 3
6587 3
6588 3
6589 3
6590 3
6591 3
6592 14
6593 0
6594 3
6595 0
6596 14
6597 14
6598 3
6599 14
6600 3
6601 14
6602 3
6603 3
6604 3
6605 3
6606 0
6607 14
6608 14
6609 0
6610 3
6611 0
6612 3
6613 3
6614 3
6615 14
6616 14
6617 14
6618 14
6619 14
6620 3
6621 14
6622 3
6623 14
6624 14
6625 3
6626 14
6627 14
6628 14
6629 14
6630 3
6631 3
6632 14
6633 0
6634 3
6635 14
6636 14
6637 14
6638 3
6639 3
6640 14
6641 14
6642 14
6643 3
6644 14
6645 3
6646 14
6647 14
6648 0
6649 14
6650 14
6651 14
6652 3
6653 0
6654 14
6655 14
6656 3
6657 3
6658 14
6659 14
6660 0
6661 14
6662 3
6663 3
6664 3
6665 14
6666 0
6667 0
6668 14
6669 0
6670 14
6671 14
6672 14
6673 14
6674 14
6675 14
6676 0
6677 14
6678 14
6679 14
6680 3
6681 14
6682 14
6683 14
6684 0
6685 14
6686 14
6687 0
6688 0
6689 3
6690 0
6691 0
6692 14
6693 0
6694 3
6695 14
6696 14
6697 3
6698 3
6699 3
6700 14
6701 3
6702 0
6703 14
6704 3
6705 3
6706 0
6707 14
6708 0
6709 0
6710 14
6711 14
6712 0
6713 14
6714 14
6715 3
6716 14
6717 14
6718 14
6719 3
6720 14
6721 3
6722 14
6723 3
6724 0
6725 3
6726 3
6727 0
6728 14
6729 3
6730 14
6731 14
6732 14
6733 0
6734 3
6735 0
6736 3
6737 14
6738 14
6739 14
6740 14
6741 3
6742 3
6743 3
6744 3
6745 3
6746 14
6747 14
6748 14
6749 3
6750 0
6751 14
6752 0
6753 14
6754 0
6755 14
6756 14
6757 3
6758 3
6759 0
6760 0
6761 0
6762 0
6763 0
6764 14
6765 14
6766 14
6767 3
6768 3
6769 3
6770 14
6771 14
6772 3
6773 14
6774 0
6775 14
6776 3
6777 3
6778 3
6779 3
6780 3
6781 3
6782 3
6783 3
6784 3
6785 14
6786 14
6787 0
6788 3
6789 3
6790 0
6791 0
6792 3
6793 0
6794 3
6795 3
6796 14
6797 14
6798 14
6799 3
6800 3
6801 14
6802 3
6803 14
6804 3
6805 14
6806 3
6807 3
6808 14
6809 3
6810 0
6811 3
6812 0
6813 3
6814 14
6815 14
6816 6
6817 6
6818 14
6819 14
6820 0
6821 0
6822 6
6823 6
6824 3
6825 3
6826 3
6827 14
6828 0
6829 3
6830 3
6831 3
6832 14
6833 3
6834 14
6835 3
6836 3
6837 14
6838 3
6839 14
6840 14
6841 0
6842 0
6843 0
6844 0
6845 0
6846 7
6847 6
6848 7
6849 0
6850 14
6851 14
6852 3
6853 14
6854 3
6855 14
6856 14
6857 0
6858 0
6859 0
6860 0
6861 0
6862 0
6863 14
6864 14
6865 14
6866 3
6867 0
6868 3
6869 14
6870 0
6871 3
6872 0
6873 14
6874 0
6875 3
6876 3
6877 0
6878 3
6879 14
6880 0
6881 3
6882 3
6883 3
6884 14
6885 14
6886 3
6887 3
6888 14
6889 3
6890 0
6891 3
6892 14
6893 3
6894 3
6895 3
6896 3
6897 14
6898 3
6899 3
6900 3
6901 3
6902 3
6903 3
6904 14
6905 3
6906 0
6907 3
6908 3
6909 3
6910 3
6911 3
6912 3
6913 3
6914 0
6915 3
6916 3
6917 3
6918 3
6919 3
6920 3
6921 14
6922 3
6923 3
6924 0
6925 14
6926 3
6927 14
6928 0
6929 3
6930 3
6931 3
6932 3
6933 3
6934 3
6935 3
6936 14
6937 14
6938 14
6939 3
6940 14
6941 3
6942 3
6943 3
6944 3
6945 3
6946 3
6947 14
6948 3
6949 3
6950 3
6951 3
6952 3
6953 3
6954 3
6955 3
6956 3
6957 3
6958 3
6959 3
6960 3
6961 3
6962 3
6963 3
6964 3
6965 3
6966 3
6967 3
6968 3
6969 3
6970 3
6971 3
6972 3
6973 3
6974 3
6975 3
6976 14
6977 3
6978 3
6979 0
6980 3
6981 3
6982 3
6983 3
6984 3
6985 3
6986 14
6987 14
6988 14
6989 3
6990 3
6991 14
6992 3
6993 0
6994 6
6995 3
6996 3
6997 3
6998 3
6999 3
7000 14
7001 14
7002 14
7003 3
7004 14
7005 3
7006 3
7007 14
7008 14
7009 14
7010 14
7011 14
7012 3
7013 14
7014 14
7015 14
7016 3
7017 0
7018 0
7019 0
7020 14
7021 0
7022 0
7023 0
7024 0
7025 0
7026 0
7027 0
7028 0
7029 14
7030 6
7031 0
7032 14
7033 10
7034 0
7035 0
7036 0
7037 0
7038 14
7039 0
7040 6
7041 0
7042 0
7043 0
7044 0
7045 0
7046 0
7047 0
7048 0
7049 14
7050 3
7051 3
7052 0
7053 6
7054 3
7055 10
7056 3
7057 3
7058 3
7059 3
7060 3
7061 3
7062 0
7063 0
7064 3
7065 14
7066 14
7067 0
7068 14
7069 0
7070 14
7071 0
7072 14
7073 14
7074 14
7075 0
7076 3
7077 3
7078 3
7079 0
7080 3
7081 3
7082 6
7083 3
7084 3
7085 3
7086 3
7087 3
7088 3
7089 3
7090 3
7091 14
7092 14
7093 3
7094 0
7095 14
7096 0
7097 0
7098 3
7099 0
7100 3
7101 3
7102 14
7103 14
7104 14
7105 14
7106 14
7107 14
7108 14
7109 14
7110 9
7111 14
7112 14
7113 14
7114 3
7115 14
7116 14
7117 14
7118 14
7119 14
7120 14
7121 3
7122 0
7123 3
7124 3
7125 14
7126 8
7127 8
7128 8
7129 8
7130 14
7131 3
7132 3
7133 3
7134 3
7135 3
7136 3
7137 3
7138 3
7139 3
7140 0
7141 3
7142 14
7143 14
7144 14
7145 14
7146 11
7147 14
7148 14
7149 14
7150 14
7151 3
7152 14
7153 3
7154 14
7155 14
7156 14
7157 14
7158 14
7159 14
7160 14
7161 14
7162 14
7163 3
7164 14
7165 14
7166 14
7167 14
7168 14
7169 14
7170 14
7171 14
7172 14
7173 14
7174 14
7175 11
7176 3
7177 14
7178 14
7179 14
7180 3
7181 14
7182 14
7183 0
7184 14
7185 3
7186 3
7187 3
7188 14
7189 3
7190 14
7191 14
7192 3
7193 3
7194 14
7195 0
7196 0
7197 6
7198 0
7199 0
7200 3
7201 0
7202 3
7203 14
7204 3
7205 3
7206 0
7207 9
7208 9
7209 9
7210 6
7211 9
7212 9
7213 9
7214 3
7215 9
7216 9
7217 14
7218 9
7219 9
7220 9
7221 9
7222 9
7223 9
7224 9
7225 9
7226 9
7227 9
7228 6
7229 6
7230 9
7231 9
7232 9
7233 9
7234 9
7235 9
7236 9
7237 9
7238 9
7239 9
7240 9
7241 9
7242 9
7243 9
7244 9
7245 9
7246 9
7247 9
7248 9
7249 9
7250 0
7251 0
7252 3
7253 14
7254 0
7255 0
7256 0
7257 14
7258 3
7259 3
7260 14
7261 14
7262 3
7263 14
7264 6
7265 11
7266 3
7267 3
7268 3
7269 3
7270 3
7271 3
7272 11
7273 3
7274 3
7275 3
7276 0
7277 3
7278 14
7279 14
7280 3
7281 3
7282 3
7283 3
7284 3
7285 3
7286 3
7287 3
7288 3
7289 3
7290 3
7291 0
7292 3
7293 3
7294 3
7295 3
7296 3
7297 3
7298 14
7299 14
7300 3
7301 3
7302 14
7303 3
7304 3
7305 3
7306 3
7307 3
7308 3
7309 3
7310 3
7311 3
7312 3
7313 3
7314 3
7315 3
7316 3
7317 3
7318 3
7319 3
7320 3
7321 3
7322 3
7323 3
7324 3
7325 3
7326 3
7327 3
7328 3
7329 3
7330 3
7331 3
7332 3
7333 0
7334 3
7335 3
7336 3
7337 0
7338 0
7339 14
7340 14
7341 14
7342 14
7343 14
7344 14
7345 3
7346 14
7347 14
7348 0
7349 0
7350 3
7351 3
7352 14
7353 3
7354 3
7355 3
7356 0
7357 3
7358 3
7359 3
7360 3
7361 3
7362 14
7363 3
7364 0
7365 0
7366 3
7367 3
7368 3
7369 3
7370 3
7371 3
7372 3
7373 0
7374 14
7375 3
7376 3
7377 3
7378 3
7379 3
7380 0
7381 3
7382 3
7383 3
7384 3
7385 3
7386 3
7387 0
7388 0
7389 0
7390 14
7391 0
7392 0
7393 0
7394 14
7395 14
7396 3
7397 0
7398 14
7399 3
7400 14
7401 14
7402 14
7403 3
7404 3
7405 3
7406 3
7407 3
7408 3
7409 3
7410 3
7411 3
7412 3
7413 3
7414 3
7415 3
7416 3
7417 3
7418 3
7419 3
7420 3
7421 14
7422 3
7423 3
7424 3
7425 3
7426 3
7427 3
7428 3
7429 3
7430 3
7431 14
7432 3
7433 0
7434 14
7435 3
7436 3
7437 14
7438 3
7439 14
7440 14
7441 3
7442 3
7443 0
7444 0
7445 0
7446 3
7447 0
7448 14
7449 14
7450 3
7451 14
7452 3
7453 0
7454 14
7455 14
7456 3
7457 3
7458 14
7459 14
7460 3
7461 3
7462 3
7463 14
7464 3
7465 3
7466 14
7467 3
7468 3
7469 3
7470 10
7471 3
7472 3
7473 3
7474 3
7475 3
7476 3
7477 3
7478 3
7479 3
7480 3
7481 3
7482 3
7483 3
7484 3
7485 3
7486 3
7487 3
7488 3
7489 3
7490 3
7491 3
7492 3
7493 3
7494 3
7495 3
7496 3
7497 3
7498 3
7499 3
7500 14
7501 3
7502 3
7503 3
7504 3
7505 3
7506 3
7507 3
7508 3
7509 3
7510 14
7511 3
7512 14
7513 14
7514 0
7515 3
7516 3
7517 14
7518 3
7519 3
7520 0
7521 3
7522 3
7523 3
7524 3
7525 3
7526 3
7527 14
7528 14
7529 3
7530 3
7531 3
7532 3
7533 14
7534 3
7535 0
7536 11
7537 14
7538 14
7539 14
7540 14
7541 14
7542 14
7543 0
7544 14
7545 0
7546 14
7547 10
7548 14
7549 14
7550 14
7551 14
7552 14
7553 14
7554 14
7555 14
7556 14
7557 14
7558 14
7559 0
7560 3
7561 3
7562 3
7563 14
7564 14
7565 14
7566 3
7567 3
7568 14
7569 0
7570 14
7571 14
7572 11
7573 11
7574 11
7575 11
7576 14
7577 11
7578 11
7579 14
7580 11
7581 11
7582 14
7583 11
7584 11
7585 11
7586 11
7587 11
7588 11
7589 11
7590 11
7591 11
7592 11
7593 11
7594 11
7595 11
7596 11
7597 11
7598 11
7599 11
7600 11
7601 11
7602 11
7603 11
7604 14
7605 14
7606 14
7607 14
7608 14
7609 14
7610 0
7611 3
7612 3
7613 3
7614 3
7615 3
7616 3
7617 3
7618 3
7619 6
7620 14
7621 14
7622 14
7623 12
7624 14
7625 3
7626 0
7627 12
7628 12
7629 12
7630 12
7631 12
7632 12
7633 12
7634 12
7635 12
7636 12
7637 12
7638 6
7639 12
7640 6
7641 14
7642 12
7643 12
7644 12
7645 12
7646 12
7647 12
7648 6
7649 12
7650 12
7651 12
7652 12
7653 12
7654 12
7655 12
7656 12
7657 12
7658 12
7659 14
7660 12
7661 14
7662 12
7663 12
7664 12
7665 12
7666 3
7667 0
7668 3
7669 0
7670 5
7671 14
7672 3
7673 5
7674 5
7675 5
7676 3
7677 14
7678 14
7679 14
7680 0
7681 5
7682 14
7683 14
7684 5
7685 5
7686 5
7687 14
7688 3
7689 5
7690 14
7691 14
7692 14
7693 14
7694 3
7695 5
7696 5
7697 16
7698 14
7699 5
7700 14
7701 14
7702 14
7703 14
7704 14
7705 14
7706 14
7707 14
7708 14
7709 14
7710 5
7711 5
7712 14
7713 14
7714 14
7715 0
7716 3
7717 14
7718 14
7719 13
7720 13
7721 13
7722 10
7723 14
7724 13
7725 6
7726 10
7727 10
7728 13
7729 13
7730 3
7731 14
7732 3
7733 14
7734 14
7735 14
7736 0
7737 14
7738 14
7739 14
7740 14
7741 14
7742 3
7743 0
7744 3
7745 0
7746 6
7747 14
7748 3
7749 0
7750 0
7751 0
7752 14
7753 14
7754 3
7755 14
7756 14
7757 14
7758 6
7759 6
7760 6
7761 6
7762 6
7763 6
7764 6
7765 6
7766 6
7767 6
7768 14
7769 14
7770 14
7771 14
7772 3
7773 6
7774 3
7775 3
7776 3
7777 3
7778 3
7779 0
7780 3
7781 3
7782 0
7783 6
7784 3
7785 3
7786 14
7787 3
7788 3
7789 14
7790 3
7791 3
7792 3
7793 3
7794 14
7795 3
7796 14
7797 3
7798 3
7799 3
7800 3
7801 3
7802 3
7803 3
7804 3
7805 3
7806 3
7807 3
7808 3
7809 3
7810 3
7811 6
7812 3
7813 3
7814 3
7815 3
7816 0
7817 3
7818 3
7819 3
7820 3
7821 3
7822 3
7823 3
7824 14
7825 3
7826 3
7827 14
7828 14
7829 14
7830 3
7831 3
7832 3
7833 14
7834 14
7835 14
7836 3
7837 3
7838 3
7839 3
7840 3
7841 3
7842 3
7843 0
7844 3
7845 3
7846 3
7847 3
7848 3
7849 3
7850 3
7851 3
7852 10
7853 6
7854 10
7855 10
7856 6
7857 10
7858 10
7859 10
7860 10
7861 10
7862 14
7863 10
7864 10
7865 10
7866 10
7867 10
7868 10
7869 10
7870 10
7871 6
7872 10
7873 10
7874 10
7875 14
7876 10
7877 10
7878 10
7879 10
7880 14
7881 10
7882 6
7883 6
7884 10
7885 10
7886 10
7887 10
7888 10
7889 10
7890 3
7891 0
7892 3
7893 3
7894 6
7895 6
7896 6
7897 6
7898 6
7899 6
7900 6
7901 6
7902 6
7903 6
7904 6
7905 6
7906 6
7907 6
7908 6
7909 6
7910 6
7911 6
7912 6
7913 6
7914 6
7915 6
7916 14
7917 6
7918 6
7919 6
7920 6
7921 6
7922 6
7923 6
7924 6
7925 6
7926 6
7927 6
7928 6
7929 6
7930 6
7931 6
7932 14
7933 6
7934 6
7935 6
7936 6
7937 6
7938 6
7939 6
7940 6
7941 6
7942 6
7943 6
7944 6
7945 6
7946 6
7947 6
7948 6
7949 6
7950 6
7951 6
7952 6
7953 14
7954 6
7955 6
7956 6
7957 6
7958 6
7959 14
7960 6
7961 6
7962 6
7963 6
7964 6
7965 6
7966 6
7967 6
7968 6
7969 6
7970 6
7971 6
7972 6
7973 6
7974 6
7975 6
7976 6
7977 6
7978 6
7979 6
7980 6
7981 6
7982 14
7983 6
7984 6
7985 6
7986 3
7987 6
7988 6
7989 3
7990 3
7991 3
7992 0
7993 14
7994 3
7995 3
7996 14
7997 3
7998 3
7999 3
8000 3
8001 3
8002 3
8003 3
8004 3
8005 3
8006 3
8007 14
8008 14
8009 14
8010 3
8011 14
8012 14
8013 14
8014 14
8015 14
8016 14
8017 14
8018 14
8019 14
8020 14
8021 0
8022 14
8023 14
8024 14
8025 14
8026 14
8027 14
8028 14
8029 14
8030 14
8031 14
8032 14
8033 14
8034 14
8035 14
8036 14
8037 14
8038 0
8039 14
8040 14
8041 14
8042 14
8043 14
8044 14
8045 0
8046 14
8047 14
8048 14
8049 14
8050 0
8051 14
8052 14
8053 14
8054 14
8055 0
8056 14
8057 14
8058 0
8059 14
8060 14
8061 14
8062 14
8063 14
8064 14
8065 0
8066 14
8067 14
8068 14
8069 14
8070 14
8071 14
8072 0
8073 14
8074 14
8075 14
8076 3
8077 14
8078 14
8079 14
8080 14
8081 14
8082 14
8083 0
8084 14
8085 14
8086 14
8087 14
8088 14
8089 14
8090 14
8091 14
8092 14
8093 14
8094 14
8095 14
8096 14
8097 14
8098 14
8099 14
8100 14
8101 14
8102 14
8103 14
8104 14
8105 14
8106 0
8107 14
8108 14
8109 0
8110 14
8111 14
8112 14
8113 3
8114 0
8115 14
8116 14
8117 14
8118 0
8119 3
8120 14
8121 3
8122 3
8123 14
8124 14
8125 0
8126 14
8127 14
8128 14
8129 14
8130 14
8131 14
8132 14
8133 14
8134 14
8135 14
8136 14
8137 14
8138 14
8139 14
8140 14
8141 14
8142 14
8143 14
8144 14
8145 14
8146 14
8147 14
8148 14
8149 14
8150 14
8151 14
8152 14
8153 14
8154 14
8155 14
8156 14
8157 14
8158 14
8159 14
8160 14
8161 14
8162 14
8163 14
8164 14
8165 14
8166 14
8167 14
8168 14
8169 14
8170 14
8171 14
8172 14
8173 14
8174 14
8175 14
8176 3
8177 14
8178 3
8179 0
8180 3
8181 3
8182 3
8183 14
8184 3
8185 14
8186 3
8187 3
8188 14
8189 3
8190 3
8191 0
8192 3
8193 3
8194 3
8195 14
8196 3
8197 3
8198 14
8199 3
8200 14
8201 3
8202 3
8203 3
8204 14
8205 3
8206 0
8207 0
8208 3
8209 3
8210 3
8211 3
8212 3
8213 14
8214 14
8215 0
8216 0
8217 0
8218 3
8219 3
8220 3
8221 3
8222 3
8223 3
8224 3
8225 3
8226 3
8227 3
8228 3
8229 3
8230 3
8231 3
8232 3
8233 3
8234 3
8235 3
8236 3
8237 3
8238 3
8239 3
8240 3
8241 3
8242 3
8243 3
8244 3
8245 3
8246 14
8247 14
8248 3
8249 0
8250 14
8251 3
8252 0
8253 3
8254 14
8255 14
8256 14
8257 0
8258 0
8259 14
8260 3
8261 0
8262 14
8263 14
8264 14
8265 14
8266 14
8267 14
8268 14
8269 14
8270 14
8271 14
8272 14
8273 14
8274 14
8275 14
8276 14
8277 14
8278 14
8279 14
8280 14
8281 14
8282 14
8283 14
8284 14
8285 14
8286 14
8287 14
8288 14
8289 14
8290 14
8291 14
8292 14
8293 14
8294 14
8295 14
8296 14
8297 14
8298 14
8299 14
8300 14
8301 14
8302 14
8303 14
8304 14
8305 14
8306 14
8307 14
8308 14
8309 14
8310 14
8311 14
8312 14
8313 14
8314 14
8315 14
8316 14
8317 14
8318 14
8319 14
8320 14
8321 14
8322 14
8323 14
8324 14
8325 14
8326 14
8327 14
8328 3
8329 3
8330 3
8331 3
8332 3
8333 3
8334 3
8335 3
8336 3
8337 3
8338 3
8339 3
8340 14
8341 3
8342 3
8343 3
8344 3
8345 3
8346 12
8347 14
8348 14
8349 3
8350 14
8351 0
8352 0
8353 0
8354 3
8355 0
8356 0
8357 0
8358 14
8359 0
8360 3
8361 3
8362 3
8363 3
8364 14
8365 3
8366 3
8367 14
8368 14
8369 0
8370 3
8371 3
8372 3
8373 0
8374 14
8375 14
8376 14
8377 14
8378 14
8379 14
8380 14
8381 0
8382 14
8383 14
8384 14
8385 14
8386 14
8387 14
8388 14
8389 14
8390 14
8391 14
8392 14
8393 14
8394 14
8395 14
8396 14
8397 14
8398 14
8399 14
8400 14
8401 14
8402 14
8403 14
8404 14
8405 14
8406 14
8407 15
8408 14
8409 15
8410 15
8411 15
8412 15
8413 14
8414 14
8415 14
8416 14
8417 14
8418 14
8419 14
8420 14
8421 14
8422 3
8423 14
8424 3
8425 14
8426 14
8427 14
8428 14
8429 14
8430 14
8431 3
8432 3
8433 0
8434 3
8435 3
8436 3
8437 3
8438 3
8439 3
8440 3
8441 3
8442 14
8443 3
8444 14
8445 3
8446 3
8447 3
8448 3
8449 3
8450 3
8451 3
8452 3
8453 3
8454 3
8455 3
8456 3
8457 3
8458 3
8459 3
8460 3
8461 3
8462 3
8463 3
8464 3
8465 3
8466 3
8467 3
8468 0
8469 14
8470 14
8471 14
8472 3
8473 14
8474 3
8475 14
8476 14
8477 14
8478 0
8479 14
8480 14
8481 14
8482 14
8483 3
8484 14
8485 14
8486 3
8487 3
8488 3
8489 3
8490 3
8491 3
8492 3
8493 3
8494 3
8495 3
8496 3
8497 3
8498 3
8499 3
8500 3
8501 3
8502 3
8503 3
8504 3
8505 3
8506 3
8507 3
8508 3
8509 3
8510 3
8511 3
8512 3
8513 3
8514 3
8515 3
8516 3
8517 3
8518 3
8519 3
8520 3
8521 3
8522 3
8523 3
8524 3
8525 3
8526 14
8527 14
8528 14
8529 14
8530 14
8531 14
8532 14
8533 14
8534 0
8535 0
8536 14
8537 14
8538 14
8539 14
8540 14
8541 14
8542 14
8543 14
8544 14
8545 14
8546 14
8547 14
8548 3
8549 3
8550 14
8551 14
8552 0
8553 3
8554 0
8555 14
8556 3
8557 14
8558 3
8559 3
8560 0
8561 3
8562 0
8563 3
8564 0
8565 0
8566 0
8567 0
8568 3
8569 3
8570 0
8571 0
8572 3
8573 3
8574 3
8575 3
8576 3
8577 3
8578 14
8579 14
8580 3
8581 3
8582 3
8583 0
8584 3
8585 0
8586 0
8587 3
8588 3
8589 3
8590 0
8591 0
8592 3
8593 0
8594 0
8595 3
8596 0
8597 3
8598 0
8599 3
8600 0
8601 3
8602 3
8603 0
8604 3
8605 0
8606 3
8607 0
8608 3
8609 3
8610 0
8611 0
8612 3
8613 3
8614 3
8615 3
8616 0
8617 0
8618 3
8619 3
8620 3
8621 3
8622 14
8623 3
8624 3
8625 3
8626 0
8627 3
8628 0
8629 0
8630 3
8631 3
8632 3
8633 3
8634 3
8635 0
8636 3
8637 3
8638 3
8639 0
8640 3
8641 0
8642 0
8643 3
8644 3
8645 3
8646 0
8647 3
8648 3
8649 0
8650 0
8651 3
8652 3
8653 3
8654 0
8655 3
8656 3
8657 3
8658 0
8659 3
8660 3
8661 0
8662 0
8663 3
8664 3
8665 3
8666 3
8667 3
8668 3
8669 3
8670 14
8671 3
8672 0
8673 0
8674 0
8675 0
8676 3
8677 3
8678 3
8679 3
8680 0
8681 3
8682 3
8683 3
8684 0
8685 3
8686 0
8687 3
8688 0
8689 3
8690 3
8691 3
8692 3
8693 0
8694 3
8695 0
8696 3
8697 3
8698 3
8699 3
8700 0
8701 3
8702 3
8703 3
8704 3
8705 3
8706 0
8707 3
8708 14
8709 0
8710 3
8711 0
8712 0
8713 0
8714 3
8715 3
8716 0
8717 3
8718 0
8719 0
8720 0
8721 3
8722 14
8723 0
8724 0
8725 3
8726 0
8727 0
8728 14
8729 3
8730 14
8731 14
8732 14
8733 14
8734 14
8735 14
8736 3
8737 14
8738 3
8739 3
8740 3
8741 3
8742 3
8743 3
8744 3
8745 3
8746 0
8747 3
8748 3
8749 14
8750 0
8751 0
8752 14
8753 0
8754 0
8755 0
8756 3
8757 14
8758 16
8759 3
8760 3
8761 3
8762 3
8763 3
8764 3
8765 3
8766 3
8767 3
8768 3
8769 0
8770 0
8771 3
8772 3
8773 3
8774 3
8775 3
8776 3
8777 3
8778 14
8779 3
8780 3
8781 3
8782 3
8783 3
8784 3
8785 3
8786 3
8787 3
8788 3
8789 3
8790 3
8791 3
8792 3
8793 3
8794 3
8795 3
8796 3
8797 3
8798 3
8799 3
8800 3
8801 3
8802 3
8803 3
8804 3
8805 3
8806 3
8807 3
8808 3
8809 3
8810 3
8811 3
8812 3
8813 3
8814 3
8815 3
8816 3
8817 3
8818 3
8819 3
8820 0
8821 3
8822 3
8823 14
8824 14
8825 14
8826 14
8827 14
8828 14
8829 14
8830 3
8831 0
8832 14
8833 3
8834 0
8835 3
8836 0
8837 17
8838 3
8839 3
8840 3
8841 3
8842 3
8843 3
8844 3
8845 3
8846 3
8847 3
8848 3
8849 3
8850 3
8851 3
8852 3
8853 3
8854 3
8855 3
8856 3
8857 3
8858 3
8859 3
8860 0
8861 0
8862 3
8863 3
8864 3
8865 0
8866 14
8867 3
8868 3
8869 3
8870 3
8871 14
8872 14
8873 3
8874 0
8875 3
8876 14
8877 3
8878 3
8879 14
8880 14
8881 3
8882 14
8883 0
8884 11
8885 11
8886 14
8887 14
8888 14
8889 3
8890 3
8891 14
8892 14
8893 14
8894 14
8895 14
8896 0
8897 3
8898 3
8899 3
8900 14
8901 14
8902 3
8903 3
8904 3
8905 3
8906 18
8907 18
8908 0
8909 0
8910 0
8911 3
8912 3
8913 3
8914 3
8915 3
8916 3
8917 14
8918 14
8919 14
8920 14
8921 14
8922 14
8923 14
8924 14
8925 14
8926 3
8927 3
8928 3
8929 3
8930 14
8931 0
8932 0
8933 14
8934 14
8935 14
8936 14
8937 14
8938 14
8939 14
8940 14
8941 14
8942 14
8943 14
8944 14
8945 14
8946 14
8947 14
8948 14
8949 14
8950 14
8951 14
8952 14
8953 14
8954 14
8955 14
8956 14
8957 14
8958 14
8959 14
8960 14
8961 14
8962 14
8963 14
8964 14
8965 14
8966 14
8967 14
8968 3
8969 3
8970 3
8971 3
8972 3
8973 3
8974 3
8975 0
8976 3
8977 3
8978 3
8979 0
8980 0
8981 5
8982 0
8983 3
8984 3
8985 3
8986 3
8987 0
8988 0
8989 3
8990 3
8991 0
8992 0
8993 0
8994 0
8995 0
8996 14
8997 14
8998 14
8999 14
9000 14
9001 14
9002 0
9003 0
9004 3
9005 14
9006 0
9007 14
9008 14
9009 19
9010 14
9011 3
9012 3
9013 14
9014 6
9015 6
9016 6
9017 6
9018 6
9019 6
9020 14
9021 14
9022 14
9023 14
9024 3
9025 3
9026 3
9027 3
9028 3
9029 6
9030 6
9031 6
9032 6
9033 6
9034 6
9035 6
9036 6
9037 6
9038 6
9039 6
9040 6
9041 6
9042 6
9043 6
9044 6
9045 6
9046 19
9047 19
9048 3
9049 0
9050 0
9051 0
9052 0
9053 0
9054 3
9055 3
9056 3
9057 3
9058 3
9059 3
9060 14
9061 14
9062 0
9063 0
9064 0
9065 0
9066 0
9067 0
9068 0
9069 0
9070 0
9071 0
9072 0
9073 14
9074 0
9075 0
9076 0
9077 0
9078 0
9079 0
9080 0
9081 14
9082 3
9083 3
9084 3
9085 3
9086 3
9087 14
9088 3
9089 14
9090 14
9091 14
9092 14
9093 14
9094 14
9095 0
9096 0
9097 3
9098 14
9099 14
9100 14
9101 14
9102 3
9103 3
9104 14
9105 3
9106 14
9107 14
9108 14
9109 3
9110 3
9111 3
9112 3
9113 3
9114 3
9115 3
9116 3
9117 14
network of communities computed : Thu Jan  7 08:46:02 2010

network : 20 nodes, 152 links, 282768000 weight.
pass number 1 of -1 : 0.0939571 0.0939262
pass number 2 of -1 : 0.0939571 0.0939571
communities computed : Thu Jan  7 08:46:02 2010
modularity increased from 0.0939262 to 0.0939571
0 4
1 3
2 1
3 2
4 2
5 1
6 1
7 3
8 0
9 1
10 1
11 3
12 1
13 1
14 3
15 3
16 4
17 4
18 5
19 6
network of communities computed : Thu Jan  7 08:46:02 2010

network : 7 nodes, 35 links, 282768000 weight.
pass number 1 of -1 : 0.0939571 0.0939571
communities computed : Thu Jan  7 08:46:02 2010
modularity increased from 0.0939571 to 0.0939571
0 0
1 1
2 2
3 3
4 4
5 5
6 6
network of communities computed : Thu Jan  7 08:46:02 2010
1e-06 0.0939571 329
