Sender: LSF System <lsfadmin@bc02-n04>
Subject: Job 429304: <comm_blk48> Done

Job <comm_blk48> was submitted from host <bc10-n13> by user <jabloche> in cluster <lucky>.
Job was executed on host(s) <bc02-n04>, in queue <week>, as user <jabloche> in cluster <lucky>.
</afs/isis.unc.edu/home/j/a/jabloche> was used as the home directory.
</netscr/jabloche/FirmNetworks/cLouvain> was used as the working directory.
Started at Thu Jan  7 08:40:17 2010
Results reported at Thu Jan  7 08:42:18 2010

Your job looked like:

------------------------------------------------------------
# LSBATCH: User input
/netscr/jabloche/FirmNetworks/cLouvain/community /smallfs/jabloche/fn_edge/el_blk48.bin -l -1 -w
------------------------------------------------------------

Successfully completed.

Resource usage summary:

    CPU time   :     50.34 sec.
    Max Memory :       125 MB
    Max Swap   :       274 MB

    Max Processes  :         4
    Max Threads    :         4

The output (if any) follows:

Your home directory for this job is /netscr/jabloche
start : Thu Jan  7 08:40:17 2010
total : 7789605
file read : Thu Jan  7 08:41:28 2010
network : 7741 nodes, 7789605 links, 72314760 weight.
pass number 1 of -1 : 0.176635 -0.000286435
pass number 2 of -1 : 0.185275 0.176635
pass number 3 of -1 : 0.185602 0.185275
pass number 4 of -1 : 0.185619 0.185602
pass number 5 of -1 : 0.185627 0.185619
pass number 6 of -1 : 0.185634 0.185627
pass number 7 of -1 : 0.185635 0.185634
pass number 8 of -1 : 0.185635 0.185635
communities computed : Thu Jan  7 08:42:18 2010
modularity increased from -0.000286435 to 0.185635
0 0
1 3
2 3
3 0
4 0
5 0
6 0
7 0
8 0
9 3
10 3
11 0
12 0
13 0
14 0
15 0
16 0
17 0
18 0
19 0
20 0
21 0
22 0
23 0
24 0
25 0
26 0
27 3
28 0
29 0
30 0
31 0
32 0
33 0
34 0
35 0
36 0
37 3
38 0
39 3
40 0
41 0
42 0
43 0
44 0
45 0
46 0
47 3
48 0
49 3
50 0
51 0
52 3
53 0
54 3
55 0
56 0
57 0
58 0
59 0
60 0
61 0
62 0
63 0
64 0
65 0
66 0
67 0
68 0
69 3
70 1
71 1
72 0
73 0
74 0
75 0
76 0
77 0
78 0
79 0
80 0
81 0
82 0
83 0
84 0
85 0
86 3
87 0
88 3
89 3
90 3
91 3
92 0
93 0
94 0
95 0
96 0
97 0
98 0
99 2
100 0
101 0
102 1
103 0
104 0
105 0
106 0
107 1
108 0
109 0
110 0
111 1
112 1
113 0
114 0
115 0
116 0
117 0
118 0
119 1
120 1
121 0
122 0
123 0
124 1
125 0
126 0
127 1
128 0
129 0
130 0
131 0
132 0
133 0
134 0
135 0
136 0
137 0
138 0
139 0
140 0
141 1
142 0
143 1
144 1
145 3
146 1
147 0
148 0
149 3
150 1
151 3
152 3
153 3
154 0
155 3
156 1
157 2
158 0
159 0
160 0
161 0
162 1
163 0
164 3
165 1
166 3
167 3
168 1
169 1
170 1
171 0
172 3
173 1
174 0
175 1
176 1
177 1
178 1
179 1
180 1
181 0
182 1
183 1
184 3
185 0
186 0
187 0
188 0
189 1
190 0
191 1
192 0
193 1
194 1
195 0
196 1
197 1
198 0
199 0
200 0
201 0
202 0
203 0
204 0
205 0
206 1
207 3
208 1
209 0
210 0
211 0
212 1
213 1
214 1
215 0
216 0
217 1
218 1
219 0
220 1
221 3
222 0
223 0
224 1
225 0
226 3
227 0
228 1
229 0
230 0
231 0
232 1
233 0
234 0
235 0
236 0
237 1
238 0
239 0
240 0
241 0
242 0
243 0
244 0
245 0
246 1
247 0
248 0
249 1
250 1
251 3
252 1
253 1
254 1
255 0
256 1
257 0
258 1
259 0
260 1
261 1
262 0
263 0
264 0
265 3
266 0
267 0
268 0
269 0
270 0
271 0
272 1
273 0
274 0
275 3
276 0
277 0
278 1
279 3
280 1
281 1
282 0
283 1
284 1
285 1
286 1
287 1
288 0
289 1
290 3
291 1
292 1
293 0
294 1
295 1
296 0
297 0
298 0
299 0
300 0
301 1
302 1
303 1
304 0
305 0
306 3
307 0
308 0
309 1
310 0
311 1
312 1
313 1
314 0
315 0
316 1
317 1
318 3
319 1
320 0
321 1
322 0
323 0
324 0
325 0
326 1
327 0
328 0
329 0
330 0
331 1
332 1
333 3
334 0
335 1
336 0
337 0
338 0
339 0
340 1
341 0
342 0
343 0
344 0
345 0
346 3
347 0
348 3
349 3
350 0
351 0
352 0
353 3
354 1
355 1
356 1
357 0
358 1
359 3
360 3
361 1
362 1
363 1
364 1
365 3
366 1
367 1
368 1
369 0
370 1
371 1
372 1
373 1
374 1
375 1
376 1
377 1
378 1
379 3
380 1
381 1
382 1
383 1
384 3
385 3
386 1
387 3
388 1
389 1
390 3
391 0
392 0
393 5
394 1
395 1
396 1
397 1
398 1
399 3
400 3
401 1
402 1
403 0
404 5
405 1
406 1
407 0
408 1
409 1
410 1
411 1
412 1
413 1
414 1
415 2
416 3
417 3
418 1
419 3
420 1
421 1
422 1
423 1
424 3
425 3
426 1
427 1
428 1
429 1
430 1
431 0
432 1
433 1
434 1
435 1
436 1
437 1
438 1
439 1
440 3
441 3
442 3
443 1
444 1
445 1
446 1
447 1
448 3
449 1
450 1
451 3
452 3
453 0
454 1
455 0
456 1
457 1
458 1
459 1
460 1
461 1
462 1
463 1
464 3
465 1
466 1
467 1
468 1
469 1
470 1
471 1
472 3
473 1
474 1
475 1
476 3
477 0
478 3
479 5
480 1
481 0
482 3
483 1
484 1
485 1
486 3
487 0
488 1
489 0
490 0
491 0
492 0
493 1
494 0
495 0
496 3
497 0
498 0
499 0
500 0
501 0
502 0
503 0
504 0
505 0
506 0
507 0
508 0
509 0
510 0
511 0
512 0
513 0
514 0
515 1
516 0
517 0
518 0
519 0
520 0
521 0
522 0
523 1
524 0
525 3
526 0
527 0
528 1
529 1
530 1
531 0
532 0
533 0
534 0
535 0
536 0
537 0
538 3
539 0
540 0
541 0
542 1
543 0
544 0
545 0
546 0
547 0
548 3
549 0
550 0
551 0
552 1
553 0
554 0
555 0
556 0
557 1
558 0
559 0
560 0
561 0
562 0
563 0
564 3
565 0
566 3
567 0
568 0
569 0
570 0
571 0
572 0
573 0
574 0
575 0
576 1
577 0
578 0
579 0
580 0
581 0
582 0
583 0
584 0
585 0
586 0
587 0
588 0
589 0
590 0
591 0
592 0
593 0
594 0
595 0
596 0
597 0
598 0
599 0
600 0
601 0
602 2
603 0
604 0
605 0
606 0
607 0
608 0
609 0
610 0
611 0
612 0
613 0
614 0
615 0
616 0
617 0
618 0
619 0
620 3
621 0
622 0
623 0
624 0
625 0
626 0
627 0
628 0
629 0
630 2
631 1
632 0
633 0
634 3
635 0
636 0
637 0
638 0
639 0
640 0
641 0
642 0
643 0
644 0
645 3
646 2
647 0
648 0
649 0
650 0
651 0
652 0
653 0
654 1
655 0
656 0
657 0
658 0
659 0
660 0
661 0
662 0
663 0
664 2
665 0
666 0
667 0
668 0
669 0
670 0
671 0
672 0
673 0
674 0
675 0
676 0
677 0
678 0
679 0
680 0
681 0
682 0
683 0
684 0
685 0
686 0
687 0
688 0
689 2
690 0
691 0
692 0
693 0
694 0
695 0
696 0
697 0
698 3
699 3
700 3
701 3
702 3
703 3
704 3
705 3
706 3
707 3
708 3
709 3
710 3
711 3
712 3
713 3
714 3
715 3
716 3
717 3
718 3
719 0
720 1
721 0
722 0
723 0
724 0
725 0
726 1
727 0
728 3
729 0
730 0
731 0
732 0
733 0
734 0
735 0
736 0
737 0
738 0
739 0
740 0
741 0
742 0
743 0
744 0
745 1
746 0
747 0
748 0
749 0
750 0
751 1
752 0
753 2
754 0
755 0
756 0
757 0
758 0
759 0
760 0
761 0
762 0
763 0
764 0
765 0
766 0
767 0
768 0
769 0
770 0
771 0
772 3
773 0
774 0
775 0
776 0
777 0
778 0
779 0
780 0
781 0
782 0
783 0
784 0
785 0
786 0
787 0
788 0
789 0
790 0
791 2
792 0
793 0
794 0
795 0
796 3
797 0
798 0
799 0
800 2
801 0
802 0
803 0
804 0
805 3
806 0
807 0
808 3
809 0
810 0
811 0
812 0
813 0
814 0
815 0
816 0
817 0
818 0
819 0
820 0
821 0
822 0
823 0
824 0
825 2
826 0
827 0
828 0
829 0
830 0
831 3
832 0
833 0
834 0
835 0
836 1
837 0
838 0
839 0
840 3
841 0
842 0
843 0
844 0
845 0
846 0
847 0
848 0
849 0
850 0
851 3
852 0
853 0
854 0
855 3
856 0
857 2
858 0
859 0
860 3
861 3
862 3
863 3
864 3
865 0
866 0
867 0
868 0
869 0
870 2
871 0
872 0
873 0
874 0
875 0
876 0
877 0
878 0
879 3
880 3
881 3
882 3
883 3
884 0
885 1
886 0
887 2
888 0
889 0
890 0
891 0
892 0
893 0
894 0
895 0
896 0
897 0
898 0
899 0
900 0
901 0
902 0
903 2
904 0
905 0
906 0
907 0
908 0
909 0
910 0
911 2
912 0
913 3
914 0
915 0
916 0
917 0
918 0
919 0
920 0
921 0
922 0
923 0
924 3
925 3
926 0
927 0
928 0
929 3
930 0
931 0
932 0
933 3
934 0
935 0
936 0
937 0
938 0
939 0
940 0
941 0
942 3
943 3
944 0
945 0
946 0
947 0
948 0
949 0
950 0
951 0
952 0
953 0
954 0
955 0
956 3
957 0
958 0
959 0
960 0
961 0
962 0
963 0
964 0
965 0
966 0
967 0
968 0
969 0
970 0
971 0
972 0
973 0
974 0
975 0
976 0
977 0
978 0
979 0
980 1
981 1
982 0
983 3
984 3
985 1
986 1
987 1
988 0
989 1
990 0
991 1
992 0
993 1
994 0
995 0
996 0
997 3
998 1
999 1
1000 1
1001 0
1002 1
1003 1
1004 1
1005 3
1006 0
1007 1
1008 0
1009 1
1010 0
1011 1
1012 0
1013 0
1014 0
1015 0
1016 0
1017 0
1018 1
1019 0
1020 1
1021 1
1022 1
1023 0
1024 1
1025 0
1026 1
1027 1
1028 0
1029 1
1030 1
1031 1
1032 1
1033 1
1034 3
1035 1
1036 3
1037 1
1038 1
1039 1
1040 1
1041 0
1042 0
1043 1
1044 1
1045 0
1046 1
1047 0
1048 1
1049 0
1050 1
1051 3
1052 1
1053 1
1054 1
1055 3
1056 1
1057 0
1058 0
1059 0
1060 1
1061 0
1062 3
1063 1
1064 0
1065 1
1066 0
1067 1
1068 1
1069 0
1070 1
1071 1
1072 1
1073 0
1074 1
1075 1
1076 1
1077 1
1078 1
1079 1
1080 1
1081 0
1082 3
1083 0
1084 1
1085 1
1086 0
1087 1
1088 1
1089 0
1090 1
1091 1
1092 1
1093 0
1094 1
1095 1
1096 0
1097 0
1098 0
1099 1
1100 1
1101 1
1102 3
1103 0
1104 0
1105 1
1106 1
1107 1
1108 0
1109 0
1110 1
1111 0
1112 0
1113 0
1114 1
1115 0
1116 0
1117 1
1118 0
1119 1
1120 0
1121 0
1122 1
1123 0
1124 0
1125 1
1126 1
1127 3
1128 0
1129 0
1130 0
1131 1
1132 3
1133 0
1134 0
1135 1
1136 0
1137 0
1138 1
1139 1
1140 1
1141 3
1142 3
1143 3
1144 0
1145 0
1146 1
1147 1
1148 1
1149 3
1150 3
1151 0
1152 3
1153 1
1154 1
1155 1
1156 1
1157 1
1158 0
1159 0
1160 1
1161 1
1162 1
1163 1
1164 0
1165 0
1166 1
1167 1
1168 0
1169 0
1170 0
1171 1
1172 1
1173 0
1174 0
1175 1
1176 0
1177 1
1178 0
1179 1
1180 1
1181 1
1182 1
1183 0
1184 1
1185 1
1186 1
1187 0
1188 1
1189 1
1190 1
1191 1
1192 1
1193 0
1194 3
1195 0
1196 0
1197 1
1198 0
1199 1
1200 1
1201 1
1202 0
1203 1
1204 1
1205 3
1206 1
1207 0
1208 1
1209 1
1210 0
1211 1
1212 0
1213 0
1214 1
1215 0
1216 1
1217 4
1218 1
1219 0
1220 3
1221 0
1222 1
1223 3
1224 0
1225 0
1226 3
1227 1
1228 0
1229 0
1230 0
1231 1
1232 1
1233 1
1234 1
1235 1
1236 0
1237 0
1238 0
1239 1
1240 1
1241 1
1242 1
1243 1
1244 3
1245 1
1246 1
1247 1
1248 0
1249 1
1250 0
1251 1
1252 1
1253 1
1254 0
1255 1
1256 0
1257 1
1258 0
1259 0
1260 0
1261 0
1262 1
1263 0
1264 1
1265 0
1266 1
1267 0
1268 0
1269 0
1270 0
1271 1
1272 0
1273 0
1274 1
1275 1
1276 1
1277 0
1278 3
1279 0
1280 0
1281 0
1282 1
1283 0
1284 1
1285 0
1286 0
1287 1
1288 0
1289 0
1290 1
1291 1
1292 0
1293 1
1294 1
1295 1
1296 1
1297 1
1298 0
1299 0
1300 1
1301 3
1302 1
1303 0
1304 1
1305 0
1306 1
1307 1
1308 1
1309 0
1310 1
1311 0
1312 1
1313 1
1314 1
1315 3
1316 0
1317 1
1318 1
1319 3
1320 3
1321 0
1322 0
1323 3
1324 3
1325 0
1326 1
1327 1
1328 1
1329 1
1330 1
1331 1
1332 1
1333 2
1334 1
1335 1
1336 0
1337 3
1338 1
1339 1
1340 1
1341 1
1342 1
1343 0
1344 1
1345 1
1346 1
1347 1
1348 1
1349 1
1350 1
1351 3
1352 1
1353 1
1354 0
1355 0
1356 0
1357 1
1358 1
1359 1
1360 0
1361 0
1362 3
1363 2
1364 2
1365 2
1366 1
1367 1
1368 0
1369 1
1370 2
1371 1
1372 3
1373 1
1374 3
1375 1
1376 1
1377 0
1378 0
1379 0
1380 0
1381 0
1382 2
1383 1
1384 1
1385 1
1386 1
1387 1
1388 1
1389 1
1390 1
1391 1
1392 1
1393 0
1394 1
1395 1
1396 2
1397 2
1398 2
1399 1
1400 1
1401 2
1402 1
1403 1
1404 1
1405 1
1406 0
1407 1
1408 1
1409 1
1410 3
1411 2
1412 1
1413 1
1414 3
1415 3
1416 1
1417 1
1418 1
1419 1
1420 1
1421 0
1422 1
1423 3
1424 1
1425 0
1426 0
1427 0
1428 1
1429 1
1430 1
1431 0
1432 0
1433 0
1434 0
1435 3
1436 2
1437 1
1438 1
1439 1
1440 3
1441 1
1442 1
1443 1
1444 1
1445 1
1446 1
1447 0
1448 1
1449 1
1450 0
1451 1
1452 3
1453 1
1454 1
1455 1
1456 0
1457 0
1458 1
1459 1
1460 3
1461 0
1462 0
1463 0
1464 1
1465 1
1466 0
1467 2
1468 1
1469 0
1470 1
1471 1
1472 1
1473 1
1474 1
1475 1
1476 0
1477 0
1478 2
1479 1
1480 1
1481 1
1482 1
1483 1
1484 1
1485 3
1486 1
1487 1
1488 1
1489 1
1490 0
1491 0
1492 0
1493 1
1494 1
1495 3
1496 1
1497 1
1498 1
1499 1
1500 3
1501 2
1502 1
1503 1
1504 1
1505 1
1506 1
1507 0
1508 1
1509 2
1510 3
1511 0
1512 0
1513 0
1514 1
1515 1
1516 0
1517 1
1518 1
1519 1
1520 1
1521 0
1522 1
1523 1
1524 1
1525 0
1526 1
1527 1
1528 0
1529 1
1530 1
1531 1
1532 0
1533 3
1534 0
1535 1
1536 0
1537 1
1538 1
1539 1
1540 1
1541 1
1542 1
1543 1
1544 1
1545 0
1546 1
1547 0
1548 1
1549 3
1550 1
1551 1
1552 0
1553 0
1554 1
1555 0
1556 3
1557 3
1558 1
1559 1
1560 1
1561 1
1562 1
1563 1
1564 0
1565 2
1566 2
1567 1
1568 1
1569 3
1570 1
1571 1
1572 1
1573 0
1574 1
1575 3
1576 1
1577 0
1578 0
1579 3
1580 0
1581 0
1582 1
1583 1
1584 1
1585 0
1586 1
1587 3
1588 2
1589 1
1590 1
1591 0
1592 1
1593 1
1594 1
1595 1
1596 0
1597 1
1598 0
1599 0
1600 3
1601 1
1602 2
1603 1
1604 1
1605 1
1606 0
1607 1
1608 0
1609 1
1610 1
1611 1
1612 1
1613 1
1614 0
1615 1
1616 1
1617 3
1618 0
1619 1
1620 1
1621 1
1622 0
1623 1
1624 1
1625 1
1626 3
1627 1
1628 1
1629 0
1630 3
1631 2
1632 1
1633 1
1634 2
1635 1
1636 2
1637 1
1638 3
1639 1
1640 0
1641 1
1642 1
1643 1
1644 1
1645 1
1646 1
1647 1
1648 2
1649 1
1650 0
1651 1
1652 1
1653 1
1654 0
1655 1
1656 1
1657 1
1658 1
1659 1
1660 1
1661 1
1662 3
1663 1
1664 1
1665 1
1666 1
1667 0
1668 1
1669 1
1670 1
1671 1
1672 1
1673 0
1674 1
1675 2
1676 3
1677 2
1678 1
1679 3
1680 0
1681 3
1682 1
1683 3
1684 1
1685 1
1686 0
1687 1
1688 1
1689 0
1690 1
1691 2
1692 1
1693 0
1694 1
1695 0
1696 1
1697 1
1698 0
1699 0
1700 1
1701 1
1702 1
1703 1
1704 3
1705 1
1706 1
1707 1
1708 2
1709 1
1710 2
1711 1
1712 1
1713 3
1714 1
1715 0
1716 1
1717 2
1718 1
1719 1
1720 1
1721 1
1722 1
1723 1
1724 1
1725 1
1726 0
1727 0
1728 0
1729 2
1730 1
1731 2
1732 1
1733 0
1734 1
1735 0
1736 1
1737 1
1738 1
1739 1
1740 3
1741 3
1742 1
1743 1
1744 2
1745 3
1746 0
1747 1
1748 1
1749 1
1750 1
1751 1
1752 3
1753 2
1754 3
1755 1
1756 1
1757 2
1758 0
1759 0
1760 1
1761 0
1762 0
1763 1
1764 2
1765 0
1766 3
1767 1
1768 0
1769 3
1770 1
1771 1
1772 2
1773 2
1774 0
1775 1
1776 0
1777 1
1778 1
1779 1
1780 1
1781 1
1782 2
1783 1
1784 0
1785 1
1786 1
1787 1
1788 3
1789 0
1790 1
1791 1
1792 1
1793 0
1794 0
1795 1
1796 1
1797 1
1798 1
1799 3
1800 0
1801 3
1802 1
1803 1
1804 1
1805 0
1806 0
1807 0
1808 0
1809 1
1810 0
1811 1
1812 1
1813 1
1814 3
1815 3
1816 0
1817 0
1818 1
1819 1
1820 0
1821 1
1822 1
1823 1
1824 1
1825 1
1826 2
1827 1
1828 1
1829 0
1830 0
1831 0
1832 0
1833 3
1834 0
1835 3
1836 1
1837 0
1838 1
1839 1
1840 0
1841 1
1842 0
1843 0
1844 0
1845 1
1846 3
1847 0
1848 0
1849 0
1850 0
1851 0
1852 1
1853 3
1854 0
1855 0
1856 0
1857 3
1858 0
1859 2
1860 2
1861 1
1862 0
1863 3
1864 2
1865 1
1866 2
1867 2
1868 1
1869 0
1870 1
1871 0
1872 3
1873 0
1874 0
1875 0
1876 0
1877 0
1878 0
1879 3
1880 3
1881 3
1882 0
1883 3
1884 3
1885 3
1886 3
1887 3
1888 3
1889 3
1890 3
1891 3
1892 3
1893 3
1894 3
1895 0
1896 1
1897 1
1898 1
1899 0
1900 1
1901 2
1902 1
1903 1
1904 1
1905 0
1906 0
1907 1
1908 1
1909 0
1910 1
1911 0
1912 1
1913 0
1914 0
1915 1
1916 1
1917 1
1918 0
1919 1
1920 0
1921 0
1922 1
1923 0
1924 0
1925 1
1926 0
1927 1
1928 1
1929 1
1930 1
1931 1
1932 1
1933 1
1934 0
1935 0
1936 3
1937 3
1938 1
1939 3
1940 3
1941 0
1942 0
1943 0
1944 1
1945 1
1946 1
1947 1
1948 1
1949 3
1950 1
1951 1
1952 3
1953 3
1954 1
1955 1
1956 3
1957 3
1958 1
1959 1
1960 0
1961 1
1962 3
1963 0
1964 3
1965 1
1966 1
1967 3
1968 0
1969 1
1970 1
1971 3
1972 3
1973 1
1974 1
1975 0
1976 0
1977 0
1978 1
1979 1
1980 1
1981 1
1982 0
1983 1
1984 1
1985 3
1986 1
1987 3
1988 1
1989 1
1990 1
1991 3
1992 1
1993 1
1994 0
1995 3
1996 3
1997 3
1998 1
1999 3
2000 3
2001 1
2002 0
2003 2
2004 1
2005 1
2006 1
2007 1
2008 1
2009 3
2010 1
2011 3
2012 0
2013 3
2014 0
2015 3
2016 2
2017 1
2018 1
2019 3
2020 0
2021 3
2022 3
2023 3
2024 1
2025 1
2026 1
2027 3
2028 3
2029 1
2030 3
2031 1
2032 0
2033 1
2034 1
2035 1
2036 1
2037 1
2038 3
2039 1
2040 1
2041 1
2042 1
2043 1
2044 1
2045 1
2046 3
2047 1
2048 0
2049 2
2050 3
2051 3
2052 3
2053 0
2054 1
2055 1
2056 3
2057 3
2058 3
2059 3
2060 3
2061 3
2062 3
2063 3
2064 3
2065 3
2066 3
2067 1
2068 0
2069 1
2070 1
2071 1
2072 1
2073 0
2074 1
2075 1
2076 0
2077 0
2078 1
2079 1
2080 0
2081 3
2082 3
2083 0
2084 1
2085 3
2086 1
2087 1
2088 0
2089 0
2090 1
2091 0
2092 1
2093 0
2094 0
2095 1
2096 1
2097 1
2098 1
2099 1
2100 0
2101 1
2102 0
2103 1
2104 3
2105 0
2106 0
2107 1
2108 1
2109 1
2110 1
2111 1
2112 1
2113 0
2114 1
2115 0
2116 1
2117 1
2118 1
2119 1
2120 0
2121 1
2122 1
2123 1
2124 1
2125 1
2126 1
2127 0
2128 1
2129 0
2130 1
2131 1
2132 0
2133 1
2134 1
2135 1
2136 1
2137 0
2138 1
2139 0
2140 1
2141 1
2142 1
2143 0
2144 0
2145 0
2146 1
2147 1
2148 1
2149 3
2150 0
2151 1
2152 0
2153 1
2154 1
2155 1
2156 1
2157 0
2158 0
2159 1
2160 1
2161 0
2162 0
2163 1
2164 1
2165 0
2166 0
2167 1
2168 1
2169 0
2170 0
2171 1
2172 0
2173 0
2174 3
2175 1
2176 1
2177 1
2178 1
2179 0
2180 1
2181 1
2182 0
2183 0
2184 1
2185 1
2186 1
2187 1
2188 0
2189 0
2190 1
2191 1
2192 0
2193 1
2194 1
2195 0
2196 1
2197 1
2198 1
2199 0
2200 1
2201 3
2202 1
2203 1
2204 1
2205 0
2206 1
2207 0
2208 0
2209 1
2210 2
2211 0
2212 3
2213 0
2214 1
2215 1
2216 0
2217 1
2218 0
2219 3
2220 1
2221 1
2222 1
2223 1
2224 1
2225 0
2226 0
2227 1
2228 0
2229 1
2230 1
2231 1
2232 0
2233 1
2234 1
2235 0
2236 3
2237 1
2238 0
2239 1
2240 0
2241 1
2242 0
2243 0
2244 1
2245 0
2246 1
2247 3
2248 0
2249 1
2250 0
2251 1
2252 1
2253 1
2254 1
2255 0
2256 1
2257 0
2258 1
2259 1
2260 0
2261 0
2262 1
2263 1
2264 0
2265 0
2266 1
2267 0
2268 1
2269 1
2270 1
2271 1
2272 0
2273 1
2274 1
2275 1
2276 1
2277 1
2278 1
2279 1
2280 1
2281 1
2282 0
2283 1
2284 1
2285 1
2286 1
2287 1
2288 1
2289 3
2290 3
2291 0
2292 1
2293 0
2294 1
2295 1
2296 1
2297 3
2298 1
2299 1
2300 3
2301 3
2302 1
2303 1
2304 1
2305 1
2306 0
2307 1
2308 0
2309 1
2310 0
2311 1
2312 3
2313 0
2314 3
2315 1
2316 1
2317 0
2318 1
2319 1
2320 1
2321 0
2322 0
2323 1
2324 1
2325 1
2326 0
2327 1
2328 1
2329 1
2330 1
2331 1
2332 1
2333 1
2334 1
2335 1
2336 1
2337 1
2338 0
2339 3
2340 0
2341 1
2342 0
2343 0
2344 1
2345 3
2346 3
2347 1
2348 1
2349 1
2350 0
2351 1
2352 1
2353 0
2354 0
2355 1
2356 1
2357 1
2358 1
2359 0
2360 1
2361 3
2362 1
2363 1
2364 0
2365 1
2366 0
2367 1
2368 0
2369 0
2370 1
2371 0
2372 0
2373 0
2374 1
2375 1
2376 1
2377 1
2378 0
2379 1
2380 1
2381 1
2382 1
2383 0
2384 3
2385 0
2386 0
2387 0
2388 0
2389 1
2390 1
2391 1
2392 1
2393 1
2394 1
2395 0
2396 0
2397 1
2398 3
2399 1
2400 1
2401 1
2402 1
2403 0
2404 1
2405 1
2406 1
2407 0
2408 3
2409 1
2410 0
2411 1
2412 1
2413 1
2414 1
2415 0
2416 1
2417 1
2418 2
2419 1
2420 1
2421 1
2422 1
2423 1
2424 1
2425 1
2426 1
2427 1
2428 0
2429 1
2430 1
2431 3
2432 3
2433 0
2434 1
2435 1
2436 3
2437 1
2438 0
2439 1
2440 0
2441 3
2442 3
2443 1
2444 1
2445 1
2446 1
2447 1
2448 1
2449 1
2450 1
2451 0
2452 0
2453 1
2454 0
2455 1
2456 0
2457 1
2458 1
2459 1
2460 1
2461 0
2462 1
2463 1
2464 1
2465 1
2466 1
2467 1
2468 1
2469 1
2470 1
2471 1
2472 0
2473 1
2474 1
2475 1
2476 1
2477 1
2478 1
2479 1
2480 1
2481 0
2482 1
2483 0
2484 1
2485 1
2486 1
2487 1
2488 0
2489 1
2490 3
2491 1
2492 1
2493 3
2494 0
2495 1
2496 1
2497 1
2498 1
2499 0
2500 1
2501 0
2502 1
2503 1
2504 0
2505 1
2506 0
2507 1
2508 0
2509 0
2510 0
2511 0
2512 1
2513 1
2514 3
2515 1
2516 1
2517 1
2518 0
2519 0
2520 1
2521 1
2522 1
2523 1
2524 0
2525 1
2526 1
2527 1
2528 1
2529 1
2530 0
2531 1
2532 1
2533 1
2534 0
2535 0
2536 1
2537 1
2538 1
2539 1
2540 1
2541 1
2542 1
2543 0
2544 1
2545 1
2546 2
2547 0
2548 0
2549 3
2550 3
2551 3
2552 3
2553 3
2554 3
2555 0
2556 3
2557 3
2558 0
2559 3
2560 1
2561 3
2562 3
2563 1
2564 3
2565 2
2566 3
2567 3
2568 1
2569 0
2570 3
2571 1
2572 0
2573 0
2574 1
2575 1
2576 1
2577 2
2578 0
2579 0
2580 3
2581 3
2582 0
2583 3
2584 3
2585 3
2586 3
2587 3
2588 1
2589 1
2590 0
2591 1
2592 0
2593 1
2594 0
2595 1
2596 1
2597 3
2598 0
2599 1
2600 0
2601 0
2602 1
2603 3
2604 1
2605 1
2606 0
2607 3
2608 1
2609 0
2610 2
2611 3
2612 1
2613 0
2614 1
2615 1
2616 3
2617 1
2618 1
2619 2
2620 1
2621 2
2622 1
2623 1
2624 0
2625 1
2626 3
2627 3
2628 3
2629 3
2630 0
2631 3
2632 1
2633 3
2634 1
2635 0
2636 3
2637 2
2638 3
2639 3
2640 3
2641 0
2642 0
2643 0
2644 1
2645 1
2646 1
2647 1
2648 3
2649 1
2650 1
2651 3
2652 0
2653 3
2654 3
2655 3
2656 0
2657 3
2658 3
2659 0
2660 1
2661 3
2662 3
2663 3
2664 3
2665 0
2666 0
2667 0
2668 1
2669 0
2670 2
2671 0
2672 1
2673 1
2674 0
2675 1
2676 3
2677 1
2678 3
2679 3
2680 3
2681 3
2682 0
2683 3
2684 3
2685 3
2686 3
2687 3
2688 3
2689 3
2690 3
2691 3
2692 1
2693 0
2694 3
2695 3
2696 3
2697 3
2698 3
2699 3
2700 3
2701 3
2702 3
2703 0
2704 1
2705 1
2706 1
2707 1
2708 1
2709 3
2710 1
2711 3
2712 1
2713 3
2714 3
2715 1
2716 3
2717 3
2718 3
2719 3
2720 1
2721 0
2722 1
2723 1
2724 1
2725 3
2726 1
2727 3
2728 3
2729 0
2730 3
2731 1
2732 3
2733 1
2734 0
2735 1
2736 1
2737 1
2738 1
2739 0
2740 0
2741 1
2742 1
2743 3
2744 1
2745 1
2746 0
2747 3
2748 3
2749 0
2750 1
2751 3
2752 2
2753 1
2754 3
2755 3
2756 1
2757 3
2758 1
2759 3
2760 1
2761 3
2762 3
2763 3
2764 3
2765 3
2766 3
2767 2
2768 1
2769 3
2770 0
2771 1
2772 0
2773 3
2774 3
2775 3
2776 1
2777 3
2778 1
2779 1
2780 3
2781 1
2782 1
2783 1
2784 1
2785 3
2786 1
2787 3
2788 1
2789 3
2790 0
2791 1
2792 1
2793 1
2794 0
2795 1
2796 1
2797 1
2798 3
2799 1
2800 0
2801 0
2802 0
2803 3
2804 3
2805 1
2806 1
2807 1
2808 0
2809 1
2810 1
2811 0
2812 3
2813 1
2814 0
2815 0
2816 1
2817 0
2818 1
2819 0
2820 0
2821 3
2822 3
2823 1
2824 1
2825 1
2826 3
2827 3
2828 3
2829 0
2830 1
2831 1
2832 1
2833 3
2834 0
2835 0
2836 2
2837 1
2838 3
2839 0
2840 1
2841 1
2842 1
2843 1
2844 3
2845 3
2846 3
2847 3
2848 3
2849 3
2850 3
2851 3
2852 1
2853 3
2854 3
2855 3
2856 1
2857 1
2858 3
2859 1
2860 3
2861 3
2862 1
2863 1
2864 3
2865 3
2866 3
2867 3
2868 3
2869 3
2870 3
2871 3
2872 3
2873 3
2874 3
2875 3
2876 3
2877 3
2878 3
2879 3
2880 3
2881 3
2882 3
2883 3
2884 3
2885 3
2886 3
2887 3
2888 3
2889 3
2890 3
2891 3
2892 3
2893 3
2894 3
2895 3
2896 3
2897 3
2898 3
2899 3
2900 3
2901 3
2902 3
2903 1
2904 1
2905 1
2906 1
2907 1
2908 3
2909 1
2910 1
2911 0
2912 3
2913 1
2914 3
2915 0
2916 1
2917 0
2918 1
2919 1
2920 3
2921 1
2922 1
2923 2
2924 1
2925 1
2926 1
2927 0
2928 1
2929 1
2930 0
2931 0
2932 1
2933 3
2934 3
2935 3
2936 3
2937 3
2938 3
2939 1
2940 1
2941 1
2942 1
2943 3
2944 1
2945 1
2946 1
2947 1
2948 1
2949 1
2950 1
2951 3
2952 1
2953 1
2954 1
2955 1
2956 1
2957 3
2958 3
2959 1
2960 3
2961 3
2962 3
2963 1
2964 3
2965 3
2966 3
2967 3
2968 1
2969 1
2970 0
2971 1
2972 3
2973 3
2974 3
2975 1
2976 1
2977 3
2978 3
2979 1
2980 1
2981 1
2982 1
2983 0
2984 1
2985 1
2986 1
2987 3
2988 3
2989 3
2990 2
2991 1
2992 3
2993 3
2994 0
2995 1
2996 3
2997 3
2998 1
2999 3
3000 3
3001 3
3002 3
3003 3
3004 3
3005 3
3006 3
3007 3
3008 1
3009 3
3010 1
3011 1
3012 1
3013 1
3014 1
3015 0
3016 0
3017 0
3018 1
3019 1
3020 1
3021 3
3022 1
3023 3
3024 1
3025 1
3026 1
3027 1
3028 0
3029 1
3030 1
3031 0
3032 1
3033 1
3034 1
3035 3
3036 3
3037 0
3038 8
3039 0
3040 3
3041 1
3042 3
3043 3
3044 3
3045 3
3046 3
3047 3
3048 1
3049 3
3050 3
3051 3
3052 3
3053 1
3054 1
3055 3
3056 3
3057 3
3058 3
3059 1
3060 1
3061 3
3062 3
3063 3
3064 1
3065 3
3066 0
3067 3
3068 1
3069 3
3070 3
3071 0
3072 3
3073 1
3074 3
3075 1
3076 1
3077 0
3078 3
3079 3
3080 3
3081 3
3082 3
3083 3
3084 1
3085 1
3086 1
3087 1
3088 3
3089 1
3090 1
3091 1
3092 1
3093 1
3094 3
3095 3
3096 0
3097 3
3098 3
3099 1
3100 1
3101 3
3102 3
3103 1
3104 1
3105 2
3106 0
3107 3
3108 0
3109 0
3110 3
3111 3
3112 3
3113 3
3114 3
3115 3
3116 3
3117 3
3118 3
3119 3
3120 3
3121 3
3122 3
3123 3
3124 3
3125 3
3126 3
3127 3
3128 3
3129 1
3130 2
3131 1
3132 1
3133 1
3134 1
3135 3
3136 3
3137 1
3138 3
3139 1
3140 3
3141 3
3142 0
3143 1
3144 0
3145 3
3146 3
3147 2
3148 3
3149 1
3150 1
3151 3
3152 1
3153 1
3154 1
3155 1
3156 3
3157 1
3158 3
3159 1
3160 3
3161 3
3162 3
3163 3
3164 0
3165 3
3166 1
3167 3
3168 1
3169 0
3170 1
3171 1
3172 0
3173 1
3174 3
3175 1
3176 0
3177 1
3178 1
3179 0
3180 1
3181 3
3182 1
3183 3
3184 3
3185 3
3186 1
3187 1
3188 3
3189 1
3190 1
3191 0
3192 1
3193 1
3194 1
3195 1
3196 1
3197 1
3198 1
3199 3
3200 3
3201 3
3202 3
3203 3
3204 3
3205 3
3206 1
3207 1
3208 1
3209 3
3210 3
3211 3
3212 1
3213 1
3214 1
3215 1
3216 3
3217 0
3218 1
3219 3
3220 1
3221 3
3222 0
3223 1
3224 1
3225 2
3226 1
3227 1
3228 3
3229 0
3230 3
3231 3
3232 3
3233 0
3234 0
3235 0
3236 3
3237 1
3238 1
3239 1
3240 3
3241 0
3242 3
3243 2
3244 1
3245 1
3246 3
3247 2
3248 1
3249 3
3250 3
3251 0
3252 3
3253 1
3254 3
3255 0
3256 0
3257 0
3258 1
3259 1
3260 1
3261 1
3262 3
3263 1
3264 1
3265 1
3266 3
3267 1
3268 1
3269 1
3270 0
3271 1
3272 3
3273 1
3274 1
3275 1
3276 3
3277 1
3278 1
3279 3
3280 0
3281 1
3282 3
3283 3
3284 3
3285 3
3286 1
3287 3
3288 3
3289 1
3290 0
3291 1
3292 1
3293 1
3294 1
3295 1
3296 3
3297 1
3298 1
3299 0
3300 1
3301 1
3302 3
3303 1
3304 3
3305 3
3306 1
3307 3
3308 1
3309 1
3310 1
3311 0
3312 0
3313 1
3314 1
3315 1
3316 1
3317 0
3318 1
3319 3
3320 3
3321 1
3322 1
3323 1
3324 1
3325 3
3326 3
3327 1
3328 1
3329 3
3330 3
3331 3
3332 3
3333 1
3334 2
3335 0
3336 1
3337 1
3338 1
3339 3
3340 1
3341 3
3342 3
3343 3
3344 1
3345 3
3346 3
3347 0
3348 1
3349 1
3350 0
3351 1
3352 1
3353 3
3354 3
3355 2
3356 1
3357 3
3358 1
3359 3
3360 3
3361 3
3362 3
3363 3
3364 3
3365 3
3366 3
3367 3
3368 3
3369 3
3370 3
3371 3
3372 3
3373 3
3374 3
3375 3
3376 3
3377 3
3378 3
3379 3
3380 3
3381 3
3382 3
3383 3
3384 3
3385 3
3386 3
3387 3
3388 3
3389 3
3390 3
3391 3
3392 3
3393 3
3394 3
3395 3
3396 3
3397 3
3398 3
3399 3
3400 3
3401 3
3402 3
3403 3
3404 3
3405 3
3406 3
3407 3
3408 3
3409 3
3410 3
3411 3
3412 3
3413 3
3414 3
3415 3
3416 3
3417 3
3418 3
3419 3
3420 3
3421 3
3422 2
3423 1
3424 3
3425 1
3426 0
3427 1
3428 0
3429 1
3430 1
3431 0
3432 1
3433 0
3434 3
3435 1
3436 1
3437 1
3438 1
3439 1
3440 3
3441 1
3442 3
3443 3
3444 0
3445 3
3446 0
3447 3
3448 1
3449 3
3450 1
3451 1
3452 0
3453 1
3454 0
3455 1
3456 1
3457 0
3458 1
3459 1
3460 1
3461 3
3462 1
3463 1
3464 1
3465 3
3466 0
3467 1
3468 1
3469 3
3470 0
3471 1
3472 1
3473 1
3474 1
3475 3
3476 1
3477 1
3478 1
3479 1
3480 2
3481 1
3482 1
3483 2
3484 3
3485 3
3486 3
3487 1
3488 1
3489 3
3490 1
3491 1
3492 3
3493 3
3494 3
3495 3
3496 3
3497 1
3498 0
3499 1
3500 3
3501 3
3502 3
3503 3
3504 3
3505 3
3506 3
3507 3
3508 1
3509 3
3510 0
3511 1
3512 1
3513 1
3514 1
3515 1
3516 0
3517 1
3518 1
3519 1
3520 1
3521 1
3522 1
3523 3
3524 1
3525 1
3526 1
3527 1
3528 0
3529 1
3530 1
3531 0
3532 3
3533 1
3534 1
3535 1
3536 1
3537 1
3538 3
3539 1
3540 3
3541 1
3542 3
3543 1
3544 3
3545 3
3546 3
3547 3
3548 3
3549 3
3550 3
3551 3
3552 3
3553 0
3554 0
3555 1
3556 2
3557 3
3558 3
3559 1
3560 1
3561 3
3562 1
3563 1
3564 1
3565 3
3566 1
3567 0
3568 0
3569 1
3570 1
3571 0
3572 1
3573 3
3574 1
3575 1
3576 1
3577 1
3578 0
3579 1
3580 1
3581 3
3582 1
3583 1
3584 3
3585 2
3586 3
3587 1
3588 1
3589 3
3590 1
3591 3
3592 3
3593 3
3594 3
3595 1
3596 1
3597 1
3598 1
3599 1
3600 0
3601 3
3602 3
3603 3
3604 3
3605 3
3606 3
3607 3
3608 3
3609 3
3610 3
3611 3
3612 3
3613 3
3614 3
3615 3
3616 3
3617 3
3618 0
3619 1
3620 3
3621 3
3622 3
3623 3
3624 3
3625 3
3626 3
3627 3
3628 3
3629 0
3630 3
3631 3
3632 3
3633 3
3634 0
3635 3
3636 3
3637 3
3638 3
3639 3
3640 3
3641 3
3642 3
3643 3
3644 3
3645 3
3646 3
3647 0
3648 3
3649 3
3650 3
3651 3
3652 1
3653 3
3654 3
3655 3
3656 0
3657 0
3658 1
3659 3
3660 1
3661 0
3662 0
3663 1
3664 1
3665 1
3666 1
3667 1
3668 3
3669 0
3670 1
3671 1
3672 0
3673 3
3674 1
3675 3
3676 1
3677 1
3678 3
3679 3
3680 1
3681 1
3682 1
3683 1
3684 3
3685 1
3686 3
3687 0
3688 1
3689 1
3690 1
3691 1
3692 3
3693 0
3694 0
3695 1
3696 1
3697 3
3698 1
3699 1
3700 1
3701 0
3702 1
3703 1
3704 3
3705 1
3706 1
3707 1
3708 1
3709 0
3710 0
3711 3
3712 3
3713 1
3714 0
3715 1
3716 1
3717 3
3718 3
3719 3
3720 3
3721 3
3722 1
3723 3
3724 3
3725 3
3726 1
3727 1
3728 0
3729 1
3730 1
3731 1
3732 3
3733 3
3734 3
3735 3
3736 3
3737 3
3738 3
3739 3
3740 3
3741 3
3742 3
3743 3
3744 3
3745 3
3746 3
3747 3
3748 3
3749 3
3750 3
3751 3
3752 3
3753 3
3754 3
3755 3
3756 3
3757 3
3758 3
3759 3
3760 3
3761 3
3762 3
3763 3
3764 3
3765 3
3766 3
3767 3
3768 3
3769 3
3770 3
3771 3
3772 3
3773 3
3774 3
3775 3
3776 3
3777 3
3778 3
3779 3
3780 3
3781 3
3782 3
3783 3
3784 3
3785 3
3786 3
3787 3
3788 3
3789 1
3790 3
3791 1
3792 0
3793 3
3794 1
3795 0
3796 3
3797 3
3798 3
3799 3
3800 3
3801 3
3802 3
3803 3
3804 3
3805 3
3806 3
3807 3
3808 3
3809 3
3810 3
3811 3
3812 3
3813 3
3814 3
3815 3
3816 3
3817 3
3818 1
3819 1
3820 1
3821 0
3822 3
3823 3
3824 1
3825 1
3826 1
3827 1
3828 1
3829 1
3830 1
3831 1
3832 3
3833 0
3834 1
3835 0
3836 3
3837 0
3838 3
3839 1
3840 0
3841 3
3842 0
3843 3
3844 1
3845 3
3846 1
3847 1
3848 1
3849 1
3850 1
3851 1
3852 0
3853 1
3854 3
3855 3
3856 1
3857 1
3858 3
3859 1
3860 3
3861 3
3862 3
3863 3
3864 3
3865 3
3866 3
3867 3
3868 3
3869 3
3870 3
3871 3
3872 3
3873 1
3874 3
3875 3
3876 3
3877 3
3878 3
3879 3
3880 3
3881 3
3882 3
3883 3
3884 3
3885 3
3886 3
3887 3
3888 3
3889 3
3890 3
3891 3
3892 3
3893 0
3894 1
3895 0
3896 0
3897 3
3898 1
3899 0
3900 0
3901 0
3902 1
3903 1
3904 1
3905 0
3906 1
3907 1
3908 1
3909 1
3910 1
3911 3
3912 1
3913 1
3914 1
3915 1
3916 0
3917 1
3918 3
3919 1
3920 3
3921 1
3922 0
3923 1
3924 1
3925 1
3926 3
3927 1
3928 1
3929 1
3930 3
3931 1
3932 1
3933 3
3934 3
3935 1
3936 1
3937 1
3938 1
3939 0
3940 1
3941 3
3942 3
3943 1
3944 1
3945 3
3946 1
3947 1
3948 1
3949 1
3950 1
3951 2
3952 1
3953 1
3954 1
3955 1
3956 1
3957 1
3958 0
3959 0
3960 1
3961 3
3962 3
3963 1
3964 3
3965 3
3966 0
3967 3
3968 1
3969 1
3970 3
3971 3
3972 2
3973 0
3974 1
3975 1
3976 1
3977 2
3978 1
3979 1
3980 3
3981 1
3982 0
3983 0
3984 3
3985 1
3986 3
3987 3
3988 1
3989 3
3990 3
3991 3
3992 1
3993 3
3994 1
3995 1
3996 0
3997 0
3998 3
3999 3
4000 1
4001 1
4002 3
4003 0
4004 1
4005 1
4006 0
4007 1
4008 3
4009 0
4010 1
4011 1
4012 0
4013 3
4014 1
4015 3
4016 1
4017 2
4018 2
4019 1
4020 1
4021 0
4022 3
4023 3
4024 1
4025 3
4026 1
4027 1
4028 1
4029 1
4030 1
4031 1
4032 0
4033 0
4034 1
4035 1
4036 1
4037 1
4038 1
4039 1
4040 1
4041 1
4042 0
4043 3
4044 1
4045 1
4046 1
4047 1
4048 1
4049 1
4050 1
4051 1
4052 1
4053 0
4054 1
4055 0
4056 3
4057 3
4058 3
4059 3
4060 3
4061 3
4062 3
4063 3
4064 3
4065 3
4066 3
4067 1
4068 1
4069 3
4070 3
4071 3
4072 0
4073 1
4074 3
4075 3
4076 3
4077 1
4078 1
4079 0
4080 1
4081 1
4082 1
4083 3
4084 1
4085 1
4086 0
4087 1
4088 0
4089 1
4090 0
4091 1
4092 3
4093 0
4094 0
4095 1
4096 1
4097 1
4098 1
4099 1
4100 3
4101 3
4102 3
4103 3
4104 3
4105 3
4106 3
4107 3
4108 3
4109 3
4110 3
4111 3
4112 3
4113 3
4114 1
4115 1
4116 1
4117 1
4118 3
4119 0
4120 3
4121 3
4122 3
4123 3
4124 3
4125 3
4126 3
4127 3
4128 1
4129 1
4130 1
4131 1
4132 1
4133 1
4134 3
4135 3
4136 1
4137 0
4138 3
4139 3
4140 3
4141 3
4142 0
4143 3
4144 3
4145 3
4146 1
4147 3
4148 0
4149 1
4150 0
4151 0
4152 1
4153 3
4154 3
4155 3
4156 3
4157 3
4158 1
4159 3
4160 1
4161 3
4162 1
4163 1
4164 1
4165 0
4166 3
4167 1
4168 1
4169 3
4170 1
4171 1
4172 0
4173 1
4174 0
4175 0
4176 1
4177 1
4178 0
4179 0
4180 2
4181 0
4182 1
4183 0
4184 3
4185 1
4186 1
4187 3
4188 3
4189 3
4190 1
4191 1
4192 0
4193 0
4194 3
4195 0
4196 0
4197 3
4198 3
4199 0
4200 3
4201 1
4202 0
4203 1
4204 3
4205 0
4206 1
4207 1
4208 1
4209 1
4210 3
4211 3
4212 0
4213 1
4214 1
4215 1
4216 1
4217 3
4218 1
4219 3
4220 0
4221 1
4222 1
4223 1
4224 3
4225 1
4226 3
4227 3
4228 1
4229 1
4230 1
4231 3
4232 0
4233 0
4234 1
4235 1
4236 0
4237 0
4238 1
4239 3
4240 3
4241 3
4242 0
4243 0
4244 3
4245 3
4246 11
4247 3
4248 1
4249 3
4250 0
4251 1
4252 0
4253 1
4254 1
4255 0
4256 3
4257 3
4258 1
4259 3
4260 1
4261 1
4262 1
4263 3
4264 1
4265 0
4266 1
4267 0
4268 1
4269 0
4270 1
4271 3
4272 2
4273 1
4274 0
4275 3
4276 3
4277 3
4278 3
4279 1
4280 0
4281 1
4282 1
4283 0
4284 1
4285 0
4286 3
4287 3
4288 1
4289 3
4290 0
4291 1
4292 3
4293 3
4294 2
4295 1
4296 0
4297 1
4298 3
4299 1
4300 0
4301 1
4302 1
4303 1
4304 0
4305 0
4306 3
4307 0
4308 1
4309 1
4310 1
4311 3
4312 1
4313 1
4314 1
4315 1
4316 2
4317 1
4318 1
4319 3
4320 1
4321 0
4322 3
4323 1
4324 1
4325 0
4326 3
4327 3
4328 3
4329 1
4330 1
4331 2
4332 3
4333 1
4334 1
4335 1
4336 3
4337 1
4338 0
4339 1
4340 1
4341 13
4342 1
4343 1
4344 1
4345 1
4346 2
4347 3
4348 3
4349 1
4350 1
4351 1
4352 3
4353 1
4354 3
4355 3
4356 0
4357 3
4358 3
4359 1
4360 1
4361 1
4362 3
4363 1
4364 1
4365 3
4366 3
4367 3
4368 3
4369 1
4370 3
4371 1
4372 1
4373 3
4374 0
4375 3
4376 1
4377 0
4378 3
4379 1
4380 1
4381 1
4382 0
4383 3
4384 1
4385 4
4386 1
4387 1
4388 3
4389 3
4390 2
4391 3
4392 1
4393 3
4394 3
4395 1
4396 1
4397 2
4398 3
4399 3
4400 3
4401 1
4402 3
4403 1
4404 3
4405 1
4406 0
4407 1
4408 1
4409 3
4410 0
4411 3
4412 0
4413 1
4414 3
4415 1
4416 1
4417 0
4418 1
4419 0
4420 2
4421 3
4422 0
4423 1
4424 1
4425 1
4426 1
4427 1
4428 3
4429 3
4430 3
4431 3
4432 0
4433 1
4434 1
4435 1
4436 1
4437 1
4438 1
4439 3
4440 1
4441 3
4442 3
4443 3
4444 1
4445 3
4446 0
4447 1
4448 3
4449 3
4450 3
4451 3
4452 3
4453 1
4454 3
4455 1
4456 0
4457 3
4458 0
4459 3
4460 0
4461 2
4462 1
4463 1
4464 3
4465 3
4466 0
4467 3
4468 3
4469 1
4470 3
4471 3
4472 1
4473 3
4474 3
4475 1
4476 1
4477 3
4478 3
4479 1
4480 1
4481 0
4482 1
4483 1
4484 1
4485 3
4486 1
4487 1
4488 3
4489 0
4490 1
4491 1
4492 1
4493 1
4494 3
4495 1
4496 3
4497 3
4498 3
4499 1
4500 1
4501 1
4502 3
4503 2
4504 1
4505 3
4506 3
4507 1
4508 2
4509 0
4510 1
4511 1
4512 1
4513 3
4514 1
4515 2
4516 2
4517 3
4518 3
4519 1
4520 0
4521 3
4522 3
4523 1
4524 1
4525 1
4526 3
4527 3
4528 2
4529 0
4530 3
4531 0
4532 3
4533 1
4534 1
4535 1
4536 1
4537 1
4538 1
4539 3
4540 1
4541 1
4542 3
4543 3
4544 3
4545 1
4546 1
4547 1
4548 3
4549 3
4550 3
4551 1
4552 3
4553 3
4554 1
4555 3
4556 1
4557 3
4558 3
4559 0
4560 3
4561 1
4562 3
4563 1
4564 1
4565 3
4566 3
4567 1
4568 1
4569 1
4570 3
4571 1
4572 3
4573 0
4574 1
4575 1
4576 1
4577 1
4578 3
4579 0
4580 0
4581 3
4582 1
4583 3
4584 3
4585 3
4586 1
4587 3
4588 2
4589 2
4590 2
4591 3
4592 1
4593 3
4594 1
4595 0
4596 1
4597 1
4598 1
4599 1
4600 1
4601 3
4602 1
4603 3
4604 3
4605 1
4606 1
4607 0
4608 2
4609 1
4610 1
4611 3
4612 1
4613 3
4614 1
4615 2
4616 1
4617 0
4618 1
4619 1
4620 3
4621 3
4622 1
4623 3
4624 1
4625 3
4626 1
4627 1
4628 1
4629 1
4630 1
4631 1
4632 1
4633 1
4634 3
4635 1
4636 3
4637 0
4638 3
4639 1
4640 3
4641 3
4642 0
4643 3
4644 1
4645 1
4646 1
4647 3
4648 1
4649 0
4650 1
4651 3
4652 0
4653 1
4654 1
4655 0
4656 1
4657 1
4658 1
4659 3
4660 1
4661 3
4662 0
4663 0
4664 1
4665 1
4666 3
4667 3
4668 3
4669 1
4670 2
4671 1
4672 3
4673 3
4674 1
4675 4
4676 0
4677 3
4678 3
4679 3
4680 3
4681 3
4682 3
4683 3
4684 3
4685 3
4686 3
4687 3
4688 3
4689 3
4690 3
4691 2
4692 3
4693 1
4694 3
4695 3
4696 3
4697 1
4698 1
4699 1
4700 0
4701 1
4702 3
4703 3
4704 1
4705 1
4706 0
4707 1
4708 1
4709 1
4710 1
4711 3
4712 1
4713 0
4714 1
4715 0
4716 2
4717 1
4718 1
4719 1
4720 1
4721 3
4722 3
4723 1
4724 1
4725 1
4726 1
4727 0
4728 3
4729 3
4730 1
4731 1
4732 1
4733 1
4734 0
4735 3
4736 3
4737 1
4738 1
4739 1
4740 2
4741 1
4742 3
4743 1
4744 3
4745 1
4746 2
4747 3
4748 3
4749 1
4750 1
4751 3
4752 2
4753 1
4754 3
4755 1
4756 3
4757 1
4758 1
4759 1
4760 1
4761 1
4762 1
4763 0
4764 1
4765 1
4766 3
4767 1
4768 3
4769 1
4770 1
4771 0
4772 1
4773 1
4774 1
4775 1
4776 3
4777 1
4778 3
4779 3
4780 3
4781 3
4782 1
4783 3
4784 1
4785 0
4786 3
4787 3
4788 13
4789 1
4790 3
4791 3
4792 3
4793 1
4794 1
4795 1
4796 1
4797 1
4798 0
4799 3
4800 1
4801 1
4802 2
4803 1
4804 0
4805 3
4806 3
4807 3
4808 1
4809 0
4810 1
4811 1
4812 1
4813 0
4814 1
4815 1
4816 1
4817 1
4818 0
4819 0
4820 1
4821 1
4822 1
4823 1
4824 1
4825 2
4826 3
4827 3
4828 1
4829 3
4830 3
4831 1
4832 1
4833 0
4834 3
4835 0
4836 1
4837 3
4838 0
4839 1
4840 1
4841 0
4842 1
4843 1
4844 1
4845 1
4846 3
4847 1
4848 1
4849 3
4850 1
4851 1
4852 3
4853 2
4854 1
4855 3
4856 1
4857 3
4858 0
4859 1
4860 1
4861 0
4862 3
4863 1
4864 3
4865 1
4866 1
4867 3
4868 3
4869 1
4870 3
4871 3
4872 3
4873 1
4874 1
4875 3
4876 0
4877 1
4878 0
4879 1
4880 3
4881 0
4882 1
4883 1
4884 1
4885 3
4886 3
4887 1
4888 1
4889 0
4890 1
4891 3
4892 1
4893 2
4894 1
4895 1
4896 1
4897 1
4898 1
4899 1
4900 1
4901 1
4902 1
4903 1
4904 3
4905 1
4906 3
4907 1
4908 0
4909 1
4910 1
4911 1
4912 2
4913 0
4914 3
4915 1
4916 0
4917 1
4918 1
4919 1
4920 1
4921 3
4922 1
4923 1
4924 0
4925 3
4926 3
4927 1
4928 0
4929 2
4930 1
4931 1
4932 1
4933 1
4934 1
4935 1
4936 3
4937 3
4938 0
4939 1
4940 1
4941 2
4942 3
4943 3
4944 1
4945 2
4946 3
4947 3
4948 1
4949 0
4950 3
4951 3
4952 3
4953 3
4954 3
4955 1
4956 3
4957 3
4958 1
4959 1
4960 3
4961 3
4962 3
4963 3
4964 1
4965 1
4966 1
4967 1
4968 1
4969 1
4970 3
4971 3
4972 1
4973 0
4974 2
4975 2
4976 1
4977 3
4978 1
4979 1
4980 2
4981 1
4982 3
4983 3
4984 1
4985 1
4986 1
4987 3
4988 1
4989 1
4990 3
4991 1
4992 3
4993 3
4994 3
4995 3
4996 1
4997 1
4998 3
4999 1
5000 3
5001 3
5002 1
5003 3
5004 3
5005 1
5006 2
5007 1
5008 1
5009 3
5010 1
5011 3
5012 1
5013 0
5014 1
5015 3
5016 3
5017 3
5018 3
5019 3
5020 3
5021 1
5022 1
5023 1
5024 1
5025 1
5026 0
5027 2
5028 1
5029 0
5030 1
5031 3
5032 3
5033 1
5034 3
5035 0
5036 1
5037 1
5038 1
5039 1
5040 0
5041 3
5042 3
5043 2
5044 1
5045 1
5046 3
5047 0
5048 1
5049 3
5050 3
5051 3
5052 1
5053 1
5054 3
5055 1
5056 1
5057 1
5058 3
5059 1
5060 1
5061 1
5062 3
5063 1
5064 1
5065 1
5066 1
5067 1
5068 1
5069 1
5070 1
5071 3
5072 3
5073 3
5074 1
5075 1
5076 1
5077 3
5078 1
5079 3
5080 3
5081 0
5082 3
5083 3
5084 3
5085 3
5086 1
5087 3
5088 1
5089 1
5090 1
5091 1
5092 3
5093 2
5094 0
5095 1
5096 1
5097 3
5098 3
5099 1
5100 1
5101 3
5102 0
5103 1
5104 3
5105 1
5106 1
5107 1
5108 3
5109 1
5110 0
5111 3
5112 1
5113 1
5114 1
5115 1
5116 1
5117 3
5118 1
5119 1
5120 1
5121 1
5122 1
5123 2
5124 3
5125 1
5126 3
5127 1
5128 3
5129 1
5130 1
5131 1
5132 1
5133 3
5134 3
5135 3
5136 1
5137 1
5138 1
5139 3
5140 1
5141 3
5142 3
5143 1
5144 1
5145 1
5146 2
5147 1
5148 1
5149 3
5150 1
5151 2
5152 1
5153 3
5154 3
5155 3
5156 1
5157 2
5158 1
5159 3
5160 3
5161 1
5162 0
5163 1
5164 3
5165 1
5166 1
5167 3
5168 3
5169 1
5170 1
5171 3
5172 3
5173 0
5174 1
5175 1
5176 1
5177 1
5178 1
5179 1
5180 3
5181 1
5182 3
5183 1
5184 1
5185 1
5186 3
5187 3
5188 1
5189 1
5190 2
5191 1
5192 0
5193 1
5194 8
5195 1
5196 1
5197 1
5198 3
5199 3
5200 1
5201 1
5202 1
5203 1
5204 3
5205 1
5206 3
5207 1
5208 1
5209 3
5210 0
5211 1
5212 3
5213 0
5214 1
5215 1
5216 3
5217 2
5218 1
5219 1
5220 1
5221 3
5222 1
5223 1
5224 0
5225 3
5226 3
5227 3
5228 3
5229 0
5230 1
5231 3
5232 3
5233 3
5234 1
5235 3
5236 3
5237 2
5238 3
5239 3
5240 3
5241 1
5242 1
5243 3
5244 1
5245 3
5246 3
5247 1
5248 1
5249 1
5250 1
5251 1
5252 1
5253 1
5254 1
5255 1
5256 0
5257 3
5258 3
5259 1
5260 1
5261 3
5262 3
5263 3
5264 0
5265 3
5266 3
5267 3
5268 1
5269 0
5270 3
5271 3
5272 3
5273 1
5274 3
5275 3
5276 3
5277 3
5278 3
5279 3
5280 3
5281 3
5282 3
5283 3
5284 3
5285 3
5286 3
5287 3
5288 3
5289 3
5290 3
5291 3
5292 3
5293 3
5294 3
5295 3
5296 3
5297 3
5298 3
5299 3
5300 1
5301 3
5302 3
5303 3
5304 3
5305 3
5306 3
5307 3
5308 3
5309 3
5310 3
5311 3
5312 3
5313 3
5314 3
5315 3
5316 3
5317 3
5318 3
5319 3
5320 3
5321 3
5322 3
5323 3
5324 3
5325 3
5326 3
5327 3
5328 3
5329 3
5330 3
5331 3
5332 3
5333 3
5334 3
5335 3
5336 3
5337 3
5338 3
5339 3
5340 3
5341 3
5342 3
5343 3
5344 3
5345 3
5346 3
5347 3
5348 3
5349 3
5350 3
5351 3
5352 0
5353 3
5354 3
5355 3
5356 3
5357 3
5358 3
5359 3
5360 0
5361 3
5362 0
5363 1
5364 3
5365 3
5366 3
5367 3
5368 1
5369 3
5370 3
5371 1
5372 1
5373 3
5374 3
5375 1
5376 1
5377 3
5378 2
5379 3
5380 1
5381 3
5382 3
5383 1
5384 3
5385 3
5386 3
5387 3
5388 3
5389 3
5390 3
5391 3
5392 5
5393 3
5394 3
5395 3
5396 3
5397 3
5398 3
5399 3
5400 0
5401 3
5402 3
5403 3
5404 3
5405 3
5406 3
5407 3
5408 3
5409 3
5410 3
5411 3
5412 3
5413 3
5414 3
5415 3
5416 0
5417 4
5418 2
5419 0
5420 2
5421 2
5422 2
5423 3
5424 1
5425 2
5426 0
5427 0
5428 1
5429 3
5430 1
5431 3
5432 1
5433 3
5434 3
5435 3
5436 3
5437 3
5438 6
5439 6
5440 3
5441 3
5442 6
5443 0
5444 0
5445 1
5446 1
5447 1
5448 1
5449 0
5450 1
5451 1
5452 3
5453 3
5454 3
5455 3
5456 1
5457 3
5458 3
5459 1
5460 3
5461 1
5462 3
5463 1
5464 3
5465 3
5466 1
5467 3
5468 3
5469 3
5470 3
5471 3
5472 3
5473 3
5474 3
5475 3
5476 1
5477 3
5478 3
5479 3
5480 3
5481 3
5482 3
5483 3
5484 1
5485 3
5486 3
5487 3
5488 3
5489 3
5490 3
5491 3
5492 0
5493 3
5494 3
5495 1
5496 1
5497 0
5498 1
5499 3
5500 1
5501 0
5502 3
5503 3
5504 2
5505 1
5506 3
5507 0
5508 3
5509 3
5510 3
5511 0
5512 3
5513 1
5514 0
5515 0
5516 0
5517 3
5518 3
5519 1
5520 3
5521 3
5522 1
5523 1
5524 3
5525 1
5526 1
5527 3
5528 1
5529 3
5530 1
5531 3
5532 3
5533 3
5534 3
5535 3
5536 3
5537 3
5538 3
5539 1
5540 1
5541 2
5542 2
5543 2
5544 2
5545 3
5546 3
5547 3
5548 3
5549 3
5550 3
5551 3
5552 1
5553 1
5554 1
5555 0
5556 3
5557 3
5558 3
5559 1
5560 3
5561 3
5562 0
5563 3
5564 1
5565 3
5566 1
5567 1
5568 1
5569 1
5570 3
5571 1
5572 1
5573 2
5574 2
5575 1
5576 1
5577 1
5578 1
5579 0
5580 0
5581 1
5582 1
5583 3
5584 2
5585 1
5586 1
5587 3
5588 1
5589 1
5590 1
5591 1
5592 2
5593 1
5594 1
5595 1
5596 1
5597 0
5598 1
5599 1
5600 1
5601 1
5602 1
5603 3
5604 3
5605 3
5606 1
5607 1
5608 1
5609 0
5610 1
5611 1
5612 1
5613 1
5614 3
5615 1
5616 1
5617 1
5618 1
5619 1
5620 3
5621 1
5622 1
5623 1
5624 1
5625 1
5626 3
5627 1
5628 1
5629 3
5630 3
5631 3
5632 3
5633 3
5634 3
5635 3
5636 3
5637 1
5638 1
5639 3
5640 3
5641 1
5642 1
5643 1
5644 1
5645 1
5646 3
5647 3
5648 3
5649 3
5650 3
5651 3
5652 3
5653 3
5654 3
5655 3
5656 3
5657 3
5658 1
5659 3
5660 1
5661 1
5662 2
5663 3
5664 3
5665 3
5666 3
5667 3
5668 3
5669 3
5670 3
5671 0
5672 8
5673 0
5674 3
5675 1
5676 0
5677 1
5678 1
5679 1
5680 3
5681 0
5682 0
5683 0
5684 1
5685 0
5686 1
5687 1
5688 1
5689 1
5690 1
5691 1
5692 1
5693 1
5694 1
5695 3
5696 0
5697 3
5698 3
5699 0
5700 3
5701 3
5702 3
5703 0
5704 3
5705 3
5706 1
5707 3
5708 1
5709 0
5710 1
5711 1
5712 3
5713 3
5714 1
5715 0
5716 3
5717 3
5718 1
5719 3
5720 3
5721 3
5722 3
5723 3
5724 3
5725 3
5726 0
5727 0
5728 2
5729 3
5730 3
5731 3
5732 1
5733 3
5734 3
5735 3
5736 3
5737 1
5738 3
5739 3
5740 3
5741 3
5742 2
5743 2
5744 3
5745 3
5746 3
5747 0
5748 3
5749 3
5750 1
5751 3
5752 3
5753 3
5754 3
5755 1
5756 1
5757 0
5758 0
5759 0
5760 0
5761 0
5762 2
5763 0
5764 1
5765 1
5766 1
5767 1
5768 1
5769 3
5770 1
5771 1
5772 3
5773 0
5774 1
5775 1
5776 3
5777 1
5778 1
5779 1
5780 1
5781 3
5782 3
5783 3
5784 1
5785 1
5786 3
5787 3
5788 3
5789 1
5790 1
5791 1
5792 1
5793 2
5794 3
5795 3
5796 3
5797 3
5798 10
5799 1
5800 1
5801 0
5802 0
5803 1
5804 3
5805 3
5806 17
5807 1
5808 1
5809 3
5810 1
5811 3
5812 1
5813 3
5814 1
5815 3
5816 1
5817 1
5818 3
5819 0
5820 3
5821 3
5822 3
5823 3
5824 3
5825 3
5826 3
5827 3
5828 3
5829 3
5830 1
5831 1
5832 3
5833 3
5834 1
5835 1
5836 2
5837 1
5838 1
5839 1
5840 3
5841 3
5842 1
5843 1
5844 3
5845 0
5846 0
5847 3
5848 3
5849 1
5850 1
5851 3
5852 1
5853 1
5854 1
5855 1
5856 3
5857 1
5858 1
5859 3
5860 3
5861 1
5862 1
5863 1
5864 0
5865 1
5866 3
5867 0
5868 1
5869 1
5870 3
5871 1
5872 1
5873 1
5874 0
5875 1
5876 3
5877 3
5878 1
5879 1
5880 1
5881 1
5882 1
5883 0
5884 1
5885 3
5886 3
5887 3
5888 3
5889 3
5890 3
5891 3
5892 1
5893 0
5894 1
5895 1
5896 3
5897 3
5898 3
5899 0
5900 1
5901 3
5902 1
5903 1
5904 1
5905 1
5906 3
5907 3
5908 1
5909 3
5910 1
5911 1
5912 1
5913 1
5914 3
5915 1
5916 1
5917 3
5918 1
5919 1
5920 1
5921 3
5922 1
5923 1
5924 3
5925 3
5926 3
5927 3
5928 3
5929 3
5930 3
5931 3
5932 3
5933 3
5934 1
5935 3
5936 1
5937 1
5938 1
5939 3
5940 3
5941 0
5942 1
5943 1
5944 3
5945 0
5946 3
5947 1
5948 1
5949 3
5950 0
5951 1
5952 1
5953 1
5954 1
5955 1
5956 3
5957 1
5958 3
5959 3
5960 1
5961 1
5962 3
5963 3
5964 3
5965 1
5966 3
5967 0
5968 0
5969 3
5970 3
5971 3
5972 1
5973 3
5974 3
5975 3
5976 3
5977 1
5978 3
5979 1
5980 1
5981 0
5982 3
5983 0
5984 1
5985 3
5986 1
5987 1
5988 3
5989 3
5990 3
5991 1
5992 1
5993 1
5994 1
5995 3
5996 3
5997 1
5998 2
5999 1
6000 3
6001 1
6002 3
6003 1
6004 2
6005 0
6006 1
6007 1
6008 3
6009 3
6010 3
6011 3
6012 3
6013 1
6014 1
6015 3
6016 1
6017 1
6018 3
6019 1
6020 1
6021 3
6022 3
6023 1
6024 0
6025 0
6026 3
6027 3
6028 3
6029 3
6030 1
6031 3
6032 3
6033 1
6034 2
6035 3
6036 1
6037 1
6038 3
6039 0
6040 3
6041 1
6042 0
6043 1
6044 1
6045 3
6046 3
6047 1
6048 0
6049 3
6050 3
6051 3
6052 3
6053 3
6054 3
6055 3
6056 3
6057 3
6058 3
6059 3
6060 3
6061 3
6062 3
6063 3
6064 3
6065 1
6066 3
6067 3
6068 1
6069 1
6070 3
6071 3
6072 3
6073 1
6074 1
6075 0
6076 1
6077 3
6078 3
6079 0
6080 3
6081 3
6082 3
6083 3
6084 3
6085 3
6086 3
6087 3
6088 3
6089 3
6090 1
6091 3
6092 2
6093 3
6094 1
6095 3
6096 2
6097 2
6098 1
6099 3
6100 3
6101 3
6102 1
6103 1
6104 1
6105 1
6106 3
6107 1
6108 1
6109 3
6110 1
6111 3
6112 3
6113 3
6114 3
6115 1
6116 3
6117 1
6118 1
6119 0
6120 1
6121 3
6122 3
6123 0
6124 3
6125 1
6126 1
6127 3
6128 3
6129 3
6130 0
6131 3
6132 1
6133 3
6134 1
6135 2
6136 1
6137 3
6138 3
6139 3
6140 3
6141 0
6142 12
6143 1
6144 3
6145 3
6146 1
6147 0
6148 1
6149 1
6150 1
6151 3
6152 3
6153 3
6154 1
6155 0
6156 3
6157 1
6158 0
6159 0
6160 3
6161 1
6162 3
6163 1
6164 2
6165 3
6166 0
6167 3
6168 3
6169 3
6170 0
6171 3
6172 3
6173 3
6174 3
6175 3
6176 1
6177 1
6178 1
6179 1
6180 1
6181 1
6182 1
6183 1
6184 0
6185 2
6186 0
6187 3
6188 1
6189 3
6190 0
6191 0
6192 0
6193 0
6194 0
6195 2
6196 1
6197 3
6198 1
6199 1
6200 1
6201 2
6202 2
6203 3
6204 3
6205 1
6206 3
6207 3
6208 3
6209 3
6210 3
6211 3
6212 3
6213 3
6214 3
6215 3
6216 3
6217 3
6218 3
6219 1
6220 3
6221 3
6222 3
6223 0
6224 3
6225 2
6226 3
6227 3
6228 0
6229 3
6230 3
6231 3
6232 3
6233 3
6234 3
6235 3
6236 3
6237 3
6238 3
6239 3
6240 3
6241 3
6242 3
6243 3
6244 3
6245 3
6246 3
6247 3
6248 3
6249 3
6250 0
6251 0
6252 8
6253 3
6254 3
6255 3
6256 3
6257 3
6258 3
6259 3
6260 3
6261 3
6262 0
6263 3
6264 0
6265 3
6266 3
6267 3
6268 3
6269 3
6270 3
6271 0
6272 0
6273 1
6274 3
6275 3
6276 3
6277 1
6278 3
6279 3
6280 1
6281 1
6282 1
6283 1
6284 0
6285 3
6286 3
6287 2
6288 3
6289 1
6290 1
6291 0
6292 1
6293 0
6294 0
6295 3
6296 0
6297 0
6298 3
6299 3
6300 0
6301 0
6302 3
6303 3
6304 3
6305 3
6306 0
6307 3
6308 3
6309 3
6310 3
6311 3
6312 3
6313 3
6314 3
6315 3
6316 3
6317 3
6318 3
6319 1
6320 0
6321 3
6322 3
6323 1
6324 1
6325 3
6326 3
6327 3
6328 3
6329 0
6330 0
6331 3
6332 3
6333 3
6334 3
6335 3
6336 3
6337 0
6338 0
6339 0
6340 1
6341 0
6342 0
6343 3
6344 0
6345 0
6346 0
6347 0
6348 0
6349 0
6350 1
6351 0
6352 1
6353 3
6354 1
6355 1
6356 1
6357 1
6358 0
6359 0
6360 1
6361 3
6362 1
6363 1
6364 1
6365 3
6366 3
6367 3
6368 1
6369 9
6370 9
6371 1
6372 1
6373 3
6374 1
6375 3
6376 3
6377 3
6378 3
6379 3
6380 3
6381 0
6382 3
6383 3
6384 3
6385 3
6386 3
6387 3
6388 3
6389 0
6390 10
6391 1
6392 3
6393 10
6394 1
6395 2
6396 10
6397 10
6398 3
6399 1
6400 1
6401 3
6402 3
6403 3
6404 3
6405 3
6406 1
6407 1
6408 3
6409 3
6410 3
6411 1
6412 1
6413 1
6414 1
6415 5
6416 3
6417 3
6418 3
6419 0
6420 3
6421 2
6422 3
6423 3
6424 2
6425 1
6426 3
6427 3
6428 3
6429 3
6430 0
6431 0
6432 3
6433 3
6434 3
6435 1
6436 11
6437 2
6438 11
6439 11
6440 1
6441 3
6442 3
6443 3
6444 1
6445 3
6446 3
6447 3
6448 3
6449 1
6450 3
6451 0
6452 3
6453 3
6454 3
6455 0
6456 0
6457 1
6458 0
6459 1
6460 0
6461 3
6462 0
6463 3
6464 3
6465 0
6466 0
6467 3
6468 3
6469 3
6470 0
6471 3
6472 3
6473 0
6474 3
6475 1
6476 3
6477 1
6478 0
6479 1
6480 3
6481 3
6482 2
6483 3
6484 1
6485 1
6486 3
6487 3
6488 3
6489 3
6490 3
6491 3
6492 3
6493 3
6494 3
6495 3
6496 3
6497 3
6498 3
6499 3
6500 3
6501 3
6502 3
6503 3
6504 3
6505 3
6506 3
6507 3
6508 3
6509 3
6510 3
6511 3
6512 3
6513 3
6514 3
6515 3
6516 3
6517 3
6518 3
6519 3
6520 3
6521 3
6522 3
6523 3
6524 3
6525 3
6526 3
6527 3
6528 1
6529 0
6530 3
6531 3
6532 3
6533 3
6534 1
6535 1
6536 1
6537 1
6538 1
6539 3
6540 1
6541 1
6542 3
6543 3
6544 3
6545 3
6546 3
6547 3
6548 3
6549 3
6550 0
6551 3
6552 1
6553 1
6554 1
6555 1
6556 1
6557 1
6558 3
6559 3
6560 1
6561 0
6562 0
6563 1
6564 0
6565 3
6566 0
6567 3
6568 3
6569 3
6570 3
6571 3
6572 3
6573 3
6574 0
6575 3
6576 0
6577 0
6578 3
6579 3
6580 3
6581 1
6582 1
6583 3
6584 0
6585 3
6586 3
6587 3
6588 3
6589 3
6590 1
6591 0
6592 0
6593 2
6594 1
6595 3
6596 3
6597 3
6598 3
6599 3
6600 3
6601 0
6602 3
6603 3
6604 3
6605 3
6606 3
6607 3
6608 3
6609 3
6610 3
6611 3
6612 3
6613 3
6614 3
6615 3
6616 2
6617 14
6618 3
6619 3
6620 3
6621 3
6622 3
6623 3
6624 3
6625 0
6626 3
6627 3
6628 3
6629 3
6630 3
6631 3
6632 3
6633 3
6634 3
6635 3
6636 3
6637 3
6638 3
6639 3
6640 3
6641 3
6642 3
6643 3
6644 3
6645 3
6646 3
6647 3
6648 3
6649 3
6650 3
6651 3
6652 3
6653 3
6654 3
6655 3
6656 3
6657 3
6658 3
6659 3
6660 3
6661 3
6662 1
6663 3
6664 3
6665 3
6666 3
6667 3
6668 3
6669 3
6670 3
6671 3
6672 3
6673 3
6674 3
6675 3
6676 3
6677 3
6678 3
6679 3
6680 3
6681 3
6682 3
6683 3
6684 3
6685 3
6686 3
6687 3
6688 3
6689 3
6690 3
6691 3
6692 3
6693 3
6694 3
6695 3
6696 3
6697 3
6698 3
6699 3
6700 3
6701 3
6702 3
6703 3
6704 3
6705 3
6706 3
6707 3
6708 3
6709 3
6710 3
6711 3
6712 3
6713 3
6714 3
6715 3
6716 3
6717 3
6718 3
6719 3
6720 3
6721 3
6722 3
6723 3
6724 3
6725 1
6726 0
6727 3
6728 3
6729 3
6730 1
6731 3
6732 3
6733 3
6734 3
6735 3
6736 3
6737 3
6738 3
6739 3
6740 1
6741 3
6742 3
6743 3
6744 3
6745 3
6746 0
6747 3
6748 3
6749 0
6750 3
6751 3
6752 0
6753 3
6754 3
6755 3
6756 3
6757 0
6758 3
6759 3
6760 3
6761 2
6762 3
6763 1
6764 5
6765 1
6766 1
6767 0
6768 3
6769 0
6770 0
6771 0
6772 8
6773 3
6774 3
6775 3
6776 3
6777 1
6778 1
6779 0
6780 1
6781 1
6782 3
6783 3
6784 3
6785 3
6786 1
6787 3
6788 3
6789 2
6790 3
6791 0
6792 3
6793 0
6794 0
6795 5
6796 5
6797 5
6798 5
6799 5
6800 5
6801 5
6802 5
6803 5
6804 5
6805 5
6806 5
6807 0
6808 3
6809 1
6810 5
6811 5
6812 5
6813 5
6814 3
6815 5
6816 5
6817 5
6818 5
6819 5
6820 5
6821 3
6822 7
6823 7
6824 7
6825 3
6826 7
6827 0
6828 2
6829 0
6830 0
6831 0
6832 0
6833 0
6834 0
6835 0
6836 3
6837 3
6838 3
6839 1
6840 0
6841 0
6842 3
6843 3
6844 3
6845 1
6846 1
6847 1
6848 1
6849 1
6850 1
6851 0
6852 0
6853 0
6854 1
6855 0
6856 0
6857 0
6858 1
6859 0
6860 3
6861 0
6862 3
6863 1
6864 8
6865 1
6866 0
6867 0
6868 0
6869 0
6870 0
6871 0
6872 0
6873 0
6874 0
6875 0
6876 0
6877 1
6878 0
6879 0
6880 0
6881 0
6882 1
6883 0
6884 0
6885 0
6886 1
6887 3
6888 1
6889 3
6890 3
6891 3
6892 3
6893 3
6894 3
6895 3
6896 3
6897 1
6898 3
6899 0
6900 3
6901 3
6902 3
6903 3
6904 3
6905 3
6906 3
6907 0
6908 3
6909 3
6910 3
6911 3
6912 1
6913 3
6914 3
6915 1
6916 3
6917 0
6918 3
6919 3
6920 3
6921 3
6922 3
6923 3
6924 3
6925 0
6926 1
6927 3
6928 3
6929 1
6930 1
6931 3
6932 3
6933 3
6934 0
6935 3
6936 3
6937 3
6938 0
6939 3
6940 1
6941 0
6942 0
6943 1
6944 0
6945 3
6946 3
6947 3
6948 3
6949 3
6950 3
6951 3
6952 3
6953 3
6954 3
6955 3
6956 3
6957 3
6958 3
6959 3
6960 0
6961 3
6962 3
6963 15
6964 3
6965 3
6966 3
6967 3
6968 3
6969 3
6970 3
6971 3
6972 3
6973 3
6974 3
6975 3
6976 3
6977 3
6978 1
6979 3
6980 3
6981 12
6982 12
6983 3
6984 8
6985 2
6986 2
6987 2
6988 2
6989 2
6990 2
6991 3
6992 2
6993 2
6994 2
6995 2
6996 2
6997 2
6998 2
6999 2
7000 2
7001 2
7002 2
7003 2
7004 2
7005 2
7006 2
7007 2
7008 2
7009 2
7010 2
7011 2
7012 2
7013 2
7014 2
7015 2
7016 2
7017 2
7018 2
7019 2
7020 2
7021 2
7022 2
7023 2
7024 2
7025 2
7026 2
7027 2
7028 2
7029 2
7030 1
7031 3
7032 3
7033 3
7034 3
7035 3
7036 3
7037 3
7038 3
7039 3
7040 3
7041 3
7042 3
7043 3
7044 3
7045 3
7046 1
7047 3
7048 3
7049 3
7050 3
7051 3
7052 3
7053 3
7054 3
7055 3
7056 3
7057 3
7058 3
7059 2
7060 0
7061 3
7062 3
7063 3
7064 3
7065 1
7066 3
7067 3
7068 1
7069 1
7070 1
7071 3
7072 3
7073 1
7074 3
7075 3
7076 3
7077 3
7078 3
7079 3
7080 3
7081 3
7082 3
7083 3
7084 3
7085 3
7086 3
7087 3
7088 3
7089 3
7090 1
7091 1
7092 1
7093 1
7094 3
7095 0
7096 3
7097 3
7098 3
7099 0
7100 0
7101 3
7102 3
7103 3
7104 0
7105 3
7106 3
7107 3
7108 1
7109 1
7110 3
7111 1
7112 1
7113 1
7114 1
7115 1
7116 1
7117 1
7118 1
7119 3
7120 1
7121 1
7122 1
7123 1
7124 1
7125 3
7126 1
7127 1
7128 0
7129 1
7130 0
7131 3
7132 1
7133 1
7134 1
7135 1
7136 0
7137 1
7138 3
7139 1
7140 3
7141 1
7142 1
7143 1
7144 1
7145 3
7146 1
7147 1
7148 1
7149 1
7150 3
7151 1
7152 1
7153 1
7154 3
7155 0
7156 3
7157 3
7158 3
7159 3
7160 3
7161 3
7162 3
7163 3
7164 3
7165 3
7166 3
7167 3
7168 3
7169 3
7170 3
7171 3
7172 3
7173 3
7174 3
7175 3
7176 3
7177 3
7178 3
7179 3
7180 3
7181 3
7182 3
7183 3
7184 3
7185 3
7186 3
7187 3
7188 3
7189 3
7190 3
7191 3
7192 3
7193 3
7194 3
7195 3
7196 3
7197 3
7198 3
7199 3
7200 3
7201 3
7202 0
7203 3
7204 3
7205 3
7206 3
7207 3
7208 3
7209 3
7210 3
7211 3
7212 3
7213 3
7214 3
7215 3
7216 3
7217 3
7218 3
7219 3
7220 3
7221 3
7222 3
7223 3
7224 3
7225 3
7226 3
7227 3
7228 3
7229 3
7230 3
7231 3
7232 3
7233 3
7234 3
7235 3
7236 3
7237 3
7238 3
7239 3
7240 3
7241 3
7242 3
7243 3
7244 3
7245 3
7246 3
7247 3
7248 3
7249 3
7250 3
7251 3
7252 3
7253 3
7254 3
7255 3
7256 3
7257 3
7258 3
7259 3
7260 3
7261 3
7262 3
7263 3
7264 3
7265 0
7266 0
7267 1
7268 0
7269 3
7270 3
7271 3
7272 0
7273 2
7274 2
7275 1
7276 2
7277 1
7278 2
7279 2
7280 2
7281 2
7282 2
7283 2
7284 2
7285 2
7286 2
7287 2
7288 2
7289 2
7290 2
7291 0
7292 2
7293 2
7294 0
7295 0
7296 0
7297 0
7298 3
7299 3
7300 0
7301 0
7302 0
7303 1
7304 1
7305 1
7306 1
7307 1
7308 3
7309 0
7310 0
7311 3
7312 3
7313 1
7314 3
7315 3
7316 3
7317 3
7318 3
7319 3
7320 8
7321 1
7322 1
7323 3
7324 3
7325 3
7326 3
7327 3
7328 3
7329 3
7330 3
7331 3
7332 3
7333 3
7334 3
7335 3
7336 0
7337 3
7338 3
7339 1
7340 13
7341 13
7342 13
7343 13
7344 13
7345 0
7346 13
7347 0
7348 3
7349 0
7350 1
7351 1
7352 0
7353 0
7354 3
7355 3
7356 3
7357 3
7358 1
7359 0
7360 3
7361 3
7362 3
7363 3
7364 3
7365 3
7366 3
7367 3
7368 1
7369 1
7370 3
7371 0
7372 0
7373 1
7374 3
7375 1
7376 1
7377 1
7378 1
7379 1
7380 3
7381 0
7382 0
7383 3
7384 3
7385 1
7386 1
7387 3
7388 3
7389 3
7390 0
7391 0
7392 0
7393 1
7394 1
7395 1
7396 1
7397 1
7398 1
7399 1
7400 1
7401 1
7402 1
7403 1
7404 1
7405 1
7406 1
7407 1
7408 1
7409 0
7410 0
7411 0
7412 3
7413 3
7414 2
7415 2
7416 2
7417 2
7418 2
7419 3
7420 3
7421 3
7422 3
7423 3
7424 0
7425 3
7426 3
7427 3
7428 3
7429 3
7430 3
7431 3
7432 3
7433 3
7434 3
7435 3
7436 3
7437 3
7438 0
7439 0
7440 3
7441 1
7442 3
7443 1
7444 1
7445 3
7446 3
7447 3
7448 3
7449 1
7450 1
7451 1
7452 3
7453 0
7454 3
7455 0
7456 3
7457 3
7458 3
7459 0
7460 0
7461 0
7462 0
7463 0
7464 1
7465 0
7466 0
7467 0
7468 0
7469 0
7470 0
7471 0
7472 0
7473 0
7474 0
7475 0
7476 0
7477 0
7478 0
7479 3
7480 3
7481 3
7482 3
7483 3
7484 1
7485 3
7486 0
7487 0
7488 0
7489 0
7490 1
7491 3
7492 1
7493 0
7494 1
7495 1
7496 1
7497 1
7498 1
7499 1
7500 0
7501 0
7502 3
7503 3
7504 3
7505 3
7506 3
7507 0
7508 1
7509 1
7510 0
7511 3
7512 0
7513 0
7514 0
7515 14
7516 3
7517 3
7518 0
7519 0
7520 0
7521 3
7522 3
7523 3
7524 3
7525 3
7526 3
7527 3
7528 1
7529 3
7530 1
7531 1
7532 3
7533 1
7534 1
7535 0
7536 1
7537 1
7538 0
7539 0
7540 0
7541 0
7542 0
7543 3
7544 3
7545 1
7546 3
7547 3
7548 3
7549 3
7550 3
7551 3
7552 0
7553 3
7554 15
7555 15
7556 15
7557 15
7558 15
7559 15
7560 15
7561 15
7562 15
7563 15
7564 15
7565 1
7566 0
7567 0
7568 3
7569 3
7570 3
7571 0
7572 0
7573 3
7574 0
7575 3
7576 16
7577 16
7578 16
7579 3
7580 3
7581 3
7582 1
7583 1
7584 1
7585 1
7586 0
7587 3
7588 3
7589 0
7590 0
7591 8
7592 0
7593 3
7594 3
7595 3
7596 3
7597 3
7598 3
7599 3
7600 3
7601 3
7602 3
7603 3
7604 3
7605 1
7606 3
7607 3
7608 0
7609 1
7610 0
7611 3
7612 3
7613 3
7614 1
7615 3
7616 0
7617 0
7618 0
7619 0
7620 3
7621 3
7622 3
7623 3
7624 3
7625 3
7626 3
7627 3
7628 3
7629 3
7630 3
7631 3
7632 3
7633 3
7634 3
7635 3
7636 1
7637 0
7638 1
7639 17
7640 17
7641 17
7642 17
7643 17
7644 17
7645 17
7646 0
7647 0
7648 0
7649 0
7650 1
7651 1
7652 1
7653 1
7654 0
7655 0
7656 0
7657 1
7658 0
7659 0
7660 1
7661 1
7662 1
7663 1
7664 3
7665 3
7666 1
7667 1
7668 3
7669 3
7670 3
7671 3
7672 3
7673 3
7674 3
7675 3
7676 3
7677 3
7678 1
7679 1
7680 1
7681 1
7682 3
7683 1
7684 3
7685 3
7686 1
7687 1
7688 3
7689 3
7690 1
7691 3
7692 8
7693 8
7694 8
7695 1
7696 3
7697 3
7698 3
7699 3
7700 0
7701 3
7702 1
7703 1
7704 3
7705 3
7706 3
7707 3
7708 0
7709 3
7710 0
7711 0
7712 0
7713 2
7714 3
7715 3
7716 3
7717 3
7718 3
7719 3
7720 1
7721 3
7722 3
7723 3
7724 3
7725 0
7726 1
7727 3
7728 3
7729 3
7730 3
7731 3
7732 1
7733 3
7734 0
7735 0
7736 0
7737 0
7738 0
7739 0
7740 0
network of communities computed : Thu Jan  7 08:42:18 2010

network : 18 nodes, 118 links, 72314760 weight.
pass number 1 of -1 : 0.18564 0.185635
pass number 2 of -1 : 0.18564 0.18564
communities computed : Thu Jan  7 08:42:18 2010
modularity increased from 0.185635 to 0.18564
0 0
1 2
2 4
3 6
4 0
5 5
6 1
7 2
8 4
9 0
10 6
11 3
12 6
13 6
14 6
15 5
16 6
17 6
network of communities computed : Thu Jan  7 08:42:18 2010

network : 7 nodes, 29 links, 72314760 weight.
pass number 1 of -1 : 0.18564 0.18564
communities computed : Thu Jan  7 08:42:18 2010
modularity increased from 0.18564 to 0.18564
0 0
1 1
2 2
3 3
4 4
5 5
6 6
network of communities computed : Thu Jan  7 08:42:18 2010
1e-06 0.18564 121
