Sender: LSF System <lsfadmin@bc20-n02>
Subject: Job 429317: <comm_pct12> Done

Job <comm_pct12> was submitted from host <bc10-n13> by user <jabloche> in cluster <lucky>.
Job was executed on host(s) <bc20-n02>, in queue <week>, as user <jabloche> in cluster <lucky>.
</afs/isis.unc.edu/home/j/a/jabloche> was used as the home directory.
</netscr/jabloche/FirmNetworks/cLouvain> was used as the working directory.
Started at Thu Jan  7 08:40:22 2010
Results reported at Thu Jan  7 08:44:28 2010

Your job looked like:

------------------------------------------------------------
# LSBATCH: User input
/netscr/jabloche/FirmNetworks/cLouvain/community /smallfs/jabloche/fn_edge/el_pct12.bin -l -1 -w
------------------------------------------------------------

Successfully completed.

Resource usage summary:

    CPU time   :    193.67 sec.
    Max Memory :       245 MB
    Max Swap   :       396 MB

    Max Processes  :         4
    Max Threads    :         4

The output (if any) follows:

Your home directory for this job is /netscr/jabloche
start : Thu Jan  7 08:40:27 2010
total : 15803155
file read : Thu Jan  7 08:41:14 2010
network : 8466 nodes, 15803155 links, 219950632 weight.
pass number 1 of -1 : 0.0822162 -0.000210972
pass number 2 of -1 : 0.0954498 0.0822162
pass number 3 of -1 : 0.101934 0.0954498
pass number 4 of -1 : 0.105985 0.101934
pass number 5 of -1 : 0.10724 0.105985
pass number 6 of -1 : 0.107463 0.10724
pass number 7 of -1 : 0.107483 0.107463
pass number 8 of -1 : 0.107491 0.107483
pass number 9 of -1 : 0.107492 0.107491
pass number 10 of -1 : 0.107493 0.107492
communities computed : Thu Jan  7 08:44:27 2010
modularity increased from -0.000210972 to 0.107493
0 7
1 3
2 1
3 7
4 7
5 7
6 3
7 7
8 7
9 3
10 7
11 7
12 3
13 7
14 7
15 7
16 7
17 3
18 7
19 7
20 7
21 7
22 7
23 7
24 7
25 7
26 3
27 7
28 7
29 3
30 7
31 7
32 7
33 7
34 7
35 7
36 7
37 3
38 7
39 7
40 3
41 3
42 7
43 7
44 7
45 3
46 3
47 7
48 7
49 7
50 7
51 7
52 7
53 7
54 3
55 7
56 7
57 7
58 7
59 7
60 7
61 7
62 3
63 7
64 3
65 7
66 7
67 3
68 7
69 7
70 7
71 7
72 7
73 3
74 7
75 7
76 3
77 3
78 7
79 3
80 7
81 7
82 3
83 7
84 7
85 3
86 7
87 7
88 3
89 3
90 1
91 7
92 1
93 1
94 1
95 1
96 1
97 1
98 1
99 7
100 1
101 3
102 0
103 1
104 1
105 1
106 1
107 1
108 7
109 3
110 7
111 3
112 7
113 7
114 3
115 3
116 3
117 7
118 3
119 3
120 7
121 1
122 7
123 7
124 7
125 7
126 1
127 3
128 7
129 3
130 3
131 7
132 3
133 3
134 3
135 3
136 3
137 0
138 7
139 3
140 3
141 3
142 7
143 3
144 3
145 7
146 3
147 7
148 3
149 3
150 7
151 7
152 7
153 3
154 7
155 7
156 3
157 7
158 7
159 3
160 7
161 7
162 3
163 3
164 7
165 3
166 3
167 7
168 3
169 3
170 3
171 3
172 3
173 0
174 3
175 3
176 7
177 7
178 3
179 3
180 7
181 7
182 1
183 3
184 0
185 3
186 7
187 7
188 3
189 7
190 7
191 7
192 3
193 3
194 3
195 3
196 7
197 3
198 3
199 7
200 3
201 1
202 7
203 7
204 7
205 3
206 3
207 3
208 7
209 3
210 0
211 7
212 3
213 0
214 7
215 7
216 7
217 3
218 3
219 3
220 7
221 3
222 7
223 7
224 7
225 7
226 3
227 7
228 7
229 3
230 3
231 7
232 0
233 7
234 3
235 7
236 7
237 3
238 3
239 3
240 3
241 7
242 7
243 3
244 0
245 7
246 3
247 7
248 7
249 3
250 7
251 7
252 7
253 7
254 0
255 1
256 7
257 0
258 7
259 3
260 7
261 7
262 7
263 0
264 3
265 3
266 7
267 7
268 7
269 7
270 1
271 7
272 0
273 3
274 3
275 3
276 7
277 7
278 3
279 3
280 3
281 3
282 7
283 3
284 3
285 3
286 3
287 3
288 7
289 7
290 7
291 7
292 3
293 7
294 7
295 3
296 7
297 3
298 3
299 7
300 7
301 3
302 7
303 7
304 3
305 0
306 3
307 3
308 3
309 3
310 7
311 7
312 7
313 0
314 7
315 3
316 7
317 0
318 3
319 3
320 1
321 3
322 3
323 3
324 0
325 7
326 7
327 0
328 7
329 3
330 7
331 7
332 3
333 3
334 7
335 7
336 7
337 3
338 3
339 3
340 3
341 3
342 7
343 3
344 3
345 0
346 0
347 3
348 3
349 7
350 3
351 3
352 7
353 3
354 0
355 3
356 7
357 7
358 7
359 3
360 3
361 7
362 0
363 7
364 3
365 0
366 7
367 3
368 7
369 3
370 3
371 7
372 1
373 7
374 7
375 3
376 7
377 1
378 7
379 3
380 3
381 7
382 3
383 7
384 7
385 7
386 7
387 3
388 7
389 7
390 1
391 7
392 7
393 1
394 7
395 7
396 3
397 7
398 7
399 7
400 7
401 7
402 1
403 7
404 7
405 7
406 3
407 3
408 7
409 0
410 3
411 3
412 7
413 7
414 3
415 3
416 3
417 3
418 7
419 0
420 3
421 7
422 7
423 7
424 3
425 7
426 3
427 3
428 7
429 1
430 7
431 7
432 1
433 7
434 7
435 3
436 3
437 1
438 7
439 7
440 0
441 7
442 3
443 0
444 7
445 3
446 3
447 3
448 7
449 3
450 7
451 1
452 3
453 7
454 3
455 7
456 7
457 3
458 3
459 0
460 3
461 3
462 3
463 7
464 7
465 3
466 7
467 3
468 3
469 3
470 0
471 0
472 7
473 3
474 0
475 7
476 3
477 3
478 3
479 3
480 7
481 7
482 7
483 3
484 7
485 7
486 7
487 3
488 3
489 7
490 3
491 7
492 3
493 3
494 3
495 7
496 3
497 7
498 7
499 3
500 3
501 3
502 7
503 7
504 7
505 7
506 7
507 3
508 3
509 7
510 3
511 7
512 7
513 3
514 7
515 7
516 3
517 7
518 7
519 3
520 0
521 0
522 7
523 7
524 3
525 7
526 7
527 7
528 3
529 3
530 7
531 7
532 3
533 3
534 3
535 3
536 3
537 7
538 3
539 1
540 3
541 7
542 7
543 3
544 7
545 7
546 3
547 3
548 3
549 3
550 3
551 7
552 7
553 7
554 7
555 7
556 7
557 7
558 3
559 7
560 7
561 3
562 3
563 7
564 3
565 7
566 7
567 3
568 3
569 3
570 3
571 7
572 7
573 7
574 3
575 3
576 7
577 1
578 7
579 7
580 3
581 3
582 7
583 7
584 7
585 7
586 7
587 0
588 3
589 3
590 3
591 7
592 3
593 1
594 7
595 7
596 7
597 7
598 7
599 7
600 3
601 3
602 0
603 3
604 7
605 7
606 7
607 7
608 3
609 0
610 7
611 7
612 3
613 7
614 7
615 1
616 3
617 7
618 7
619 3
620 0
621 7
622 3
623 7
624 7
625 3
626 3
627 3
628 3
629 7
630 1
631 7
632 0
633 7
634 3
635 3
636 7
637 7
638 3
639 7
640 7
641 3
642 7
643 3
644 7
645 3
646 3
647 0
648 7
649 7
650 3
651 7
652 7
653 7
654 0
655 3
656 7
657 3
658 1
659 7
660 3
661 3
662 3
663 3
664 7
665 7
666 3
667 3
668 3
669 7
670 3
671 3
672 3
673 7
674 7
675 7
676 7
677 7
678 3
679 3
680 7
681 3
682 7
683 3
684 3
685 7
686 7
687 3
688 7
689 3
690 7
691 3
692 3
693 3
694 0
695 7
696 3
697 7
698 7
699 7
700 7
701 3
702 1
703 3
704 7
705 7
706 0
707 7
708 7
709 3
710 7
711 3
712 7
713 0
714 1
715 3
716 7
717 3
718 3
719 7
720 3
721 3
722 7
723 0
724 7
725 3
726 3
727 7
728 7
729 3
730 7
731 7
732 7
733 0
734 3
735 7
736 3
737 3
738 3
739 7
740 7
741 0
742 7
743 7
744 3
745 7
746 3
747 7
748 3
749 7
750 7
751 0
752 7
753 0
754 7
755 0
756 7
757 3
758 1
759 7
760 1
761 0
762 7
763 1
764 3
765 3
766 1
767 7
768 7
769 3
770 7
771 7
772 1
773 3
774 3
775 7
776 3
777 7
778 0
779 7
780 7
781 3
782 3
783 3
784 3
785 7
786 7
787 0
788 7
789 3
790 3
791 3
792 0
793 7
794 7
795 7
796 7
797 7
798 3
799 3
800 3
801 7
802 0
803 3
804 3
805 3
806 0
807 7
808 7
809 0
810 3
811 7
812 3
813 3
814 3
815 3
816 7
817 3
818 7
819 7
820 3
821 3
822 7
823 3
824 7
825 7
826 3
827 7
828 3
829 7
830 3
831 7
832 3
833 3
834 7
835 3
836 7
837 3
838 3
839 3
840 1
841 7
842 3
843 3
844 0
845 3
846 7
847 7
848 7
849 7
850 7
851 7
852 3
853 7
854 3
855 7
856 7
857 7
858 7
859 3
860 7
861 3
862 7
863 1
864 1
865 3
866 7
867 3
868 3
869 3
870 3
871 7
872 7
873 0
874 7
875 3
876 3
877 3
878 0
879 3
880 3
881 3
882 3
883 3
884 3
885 7
886 3
887 1
888 7
889 0
890 7
891 7
892 7
893 3
894 7
895 7
896 7
897 3
898 7
899 7
900 7
901 3
902 0
903 3
904 7
905 7
906 3
907 7
908 7
909 3
910 3
911 7
912 0
913 3
914 3
915 7
916 7
917 3
918 7
919 3
920 3
921 7
922 7
923 3
924 7
925 3
926 7
927 7
928 3
929 3
930 7
931 7
932 7
933 7
934 3
935 7
936 1
937 3
938 0
939 7
940 3
941 3
942 1
943 3
944 7
945 7
946 3
947 3
948 7
949 7
950 3
951 7
952 7
953 7
954 3
955 3
956 3
957 3
958 3
959 7
960 1
961 0
962 7
963 7
964 3
965 7
966 3
967 1
968 1
969 1
970 3
971 3
972 3
973 7
974 0
975 3
976 7
977 3
978 1
979 7
980 7
981 7
982 3
983 3
984 7
985 1
986 7
987 1
988 3
989 0
990 7
991 7
992 7
993 7
994 7
995 7
996 3
997 7
998 0
999 3
1000 7
1001 7
1002 7
1003 7
1004 3
1005 3
1006 7
1007 3
1008 7
1009 3
1010 3
1011 0
1012 0
1013 7
1014 3
1015 3
1016 7
1017 3
1018 7
1019 3
1020 7
1021 0
1022 0
1023 0
1024 3
1025 3
1026 0
1027 3
1028 3
1029 3
1030 7
1031 3
1032 3
1033 3
1034 3
1035 3
1036 7
1037 3
1038 3
1039 3
1040 3
1041 3
1042 7
1043 3
1044 7
1045 3
1046 7
1047 7
1048 3
1049 7
1050 7
1051 7
1052 1
1053 7
1054 7
1055 7
1056 7
1057 7
1058 1
1059 3
1060 1
1061 7
1062 1
1063 1
1064 0
1065 7
1066 3
1067 1
1068 3
1069 7
1070 3
1071 3
1072 0
1073 1
1074 1
1075 1
1076 7
1077 1
1078 7
1079 1
1080 7
1081 0
1082 7
1083 1
1084 7
1085 7
1086 1
1087 7
1088 7
1089 7
1090 7
1091 7
1092 7
1093 7
1094 7
1095 3
1096 1
1097 1
1098 7
1099 3
1100 1
1101 3
1102 7
1103 1
1104 3
1105 7
1106 7
1107 0
1108 3
1109 1
1110 1
1111 0
1112 7
1113 0
1114 1
1115 7
1116 1
1117 7
1118 7
1119 7
1120 7
1121 7
1122 7
1123 7
1124 7
1125 1
1126 1
1127 1
1128 7
1129 7
1130 1
1131 0
1132 3
1133 3
1134 0
1135 3
1136 7
1137 3
1138 0
1139 3
1140 7
1141 7
1142 3
1143 3
1144 1
1145 1
1146 7
1147 3
1148 1
1149 3
1150 7
1151 3
1152 1
1153 7
1154 1
1155 1
1156 3
1157 1
1158 3
1159 7
1160 1
1161 3
1162 3
1163 3
1164 1
1165 3
1166 1
1167 1
1168 3
1169 7
1170 7
1171 1
1172 3
1173 7
1174 0
1175 0
1176 5
1177 1
1178 7
1179 7
1180 7
1181 1
1182 3
1183 1
1184 3
1185 3
1186 7
1187 7
1188 7
1189 7
1190 7
1191 7
1192 7
1193 3
1194 7
1195 1
1196 7
1197 7
1198 7
1199 3
1200 7
1201 0
1202 7
1203 3
1204 7
1205 3
1206 3
1207 7
1208 3
1209 3
1210 3
1211 0
1212 3
1213 3
1214 1
1215 3
1216 3
1217 3
1218 3
1219 3
1220 7
1221 7
1222 7
1223 7
1224 7
1225 7
1226 3
1227 3
1228 3
1229 3
1230 3
1231 3
1232 3
1233 0
1234 3
1235 7
1236 3
1237 3
1238 3
1239 1
1240 3
1241 1
1242 3
1243 1
1244 7
1245 3
1246 3
1247 3
1248 7
1249 3
1250 3
1251 7
1252 7
1253 7
1254 3
1255 3
1256 3
1257 3
1258 3
1259 7
1260 7
1261 3
1262 3
1263 0
1264 3
1265 3
1266 3
1267 3
1268 3
1269 0
1270 7
1271 7
1272 0
1273 3
1274 7
1275 1
1276 1
1277 3
1278 3
1279 1
1280 3
1281 1
1282 1
1283 1
1284 3
1285 1
1286 1
1287 0
1288 0
1289 3
1290 7
1291 1
1292 3
1293 1
1294 1
1295 1
1296 1
1297 0
1298 1
1299 1
1300 1
1301 1
1302 1
1303 1
1304 1
1305 1
1306 0
1307 1
1308 1
1309 1
1310 1
1311 1
1312 1
1313 1
1314 1
1315 1
1316 1
1317 1
1318 3
1319 1
1320 3
1321 1
1322 1
1323 1
1324 1
1325 1
1326 1
1327 1
1328 1
1329 1
1330 1
1331 1
1332 1
1333 1
1334 1
1335 1
1336 3
1337 1
1338 1
1339 7
1340 1
1341 1
1342 1
1343 1
1344 1
1345 0
1346 1
1347 0
1348 1
1349 1
1350 3
1351 1
1352 1
1353 7
1354 1
1355 1
1356 1
1357 0
1358 1
1359 1
1360 1
1361 1
1362 1
1363 7
1364 1
1365 0
1366 0
1367 1
1368 1
1369 3
1370 1
1371 1
1372 1
1373 1
1374 1
1375 1
1376 1
1377 1
1378 1
1379 1
1380 1
1381 3
1382 1
1383 1
1384 1
1385 1
1386 1
1387 0
1388 3
1389 1
1390 1
1391 1
1392 1
1393 3
1394 1
1395 1
1396 1
1397 1
1398 1
1399 1
1400 1
1401 3
1402 3
1403 1
1404 3
1405 1
1406 1
1407 7
1408 1
1409 1
1410 1
1411 1
1412 1
1413 1
1414 7
1415 1
1416 1
1417 7
1418 1
1419 1
1420 7
1421 1
1422 3
1423 3
1424 3
1425 7
1426 7
1427 3
1428 7
1429 7
1430 7
1431 3
1432 7
1433 7
1434 1
1435 7
1436 7
1437 3
1438 7
1439 7
1440 7
1441 7
1442 3
1443 3
1444 7
1445 3
1446 7
1447 1
1448 3
1449 3
1450 3
1451 3
1452 7
1453 7
1454 7
1455 3
1456 7
1457 7
1458 7
1459 3
1460 7
1461 7
1462 0
1463 7
1464 7
1465 7
1466 7
1467 7
1468 7
1469 1
1470 7
1471 7
1472 7
1473 3
1474 7
1475 7
1476 7
1477 3
1478 7
1479 7
1480 3
1481 3
1482 7
1483 3
1484 7
1485 3
1486 7
1487 3
1488 7
1489 7
1490 7
1491 7
1492 7
1493 7
1494 7
1495 7
1496 3
1497 7
1498 7
1499 7
1500 7
1501 7
1502 7
1503 7
1504 7
1505 7
1506 7
1507 7
1508 7
1509 7
1510 7
1511 7
1512 7
1513 7
1514 7
1515 7
1516 7
1517 7
1518 7
1519 0
1520 7
1521 7
1522 7
1523 7
1524 7
1525 7
1526 7
1527 3
1528 7
1529 3
1530 0
1531 7
1532 7
1533 3
1534 7
1535 7
1536 7
1537 7
1538 0
1539 3
1540 7
1541 7
1542 3
1543 3
1544 3
1545 7
1546 7
1547 7
1548 7
1549 3
1550 3
1551 3
1552 1
1553 7
1554 0
1555 7
1556 7
1557 3
1558 7
1559 7
1560 3
1561 7
1562 3
1563 7
1564 0
1565 7
1566 3
1567 7
1568 7
1569 3
1570 3
1571 7
1572 7
1573 7
1574 7
1575 0
1576 7
1577 7
1578 7
1579 7
1580 7
1581 7
1582 3
1583 7
1584 7
1585 3
1586 7
1587 7
1588 7
1589 7
1590 7
1591 3
1592 7
1593 7
1594 3
1595 3
1596 7
1597 7
1598 3
1599 3
1600 7
1601 7
1602 7
1603 7
1604 3
1605 0
1606 7
1607 3
1608 1
1609 3
1610 7
1611 3
1612 1
1613 0
1614 1
1615 0
1616 7
1617 7
1618 3
1619 3
1620 3
1621 7
1622 3
1623 3
1624 0
1625 7
1626 3
1627 7
1628 7
1629 3
1630 7
1631 7
1632 7
1633 3
1634 3
1635 3
1636 7
1637 1
1638 3
1639 1
1640 3
1641 7
1642 3
1643 7
1644 7
1645 3
1646 1
1647 3
1648 3
1649 0
1650 3
1651 3
1652 0
1653 0
1654 3
1655 3
1656 0
1657 3
1658 7
1659 3
1660 3
1661 3
1662 0
1663 1
1664 1
1665 7
1666 3
1667 1
1668 7
1669 3
1670 3
1671 3
1672 7
1673 3
1674 0
1675 0
1676 3
1677 7
1678 3
1679 1
1680 7
1681 7
1682 7
1683 7
1684 3
1685 7
1686 3
1687 7
1688 7
1689 3
1690 7
1691 7
1692 3
1693 3
1694 1
1695 3
1696 7
1697 7
1698 3
1699 7
1700 7
1701 3
1702 3
1703 0
1704 7
1705 7
1706 3
1707 3
1708 3
1709 7
1710 1
1711 1
1712 3
1713 0
1714 3
1715 7
1716 7
1717 3
1718 7
1719 10
1720 0
1721 1
1722 1
1723 7
1724 1
1725 7
1726 3
1727 1
1728 0
1729 1
1730 3
1731 3
1732 7
1733 7
1734 3
1735 7
1736 7
1737 3
1738 7
1739 7
1740 1
1741 1
1742 3
1743 1
1744 0
1745 3
1746 1
1747 1
1748 1
1749 0
1750 0
1751 7
1752 1
1753 7
1754 7
1755 3
1756 1
1757 1
1758 1
1759 1
1760 1
1761 1
1762 7
1763 7
1764 3
1765 7
1766 7
1767 7
1768 7
1769 7
1770 1
1771 3
1772 3
1773 3
1774 3
1775 3
1776 3
1777 1
1778 1
1779 3
1780 3
1781 3
1782 1
1783 3
1784 0
1785 3
1786 1
1787 0
1788 7
1789 7
1790 0
1791 3
1792 1
1793 7
1794 3
1795 7
1796 3
1797 3
1798 3
1799 3
1800 3
1801 7
1802 3
1803 1
1804 7
1805 7
1806 7
1807 1
1808 7
1809 1
1810 3
1811 1
1812 7
1813 1
1814 7
1815 1
1816 1
1817 3
1818 3
1819 1
1820 7
1821 3
1822 7
1823 3
1824 0
1825 1
1826 7
1827 1
1828 3
1829 3
1830 1
1831 3
1832 1
1833 7
1834 7
1835 1
1836 7
1837 3
1838 7
1839 7
1840 7
1841 3
1842 7
1843 0
1844 1
1845 3
1846 3
1847 7
1848 1
1849 0
1850 3
1851 1
1852 7
1853 7
1854 1
1855 3
1856 1
1857 7
1858 1
1859 0
1860 1
1861 1
1862 7
1863 7
1864 1
1865 1
1866 1
1867 1
1868 3
1869 0
1870 0
1871 7
1872 0
1873 1
1874 7
1875 3
1876 1
1877 7
1878 3
1879 7
1880 3
1881 0
1882 7
1883 0
1884 3
1885 1
1886 1
1887 0
1888 7
1889 3
1890 3
1891 7
1892 0
1893 0
1894 3
1895 0
1896 3
1897 1
1898 0
1899 3
1900 7
1901 0
1902 3
1903 3
1904 3
1905 3
1906 3
1907 7
1908 3
1909 3
1910 3
1911 3
1912 3
1913 3
1914 3
1915 3
1916 7
1917 7
1918 0
1919 1
1920 1
1921 7
1922 3
1923 1
1924 0
1925 3
1926 3
1927 7
1928 1
1929 3
1930 1
1931 7
1932 1
1933 7
1934 1
1935 1
1936 7
1937 7
1938 7
1939 0
1940 1
1941 1
1942 1
1943 3
1944 7
1945 1
1946 7
1947 7
1948 3
1949 7
1950 7
1951 1
1952 3
1953 1
1954 3
1955 7
1956 3
1957 7
1958 3
1959 1
1960 3
1961 1
1962 7
1963 7
1964 1
1965 1
1966 1
1967 3
1968 7
1969 7
1970 3
1971 7
1972 3
1973 3
1974 0
1975 3
1976 1
1977 1
1978 3
1979 1
1980 0
1981 1
1982 7
1983 3
1984 1
1985 1
1986 7
1987 7
1988 0
1989 7
1990 0
1991 3
1992 1
1993 3
1994 7
1995 1
1996 7
1997 3
1998 7
1999 0
2000 1
2001 1
2002 3
2003 7
2004 7
2005 0
2006 0
2007 7
2008 7
2009 7
2010 7
2011 7
2012 0
2013 3
2014 0
2015 7
2016 3
2017 1
2018 1
2019 3
2020 3
2021 1
2022 7
2023 1
2024 1
2025 7
2026 1
2027 3
2028 3
2029 3
2030 0
2031 7
2032 7
2033 3
2034 1
2035 7
2036 7
2037 3
2038 3
2039 7
2040 1
2041 1
2042 1
2043 3
2044 1
2045 3
2046 1
2047 1
2048 7
2049 1
2050 1
2051 1
2052 1
2053 1
2054 1
2055 0
2056 3
2057 7
2058 1
2059 1
2060 1
2061 1
2062 1
2063 1
2064 3
2065 3
2066 3
2067 7
2068 1
2069 0
2070 1
2071 1
2072 1
2073 1
2074 3
2075 1
2076 1
2077 1
2078 0
2079 1
2080 0
2081 1
2082 3
2083 1
2084 1
2085 7
2086 1
2087 1
2088 1
2089 1
2090 1
2091 7
2092 0
2093 1
2094 1
2095 1
2096 1
2097 1
2098 1
2099 1
2100 1
2101 3
2102 7
2103 7
2104 1
2105 0
2106 0
2107 1
2108 0
2109 1
2110 1
2111 1
2112 3
2113 1
2114 1
2115 1
2116 1
2117 1
2118 1
2119 0
2120 1
2121 1
2122 1
2123 1
2124 3
2125 1
2126 1
2127 0
2128 1
2129 7
2130 1
2131 1
2132 1
2133 7
2134 1
2135 1
2136 1
2137 1
2138 3
2139 1
2140 0
2141 1
2142 1
2143 7
2144 1
2145 1
2146 7
2147 1
2148 1
2149 1
2150 1
2151 0
2152 1
2153 1
2154 1
2155 1
2156 1
2157 1
2158 7
2159 1
2160 1
2161 1
2162 3
2163 1
2164 7
2165 1
2166 1
2167 3
2168 1
2169 0
2170 3
2171 1
2172 7
2173 1
2174 1
2175 3
2176 7
2177 3
2178 3
2179 3
2180 1
2181 3
2182 3
2183 0
2184 3
2185 7
2186 0
2187 3
2188 1
2189 0
2190 1
2191 7
2192 7
2193 3
2194 3
2195 3
2196 1
2197 3
2198 3
2199 3
2200 0
2201 7
2202 3
2203 3
2204 7
2205 3
2206 7
2207 3
2208 3
2209 1
2210 3
2211 3
2212 1
2213 3
2214 7
2215 1
2216 3
2217 1
2218 3
2219 3
2220 7
2221 1
2222 7
2223 7
2224 7
2225 7
2226 3
2227 3
2228 3
2229 1
2230 0
2231 3
2232 3
2233 3
2234 0
2235 3
2236 3
2237 7
2238 7
2239 3
2240 3
2241 3
2242 3
2243 3
2244 7
2245 7
2246 7
2247 3
2248 3
2249 3
2250 3
2251 1
2252 0
2253 1
2254 3
2255 0
2256 3
2257 0
2258 3
2259 3
2260 3
2261 3
2262 7
2263 7
2264 7
2265 7
2266 3
2267 7
2268 3
2269 7
2270 7
2271 7
2272 1
2273 7
2274 7
2275 1
2276 1
2277 3
2278 7
2279 7
2280 7
2281 1
2282 7
2283 7
2284 0
2285 3
2286 3
2287 1
2288 7
2289 1
2290 0
2291 7
2292 7
2293 3
2294 7
2295 1
2296 0
2297 7
2298 3
2299 1
2300 7
2301 1
2302 3
2303 1
2304 3
2305 3
2306 7
2307 7
2308 3
2309 7
2310 0
2311 1
2312 7
2313 3
2314 1
2315 1
2316 1
2317 7
2318 1
2319 7
2320 1
2321 1
2322 3
2323 1
2324 0
2325 1
2326 3
2327 7
2328 3
2329 7
2330 10
2331 7
2332 3
2333 1
2334 7
2335 3
2336 1
2337 3
2338 7
2339 1
2340 7
2341 3
2342 1
2343 1
2344 7
2345 1
2346 3
2347 7
2348 7
2349 7
2350 7
2351 7
2352 3
2353 1
2354 7
2355 7
2356 1
2357 3
2358 0
2359 7
2360 3
2361 1
2362 7
2363 1
2364 3
2365 7
2366 1
2367 7
2368 3
2369 1
2370 7
2371 0
2372 0
2373 0
2374 1
2375 1
2376 3
2377 7
2378 1
2379 7
2380 3
2381 1
2382 3
2383 1
2384 7
2385 1
2386 3
2387 1
2388 7
2389 7
2390 1
2391 7
2392 3
2393 7
2394 7
2395 1
2396 1
2397 0
2398 0
2399 7
2400 7
2401 3
2402 3
2403 0
2404 1
2405 7
2406 3
2407 1
2408 1
2409 3
2410 0
2411 3
2412 1
2413 7
2414 7
2415 7
2416 0
2417 1
2418 7
2419 1
2420 7
2421 7
2422 3
2423 7
2424 0
2425 3
2426 3
2427 1
2428 3
2429 1
2430 0
2431 1
2432 1
2433 7
2434 0
2435 3
2436 1
2437 0
2438 1
2439 7
2440 7
2441 0
2442 1
2443 3
2444 3
2445 7
2446 7
2447 3
2448 1
2449 3
2450 3
2451 3
2452 1
2453 3
2454 7
2455 7
2456 1
2457 3
2458 1
2459 0
2460 7
2461 0
2462 1
2463 3
2464 3
2465 1
2466 1
2467 1
2468 7
2469 0
2470 3
2471 1
2472 1
2473 7
2474 7
2475 1
2476 3
2477 1
2478 0
2479 7
2480 7
2481 7
2482 7
2483 3
2484 1
2485 1
2486 7
2487 7
2488 0
2489 1
2490 1
2491 1
2492 0
2493 1
2494 0
2495 3
2496 0
2497 3
2498 3
2499 1
2500 1
2501 1
2502 1
2503 7
2504 7
2505 1
2506 1
2507 3
2508 0
2509 7
2510 0
2511 1
2512 1
2513 1
2514 7
2515 1
2516 1
2517 3
2518 7
2519 3
2520 3
2521 7
2522 1
2523 1
2524 1
2525 7
2526 3
2527 3
2528 0
2529 1
2530 3
2531 7
2532 7
2533 1
2534 7
2535 3
2536 7
2537 0
2538 3
2539 0
2540 0
2541 3
2542 7
2543 1
2544 7
2545 7
2546 1
2547 7
2548 1
2549 3
2550 3
2551 0
2552 7
2553 1
2554 7
2555 1
2556 7
2557 1
2558 1
2559 3
2560 1
2561 1
2562 1
2563 7
2564 7
2565 7
2566 7
2567 1
2568 1
2569 3
2570 7
2571 0
2572 7
2573 3
2574 3
2575 3
2576 0
2577 1
2578 7
2579 1
2580 3
2581 1
2582 1
2583 1
2584 7
2585 1
2586 1
2587 7
2588 7
2589 7
2590 3
2591 7
2592 1
2593 7
2594 7
2595 1
2596 3
2597 1
2598 7
2599 7
2600 3
2601 1
2602 1
2603 7
2604 1
2605 7
2606 1
2607 7
2608 7
2609 3
2610 7
2611 1
2612 7
2613 1
2614 1
2615 7
2616 1
2617 0
2618 7
2619 3
2620 7
2621 0
2622 1
2623 3
2624 1
2625 3
2626 7
2627 7
2628 1
2629 7
2630 7
2631 3
2632 7
2633 7
2634 7
2635 0
2636 0
2637 3
2638 7
2639 7
2640 0
2641 7
2642 7
2643 7
2644 7
2645 7
2646 7
2647 7
2648 7
2649 7
2650 7
2651 7
2652 7
2653 3
2654 7
2655 7
2656 7
2657 1
2658 7
2659 7
2660 7
2661 7
2662 7
2663 7
2664 7
2665 7
2666 7
2667 7
2668 7
2669 7
2670 7
2671 0
2672 7
2673 7
2674 3
2675 3
2676 3
2677 3
2678 7
2679 3
2680 1
2681 3
2682 7
2683 3
2684 1
2685 3
2686 3
2687 1
2688 3
2689 1
2690 1
2691 3
2692 1
2693 3
2694 3
2695 1
2696 7
2697 7
2698 7
2699 3
2700 7
2701 3
2702 7
2703 3
2704 7
2705 7
2706 7
2707 7
2708 3
2709 1
2710 7
2711 1
2712 3
2713 3
2714 1
2715 3
2716 1
2717 7
2718 3
2719 1
2720 1
2721 3
2722 7
2723 7
2724 1
2725 0
2726 7
2727 7
2728 7
2729 7
2730 0
2731 3
2732 1
2733 7
2734 0
2735 1
2736 0
2737 3
2738 0
2739 7
2740 3
2741 7
2742 1
2743 0
2744 7
2745 1
2746 3
2747 1
2748 1
2749 7
2750 1
2751 0
2752 0
2753 7
2754 7
2755 7
2756 3
2757 1
2758 7
2759 1
2760 1
2761 3
2762 1
2763 1
2764 1
2765 7
2766 3
2767 1
2768 1
2769 0
2770 3
2771 0
2772 3
2773 1
2774 3
2775 3
2776 1
2777 3
2778 1
2779 1
2780 1
2781 7
2782 1
2783 0
2784 1
2785 7
2786 3
2787 3
2788 1
2789 1
2790 3
2791 7
2792 0
2793 7
2794 1
2795 0
2796 3
2797 7
2798 7
2799 1
2800 3
2801 7
2802 3
2803 1
2804 1
2805 0
2806 1
2807 1
2808 3
2809 7
2810 7
2811 1
2812 1
2813 1
2814 3
2815 3
2816 3
2817 7
2818 1
2819 7
2820 7
2821 0
2822 1
2823 1
2824 1
2825 1
2826 1
2827 0
2828 7
2829 7
2830 0
2831 7
2832 1
2833 7
2834 3
2835 3
2836 0
2837 3
2838 1
2839 1
2840 7
2841 3
2842 7
2843 1
2844 3
2845 7
2846 0
2847 1
2848 0
2849 0
2850 1
2851 1
2852 1
2853 3
2854 3
2855 0
2856 3
2857 1
2858 3
2859 3
2860 7
2861 1
2862 7
2863 1
2864 0
2865 7
2866 7
2867 1
2868 3
2869 7
2870 1
2871 1
2872 3
2873 1
2874 1
2875 3
2876 7
2877 1
2878 1
2879 0
2880 3
2881 1
2882 1
2883 1
2884 7
2885 1
2886 7
2887 1
2888 1
2889 1
2890 7
2891 3
2892 3
2893 7
2894 0
2895 3
2896 7
2897 7
2898 0
2899 1
2900 7
2901 3
2902 3
2903 1
2904 1
2905 1
2906 0
2907 3
2908 3
2909 1
2910 1
2911 7
2912 0
2913 1
2914 1
2915 1
2916 1
2917 3
2918 1
2919 1
2920 7
2921 1
2922 0
2923 1
2924 3
2925 7
2926 0
2927 7
2928 3
2929 0
2930 1
2931 3
2932 3
2933 7
2934 7
2935 1
2936 7
2937 1
2938 1
2939 7
2940 7
2941 1
2942 0
2943 3
2944 1
2945 3
2946 7
2947 1
2948 3
2949 0
2950 3
2951 3
2952 1
2953 1
2954 1
2955 3
2956 7
2957 1
2958 1
2959 7
2960 1
2961 7
2962 7
2963 7
2964 7
2965 3
2966 3
2967 0
2968 1
2969 1
2970 1
2971 3
2972 7
2973 3
2974 1
2975 3
2976 7
2977 7
2978 3
2979 3
2980 1
2981 1
2982 1
2983 1
2984 1
2985 7
2986 7
2987 7
2988 1
2989 1
2990 1
2991 1
2992 1
2993 0
2994 0
2995 0
2996 1
2997 1
2998 3
2999 7
3000 7
3001 1
3002 1
3003 1
3004 7
3005 1
3006 3
3007 3
3008 3
3009 1
3010 1
3011 1
3012 3
3013 7
3014 0
3015 3
3016 1
3017 3
3018 1
3019 1
3020 1
3021 3
3022 7
3023 7
3024 1
3025 3
3026 3
3027 1
3028 1
3029 1
3030 0
3031 7
3032 3
3033 1
3034 1
3035 7
3036 1
3037 1
3038 1
3039 7
3040 1
3041 1
3042 7
3043 0
3044 1
3045 1
3046 1
3047 3
3048 0
3049 1
3050 1
3051 1
3052 7
3053 3
3054 7
3055 1
3056 1
3057 1
3058 1
3059 3
3060 1
3061 7
3062 1
3063 7
3064 0
3065 1
3066 1
3067 1
3068 7
3069 3
3070 7
3071 0
3072 3
3073 1
3074 0
3075 1
3076 1
3077 1
3078 0
3079 1
3080 1
3081 1
3082 1
3083 1
3084 0
3085 1
3086 1
3087 1
3088 7
3089 1
3090 1
3091 0
3092 7
3093 1
3094 1
3095 7
3096 1
3097 3
3098 7
3099 1
3100 1
3101 1
3102 1
3103 0
3104 1
3105 0
3106 7
3107 1
3108 1
3109 3
3110 3
3111 0
3112 0
3113 1
3114 1
3115 7
3116 1
3117 1
3118 7
3119 1
3120 3
3121 7
3122 7
3123 1
3124 3
3125 0
3126 7
3127 7
3128 3
3129 7
3130 1
3131 7
3132 7
3133 0
3134 7
3135 1
3136 1
3137 3
3138 7
3139 3
3140 0
3141 1
3142 7
3143 1
3144 3
3145 1
3146 3
3147 1
3148 1
3149 3
3150 1
3151 1
3152 7
3153 3
3154 1
3155 1
3156 1
3157 1
3158 1
3159 0
3160 1
3161 7
3162 7
3163 1
3164 7
3165 3
3166 7
3167 7
3168 1
3169 1
3170 3
3171 3
3172 3
3173 0
3174 0
3175 1
3176 1
3177 1
3178 7
3179 1
3180 3
3181 7
3182 3
3183 1
3184 1
3185 1
3186 7
3187 0
3188 1
3189 1
3190 1
3191 7
3192 1
3193 3
3194 1
3195 1
3196 1
3197 7
3198 7
3199 0
3200 3
3201 1
3202 1
3203 1
3204 1
3205 1
3206 3
3207 1
3208 1
3209 3
3210 1
3211 1
3212 1
3213 1
3214 1
3215 1
3216 1
3217 3
3218 1
3219 1
3220 3
3221 7
3222 7
3223 3
3224 3
3225 7
3226 7
3227 3
3228 3
3229 1
3230 7
3231 3
3232 3
3233 0
3234 0
3235 1
3236 3
3237 0
3238 0
3239 3
3240 0
3241 7
3242 7
3243 0
3244 3
3245 0
3246 7
3247 1
3248 1
3249 1
3250 0
3251 1
3252 1
3253 3
3254 1
3255 1
3256 3
3257 7
3258 3
3259 1
3260 7
3261 1
3262 7
3263 3
3264 1
3265 1
3266 1
3267 0
3268 1
3269 7
3270 1
3271 1
3272 1
3273 1
3274 0
3275 7
3276 1
3277 0
3278 1
3279 0
3280 1
3281 1
3282 3
3283 1
3284 1
3285 3
3286 0
3287 0
3288 1
3289 1
3290 3
3291 3
3292 3
3293 0
3294 0
3295 7
3296 1
3297 1
3298 7
3299 1
3300 1
3301 0
3302 7
3303 1
3304 1
3305 1
3306 1
3307 3
3308 1
3309 1
3310 3
3311 7
3312 1
3313 1
3314 7
3315 1
3316 0
3317 1
3318 7
3319 7
3320 1
3321 7
3322 3
3323 0
3324 7
3325 3
3326 7
3327 7
3328 7
3329 3
3330 1
3331 3
3332 1
3333 0
3334 3
3335 1
3336 1
3337 7
3338 1
3339 3
3340 7
3341 1
3342 7
3343 0
3344 7
3345 7
3346 1
3347 3
3348 1
3349 1
3350 1
3351 0
3352 1
3353 1
3354 1
3355 1
3356 1
3357 1
3358 3
3359 3
3360 0
3361 3
3362 3
3363 3
3364 3
3365 7
3366 0
3367 3
3368 3
3369 7
3370 3
3371 1
3372 1
3373 1
3374 3
3375 7
3376 7
3377 1
3378 1
3379 1
3380 0
3381 1
3382 0
3383 1
3384 7
3385 1
3386 3
3387 3
3388 1
3389 1
3390 7
3391 3
3392 7
3393 1
3394 1
3395 3
3396 1
3397 7
3398 1
3399 7
3400 7
3401 1
3402 3
3403 7
3404 3
3405 3
3406 1
3407 1
3408 1
3409 1
3410 1
3411 3
3412 7
3413 7
3414 7
3415 1
3416 1
3417 7
3418 3
3419 1
3420 3
3421 1
3422 7
3423 1
3424 1
3425 7
3426 7
3427 3
3428 3
3429 1
3430 7
3431 1
3432 3
3433 3
3434 1
3435 1
3436 3
3437 1
3438 1
3439 1
3440 3
3441 1
3442 0
3443 1
3444 1
3445 1
3446 1
3447 0
3448 3
3449 3
3450 1
3451 3
3452 7
3453 1
3454 7
3455 1
3456 1
3457 1
3458 1
3459 7
3460 3
3461 7
3462 0
3463 1
3464 1
3465 1
3466 1
3467 7
3468 7
3469 1
3470 1
3471 1
3472 3
3473 1
3474 0
3475 1
3476 1
3477 3
3478 1
3479 1
3480 7
3481 1
3482 1
3483 1
3484 0
3485 1
3486 1
3487 7
3488 3
3489 3
3490 1
3491 3
3492 3
3493 7
3494 3
3495 0
3496 3
3497 7
3498 3
3499 3
3500 1
3501 7
3502 0
3503 1
3504 1
3505 1
3506 1
3507 1
3508 1
3509 3
3510 1
3511 7
3512 1
3513 7
3514 1
3515 1
3516 7
3517 7
3518 1
3519 1
3520 1
3521 7
3522 1
3523 3
3524 7
3525 1
3526 3
3527 3
3528 1
3529 1
3530 0
3531 3
3532 7
3533 1
3534 3
3535 0
3536 1
3537 1
3538 0
3539 1
3540 3
3541 1
3542 7
3543 3
3544 1
3545 3
3546 3
3547 0
3548 3
3549 1
3550 3
3551 1
3552 0
3553 7
3554 0
3555 1
3556 7
3557 1
3558 1
3559 1
3560 1
3561 1
3562 1
3563 0
3564 1
3565 1
3566 0
3567 7
3568 1
3569 3
3570 1
3571 7
3572 3
3573 3
3574 1
3575 1
3576 0
3577 3
3578 1
3579 1
3580 1
3581 1
3582 7
3583 1
3584 1
3585 0
3586 3
3587 7
3588 1
3589 1
3590 1
3591 3
3592 3
3593 1
3594 1
3595 1
3596 7
3597 7
3598 0
3599 1
3600 1
3601 3
3602 3
3603 7
3604 1
3605 1
3606 3
3607 7
3608 7
3609 3
3610 1
3611 1
3612 7
3613 3
3614 0
3615 1
3616 7
3617 3
3618 3
3619 1
3620 1
3621 1
3622 3
3623 1
3624 1
3625 0
3626 7
3627 3
3628 0
3629 1
3630 1
3631 7
3632 1
3633 3
3634 7
3635 1
3636 3
3637 0
3638 7
3639 3
3640 3
3641 7
3642 1
3643 1
3644 0
3645 7
3646 1
3647 1
3648 1
3649 1
3650 3
3651 1
3652 7
3653 3
3654 1
3655 3
3656 1
3657 3
3658 7
3659 1
3660 1
3661 1
3662 3
3663 3
3664 1
3665 0
3666 3
3667 0
3668 0
3669 7
3670 1
3671 7
3672 0
3673 1
3674 7
3675 1
3676 3
3677 7
3678 1
3679 7
3680 1
3681 1
3682 7
3683 1
3684 1
3685 7
3686 1
3687 3
3688 1
3689 3
3690 3
3691 3
3692 1
3693 1
3694 1
3695 7
3696 7
3697 3
3698 1
3699 1
3700 3
3701 1
3702 1
3703 7
3704 1
3705 0
3706 7
3707 1
3708 1
3709 7
3710 1
3711 1
3712 1
3713 1
3714 1
3715 7
3716 7
3717 3
3718 3
3719 1
3720 3
3721 3
3722 3
3723 7
3724 3
3725 1
3726 7
3727 3
3728 1
3729 0
3730 0
3731 1
3732 1
3733 7
3734 1
3735 0
3736 1
3737 1
3738 7
3739 1
3740 1
3741 3
3742 1
3743 7
3744 3
3745 1
3746 1
3747 1
3748 1
3749 7
3750 0
3751 3
3752 7
3753 3
3754 7
3755 0
3756 1
3757 3
3758 7
3759 3
3760 1
3761 1
3762 7
3763 1
3764 3
3765 3
3766 1
3767 3
3768 0
3769 0
3770 1
3771 1
3772 7
3773 1
3774 7
3775 1
3776 1
3777 1
3778 1
3779 1
3780 7
3781 0
3782 3
3783 0
3784 1
3785 0
3786 7
3787 0
3788 7
3789 3
3790 7
3791 1
3792 0
3793 3
3794 7
3795 1
3796 0
3797 7
3798 1
3799 3
3800 1
3801 7
3802 1
3803 0
3804 1
3805 7
3806 7
3807 1
3808 7
3809 7
3810 7
3811 3
3812 1
3813 3
3814 3
3815 7
3816 7
3817 0
3818 7
3819 3
3820 3
3821 1
3822 7
3823 7
3824 7
3825 1
3826 3
3827 7
3828 7
3829 7
3830 7
3831 7
3832 1
3833 1
3834 0
3835 7
3836 7
3837 3
3838 3
3839 10
3840 7
3841 7
3842 3
3843 7
3844 7
3845 7
3846 7
3847 7
3848 7
3849 7
3850 7
3851 7
3852 0
3853 7
3854 7
3855 1
3856 7
3857 7
3858 7
3859 1
3860 7
3861 7
3862 7
3863 7
3864 7
3865 7
3866 3
3867 7
3868 1
3869 7
3870 3
3871 3
3872 1
3873 7
3874 7
3875 7
3876 3
3877 3
3878 7
3879 7
3880 3
3881 3
3882 1
3883 3
3884 7
3885 7
3886 7
3887 7
3888 3
3889 7
3890 1
3891 7
3892 1
3893 1
3894 1
3895 1
3896 1
3897 1
3898 7
3899 1
3900 1
3901 4
3902 0
3903 1
3904 1
3905 7
3906 1
3907 1
3908 1
3909 1
3910 3
3911 1
3912 1
3913 1
3914 3
3915 1
3916 7
3917 1
3918 1
3919 3
3920 1
3921 7
3922 0
3923 1
3924 3
3925 7
3926 7
3927 7
3928 1
3929 7
3930 7
3931 3
3932 7
3933 7
3934 3
3935 7
3936 3
3937 7
3938 7
3939 0
3940 7
3941 7
3942 1
3943 3
3944 3
3945 1
3946 1
3947 0
3948 0
3949 1
3950 1
3951 1
3952 1
3953 7
3954 1
3955 1
3956 3
3957 0
3958 7
3959 1
3960 1
3961 1
3962 3
3963 1
3964 7
3965 1
3966 1
3967 1
3968 7
3969 7
3970 3
3971 7
3972 7
3973 1
3974 1
3975 3
3976 7
3977 3
3978 7
3979 3
3980 3
3981 3
3982 1
3983 1
3984 7
3985 7
3986 7
3987 7
3988 7
3989 7
3990 0
3991 7
3992 7
3993 1
3994 1
3995 7
3996 3
3997 7
3998 7
3999 7
4000 0
4001 7
4002 1
4003 1
4004 1
4005 0
4006 1
4007 1
4008 0
4009 1
4010 1
4011 1
4012 1
4013 3
4014 1
4015 7
4016 1
4017 3
4018 7
4019 7
4020 3
4021 1
4022 7
4023 7
4024 3
4025 3
4026 3
4027 2
4028 1
4029 1
4030 2
4031 1
4032 3
4033 1
4034 1
4035 7
4036 1
4037 7
4038 7
4039 7
4040 3
4041 1
4042 1
4043 3
4044 7
4045 7
4046 1
4047 0
4048 0
4049 1
4050 3
4051 7
4052 0
4053 0
4054 7
4055 3
4056 7
4057 7
4058 7
4059 7
4060 3
4061 7
4062 3
4063 1
4064 3
4065 0
4066 7
4067 3
4068 1
4069 3
4070 7
4071 7
4072 3
4073 3
4074 7
4075 7
4076 1
4077 7
4078 7
4079 3
4080 3
4081 3
4082 7
4083 1
4084 3
4085 0
4086 7
4087 1
4088 7
4089 7
4090 3
4091 7
4092 7
4093 7
4094 7
4095 3
4096 7
4097 7
4098 0
4099 1
4100 1
4101 7
4102 7
4103 1
4104 7
4105 7
4106 3
4107 3
4108 7
4109 1
4110 3
4111 0
4112 7
4113 1
4114 0
4115 7
4116 7
4117 7
4118 7
4119 7
4120 7
4121 7
4122 7
4123 7
4124 7
4125 1
4126 7
4127 7
4128 1
4129 3
4130 7
4131 7
4132 7
4133 7
4134 7
4135 3
4136 7
4137 1
4138 1
4139 1
4140 7
4141 3
4142 7
4143 7
4144 1
4145 3
4146 7
4147 0
4148 7
4149 7
4150 1
4151 3
4152 1
4153 7
4154 7
4155 3
4156 3
4157 7
4158 3
4159 3
4160 3
4161 3
4162 1
4163 7
4164 7
4165 3
4166 3
4167 7
4168 3
4169 7
4170 7
4171 7
4172 0
4173 7
4174 7
4175 1
4176 1
4177 1
4178 1
4179 7
4180 1
4181 1
4182 1
4183 1
4184 1
4185 1
4186 1
4187 0
4188 0
4189 0
4190 3
4191 1
4192 1
4193 1
4194 0
4195 7
4196 1
4197 1
4198 1
4199 1
4200 1
4201 1
4202 7
4203 1
4204 3
4205 1
4206 1
4207 1
4208 0
4209 1
4210 3
4211 1
4212 1
4213 3
4214 3
4215 1
4216 1
4217 3
4218 1
4219 1
4220 1
4221 1
4222 3
4223 1
4224 3
4225 1
4226 1
4227 1
4228 1
4229 1
4230 1
4231 1
4232 0
4233 1
4234 1
4235 1
4236 0
4237 7
4238 1
4239 3
4240 1
4241 1
4242 1
4243 1
4244 0
4245 1
4246 1
4247 1
4248 1
4249 1
4250 7
4251 7
4252 1
4253 12
4254 1
4255 10
4256 1
4257 3
4258 1
4259 1
4260 1
4261 7
4262 1
4263 1
4264 3
4265 1
4266 1
4267 1
4268 1
4269 3
4270 1
4271 3
4272 0
4273 1
4274 1
4275 0
4276 1
4277 7
4278 7
4279 1
4280 1
4281 1
4282 7
4283 0
4284 3
4285 0
4286 1
4287 1
4288 1
4289 1
4290 1
4291 1
4292 3
4293 1
4294 7
4295 1
4296 10
4297 1
4298 1
4299 1
4300 3
4301 1
4302 1
4303 1
4304 1
4305 1
4306 1
4307 1
4308 0
4309 1
4310 1
4311 1
4312 1
4313 1
4314 1
4315 3
4316 3
4317 1
4318 1
4319 1
4320 1
4321 1
4322 7
4323 1
4324 3
4325 1
4326 1
4327 1
4328 3
4329 1
4330 3
4331 3
4332 1
4333 1
4334 1
4335 3
4336 1
4337 3
4338 0
4339 1
4340 3
4341 3
4342 1
4343 1
4344 3
4345 1
4346 0
4347 1
4348 1
4349 0
4350 1
4351 7
4352 7
4353 0
4354 1
4355 3
4356 1
4357 1
4358 1
4359 3
4360 3
4361 7
4362 3
4363 1
4364 1
4365 3
4366 1
4367 7
4368 3
4369 1
4370 1
4371 1
4372 1
4373 1
4374 0
4375 1
4376 1
4377 0
4378 0
4379 1
4380 1
4381 3
4382 1
4383 1
4384 7
4385 3
4386 0
4387 1
4388 1
4389 7
4390 10
4391 7
4392 7
4393 1
4394 7
4395 7
4396 7
4397 7
4398 7
4399 7
4400 0
4401 7
4402 7
4403 3
4404 7
4405 1
4406 7
4407 7
4408 7
4409 7
4410 7
4411 7
4412 7
4413 7
4414 3
4415 1
4416 1
4417 1
4418 1
4419 7
4420 7
4421 0
4422 7
4423 7
4424 3
4425 1
4426 7
4427 7
4428 7
4429 7
4430 1
4431 1
4432 3
4433 3
4434 7
4435 0
4436 7
4437 7
4438 3
4439 7
4440 10
4441 7
4442 0
4443 0
4444 7
4445 1
4446 7
4447 3
4448 7
4449 1
4450 1
4451 1
4452 7
4453 7
4454 7
4455 7
4456 7
4457 1
4458 10
4459 7
4460 7
4461 1
4462 7
4463 7
4464 7
4465 7
4466 7
4467 7
4468 7
4469 7
4470 7
4471 7
4472 7
4473 0
4474 7
4475 7
4476 7
4477 7
4478 0
4479 3
4480 7
4481 3
4482 3
4483 3
4484 7
4485 7
4486 3
4487 0
4488 0
4489 7
4490 7
4491 7
4492 1
4493 7
4494 7
4495 0
4496 1
4497 0
4498 7
4499 7
4500 7
4501 1
4502 7
4503 7
4504 5
4505 1
4506 7
4507 7
4508 7
4509 7
4510 7
4511 7
4512 7
4513 7
4514 7
4515 0
4516 7
4517 7
4518 7
4519 7
4520 7
4521 7
4522 7
4523 7
4524 7
4525 7
4526 7
4527 7
4528 7
4529 7
4530 7
4531 1
4532 7
4533 7
4534 7
4535 7
4536 7
4537 7
4538 7
4539 7
4540 7
4541 7
4542 7
4543 7
4544 7
4545 7
4546 7
4547 7
4548 7
4549 7
4550 7
4551 7
4552 7
4553 7
4554 7
4555 7
4556 7
4557 7
4558 7
4559 7
4560 7
4561 7
4562 7
4563 7
4564 7
4565 7
4566 7
4567 7
4568 7
4569 7
4570 7
4571 7
4572 7
4573 7
4574 7
4575 1
4576 7
4577 7
4578 7
4579 7
4580 7
4581 7
4582 7
4583 7
4584 7
4585 7
4586 7
4587 7
4588 7
4589 3
4590 3
4591 7
4592 3
4593 3
4594 3
4595 3
4596 1
4597 3
4598 3
4599 7
4600 7
4601 3
4602 7
4603 3
4604 7
4605 3
4606 7
4607 3
4608 3
4609 7
4610 1
4611 3
4612 7
4613 3
4614 7
4615 3
4616 3
4617 3
4618 7
4619 7
4620 7
4621 7
4622 1
4623 3
4624 7
4625 7
4626 7
4627 7
4628 3
4629 7
4630 7
4631 1
4632 1
4633 3
4634 1
4635 0
4636 7
4637 7
4638 7
4639 3
4640 7
4641 3
4642 7
4643 7
4644 3
4645 7
4646 10
4647 3
4648 7
4649 1
4650 3
4651 1
4652 1
4653 1
4654 3
4655 1
4656 1
4657 3
4658 1
4659 1
4660 7
4661 3
4662 7
4663 3
4664 7
4665 1
4666 1
4667 7
4668 7
4669 7
4670 0
4671 1
4672 0
4673 1
4674 0
4675 1
4676 1
4677 7
4678 7
4679 7
4680 1
4681 7
4682 3
4683 1
4684 0
4685 7
4686 7
4687 7
4688 7
4689 7
4690 7
4691 7
4692 7
4693 7
4694 7
4695 7
4696 7
4697 1
4698 7
4699 7
4700 1
4701 7
4702 7
4703 1
4704 7
4705 0
4706 7
4707 1
4708 7
4709 7
4710 7
4711 7
4712 7
4713 7
4714 1
4715 1
4716 7
4717 7
4718 7
4719 7
4720 7
4721 7
4722 7
4723 7
4724 0
4725 7
4726 7
4727 3
4728 1
4729 1
4730 1
4731 3
4732 1
4733 3
4734 1
4735 3
4736 3
4737 7
4738 1
4739 7
4740 0
4741 1
4742 1
4743 1
4744 7
4745 1
4746 1
4747 7
4748 1
4749 0
4750 3
4751 1
4752 3
4753 7
4754 7
4755 1
4756 1
4757 1
4758 7
4759 1
4760 7
4761 0
4762 1
4763 1
4764 1
4765 1
4766 1
4767 0
4768 7
4769 7
4770 7
4771 1
4772 7
4773 7
4774 0
4775 3
4776 1
4777 1
4778 1
4779 1
4780 1
4781 1
4782 7
4783 1
4784 1
4785 1
4786 1
4787 1
4788 1
4789 1
4790 3
4791 0
4792 1
4793 3
4794 1
4795 7
4796 7
4797 1
4798 1
4799 7
4800 1
4801 0
4802 7
4803 0
4804 1
4805 7
4806 1
4807 7
4808 7
4809 7
4810 1
4811 1
4812 1
4813 0
4814 1
4815 7
4816 3
4817 1
4818 7
4819 7
4820 10
4821 3
4822 1
4823 3
4824 1
4825 3
4826 7
4827 3
4828 7
4829 1
4830 7
4831 7
4832 1
4833 7
4834 1
4835 1
4836 0
4837 1
4838 1
4839 1
4840 1
4841 1
4842 7
4843 1
4844 7
4845 7
4846 1
4847 1
4848 0
4849 3
4850 0
4851 7
4852 1
4853 7
4854 7
4855 7
4856 3
4857 10
4858 3
4859 7
4860 1
4861 7
4862 7
4863 1
4864 1
4865 1
4866 0
4867 7
4868 3
4869 7
4870 7
4871 7
4872 7
4873 3
4874 3
4875 3
4876 7
4877 1
4878 7
4879 0
4880 3
4881 3
4882 1
4883 1
4884 7
4885 1
4886 3
4887 3
4888 1
4889 1
4890 0
4891 0
4892 7
4893 7
4894 1
4895 3
4896 1
4897 1
4898 7
4899 7
4900 1
4901 0
4902 1
4903 7
4904 1
4905 0
4906 7
4907 3
4908 1
4909 3
4910 1
4911 1
4912 7
4913 1
4914 1
4915 3
4916 1
4917 1
4918 1
4919 1
4920 1
4921 1
4922 3
4923 1
4924 1
4925 1
4926 1
4927 3
4928 1
4929 7
4930 1
4931 7
4932 1
4933 3
4934 1
4935 1
4936 1
4937 1
4938 7
4939 1
4940 1
4941 7
4942 1
4943 1
4944 0
4945 3
4946 1
4947 1
4948 3
4949 1
4950 1
4951 1
4952 1
4953 1
4954 1
4955 7
4956 3
4957 3
4958 3
4959 0
4960 1
4961 0
4962 1
4963 1
4964 1
4965 7
4966 7
4967 0
4968 1
4969 1
4970 1
4971 1
4972 1
4973 1
4974 1
4975 1
4976 7
4977 1
4978 1
4979 1
4980 1
4981 3
4982 1
4983 1
4984 7
4985 1
4986 3
4987 1
4988 1
4989 1
4990 1
4991 1
4992 1
4993 3
4994 3
4995 1
4996 3
4997 3
4998 7
4999 7
5000 1
5001 1
5002 1
5003 7
5004 1
5005 3
5006 1
5007 7
5008 7
5009 1
5010 0
5011 1
5012 1
5013 1
5014 1
5015 1
5016 1
5017 1
5018 1
5019 1
5020 1
5021 1
5022 1
5023 1
5024 3
5025 1
5026 1
5027 1
5028 7
5029 1
5030 1
5031 1
5032 1
5033 1
5034 1
5035 3
5036 3
5037 1
5038 1
5039 1
5040 1
5041 1
5042 7
5043 3
5044 1
5045 1
5046 3
5047 7
5048 7
5049 1
5050 1
5051 7
5052 7
5053 7
5054 7
5055 1
5056 1
5057 1
5058 7
5059 3
5060 1
5061 10
5062 7
5063 7
5064 3
5065 1
5066 1
5067 7
5068 7
5069 7
5070 7
5071 7
5072 7
5073 1
5074 7
5075 7
5076 7
5077 7
5078 7
5079 7
5080 0
5081 1
5082 1
5083 7
5084 3
5085 0
5086 1
5087 1
5088 7
5089 1
5090 7
5091 7
5092 1
5093 7
5094 7
5095 1
5096 1
5097 7
5098 7
5099 0
5100 7
5101 1
5102 7
5103 7
5104 7
5105 0
5106 7
5107 7
5108 7
5109 7
5110 7
5111 7
5112 7
5113 7
5114 7
5115 7
5116 7
5117 1
5118 7
5119 7
5120 0
5121 7
5122 1
5123 1
5124 7
5125 0
5126 7
5127 7
5128 1
5129 1
5130 7
5131 3
5132 7
5133 3
5134 7
5135 7
5136 7
5137 7
5138 7
5139 1
5140 7
5141 7
5142 7
5143 1
5144 7
5145 3
5146 0
5147 1
5148 7
5149 7
5150 7
5151 7
5152 0
5153 0
5154 1
5155 1
5156 7
5157 0
5158 7
5159 1
5160 3
5161 7
5162 0
5163 1
5164 1
5165 7
5166 1
5167 1
5168 0
5169 1
5170 1
5171 1
5172 7
5173 0
5174 3
5175 7
5176 7
5177 7
5178 7
5179 1
5180 7
5181 0
5182 3
5183 7
5184 7
5185 7
5186 7
5187 7
5188 7
5189 7
5190 7
5191 7
5192 1
5193 1
5194 1
5195 7
5196 7
5197 3
5198 1
5199 1
5200 7
5201 7
5202 3
5203 1
5204 0
5205 3
5206 1
5207 7
5208 7
5209 7
5210 7
5211 7
5212 1
5213 7
5214 1
5215 7
5216 7
5217 7
5218 1
5219 1
5220 7
5221 1
5222 7
5223 7
5224 7
5225 0
5226 1
5227 7
5228 7
5229 7
5230 7
5231 7
5232 7
5233 7
5234 7
5235 7
5236 7
5237 7
5238 7
5239 7
5240 7
5241 7
5242 7
5243 7
5244 3
5245 7
5246 7
5247 7
5248 0
5249 1
5250 7
5251 3
5252 1
5253 7
5254 1
5255 3
5256 1
5257 1
5258 7
5259 1
5260 7
5261 7
5262 7
5263 7
5264 7
5265 7
5266 1
5267 7
5268 7
5269 1
5270 0
5271 1
5272 7
5273 7
5274 7
5275 7
5276 7
5277 7
5278 7
5279 7
5280 1
5281 7
5282 1
5283 1
5284 7
5285 1
5286 3
5287 3
5288 7
5289 1
5290 1
5291 3
5292 1
5293 7
5294 1
5295 1
5296 1
5297 1
5298 7
5299 7
5300 7
5301 7
5302 7
5303 0
5304 7
5305 1
5306 1
5307 3
5308 0
5309 7
5310 7
5311 7
5312 7
5313 7
5314 7
5315 7
5316 1
5317 7
5318 1
5319 7
5320 7
5321 0
5322 1
5323 3
5324 1
5325 7
5326 1
5327 1
5328 1
5329 7
5330 1
5331 0
5332 1
5333 1
5334 0
5335 7
5336 7
5337 7
5338 7
5339 1
5340 12
5341 1
5342 7
5343 7
5344 1
5345 1
5346 1
5347 3
5348 10
5349 7
5350 7
5351 7
5352 3
5353 7
5354 1
5355 1
5356 0
5357 7
5358 7
5359 1
5360 7
5361 0
5362 7
5363 7
5364 7
5365 1
5366 7
5367 1
5368 1
5369 1
5370 0
5371 1
5372 1
5373 1
5374 1
5375 3
5376 0
5377 7
5378 1
5379 1
5380 3
5381 1
5382 7
5383 1
5384 1
5385 7
5386 7
5387 7
5388 7
5389 7
5390 1
5391 1
5392 1
5393 1
5394 7
5395 3
5396 7
5397 1
5398 7
5399 7
5400 7
5401 7
5402 7
5403 1
5404 7
5405 7
5406 4
5407 1
5408 1
5409 4
5410 1
5411 1
5412 4
5413 7
5414 4
5415 1
5416 4
5417 4
5418 4
5419 1
5420 4
5421 7
5422 7
5423 7
5424 7
5425 1
5426 7
5427 1
5428 7
5429 7
5430 1
5431 7
5432 7
5433 7
5434 7
5435 7
5436 0
5437 7
5438 7
5439 7
5440 1
5441 1
5442 3
5443 10
5444 1
5445 7
5446 0
5447 0
5448 7
5449 7
5450 3
5451 7
5452 1
5453 3
5454 7
5455 1
5456 1
5457 7
5458 1
5459 1
5460 7
5461 1
5462 7
5463 7
5464 3
5465 0
5466 0
5467 1
5468 1
5469 1
5470 1
5471 1
5472 3
5473 1
5474 1
5475 7
5476 3
5477 7
5478 7
5479 1
5480 7
5481 7
5482 1
5483 1
5484 0
5485 1
5486 1
5487 3
5488 0
5489 7
5490 0
5491 1
5492 3
5493 1
5494 1
5495 1
5496 7
5497 1
5498 7
5499 1
5500 3
5501 7
5502 7
5503 0
5504 3
5505 7
5506 7
5507 7
5508 1
5509 3
5510 7
5511 3
5512 7
5513 7
5514 7
5515 7
5516 1
5517 1
5518 1
5519 7
5520 7
5521 7
5522 1
5523 0
5524 1
5525 3
5526 1
5527 1
5528 1
5529 1
5530 1
5531 1
5532 1
5533 1
5534 1
5535 5
5536 7
5537 5
5538 5
5539 5
5540 1
5541 5
5542 5
5543 5
5544 5
5545 5
5546 5
5547 1
5548 5
5549 1
5550 1
5551 5
5552 5
5553 5
5554 1
5555 5
5556 3
5557 5
5558 1
5559 5
5560 5
5561 1
5562 5
5563 5
5564 5
5565 1
5566 5
5567 5
5568 5
5569 1
5570 5
5571 5
5572 1
5573 5
5574 5
5575 5
5576 5
5577 1
5578 5
5579 5
5580 5
5581 5
5582 5
5583 5
5584 5
5585 1
5586 7
5587 7
5588 1
5589 1
5590 7
5591 7
5592 7
5593 7
5594 7
5595 7
5596 7
5597 7
5598 7
5599 7
5600 1
5601 7
5602 1
5603 7
5604 7
5605 7
5606 7
5607 7
5608 7
5609 7
5610 7
5611 7
5612 1
5613 3
5614 1
5615 7
5616 7
5617 7
5618 7
5619 7
5620 7
5621 7
5622 7
5623 7
5624 7
5625 1
5626 7
5627 7
5628 7
5629 7
5630 1
5631 1
5632 7
5633 7
5634 7
5635 7
5636 3
5637 7
5638 1
5639 7
5640 7
5641 7
5642 7
5643 7
5644 7
5645 1
5646 7
5647 7
5648 7
5649 7
5650 7
5651 7
5652 7
5653 7
5654 7
5655 1
5656 1
5657 7
5658 7
5659 7
5660 7
5661 7
5662 7
5663 7
5664 7
5665 7
5666 7
5667 7
5668 0
5669 7
5670 7
5671 1
5672 7
5673 7
5674 7
5675 7
5676 7
5677 7
5678 0
5679 1
5680 7
5681 1
5682 1
5683 7
5684 1
5685 7
5686 1
5687 1
5688 3
5689 3
5690 3
5691 7
5692 7
5693 7
5694 7
5695 7
5696 7
5697 7
5698 7
5699 7
5700 7
5701 1
5702 7
5703 7
5704 7
5705 7
5706 7
5707 7
5708 7
5709 7
5710 7
5711 7
5712 7
5713 7
5714 7
5715 7
5716 7
5717 7
5718 1
5719 1
5720 1
5721 7
5722 3
5723 7
5724 7
5725 7
5726 7
5727 7
5728 7
5729 7
5730 7
5731 7
5732 7
5733 7
5734 7
5735 7
5736 7
5737 7
5738 7
5739 7
5740 7
5741 7
5742 7
5743 1
5744 1
5745 7
5746 7
5747 7
5748 7
5749 7
5750 7
5751 7
5752 1
5753 7
5754 7
5755 3
5756 7
5757 7
5758 3
5759 3
5760 7
5761 7
5762 7
5763 1
5764 1
5765 7
5766 7
5767 7
5768 7
5769 7
5770 7
5771 7
5772 7
5773 1
5774 7
5775 1
5776 7
5777 7
5778 7
5779 7
5780 3
5781 7
5782 1
5783 3
5784 7
5785 7
5786 3
5787 7
5788 7
5789 1
5790 7
5791 1
5792 1
5793 1
5794 1
5795 1
5796 0
5797 7
5798 7
5799 7
5800 1
5801 7
5802 1
5803 1
5804 6
5805 1
5806 1
5807 7
5808 1
5809 7
5810 1
5811 7
5812 3
5813 1
5814 1
5815 1
5816 1
5817 7
5818 1
5819 1
5820 7
5821 1
5822 1
5823 6
5824 6
5825 1
5826 7
5827 1
5828 0
5829 1
5830 3
5831 1
5832 1
5833 7
5834 3
5835 1
5836 10
5837 1
5838 10
5839 1
5840 7
5841 1
5842 7
5843 7
5844 1
5845 1
5846 7
5847 0
5848 1
5849 10
5850 7
5851 3
5852 7
5853 15
5854 7
5855 3
5856 3
5857 1
5858 7
5859 7
5860 1
5861 1
5862 0
5863 1
5864 1
5865 3
5866 0
5867 1
5868 1
5869 1
5870 1
5871 0
5872 0
5873 0
5874 0
5875 0
5876 3
5877 7
5878 7
5879 1
5880 7
5881 7
5882 7
5883 7
5884 7
5885 7
5886 1
5887 7
5888 1
5889 7
5890 1
5891 3
5892 1
5893 1
5894 7
5895 3
5896 7
5897 1
5898 0
5899 1
5900 7
5901 1
5902 7
5903 0
5904 7
5905 7
5906 1
5907 0
5908 3
5909 7
5910 1
5911 1
5912 1
5913 7
5914 1
5915 1
5916 7
5917 1
5918 1
5919 1
5920 1
5921 1
5922 0
5923 7
5924 3
5925 1
5926 7
5927 1
5928 12
5929 1
5930 1
5931 0
5932 1
5933 1
5934 1
5935 1
5936 1
5937 1
5938 1
5939 1
5940 1
5941 7
5942 1
5943 7
5944 3
5945 1
5946 1
5947 1
5948 7
5949 7
5950 7
5951 7
5952 1
5953 1
5954 1
5955 1
5956 1
5957 1
5958 1
5959 7
5960 1
5961 1
5962 7
5963 3
5964 1
5965 1
5966 3
5967 1
5968 1
5969 1
5970 0
5971 1
5972 1
5973 7
5974 1
5975 7
5976 1
5977 7
5978 1
5979 1
5980 1
5981 7
5982 1
5983 7
5984 1
5985 1
5986 3
5987 1
5988 1
5989 3
5990 1
5991 1
5992 3
5993 7
5994 1
5995 1
5996 1
5997 1
5998 0
5999 3
6000 7
6001 1
6002 3
6003 1
6004 1
6005 3
6006 1
6007 0
6008 3
6009 1
6010 0
6011 0
6012 1
6013 7
6014 3
6015 1
6016 1
6017 1
6018 7
6019 7
6020 1
6021 1
6022 1
6023 7
6024 1
6025 1
6026 1
6027 1
6028 1
6029 1
6030 3
6031 1
6032 1
6033 1
6034 1
6035 7
6036 0
6037 0
6038 7
6039 1
6040 1
6041 0
6042 1
6043 1
6044 1
6045 7
6046 3
6047 7
6048 1
6049 3
6050 1
6051 1
6052 3
6053 1
6054 3
6055 0
6056 7
6057 1
6058 1
6059 1
6060 0
6061 1
6062 0
6063 1
6064 1
6065 1
6066 3
6067 7
6068 1
6069 7
6070 1
6071 1
6072 0
6073 7
6074 1
6075 1
6076 1
6077 1
6078 7
6079 7
6080 1
6081 1
6082 1
6083 7
6084 1
6085 1
6086 1
6087 3
6088 1
6089 7
6090 1
6091 1
6092 1
6093 3
6094 3
6095 0
6096 3
6097 1
6098 1
6099 1
6100 1
6101 1
6102 1
6103 7
6104 1
6105 1
6106 7
6107 1
6108 1
6109 7
6110 1
6111 1
6112 1
6113 1
6114 1
6115 1
6116 3
6117 1
6118 1
6119 1
6120 1
6121 1
6122 1
6123 1
6124 7
6125 1
6126 0
6127 1
6128 1
6129 1
6130 1
6131 1
6132 1
6133 1
6134 1
6135 1
6136 7
6137 7
6138 7
6139 7
6140 3
6141 1
6142 1
6143 7
6144 7
6145 3
6146 3
6147 1
6148 3
6149 1
6150 1
6151 0
6152 1
6153 1
6154 3
6155 7
6156 1
6157 1
6158 7
6159 1
6160 1
6161 1
6162 1
6163 1
6164 7
6165 1
6166 1
6167 1
6168 1
6169 0
6170 1
6171 7
6172 1
6173 1
6174 1
6175 1
6176 1
6177 7
6178 1
6179 0
6180 1
6181 0
6182 1
6183 1
6184 0
6185 1
6186 1
6187 0
6188 1
6189 7
6190 1
6191 7
6192 0
6193 1
6194 3
6195 1
6196 1
6197 1
6198 1
6199 1
6200 1
6201 1
6202 0
6203 7
6204 1
6205 3
6206 3
6207 1
6208 3
6209 1
6210 1
6211 1
6212 3
6213 1
6214 0
6215 1
6216 1
6217 0
6218 1
6219 1
6220 1
6221 1
6222 1
6223 1
6224 1
6225 7
6226 0
6227 1
6228 1
6229 1
6230 1
6231 1
6232 3
6233 1
6234 1
6235 1
6236 1
6237 1
6238 1
6239 7
6240 1
6241 1
6242 1
6243 7
6244 1
6245 1
6246 1
6247 3
6248 7
6249 1
6250 0
6251 1
6252 1
6253 7
6254 1
6255 1
6256 1
6257 7
6258 1
6259 1
6260 1
6261 1
6262 7
6263 7
6264 1
6265 3
6266 7
6267 7
6268 1
6269 1
6270 1
6271 7
6272 0
6273 7
6274 0
6275 1
6276 1
6277 1
6278 1
6279 1
6280 7
6281 1
6282 1
6283 1
6284 3
6285 1
6286 1
6287 0
6288 1
6289 1
6290 1
6291 1
6292 1
6293 1
6294 1
6295 3
6296 1
6297 7
6298 7
6299 1
6300 1
6301 7
6302 3
6303 1
6304 1
6305 1
6306 1
6307 7
6308 1
6309 1
6310 1
6311 1
6312 7
6313 1
6314 7
6315 1
6316 1
6317 1
6318 7
6319 0
6320 1
6321 7
6322 7
6323 1
6324 7
6325 7
6326 1
6327 7
6328 0
6329 0
6330 7
6331 3
6332 7
6333 1
6334 1
6335 7
6336 7
6337 1
6338 1
6339 1
6340 0
6341 1
6342 1
6343 1
6344 7
6345 7
6346 7
6347 7
6348 7
6349 7
6350 1
6351 1
6352 3
6353 1
6354 1
6355 1
6356 1
6357 1
6358 7
6359 7
6360 3
6361 1
6362 1
6363 7
6364 3
6365 0
6366 3
6367 12
6368 3
6369 7
6370 3
6371 7
6372 1
6373 3
6374 0
6375 1
6376 3
6377 0
6378 0
6379 0
6380 3
6381 3
6382 0
6383 7
6384 3
6385 7
6386 7
6387 1
6388 7
6389 0
6390 0
6391 3
6392 1
6393 7
6394 7
6395 7
6396 11
6397 1
6398 0
6399 1
6400 1
6401 1
6402 1
6403 1
6404 7
6405 1
6406 0
6407 1
6408 1
6409 1
6410 7
6411 1
6412 3
6413 7
6414 0
6415 7
6416 7
6417 7
6418 7
6419 7
6420 7
6421 7
6422 7
6423 1
6424 7
6425 7
6426 7
6427 7
6428 7
6429 7
6430 7
6431 7
6432 1
6433 7
6434 7
6435 7
6436 7
6437 7
6438 7
6439 7
6440 7
6441 7
6442 7
6443 7
6444 7
6445 7
6446 7
6447 7
6448 7
6449 7
6450 7
6451 7
6452 7
6453 7
6454 1
6455 1
6456 7
6457 1
6458 7
6459 1
6460 3
6461 7
6462 0
6463 1
6464 1
6465 0
6466 1
6467 1
6468 1
6469 7
6470 1
6471 1
6472 1
6473 1
6474 1
6475 1
6476 1
6477 1
6478 1
6479 1
6480 1
6481 1
6482 1
6483 1
6484 7
6485 7
6486 1
6487 7
6488 3
6489 3
6490 3
6491 7
6492 7
6493 7
6494 1
6495 3
6496 7
6497 7
6498 10
6499 3
6500 7
6501 7
6502 7
6503 3
6504 3
6505 3
6506 3
6507 1
6508 1
6509 1
6510 1
6511 1
6512 1
6513 3
6514 1
6515 1
6516 1
6517 1
6518 1
6519 1
6520 1
6521 1
6522 1
6523 3
6524 1
6525 1
6526 1
6527 1
6528 1
6529 1
6530 1
6531 1
6532 7
6533 7
6534 1
6535 7
6536 7
6537 7
6538 8
6539 7
6540 7
6541 7
6542 8
6543 7
6544 7
6545 3
6546 7
6547 7
6548 7
6549 1
6550 7
6551 1
6552 1
6553 0
6554 0
6555 1
6556 0
6557 7
6558 0
6559 7
6560 7
6561 3
6562 7
6563 1
6564 3
6565 1
6566 1
6567 1
6568 1
6569 1
6570 1
6571 1
6572 1
6573 1
6574 1
6575 7
6576 1
6577 1
6578 1
6579 1
6580 1
6581 1
6582 1
6583 1
6584 1
6585 1
6586 0
6587 0
6588 1
6589 0
6590 1
6591 0
6592 0
6593 3
6594 7
6595 0
6596 0
6597 0
6598 0
6599 0
6600 0
6601 0
6602 7
6603 10
6604 7
6605 7
6606 7
6607 7
6608 7
6609 7
6610 1
6611 7
6612 7
6613 7
6614 7
6615 7
6616 7
6617 7
6618 7
6619 7
6620 7
6621 7
6622 7
6623 7
6624 7
6625 7
6626 7
6627 7
6628 7
6629 7
6630 7
6631 7
6632 1
6633 7
6634 7
6635 7
6636 7
6637 0
6638 1
6639 7
6640 1
6641 1
6642 1
6643 1
6644 1
6645 1
6646 1
6647 0
6648 0
6649 0
6650 0
6651 0
6652 0
6653 0
6654 0
6655 0
6656 0
6657 0
6658 7
6659 7
6660 7
6661 7
6662 1
6663 1
6664 1
6665 7
6666 1
6667 1
6668 1
6669 1
6670 1
6671 10
6672 1
6673 1
6674 7
6675 1
6676 0
6677 0
6678 7
6679 7
6680 1
6681 1
6682 1
6683 13
6684 3
6685 7
6686 10
6687 7
6688 1
6689 7
6690 1
6691 7
6692 1
6693 7
6694 1
6695 7
6696 7
6697 7
6698 7
6699 7
6700 7
6701 7
6702 7
6703 8
6704 8
6705 8
6706 8
6707 8
6708 8
6709 8
6710 8
6711 8
6712 8
6713 8
6714 8
6715 8
6716 8
6717 8
6718 8
6719 8
6720 7
6721 0
6722 7
6723 7
6724 7
6725 7
6726 1
6727 7
6728 1
6729 1
6730 7
6731 1
6732 7
6733 0
6734 7
6735 7
6736 7
6737 1
6738 0
6739 1
6740 7
6741 7
6742 7
6743 7
6744 7
6745 1
6746 7
6747 7
6748 7
6749 1
6750 0
6751 1
6752 7
6753 1
6754 7
6755 7
6756 0
6757 0
6758 0
6759 0
6760 0
6761 7
6762 1
6763 1
6764 1
6765 7
6766 7
6767 7
6768 7
6769 7
6770 7
6771 7
6772 7
6773 3
6774 7
6775 7
6776 7
6777 7
6778 7
6779 7
6780 7
6781 7
6782 7
6783 7
6784 1
6785 1
6786 3
6787 1
6788 1
6789 1
6790 7
6791 1
6792 3
6793 7
6794 7
6795 7
6796 1
6797 1
6798 3
6799 15
6800 1
6801 7
6802 3
6803 11
6804 1
6805 1
6806 1
6807 7
6808 1
6809 1
6810 7
6811 7
6812 7
6813 7
6814 7
6815 7
6816 1
6817 7
6818 7
6819 9
6820 1
6821 9
6822 7
6823 1
6824 7
6825 0
6826 0
6827 0
6828 7
6829 1
6830 1
6831 1
6832 1
6833 7
6834 7
6835 3
6836 16
6837 1
6838 1
6839 1
6840 1
6841 3
6842 7
6843 1
6844 7
6845 7
6846 7
6847 7
6848 3
6849 7
6850 7
6851 7
6852 7
6853 10
6854 11
6855 7
6856 1
6857 0
6858 0
6859 1
6860 7
6861 7
6862 7
6863 7
6864 1
6865 7
6866 1
6867 7
6868 3
6869 3
6870 3
6871 7
6872 3
6873 1
6874 7
6875 1
6876 0
6877 0
6878 7
6879 1
6880 1
6881 7
6882 7
6883 7
6884 1
6885 7
6886 7
6887 10
6888 7
6889 7
6890 0
6891 10
6892 7
6893 7
6894 7
6895 7
6896 7
6897 7
6898 7
6899 7
6900 7
6901 7
6902 7
6903 7
6904 7
6905 10
6906 7
6907 3
6908 0
6909 7
6910 7
6911 1
6912 7
6913 1
6914 7
6915 7
6916 0
6917 7
6918 3
6919 7
6920 7
6921 7
6922 7
6923 7
6924 7
6925 0
6926 0
6927 0
6928 0
6929 0
6930 0
6931 0
6932 0
6933 7
6934 1
6935 7
6936 1
6937 7
6938 1
6939 1
6940 7
6941 7
6942 3
6943 7
6944 7
6945 3
6946 7
6947 7
6948 7
6949 7
6950 7
6951 7
6952 7
6953 3
6954 1
6955 1
6956 1
6957 0
6958 10
6959 0
6960 7
6961 7
6962 7
6963 10
6964 10
6965 7
6966 7
6967 10
6968 10
6969 10
6970 7
6971 10
6972 10
6973 1
6974 1
6975 7
6976 3
6977 7
6978 7
6979 1
6980 0
6981 1
6982 7
6983 7
6984 7
6985 1
6986 1
6987 7
6988 7
6989 1
6990 7
6991 7
6992 1
6993 7
6994 3
6995 1
6996 1
6997 7
6998 1
6999 1
7000 1
7001 0
7002 7
7003 7
7004 7
7005 7
7006 7
7007 7
7008 7
7009 7
7010 7
7011 7
7012 7
7013 7
7014 7
7015 1
7016 7
7017 7
7018 7
7019 1
7020 7
7021 1
7022 7
7023 7
7024 7
7025 7
7026 7
7027 7
7028 7
7029 7
7030 7
7031 7
7032 7
7033 7
7034 7
7035 7
7036 3
7037 1
7038 1
7039 1
7040 3
7041 7
7042 7
7043 7
7044 7
7045 7
7046 7
7047 7
7048 7
7049 1
7050 7
7051 1
7052 1
7053 7
7054 7
7055 7
7056 7
7057 7
7058 7
7059 7
7060 7
7061 7
7062 1
7063 0
7064 1
7065 1
7066 1
7067 1
7068 1
7069 1
7070 10
7071 3
7072 1
7073 10
7074 0
7075 0
7076 0
7077 1
7078 0
7079 7
7080 1
7081 7
7082 1
7083 7
7084 7
7085 1
7086 0
7087 7
7088 1
7089 0
7090 0
7091 7
7092 1
7093 10
7094 1
7095 7
7096 0
7097 0
7098 0
7099 7
7100 1
7101 7
7102 7
7103 7
7104 15
7105 1
7106 7
7107 1
7108 0
7109 0
7110 7
7111 3
7112 11
7113 0
7114 1
7115 1
7116 0
7117 1
7118 1
7119 1
7120 0
7121 1
7122 1
7123 1
7124 1
7125 7
7126 1
7127 1
7128 3
7129 1
7130 1
7131 1
7132 7
7133 7
7134 7
7135 7
7136 7
7137 7
7138 1
7139 1
7140 1
7141 1
7142 1
7143 1
7144 1
7145 1
7146 1
7147 1
7148 1
7149 1
7150 7
7151 1
7152 1
7153 1
7154 1
7155 1
7156 1
7157 1
7158 1
7159 1
7160 1
7161 7
7162 1
7163 1
7164 3
7165 1
7166 3
7167 1
7168 1
7169 1
7170 1
7171 1
7172 1
7173 1
7174 1
7175 1
7176 1
7177 1
7178 0
7179 1
7180 0
7181 1
7182 1
7183 1
7184 1
7185 1
7186 1
7187 1
7188 1
7189 0
7190 1
7191 1
7192 1
7193 1
7194 1
7195 1
7196 1
7197 1
7198 1
7199 1
7200 1
7201 1
7202 0
7203 1
7204 7
7205 1
7206 1
7207 1
7208 1
7209 1
7210 1
7211 1
7212 1
7213 1
7214 1
7215 0
7216 1
7217 1
7218 1
7219 1
7220 1
7221 1
7222 1
7223 1
7224 3
7225 1
7226 1
7227 1
7228 1
7229 1
7230 1
7231 0
7232 1
7233 1
7234 1
7235 7
7236 1
7237 1
7238 0
7239 7
7240 7
7241 1
7242 1
7243 0
7244 0
7245 0
7246 1
7247 1
7248 7
7249 1
7250 3
7251 1
7252 1
7253 1
7254 1
7255 1
7256 1
7257 1
7258 1
7259 1
7260 1
7261 1
7262 1
7263 0
7264 1
7265 1
7266 1
7267 7
7268 1
7269 1
7270 1
7271 1
7272 7
7273 1
7274 1
7275 1
7276 1
7277 10
7278 7
7279 1
7280 1
7281 1
7282 1
7283 1
7284 1
7285 1
7286 0
7287 1
7288 1
7289 1
7290 1
7291 1
7292 1
7293 1
7294 1
7295 7
7296 1
7297 1
7298 0
7299 1
7300 1
7301 1
7302 1
7303 12
7304 1
7305 1
7306 1
7307 1
7308 1
7309 1
7310 1
7311 1
7312 1
7313 1
7314 3
7315 0
7316 1
7317 10
7318 1
7319 1
7320 1
7321 1
7322 1
7323 1
7324 1
7325 10
7326 1
7327 1
7328 7
7329 1
7330 1
7331 0
7332 1
7333 1
7334 7
7335 1
7336 1
7337 1
7338 1
7339 1
7340 1
7341 10
7342 1
7343 1
7344 1
7345 1
7346 1
7347 1
7348 1
7349 1
7350 1
7351 1
7352 1
7353 1
7354 1
7355 3
7356 1
7357 1
7358 1
7359 7
7360 1
7361 1
7362 1
7363 1
7364 1
7365 1
7366 7
7367 10
7368 1
7369 10
7370 1
7371 1
7372 1
7373 1
7374 1
7375 1
7376 1
7377 1
7378 1
7379 1
7380 1
7381 1
7382 0
7383 7
7384 1
7385 1
7386 1
7387 1
7388 1
7389 7
7390 1
7391 7
7392 1
7393 1
7394 1
7395 1
7396 1
7397 1
7398 3
7399 1
7400 3
7401 1
7402 1
7403 1
7404 1
7405 1
7406 7
7407 0
7408 1
7409 7
7410 1
7411 0
7412 1
7413 7
7414 0
7415 1
7416 1
7417 1
7418 1
7419 1
7420 7
7421 7
7422 0
7423 0
7424 0
7425 0
7426 0
7427 0
7428 0
7429 0
7430 0
7431 3
7432 0
7433 0
7434 0
7435 0
7436 0
7437 0
7438 0
7439 0
7440 0
7441 0
7442 0
7443 0
7444 0
7445 0
7446 0
7447 0
7448 0
7449 0
7450 0
7451 0
7452 0
7453 0
7454 0
7455 0
7456 0
7457 0
7458 0
7459 0
7460 0
7461 0
7462 0
7463 0
7464 0
7465 7
7466 3
7467 7
7468 10
7469 1
7470 7
7471 7
7472 7
7473 7
7474 7
7475 1
7476 7
7477 7
7478 7
7479 1
7480 7
7481 7
7482 7
7483 7
7484 7
7485 7
7486 7
7487 1
7488 7
7489 7
7490 7
7491 1
7492 7
7493 0
7494 7
7495 7
7496 7
7497 7
7498 7
7499 1
7500 7
7501 1
7502 0
7503 11
7504 11
7505 7
7506 7
7507 3
7508 1
7509 7
7510 7
7511 7
7512 7
7513 7
7514 7
7515 1
7516 7
7517 7
7518 7
7519 7
7520 7
7521 10
7522 7
7523 7
7524 0
7525 7
7526 7
7527 7
7528 10
7529 7
7530 7
7531 1
7532 1
7533 7
7534 7
7535 7
7536 7
7537 1
7538 7
7539 7
7540 1
7541 1
7542 7
7543 7
7544 7
7545 3
7546 0
7547 0
7548 0
7549 0
7550 7
7551 7
7552 0
7553 3
7554 0
7555 7
7556 1
7557 3
7558 7
7559 1
7560 1
7561 1
7562 1
7563 1
7564 1
7565 1
7566 1
7567 1
7568 1
7569 1
7570 1
7571 1
7572 1
7573 1
7574 1
7575 1
7576 1
7577 1
7578 1
7579 1
7580 1
7581 1
7582 1
7583 1
7584 1
7585 1
7586 1
7587 1
7588 1
7589 1
7590 1
7591 1
7592 1
7593 7
7594 1
7595 1
7596 1
7597 1
7598 1
7599 1
7600 1
7601 1
7602 1
7603 1
7604 1
7605 1
7606 1
7607 7
7608 1
7609 1
7610 1
7611 1
7612 1
7613 1
7614 1
7615 1
7616 1
7617 3
7618 1
7619 1
7620 7
7621 7
7622 7
7623 7
7624 1
7625 11
7626 11
7627 11
7628 11
7629 3
7630 1
7631 11
7632 11
7633 11
7634 3
7635 11
7636 11
7637 7
7638 7
7639 7
7640 7
7641 1
7642 1
7643 1
7644 3
7645 3
7646 7
7647 7
7648 7
7649 7
7650 0
7651 1
7652 3
7653 7
7654 7
7655 7
7656 7
7657 7
7658 7
7659 7
7660 7
7661 7
7662 7
7663 0
7664 7
7665 1
7666 0
7667 7
7668 7
7669 1
7670 0
7671 0
7672 7
7673 1
7674 0
7675 7
7676 3
7677 0
7678 1
7679 1
7680 1
7681 3
7682 1
7683 7
7684 7
7685 0
7686 1
7687 1
7688 1
7689 3
7690 0
7691 1
7692 7
7693 1
7694 1
7695 1
7696 7
7697 7
7698 10
7699 3
7700 3
7701 7
7702 7
7703 1
7704 7
7705 7
7706 7
7707 1
7708 7
7709 7
7710 7
7711 7
7712 7
7713 7
7714 7
7715 7
7716 7
7717 10
7718 1
7719 0
7720 7
7721 7
7722 7
7723 7
7724 7
7725 7
7726 7
7727 7
7728 7
7729 7
7730 7
7731 7
7732 1
7733 7
7734 1
7735 1
7736 0
7737 0
7738 0
7739 0
7740 0
7741 0
7742 0
7743 0
7744 1
7745 0
7746 0
7747 1
7748 0
7749 0
7750 0
7751 7
7752 7
7753 0
7754 0
7755 0
7756 0
7757 0
7758 0
7759 0
7760 0
7761 0
7762 0
7763 0
7764 7
7765 7
7766 1
7767 1
7768 0
7769 0
7770 0
7771 0
7772 0
7773 0
7774 0
7775 3
7776 1
7777 1
7778 1
7779 1
7780 1
7781 1
7782 1
7783 1
7784 1
7785 1
7786 7
7787 7
7788 7
7789 7
7790 7
7791 1
7792 3
7793 7
7794 1
7795 1
7796 1
7797 1
7798 1
7799 1
7800 1
7801 1
7802 1
7803 1
7804 1
7805 1
7806 1
7807 1
7808 3
7809 7
7810 3
7811 3
7812 3
7813 7
7814 3
7815 3
7816 3
7817 3
7818 3
7819 3
7820 10
7821 1
7822 7
7823 7
7824 7
7825 7
7826 7
7827 1
7828 0
7829 0
7830 0
7831 1
7832 1
7833 1
7834 1
7835 0
7836 1
7837 1
7838 7
7839 1
7840 1
7841 1
7842 1
7843 1
7844 0
7845 7
7846 1
7847 1
7848 0
7849 1
7850 7
7851 7
7852 7
7853 3
7854 3
7855 3
7856 3
7857 3
7858 1
7859 3
7860 3
7861 3
7862 3
7863 7
7864 1
7865 7
7866 3
7867 7
7868 7
7869 7
7870 1
7871 3
7872 7
7873 7
7874 7
7875 7
7876 7
7877 7
7878 7
7879 7
7880 7
7881 7
7882 7
7883 7
7884 7
7885 7
7886 1
7887 7
7888 7
7889 7
7890 1
7891 12
7892 12
7893 12
7894 12
7895 12
7896 12
7897 12
7898 12
7899 12
7900 12
7901 12
7902 12
7903 12
7904 7
7905 7
7906 1
7907 1
7908 1
7909 1
7910 1
7911 1
7912 1
7913 1
7914 1
7915 1
7916 1
7917 1
7918 1
7919 1
7920 1
7921 1
7922 7
7923 7
7924 7
7925 7
7926 0
7927 0
7928 3
7929 3
7930 7
7931 1
7932 7
7933 3
7934 1
7935 7
7936 7
7937 3
7938 7
7939 1
7940 7
7941 7
7942 7
7943 1
7944 1
7945 7
7946 7
7947 1
7948 7
7949 1
7950 1
7951 1
7952 1
7953 0
7954 7
7955 7
7956 7
7957 7
7958 1
7959 1
7960 7
7961 7
7962 1
7963 1
7964 7
7965 7
7966 7
7967 1
7968 7
7969 7
7970 3
7971 3
7972 3
7973 3
7974 3
7975 3
7976 7
7977 1
7978 10
7979 7
7980 7
7981 0
7982 0
7983 0
7984 1
7985 7
7986 1
7987 7
7988 1
7989 7
7990 7
7991 3
7992 7
7993 7
7994 7
7995 7
7996 7
7997 1
7998 1
7999 1
8000 1
8001 1
8002 1
8003 1
8004 1
8005 1
8006 1
8007 1
8008 1
8009 3
8010 7
8011 7
8012 7
8013 7
8014 10
8015 7
8016 7
8017 10
8018 10
8019 10
8020 10
8021 10
8022 10
8023 10
8024 10
8025 10
8026 10
8027 10
8028 10
8029 10
8030 10
8031 10
8032 10
8033 10
8034 10
8035 10
8036 10
8037 10
8038 10
8039 10
8040 10
8041 10
8042 10
8043 10
8044 10
8045 10
8046 10
8047 10
8048 10
8049 10
8050 10
8051 10
8052 10
8053 10
8054 10
8055 10
8056 10
8057 10
8058 10
8059 10
8060 10
8061 10
8062 10
8063 10
8064 10
8065 10
8066 10
8067 10
8068 10
8069 10
8070 10
8071 10
8072 10
8073 10
8074 10
8075 10
8076 10
8077 10
8078 10
8079 10
8080 10
8081 10
8082 10
8083 10
8084 10
8085 10
8086 10
8087 10
8088 10
8089 10
8090 10
8091 10
8092 10
8093 10
8094 10
8095 10
8096 10
8097 10
8098 10
8099 10
8100 10
8101 10
8102 10
8103 10
8104 10
8105 10
8106 10
8107 10
8108 10
8109 10
8110 10
8111 10
8112 10
8113 10
8114 10
8115 10
8116 10
8117 10
8118 10
8119 0
8120 1
8121 1
8122 1
8123 1
8124 1
8125 1
8126 7
8127 1
8128 7
8129 7
8130 7
8131 7
8132 0
8133 7
8134 7
8135 7
8136 3
8137 3
8138 1
8139 1
8140 7
8141 3
8142 1
8143 1
8144 3
8145 7
8146 1
8147 7
8148 7
8149 7
8150 7
8151 13
8152 13
8153 7
8154 7
8155 7
8156 7
8157 7
8158 7
8159 7
8160 7
8161 7
8162 7
8163 7
8164 7
8165 7
8166 7
8167 7
8168 7
8169 7
8170 7
8171 7
8172 7
8173 7
8174 7
8175 7
8176 7
8177 0
8178 0
8179 7
8180 7
8181 7
8182 7
8183 1
8184 7
8185 7
8186 14
8187 14
8188 0
8189 7
8190 7
8191 7
8192 7
8193 3
8194 1
8195 1
8196 1
8197 3
8198 1
8199 1
8200 1
8201 1
8202 1
8203 1
8204 7
8205 1
8206 3
8207 7
8208 1
8209 3
8210 3
8211 1
8212 3
8213 7
8214 7
8215 7
8216 7
8217 7
8218 7
8219 7
8220 7
8221 0
8222 1
8223 7
8224 7
8225 7
8226 7
8227 7
8228 7
8229 7
8230 7
8231 7
8232 1
8233 7
8234 7
8235 7
8236 1
8237 7
8238 7
8239 7
8240 7
8241 7
8242 7
8243 7
8244 7
8245 1
8246 7
8247 7
8248 7
8249 7
8250 7
8251 3
8252 3
8253 1
8254 7
8255 7
8256 1
8257 1
8258 7
8259 7
8260 0
8261 1
8262 1
8263 0
8264 0
8265 1
8266 7
8267 1
8268 1
8269 1
8270 1
8271 7
8272 7
8273 1
8274 7
8275 0
8276 3
8277 3
8278 1
8279 0
8280 3
8281 15
8282 15
8283 15
8284 15
8285 7
8286 7
8287 7
8288 7
8289 7
8290 1
8291 0
8292 0
8293 0
8294 7
8295 7
8296 7
8297 7
8298 7
8299 7
8300 7
8301 7
8302 7
8303 7
8304 7
8305 7
8306 1
8307 0
8308 3
8309 1
8310 1
8311 0
8312 0
8313 0
8314 7
8315 1
8316 1
8317 1
8318 1
8319 1
8320 1
8321 1
8322 1
8323 1
8324 1
8325 1
8326 1
8327 1
8328 1
8329 1
8330 1
8331 1
8332 1
8333 1
8334 1
8335 1
8336 1
8337 1
8338 1
8339 1
8340 1
8341 1
8342 1
8343 1
8344 1
8345 3
8346 1
8347 7
8348 1
8349 0
8350 1
8351 1
8352 1
8353 7
8354 7
8355 1
8356 7
8357 7
8358 7
8359 5
8360 7
8361 7
8362 0
8363 7
8364 0
8365 7
8366 7
8367 1
8368 3
8369 3
8370 3
8371 1
8372 1
8373 1
8374 1
8375 7
8376 1
8377 3
8378 3
8379 1
8380 1
8381 0
8382 1
8383 1
8384 7
8385 7
8386 1
8387 7
8388 7
8389 1
8390 7
8391 7
8392 7
8393 7
8394 7
8395 7
8396 7
8397 7
8398 3
8399 3
8400 0
8401 0
8402 3
8403 0
8404 0
8405 1
8406 1
8407 7
8408 7
8409 1
8410 3
8411 1
8412 7
8413 7
8414 7
8415 7
8416 0
8417 7
8418 1
8419 1
8420 1
8421 7
8422 3
8423 3
8424 7
8425 1
8426 1
8427 1
8428 1
8429 1
8430 1
8431 7
8432 1
8433 3
8434 3
8435 16
8436 0
8437 0
8438 0
8439 1
8440 3
8441 7
8442 7
8443 7
8444 7
8445 7
8446 7
8447 1
8448 1
8449 7
8450 1
8451 7
8452 7
8453 7
8454 7
8455 7
8456 7
8457 7
8458 7
8459 1
8460 1
8461 1
8462 1
8463 7
8464 1
8465 1
network of communities computed : Thu Jan  7 08:44:28 2010

network : 17 nodes, 135 links, 219950632 weight.
pass number 1 of -1 : 0.107499 0.107493
pass number 2 of -1 : 0.107499 0.107499
communities computed : Thu Jan  7 08:44:28 2010
modularity increased from 0.107493 to 0.107499
0 2
1 1
2 1
3 0
4 2
5 1
6 2
7 4
8 3
9 1
10 5
11 4
12 5
13 1
14 2
15 4
16 6
network of communities computed : Thu Jan  7 08:44:28 2010

network : 7 nodes, 43 links, 219950632 weight.
pass number 1 of -1 : 0.107499 0.107499
communities computed : Thu Jan  7 08:44:28 2010
modularity increased from 0.107499 to 0.107499
0 0
1 1
2 2
3 3
4 4
5 5
6 6
network of communities computed : Thu Jan  7 08:44:28 2010
1e-06 0.107499 241
