Sender: LSF System <lsfadmin@bc09-n09>
Subject: Job 429309: <comm_pct4> Done

Job <comm_pct4> was submitted from host <bc10-n13> by user <jabloche> in cluster <lucky>.
Job was executed on host(s) <bc09-n09>, in queue <week>, as user <jabloche> in cluster <lucky>.
</afs/isis.unc.edu/home/j/a/jabloche> was used as the home directory.
</netscr/jabloche/FirmNetworks/cLouvain> was used as the working directory.
Started at Thu Jan  7 08:40:22 2010
Results reported at Thu Jan  7 08:45:51 2010

Your job looked like:

------------------------------------------------------------
# LSBATCH: User input
/netscr/jabloche/FirmNetworks/cLouvain/community /smallfs/jabloche/fn_edge/el_pct4.bin -l -1 -w
------------------------------------------------------------

Successfully completed.

Resource usage summary:

    CPU time   :    236.10 sec.
    Max Memory :       203 MB
    Max Swap   :       352 MB

    Max Processes  :         4
    Max Threads    :         4

The output (if any) follows:

Your home directory for this job is /netscr/jabloche
start : Thu Jan  7 08:40:27 2010
total : 12893553
file read : Thu Jan  7 08:41:55 2010
network : 7910 nodes, 12893553 links, 153793820 weight.
pass number 1 of -1 : 0.0782738 -0.000236606
pass number 2 of -1 : 0.0870849 0.0782738
pass number 3 of -1 : 0.0883786 0.0870849
pass number 4 of -1 : 0.089154 0.0883786
pass number 5 of -1 : 0.0898703 0.089154
pass number 6 of -1 : 0.0903081 0.0898703
pass number 7 of -1 : 0.0903307 0.0903081
pass number 8 of -1 : 0.0903615 0.0903307
pass number 9 of -1 : 0.0904034 0.0903615
pass number 10 of -1 : 0.0904158 0.0904034
pass number 11 of -1 : 0.0904219 0.0904158
pass number 12 of -1 : 0.0904237 0.0904219
pass number 13 of -1 : 0.0904261 0.0904237
pass number 14 of -1 : 0.0904287 0.0904261
pass number 15 of -1 : 0.0904288 0.0904287
communities computed : Thu Jan  7 08:45:50 2010
modularity increased from -0.000236606 to 0.0904288
0 5
1 4
2 4
3 5
4 4
5 3
6 4
7 5
8 5
9 3
10 4
11 5
12 4
13 4
14 1
15 1
16 1
17 3
18 5
19 5
20 5
21 4
22 2
23 1
24 3
25 4
26 1
27 5
28 1
29 5
30 4
31 4
32 5
33 4
34 4
35 5
36 4
37 4
38 4
39 5
40 4
41 4
42 5
43 4
44 3
45 1
46 1
47 4
48 5
49 3
50 4
51 3
52 5
53 5
54 3
55 1
56 1
57 4
58 3
59 1
60 3
61 5
62 5
63 5
64 2
65 1
66 4
67 5
68 5
69 4
70 4
71 5
72 3
73 4
74 4
75 5
76 1
77 5
78 4
79 5
80 4
81 3
82 4
83 5
84 4
85 5
86 5
87 4
88 5
89 4
90 4
91 4
92 4
93 5
94 4
95 4
96 5
97 4
98 5
99 5
100 4
101 5
102 3
103 5
104 5
105 4
106 3
107 5
108 5
109 1
110 5
111 4
112 5
113 3
114 5
115 5
116 5
117 4
118 5
119 5
120 3
121 3
122 3
123 3
124 1
125 1
126 1
127 4
128 3
129 5
130 3
131 5
132 3
133 5
134 5
135 3
136 4
137 5
138 5
139 5
140 5
141 5
142 2
143 2
144 4
145 5
146 4
147 3
148 5
149 5
150 3
151 5
152 5
153 5
154 4
155 5
156 3
157 5
158 3
159 1
160 3
161 5
162 4
163 4
164 5
165 5
166 4
167 5
168 4
169 5
170 2
171 2
172 5
173 1
174 5
175 5
176 4
177 4
178 4
179 5
180 5
181 4
182 4
183 5
184 5
185 5
186 2
187 4
188 4
189 4
190 4
191 3
192 5
193 5
194 4
195 3
196 5
197 5
198 5
199 5
200 5
201 3
202 5
203 5
204 5
205 5
206 4
207 5
208 5
209 3
210 5
211 5
212 5
213 5
214 5
215 5
216 5
217 5
218 3
219 5
220 5
221 5
222 4
223 5
224 5
225 5
226 4
227 3
228 5
229 4
230 4
231 5
232 5
233 4
234 4
235 3
236 4
237 1
238 4
239 5
240 5
241 5
242 5
243 4
244 5
245 4
246 5
247 5
248 5
249 5
250 4
251 5
252 4
253 5
254 3
255 5
256 4
257 4
258 5
259 1
260 1
261 4
262 5
263 2
264 5
265 5
266 4
267 5
268 4
269 5
270 5
271 5
272 5
273 4
274 4
275 3
276 5
277 5
278 5
279 3
280 4
281 5
282 2
283 4
284 5
285 5
286 5
287 4
288 4
289 4
290 4
291 4
292 5
293 5
294 4
295 2
296 5
297 1
298 4
299 5
300 5
301 4
302 3
303 5
304 4
305 2
306 4
307 4
308 5
309 5
310 4
311 4
312 2
313 3
314 5
315 5
316 4
317 5
318 5
319 4
320 3
321 1
322 4
323 5
324 4
325 4
326 3
327 3
328 4
329 3
330 3
331 2
332 5
333 4
334 5
335 5
336 5
337 5
338 4
339 5
340 5
341 4
342 4
343 5
344 3
345 5
346 5
347 4
348 1
349 4
350 5
351 3
352 5
353 4
354 4
355 5
356 2
357 1
358 4
359 4
360 4
361 1
362 2
363 3
364 4
365 5
366 5
367 5
368 5
369 4
370 5
371 4
372 3
373 4
374 5
375 5
376 4
377 3
378 4
379 4
380 5
381 3
382 5
383 4
384 5
385 2
386 5
387 2
388 1
389 5
390 5
391 5
392 3
393 3
394 5
395 1
396 4
397 3
398 4
399 5
400 5
401 2
402 4
403 1
404 4
405 4
406 3
407 5
408 5
409 4
410 4
411 1
412 2
413 3
414 2
415 4
416 2
417 5
418 5
419 5
420 2
421 3
422 4
423 1
424 4
425 5
426 5
427 4
428 3
429 5
430 2
431 1
432 5
433 5
434 4
435 4
436 4
437 5
438 4
439 2
440 5
441 5
442 4
443 5
444 5
445 3
446 2
447 3
448 5
449 5
450 5
451 3
452 5
453 1
454 3
455 4
456 5
457 5
458 3
459 3
460 3
461 5
462 5
463 5
464 3
465 2
466 3
467 5
468 5
469 2
470 4
471 1
472 3
473 4
474 5
475 4
476 4
477 4
478 1
479 1
480 5
481 4
482 5
483 3
484 4
485 5
486 4
487 5
488 5
489 4
490 5
491 3
492 4
493 5
494 3
495 2
496 4
497 5
498 3
499 5
500 3
501 4
502 4
503 5
504 5
505 4
506 5
507 5
508 4
509 5
510 2
511 1
512 3
513 1
514 2
515 5
516 3
517 4
518 5
519 4
520 2
521 5
522 5
523 4
524 5
525 5
526 5
527 4
528 4
529 4
530 1
531 4
532 3
533 3
534 5
535 5
536 5
537 5
538 4
539 2
540 4
541 3
542 5
543 5
544 2
545 1
546 1
547 3
548 3
549 4
550 4
551 3
552 5
553 4
554 5
555 4
556 5
557 4
558 5
559 5
560 5
561 3
562 2
563 2
564 1
565 5
566 4
567 3
568 5
569 4
570 5
571 4
572 1
573 1
574 3
575 5
576 5
577 5
578 5
579 1
580 3
581 1
582 4
583 3
584 1
585 5
586 4
587 4
588 2
589 5
590 3
591 3
592 3
593 5
594 4
595 5
596 5
597 2
598 5
599 5
600 2
601 4
602 5
603 4
604 5
605 5
606 4
607 5
608 3
609 1
610 4
611 2
612 5
613 3
614 4
615 3
616 4
617 4
618 2
619 5
620 3
621 5
622 2
623 5
624 5
625 5
626 2
627 5
628 5
629 3
630 3
631 4
632 4
633 5
634 3
635 5
636 3
637 4
638 4
639 3
640 5
641 5
642 5
643 2
644 5
645 4
646 2
647 2
648 3
649 2
650 5
651 4
652 2
653 4
654 4
655 3
656 1
657 4
658 5
659 1
660 3
661 2
662 1
663 5
664 5
665 5
666 5
667 4
668 3
669 5
670 5
671 5
672 1
673 5
674 5
675 1
676 5
677 4
678 3
679 3
680 5
681 4
682 1
683 5
684 1
685 4
686 4
687 4
688 3
689 5
690 5
691 5
692 5
693 4
694 4
695 5
696 2
697 5
698 1
699 5
700 5
701 5
702 5
703 3
704 5
705 2
706 3
707 5
708 1
709 4
710 5
711 5
712 4
713 4
714 5
715 5
716 4
717 5
718 4
719 2
720 2
721 5
722 4
723 4
724 5
725 2
726 5
727 5
728 3
729 2
730 5
731 5
732 4
733 4
734 2
735 5
736 3
737 5
738 5
739 5
740 4
741 4
742 4
743 5
744 5
745 3
746 2
747 3
748 5
749 5
750 4
751 5
752 5
753 5
754 5
755 4
756 5
757 3
758 4
759 4
760 4
761 5
762 5
763 3
764 3
765 4
766 5
767 5
768 5
769 5
770 4
771 5
772 3
773 5
774 3
775 4
776 3
777 4
778 2
779 5
780 5
781 5
782 3
783 5
784 5
785 5
786 5
787 5
788 5
789 4
790 5
791 3
792 5
793 2
794 4
795 5
796 4
797 4
798 4
799 5
800 5
801 4
802 4
803 4
804 4
805 5
806 1
807 4
808 4
809 3
810 5
811 3
812 5
813 5
814 4
815 4
816 3
817 1
818 3
819 5
820 5
821 5
822 5
823 4
824 5
825 5
826 5
827 5
828 4
829 5
830 5
831 3
832 3
833 5
834 4
835 3
836 5
837 4
838 4
839 5
840 4
841 2
842 2
843 5
844 5
845 5
846 2
847 5
848 5
849 5
850 4
851 4
852 4
853 4
854 3
855 5
856 4
857 3
858 5
859 5
860 5
861 3
862 4
863 5
864 5
865 3
866 5
867 5
868 3
869 5
870 5
871 4
872 5
873 1
874 1
875 4
876 5
877 1
878 5
879 5
880 5
881 5
882 4
883 1
884 4
885 3
886 5
887 5
888 1
889 4
890 5
891 5
892 2
893 4
894 4
895 5
896 5
897 4
898 1
899 4
900 5
901 5
902 2
903 1
904 5
905 4
906 4
907 3
908 4
909 5
910 4
911 5
912 4
913 2
914 1
915 4
916 5
917 4
918 4
919 5
920 3
921 5
922 5
923 5
924 4
925 5
926 3
927 5
928 5
929 4
930 5
931 4
932 3
933 5
934 4
935 5
936 4
937 5
938 5
939 2
940 2
941 5
942 2
943 5
944 1
945 4
946 5
947 4
948 4
949 5
950 5
951 3
952 4
953 4
954 5
955 1
956 4
957 5
958 3
959 5
960 4
961 4
962 4
963 5
964 3
965 2
966 3
967 5
968 5
969 3
970 5
971 4
972 2
973 4
974 4
975 5
976 5
977 1
978 5
979 4
980 4
981 3
982 4
983 4
984 5
985 5
986 5
987 1
988 3
989 5
990 1
991 5
992 1
993 4
994 3
995 5
996 2
997 3
998 4
999 5
1000 5
1001 4
1002 5
1003 5
1004 4
1005 4
1006 5
1007 5
1008 4
1009 4
1010 5
1011 5
1012 5
1013 3
1014 3
1015 2
1016 4
1017 5
1018 5
1019 4
1020 5
1021 4
1022 5
1023 5
1024 1
1025 5
1026 3
1027 5
1028 2
1029 5
1030 5
1031 4
1032 5
1033 5
1034 4
1035 5
1036 5
1037 3
1038 3
1039 5
1040 5
1041 3
1042 4
1043 5
1044 4
1045 3
1046 3
1047 5
1048 3
1049 1
1050 5
1051 5
1052 5
1053 5
1054 5
1055 2
1056 5
1057 5
1058 5
1059 5
1060 3
1061 5
1062 5
1063 5
1064 1
1065 3
1066 5
1067 1
1068 1
1069 2
1070 5
1071 5
1072 5
1073 5
1074 5
1075 1
1076 5
1077 1
1078 5
1079 4
1080 4
1081 1
1082 2
1083 4
1084 1
1085 4
1086 4
1087 5
1088 4
1089 4
1090 4
1091 5
1092 4
1093 4
1094 5
1095 4
1096 4
1097 5
1098 1
1099 4
1100 2
1101 4
1102 4
1103 1
1104 4
1105 4
1106 4
1107 4
1108 4
1109 3
1110 3
1111 4
1112 3
1113 4
1114 4
1115 4
1116 4
1117 1
1118 4
1119 3
1120 5
1121 4
1122 4
1123 4
1124 3
1125 3
1126 4
1127 1
1128 4
1129 2
1130 4
1131 4
1132 4
1133 4
1134 5
1135 4
1136 4
1137 5
1138 5
1139 4
1140 5
1141 5
1142 5
1143 5
1144 5
1145 5
1146 2
1147 4
1148 4
1149 4
1150 4
1151 5
1152 1
1153 1
1154 1
1155 4
1156 5
1157 4
1158 5
1159 5
1160 5
1161 4
1162 4
1163 4
1164 4
1165 5
1166 1
1167 4
1168 5
1169 4
1170 4
1171 3
1172 3
1173 5
1174 3
1175 1
1176 4
1177 4
1178 4
1179 1
1180 4
1181 4
1182 4
1183 3
1184 1
1185 4
1186 1
1187 4
1188 3
1189 3
1190 3
1191 5
1192 4
1193 5
1194 5
1195 4
1196 2
1197 5
1198 1
1199 4
1200 4
1201 4
1202 4
1203 5
1204 5
1205 4
1206 1
1207 4
1208 4
1209 4
1210 3
1211 4
1212 1
1213 3
1214 4
1215 4
1216 4
1217 3
1218 4
1219 4
1220 4
1221 4
1222 3
1223 1
1224 5
1225 5
1226 5
1227 5
1228 2
1229 4
1230 3
1231 3
1232 3
1233 3
1234 1
1235 4
1236 2
1237 5
1238 2
1239 5
1240 5
1241 1
1242 4
1243 5
1244 3
1245 5
1246 1
1247 4
1248 3
1249 4
1250 1
1251 5
1252 4
1253 4
1254 4
1255 4
1256 5
1257 4
1258 4
1259 5
1260 1
1261 5
1262 4
1263 4
1264 4
1265 1
1266 5
1267 4
1268 5
1269 4
1270 5
1271 1
1272 4
1273 5
1274 3
1275 4
1276 2
1277 5
1278 4
1279 4
1280 1
1281 4
1282 2
1283 5
1284 2
1285 4
1286 3
1287 4
1288 5
1289 2
1290 4
1291 4
1292 4
1293 4
1294 4
1295 2
1296 5
1297 4
1298 3
1299 3
1300 5
1301 4
1302 3
1303 4
1304 1
1305 1
1306 4
1307 4
1308 4
1309 4
1310 4
1311 5
1312 2
1313 1
1314 4
1315 2
1316 1
1317 5
1318 4
1319 1
1320 1
1321 3
1322 2
1323 5
1324 2
1325 5
1326 1
1327 5
1328 4
1329 4
1330 4
1331 3
1332 3
1333 3
1334 4
1335 3
1336 4
1337 4
1338 4
1339 4
1340 1
1341 4
1342 2
1343 5
1344 3
1345 5
1346 5
1347 5
1348 4
1349 4
1350 4
1351 5
1352 5
1353 5
1354 3
1355 4
1356 2
1357 4
1358 1
1359 5
1360 5
1361 4
1362 5
1363 4
1364 3
1365 5
1366 4
1367 4
1368 3
1369 5
1370 3
1371 1
1372 4
1373 4
1374 5
1375 4
1376 1
1377 5
1378 5
1379 5
1380 1
1381 5
1382 1
1383 1
1384 5
1385 3
1386 5
1387 5
1388 5
1389 3
1390 2
1391 1
1392 1
1393 5
1394 4
1395 5
1396 5
1397 4
1398 4
1399 5
1400 5
1401 1
1402 1
1403 5
1404 5
1405 1
1406 1
1407 5
1408 4
1409 1
1410 5
1411 5
1412 2
1413 5
1414 4
1415 5
1416 3
1417 1
1418 5
1419 5
1420 5
1421 5
1422 1
1423 1
1424 5
1425 5
1426 5
1427 2
1428 1
1429 4
1430 5
1431 3
1432 1
1433 5
1434 3
1435 5
1436 1
1437 4
1438 5
1439 5
1440 1
1441 5
1442 5
1443 3
1444 3
1445 5
1446 1
1447 3
1448 1
1449 5
1450 4
1451 3
1452 1
1453 5
1454 5
1455 4
1456 5
1457 1
1458 2
1459 5
1460 4
1461 5
1462 5
1463 4
1464 2
1465 5
1466 4
1467 5
1468 3
1469 5
1470 3
1471 4
1472 3
1473 3
1474 4
1475 4
1476 5
1477 3
1478 5
1479 3
1480 1
1481 5
1482 2
1483 3
1484 4
1485 2
1486 1
1487 5
1488 1
1489 4
1490 5
1491 4
1492 4
1493 4
1494 5
1495 2
1496 4
1497 4
1498 3
1499 3
1500 5
1501 1
1502 4
1503 1
1504 3
1505 3
1506 3
1507 5
1508 1
1509 5
1510 5
1511 3
1512 4
1513 4
1514 4
1515 4
1516 4
1517 2
1518 1
1519 5
1520 4
1521 4
1522 5
1523 4
1524 4
1525 5
1526 4
1527 4
1528 5
1529 4
1530 2
1531 5
1532 2
1533 4
1534 5
1535 1
1536 4
1537 5
1538 5
1539 5
1540 2
1541 5
1542 4
1543 4
1544 5
1545 5
1546 2
1547 5
1548 3
1549 1
1550 3
1551 3
1552 5
1553 4
1554 4
1555 4
1556 4
1557 4
1558 4
1559 4
1560 4
1561 5
1562 5
1563 4
1564 4
1565 4
1566 3
1567 5
1568 4
1569 4
1570 4
1571 5
1572 5
1573 5
1574 4
1575 5
1576 4
1577 4
1578 4
1579 3
1580 5
1581 4
1582 5
1583 1
1584 3
1585 5
1586 3
1587 3
1588 2
1589 5
1590 3
1591 2
1592 5
1593 5
1594 4
1595 3
1596 4
1597 5
1598 4
1599 4
1600 4
1601 5
1602 4
1603 3
1604 1
1605 2
1606 5
1607 1
1608 2
1609 1
1610 4
1611 5
1612 3
1613 4
1614 4
1615 4
1616 5
1617 4
1618 2
1619 3
1620 3
1621 1
1622 2
1623 2
1624 4
1625 3
1626 3
1627 5
1628 4
1629 2
1630 4
1631 3
1632 3
1633 5
1634 1
1635 5
1636 1
1637 3
1638 1
1639 3
1640 3
1641 4
1642 5
1643 4
1644 5
1645 3
1646 4
1647 3
1648 2
1649 1
1650 5
1651 4
1652 3
1653 4
1654 4
1655 3
1656 3
1657 4
1658 5
1659 5
1660 4
1661 3
1662 4
1663 4
1664 5
1665 4
1666 4
1667 3
1668 1
1669 5
1670 5
1671 4
1672 1
1673 1
1674 4
1675 4
1676 3
1677 2
1678 5
1679 4
1680 1
1681 2
1682 4
1683 4
1684 3
1685 1
1686 5
1687 4
1688 4
1689 1
1690 1
1691 1
1692 1
1693 1
1694 4
1695 1
1696 5
1697 4
1698 4
1699 5
1700 4
1701 4
1702 5
1703 5
1704 5
1705 4
1706 4
1707 4
1708 2
1709 5
1710 4
1711 1
1712 3
1713 1
1714 2
1715 5
1716 5
1717 5
1718 5
1719 3
1720 4
1721 5
1722 5
1723 2
1724 4
1725 4
1726 4
1727 3
1728 4
1729 5
1730 4
1731 5
1732 4
1733 3
1734 3
1735 5
1736 5
1737 1
1738 2
1739 1
1740 1
1741 4
1742 5
1743 4
1744 2
1745 3
1746 1
1747 4
1748 4
1749 4
1750 2
1751 4
1752 5
1753 4
1754 4
1755 3
1756 5
1757 4
1758 2
1759 2
1760 5
1761 1
1762 5
1763 4
1764 5
1765 5
1766 1
1767 2
1768 5
1769 4
1770 5
1771 1
1772 4
1773 2
1774 2
1775 1
1776 4
1777 1
1778 1
1779 5
1780 5
1781 4
1782 3
1783 5
1784 4
1785 4
1786 4
1787 1
1788 5
1789 1
1790 5
1791 4
1792 4
1793 3
1794 5
1795 5
1796 4
1797 5
1798 1
1799 3
1800 4
1801 4
1802 1
1803 4
1804 1
1805 4
1806 5
1807 4
1808 3
1809 4
1810 5
1811 3
1812 4
1813 4
1814 4
1815 4
1816 4
1817 1
1818 4
1819 5
1820 3
1821 4
1822 4
1823 5
1824 2
1825 5
1826 4
1827 2
1828 4
1829 1
1830 3
1831 1
1832 1
1833 4
1834 4
1835 3
1836 4
1837 5
1838 5
1839 5
1840 1
1841 5
1842 5
1843 3
1844 1
1845 4
1846 4
1847 3
1848 5
1849 3
1850 1
1851 4
1852 4
1853 5
1854 2
1855 4
1856 4
1857 5
1858 4
1859 3
1860 5
1861 5
1862 3
1863 4
1864 5
1865 1
1866 5
1867 4
1868 3
1869 5
1870 5
1871 4
1872 4
1873 5
1874 4
1875 5
1876 5
1877 4
1878 5
1879 4
1880 5
1881 4
1882 4
1883 2
1884 1
1885 5
1886 4
1887 5
1888 5
1889 4
1890 4
1891 4
1892 4
1893 5
1894 5
1895 1
1896 5
1897 1
1898 4
1899 4
1900 3
1901 4
1902 1
1903 3
1904 1
1905 4
1906 2
1907 4
1908 3
1909 3
1910 5
1911 4
1912 3
1913 4
1914 5
1915 1
1916 5
1917 4
1918 1
1919 5
1920 4
1921 4
1922 4
1923 5
1924 1
1925 3
1926 5
1927 3
1928 4
1929 3
1930 4
1931 4
1932 1
1933 3
1934 5
1935 5
1936 5
1937 1
1938 4
1939 1
1940 4
1941 4
1942 5
1943 5
1944 5
1945 2
1946 1
1947 5
1948 3
1949 4
1950 5
1951 2
1952 5
1953 3
1954 2
1955 3
1956 5
1957 5
1958 5
1959 5
1960 4
1961 3
1962 3
1963 5
1964 4
1965 1
1966 2
1967 1
1968 5
1969 5
1970 4
1971 5
1972 2
1973 5
1974 5
1975 5
1976 5
1977 1
1978 5
1979 5
1980 3
1981 5
1982 5
1983 4
1984 5
1985 2
1986 5
1987 2
1988 2
1989 3
1990 4
1991 2
1992 4
1993 4
1994 2
1995 5
1996 5
1997 4
1998 4
1999 4
2000 4
2001 5
2002 4
2003 2
2004 5
2005 4
2006 3
2007 5
2008 4
2009 4
2010 4
2011 3
2012 1
2013 5
2014 4
2015 4
2016 4
2017 4
2018 5
2019 4
2020 5
2021 4
2022 4
2023 4
2024 3
2025 2
2026 4
2027 4
2028 4
2029 4
2030 4
2031 4
2032 4
2033 4
2034 4
2035 4
2036 4
2037 4
2038 1
2039 4
2040 4
2041 2
2042 4
2043 1
2044 3
2045 3
2046 4
2047 4
2048 3
2049 4
2050 5
2051 4
2052 4
2053 5
2054 2
2055 4
2056 4
2057 4
2058 4
2059 4
2060 4
2061 4
2062 4
2063 4
2064 4
2065 4
2066 4
2067 4
2068 4
2069 4
2070 4
2071 3
2072 4
2073 4
2074 4
2075 4
2076 4
2077 3
2078 4
2079 4
2080 4
2081 4
2082 5
2083 3
2084 5
2085 4
2086 4
2087 5
2088 4
2089 4
2090 3
2091 4
2092 4
2093 4
2094 4
2095 4
2096 3
2097 4
2098 5
2099 4
2100 4
2101 3
2102 3
2103 4
2104 4
2105 5
2106 4
2107 4
2108 4
2109 4
2110 4
2111 4
2112 2
2113 5
2114 4
2115 3
2116 3
2117 4
2118 5
2119 4
2120 3
2121 4
2122 1
2123 4
2124 5
2125 4
2126 1
2127 4
2128 2
2129 5
2130 4
2131 2
2132 5
2133 5
2134 4
2135 4
2136 4
2137 5
2138 4
2139 4
2140 3
2141 2
2142 4
2143 2
2144 1
2145 5
2146 4
2147 4
2148 4
2149 1
2150 1
2151 4
2152 1
2153 4
2154 4
2155 1
2156 5
2157 4
2158 1
2159 4
2160 5
2161 4
2162 3
2163 4
2164 2
2165 5
2166 1
2167 1
2168 4
2169 4
2170 4
2171 1
2172 5
2173 4
2174 4
2175 4
2176 4
2177 4
2178 4
2179 1
2180 5
2181 4
2182 4
2183 4
2184 1
2185 1
2186 5
2187 4
2188 1
2189 2
2190 1
2191 4
2192 1
2193 1
2194 1
2195 5
2196 5
2197 3
2198 4
2199 4
2200 4
2201 4
2202 5
2203 5
2204 4
2205 4
2206 1
2207 1
2208 1
2209 2
2210 5
2211 1
2212 4
2213 5
2214 5
2215 4
2216 4
2217 4
2218 3
2219 5
2220 5
2221 4
2222 5
2223 3
2224 3
2225 1
2226 4
2227 4
2228 3
2229 1
2230 5
2231 5
2232 4
2233 1
2234 5
2235 3
2236 1
2237 5
2238 1
2239 4
2240 4
2241 4
2242 1
2243 1
2244 4
2245 1
2246 5
2247 4
2248 3
2249 4
2250 5
2251 5
2252 5
2253 4
2254 4
2255 4
2256 1
2257 4
2258 3
2259 4
2260 3
2261 4
2262 4
2263 5
2264 3
2265 4
2266 3
2267 4
2268 3
2269 5
2270 4
2271 4
2272 4
2273 1
2274 3
2275 5
2276 1
2277 5
2278 4
2279 4
2280 4
2281 4
2282 4
2283 5
2284 4
2285 4
2286 4
2287 5
2288 3
2289 4
2290 4
2291 3
2292 3
2293 1
2294 2
2295 3
2296 3
2297 4
2298 5
2299 5
2300 4
2301 4
2302 5
2303 5
2304 4
2305 4
2306 4
2307 5
2308 4
2309 4
2310 4
2311 4
2312 4
2313 5
2314 3
2315 5
2316 4
2317 4
2318 4
2319 4
2320 4
2321 4
2322 4
2323 4
2324 3
2325 3
2326 4
2327 4
2328 4
2329 4
2330 3
2331 5
2332 4
2333 2
2334 3
2335 4
2336 5
2337 5
2338 3
2339 5
2340 4
2341 4
2342 4
2343 4
2344 5
2345 5
2346 5
2347 3
2348 4
2349 5
2350 1
2351 5
2352 3
2353 4
2354 3
2355 5
2356 4
2357 4
2358 3
2359 5
2360 4
2361 4
2362 1
2363 4
2364 5
2365 1
2366 1
2367 5
2368 5
2369 4
2370 4
2371 2
2372 4
2373 4
2374 4
2375 4
2376 1
2377 5
2378 4
2379 4
2380 4
2381 2
2382 4
2383 2
2384 1
2385 4
2386 2
2387 4
2388 4
2389 1
2390 4
2391 1
2392 1
2393 4
2394 3
2395 1
2396 4
2397 4
2398 1
2399 5
2400 4
2401 5
2402 1
2403 4
2404 4
2405 4
2406 4
2407 1
2408 4
2409 4
2410 4
2411 4
2412 4
2413 4
2414 4
2415 4
2416 5
2417 4
2418 5
2419 1
2420 1
2421 4
2422 4
2423 4
2424 4
2425 3
2426 1
2427 1
2428 1
2429 1
2430 1
2431 1
2432 1
2433 1
2434 1
2435 1
2436 1
2437 1
2438 1
2439 1
2440 1
2441 1
2442 1
2443 1
2444 1
2445 1
2446 1
2447 1
2448 1
2449 1
2450 1
2451 1
2452 1
2453 1
2454 1
2455 4
2456 4
2457 5
2458 4
2459 5
2460 1
2461 4
2462 2
2463 4
2464 4
2465 2
2466 1
2467 3
2468 5
2469 1
2470 1
2471 4
2472 4
2473 4
2474 1
2475 4
2476 4
2477 1
2478 4
2479 4
2480 1
2481 1
2482 1
2483 1
2484 5
2485 5
2486 4
2487 4
2488 4
2489 4
2490 1
2491 5
2492 4
2493 3
2494 1
2495 3
2496 4
2497 5
2498 1
2499 1
2500 1
2501 4
2502 1
2503 1
2504 4
2505 1
2506 4
2507 1
2508 1
2509 4
2510 3
2511 4
2512 3
2513 1
2514 1
2515 1
2516 4
2517 5
2518 4
2519 4
2520 5
2521 4
2522 4
2523 4
2524 4
2525 3
2526 5
2527 4
2528 5
2529 4
2530 4
2531 4
2532 4
2533 1
2534 1
2535 4
2536 4
2537 4
2538 4
2539 1
2540 4
2541 4
2542 1
2543 1
2544 4
2545 1
2546 1
2547 5
2548 1
2549 4
2550 1
2551 4
2552 4
2553 1
2554 4
2555 5
2556 4
2557 1
2558 4
2559 4
2560 1
2561 1
2562 1
2563 1
2564 4
2565 4
2566 5
2567 4
2568 4
2569 1
2570 4
2571 4
2572 4
2573 1
2574 4
2575 4
2576 1
2577 4
2578 3
2579 1
2580 1
2581 4
2582 1
2583 1
2584 4
2585 4
2586 3
2587 4
2588 4
2589 5
2590 4
2591 4
2592 2
2593 4
2594 5
2595 2
2596 1
2597 1
2598 1
2599 1
2600 4
2601 1
2602 1
2603 4
2604 4
2605 1
2606 1
2607 1
2608 1
2609 1
2610 4
2611 1
2612 1
2613 4
2614 2
2615 4
2616 1
2617 1
2618 1
2619 1
2620 1
2621 1
2622 4
2623 1
2624 1
2625 1
2626 1
2627 1
2628 4
2629 5
2630 3
2631 4
2632 4
2633 1
2634 1
2635 1
2636 4
2637 1
2638 1
2639 1
2640 4
2641 4
2642 1
2643 1
2644 1
2645 1
2646 5
2647 5
2648 1
2649 4
2650 4
2651 4
2652 1
2653 4
2654 4
2655 4
2656 1
2657 5
2658 4
2659 4
2660 1
2661 4
2662 4
2663 1
2664 4
2665 4
2666 4
2667 4
2668 1
2669 3
2670 4
2671 4
2672 5
2673 4
2674 4
2675 4
2676 4
2677 4
2678 1
2679 5
2680 4
2681 4
2682 4
2683 4
2684 3
2685 5
2686 4
2687 5
2688 1
2689 4
2690 5
2691 1
2692 5
2693 5
2694 4
2695 3
2696 4
2697 4
2698 4
2699 1
2700 4
2701 4
2702 1
2703 4
2704 5
2705 4
2706 4
2707 3
2708 4
2709 3
2710 4
2711 4
2712 4
2713 4
2714 4
2715 4
2716 3
2717 4
2718 5
2719 4
2720 4
2721 4
2722 3
2723 4
2724 4
2725 4
2726 5
2727 5
2728 4
2729 4
2730 3
2731 4
2732 4
2733 4
2734 3
2735 4
2736 4
2737 4
2738 5
2739 1
2740 4
2741 5
2742 2
2743 4
2744 4
2745 4
2746 1
2747 5
2748 5
2749 1
2750 3
2751 1
2752 4
2753 2
2754 4
2755 4
2756 4
2757 2
2758 4
2759 4
2760 4
2761 1
2762 4
2763 4
2764 4
2765 4
2766 4
2767 1
2768 3
2769 4
2770 5
2771 4
2772 3
2773 5
2774 5
2775 4
2776 4
2777 4
2778 3
2779 5
2780 4
2781 2
2782 3
2783 3
2784 5
2785 5
2786 5
2787 5
2788 4
2789 4
2790 4
2791 5
2792 1
2793 5
2794 4
2795 4
2796 5
2797 4
2798 4
2799 4
2800 2
2801 5
2802 4
2803 5
2804 5
2805 4
2806 3
2807 4
2808 5
2809 3
2810 4
2811 4
2812 4
2813 4
2814 4
2815 4
2816 4
2817 4
2818 2
2819 5
2820 4
2821 4
2822 4
2823 5
2824 3
2825 4
2826 4
2827 5
2828 2
2829 4
2830 1
2831 5
2832 4
2833 5
2834 3
2835 5
2836 3
2837 2
2838 5
2839 4
2840 2
2841 5
2842 5
2843 4
2844 4
2845 4
2846 4
2847 4
2848 4
2849 3
2850 4
2851 4
2852 4
2853 2
2854 4
2855 5
2856 4
2857 3
2858 4
2859 5
2860 1
2861 4
2862 1
2863 3
2864 4
2865 4
2866 1
2867 4
2868 5
2869 5
2870 4
2871 5
2872 4
2873 4
2874 5
2875 5
2876 4
2877 4
2878 5
2879 1
2880 4
2881 4
2882 5
2883 4
2884 4
2885 3
2886 3
2887 4
2888 4
2889 3
2890 4
2891 4
2892 3
2893 1
2894 4
2895 4
2896 1
2897 3
2898 4
2899 2
2900 4
2901 4
2902 5
2903 4
2904 4
2905 4
2906 4
2907 4
2908 5
2909 4
2910 4
2911 4
2912 2
2913 3
2914 4
2915 5
2916 3
2917 1
2918 4
2919 3
2920 4
2921 1
2922 4
2923 4
2924 5
2925 5
2926 4
2927 4
2928 1
2929 1
2930 5
2931 3
2932 5
2933 3
2934 5
2935 4
2936 5
2937 5
2938 4
2939 4
2940 5
2941 4
2942 4
2943 5
2944 4
2945 2
2946 5
2947 4
2948 3
2949 4
2950 4
2951 4
2952 4
2953 4
2954 3
2955 2
2956 5
2957 1
2958 5
2959 5
2960 4
2961 4
2962 4
2963 5
2964 2
2965 5
2966 3
2967 1
2968 4
2969 3
2970 4
2971 4
2972 4
2973 4
2974 4
2975 5
2976 4
2977 5
2978 4
2979 5
2980 3
2981 4
2982 5
2983 5
2984 4
2985 2
2986 5
2987 2
2988 4
2989 4
2990 4
2991 4
2992 1
2993 4
2994 5
2995 5
2996 3
2997 4
2998 5
2999 2
3000 2
3001 4
3002 5
3003 4
3004 4
3005 4
3006 3
3007 4
3008 4
3009 4
3010 4
3011 3
3012 5
3013 4
3014 4
3015 3
3016 4
3017 5
3018 5
3019 5
3020 4
3021 4
3022 5
3023 3
3024 4
3025 4
3026 4
3027 4
3028 3
3029 4
3030 1
3031 5
3032 4
3033 5
3034 4
3035 4
3036 5
3037 2
3038 5
3039 2
3040 2
3041 4
3042 3
3043 5
3044 4
3045 3
3046 4
3047 5
3048 3
3049 2
3050 5
3051 4
3052 4
3053 2
3054 5
3055 3
3056 4
3057 3
3058 5
3059 4
3060 4
3061 5
3062 4
3063 4
3064 5
3065 4
3066 4
3067 4
3068 5
3069 4
3070 2
3071 4
3072 1
3073 4
3074 4
3075 2
3076 5
3077 5
3078 5
3079 5
3080 5
3081 4
3082 4
3083 4
3084 4
3085 4
3086 5
3087 5
3088 2
3089 5
3090 3
3091 5
3092 4
3093 4
3094 4
3095 4
3096 4
3097 4
3098 5
3099 5
3100 4
3101 4
3102 4
3103 2
3104 4
3105 4
3106 3
3107 4
3108 3
3109 4
3110 3
3111 4
3112 4
3113 5
3114 3
3115 5
3116 2
3117 5
3118 5
3119 4
3120 4
3121 5
3122 5
3123 4
3124 4
3125 2
3126 4
3127 4
3128 5
3129 4
3130 5
3131 4
3132 4
3133 4
3134 4
3135 1
3136 4
3137 5
3138 5
3139 3
3140 4
3141 4
3142 3
3143 5
3144 7
3145 4
3146 3
3147 3
3148 4
3149 4
3150 3
3151 2
3152 1
3153 4
3154 2
3155 4
3156 4
3157 1
3158 1
3159 4
3160 1
3161 4
3162 4
3163 3
3164 4
3165 4
3166 3
3167 4
3168 3
3169 4
3170 4
3171 4
3172 4
3173 3
3174 5
3175 1
3176 1
3177 1
3178 4
3179 4
3180 1
3181 1
3182 1
3183 4
3184 5
3185 4
3186 2
3187 4
3188 4
3189 1
3190 4
3191 4
3192 3
3193 5
3194 4
3195 3
3196 4
3197 5
3198 5
3199 1
3200 5
3201 4
3202 2
3203 5
3204 4
3205 4
3206 4
3207 5
3208 2
3209 4
3210 3
3211 5
3212 4
3213 4
3214 3
3215 5
3216 4
3217 4
3218 2
3219 5
3220 4
3221 5
3222 4
3223 1
3224 2
3225 1
3226 4
3227 4
3228 4
3229 4
3230 1
3231 4
3232 3
3233 4
3234 4
3235 4
3236 3
3237 4
3238 4
3239 4
3240 5
3241 4
3242 4
3243 4
3244 4
3245 4
3246 4
3247 4
3248 4
3249 4
3250 3
3251 1
3252 1
3253 1
3254 5
3255 4
3256 1
3257 1
3258 4
3259 2
3260 4
3261 4
3262 1
3263 4
3264 4
3265 1
3266 4
3267 1
3268 4
3269 4
3270 4
3271 4
3272 4
3273 4
3274 2
3275 3
3276 5
3277 4
3278 2
3279 4
3280 5
3281 5
3282 5
3283 4
3284 4
3285 4
3286 1
3287 4
3288 4
3289 2
3290 4
3291 4
3292 4
3293 4
3294 3
3295 3
3296 3
3297 4
3298 3
3299 4
3300 1
3301 4
3302 1
3303 1
3304 1
3305 1
3306 1
3307 5
3308 1
3309 5
3310 4
3311 1
3312 4
3313 4
3314 4
3315 1
3316 4
3317 4
3318 4
3319 4
3320 1
3321 4
3322 5
3323 4
3324 4
3325 4
3326 3
3327 4
3328 4
3329 3
3330 4
3331 4
3332 4
3333 2
3334 4
3335 4
3336 4
3337 3
3338 4
3339 4
3340 3
3341 4
3342 4
3343 4
3344 5
3345 4
3346 4
3347 3
3348 1
3349 1
3350 4
3351 5
3352 4
3353 4
3354 5
3355 4
3356 4
3357 5
3358 4
3359 4
3360 4
3361 4
3362 4
3363 4
3364 4
3365 4
3366 3
3367 3
3368 5
3369 2
3370 5
3371 5
3372 4
3373 4
3374 4
3375 3
3376 4
3377 3
3378 4
3379 4
3380 4
3381 4
3382 3
3383 4
3384 4
3385 3
3386 4
3387 4
3388 4
3389 3
3390 5
3391 4
3392 2
3393 4
3394 4
3395 3
3396 4
3397 5
3398 4
3399 4
3400 3
3401 3
3402 4
3403 4
3404 4
3405 2
3406 4
3407 4
3408 4
3409 4
3410 4
3411 5
3412 4
3413 4
3414 5
3415 4
3416 3
3417 1
3418 4
3419 4
3420 4
3421 4
3422 1
3423 5
3424 5
3425 3
3426 4
3427 4
3428 4
3429 5
3430 4
3431 3
3432 3
3433 4
3434 4
3435 4
3436 5
3437 4
3438 3
3439 4
3440 4
3441 4
3442 4
3443 3
3444 2
3445 4
3446 4
3447 4
3448 4
3449 3
3450 5
3451 2
3452 5
3453 4
3454 4
3455 4
3456 4
3457 4
3458 4
3459 4
3460 4
3461 4
3462 4
3463 1
3464 1
3465 3
3466 2
3467 4
3468 5
3469 4
3470 4
3471 3
3472 5
3473 4
3474 4
3475 4
3476 4
3477 4
3478 1
3479 4
3480 4
3481 4
3482 4
3483 4
3484 4
3485 2
3486 4
3487 4
3488 4
3489 3
3490 5
3491 1
3492 4
3493 5
3494 4
3495 5
3496 4
3497 4
3498 4
3499 4
3500 4
3501 4
3502 4
3503 4
3504 2
3505 4
3506 5
3507 4
3508 4
3509 4
3510 5
3511 5
3512 4
3513 5
3514 1
3515 4
3516 4
3517 4
3518 4
3519 4
3520 4
3521 5
3522 4
3523 5
3524 5
3525 3
3526 4
3527 3
3528 4
3529 4
3530 3
3531 4
3532 4
3533 4
3534 4
3535 3
3536 4
3537 4
3538 5
3539 3
3540 5
3541 4
3542 4
3543 5
3544 4
3545 4
3546 4
3547 4
3548 3
3549 4
3550 3
3551 4
3552 4
3553 4
3554 4
3555 4
3556 4
3557 4
3558 4
3559 4
3560 4
3561 4
3562 4
3563 4
3564 4
3565 1
3566 4
3567 4
3568 3
3569 4
3570 4
3571 4
3572 4
3573 4
3574 2
3575 4
3576 4
3577 4
3578 4
3579 4
3580 4
3581 4
3582 3
3583 4
3584 3
3585 3
3586 4
3587 4
3588 4
3589 4
3590 2
3591 4
3592 5
3593 4
3594 4
3595 5
3596 4
3597 5
3598 4
3599 4
3600 4
3601 4
3602 5
3603 4
3604 4
3605 5
3606 5
3607 5
3608 4
3609 3
3610 5
3611 4
3612 4
3613 4
3614 4
3615 4
3616 4
3617 4
3618 4
3619 4
3620 4
3621 4
3622 3
3623 5
3624 4
3625 4
3626 4
3627 4
3628 3
3629 1
3630 3
3631 4
3632 5
3633 5
3634 4
3635 5
3636 3
3637 4
3638 3
3639 4
3640 4
3641 4
3642 4
3643 5
3644 4
3645 5
3646 5
3647 4
3648 4
3649 4
3650 4
3651 4
3652 4
3653 4
3654 5
3655 4
3656 4
3657 5
3658 4
3659 4
3660 4
3661 4
3662 4
3663 3
3664 5
3665 3
3666 5
3667 5
3668 4
3669 1
3670 5
3671 4
3672 4
3673 4
3674 2
3675 4
3676 4
3677 2
3678 4
3679 3
3680 2
3681 4
3682 5
3683 2
3684 3
3685 4
3686 5
3687 5
3688 3
3689 3
3690 4
3691 5
3692 4
3693 5
3694 4
3695 1
3696 4
3697 5
3698 2
3699 4
3700 5
3701 4
3702 5
3703 4
3704 4
3705 5
3706 3
3707 4
3708 1
3709 5
3710 4
3711 4
3712 4
3713 5
3714 4
3715 2
3716 5
3717 4
3718 4
3719 2
3720 3
3721 5
3722 3
3723 4
3724 3
3725 4
3726 3
3727 4
3728 5
3729 5
3730 3
3731 5
3732 4
3733 2
3734 4
3735 4
3736 4
3737 4
3738 3
3739 5
3740 3
3741 5
3742 4
3743 4
3744 4
3745 4
3746 4
3747 5
3748 4
3749 3
3750 1
3751 5
3752 2
3753 4
3754 5
3755 2
3756 5
3757 4
3758 5
3759 5
3760 1
3761 4
3762 4
3763 3
3764 5
3765 4
3766 5
3767 4
3768 4
3769 4
3770 4
3771 4
3772 4
3773 4
3774 3
3775 4
3776 4
3777 4
3778 5
3779 4
3780 3
3781 4
3782 4
3783 3
3784 4
3785 5
3786 4
3787 4
3788 4
3789 5
3790 4
3791 4
3792 4
3793 4
3794 4
3795 5
3796 4
3797 3
3798 3
3799 4
3800 3
3801 4
3802 3
3803 3
3804 4
3805 4
3806 4
3807 3
3808 3
3809 5
3810 5
3811 5
3812 3
3813 4
3814 4
3815 4
3816 3
3817 4
3818 3
3819 4
3820 5
3821 4
3822 5
3823 5
3824 3
3825 3
3826 3
3827 5
3828 4
3829 5
3830 5
3831 4
3832 3
3833 4
3834 3
3835 4
3836 4
3837 4
3838 4
3839 3
3840 4
3841 4
3842 5
3843 5
3844 4
3845 5
3846 3
3847 4
3848 1
3849 5
3850 5
3851 4
3852 4
3853 4
3854 3
3855 4
3856 4
3857 4
3858 4
3859 4
3860 4
3861 4
3862 4
3863 3
3864 4
3865 2
3866 4
3867 5
3868 5
3869 2
3870 5
3871 4
3872 4
3873 1
3874 5
3875 4
3876 4
3877 5
3878 5
3879 5
3880 3
3881 4
3882 2
3883 3
3884 4
3885 5
3886 4
3887 4
3888 3
3889 4
3890 4
3891 4
3892 5
3893 4
3894 4
3895 3
3896 4
3897 4
3898 3
3899 4
3900 3
3901 4
3902 4
3903 4
3904 5
3905 5
3906 4
3907 4
3908 1
3909 4
3910 4
3911 1
3912 5
3913 5
3914 4
3915 3
3916 5
3917 2
3918 1
3919 4
3920 4
3921 4
3922 4
3923 5
3924 5
3925 4
3926 4
3927 4
3928 3
3929 3
3930 5
3931 4
3932 4
3933 4
3934 4
3935 4
3936 5
3937 5
3938 5
3939 4
3940 4
3941 3
3942 3
3943 1
3944 4
3945 2
3946 4
3947 4
3948 5
3949 4
3950 4
3951 4
3952 1
3953 5
3954 3
3955 5
3956 4
3957 5
3958 4
3959 4
3960 5
3961 4
3962 4
3963 4
3964 2
3965 1
3966 1
3967 4
3968 2
3969 3
3970 4
3971 3
3972 4
3973 4
3974 4
3975 3
3976 3
3977 4
3978 4
3979 5
3980 4
3981 5
3982 4
3983 4
3984 4
3985 4
3986 4
3987 4
3988 4
3989 3
3990 4
3991 4
3992 4
3993 4
3994 3
3995 2
3996 3
3997 4
3998 3
3999 5
4000 4
4001 4
4002 4
4003 4
4004 4
4005 5
4006 5
4007 3
4008 5
4009 4
4010 4
4011 5
4012 4
4013 4
4014 4
4015 4
4016 4
4017 3
4018 4
4019 4
4020 4
4021 3
4022 4
4023 4
4024 3
4025 4
4026 5
4027 3
4028 1
4029 2
4030 4
4031 4
4032 4
4033 4
4034 4
4035 3
4036 4
4037 1
4038 2
4039 1
4040 1
4041 4
4042 5
4043 1
4044 1
4045 1
4046 4
4047 4
4048 5
4049 1
4050 4
4051 1
4052 4
4053 2
4054 4
4055 1
4056 1
4057 5
4058 4
4059 4
4060 1
4061 1
4062 1
4063 1
4064 1
4065 4
4066 1
4067 4
4068 1
4069 1
4070 3
4071 4
4072 1
4073 1
4074 1
4075 5
4076 4
4077 5
4078 4
4079 5
4080 1
4081 5
4082 5
4083 5
4084 5
4085 4
4086 3
4087 4
4088 4
4089 5
4090 5
4091 4
4092 4
4093 4
4094 4
4095 3
4096 4
4097 5
4098 4
4099 1
4100 1
4101 5
4102 4
4103 5
4104 4
4105 4
4106 5
4107 5
4108 1
4109 3
4110 4
4111 4
4112 4
4113 5
4114 4
4115 4
4116 5
4117 4
4118 1
4119 4
4120 5
4121 4
4122 4
4123 4
4124 4
4125 4
4126 4
4127 4
4128 4
4129 5
4130 5
4131 4
4132 5
4133 4
4134 4
4135 4
4136 4
4137 4
4138 5
4139 3
4140 4
4141 1
4142 5
4143 4
4144 3
4145 7
4146 4
4147 5
4148 4
4149 3
4150 3
4151 4
4152 5
4153 4
4154 3
4155 4
4156 4
4157 1
4158 1
4159 1
4160 4
4161 4
4162 5
4163 5
4164 5
4165 5
4166 5
4167 1
4168 4
4169 2
4170 4
4171 1
4172 4
4173 4
4174 1
4175 5
4176 4
4177 3
4178 4
4179 4
4180 4
4181 4
4182 5
4183 4
4184 4
4185 4
4186 4
4187 1
4188 4
4189 2
4190 2
4191 1
4192 5
4193 5
4194 3
4195 4
4196 1
4197 1
4198 1
4199 1
4200 3
4201 1
4202 1
4203 4
4204 4
4205 3
4206 1
4207 1
4208 1
4209 4
4210 1
4211 1
4212 1
4213 4
4214 4
4215 4
4216 4
4217 5
4218 5
4219 1
4220 1
4221 1
4222 4
4223 4
4224 4
4225 4
4226 4
4227 4
4228 5
4229 1
4230 3
4231 4
4232 4
4233 4
4234 4
4235 3
4236 3
4237 4
4238 4
4239 1
4240 4
4241 4
4242 4
4243 1
4244 3
4245 4
4246 4
4247 5
4248 1
4249 4
4250 2
4251 4
4252 1
4253 2
4254 1
4255 4
4256 3
4257 4
4258 4
4259 5
4260 1
4261 1
4262 5
4263 5
4264 3
4265 4
4266 5
4267 1
4268 5
4269 3
4270 1
4271 1
4272 4
4273 4
4274 1
4275 1
4276 1
4277 4
4278 1
4279 1
4280 4
4281 3
4282 4
4283 5
4284 1
4285 4
4286 5
4287 5
4288 4
4289 1
4290 3
4291 3
4292 5
4293 4
4294 4
4295 5
4296 4
4297 4
4298 4
4299 1
4300 4
4301 4
4302 1
4303 2
4304 4
4305 4
4306 5
4307 5
4308 4
4309 4
4310 3
4311 4
4312 1
4313 3
4314 5
4315 4
4316 4
4317 4
4318 4
4319 5
4320 1
4321 5
4322 3
4323 1
4324 1
4325 4
4326 4
4327 1
4328 5
4329 1
4330 4
4331 5
4332 5
4333 1
4334 4
4335 5
4336 4
4337 2
4338 4
4339 4
4340 4
4341 1
4342 4
4343 1
4344 4
4345 1
4346 1
4347 1
4348 4
4349 4
4350 3
4351 4
4352 4
4353 3
4354 3
4355 5
4356 4
4357 4
4358 4
4359 4
4360 1
4361 4
4362 5
4363 3
4364 4
4365 5
4366 5
4367 1
4368 5
4369 5
4370 4
4371 5
4372 4
4373 1
4374 5
4375 2
4376 4
4377 4
4378 4
4379 5
4380 4
4381 2
4382 4
4383 2
4384 4
4385 1
4386 4
4387 4
4388 4
4389 1
4390 2
4391 4
4392 1
4393 3
4394 4
4395 4
4396 1
4397 1
4398 2
4399 4
4400 4
4401 5
4402 5
4403 2
4404 5
4405 4
4406 5
4407 4
4408 4
4409 4
4410 4
4411 4
4412 2
4413 1
4414 4
4415 4
4416 3
4417 4
4418 4
4419 4
4420 5
4421 3
4422 4
4423 4
4424 4
4425 2
4426 5
4427 1
4428 4
4429 5
4430 4
4431 4
4432 1
4433 4
4434 2
4435 1
4436 5
4437 3
4438 3
4439 3
4440 5
4441 3
4442 2
4443 4
4444 4
4445 4
4446 4
4447 4
4448 1
4449 3
4450 5
4451 5
4452 3
4453 3
4454 5
4455 2
4456 3
4457 3
4458 4
4459 5
4460 4
4461 2
4462 5
4463 4
4464 4
4465 4
4466 4
4467 3
4468 5
4469 4
4470 5
4471 4
4472 4
4473 2
4474 4
4475 1
4476 1
4477 3
4478 4
4479 4
4480 3
4481 4
4482 4
4483 4
4484 4
4485 4
4486 4
4487 3
4488 4
4489 4
4490 1
4491 1
4492 1
4493 5
4494 5
4495 1
4496 5
4497 4
4498 1
4499 1
4500 1
4501 1
4502 3
4503 4
4504 1
4505 1
4506 1
4507 1
4508 1
4509 1
4510 1
4511 1
4512 1
4513 1
4514 3
4515 1
4516 1
4517 4
4518 5
4519 4
4520 5
4521 2
4522 2
4523 4
4524 4
4525 1
4526 2
4527 2
4528 1
4529 5
4530 2
4531 1
4532 3
4533 1
4534 1
4535 1
4536 1
4537 4
4538 1
4539 2
4540 4
4541 1
4542 5
4543 4
4544 3
4545 1
4546 1
4547 4
4548 5
4549 4
4550 1
4551 4
4552 1
4553 4
4554 4
4555 1
4556 4
4557 1
4558 1
4559 4
4560 1
4561 1
4562 1
4563 1
4564 1
4565 1
4566 1
4567 4
4568 4
4569 4
4570 1
4571 4
4572 1
4573 4
4574 4
4575 4
4576 4
4577 4
4578 4
4579 4
4580 4
4581 5
4582 1
4583 2
4584 4
4585 4
4586 4
4587 1
4588 4
4589 3
4590 1
4591 1
4592 1
4593 1
4594 2
4595 4
4596 1
4597 4
4598 4
4599 4
4600 4
4601 4
4602 1
4603 4
4604 1
4605 4
4606 4
4607 4
4608 1
4609 1
4610 1
4611 4
4612 1
4613 5
4614 4
4615 4
4616 1
4617 1
4618 2
4619 4
4620 4
4621 1
4622 1
4623 4
4624 1
4625 1
4626 4
4627 4
4628 4
4629 1
4630 1
4631 4
4632 1
4633 5
4634 4
4635 1
4636 4
4637 1
4638 4
4639 1
4640 1
4641 1
4642 1
4643 1
4644 1
4645 4
4646 1
4647 4
4648 1
4649 4
4650 4
4651 1
4652 1
4653 4
4654 1
4655 4
4656 1
4657 3
4658 5
4659 4
4660 1
4661 1
4662 1
4663 4
4664 1
4665 1
4666 1
4667 1
4668 1
4669 4
4670 4
4671 4
4672 7
4673 5
4674 5
4675 3
4676 1
4677 1
4678 4
4679 1
4680 1
4681 1
4682 1
4683 1
4684 1
4685 4
4686 3
4687 4
4688 2
4689 1
4690 1
4691 4
4692 3
4693 4
4694 1
4695 1
4696 1
4697 1
4698 1
4699 1
4700 1
4701 1
4702 1
4703 1
4704 1
4705 1
4706 4
4707 1
4708 4
4709 4
4710 1
4711 1
4712 4
4713 5
4714 1
4715 4
4716 4
4717 4
4718 1
4719 1
4720 4
4721 3
4722 1
4723 1
4724 1
4725 4
4726 4
4727 1
4728 4
4729 5
4730 1
4731 1
4732 4
4733 1
4734 2
4735 1
4736 1
4737 4
4738 1
4739 4
4740 1
4741 4
4742 4
4743 1
4744 4
4745 4
4746 4
4747 1
4748 1
4749 4
4750 3
4751 1
4752 1
4753 4
4754 4
4755 1
4756 4
4757 1
4758 1
4759 4
4760 4
4761 1
4762 1
4763 1
4764 5
4765 4
4766 3
4767 4
4768 4
4769 1
4770 4
4771 4
4772 5
4773 4
4774 5
4775 3
4776 1
4777 4
4778 1
4779 5
4780 3
4781 4
4782 4
4783 1
4784 1
4785 1
4786 5
4787 3
4788 4
4789 5
4790 5
4791 5
4792 1
4793 1
4794 4
4795 4
4796 1
4797 4
4798 4
4799 5
4800 1
4801 5
4802 5
4803 5
4804 4
4805 5
4806 4
4807 5
4808 5
4809 3
4810 5
4811 5
4812 5
4813 5
4814 1
4815 2
4816 1
4817 1
4818 1
4819 1
4820 5
4821 4
4822 1
4823 5
4824 1
4825 1
4826 5
4827 5
4828 4
4829 1
4830 1
4831 1
4832 4
4833 1
4834 4
4835 4
4836 1
4837 1
4838 4
4839 4
4840 4
4841 5
4842 4
4843 4
4844 5
4845 4
4846 4
4847 4
4848 4
4849 5
4850 5
4851 5
4852 3
4853 5
4854 1
4855 4
4856 4
4857 4
4858 4
4859 3
4860 5
4861 5
4862 1
4863 4
4864 2
4865 5
4866 4
4867 5
4868 4
4869 1
4870 4
4871 4
4872 4
4873 4
4874 4
4875 1
4876 4
4877 3
4878 4
4879 4
4880 4
4881 4
4882 3
4883 4
4884 4
4885 4
4886 4
4887 5
4888 4
4889 4
4890 4
4891 4
4892 4
4893 4
4894 4
4895 5
4896 5
4897 4
4898 4
4899 4
4900 4
4901 1
4902 4
4903 4
4904 1
4905 4
4906 1
4907 4
4908 4
4909 4
4910 4
4911 3
4912 5
4913 4
4914 2
4915 4
4916 4
4917 4
4918 4
4919 3
4920 2
4921 4
4922 4
4923 4
4924 4
4925 5
4926 3
4927 1
4928 5
4929 4
4930 3
4931 4
4932 3
4933 4
4934 4
4935 1
4936 1
4937 4
4938 3
4939 4
4940 3
4941 1
4942 1
4943 1
4944 1
4945 1
4946 1
4947 4
4948 4
4949 4
4950 4
4951 4
4952 1
4953 9
4954 1
4955 4
4956 2
4957 4
4958 3
4959 5
4960 4
4961 1
4962 4
4963 4
4964 4
4965 1
4966 5
4967 4
4968 4
4969 4
4970 4
4971 1
4972 1
4973 1
4974 1
4975 1
4976 5
4977 4
4978 5
4979 3
4980 1
4981 4
4982 4
4983 4
4984 3
4985 4
4986 5
4987 4
4988 4
4989 2
4990 4
4991 5
4992 4
4993 4
4994 5
4995 4
4996 4
4997 4
4998 4
4999 4
5000 3
5001 5
5002 5
5003 5
5004 4
5005 2
5006 4
5007 2
5008 4
5009 1
5010 4
5011 4
5012 4
5013 4
5014 4
5015 2
5016 4
5017 4
5018 4
5019 5
5020 4
5021 1
5022 5
5023 4
5024 3
5025 5
5026 4
5027 1
5028 4
5029 4
5030 4
5031 4
5032 3
5033 1
5034 4
5035 4
5036 4
5037 4
5038 4
5039 4
5040 5
5041 3
5042 4
5043 4
5044 4
5045 4
5046 4
5047 4
5048 4
5049 4
5050 4
5051 4
5052 4
5053 5
5054 1
5055 4
5056 4
5057 4
5058 4
5059 4
5060 5
5061 5
5062 2
5063 3
5064 1
5065 4
5066 1
5067 4
5068 4
5069 2
5070 1
5071 4
5072 4
5073 5
5074 3
5075 1
5076 1
5077 1
5078 1
5079 1
5080 4
5081 4
5082 5
5083 3
5084 4
5085 4
5086 2
5087 4
5088 4
5089 4
5090 4
5091 3
5092 1
5093 5
5094 1
5095 5
5096 3
5097 4
5098 3
5099 5
5100 4
5101 1
5102 4
5103 4
5104 4
5105 1
5106 4
5107 4
5108 1
5109 4
5110 5
5111 5
5112 4
5113 4
5114 4
5115 4
5116 1
5117 4
5118 5
5119 1
5120 4
5121 1
5122 4
5123 4
5124 4
5125 1
5126 4
5127 4
5128 1
5129 4
5130 1
5131 4
5132 4
5133 4
5134 4
5135 5
5136 4
5137 1
5138 4
5139 1
5140 1
5141 4
5142 4
5143 4
5144 1
5145 1
5146 4
5147 5
5148 1
5149 4
5150 2
5151 4
5152 1
5153 4
5154 1
5155 3
5156 4
5157 1
5158 1
5159 4
5160 4
5161 4
5162 5
5163 3
5164 1
5165 4
5166 4
5167 4
5168 4
5169 4
5170 4
5171 4
5172 4
5173 1
5174 4
5175 4
5176 1
5177 4
5178 4
5179 5
5180 1
5181 4
5182 4
5183 1
5184 4
5185 1
5186 1
5187 1
5188 4
5189 4
5190 1
5191 1
5192 1
5193 1
5194 4
5195 1
5196 1
5197 4
5198 4
5199 4
5200 4
5201 4
5202 4
5203 4
5204 2
5205 4
5206 5
5207 4
5208 1
5209 1
5210 3
5211 4
5212 4
5213 4
5214 1
5215 1
5216 1
5217 1
5218 1
5219 4
5220 4
5221 4
5222 4
5223 1
5224 4
5225 1
5226 4
5227 4
5228 5
5229 1
5230 1
5231 1
5232 1
5233 4
5234 4
5235 4
5236 1
5237 1
5238 1
5239 1
5240 1
5241 4
5242 4
5243 5
5244 4
5245 1
5246 4
5247 2
5248 4
5249 1
5250 4
5251 2
5252 1
5253 1
5254 4
5255 4
5256 1
5257 1
5258 1
5259 4
5260 5
5261 4
5262 4
5263 1
5264 4
5265 4
5266 4
5267 5
5268 1
5269 1
5270 4
5271 4
5272 4
5273 4
5274 1
5275 4
5276 4
5277 2
5278 2
5279 4
5280 4
5281 1
5282 4
5283 4
5284 1
5285 4
5286 2
5287 4
5288 3
5289 1
5290 5
5291 4
5292 4
5293 1
5294 4
5295 5
5296 4
5297 4
5298 5
5299 4
5300 4
5301 1
5302 5
5303 3
5304 1
5305 1
5306 4
5307 4
5308 1
5309 4
5310 4
5311 5
5312 1
5313 1
5314 4
5315 1
5316 4
5317 1
5318 4
5319 1
5320 4
5321 1
5322 4
5323 1
5324 1
5325 4
5326 4
5327 1
5328 2
5329 3
5330 5
5331 7
5332 4
5333 1
5334 1
5335 1
5336 4
5337 1
5338 4
5339 5
5340 4
5341 4
5342 4
5343 3
5344 4
5345 3
5346 4
5347 4
5348 4
5349 4
5350 4
5351 4
5352 4
5353 4
5354 4
5355 3
5356 4
5357 4
5358 5
5359 1
5360 3
5361 4
5362 3
5363 4
5364 4
5365 4
5366 3
5367 4
5368 4
5369 4
5370 4
5371 4
5372 4
5373 4
5374 1
5375 4
5376 4
5377 4
5378 1
5379 4
5380 4
5381 1
5382 1
5383 1
5384 1
5385 4
5386 4
5387 4
5388 1
5389 4
5390 7
5391 2
5392 4
5393 1
5394 1
5395 1
5396 4
5397 1
5398 1
5399 1
5400 5
5401 4
5402 3
5403 4
5404 1
5405 4
5406 4
5407 3
5408 4
5409 5
5410 4
5411 1
5412 4
5413 4
5414 4
5415 4
5416 3
5417 5
5418 4
5419 1
5420 4
5421 4
5422 2
5423 1
5424 5
5425 1
5426 4
5427 3
5428 5
5429 4
5430 4
5431 4
5432 4
5433 4
5434 4
5435 4
5436 5
5437 4
5438 3
5439 1
5440 5
5441 1
5442 3
5443 5
5444 4
5445 1
5446 4
5447 4
5448 4
5449 5
5450 4
5451 4
5452 4
5453 4
5454 4
5455 4
5456 4
5457 1
5458 4
5459 1
5460 3
5461 1
5462 1
5463 1
5464 1
5465 1
5466 4
5467 1
5468 1
5469 4
5470 1
5471 4
5472 1
5473 1
5474 1
5475 1
5476 4
5477 4
5478 1
5479 1
5480 1
5481 1
5482 1
5483 3
5484 3
5485 1
5486 1
5487 1
5488 1
5489 3
5490 4
5491 1
5492 1
5493 1
5494 4
5495 3
5496 1
5497 1
5498 1
5499 4
5500 1
5501 4
5502 4
5503 4
5504 4
5505 4
5506 5
5507 1
5508 1
5509 4
5510 1
5511 3
5512 4
5513 1
5514 1
5515 1
5516 1
5517 4
5518 4
5519 1
5520 4
5521 4
5522 1
5523 1
5524 4
5525 4
5526 1
5527 1
5528 1
5529 1
5530 1
5531 4
5532 4
5533 4
5534 4
5535 4
5536 4
5537 1
5538 5
5539 1
5540 1
5541 4
5542 1
5543 4
5544 1
5545 5
5546 4
5547 4
5548 1
5549 5
5550 4
5551 4
5552 4
5553 4
5554 1
5555 1
5556 4
5557 4
5558 5
5559 4
5560 5
5561 2
5562 4
5563 4
5564 1
5565 4
5566 1
5567 4
5568 4
5569 4
5570 4
5571 4
5572 5
5573 1
5574 5
5575 5
5576 1
5577 4
5578 5
5579 5
5580 4
5581 4
5582 4
5583 1
5584 1
5585 1
5586 4
5587 4
5588 4
5589 1
5590 3
5591 4
5592 4
5593 1
5594 4
5595 3
5596 5
5597 4
5598 4
5599 5
5600 1
5601 1
5602 1
5603 1
5604 1
5605 1
5606 1
5607 1
5608 1
5609 1
5610 1
5611 1
5612 4
5613 1
5614 1
5615 4
5616 1
5617 4
5618 4
5619 1
5620 4
5621 3
5622 4
5623 5
5624 1
5625 1
5626 1
5627 4
5628 4
5629 4
5630 4
5631 3
5632 4
5633 5
5634 4
5635 1
5636 2
5637 1
5638 4
5639 4
5640 1
5641 1
5642 1
5643 4
5644 1
5645 4
5646 5
5647 1
5648 5
5649 4
5650 1
5651 5
5652 3
5653 4
5654 1
5655 4
5656 4
5657 4
5658 4
5659 4
5660 4
5661 4
5662 1
5663 4
5664 3
5665 1
5666 1
5667 1
5668 4
5669 5
5670 4
5671 4
5672 4
5673 5
5674 1
5675 4
5676 4
5677 4
5678 1
5679 4
5680 1
5681 4
5682 4
5683 4
5684 4
5685 4
5686 1
5687 4
5688 4
5689 4
5690 5
5691 5
5692 4
5693 4
5694 1
5695 1
5696 4
5697 4
5698 1
5699 3
5700 4
5701 4
5702 4
5703 7
5704 1
5705 4
5706 9
5707 4
5708 4
5709 4
5710 5
5711 1
5712 4
5713 4
5714 4
5715 1
5716 1
5717 1
5718 4
5719 4
5720 4
5721 1
5722 1
5723 4
5724 0
5725 4
5726 1
5727 3
5728 5
5729 3
5730 4
5731 4
5732 0
5733 4
5734 0
5735 4
5736 4
5737 0
5738 4
5739 3
5740 4
5741 0
5742 0
5743 3
5744 4
5745 4
5746 4
5747 4
5748 4
5749 5
5750 2
5751 3
5752 4
5753 2
5754 1
5755 1
5756 5
5757 1
5758 6
5759 4
5760 4
5761 1
5762 7
5763 4
5764 4
5765 4
5766 4
5767 4
5768 4
5769 4
5770 4
5771 4
5772 3
5773 1
5774 4
5775 4
5776 4
5777 4
5778 4
5779 1
5780 1
5781 4
5782 4
5783 4
5784 4
5785 3
5786 4
5787 5
5788 4
5789 4
5790 1
5791 1
5792 4
5793 1
5794 4
5795 4
5796 1
5797 1
5798 4
5799 2
5800 5
5801 4
5802 5
5803 1
5804 4
5805 1
5806 5
5807 1
5808 4
5809 4
5810 4
5811 1
5812 1
5813 1
5814 1
5815 4
5816 4
5817 4
5818 4
5819 3
5820 4
5821 4
5822 4
5823 1
5824 3
5825 1
5826 4
5827 4
5828 4
5829 1
5830 1
5831 1
5832 1
5833 4
5834 4
5835 1
5836 4
5837 4
5838 1
5839 5
5840 4
5841 4
5842 4
5843 4
5844 4
5845 4
5846 4
5847 1
5848 4
5849 1
5850 1
5851 1
5852 1
5853 4
5854 4
5855 4
5856 4
5857 4
5858 1
5859 4
5860 4
5861 4
5862 1
5863 5
5864 1
5865 4
5866 4
5867 4
5868 1
5869 4
5870 1
5871 1
5872 1
5873 1
5874 1
5875 1
5876 4
5877 1
5878 3
5879 4
5880 1
5881 4
5882 1
5883 1
5884 1
5885 3
5886 1
5887 1
5888 5
5889 4
5890 4
5891 1
5892 4
5893 1
5894 1
5895 1
5896 4
5897 5
5898 4
5899 1
5900 1
5901 1
5902 1
5903 4
5904 1
5905 1
5906 4
5907 4
5908 4
5909 1
5910 1
5911 1
5912 1
5913 4
5914 1
5915 1
5916 1
5917 1
5918 4
5919 4
5920 1
5921 1
5922 4
5923 1
5924 1
5925 4
5926 4
5927 4
5928 4
5929 1
5930 4
5931 6
5932 4
5933 4
5934 4
5935 4
5936 4
5937 4
5938 4
5939 4
5940 4
5941 4
5942 4
5943 4
5944 4
5945 4
5946 4
5947 3
5948 4
5949 1
5950 4
5951 4
5952 5
5953 1
5954 1
5955 4
5956 4
5957 1
5958 4
5959 4
5960 2
5961 4
5962 5
5963 4
5964 5
5965 4
5966 4
5967 4
5968 4
5969 4
5970 4
5971 4
5972 4
5973 1
5974 4
5975 2
5976 4
5977 2
5978 4
5979 2
5980 2
5981 2
5982 4
5983 2
5984 2
5985 4
5986 1
5987 2
5988 4
5989 2
5990 1
5991 4
5992 4
5993 1
5994 2
5995 1
5996 4
5997 3
5998 3
5999 4
6000 1
6001 3
6002 4
6003 3
6004 1
6005 1
6006 4
6007 4
6008 1
6009 1
6010 1
6011 4
6012 4
6013 4
6014 4
6015 2
6016 4
6017 4
6018 4
6019 4
6020 4
6021 4
6022 1
6023 5
6024 1
6025 4
6026 4
6027 1
6028 1
6029 1
6030 1
6031 4
6032 5
6033 4
6034 4
6035 4
6036 4
6037 4
6038 5
6039 3
6040 5
6041 1
6042 4
6043 1
6044 3
6045 4
6046 4
6047 4
6048 3
6049 4
6050 4
6051 4
6052 4
6053 4
6054 4
6055 1
6056 4
6057 4
6058 4
6059 4
6060 4
6061 4
6062 4
6063 4
6064 5
6065 4
6066 3
6067 4
6068 4
6069 4
6070 4
6071 3
6072 4
6073 4
6074 4
6075 4
6076 4
6077 1
6078 4
6079 4
6080 4
6081 4
6082 4
6083 4
6084 3
6085 4
6086 4
6087 3
6088 3
6089 4
6090 3
6091 4
6092 4
6093 4
6094 4
6095 4
6096 4
6097 4
6098 4
6099 4
6100 4
6101 3
6102 3
6103 5
6104 1
6105 4
6106 4
6107 4
6108 4
6109 4
6110 3
6111 4
6112 4
6113 4
6114 2
6115 4
6116 4
6117 4
6118 4
6119 4
6120 3
6121 4
6122 1
6123 1
6124 5
6125 1
6126 5
6127 1
6128 4
6129 4
6130 1
6131 3
6132 1
6133 1
6134 1
6135 1
6136 4
6137 1
6138 1
6139 4
6140 1
6141 1
6142 5
6143 1
6144 4
6145 1
6146 5
6147 4
6148 4
6149 3
6150 4
6151 4
6152 1
6153 4
6154 5
6155 4
6156 1
6157 4
6158 1
6159 4
6160 4
6161 1
6162 4
6163 3
6164 5
6165 4
6166 1
6167 4
6168 4
6169 4
6170 4
6171 1
6172 1
6173 3
6174 4
6175 4
6176 4
6177 4
6178 4
6179 4
6180 4
6181 3
6182 4
6183 1
6184 3
6185 5
6186 5
6187 5
6188 4
6189 1
6190 3
6191 5
6192 4
6193 1
6194 1
6195 1
6196 4
6197 3
6198 4
6199 4
6200 4
6201 3
6202 4
6203 4
6204 4
6205 5
6206 4
6207 4
6208 4
6209 4
6210 5
6211 4
6212 4
6213 5
6214 2
6215 4
6216 2
6217 2
6218 4
6219 4
6220 2
6221 4
6222 4
6223 4
6224 4
6225 4
6226 4
6227 4
6228 4
6229 3
6230 4
6231 4
6232 4
6233 4
6234 4
6235 1
6236 3
6237 3
6238 3
6239 3
6240 3
6241 3
6242 4
6243 6
6244 0
6245 0
6246 0
6247 4
6248 0
6249 0
6250 2
6251 5
6252 4
6253 2
6254 4
6255 4
6256 1
6257 4
6258 1
6259 5
6260 1
6261 1
6262 1
6263 4
6264 1
6265 4
6266 4
6267 4
6268 4
6269 1
6270 4
6271 4
6272 1
6273 4
6274 3
6275 1
6276 1
6277 4
6278 1
6279 1
6280 4
6281 1
6282 1
6283 5
6284 4
6285 4
6286 4
6287 4
6288 4
6289 4
6290 6
6291 6
6292 6
6293 6
6294 4
6295 6
6296 6
6297 6
6298 3
6299 6
6300 1
6301 3
6302 6
6303 6
6304 6
6305 6
6306 4
6307 3
6308 1
6309 6
6310 1
6311 6
6312 4
6313 4
6314 1
6315 1
6316 1
6317 1
6318 13
6319 4
6320 4
6321 7
6322 4
6323 4
6324 1
6325 4
6326 4
6327 4
6328 4
6329 4
6330 4
6331 1
6332 4
6333 4
6334 4
6335 4
6336 4
6337 4
6338 4
6339 4
6340 4
6341 4
6342 4
6343 1
6344 5
6345 4
6346 4
6347 4
6348 4
6349 4
6350 4
6351 2
6352 5
6353 4
6354 1
6355 4
6356 2
6357 4
6358 4
6359 4
6360 1
6361 3
6362 3
6363 1
6364 1
6365 4
6366 3
6367 4
6368 4
6369 2
6370 5
6371 4
6372 5
6373 1
6374 4
6375 4
6376 4
6377 4
6378 4
6379 5
6380 1
6381 4
6382 1
6383 1
6384 2
6385 1
6386 2
6387 4
6388 1
6389 1
6390 1
6391 1
6392 2
6393 1
6394 1
6395 1
6396 1
6397 1
6398 1
6399 1
6400 1
6401 4
6402 4
6403 4
6404 2
6405 4
6406 4
6407 4
6408 4
6409 2
6410 1
6411 4
6412 4
6413 5
6414 4
6415 4
6416 4
6417 4
6418 4
6419 4
6420 4
6421 1
6422 4
6423 4
6424 4
6425 4
6426 4
6427 4
6428 4
6429 4
6430 5
6431 3
6432 1
6433 4
6434 4
6435 4
6436 4
6437 5
6438 4
6439 4
6440 4
6441 4
6442 4
6443 5
6444 4
6445 3
6446 4
6447 4
6448 4
6449 4
6450 5
6451 4
6452 4
6453 4
6454 4
6455 4
6456 4
6457 4
6458 4
6459 4
6460 4
6461 1
6462 5
6463 4
6464 4
6465 4
6466 4
6467 3
6468 4
6469 4
6470 4
6471 4
6472 1
6473 4
6474 4
6475 7
6476 4
6477 4
6478 4
6479 4
6480 4
6481 4
6482 4
6483 4
6484 4
6485 4
6486 4
6487 5
6488 4
6489 5
6490 4
6491 2
6492 4
6493 4
6494 4
6495 4
6496 4
6497 4
6498 5
6499 4
6500 4
6501 4
6502 4
6503 4
6504 4
6505 4
6506 4
6507 4
6508 4
6509 4
6510 5
6511 5
6512 4
6513 4
6514 4
6515 4
6516 5
6517 1
6518 5
6519 4
6520 3
6521 4
6522 4
6523 4
6524 4
6525 3
6526 4
6527 4
6528 4
6529 4
6530 4
6531 4
6532 4
6533 2
6534 5
6535 1
6536 2
6537 1
6538 4
6539 1
6540 5
6541 4
6542 4
6543 4
6544 4
6545 5
6546 4
6547 4
6548 5
6549 4
6550 4
6551 3
6552 1
6553 4
6554 4
6555 1
6556 4
6557 1
6558 4
6559 1
6560 4
6561 4
6562 4
6563 4
6564 5
6565 4
6566 4
6567 4
6568 1
6569 5
6570 4
6571 4
6572 4
6573 4
6574 4
6575 4
6576 4
6577 4
6578 4
6579 4
6580 4
6581 4
6582 4
6583 4
6584 4
6585 4
6586 4
6587 4
6588 4
6589 4
6590 4
6591 4
6592 4
6593 4
6594 5
6595 3
6596 4
6597 4
6598 4
6599 4
6600 4
6601 4
6602 3
6603 4
6604 4
6605 4
6606 4
6607 4
6608 4
6609 4
6610 4
6611 4
6612 4
6613 4
6614 5
6615 4
6616 4
6617 2
6618 4
6619 4
6620 4
6621 4
6622 4
6623 4
6624 5
6625 4
6626 1
6627 4
6628 5
6629 4
6630 4
6631 4
6632 5
6633 4
6634 4
6635 5
6636 4
6637 4
6638 4
6639 4
6640 4
6641 4
6642 3
6643 2
6644 1
6645 4
6646 4
6647 4
6648 4
6649 4
6650 4
6651 4
6652 4
6653 4
6654 4
6655 4
6656 4
6657 4
6658 4
6659 5
6660 4
6661 4
6662 1
6663 4
6664 4
6665 4
6666 4
6667 1
6668 5
6669 4
6670 4
6671 4
6672 5
6673 5
6674 4
6675 4
6676 4
6677 5
6678 4
6679 5
6680 4
6681 4
6682 4
6683 4
6684 4
6685 4
6686 7
6687 4
6688 4
6689 3
6690 4
6691 4
6692 4
6693 5
6694 4
6695 1
6696 4
6697 4
6698 4
6699 4
6700 4
6701 4
6702 4
6703 4
6704 4
6705 4
6706 4
6707 1
6708 4
6709 5
6710 4
6711 4
6712 4
6713 5
6714 4
6715 5
6716 4
6717 4
6718 4
6719 4
6720 4
6721 4
6722 4
6723 4
6724 4
6725 4
6726 5
6727 1
6728 4
6729 5
6730 4
6731 5
6732 4
6733 4
6734 4
6735 4
6736 4
6737 4
6738 4
6739 4
6740 1
6741 4
6742 4
6743 4
6744 4
6745 4
6746 4
6747 4
6748 1
6749 4
6750 4
6751 4
6752 4
6753 4
6754 3
6755 4
6756 4
6757 4
6758 4
6759 3
6760 4
6761 4
6762 4
6763 2
6764 4
6765 4
6766 4
6767 4
6768 4
6769 4
6770 4
6771 4
6772 4
6773 4
6774 4
6775 4
6776 4
6777 4
6778 3
6779 4
6780 1
6781 4
6782 4
6783 4
6784 4
6785 4
6786 4
6787 3
6788 4
6789 4
6790 4
6791 4
6792 1
6793 4
6794 4
6795 1
6796 4
6797 4
6798 1
6799 4
6800 2
6801 1
6802 5
6803 1
6804 4
6805 1
6806 4
6807 3
6808 4
6809 4
6810 4
6811 2
6812 7
6813 4
6814 1
6815 4
6816 3
6817 1
6818 4
6819 4
6820 4
6821 4
6822 4
6823 4
6824 4
6825 4
6826 3
6827 3
6828 3
6829 3
6830 3
6831 3
6832 3
6833 3
6834 4
6835 3
6836 3
6837 3
6838 3
6839 3
6840 3
6841 3
6842 3
6843 3
6844 3
6845 3
6846 4
6847 3
6848 3
6849 3
6850 3
6851 4
6852 3
6853 3
6854 3
6855 3
6856 3
6857 5
6858 4
6859 3
6860 3
6861 1
6862 3
6863 3
6864 3
6865 4
6866 1
6867 13
6868 8
6869 4
6870 4
6871 4
6872 4
6873 1
6874 1
6875 1
6876 3
6877 3
6878 3
6879 1
6880 1
6881 1
6882 4
6883 4
6884 4
6885 9
6886 9
6887 9
6888 4
6889 9
6890 9
6891 9
6892 9
6893 9
6894 9
6895 3
6896 4
6897 1
6898 4
6899 4
6900 4
6901 3
6902 4
6903 1
6904 1
6905 5
6906 5
6907 5
6908 4
6909 4
6910 4
6911 1
6912 1
6913 1
6914 1
6915 1
6916 7
6917 1
6918 4
6919 1
6920 3
6921 4
6922 1
6923 1
6924 4
6925 1
6926 1
6927 4
6928 1
6929 1
6930 2
6931 2
6932 4
6933 1
6934 4
6935 4
6936 6
6937 6
6938 4
6939 4
6940 4
6941 1
6942 2
6943 5
6944 5
6945 2
6946 1
6947 2
6948 4
6949 1
6950 4
6951 5
6952 1
6953 1
6954 5
6955 4
6956 1
6957 5
6958 3
6959 4
6960 1
6961 7
6962 7
6963 3
6964 4
6965 4
6966 4
6967 4
6968 3
6969 3
6970 4
6971 4
6972 4
6973 4
6974 5
6975 5
6976 4
6977 5
6978 5
6979 4
6980 4
6981 1
6982 1
6983 4
6984 1
6985 10
6986 10
6987 4
6988 4
6989 3
6990 2
6991 1
6992 1
6993 1
6994 5
6995 1
6996 3
6997 1
6998 2
6999 5
7000 4
7001 4
7002 1
7003 4
7004 4
7005 4
7006 3
7007 1
7008 4
7009 1
7010 4
7011 1
7012 5
7013 1
7014 4
7015 1
7016 5
7017 1
7018 1
7019 3
7020 3
7021 5
7022 5
7023 5
7024 4
7025 5
7026 3
7027 5
7028 5
7029 1
7030 5
7031 5
7032 5
7033 5
7034 4
7035 1
7036 4
7037 4
7038 1
7039 1
7040 1
7041 1
7042 1
7043 1
7044 1
7045 4
7046 1
7047 1
7048 1
7049 1
7050 1
7051 1
7052 4
7053 1
7054 1
7055 1
7056 3
7057 1
7058 1
7059 1
7060 2
7061 1
7062 1
7063 1
7064 3
7065 3
7066 3
7067 1
7068 4
7069 1
7070 1
7071 1
7072 1
7073 4
7074 2
7075 1
7076 4
7077 2
7078 4
7079 4
7080 3
7081 1
7082 11
7083 11
7084 11
7085 4
7086 1
7087 4
7088 4
7089 4
7090 4
7091 4
7092 4
7093 4
7094 4
7095 4
7096 4
7097 4
7098 4
7099 4
7100 4
7101 4
7102 4
7103 4
7104 4
7105 3
7106 4
7107 4
7108 4
7109 3
7110 4
7111 4
7112 4
7113 4
7114 1
7115 1
7116 4
7117 4
7118 4
7119 4
7120 3
7121 4
7122 4
7123 4
7124 4
7125 4
7126 4
7127 4
7128 4
7129 4
7130 4
7131 4
7132 4
7133 1
7134 4
7135 4
7136 4
7137 4
7138 4
7139 1
7140 1
7141 1
7142 1
7143 1
7144 1
7145 1
7146 4
7147 1
7148 1
7149 1
7150 1
7151 1
7152 1
7153 1
7154 4
7155 1
7156 1
7157 1
7158 1
7159 1
7160 1
7161 1
7162 1
7163 1
7164 1
7165 1
7166 1
7167 1
7168 1
7169 1
7170 4
7171 1
7172 1
7173 4
7174 4
7175 4
7176 4
7177 4
7178 4
7179 1
7180 1
7181 1
7182 1
7183 1
7184 1
7185 1
7186 1
7187 4
7188 1
7189 1
7190 1
7191 1
7192 1
7193 1
7194 1
7195 1
7196 1
7197 1
7198 1
7199 1
7200 4
7201 5
7202 4
7203 4
7204 2
7205 4
7206 1
7207 2
7208 2
7209 1
7210 4
7211 2
7212 1
7213 2
7214 1
7215 4
7216 4
7217 4
7218 2
7219 2
7220 2
7221 1
7222 1
7223 5
7224 3
7225 5
7226 4
7227 1
7228 3
7229 1
7230 1
7231 1
7232 1
7233 1
7234 1
7235 7
7236 4
7237 1
7238 7
7239 4
7240 1
7241 4
7242 1
7243 4
7244 4
7245 4
7246 4
7247 4
7248 4
7249 4
7250 4
7251 4
7252 4
7253 4
7254 4
7255 4
7256 4
7257 4
7258 3
7259 4
7260 4
7261 3
7262 4
7263 4
7264 4
7265 1
7266 5
7267 5
7268 1
7269 5
7270 4
7271 5
7272 4
7273 3
7274 12
7275 4
7276 4
7277 4
7278 4
7279 1
7280 4
7281 4
7282 4
7283 1
7284 1
7285 1
7286 1
7287 1
7288 1
7289 4
7290 4
7291 4
7292 4
7293 5
7294 1
7295 1
7296 12
7297 12
7298 12
7299 12
7300 12
7301 12
7302 12
7303 12
7304 12
7305 4
7306 12
7307 4
7308 1
7309 4
7310 4
7311 4
7312 4
7313 4
7314 4
7315 4
7316 4
7317 4
7318 4
7319 7
7320 1
7321 4
7322 1
7323 5
7324 4
7325 3
7326 3
7327 3
7328 4
7329 3
7330 3
7331 4
7332 4
7333 1
7334 5
7335 1
7336 1
7337 4
7338 4
7339 1
7340 4
7341 4
7342 4
7343 1
7344 1
7345 4
7346 5
7347 4
7348 4
7349 7
7350 4
7351 4
7352 1
7353 1
7354 1
7355 1
7356 1
7357 5
7358 1
7359 7
7360 1
7361 5
7362 4
7363 1
7364 4
7365 4
7366 4
7367 4
7368 4
7369 1
7370 1
7371 1
7372 1
7373 1
7374 1
7375 5
7376 3
7377 1
7378 1
7379 1
7380 3
7381 4
7382 4
7383 1
7384 3
7385 3
7386 1
7387 1
7388 4
7389 4
7390 4
7391 4
7392 4
7393 4
7394 4
7395 4
7396 4
7397 4
7398 4
7399 1
7400 4
7401 4
7402 4
7403 4
7404 4
7405 1
7406 5
7407 2
7408 1
7409 4
7410 1
7411 1
7412 1
7413 4
7414 1
7415 4
7416 1
7417 4
7418 5
7419 1
7420 1
7421 4
7422 5
7423 4
7424 4
7425 4
7426 4
7427 4
7428 4
7429 1
7430 4
7431 1
7432 4
7433 4
7434 1
7435 4
7436 4
7437 1
7438 1
7439 1
7440 1
7441 1
7442 1
7443 1
7444 1
7445 1
7446 1
7447 1
7448 1
7449 1
7450 1
7451 1
7452 1
7453 1
7454 1
7455 1
7456 1
7457 1
7458 1
7459 1
7460 1
7461 1
7462 1
7463 1
7464 1
7465 1
7466 1
7467 1
7468 1
7469 1
7470 1
7471 1
7472 1
7473 1
7474 1
7475 1
7476 1
7477 1
7478 1
7479 1
7480 1
7481 1
7482 1
7483 1
7484 1
7485 1
7486 1
7487 1
7488 1
7489 4
7490 4
7491 4
7492 4
7493 4
7494 7
7495 7
7496 7
7497 7
7498 7
7499 7
7500 7
7501 4
7502 4
7503 4
7504 4
7505 4
7506 4
7507 1
7508 1
7509 4
7510 3
7511 4
7512 4
7513 4
7514 4
7515 4
7516 4
7517 4
7518 4
7519 4
7520 4
7521 4
7522 4
7523 4
7524 4
7525 4
7526 4
7527 4
7528 4
7529 4
7530 2
7531 4
7532 4
7533 4
7534 4
7535 1
7536 5
7537 4
7538 4
7539 4
7540 5
7541 4
7542 1
7543 4
7544 1
7545 13
7546 4
7547 4
7548 1
7549 1
7550 1
7551 1
7552 1
7553 1
7554 1
7555 1
7556 1
7557 1
7558 1
7559 4
7560 1
7561 1
7562 4
7563 1
7564 4
7565 4
7566 1
7567 1
7568 4
7569 3
7570 4
7571 1
7572 1
7573 1
7574 3
7575 1
7576 1
7577 1
7578 4
7579 1
7580 1
7581 1
7582 1
7583 1
7584 1
7585 1
7586 1
7587 4
7588 4
7589 1
7590 1
7591 1
7592 1
7593 1
7594 1
7595 1
7596 4
7597 4
7598 4
7599 4
7600 1
7601 1
7602 4
7603 4
7604 1
7605 4
7606 4
7607 5
7608 4
7609 4
7610 4
7611 4
7612 4
7613 4
7614 4
7615 4
7616 4
7617 4
7618 4
7619 4
7620 4
7621 4
7622 4
7623 4
7624 4
7625 4
7626 1
7627 4
7628 4
7629 1
7630 1
7631 1
7632 5
7633 5
7634 1
7635 4
7636 4
7637 4
7638 4
7639 4
7640 4
7641 4
7642 4
7643 4
7644 4
7645 4
7646 4
7647 4
7648 4
7649 4
7650 1
7651 1
7652 1
7653 1
7654 1
7655 3
7656 1
7657 1
7658 4
7659 1
7660 1
7661 1
7662 1
7663 1
7664 1
7665 1
7666 1
7667 3
7668 2
7669 1
7670 4
7671 4
7672 4
7673 4
7674 4
7675 4
7676 4
7677 4
7678 4
7679 4
7680 5
7681 3
7682 1
7683 1
7684 4
7685 2
7686 4
7687 5
7688 5
7689 1
7690 4
7691 1
7692 4
7693 5
7694 5
7695 5
7696 13
7697 13
7698 13
7699 13
7700 13
7701 4
7702 4
7703 4
7704 4
7705 4
7706 4
7707 4
7708 4
7709 2
7710 4
7711 2
7712 5
7713 4
7714 4
7715 2
7716 3
7717 5
7718 4
7719 3
7720 3
7721 4
7722 4
7723 4
7724 4
7725 4
7726 4
7727 4
7728 4
7729 3
7730 8
7731 8
7732 8
7733 8
7734 8
7735 8
7736 8
7737 8
7738 8
7739 2
7740 8
7741 8
7742 3
7743 3
7744 3
7745 1
7746 3
7747 3
7748 3
7749 4
7750 5
7751 3
7752 1
7753 4
7754 1
7755 5
7756 4
7757 4
7758 1
7759 1
7760 1
7761 1
7762 4
7763 1
7764 3
7765 1
7766 5
7767 1
7768 4
7769 4
7770 3
7771 3
7772 3
7773 3
7774 3
7775 4
7776 4
7777 4
7778 5
7779 1
7780 2
7781 1
7782 1
7783 1
7784 1
7785 3
7786 4
7787 4
7788 4
7789 4
7790 1
7791 4
7792 3
7793 4
7794 3
7795 4
7796 1
7797 1
7798 5
7799 3
7800 3
7801 3
7802 3
7803 3
7804 3
7805 3
7806 3
7807 3
7808 3
7809 3
7810 3
7811 3
7812 3
7813 3
7814 3
7815 3
7816 3
7817 3
7818 3
7819 3
7820 3
7821 3
7822 3
7823 3
7824 3
7825 3
7826 4
7827 4
7828 4
7829 1
7830 1
7831 5
7832 4
7833 1
7834 4
7835 4
7836 4
7837 4
7838 4
7839 3
7840 5
7841 5
7842 5
7843 1
7844 5
7845 5
7846 1
7847 1
7848 1
7849 1
7850 1
7851 1
7852 3
7853 3
7854 3
7855 4
7856 5
7857 5
7858 4
7859 4
7860 4
7861 4
7862 4
7863 4
7864 4
7865 4
7866 4
7867 4
7868 5
7869 4
7870 4
7871 4
7872 4
7873 2
7874 4
7875 4
7876 4
7877 3
7878 4
7879 4
7880 4
7881 1
7882 1
7883 1
7884 4
7885 4
7886 4
7887 1
7888 14
7889 14
7890 2
7891 5
7892 4
7893 3
7894 3
7895 4
7896 1
7897 1
7898 1
7899 1
7900 1
7901 1
7902 1
7903 1
7904 5
7905 4
7906 4
7907 4
7908 4
7909 4
network of communities computed : Thu Jan  7 08:45:51 2010

network : 15 nodes, 119 links, 153793820 weight.
pass number 1 of -1 : 0.0904455 0.0904288
pass number 2 of -1 : 0.0904533 0.0904455
pass number 3 of -1 : 0.0904533 0.0904533
communities computed : Thu Jan  7 08:45:51 2010
modularity increased from 0.0904288 to 0.0904533
0 1
1 0
2 2
3 3
4 1
5 4
6 3
7 1
8 2
9 3
10 4
11 3
12 1
13 0
14 5
network of communities computed : Thu Jan  7 08:45:51 2010

network : 6 nodes, 26 links, 153793820 weight.
pass number 1 of -1 : 0.0904533 0.0904533
communities computed : Thu Jan  7 08:45:51 2010
modularity increased from 0.0904533 to 0.0904533
0 0
1 1
2 2
3 3
4 4
5 5
network of communities computed : Thu Jan  7 08:45:51 2010
1e-06 0.0904533 324
