Sender: LSF System <lsfadmin@bc09-n05>
Subject: Job 429352: <comm_cor71> Done

Job <comm_cor71> was submitted from host <bc10-n13> by user <jabloche> in cluster <lucky>.
Job was executed on host(s) <bc09-n05>, in queue <week>, as user <jabloche> in cluster <lucky>.
</afs/isis.unc.edu/home/j/a/jabloche> was used as the home directory.
</netscr/jabloche/FirmNetworks/cLouvain> was used as the working directory.
Started at Thu Jan  7 08:40:37 2010
Results reported at Thu Jan  7 08:43:02 2010

Your job looked like:

------------------------------------------------------------
# LSBATCH: User input
/netscr/jabloche/FirmNetworks/cLouvain/community /smallfs/jabloche/fn_edge/el_cor71.bin -l -1 -w
------------------------------------------------------------

Successfully completed.

Resource usage summary:

    CPU time   :    102.36 sec.
    Max Memory :       141 MB
    Max Swap   :       290 MB

    Max Processes  :         4
    Max Threads    :         4

The output (if any) follows:

Your home directory for this job is /netscr/jabloche
start : Thu Jan  7 08:40:37 2010
total : 8877554
file read : Thu Jan  7 08:41:19 2010
network : 6787 nodes, 8877554 links, 1524635520 weight.
pass number 1 of -1 : 0.127779 -0.000217247
pass number 2 of -1 : 0.13068 0.127779
pass number 3 of -1 : 0.130727 0.13068
pass number 4 of -1 : 0.130731 0.130727
pass number 5 of -1 : 0.130732 0.130731
pass number 6 of -1 : 0.130732 0.130732
communities computed : Thu Jan  7 08:43:01 2010
modularity increased from -0.000217247 to 0.130732
0 2
1 1
2 2
3 1
4 2
5 0
6 0
7 1
8 1
9 1
10 1
11 2
12 1
13 2
14 2
15 1
16 1
17 0
18 0
19 1
20 1
21 0
22 0
23 1
24 1
25 0
26 2
27 2
28 1
29 2
30 0
31 1
32 0
33 2
34 1
35 1
36 0
37 1
38 1
39 1
40 0
41 0
42 0
43 0
44 1
45 0
46 2
47 2
48 1
49 1
50 0
51 1
52 1
53 2
54 1
55 1
56 0
57 0
58 2
59 0
60 1
61 1
62 2
63 1
64 1
65 2
66 1
67 0
68 1
69 0
70 0
71 1
72 0
73 1
74 1
75 0
76 1
77 1
78 1
79 1
80 0
81 0
82 0
83 2
84 1
85 1
86 1
87 1
88 0
89 1
90 1
91 0
92 1
93 1
94 0
95 1
96 1
97 0
98 0
99 2
100 1
101 1
102 1
103 1
104 1
105 2
106 1
107 1
108 2
109 1
110 0
111 1
112 2
113 1
114 1
115 2
116 1
117 0
118 1
119 2
120 1
121 1
122 1
123 1
124 2
125 1
126 2
127 1
128 1
129 1
130 1
131 1
132 1
133 0
134 1
135 1
136 1
137 0
138 0
139 2
140 1
141 1
142 0
143 0
144 0
145 1
146 0
147 0
148 0
149 1
150 2
151 0
152 2
153 1
154 1
155 0
156 1
157 1
158 2
159 0
160 0
161 1
162 3
163 0
164 1
165 1
166 0
167 0
168 1
169 0
170 0
171 1
172 0
173 1
174 1
175 2
176 0
177 1
178 2
179 0
180 1
181 1
182 1
183 1
184 0
185 2
186 1
187 0
188 1
189 1
190 3
191 0
192 2
193 1
194 1
195 1
196 2
197 0
198 1
199 0
200 1
201 2
202 1
203 2
204 0
205 1
206 0
207 1
208 0
209 1
210 0
211 0
212 0
213 0
214 1
215 0
216 0
217 0
218 0
219 1
220 0
221 0
222 1
223 0
224 0
225 1
226 0
227 2
228 1
229 1
230 1
231 1
232 0
233 0
234 0
235 2
236 0
237 1
238 1
239 0
240 1
241 1
242 1
243 1
244 2
245 1
246 0
247 1
248 0
249 1
250 2
251 1
252 0
253 2
254 1
255 2
256 1
257 2
258 1
259 1
260 1
261 1
262 2
263 2
264 1
265 1
266 0
267 1
268 1
269 1
270 0
271 2
272 1
273 2
274 2
275 0
276 1
277 1
278 1
279 1
280 1
281 0
282 0
283 1
284 1
285 1
286 2
287 2
288 1
289 1
290 1
291 2
292 1
293 1
294 1
295 2
296 1
297 1
298 1
299 1
300 1
301 2
302 2
303 0
304 1
305 1
306 2
307 2
308 2
309 1
310 1
311 2
312 1
313 2
314 1
315 1
316 1
317 1
318 0
319 1
320 1
321 0
322 0
323 1
324 1
325 1
326 1
327 1
328 1
329 1
330 1
331 1
332 0
333 1
334 1
335 0
336 0
337 0
338 0
339 0
340 0
341 1
342 1
343 1
344 0
345 1
346 0
347 1
348 1
349 0
350 0
351 1
352 1
353 0
354 0
355 0
356 1
357 1
358 0
359 2
360 2
361 1
362 1
363 0
364 1
365 1
366 1
367 1
368 1
369 0
370 1
371 0
372 0
373 1
374 1
375 1
376 0
377 1
378 2
379 0
380 1
381 1
382 1
383 1
384 1
385 2
386 2
387 1
388 1
389 0
390 2
391 1
392 2
393 1
394 1
395 2
396 2
397 2
398 1
399 1
400 1
401 0
402 1
403 0
404 1
405 1
406 0
407 2
408 1
409 1
410 1
411 1
412 0
413 1
414 0
415 2
416 1
417 1
418 1
419 2
420 1
421 0
422 1
423 1
424 0
425 1
426 1
427 1
428 1
429 1
430 0
431 0
432 1
433 1
434 1
435 0
436 1
437 1
438 1
439 0
440 1
441 1
442 0
443 1
444 1
445 1
446 1
447 2
448 2
449 1
450 0
451 0
452 0
453 1
454 0
455 1
456 1
457 0
458 0
459 1
460 1
461 1
462 1
463 1
464 1
465 1
466 1
467 1
468 1
469 1
470 0
471 0
472 1
473 0
474 0
475 0
476 1
477 2
478 1
479 0
480 2
481 1
482 1
483 0
484 2
485 1
486 1
487 0
488 1
489 0
490 1
491 2
492 0
493 2
494 1
495 0
496 0
497 0
498 2
499 2
500 1
501 1
502 1
503 1
504 0
505 0
506 0
507 0
508 0
509 0
510 0
511 0
512 0
513 0
514 0
515 0
516 0
517 0
518 1
519 0
520 0
521 0
522 0
523 0
524 0
525 0
526 2
527 0
528 0
529 0
530 0
531 0
532 0
533 0
534 0
535 0
536 0
537 0
538 0
539 0
540 0
541 0
542 0
543 0
544 0
545 0
546 0
547 0
548 0
549 0
550 0
551 0
552 0
553 0
554 0
555 0
556 0
557 0
558 0
559 2
560 0
561 0
562 0
563 0
564 0
565 0
566 0
567 0
568 0
569 0
570 0
571 0
572 0
573 0
574 0
575 0
576 0
577 0
578 0
579 2
580 2
581 2
582 2
583 1
584 1
585 0
586 1
587 0
588 1
589 0
590 0
591 0
592 1
593 1
594 1
595 1
596 2
597 0
598 0
599 1
600 2
601 1
602 1
603 1
604 1
605 1
606 1
607 1
608 1
609 0
610 0
611 0
612 1
613 1
614 1
615 1
616 0
617 0
618 1
619 2
620 1
621 1
622 0
623 1
624 2
625 1
626 0
627 2
628 1
629 1
630 0
631 0
632 1
633 0
634 1
635 1
636 1
637 1
638 1
639 1
640 0
641 1
642 1
643 1
644 2
645 2
646 1
647 1
648 1
649 1
650 2
651 2
652 0
653 2
654 1
655 1
656 1
657 1
658 0
659 0
660 1
661 1
662 0
663 0
664 0
665 1
666 1
667 1
668 1
669 1
670 1
671 1
672 1
673 2
674 1
675 1
676 0
677 2
678 1
679 0
680 1
681 2
682 2
683 1
684 1
685 1
686 0
687 1
688 1
689 1
690 0
691 1
692 1
693 1
694 0
695 1
696 2
697 0
698 1
699 1
700 1
701 1
702 1
703 1
704 0
705 1
706 0
707 2
708 1
709 2
710 2
711 1
712 0
713 1
714 1
715 1
716 1
717 2
718 1
719 0
720 0
721 1
722 2
723 2
724 1
725 1
726 1
727 2
728 1
729 2
730 1
731 0
732 0
733 1
734 0
735 1
736 0
737 0
738 1
739 2
740 1
741 1
742 1
743 1
744 1
745 2
746 1
747 0
748 1
749 2
750 1
751 1
752 1
753 0
754 1
755 0
756 1
757 1
758 0
759 1
760 1
761 0
762 2
763 2
764 0
765 0
766 1
767 1
768 0
769 0
770 1
771 1
772 1
773 1
774 2
775 0
776 1
777 0
778 1
779 0
780 1
781 1
782 1
783 1
784 1
785 1
786 0
787 1
788 1
789 2
790 0
791 0
792 2
793 2
794 0
795 1
796 0
797 0
798 1
799 0
800 0
801 1
802 1
803 0
804 2
805 2
806 2
807 0
808 2
809 1
810 1
811 0
812 1
813 2
814 2
815 0
816 0
817 0
818 1
819 1
820 1
821 1
822 1
823 1
824 1
825 1
826 1
827 0
828 1
829 0
830 1
831 1
832 1
833 1
834 2
835 0
836 0
837 1
838 1
839 1
840 1
841 1
842 0
843 1
844 1
845 1
846 2
847 1
848 2
849 2
850 0
851 1
852 0
853 1
854 2
855 0
856 1
857 2
858 2
859 2
860 1
861 1
862 1
863 1
864 0
865 1
866 1
867 1
868 1
869 1
870 1
871 0
872 0
873 2
874 1
875 1
876 1
877 2
878 2
879 1
880 1
881 1
882 1
883 0
884 2
885 0
886 0
887 1
888 1
889 1
890 1
891 0
892 1
893 0
894 2
895 2
896 0
897 1
898 2
899 1
900 1
901 1
902 0
903 0
904 1
905 0
906 1
907 1
908 1
909 0
910 0
911 2
912 1
913 1
914 0
915 1
916 1
917 0
918 0
919 0
920 0
921 1
922 1
923 1
924 1
925 1
926 1
927 1
928 1
929 1
930 0
931 0
932 1
933 1
934 1
935 2
936 2
937 0
938 0
939 1
940 1
941 1
942 1
943 0
944 1
945 1
946 2
947 0
948 1
949 0
950 1
951 0
952 0
953 1
954 1
955 0
956 1
957 1
958 0
959 1
960 2
961 2
962 2
963 2
964 0
965 0
966 2
967 0
968 2
969 0
970 1
971 1
972 0
973 1
974 0
975 0
976 1
977 2
978 1
979 1
980 1
981 1
982 1
983 1
984 1
985 0
986 0
987 2
988 1
989 3
990 2
991 2
992 1
993 1
994 1
995 1
996 1
997 0
998 0
999 0
1000 2
1001 2
1002 1
1003 0
1004 2
1005 0
1006 1
1007 1
1008 1
1009 0
1010 1
1011 0
1012 0
1013 2
1014 1
1015 2
1016 1
1017 2
1018 2
1019 2
1020 0
1021 1
1022 1
1023 2
1024 1
1025 1
1026 1
1027 1
1028 1
1029 1
1030 1
1031 0
1032 1
1033 1
1034 1
1035 2
1036 0
1037 0
1038 1
1039 1
1040 1
1041 0
1042 0
1043 2
1044 1
1045 1
1046 0
1047 1
1048 1
1049 1
1050 2
1051 1
1052 0
1053 0
1054 0
1055 2
1056 0
1057 1
1058 2
1059 0
1060 0
1061 0
1062 0
1063 1
1064 1
1065 1
1066 0
1067 1
1068 1
1069 1
1070 0
1071 0
1072 2
1073 1
1074 0
1075 0
1076 1
1077 0
1078 3
1079 1
1080 1
1081 2
1082 1
1083 1
1084 2
1085 2
1086 0
1087 0
1088 0
1089 2
1090 0
1091 1
1092 1
1093 1
1094 0
1095 1
1096 1
1097 1
1098 1
1099 0
1100 2
1101 0
1102 0
1103 0
1104 0
1105 0
1106 0
1107 0
1108 0
1109 1
1110 1
1111 2
1112 1
1113 2
1114 0
1115 0
1116 1
1117 2
1118 0
1119 1
1120 0
1121 1
1122 2
1123 0
1124 1
1125 0
1126 1
1127 0
1128 0
1129 2
1130 1
1131 0
1132 0
1133 0
1134 0
1135 0
1136 0
1137 0
1138 2
1139 0
1140 0
1141 0
1142 1
1143 2
1144 2
1145 1
1146 0
1147 1
1148 1
1149 1
1150 0
1151 2
1152 2
1153 0
1154 0
1155 1
1156 2
1157 1
1158 0
1159 1
1160 1
1161 2
1162 0
1163 2
1164 1
1165 1
1166 1
1167 0
1168 1
1169 0
1170 0
1171 1
1172 1
1173 1
1174 1
1175 1
1176 2
1177 0
1178 1
1179 1
1180 0
1181 1
1182 1
1183 1
1184 0
1185 0
1186 1
1187 2
1188 2
1189 2
1190 1
1191 0
1192 0
1193 1
1194 1
1195 0
1196 2
1197 2
1198 1
1199 1
1200 1
1201 1
1202 2
1203 1
1204 1
1205 0
1206 0
1207 0
1208 0
1209 0
1210 2
1211 1
1212 0
1213 1
1214 2
1215 1
1216 0
1217 1
1218 1
1219 1
1220 1
1221 0
1222 1
1223 1
1224 3
1225 1
1226 2
1227 0
1228 3
1229 0
1230 0
1231 0
1232 1
1233 1
1234 0
1235 0
1236 1
1237 1
1238 2
1239 2
1240 2
1241 1
1242 0
1243 1
1244 0
1245 1
1246 1
1247 0
1248 2
1249 0
1250 1
1251 0
1252 1
1253 0
1254 0
1255 0
1256 1
1257 1
1258 1
1259 2
1260 2
1261 1
1262 0
1263 0
1264 0
1265 0
1266 0
1267 0
1268 0
1269 0
1270 0
1271 0
1272 0
1273 0
1274 0
1275 0
1276 0
1277 0
1278 0
1279 0
1280 0
1281 0
1282 0
1283 0
1284 1
1285 0
1286 1
1287 0
1288 1
1289 2
1290 1
1291 0
1292 1
1293 2
1294 1
1295 2
1296 0
1297 1
1298 0
1299 0
1300 2
1301 0
1302 1
1303 1
1304 1
1305 1
1306 2
1307 0
1308 1
1309 1
1310 0
1311 1
1312 1
1313 0
1314 0
1315 1
1316 0
1317 2
1318 0
1319 1
1320 2
1321 0
1322 1
1323 2
1324 2
1325 0
1326 0
1327 1
1328 1
1329 0
1330 0
1331 0
1332 0
1333 1
1334 2
1335 2
1336 2
1337 0
1338 0
1339 0
1340 0
1341 2
1342 2
1343 1
1344 0
1345 1
1346 0
1347 2
1348 2
1349 1
1350 1
1351 2
1352 1
1353 2
1354 0
1355 0
1356 2
1357 0
1358 0
1359 0
1360 2
1361 0
1362 0
1363 2
1364 1
1365 1
1366 2
1367 0
1368 1
1369 2
1370 0
1371 1
1372 1
1373 1
1374 2
1375 0
1376 1
1377 0
1378 1
1379 0
1380 1
1381 2
1382 2
1383 1
1384 1
1385 0
1386 1
1387 2
1388 1
1389 1
1390 2
1391 0
1392 1
1393 0
1394 1
1395 1
1396 0
1397 1
1398 1
1399 0
1400 0
1401 0
1402 0
1403 2
1404 2
1405 2
1406 0
1407 1
1408 1
1409 1
1410 2
1411 1
1412 2
1413 1
1414 1
1415 1
1416 2
1417 2
1418 1
1419 2
1420 1
1421 1
1422 0
1423 2
1424 2
1425 2
1426 0
1427 1
1428 1
1429 2
1430 0
1431 2
1432 1
1433 0
1434 1
1435 1
1436 1
1437 2
1438 2
1439 1
1440 0
1441 1
1442 1
1443 1
1444 1
1445 0
1446 1
1447 0
1448 0
1449 1
1450 1
1451 0
1452 0
1453 0
1454 0
1455 1
1456 1
1457 0
1458 0
1459 1
1460 0
1461 1
1462 1
1463 1
1464 0
1465 2
1466 1
1467 1
1468 0
1469 0
1470 1
1471 1
1472 0
1473 1
1474 1
1475 1
1476 0
1477 0
1478 1
1479 1
1480 1
1481 0
1482 0
1483 1
1484 1
1485 1
1486 2
1487 0
1488 1
1489 0
1490 1
1491 0
1492 1
1493 0
1494 1
1495 2
1496 1
1497 1
1498 0
1499 0
1500 2
1501 0
1502 2
1503 1
1504 1
1505 1
1506 0
1507 0
1508 1
1509 0
1510 1
1511 1
1512 1
1513 0
1514 0
1515 0
1516 0
1517 0
1518 1
1519 1
1520 1
1521 1
1522 1
1523 2
1524 0
1525 0
1526 0
1527 0
1528 1
1529 0
1530 1
1531 0
1532 2
1533 0
1534 2
1535 1
1536 1
1537 2
1538 1
1539 2
1540 2
1541 1
1542 0
1543 1
1544 1
1545 1
1546 1
1547 2
1548 0
1549 0
1550 1
1551 0
1552 1
1553 1
1554 0
1555 1
1556 3
1557 1
1558 2
1559 0
1560 0
1561 2
1562 2
1563 1
1564 0
1565 1
1566 0
1567 1
1568 0
1569 0
1570 1
1571 2
1572 0
1573 2
1574 1
1575 0
1576 0
1577 1
1578 1
1579 2
1580 0
1581 2
1582 2
1583 2
1584 1
1585 2
1586 1
1587 1
1588 1
1589 1
1590 2
1591 1
1592 1
1593 1
1594 1
1595 0
1596 1
1597 2
1598 1
1599 1
1600 1
1601 0
1602 1
1603 0
1604 0
1605 1
1606 0
1607 1
1608 1
1609 1
1610 1
1611 0
1612 1
1613 1
1614 1
1615 2
1616 2
1617 1
1618 0
1619 1
1620 1
1621 0
1622 1
1623 1
1624 0
1625 2
1626 0
1627 2
1628 1
1629 1
1630 1
1631 0
1632 1
1633 1
1634 1
1635 1
1636 1
1637 1
1638 1
1639 0
1640 1
1641 2
1642 2
1643 0
1644 2
1645 2
1646 1
1647 1
1648 1
1649 0
1650 1
1651 1
1652 1
1653 1
1654 0
1655 1
1656 1
1657 1
1658 1
1659 2
1660 1
1661 0
1662 1
1663 1
1664 2
1665 0
1666 1
1667 1
1668 2
1669 0
1670 2
1671 0
1672 2
1673 3
1674 2
1675 2
1676 0
1677 0
1678 0
1679 0
1680 1
1681 2
1682 1
1683 1
1684 1
1685 0
1686 0
1687 1
1688 2
1689 2
1690 1
1691 1
1692 1
1693 1
1694 0
1695 1
1696 2
1697 1
1698 2
1699 2
1700 1
1701 0
1702 1
1703 1
1704 0
1705 1
1706 2
1707 2
1708 2
1709 1
1710 0
1711 0
1712 1
1713 1
1714 0
1715 1
1716 0
1717 0
1718 2
1719 1
1720 1
1721 0
1722 1
1723 2
1724 0
1725 1
1726 2
1727 2
1728 1
1729 2
1730 0
1731 0
1732 1
1733 1
1734 1
1735 2
1736 2
1737 1
1738 0
1739 0
1740 1
1741 1
1742 1
1743 1
1744 0
1745 2
1746 1
1747 1
1748 0
1749 2
1750 0
1751 0
1752 1
1753 1
1754 0
1755 0
1756 1
1757 0
1758 0
1759 1
1760 1
1761 0
1762 1
1763 1
1764 2
1765 1
1766 1
1767 1
1768 0
1769 1
1770 1
1771 2
1772 1
1773 0
1774 1
1775 1
1776 2
1777 2
1778 1
1779 1
1780 0
1781 0
1782 1
1783 2
1784 1
1785 1
1786 0
1787 1
1788 1
1789 1
1790 1
1791 0
1792 0
1793 0
1794 1
1795 1
1796 0
1797 1
1798 1
1799 1
1800 1
1801 0
1802 1
1803 0
1804 1
1805 1
1806 1
1807 1
1808 1
1809 2
1810 1
1811 1
1812 0
1813 0
1814 0
1815 0
1816 2
1817 2
1818 2
1819 1
1820 1
1821 0
1822 1
1823 2
1824 1
1825 1
1826 1
1827 1
1828 2
1829 1
1830 2
1831 1
1832 1
1833 1
1834 1
1835 1
1836 2
1837 1
1838 1
1839 0
1840 0
1841 2
1842 1
1843 1
1844 1
1845 0
1846 0
1847 1
1848 2
1849 0
1850 1
1851 1
1852 1
1853 1
1854 0
1855 1
1856 1
1857 0
1858 0
1859 0
1860 0
1861 1
1862 1
1863 1
1864 1
1865 1
1866 1
1867 2
1868 1
1869 2
1870 1
1871 1
1872 1
1873 2
1874 1
1875 1
1876 2
1877 1
1878 1
1879 1
1880 2
1881 0
1882 0
1883 0
1884 0
1885 1
1886 1
1887 2
1888 1
1889 1
1890 1
1891 1
1892 0
1893 2
1894 1
1895 1
1896 0
1897 1
1898 0
1899 1
1900 0
1901 1
1902 0
1903 1
1904 1
1905 1
1906 0
1907 1
1908 1
1909 1
1910 1
1911 2
1912 1
1913 1
1914 1
1915 0
1916 1
1917 1
1918 1
1919 1
1920 1
1921 1
1922 2
1923 3
1924 1
1925 1
1926 0
1927 0
1928 1
1929 1
1930 0
1931 2
1932 0
1933 1
1934 0
1935 1
1936 1
1937 0
1938 1
1939 0
1940 1
1941 0
1942 2
1943 0
1944 1
1945 1
1946 1
1947 1
1948 1
1949 1
1950 0
1951 0
1952 0
1953 2
1954 0
1955 0
1956 0
1957 0
1958 0
1959 1
1960 0
1961 2
1962 0
1963 0
1964 1
1965 0
1966 1
1967 0
1968 3
1969 2
1970 0
1971 0
1972 2
1973 1
1974 1
1975 1
1976 1
1977 2
1978 0
1979 1
1980 2
1981 0
1982 0
1983 2
1984 0
1985 1
1986 2
1987 0
1988 0
1989 1
1990 1
1991 0
1992 1
1993 1
1994 1
1995 0
1996 1
1997 1
1998 2
1999 0
2000 1
2001 1
2002 1
2003 1
2004 2
2005 1
2006 1
2007 1
2008 1
2009 0
2010 1
2011 1
2012 1
2013 0
2014 1
2015 0
2016 2
2017 1
2018 1
2019 0
2020 2
2021 0
2022 0
2023 1
2024 0
2025 1
2026 1
2027 0
2028 0
2029 1
2030 1
2031 1
2032 0
2033 1
2034 1
2035 1
2036 0
2037 1
2038 2
2039 1
2040 0
2041 0
2042 2
2043 1
2044 1
2045 0
2046 1
2047 1
2048 0
2049 1
2050 0
2051 2
2052 0
2053 0
2054 2
2055 2
2056 0
2057 2
2058 2
2059 2
2060 2
2061 2
2062 2
2063 2
2064 2
2065 2
2066 2
2067 0
2068 2
2069 2
2070 2
2071 0
2072 1
2073 1
2074 0
2075 2
2076 1
2077 2
2078 0
2079 1
2080 2
2081 2
2082 0
2083 2
2084 1
2085 3
2086 3
2087 3
2088 2
2089 1
2090 2
2091 1
2092 1
2093 1
2094 1
2095 1
2096 1
2097 1
2098 1
2099 2
2100 1
2101 1
2102 2
2103 2
2104 1
2105 1
2106 1
2107 1
2108 1
2109 2
2110 1
2111 2
2112 1
2113 1
2114 1
2115 1
2116 1
2117 1
2118 1
2119 1
2120 2
2121 1
2122 1
2123 2
2124 1
2125 2
2126 1
2127 1
2128 1
2129 1
2130 2
2131 0
2132 0
2133 2
2134 1
2135 0
2136 2
2137 0
2138 1
2139 0
2140 0
2141 0
2142 0
2143 1
2144 1
2145 1
2146 1
2147 0
2148 0
2149 2
2150 2
2151 1
2152 0
2153 1
2154 2
2155 2
2156 1
2157 1
2158 0
2159 0
2160 2
2161 1
2162 1
2163 0
2164 1
2165 1
2166 0
2167 1
2168 1
2169 1
2170 2
2171 1
2172 0
2173 2
2174 2
2175 1
2176 1
2177 1
2178 0
2179 1
2180 0
2181 1
2182 1
2183 1
2184 1
2185 1
2186 1
2187 1
2188 1
2189 1
2190 1
2191 1
2192 1
2193 1
2194 1
2195 1
2196 2
2197 0
2198 1
2199 0
2200 2
2201 2
2202 0
2203 1
2204 2
2205 1
2206 0
2207 1
2208 1
2209 1
2210 2
2211 2
2212 1
2213 1
2214 0
2215 2
2216 1
2217 1
2218 2
2219 1
2220 1
2221 1
2222 1
2223 0
2224 1
2225 0
2226 2
2227 2
2228 1
2229 3
2230 1
2231 0
2232 1
2233 1
2234 1
2235 2
2236 1
2237 1
2238 1
2239 0
2240 0
2241 0
2242 0
2243 1
2244 0
2245 0
2246 0
2247 0
2248 1
2249 0
2250 2
2251 1
2252 1
2253 1
2254 1
2255 1
2256 1
2257 0
2258 1
2259 1
2260 0
2261 2
2262 0
2263 1
2264 1
2265 1
2266 1
2267 0
2268 1
2269 1
2270 1
2271 1
2272 1
2273 2
2274 1
2275 1
2276 0
2277 0
2278 1
2279 1
2280 1
2281 0
2282 1
2283 0
2284 2
2285 2
2286 1
2287 1
2288 1
2289 1
2290 2
2291 0
2292 2
2293 1
2294 1
2295 0
2296 1
2297 1
2298 1
2299 1
2300 1
2301 1
2302 0
2303 2
2304 1
2305 1
2306 1
2307 1
2308 0
2309 0
2310 1
2311 1
2312 1
2313 1
2314 1
2315 1
2316 1
2317 2
2318 1
2319 1
2320 1
2321 1
2322 1
2323 2
2324 1
2325 1
2326 1
2327 1
2328 1
2329 0
2330 1
2331 1
2332 0
2333 0
2334 1
2335 1
2336 1
2337 1
2338 0
2339 2
2340 1
2341 0
2342 2
2343 1
2344 2
2345 1
2346 2
2347 0
2348 1
2349 1
2350 0
2351 1
2352 2
2353 1
2354 1
2355 2
2356 1
2357 0
2358 1
2359 1
2360 1
2361 1
2362 2
2363 2
2364 2
2365 0
2366 2
2367 2
2368 0
2369 1
2370 0
2371 0
2372 0
2373 0
2374 1
2375 1
2376 1
2377 0
2378 1
2379 0
2380 1
2381 1
2382 1
2383 1
2384 1
2385 0
2386 1
2387 1
2388 1
2389 1
2390 0
2391 1
2392 0
2393 1
2394 0
2395 1
2396 1
2397 2
2398 1
2399 0
2400 1
2401 1
2402 0
2403 0
2404 2
2405 0
2406 1
2407 0
2408 1
2409 0
2410 0
2411 1
2412 0
2413 1
2414 0
2415 2
2416 0
2417 0
2418 0
2419 1
2420 0
2421 2
2422 1
2423 1
2424 0
2425 1
2426 2
2427 1
2428 1
2429 0
2430 1
2431 1
2432 0
2433 0
2434 1
2435 1
2436 1
2437 2
2438 1
2439 1
2440 1
2441 0
2442 1
2443 1
2444 0
2445 2
2446 0
2447 0
2448 1
2449 0
2450 0
2451 0
2452 1
2453 1
2454 1
2455 1
2456 1
2457 1
2458 0
2459 1
2460 0
2461 0
2462 1
2463 0
2464 0
2465 1
2466 2
2467 1
2468 1
2469 1
2470 1
2471 1
2472 2
2473 0
2474 0
2475 0
2476 1
2477 1
2478 0
2479 1
2480 1
2481 1
2482 1
2483 0
2484 1
2485 2
2486 1
2487 0
2488 0
2489 1
2490 1
2491 0
2492 2
2493 0
2494 2
2495 1
2496 1
2497 1
2498 2
2499 1
2500 0
2501 0
2502 1
2503 1
2504 1
2505 1
2506 0
2507 1
2508 2
2509 1
2510 1
2511 0
2512 1
2513 2
2514 0
2515 1
2516 2
2517 2
2518 2
2519 1
2520 1
2521 2
2522 1
2523 1
2524 0
2525 2
2526 0
2527 1
2528 0
2529 2
2530 0
2531 0
2532 0
2533 0
2534 0
2535 0
2536 0
2537 1
2538 1
2539 1
2540 1
2541 0
2542 1
2543 0
2544 0
2545 0
2546 1
2547 1
2548 1
2549 0
2550 1
2551 1
2552 0
2553 1
2554 1
2555 0
2556 0
2557 1
2558 0
2559 1
2560 0
2561 1
2562 1
2563 2
2564 0
2565 1
2566 0
2567 1
2568 2
2569 1
2570 2
2571 0
2572 2
2573 1
2574 0
2575 1
2576 2
2577 1
2578 1
2579 1
2580 2
2581 1
2582 1
2583 0
2584 1
2585 1
2586 1
2587 0
2588 2
2589 1
2590 1
2591 0
2592 1
2593 1
2594 1
2595 2
2596 0
2597 0
2598 0
2599 0
2600 0
2601 0
2602 0
2603 0
2604 0
2605 0
2606 0
2607 0
2608 0
2609 0
2610 0
2611 0
2612 0
2613 0
2614 0
2615 0
2616 0
2617 0
2618 0
2619 1
2620 2
2621 0
2622 2
2623 1
2624 1
2625 1
2626 1
2627 1
2628 1
2629 1
2630 2
2631 0
2632 1
2633 1
2634 0
2635 1
2636 0
2637 1
2638 2
2639 1
2640 2
2641 2
2642 1
2643 1
2644 0
2645 2
2646 2
2647 0
2648 0
2649 1
2650 0
2651 1
2652 1
2653 0
2654 1
2655 1
2656 2
2657 0
2658 3
2659 1
2660 1
2661 0
2662 2
2663 2
2664 0
2665 1
2666 1
2667 0
2668 1
2669 1
2670 2
2671 1
2672 1
2673 2
2674 3
2675 2
2676 1
2677 1
2678 2
2679 1
2680 0
2681 1
2682 0
2683 1
2684 1
2685 1
2686 1
2687 2
2688 1
2689 2
2690 2
2691 0
2692 1
2693 1
2694 1
2695 1
2696 0
2697 0
2698 1
2699 1
2700 1
2701 0
2702 0
2703 0
2704 0
2705 0
2706 0
2707 1
2708 2
2709 0
2710 1
2711 1
2712 0
2713 0
2714 3
2715 0
2716 0
2717 0
2718 0
2719 0
2720 0
2721 0
2722 0
2723 1
2724 0
2725 2
2726 2
2727 0
2728 0
2729 1
2730 2
2731 1
2732 1
2733 0
2734 1
2735 1
2736 2
2737 2
2738 2
2739 2
2740 1
2741 0
2742 3
2743 2
2744 2
2745 0
2746 1
2747 0
2748 1
2749 2
2750 1
2751 1
2752 0
2753 2
2754 0
2755 0
2756 2
2757 0
2758 0
2759 2
2760 0
2761 2
2762 2
2763 1
2764 1
2765 0
2766 1
2767 2
2768 2
2769 3
2770 0
2771 0
2772 0
2773 0
2774 1
2775 1
2776 0
2777 1
2778 0
2779 2
2780 0
2781 1
2782 1
2783 1
2784 2
2785 0
2786 2
2787 0
2788 1
2789 1
2790 0
2791 1
2792 1
2793 1
2794 1
2795 0
2796 2
2797 1
2798 1
2799 1
2800 2
2801 2
2802 0
2803 0
2804 0
2805 0
2806 0
2807 0
2808 0
2809 0
2810 0
2811 0
2812 0
2813 0
2814 0
2815 0
2816 0
2817 0
2818 0
2819 0
2820 0
2821 0
2822 0
2823 0
2824 0
2825 0
2826 0
2827 0
2828 0
2829 0
2830 0
2831 0
2832 0
2833 0
2834 0
2835 0
2836 0
2837 0
2838 0
2839 0
2840 2
2841 0
2842 0
2843 0
2844 0
2845 1
2846 0
2847 1
2848 0
2849 0
2850 0
2851 0
2852 1
2853 0
2854 0
2855 0
2856 0
2857 0
2858 0
2859 0
2860 0
2861 0
2862 0
2863 0
2864 0
2865 0
2866 0
2867 0
2868 0
2869 0
2870 0
2871 0
2872 0
2873 0
2874 0
2875 0
2876 0
2877 0
2878 0
2879 0
2880 0
2881 0
2882 0
2883 0
2884 0
2885 0
2886 0
2887 0
2888 0
2889 1
2890 0
2891 0
2892 2
2893 1
2894 0
2895 0
2896 2
2897 0
2898 0
2899 0
2900 0
2901 0
2902 0
2903 0
2904 0
2905 0
2906 0
2907 0
2908 0
2909 0
2910 0
2911 0
2912 0
2913 0
2914 0
2915 0
2916 0
2917 0
2918 0
2919 1
2920 2
2921 0
2922 2
2923 0
2924 2
2925 1
2926 1
2927 1
2928 0
2929 1
2930 1
2931 1
2932 1
2933 2
2934 2
2935 2
2936 1
2937 1
2938 3
2939 1
2940 1
2941 2
2942 2
2943 0
2944 1
2945 1
2946 2
2947 2
2948 1
2949 0
2950 0
2951 1
2952 1
2953 0
2954 0
2955 0
2956 2
2957 1
2958 0
2959 2
2960 0
2961 1
2962 0
2963 0
2964 1
2965 1
2966 2
2967 1
2968 0
2969 0
2970 1
2971 1
2972 1
2973 2
2974 0
2975 0
2976 2
2977 1
2978 0
2979 1
2980 0
2981 0
2982 1
2983 1
2984 2
2985 0
2986 1
2987 1
2988 2
2989 0
2990 2
2991 2
2992 1
2993 0
2994 0
2995 2
2996 1
2997 1
2998 0
2999 1
3000 0
3001 0
3002 0
3003 0
3004 0
3005 1
3006 0
3007 0
3008 1
3009 1
3010 2
3011 2
3012 1
3013 1
3014 0
3015 0
3016 1
3017 2
3018 1
3019 2
3020 0
3021 1
3022 1
3023 1
3024 1
3025 2
3026 1
3027 1
3028 2
3029 1
3030 1
3031 1
3032 1
3033 1
3034 1
3035 0
3036 1
3037 1
3038 1
3039 0
3040 3
3041 0
3042 0
3043 0
3044 0
3045 1
3046 1
3047 1
3048 1
3049 0
3050 1
3051 1
3052 1
3053 1
3054 1
3055 2
3056 0
3057 1
3058 1
3059 2
3060 1
3061 1
3062 0
3063 1
3064 0
3065 2
3066 1
3067 1
3068 0
3069 1
3070 1
3071 1
3072 0
3073 2
3074 2
3075 1
3076 2
3077 1
3078 0
3079 0
3080 0
3081 2
3082 1
3083 1
3084 2
3085 2
3086 1
3087 2
3088 0
3089 1
3090 1
3091 0
3092 1
3093 3
3094 1
3095 1
3096 1
3097 1
3098 0
3099 2
3100 2
3101 1
3102 0
3103 0
3104 1
3105 1
3106 1
3107 1
3108 2
3109 1
3110 0
3111 0
3112 1
3113 1
3114 1
3115 1
3116 1
3117 0
3118 1
3119 0
3120 1
3121 1
3122 0
3123 0
3124 0
3125 2
3126 1
3127 2
3128 2
3129 1
3130 1
3131 2
3132 0
3133 2
3134 2
3135 2
3136 2
3137 2
3138 2
3139 2
3140 2
3141 1
3142 0
3143 1
3144 0
3145 2
3146 1
3147 0
3148 0
3149 0
3150 2
3151 1
3152 0
3153 1
3154 0
3155 1
3156 1
3157 0
3158 0
3159 1
3160 1
3161 1
3162 1
3163 0
3164 0
3165 0
3166 0
3167 0
3168 0
3169 0
3170 0
3171 0
3172 0
3173 0
3174 0
3175 0
3176 0
3177 1
3178 1
3179 1
3180 2
3181 0
3182 2
3183 1
3184 1
3185 0
3186 1
3187 0
3188 2
3189 1
3190 1
3191 0
3192 1
3193 1
3194 2
3195 1
3196 1
3197 1
3198 1
3199 1
3200 1
3201 2
3202 1
3203 1
3204 0
3205 1
3206 1
3207 2
3208 1
3209 2
3210 1
3211 1
3212 1
3213 1
3214 1
3215 1
3216 1
3217 0
3218 2
3219 1
3220 1
3221 0
3222 0
3223 1
3224 1
3225 2
3226 0
3227 1
3228 0
3229 1
3230 1
3231 1
3232 2
3233 1
3234 1
3235 0
3236 1
3237 0
3238 2
3239 2
3240 1
3241 1
3242 1
3243 1
3244 1
3245 0
3246 0
3247 0
3248 0
3249 1
3250 1
3251 2
3252 2
3253 0
3254 0
3255 1
3256 0
3257 2
3258 0
3259 1
3260 0
3261 1
3262 0
3263 0
3264 1
3265 1
3266 2
3267 1
3268 0
3269 0
3270 1
3271 2
3272 1
3273 0
3274 0
3275 0
3276 0
3277 0
3278 0
3279 2
3280 0
3281 1
3282 1
3283 1
3284 0
3285 0
3286 1
3287 2
3288 1
3289 2
3290 2
3291 1
3292 0
3293 1
3294 2
3295 1
3296 1
3297 2
3298 2
3299 0
3300 2
3301 1
3302 1
3303 2
3304 1
3305 1
3306 1
3307 0
3308 1
3309 0
3310 0
3311 0
3312 1
3313 1
3314 2
3315 1
3316 2
3317 1
3318 2
3319 1
3320 1
3321 0
3322 0
3323 1
3324 0
3325 2
3326 0
3327 2
3328 1
3329 1
3330 0
3331 0
3332 2
3333 2
3334 1
3335 0
3336 1
3337 1
3338 0
3339 1
3340 1
3341 1
3342 1
3343 0
3344 1
3345 0
3346 1
3347 0
3348 0
3349 1
3350 1
3351 1
3352 1
3353 2
3354 1
3355 1
3356 1
3357 1
3358 1
3359 1
3360 0
3361 2
3362 0
3363 0
3364 0
3365 0
3366 1
3367 1
3368 1
3369 1
3370 0
3371 0
3372 2
3373 1
3374 0
3375 0
3376 1
3377 0
3378 1
3379 2
3380 2
3381 0
3382 1
3383 1
3384 0
3385 2
3386 0
3387 0
3388 0
3389 1
3390 0
3391 2
3392 1
3393 1
3394 1
3395 2
3396 0
3397 1
3398 0
3399 0
3400 1
3401 0
3402 0
3403 2
3404 1
3405 1
3406 3
3407 1
3408 0
3409 0
3410 1
3411 3
3412 0
3413 1
3414 1
3415 1
3416 1
3417 2
3418 1
3419 0
3420 1
3421 1
3422 1
3423 0
3424 2
3425 1
3426 1
3427 2
3428 2
3429 0
3430 0
3431 0
3432 1
3433 1
3434 1
3435 1
3436 0
3437 0
3438 1
3439 1
3440 1
3441 1
3442 1
3443 1
3444 1
3445 0
3446 0
3447 1
3448 0
3449 1
3450 1
3451 1
3452 1
3453 0
3454 0
3455 2
3456 0
3457 1
3458 1
3459 2
3460 0
3461 0
3462 0
3463 1
3464 1
3465 1
3466 2
3467 1
3468 1
3469 2
3470 1
3471 0
3472 1
3473 0
3474 0
3475 1
3476 1
3477 1
3478 0
3479 1
3480 1
3481 2
3482 1
3483 1
3484 1
3485 2
3486 0
3487 1
3488 1
3489 2
3490 1
3491 0
3492 1
3493 1
3494 2
3495 1
3496 1
3497 2
3498 1
3499 0
3500 1
3501 1
3502 0
3503 1
3504 2
3505 1
3506 1
3507 2
3508 0
3509 2
3510 0
3511 0
3512 2
3513 1
3514 0
3515 2
3516 1
3517 1
3518 1
3519 1
3520 1
3521 1
3522 1
3523 2
3524 0
3525 2
3526 1
3527 1
3528 2
3529 1
3530 0
3531 1
3532 0
3533 0
3534 0
3535 1
3536 1
3537 1
3538 1
3539 1
3540 2
3541 1
3542 1
3543 2
3544 1
3545 1
3546 1
3547 2
3548 1
3549 1
3550 1
3551 2
3552 2
3553 1
3554 0
3555 0
3556 0
3557 1
3558 0
3559 1
3560 1
3561 0
3562 1
3563 3
3564 0
3565 0
3566 1
3567 1
3568 1
3569 0
3570 0
3571 0
3572 0
3573 0
3574 0
3575 2
3576 1
3577 1
3578 1
3579 1
3580 1
3581 1
3582 1
3583 1
3584 0
3585 2
3586 1
3587 1
3588 1
3589 1
3590 1
3591 1
3592 1
3593 2
3594 1
3595 1
3596 0
3597 2
3598 2
3599 2
3600 0
3601 0
3602 1
3603 1
3604 1
3605 2
3606 1
3607 2
3608 0
3609 2
3610 1
3611 0
3612 0
3613 1
3614 1
3615 1
3616 2
3617 1
3618 1
3619 1
3620 1
3621 2
3622 1
3623 1
3624 0
3625 0
3626 1
3627 0
3628 2
3629 2
3630 0
3631 1
3632 2
3633 1
3634 0
3635 1
3636 1
3637 1
3638 1
3639 1
3640 2
3641 1
3642 1
3643 1
3644 0
3645 0
3646 1
3647 1
3648 0
3649 1
3650 1
3651 1
3652 1
3653 0
3654 2
3655 0
3656 2
3657 1
3658 1
3659 1
3660 1
3661 0
3662 1
3663 2
3664 0
3665 1
3666 0
3667 0
3668 0
3669 0
3670 1
3671 1
3672 1
3673 0
3674 1
3675 0
3676 1
3677 0
3678 0
3679 0
3680 1
3681 0
3682 2
3683 0
3684 3
3685 0
3686 0
3687 0
3688 1
3689 1
3690 1
3691 1
3692 1
3693 0
3694 1
3695 1
3696 0
3697 1
3698 1
3699 2
3700 0
3701 1
3702 1
3703 0
3704 0
3705 0
3706 1
3707 0
3708 2
3709 1
3710 2
3711 0
3712 0
3713 1
3714 1
3715 1
3716 1
3717 0
3718 1
3719 1
3720 1
3721 1
3722 1
3723 1
3724 2
3725 1
3726 1
3727 1
3728 1
3729 2
3730 1
3731 2
3732 2
3733 1
3734 1
3735 1
3736 0
3737 3
3738 1
3739 1
3740 0
3741 1
3742 0
3743 1
3744 0
3745 1
3746 0
3747 1
3748 1
3749 0
3750 2
3751 0
3752 2
3753 3
3754 0
3755 2
3756 1
3757 2
3758 1
3759 2
3760 0
3761 1
3762 2
3763 1
3764 3
3765 1
3766 1
3767 1
3768 1
3769 3
3770 1
3771 0
3772 1
3773 0
3774 1
3775 2
3776 0
3777 0
3778 1
3779 0
3780 1
3781 1
3782 1
3783 1
3784 0
3785 1
3786 2
3787 1
3788 2
3789 2
3790 0
3791 1
3792 1
3793 0
3794 2
3795 2
3796 0
3797 1
3798 1
3799 1
3800 0
3801 0
3802 1
3803 0
3804 2
3805 2
3806 0
3807 0
3808 0
3809 2
3810 1
3811 0
3812 0
3813 1
3814 0
3815 0
3816 0
3817 2
3818 1
3819 2
3820 2
3821 2
3822 1
3823 2
3824 0
3825 2
3826 2
3827 1
3828 2
3829 1
3830 0
3831 1
3832 1
3833 1
3834 0
3835 2
3836 2
3837 1
3838 2
3839 1
3840 1
3841 1
3842 0
3843 1
3844 0
3845 0
3846 0
3847 0
3848 0
3849 0
3850 0
3851 1
3852 0
3853 0
3854 1
3855 1
3856 0
3857 1
3858 1
3859 0
3860 2
3861 1
3862 0
3863 1
3864 1
3865 1
3866 1
3867 1
3868 1
3869 1
3870 1
3871 0
3872 0
3873 0
3874 1
3875 2
3876 0
3877 0
3878 0
3879 0
3880 2
3881 2
3882 1
3883 2
3884 1
3885 1
3886 1
3887 1
3888 2
3889 2
3890 1
3891 2
3892 2
3893 1
3894 2
3895 1
3896 1
3897 1
3898 2
3899 2
3900 2
3901 0
3902 0
3903 1
3904 0
3905 1
3906 1
3907 2
3908 1
3909 1
3910 0
3911 1
3912 1
3913 0
3914 1
3915 1
3916 1
3917 1
3918 2
3919 0
3920 1
3921 1
3922 0
3923 0
3924 1
3925 1
3926 2
3927 2
3928 0
3929 2
3930 1
3931 2
3932 0
3933 0
3934 1
3935 0
3936 0
3937 1
3938 1
3939 0
3940 0
3941 1
3942 2
3943 1
3944 1
3945 2
3946 1
3947 1
3948 0
3949 1
3950 1
3951 1
3952 1
3953 1
3954 0
3955 0
3956 0
3957 2
3958 0
3959 0
3960 0
3961 2
3962 0
3963 2
3964 1
3965 2
3966 1
3967 0
3968 1
3969 2
3970 0
3971 1
3972 0
3973 1
3974 0
3975 1
3976 2
3977 1
3978 1
3979 0
3980 0
3981 1
3982 1
3983 1
3984 1
3985 1
3986 1
3987 1
3988 0
3989 0
3990 1
3991 2
3992 2
3993 0
3994 0
3995 2
3996 1
3997 1
3998 1
3999 1
4000 1
4001 2
4002 2
4003 1
4004 1
4005 1
4006 0
4007 0
4008 1
4009 0
4010 0
4011 2
4012 1
4013 1
4014 2
4015 1
4016 0
4017 1
4018 1
4019 2
4020 2
4021 1
4022 1
4023 0
4024 1
4025 1
4026 1
4027 0
4028 0
4029 2
4030 1
4031 1
4032 1
4033 1
4034 2
4035 0
4036 3
4037 1
4038 1
4039 1
4040 0
4041 1
4042 1
4043 0
4044 1
4045 1
4046 1
4047 0
4048 1
4049 1
4050 0
4051 1
4052 0
4053 0
4054 1
4055 0
4056 2
4057 1
4058 1
4059 1
4060 1
4061 1
4062 0
4063 1
4064 1
4065 1
4066 1
4067 1
4068 1
4069 1
4070 1
4071 0
4072 1
4073 2
4074 1
4075 2
4076 1
4077 2
4078 1
4079 0
4080 1
4081 1
4082 0
4083 1
4084 0
4085 2
4086 2
4087 1
4088 1
4089 1
4090 2
4091 2
4092 1
4093 0
4094 0
4095 1
4096 1
4097 2
4098 1
4099 2
4100 0
4101 1
4102 1
4103 1
4104 0
4105 0
4106 0
4107 0
4108 0
4109 0
4110 0
4111 0
4112 0
4113 0
4114 0
4115 0
4116 0
4117 0
4118 0
4119 0
4120 1
4121 1
4122 1
4123 1
4124 1
4125 0
4126 2
4127 1
4128 1
4129 1
4130 1
4131 1
4132 1
4133 1
4134 1
4135 0
4136 2
4137 0
4138 1
4139 1
4140 1
4141 0
4142 1
4143 1
4144 1
4145 0
4146 0
4147 0
4148 1
4149 0
4150 2
4151 2
4152 1
4153 0
4154 0
4155 0
4156 0
4157 1
4158 1
4159 2
4160 0
4161 2
4162 0
4163 1
4164 0
4165 1
4166 1
4167 0
4168 1
4169 0
4170 1
4171 1
4172 1
4173 1
4174 1
4175 0
4176 1
4177 1
4178 1
4179 0
4180 1
4181 0
4182 0
4183 0
4184 0
4185 1
4186 2
4187 1
4188 0
4189 0
4190 0
4191 1
4192 1
4193 2
4194 2
4195 0
4196 1
4197 1
4198 1
4199 1
4200 1
4201 1
4202 1
4203 1
4204 0
4205 0
4206 1
4207 0
4208 0
4209 1
4210 1
4211 1
4212 1
4213 1
4214 0
4215 0
4216 1
4217 0
4218 0
4219 1
4220 1
4221 1
4222 1
4223 1
4224 0
4225 1
4226 1
4227 1
4228 1
4229 0
4230 1
4231 1
4232 1
4233 1
4234 2
4235 1
4236 1
4237 2
4238 0
4239 0
4240 0
4241 0
4242 0
4243 2
4244 0
4245 0
4246 0
4247 0
4248 0
4249 0
4250 0
4251 0
4252 0
4253 2
4254 0
4255 1
4256 1
4257 2
4258 1
4259 1
4260 1
4261 1
4262 1
4263 1
4264 1
4265 0
4266 1
4267 1
4268 2
4269 1
4270 1
4271 0
4272 2
4273 2
4274 2
4275 0
4276 2
4277 1
4278 1
4279 1
4280 1
4281 1
4282 0
4283 2
4284 0
4285 0
4286 0
4287 1
4288 1
4289 1
4290 0
4291 0
4292 2
4293 2
4294 1
4295 2
4296 0
4297 0
4298 1
4299 1
4300 1
4301 2
4302 1
4303 1
4304 1
4305 1
4306 2
4307 2
4308 0
4309 1
4310 0
4311 1
4312 0
4313 1
4314 0
4315 1
4316 1
4317 1
4318 2
4319 0
4320 0
4321 0
4322 2
4323 1
4324 1
4325 0
4326 0
4327 0
4328 1
4329 1
4330 1
4331 1
4332 1
4333 1
4334 0
4335 1
4336 1
4337 0
4338 0
4339 0
4340 0
4341 1
4342 1
4343 1
4344 1
4345 1
4346 0
4347 1
4348 0
4349 1
4350 1
4351 0
4352 2
4353 2
4354 0
4355 1
4356 0
4357 2
4358 1
4359 1
4360 0
4361 2
4362 0
4363 1
4364 0
4365 2
4366 1
4367 2
4368 1
4369 1
4370 0
4371 1
4372 0
4373 1
4374 1
4375 1
4376 0
4377 0
4378 0
4379 2
4380 1
4381 1
4382 2
4383 2
4384 2
4385 1
4386 1
4387 1
4388 1
4389 0
4390 0
4391 0
4392 1
4393 2
4394 1
4395 1
4396 3
4397 0
4398 2
4399 1
4400 1
4401 2
4402 1
4403 1
4404 1
4405 1
4406 1
4407 1
4408 2
4409 2
4410 0
4411 1
4412 0
4413 1
4414 0
4415 2
4416 0
4417 1
4418 0
4419 1
4420 1
4421 0
4422 0
4423 0
4424 0
4425 0
4426 0
4427 0
4428 1
4429 2
4430 2
4431 0
4432 0
4433 0
4434 0
4435 0
4436 2
4437 2
4438 1
4439 0
4440 1
4441 0
4442 0
4443 0
4444 0
4445 1
4446 3
4447 0
4448 0
4449 0
4450 0
4451 0
4452 1
4453 1
4454 0
4455 0
4456 0
4457 2
4458 1
4459 0
4460 2
4461 2
4462 2
4463 0
4464 1
4465 0
4466 0
4467 1
4468 1
4469 2
4470 1
4471 1
4472 2
4473 0
4474 2
4475 1
4476 0
4477 1
4478 2
4479 1
4480 2
4481 0
4482 1
4483 0
4484 2
4485 2
4486 0
4487 1
4488 2
4489 1
4490 1
4491 0
4492 0
4493 0
4494 2
4495 2
4496 0
4497 1
4498 1
4499 1
4500 0
4501 0
4502 1
4503 2
4504 2
4505 0
4506 1
4507 1
4508 1
4509 0
4510 0
4511 1
4512 1
4513 2
4514 1
4515 0
4516 2
4517 1
4518 0
4519 1
4520 0
4521 0
4522 0
4523 0
4524 0
4525 1
4526 0
4527 1
4528 1
4529 2
4530 0
4531 0
4532 2
4533 0
4534 0
4535 0
4536 1
4537 0
4538 0
4539 1
4540 1
4541 1
4542 0
4543 0
4544 1
4545 1
4546 1
4547 0
4548 0
4549 0
4550 0
4551 0
4552 0
4553 0
4554 0
4555 1
4556 1
4557 1
4558 1
4559 1
4560 1
4561 0
4562 1
4563 0
4564 2
4565 1
4566 1
4567 1
4568 1
4569 2
4570 0
4571 0
4572 1
4573 0
4574 0
4575 0
4576 0
4577 0
4578 1
4579 1
4580 0
4581 2
4582 2
4583 0
4584 1
4585 1
4586 1
4587 1
4588 1
4589 0
4590 0
4591 0
4592 0
4593 0
4594 0
4595 0
4596 0
4597 2
4598 0
4599 1
4600 1
4601 2
4602 1
4603 0
4604 1
4605 1
4606 2
4607 1
4608 1
4609 0
4610 0
4611 2
4612 0
4613 0
4614 1
4615 1
4616 1
4617 0
4618 1
4619 1
4620 1
4621 0
4622 2
4623 0
4624 1
4625 1
4626 1
4627 2
4628 1
4629 1
4630 0
4631 2
4632 1
4633 1
4634 0
4635 1
4636 0
4637 0
4638 0
4639 1
4640 1
4641 2
4642 0
4643 0
4644 1
4645 1
4646 3
4647 2
4648 0
4649 1
4650 1
4651 0
4652 1
4653 2
4654 2
4655 0
4656 1
4657 1
4658 0
4659 2
4660 1
4661 0
4662 1
4663 1
4664 1
4665 1
4666 0
4667 1
4668 1
4669 1
4670 0
4671 0
4672 1
4673 2
4674 2
4675 1
4676 1
4677 1
4678 0
4679 0
4680 0
4681 0
4682 0
4683 0
4684 0
4685 1
4686 1
4687 1
4688 1
4689 1
4690 2
4691 2
4692 1
4693 1
4694 2
4695 1
4696 2
4697 1
4698 1
4699 1
4700 1
4701 2
4702 1
4703 0
4704 0
4705 0
4706 0
4707 0
4708 0
4709 1
4710 0
4711 0
4712 3
4713 0
4714 2
4715 0
4716 0
4717 0
4718 1
4719 0
4720 0
4721 0
4722 1
4723 0
4724 0
4725 0
4726 1
4727 0
4728 2
4729 2
4730 0
4731 0
4732 2
4733 1
4734 0
4735 1
4736 0
4737 0
4738 0
4739 1
4740 0
4741 2
4742 2
4743 1
4744 0
4745 0
4746 0
4747 0
4748 2
4749 0
4750 0
4751 0
4752 1
4753 1
4754 1
4755 1
4756 2
4757 2
4758 1
4759 3
4760 2
4761 1
4762 1
4763 1
4764 0
4765 2
4766 2
4767 1
4768 0
4769 0
4770 0
4771 0
4772 0
4773 0
4774 0
4775 1
4776 1
4777 0
4778 1
4779 0
4780 2
4781 1
4782 0
4783 2
4784 1
4785 0
4786 2
4787 3
4788 2
4789 1
4790 0
4791 0
4792 2
4793 1
4794 0
4795 0
4796 0
4797 0
4798 0
4799 0
4800 1
4801 1
4802 2
4803 1
4804 1
4805 1
4806 0
4807 1
4808 1
4809 1
4810 1
4811 2
4812 3
4813 1
4814 1
4815 0
4816 0
4817 1
4818 0
4819 2
4820 1
4821 1
4822 1
4823 1
4824 1
4825 0
4826 0
4827 1
4828 2
4829 1
4830 0
4831 0
4832 1
4833 0
4834 2
4835 2
4836 1
4837 1
4838 0
4839 2
4840 1
4841 1
4842 1
4843 2
4844 1
4845 1
4846 1
4847 1
4848 2
4849 0
4850 0
4851 0
4852 0
4853 0
4854 1
4855 1
4856 1
4857 2
4858 1
4859 0
4860 1
4861 1
4862 1
4863 2
4864 1
4865 1
4866 2
4867 0
4868 2
4869 1
4870 0
4871 2
4872 0
4873 0
4874 1
4875 0
4876 2
4877 2
4878 2
4879 1
4880 1
4881 1
4882 0
4883 2
4884 1
4885 0
4886 1
4887 1
4888 1
4889 1
4890 1
4891 1
4892 1
4893 0
4894 0
4895 0
4896 2
4897 2
4898 2
4899 2
4900 0
4901 0
4902 0
4903 1
4904 1
4905 2
4906 0
4907 1
4908 0
4909 2
4910 2
4911 0
4912 2
4913 1
4914 1
4915 1
4916 2
4917 0
4918 1
4919 0
4920 0
4921 0
4922 2
4923 1
4924 0
4925 0
4926 1
4927 1
4928 0
4929 1
4930 2
4931 1
4932 1
4933 0
4934 0
4935 1
4936 1
4937 2
4938 2
4939 0
4940 1
4941 1
4942 1
4943 2
4944 1
4945 2
4946 1
4947 0
4948 0
4949 0
4950 0
4951 1
4952 1
4953 1
4954 1
4955 1
4956 1
4957 2
4958 0
4959 1
4960 1
4961 2
4962 2
4963 0
4964 0
4965 2
4966 2
4967 0
4968 1
4969 0
4970 0
4971 2
4972 0
4973 1
4974 1
4975 1
4976 0
4977 1
4978 0
4979 2
4980 0
4981 1
4982 3
4983 0
4984 0
4985 0
4986 1
4987 1
4988 0
4989 2
4990 0
4991 0
4992 2
4993 1
4994 2
4995 1
4996 2
4997 0
4998 1
4999 2
5000 2
5001 1
5002 0
5003 0
5004 0
5005 1
5006 1
5007 0
5008 0
5009 0
5010 1
5011 0
5012 0
5013 1
5014 0
5015 2
5016 2
5017 2
5018 1
5019 2
5020 0
5021 0
5022 0
5023 0
5024 0
5025 2
5026 1
5027 2
5028 1
5029 2
5030 2
5031 1
5032 0
5033 2
5034 0
5035 0
5036 0
5037 0
5038 0
5039 1
5040 0
5041 1
5042 2
5043 1
5044 0
5045 2
5046 1
5047 1
5048 0
5049 2
5050 2
5051 1
5052 1
5053 0
5054 1
5055 1
5056 0
5057 0
5058 2
5059 0
5060 1
5061 1
5062 1
5063 0
5064 1
5065 0
5066 2
5067 2
5068 0
5069 1
5070 1
5071 1
5072 0
5073 2
5074 0
5075 0
5076 1
5077 0
5078 1
5079 0
5080 1
5081 0
5082 2
5083 2
5084 1
5085 2
5086 1
5087 1
5088 1
5089 0
5090 2
5091 2
5092 1
5093 0
5094 0
5095 2
5096 2
5097 0
5098 2
5099 2
5100 2
5101 0
5102 1
5103 1
5104 2
5105 0
5106 0
5107 0
5108 0
5109 0
5110 0
5111 2
5112 0
5113 0
5114 2
5115 0
5116 0
5117 1
5118 0
5119 2
5120 1
5121 0
5122 0
5123 0
5124 0
5125 0
5126 0
5127 0
5128 1
5129 1
5130 0
5131 0
5132 2
5133 2
5134 1
5135 0
5136 0
5137 1
5138 0
5139 2
5140 1
5141 0
5142 0
5143 2
5144 1
5145 0
5146 2
5147 0
5148 1
5149 0
5150 1
5151 0
5152 0
5153 1
5154 1
5155 0
5156 0
5157 0
5158 0
5159 1
5160 0
5161 1
5162 1
5163 0
5164 0
5165 0
5166 1
5167 0
5168 1
5169 1
5170 1
5171 1
5172 2
5173 1
5174 0
5175 0
5176 1
5177 1
5178 1
5179 1
5180 1
5181 1
5182 1
5183 0
5184 1
5185 1
5186 1
5187 2
5188 1
5189 1
5190 1
5191 2
5192 0
5193 0
5194 0
5195 0
5196 0
5197 0
5198 1
5199 1
5200 0
5201 2
5202 2
5203 2
5204 1
5205 2
5206 0
5207 1
5208 1
5209 2
5210 0
5211 2
5212 0
5213 1
5214 0
5215 2
5216 1
5217 1
5218 2
5219 0
5220 2
5221 2
5222 0
5223 2
5224 1
5225 0
5226 0
5227 2
5228 1
5229 1
5230 1
5231 2
5232 2
5233 1
5234 0
5235 2
5236 2
5237 0
5238 0
5239 1
5240 1
5241 1
5242 2
5243 1
5244 0
5245 0
5246 1
5247 1
5248 1
5249 1
5250 1
5251 0
5252 0
5253 1
5254 1
5255 2
5256 2
5257 0
5258 2
5259 0
5260 0
5261 1
5262 1
5263 0
5264 1
5265 0
5266 1
5267 0
5268 2
5269 1
5270 2
5271 1
5272 1
5273 1
5274 2
5275 1
5276 1
5277 0
5278 0
5279 0
5280 2
5281 0
5282 0
5283 0
5284 0
5285 1
5286 1
5287 2
5288 2
5289 1
5290 1
5291 1
5292 0
5293 0
5294 1
5295 2
5296 0
5297 0
5298 0
5299 1
5300 0
5301 0
5302 1
5303 0
5304 2
5305 1
5306 0
5307 1
5308 1
5309 1
5310 0
5311 1
5312 1
5313 1
5314 2
5315 0
5316 1
5317 1
5318 0
5319 0
5320 0
5321 1
5322 2
5323 2
5324 1
5325 0
5326 2
5327 0
5328 1
5329 2
5330 1
5331 0
5332 0
5333 2
5334 1
5335 2
5336 1
5337 1
5338 2
5339 1
5340 1
5341 0
5342 0
5343 1
5344 0
5345 2
5346 0
5347 0
5348 1
5349 0
5350 1
5351 1
5352 3
5353 1
5354 2
5355 2
5356 0
5357 0
5358 0
5359 1
5360 1
5361 0
5362 3
5363 0
5364 0
5365 1
5366 1
5367 1
5368 1
5369 1
5370 2
5371 0
5372 1
5373 1
5374 0
5375 2
5376 2
5377 0
5378 2
5379 0
5380 2
5381 1
5382 2
5383 1
5384 2
5385 2
5386 0
5387 0
5388 2
5389 0
5390 0
5391 2
5392 1
5393 2
5394 2
5395 2
5396 2
5397 1
5398 1
5399 1
5400 0
5401 0
5402 2
5403 2
5404 0
5405 2
5406 2
5407 2
5408 1
5409 0
5410 0
5411 2
5412 0
5413 1
5414 0
5415 1
5416 1
5417 2
5418 2
5419 1
5420 1
5421 1
5422 0
5423 0
5424 0
5425 2
5426 1
5427 1
5428 0
5429 0
5430 0
5431 1
5432 1
5433 1
5434 0
5435 2
5436 2
5437 0
5438 2
5439 2
5440 1
5441 1
5442 0
5443 0
5444 0
5445 2
5446 1
5447 0
5448 2
5449 1
5450 0
5451 2
5452 2
5453 2
5454 0
5455 1
5456 1
5457 0
5458 0
5459 0
5460 2
5461 0
5462 1
5463 1
5464 1
5465 1
5466 1
5467 2
5468 1
5469 1
5470 1
5471 1
5472 1
5473 1
5474 0
5475 2
5476 0
5477 1
5478 1
5479 0
5480 1
5481 2
5482 2
5483 1
5484 1
5485 2
5486 1
5487 2
5488 1
5489 0
5490 1
5491 1
5492 1
5493 1
5494 1
5495 1
5496 2
5497 1
5498 1
5499 1
5500 0
5501 0
5502 1
5503 1
5504 2
5505 0
5506 1
5507 2
5508 0
5509 0
5510 0
5511 0
5512 2
5513 1
5514 0
5515 1
5516 1
5517 2
5518 0
5519 1
5520 1
5521 0
5522 2
5523 0
5524 2
5525 1
5526 1
5527 1
5528 2
5529 0
5530 0
5531 1
5532 1
5533 0
5534 2
5535 0
5536 0
5537 0
5538 0
5539 0
5540 2
5541 1
5542 1
5543 1
5544 1
5545 1
5546 1
5547 1
5548 1
5549 1
5550 2
5551 2
5552 0
5553 2
5554 2
5555 1
5556 1
5557 0
5558 0
5559 2
5560 1
5561 1
5562 1
5563 0
5564 1
5565 1
5566 1
5567 2
5568 1
5569 1
5570 1
5571 0
5572 0
5573 0
5574 2
5575 1
5576 1
5577 0
5578 0
5579 1
5580 2
5581 1
5582 1
5583 1
5584 0
5585 0
5586 1
5587 0
5588 0
5589 1
5590 1
5591 1
5592 1
5593 1
5594 1
5595 1
5596 1
5597 1
5598 2
5599 2
5600 2
5601 0
5602 0
5603 0
5604 2
5605 2
5606 2
5607 2
5608 2
5609 2
5610 0
5611 0
5612 0
5613 0
5614 1
5615 0
5616 2
5617 1
5618 1
5619 1
5620 1
5621 3
5622 3
5623 3
5624 3
5625 2
5626 2
5627 1
5628 1
5629 1
5630 2
5631 2
5632 2
5633 1
5634 1
5635 1
5636 0
5637 2
5638 2
5639 2
5640 3
5641 2
5642 2
5643 0
5644 2
5645 0
5646 1
5647 0
5648 1
5649 0
5650 0
5651 2
5652 0
5653 2
5654 2
5655 0
5656 0
5657 0
5658 1
5659 1
5660 1
5661 2
5662 1
5663 1
5664 1
5665 3
5666 3
5667 3
5668 3
5669 0
5670 0
5671 1
5672 1
5673 1
5674 0
5675 0
5676 2
5677 0
5678 0
5679 0
5680 2
5681 2
5682 0
5683 0
5684 2
5685 1
5686 0
5687 0
5688 2
5689 1
5690 1
5691 0
5692 2
5693 1
5694 0
5695 0
5696 2
5697 0
5698 0
5699 2
5700 1
5701 2
5702 1
5703 2
5704 2
5705 0
5706 2
5707 3
5708 0
5709 1
5710 0
5711 1
5712 2
5713 0
5714 1
5715 0
5716 1
5717 1
5718 1
5719 1
5720 1
5721 2
5722 2
5723 1
5724 2
5725 2
5726 2
5727 0
5728 1
5729 2
5730 0
5731 2
5732 2
5733 2
5734 1
5735 1
5736 2
5737 0
5738 0
5739 1
5740 2
5741 0
5742 1
5743 2
5744 0
5745 0
5746 0
5747 2
5748 2
5749 2
5750 2
5751 1
5752 2
5753 1
5754 1
5755 1
5756 2
5757 1
5758 2
5759 1
5760 0
5761 1
5762 2
5763 0
5764 1
5765 0
5766 0
5767 1
5768 1
5769 1
5770 2
5771 1
5772 2
5773 0
5774 1
5775 2
5776 1
5777 1
5778 0
5779 1
5780 1
5781 2
5782 2
5783 0
5784 2
5785 2
5786 1
5787 2
5788 0
5789 1
5790 2
5791 2
5792 2
5793 2
5794 2
5795 0
5796 0
5797 1
5798 1
5799 1
5800 2
5801 0
5802 0
5803 1
5804 1
5805 2
5806 0
5807 2
5808 1
5809 2
5810 0
5811 1
5812 0
5813 0
5814 2
5815 0
5816 1
5817 0
5818 0
5819 2
5820 1
5821 0
5822 0
5823 0
5824 2
5825 2
5826 0
5827 2
5828 0
5829 1
5830 2
5831 1
5832 1
5833 1
5834 2
5835 1
5836 1
5837 0
5838 2
5839 2
5840 2
5841 1
5842 1
5843 0
5844 1
5845 1
5846 1
5847 0
5848 0
5849 2
5850 2
5851 2
5852 1
5853 1
5854 1
5855 2
5856 1
5857 1
5858 2
5859 0
5860 1
5861 2
5862 0
5863 0
5864 0
5865 0
5866 1
5867 0
5868 2
5869 0
5870 2
5871 0
5872 1
5873 2
5874 2
5875 2
5876 0
5877 1
5878 2
5879 2
5880 2
5881 0
5882 0
5883 1
5884 1
5885 2
5886 1
5887 2
5888 1
5889 0
5890 1
5891 2
5892 1
5893 1
5894 1
5895 0
5896 0
5897 1
5898 1
5899 0
5900 0
5901 0
5902 2
5903 2
5904 1
5905 2
5906 1
5907 0
5908 2
5909 0
5910 1
5911 0
5912 1
5913 2
5914 0
5915 0
5916 2
5917 1
5918 0
5919 0
5920 1
5921 1
5922 1
5923 2
5924 2
5925 2
5926 0
5927 2
5928 2
5929 2
5930 2
5931 2
5932 2
5933 2
5934 0
5935 0
5936 0
5937 0
5938 0
5939 0
5940 3
5941 3
5942 3
5943 0
5944 0
5945 2
5946 1
5947 1
5948 2
5949 0
5950 2
5951 1
5952 0
5953 2
5954 1
5955 1
5956 0
5957 3
5958 3
5959 1
5960 3
5961 3
5962 1
5963 0
5964 0
5965 0
5966 0
5967 2
5968 0
5969 1
5970 0
5971 1
5972 0
5973 1
5974 0
5975 1
5976 2
5977 2
5978 3
5979 3
5980 3
5981 3
5982 3
5983 3
5984 3
5985 3
5986 3
5987 3
5988 3
5989 1
5990 1
5991 2
5992 1
5993 2
5994 1
5995 1
5996 1
5997 1
5998 1
5999 2
6000 1
6001 0
6002 1
6003 1
6004 0
6005 1
6006 1
6007 0
6008 2
6009 0
6010 1
6011 0
6012 1
6013 0
6014 0
6015 1
6016 0
6017 0
6018 1
6019 1
6020 3
6021 0
6022 2
6023 0
6024 0
6025 1
6026 0
6027 0
6028 1
6029 1
6030 2
6031 1
6032 3
6033 3
6034 3
6035 3
6036 3
6037 3
6038 1
6039 1
6040 0
6041 2
6042 0
6043 2
6044 0
6045 0
6046 0
6047 1
6048 2
6049 1
6050 1
6051 1
6052 2
6053 0
6054 0
6055 2
6056 2
6057 1
6058 0
6059 1
6060 2
6061 0
6062 0
6063 2
6064 0
6065 1
6066 0
6067 1
6068 0
6069 1
6070 1
6071 2
6072 0
6073 2
6074 1
6075 2
6076 0
6077 0
6078 0
6079 0
6080 2
6081 1
6082 0
6083 0
6084 0
6085 0
6086 2
6087 2
6088 2
6089 2
6090 2
6091 1
6092 1
6093 0
6094 0
6095 0
6096 0
6097 0
6098 0
6099 1
6100 0
6101 0
6102 0
6103 0
6104 0
6105 1
6106 0
6107 0
6108 0
6109 2
6110 0
6111 0
6112 2
6113 1
6114 1
6115 0
6116 0
6117 0
6118 2
6119 3
6120 0
6121 3
6122 0
6123 2
6124 1
6125 0
6126 2
6127 0
6128 2
6129 2
6130 2
6131 1
6132 1
6133 0
6134 0
6135 1
6136 0
6137 2
6138 2
6139 0
6140 0
6141 0
6142 1
6143 2
6144 0
6145 1
6146 2
6147 2
6148 0
6149 0
6150 2
6151 1
6152 0
6153 0
6154 1
6155 1
6156 0
6157 1
6158 1
6159 2
6160 0
6161 2
6162 1
6163 2
6164 2
6165 1
6166 2
6167 1
6168 1
6169 1
6170 1
6171 2
6172 1
6173 0
6174 2
6175 2
6176 0
6177 2
6178 1
6179 1
6180 1
6181 2
6182 2
6183 2
6184 2
6185 2
6186 2
6187 1
6188 1
6189 2
6190 2
6191 2
6192 0
6193 1
6194 2
6195 1
6196 2
6197 2
6198 1
6199 2
6200 2
6201 0
6202 1
6203 2
6204 1
6205 1
6206 2
6207 0
6208 0
6209 1
6210 1
6211 0
6212 0
6213 0
6214 1
6215 0
6216 0
6217 0
6218 0
6219 0
6220 2
6221 0
6222 0
6223 0
6224 0
6225 3
6226 3
6227 3
6228 3
6229 1
6230 1
6231 0
6232 1
6233 2
6234 2
6235 2
6236 2
6237 1
6238 2
6239 1
6240 1
6241 1
6242 2
6243 0
6244 2
6245 1
6246 1
6247 0
6248 0
6249 2
6250 2
6251 0
6252 3
6253 1
6254 2
6255 0
6256 0
6257 2
6258 0
6259 1
6260 1
6261 1
6262 2
6263 0
6264 2
6265 0
6266 0
6267 2
6268 0
6269 0
6270 2
6271 1
6272 0
6273 1
6274 1
6275 0
6276 1
6277 0
6278 0
6279 0
6280 0
6281 0
6282 2
6283 0
6284 0
6285 2
6286 2
6287 2
6288 0
6289 0
6290 0
6291 1
6292 1
6293 1
6294 0
6295 2
6296 1
6297 0
6298 2
6299 0
6300 0
6301 0
6302 0
6303 0
6304 0
6305 2
6306 0
6307 1
6308 1
6309 1
6310 2
6311 2
6312 0
6313 0
6314 1
6315 0
6316 2
6317 1
6318 1
6319 2
6320 1
6321 2
6322 1
6323 0
6324 1
6325 0
6326 2
6327 0
6328 0
6329 0
6330 0
6331 0
6332 1
6333 1
6334 2
6335 0
6336 2
6337 0
6338 2
6339 0
6340 2
6341 1
6342 1
6343 0
6344 2
6345 2
6346 2
6347 0
6348 0
6349 0
6350 1
6351 1
6352 2
6353 1
6354 1
6355 0
6356 2
6357 2
6358 2
6359 1
6360 2
6361 0
6362 2
6363 1
6364 0
6365 0
6366 3
6367 2
6368 2
6369 0
6370 0
6371 1
6372 0
6373 2
6374 1
6375 1
6376 2
6377 0
6378 0
6379 2
6380 2
6381 0
6382 0
6383 0
6384 0
6385 2
6386 1
6387 0
6388 0
6389 2
6390 2
6391 1
6392 2
6393 1
6394 0
6395 0
6396 0
6397 0
6398 0
6399 0
6400 2
6401 2
6402 0
6403 1
6404 1
6405 2
6406 2
6407 2
6408 1
6409 0
6410 3
6411 1
6412 0
6413 1
6414 2
6415 1
6416 0
6417 0
6418 0
6419 2
6420 0
6421 0
6422 0
6423 0
6424 1
6425 1
6426 1
6427 0
6428 1
6429 0
6430 0
6431 0
6432 3
6433 0
6434 0
6435 0
6436 0
6437 0
6438 3
6439 0
6440 0
6441 2
6442 2
6443 2
6444 2
6445 2
6446 2
6447 1
6448 2
6449 0
6450 1
6451 1
6452 0
6453 2
6454 1
6455 0
6456 1
6457 1
6458 0
6459 3
6460 3
6461 1
6462 1
6463 1
6464 0
6465 0
6466 0
6467 1
6468 1
6469 0
6470 1
6471 0
6472 2
6473 0
6474 2
6475 0
6476 1
6477 1
6478 1
6479 1
6480 3
6481 3
6482 0
6483 2
6484 1
6485 1
6486 0
6487 0
6488 2
6489 2
6490 0
6491 1
6492 1
6493 3
6494 1
6495 3
6496 2
6497 3
6498 1
6499 2
6500 1
6501 1
6502 3
6503 3
6504 2
6505 1
6506 0
6507 0
6508 1
6509 1
6510 0
6511 0
6512 0
6513 1
6514 1
6515 1
6516 2
6517 0
6518 0
6519 3
6520 0
6521 1
6522 1
6523 0
6524 1
6525 2
6526 2
6527 0
6528 1
6529 0
6530 1
6531 2
6532 2
6533 0
6534 2
6535 2
6536 0
6537 1
6538 0
6539 0
6540 2
6541 0
6542 2
6543 3
6544 0
6545 1
6546 0
6547 0
6548 0
6549 0
6550 1
6551 1
6552 0
6553 0
6554 2
6555 2
6556 2
6557 0
6558 1
6559 1
6560 0
6561 2
6562 3
6563 1
6564 0
6565 0
6566 0
6567 2
6568 2
6569 2
6570 0
6571 2
6572 0
6573 1
6574 1
6575 1
6576 2
6577 0
6578 0
6579 0
6580 0
6581 2
6582 0
6583 0
6584 0
6585 1
6586 1
6587 0
6588 0
6589 1
6590 2
6591 2
6592 1
6593 1
6594 1
6595 1
6596 2
6597 0
6598 2
6599 2
6600 0
6601 0
6602 1
6603 1
6604 0
6605 0
6606 1
6607 2
6608 2
6609 0
6610 2
6611 1
6612 1
6613 2
6614 0
6615 0
6616 2
6617 1
6618 2
6619 0
6620 1
6621 1
6622 0
6623 0
6624 0
6625 2
6626 0
6627 1
6628 2
6629 0
6630 0
6631 0
6632 0
6633 1
6634 0
6635 0
6636 1
6637 0
6638 2
6639 0
6640 1
6641 2
6642 0
6643 1
6644 0
6645 3
6646 2
6647 0
6648 0
6649 1
6650 0
6651 2
6652 0
6653 0
6654 2
6655 0
6656 1
6657 1
6658 0
6659 3
6660 2
6661 2
6662 0
6663 0
6664 0
6665 0
6666 0
6667 0
6668 2
6669 0
6670 1
6671 2
6672 0
6673 1
6674 2
6675 1
6676 1
6677 0
6678 2
6679 3
6680 1
6681 2
6682 2
6683 0
6684 2
6685 2
6686 0
6687 0
6688 1
6689 0
6690 1
6691 0
6692 2
6693 2
6694 2
6695 2
6696 2
6697 0
6698 1
6699 2
6700 0
6701 2
6702 2
6703 1
6704 2
6705 2
6706 0
6707 1
6708 2
6709 2
6710 0
6711 2
6712 0
6713 1
6714 2
6715 2
6716 2
6717 2
6718 1
6719 2
6720 2
6721 2
6722 0
6723 2
6724 2
6725 2
6726 0
6727 0
6728 2
6729 1
6730 0
6731 2
6732 0
6733 2
6734 2
6735 2
6736 1
6737 0
6738 0
6739 2
6740 0
6741 0
6742 0
6743 0
6744 0
6745 0
6746 0
6747 0
6748 1
6749 3
6750 1
6751 0
6752 0
6753 1
6754 1
6755 2
6756 0
6757 0
6758 0
6759 1
6760 2
6761 0
6762 2
6763 0
6764 1
6765 3
6766 3
6767 3
6768 0
6769 3
6770 0
6771 3
6772 1
6773 3
6774 2
6775 0
6776 2
6777 2
6778 2
6779 0
6780 0
6781 0
6782 2
6783 0
6784 0
6785 2
6786 1
network of communities computed : Thu Jan  7 08:43:02 2010

network : 4 nodes, 16 links, 1524635520 weight.
pass number 1 of -1 : 0.130732 0.130732
communities computed : Thu Jan  7 08:43:02 2010
modularity increased from 0.130732 to 0.130732
0 0
1 1
2 2
3 3
network of communities computed : Thu Jan  7 08:43:02 2010
1e-06 0.130732 145
