Sender: LSF System <lsfadmin@bc02-n10>
Subject: Job 429302: <comm_blk46> Done

Job <comm_blk46> was submitted from host <bc10-n13> by user <jabloche> in cluster <lucky>.
Job was executed on host(s) <bc02-n10>, in queue <week>, as user <jabloche> in cluster <lucky>.
</afs/isis.unc.edu/home/j/a/jabloche> was used as the home directory.
</netscr/jabloche/FirmNetworks/cLouvain> was used as the working directory.
Started at Thu Jan  7 08:40:17 2010
Results reported at Thu Jan  7 08:42:32 2010

Your job looked like:

------------------------------------------------------------
# LSBATCH: User input
/netscr/jabloche/FirmNetworks/cLouvain/community /smallfs/jabloche/fn_edge/el_blk46.bin -l -1 -w
------------------------------------------------------------

Successfully completed.

Resource usage summary:

    CPU time   :     57.63 sec.
    Max Memory :       135 MB
    Max Swap   :       284 MB

    Max Processes  :         4
    Max Threads    :         4

The output (if any) follows:

Your home directory for this job is /netscr/jabloche
start : Thu Jan  7 08:40:17 2010
total : 8475333
file read : Thu Jan  7 08:41:35 2010
network : 8032 nodes, 8475333 links, 78246632 weight.
pass number 1 of -1 : 0.130825 -0.000277638
pass number 2 of -1 : 0.149336 0.130825
pass number 3 of -1 : 0.151579 0.149336
pass number 4 of -1 : 0.153303 0.151579
pass number 5 of -1 : 0.153661 0.153303
pass number 6 of -1 : 0.153699 0.153661
pass number 7 of -1 : 0.153709 0.153699
pass number 8 of -1 : 0.15371 0.153709
communities computed : Thu Jan  7 08:42:32 2010
modularity increased from -0.000277638 to 0.15371
0 0
1 3
2 1
3 0
4 0
5 0
6 0
7 0
8 0
9 0
10 0
11 0
12 1
13 0
14 0
15 0
16 0
17 0
18 0
19 0
20 0
21 0
22 0
23 0
24 0
25 0
26 0
27 0
28 0
29 1
30 0
31 0
32 0
33 0
34 0
35 0
36 0
37 0
38 0
39 0
40 0
41 0
42 0
43 1
44 0
45 0
46 0
47 0
48 0
49 0
50 0
51 0
52 1
53 0
54 1
55 0
56 0
57 1
58 1
59 0
60 0
61 0
62 0
63 0
64 0
65 0
66 0
67 0
68 0
69 1
70 0
71 0
72 0
73 0
74 0
75 0
76 0
77 0
78 0
79 1
80 0
81 0
82 0
83 0
84 0
85 0
86 0
87 0
88 0
89 0
90 0
91 0
92 0
93 0
94 0
95 0
96 0
97 0
98 0
99 0
100 0
101 0
102 0
103 0
104 0
105 1
106 0
107 0
108 0
109 0
110 0
111 0
112 1
113 0
114 0
115 0
116 0
117 3
118 0
119 0
120 0
121 0
122 0
123 0
124 0
125 0
126 0
127 0
128 0
129 0
130 0
131 0
132 0
133 0
134 0
135 0
136 0
137 0
138 0
139 0
140 0
141 0
142 0
143 0
144 0
145 0
146 0
147 0
148 0
149 3
150 3
151 3
152 3
153 1
154 1
155 0
156 0
157 3
158 3
159 0
160 1
161 1
162 1
163 3
164 3
165 0
166 0
167 0
168 3
169 1
170 1
171 3
172 1
173 3
174 1
175 1
176 3
177 0
178 1
179 0
180 3
181 3
182 3
183 0
184 1
185 1
186 3
187 0
188 0
189 1
190 0
191 1
192 3
193 3
194 1
195 0
196 0
197 1
198 0
199 0
200 0
201 1
202 0
203 3
204 3
205 0
206 3
207 0
208 3
209 0
210 3
211 0
212 1
213 1
214 1
215 1
216 1
217 1
218 0
219 0
220 0
221 1
222 1
223 1
224 3
225 1
226 0
227 3
228 1
229 1
230 0
231 1
232 1
233 1
234 1
235 0
236 0
237 0
238 1
239 1
240 1
241 3
242 0
243 3
244 1
245 3
246 1
247 3
248 0
249 0
250 0
251 0
252 1
253 0
254 3
255 0
256 1
257 0
258 0
259 0
260 1
261 0
262 0
263 3
264 3
265 1
266 3
267 3
268 1
269 1
270 0
271 0
272 0
273 1
274 1
275 1
276 0
277 3
278 1
279 3
280 1
281 1
282 3
283 3
284 3
285 0
286 1
287 1
288 1
289 3
290 3
291 3
292 3
293 3
294 0
295 1
296 0
297 1
298 0
299 0
300 0
301 3
302 0
303 1
304 0
305 3
306 1
307 3
308 1
309 0
310 0
311 0
312 1
313 1
314 3
315 3
316 1
317 3
318 0
319 0
320 0
321 0
322 3
323 3
324 1
325 3
326 1
327 3
328 3
329 0
330 1
331 1
332 0
333 1
334 3
335 0
336 3
337 0
338 0
339 0
340 1
341 0
342 0
343 3
344 1
345 0
346 3
347 0
348 3
349 0
350 3
351 3
352 0
353 0
354 0
355 0
356 3
357 3
358 0
359 3
360 3
361 3
362 0
363 3
364 1
365 3
366 0
367 0
368 3
369 3
370 3
371 0
372 3
373 3
374 3
375 0
376 0
377 0
378 3
379 3
380 0
381 0
382 0
383 3
384 3
385 3
386 1
387 0
388 3
389 0
390 0
391 0
392 3
393 3
394 3
395 3
396 0
397 0
398 3
399 0
400 3
401 3
402 3
403 3
404 3
405 3
406 3
407 3
408 0
409 1
410 0
411 3
412 3
413 0
414 0
415 3
416 0
417 3
418 3
419 1
420 0
421 0
422 3
423 0
424 3
425 3
426 0
427 0
428 0
429 3
430 3
431 0
432 0
433 0
434 0
435 0
436 0
437 3
438 3
439 0
440 0
441 3
442 0
443 3
444 0
445 3
446 3
447 3
448 0
449 3
450 3
451 3
452 3
453 1
454 3
455 3
456 1
457 3
458 3
459 3
460 0
461 1
462 3
463 3
464 3
465 3
466 0
467 1
468 3
469 0
470 0
471 0
472 0
473 1
474 3
475 0
476 3
477 0
478 0
479 3
480 3
481 3
482 3
483 0
484 0
485 0
486 0
487 0
488 0
489 0
490 0
491 0
492 1
493 0
494 0
495 0
496 0
497 3
498 3
499 3
500 3
501 3
502 0
503 3
504 3
505 1
506 3
507 3
508 3
509 3
510 3
511 3
512 3
513 3
514 3
515 2
516 1
517 1
518 3
519 3
520 3
521 3
522 3
523 1
524 2
525 3
526 3
527 3
528 2
529 1
530 1
531 3
532 9
533 3
534 2
535 1
536 3
537 3
538 3
539 3
540 3
541 1
542 3
543 3
544 1
545 2
546 3
547 3
548 1
549 1
550 2
551 3
552 3
553 3
554 3
555 3
556 3
557 3
558 3
559 3
560 3
561 1
562 1
563 1
564 3
565 3
566 2
567 3
568 3
569 1
570 3
571 0
572 3
573 3
574 3
575 3
576 3
577 3
578 3
579 1
580 3
581 3
582 3
583 1
584 2
585 2
586 3
587 1
588 2
589 3
590 1
591 3
592 2
593 3
594 1
595 3
596 3
597 3
598 3
599 3
600 3
601 3
602 3
603 3
604 3
605 3
606 3
607 1
608 0
609 2
610 3
611 1
612 3
613 3
614 3
615 2
616 3
617 3
618 2
619 3
620 3
621 1
622 2
623 3
624 1
625 1
626 3
627 3
628 3
629 3
630 1
631 2
632 2
633 1
634 0
635 0
636 0
637 0
638 1
639 0
640 0
641 0
642 0
643 0
644 0
645 0
646 0
647 0
648 0
649 0
650 0
651 0
652 0
653 3
654 0
655 0
656 0
657 0
658 0
659 0
660 3
661 0
662 0
663 0
664 0
665 0
666 0
667 0
668 0
669 0
670 0
671 0
672 0
673 3
674 0
675 0
676 0
677 0
678 1
679 3
680 0
681 0
682 0
683 0
684 1
685 0
686 0
687 0
688 0
689 0
690 0
691 0
692 3
693 0
694 0
695 0
696 0
697 3
698 0
699 0
700 0
701 0
702 0
703 0
704 1
705 0
706 0
707 1
708 1
709 0
710 0
711 0
712 0
713 0
714 0
715 0
716 0
717 0
718 0
719 3
720 0
721 0
722 0
723 0
724 0
725 0
726 3
727 0
728 0
729 0
730 0
731 0
732 0
733 0
734 0
735 0
736 0
737 0
738 0
739 0
740 0
741 0
742 0
743 0
744 0
745 0
746 1
747 0
748 0
749 0
750 0
751 0
752 0
753 0
754 0
755 0
756 0
757 0
758 0
759 0
760 0
761 0
762 0
763 0
764 0
765 0
766 0
767 0
768 0
769 1
770 0
771 0
772 1
773 0
774 0
775 0
776 0
777 0
778 0
779 0
780 0
781 0
782 0
783 0
784 1
785 1
786 0
787 0
788 0
789 0
790 0
791 0
792 0
793 0
794 0
795 0
796 0
797 0
798 0
799 0
800 0
801 0
802 1
803 0
804 0
805 0
806 0
807 0
808 0
809 0
810 0
811 0
812 0
813 0
814 0
815 0
816 0
817 0
818 0
819 0
820 0
821 0
822 0
823 0
824 0
825 0
826 1
827 0
828 0
829 0
830 0
831 0
832 0
833 0
834 0
835 1
836 1
837 1
838 1
839 1
840 1
841 1
842 1
843 1
844 1
845 1
846 1
847 1
848 1
849 1
850 1
851 1
852 1
853 1
854 1
855 0
856 1
857 1
858 1
859 0
860 3
861 0
862 0
863 0
864 0
865 0
866 0
867 0
868 0
869 0
870 0
871 0
872 0
873 0
874 0
875 0
876 0
877 1
878 0
879 0
880 0
881 0
882 0
883 3
884 0
885 0
886 0
887 1
888 0
889 0
890 0
891 3
892 1
893 0
894 0
895 0
896 0
897 0
898 0
899 0
900 0
901 0
902 0
903 0
904 0
905 0
906 0
907 0
908 0
909 1
910 0
911 0
912 0
913 0
914 0
915 0
916 0
917 0
918 0
919 0
920 0
921 0
922 0
923 0
924 0
925 0
926 1
927 0
928 0
929 0
930 0
931 0
932 0
933 0
934 0
935 0
936 0
937 0
938 3
939 0
940 0
941 0
942 0
943 0
944 0
945 0
946 0
947 0
948 0
949 0
950 0
951 3
952 0
953 0
954 0
955 1
956 0
957 0
958 0
959 1
960 0
961 0
962 0
963 0
964 0
965 0
966 0
967 0
968 0
969 0
970 0
971 0
972 0
973 0
974 0
975 0
976 0
977 0
978 0
979 1
980 0
981 0
982 0
983 0
984 0
985 0
986 1
987 0
988 3
989 0
990 1
991 1
992 1
993 1
994 0
995 0
996 0
997 1
998 0
999 0
1000 0
1001 0
1002 0
1003 1
1004 1
1005 1
1006 1
1007 1
1008 1
1009 0
1010 3
1011 0
1012 0
1013 0
1014 0
1015 0
1016 0
1017 0
1018 0
1019 0
1020 0
1021 0
1022 0
1023 0
1024 0
1025 0
1026 0
1027 1
1028 0
1029 0
1030 0
1031 0
1032 0
1033 0
1034 0
1035 1
1036 0
1037 1
1038 0
1039 0
1040 0
1041 0
1042 1
1043 0
1044 0
1045 0
1046 0
1047 0
1048 0
1049 0
1050 1
1051 1
1052 0
1053 0
1054 1
1055 0
1056 0
1057 0
1058 0
1059 1
1060 0
1061 0
1062 0
1063 0
1064 0
1065 0
1066 0
1067 1
1068 1
1069 0
1070 0
1071 0
1072 0
1073 0
1074 0
1075 0
1076 0
1077 0
1078 0
1079 0
1080 0
1081 1
1082 0
1083 0
1084 0
1085 0
1086 0
1087 0
1088 1
1089 0
1090 0
1091 0
1092 0
1093 0
1094 0
1095 0
1096 0
1097 0
1098 0
1099 0
1100 0
1101 0
1102 0
1103 0
1104 0
1105 0
1106 0
1107 0
1108 0
1109 3
1110 0
1111 3
1112 0
1113 1
1114 1
1115 3
1116 3
1117 0
1118 0
1119 3
1120 1
1121 0
1122 0
1123 0
1124 3
1125 0
1126 1
1127 1
1128 3
1129 3
1130 0
1131 0
1132 0
1133 3
1134 1
1135 3
1136 0
1137 0
1138 3
1139 3
1140 0
1141 0
1142 0
1143 3
1144 3
1145 3
1146 3
1147 3
1148 3
1149 3
1150 0
1151 0
1152 3
1153 0
1154 1
1155 1
1156 3
1157 0
1158 3
1159 0
1160 3
1161 0
1162 3
1163 3
1164 0
1165 0
1166 1
1167 0
1168 3
1169 0
1170 3
1171 0
1172 0
1173 3
1174 3
1175 0
1176 3
1177 0
1178 3
1179 3
1180 3
1181 0
1182 3
1183 0
1184 3
1185 3
1186 3
1187 3
1188 3
1189 3
1190 3
1191 0
1192 3
1193 0
1194 3
1195 0
1196 1
1197 3
1198 3
1199 3
1200 3
1201 0
1202 3
1203 0
1204 1
1205 3
1206 3
1207 3
1208 0
1209 3
1210 1
1211 3
1212 3
1213 3
1214 0
1215 3
1216 3
1217 3
1218 3
1219 3
1220 3
1221 0
1222 3
1223 3
1224 0
1225 0
1226 1
1227 0
1228 3
1229 1
1230 3
1231 3
1232 0
1233 0
1234 3
1235 3
1236 3
1237 3
1238 0
1239 0
1240 3
1241 0
1242 0
1243 1
1244 3
1245 0
1246 3
1247 0
1248 0
1249 3
1250 3
1251 3
1252 0
1253 3
1254 3
1255 0
1256 3
1257 0
1258 3
1259 3
1260 3
1261 1
1262 3
1263 3
1264 1
1265 3
1266 3
1267 0
1268 0
1269 3
1270 3
1271 0
1272 3
1273 0
1274 0
1275 0
1276 0
1277 0
1278 0
1279 3
1280 0
1281 0
1282 3
1283 3
1284 3
1285 3
1286 3
1287 3
1288 0
1289 0
1290 3
1291 3
1292 0
1293 3
1294 0
1295 3
1296 0
1297 0
1298 3
1299 1
1300 3
1301 3
1302 0
1303 0
1304 3
1305 3
1306 0
1307 3
1308 0
1309 3
1310 3
1311 3
1312 3
1313 0
1314 0
1315 1
1316 0
1317 0
1318 0
1319 0
1320 0
1321 0
1322 1
1323 3
1324 0
1325 0
1326 3
1327 0
1328 3
1329 3
1330 3
1331 3
1332 0
1333 3
1334 3
1335 3
1336 1
1337 0
1338 0
1339 3
1340 3
1341 3
1342 1
1343 3
1344 3
1345 3
1346 3
1347 1
1348 0
1349 0
1350 3
1351 3
1352 3
1353 3
1354 0
1355 3
1356 3
1357 3
1358 3
1359 3
1360 3
1361 3
1362 1
1363 0
1364 3
1365 0
1366 0
1367 3
1368 3
1369 0
1370 3
1371 3
1372 1
1373 3
1374 0
1375 0
1376 0
1377 0
1378 0
1379 0
1380 1
1381 0
1382 0
1383 3
1384 3
1385 3
1386 0
1387 3
1388 3
1389 3
1390 1
1391 1
1392 0
1393 0
1394 1
1395 1
1396 3
1397 0
1398 3
1399 1
1400 3
1401 1
1402 3
1403 3
1404 0
1405 3
1406 3
1407 3
1408 3
1409 3
1410 3
1411 3
1412 3
1413 1
1414 0
1415 0
1416 0
1417 1
1418 3
1419 0
1420 3
1421 3
1422 0
1423 0
1424 0
1425 0
1426 0
1427 3
1428 3
1429 1
1430 3
1431 0
1432 3
1433 1
1434 0
1435 3
1436 3
1437 0
1438 3
1439 0
1440 0
1441 3
1442 3
1443 0
1444 0
1445 3
1446 0
1447 3
1448 3
1449 0
1450 1
1451 3
1452 3
1453 0
1454 0
1455 3
1456 3
1457 3
1458 3
1459 0
1460 3
1461 1
1462 3
1463 3
1464 0
1465 3
1466 3
1467 3
1468 3
1469 3
1470 3
1471 3
1472 0
1473 3
1474 0
1475 3
1476 0
1477 3
1478 0
1479 3
1480 3
1481 3
1482 1
1483 0
1484 3
1485 0
1486 3
1487 3
1488 3
1489 0
1490 3
1491 0
1492 3
1493 0
1494 0
1495 3
1496 3
1497 3
1498 3
1499 3
1500 0
1501 3
1502 1
1503 3
1504 3
1505 3
1506 1
1507 0
1508 0
1509 0
1510 3
1511 3
1512 0
1513 0
1514 0
1515 0
1516 3
1517 0
1518 1
1519 0
1520 3
1521 3
1522 0
1523 3
1524 0
1525 3
1526 3
1527 3
1528 0
1529 0
1530 0
1531 0
1532 3
1533 3
1534 3
1535 0
1536 3
1537 0
1538 0
1539 0
1540 3
1541 3
1542 0
1543 3
1544 1
1545 3
1546 3
1547 0
1548 3
1549 1
1550 1
1551 1
1552 1
1553 0
1554 0
1555 3
1556 3
1557 0
1558 0
1559 3
1560 3
1561 0
1562 3
1563 0
1564 3
1565 3
1566 3
1567 3
1568 0
1569 3
1570 3
1571 0
1572 3
1573 0
1574 3
1575 3
1576 0
1577 3
1578 0
1579 1
1580 1
1581 0
1582 0
1583 0
1584 3
1585 0
1586 3
1587 0
1588 1
1589 1
1590 3
1591 3
1592 0
1593 3
1594 0
1595 0
1596 1
1597 3
1598 0
1599 0
1600 3
1601 0
1602 3
1603 3
1604 3
1605 3
1606 3
1607 3
1608 0
1609 3
1610 0
1611 3
1612 3
1613 3
1614 3
1615 3
1616 3
1617 3
1618 0
1619 3
1620 0
1621 3
1622 3
1623 0
1624 0
1625 3
1626 3
1627 3
1628 3
1629 3
1630 0
1631 3
1632 3
1633 3
1634 0
1635 3
1636 0
1637 3
1638 0
1639 3
1640 0
1641 3
1642 1
1643 1
1644 3
1645 3
1646 3
1647 3
1648 0
1649 3
1650 0
1651 0
1652 3
1653 0
1654 0
1655 1
1656 3
1657 0
1658 0
1659 0
1660 3
1661 0
1662 3
1663 3
1664 3
1665 1
1666 3
1667 1
1668 3
1669 3
1670 0
1671 3
1672 3
1673 3
1674 0
1675 3
1676 3
1677 3
1678 3
1679 3
1680 3
1681 3
1682 3
1683 3
1684 0
1685 0
1686 0
1687 3
1688 0
1689 3
1690 0
1691 0
1692 0
1693 3
1694 0
1695 0
1696 0
1697 3
1698 3
1699 3
1700 0
1701 3
1702 3
1703 3
1704 3
1705 0
1706 3
1707 3
1708 0
1709 3
1710 3
1711 3
1712 3
1713 1
1714 3
1715 3
1716 0
1717 3
1718 3
1719 1
1720 3
1721 3
1722 3
1723 0
1724 3
1725 0
1726 3
1727 0
1728 3
1729 1
1730 0
1731 0
1732 0
1733 0
1734 0
1735 0
1736 1
1737 1
1738 1
1739 3
1740 3
1741 3
1742 3
1743 3
1744 1
1745 3
1746 0
1747 0
1748 3
1749 0
1750 3
1751 3
1752 3
1753 1
1754 0
1755 3
1756 3
1757 3
1758 0
1759 0
1760 3
1761 3
1762 3
1763 3
1764 0
1765 0
1766 3
1767 3
1768 0
1769 3
1770 0
1771 1
1772 1
1773 1
1774 1
1775 1
1776 1
1777 0
1778 1
1779 1
1780 3
1781 0
1782 0
1783 3
1784 3
1785 3
1786 0
1787 1
1788 0
1789 3
1790 1
1791 1
1792 0
1793 3
1794 3
1795 0
1796 3
1797 3
1798 1
1799 3
1800 3
1801 3
1802 3
1803 1
1804 3
1805 0
1806 3
1807 1
1808 0
1809 1
1810 3
1811 3
1812 0
1813 1
1814 1
1815 3
1816 3
1817 3
1818 1
1819 3
1820 3
1821 3
1822 3
1823 3
1824 3
1825 1
1826 3
1827 3
1828 0
1829 3
1830 1
1831 1
1832 3
1833 3
1834 3
1835 0
1836 3
1837 1
1838 3
1839 3
1840 3
1841 1
1842 3
1843 3
1844 3
1845 3
1846 3
1847 3
1848 3
1849 1
1850 3
1851 0
1852 3
1853 3
1854 1
1855 3
1856 3
1857 0
1858 1
1859 1
1860 1
1861 3
1862 0
1863 3
1864 3
1865 3
1866 3
1867 3
1868 0
1869 0
1870 3
1871 1
1872 3
1873 3
1874 3
1875 3
1876 3
1877 0
1878 3
1879 3
1880 0
1881 0
1882 3
1883 3
1884 3
1885 3
1886 0
1887 3
1888 3
1889 3
1890 1
1891 3
1892 3
1893 3
1894 0
1895 3
1896 3
1897 0
1898 3
1899 1
1900 3
1901 3
1902 0
1903 3
1904 1
1905 0
1906 3
1907 3
1908 3
1909 3
1910 3
1911 3
1912 3
1913 1
1914 1
1915 0
1916 0
1917 0
1918 0
1919 3
1920 0
1921 1
1922 3
1923 3
1924 3
1925 1
1926 0
1927 3
1928 3
1929 0
1930 3
1931 1
1932 3
1933 3
1934 0
1935 3
1936 3
1937 3
1938 3
1939 3
1940 1
1941 1
1942 1
1943 0
1944 0
1945 3
1946 3
1947 3
1948 3
1949 3
1950 3
1951 3
1952 1
1953 1
1954 3
1955 3
1956 3
1957 3
1958 3
1959 0
1960 1
1961 3
1962 0
1963 1
1964 3
1965 3
1966 3
1967 0
1968 3
1969 3
1970 1
1971 3
1972 3
1973 3
1974 0
1975 1
1976 3
1977 1
1978 3
1979 1
1980 3
1981 3
1982 1
1983 1
1984 3
1985 0
1986 1
1987 3
1988 0
1989 0
1990 0
1991 1
1992 3
1993 3
1994 1
1995 1
1996 3
1997 3
1998 3
1999 3
2000 3
2001 3
2002 3
2003 3
2004 3
2005 0
2006 1
2007 1
2008 3
2009 3
2010 3
2011 0
2012 3
2013 3
2014 3
2015 3
2016 3
2017 3
2018 3
2019 1
2020 3
2021 0
2022 0
2023 3
2024 1
2025 1
2026 3
2027 3
2028 1
2029 1
2030 3
2031 3
2032 3
2033 1
2034 1
2035 3
2036 3
2037 3
2038 1
2039 0
2040 3
2041 3
2042 3
2043 3
2044 1
2045 1
2046 1
2047 3
2048 1
2049 1
2050 1
2051 0
2052 1
2053 3
2054 3
2055 3
2056 0
2057 3
2058 3
2059 3
2060 3
2061 3
2062 1
2063 0
2064 3
2065 3
2066 0
2067 3
2068 3
2069 0
2070 1
2071 1
2072 0
2073 0
2074 3
2075 1
2076 3
2077 3
2078 0
2079 0
2080 0
2081 0
2082 3
2083 1
2084 0
2085 3
2086 3
2087 3
2088 0
2089 3
2090 1
2091 0
2092 0
2093 3
2094 0
2095 0
2096 1
2097 0
2098 3
2099 1
2100 3
2101 1
2102 3
2103 1
2104 1
2105 1
2106 0
2107 3
2108 3
2109 0
2110 3
2111 1
2112 1
2113 1
2114 3
2115 1
2116 3
2117 3
2118 1
2119 3
2120 0
2121 0
2122 0
2123 1
2124 1
2125 1
2126 1
2127 1
2128 1
2129 1
2130 1
2131 1
2132 1
2133 1
2134 1
2135 1
2136 1
2137 1
2138 0
2139 0
2140 1
2141 1
2142 1
2143 0
2144 0
2145 3
2146 3
2147 3
2148 3
2149 0
2150 3
2151 3
2152 0
2153 0
2154 0
2155 0
2156 0
2157 0
2158 1
2159 3
2160 0
2161 0
2162 3
2163 3
2164 0
2165 3
2166 3
2167 0
2168 0
2169 0
2170 1
2171 0
2172 3
2173 0
2174 0
2175 0
2176 1
2177 1
2178 0
2179 0
2180 1
2181 1
2182 1
2183 3
2184 1
2185 1
2186 0
2187 1
2188 1
2189 0
2190 1
2191 1
2192 0
2193 1
2194 3
2195 0
2196 0
2197 0
2198 1
2199 1
2200 3
2201 3
2202 1
2203 3
2204 1
2205 3
2206 3
2207 1
2208 0
2209 1
2210 3
2211 1
2212 1
2213 3
2214 3
2215 1
2216 3
2217 1
2218 1
2219 3
2220 0
2221 3
2222 0
2223 3
2224 0
2225 3
2226 1
2227 3
2228 3
2229 3
2230 1
2231 1
2232 1
2233 3
2234 1
2235 3
2236 3
2237 0
2238 3
2239 3
2240 3
2241 2
2242 1
2243 3
2244 1
2245 1
2246 1
2247 3
2248 1
2249 3
2250 3
2251 3
2252 1
2253 1
2254 1
2255 3
2256 1
2257 1
2258 3
2259 1
2260 1
2261 3
2262 1
2263 3
2264 3
2265 1
2266 8
2267 0
2268 0
2269 1
2270 3
2271 1
2272 3
2273 3
2274 1
2275 1
2276 1
2277 1
2278 1
2279 0
2280 0
2281 3
2282 3
2283 1
2284 1
2285 1
2286 3
2287 1
2288 1
2289 0
2290 3
2291 3
2292 3
2293 1
2294 3
2295 3
2296 3
2297 3
2298 3
2299 3
2300 3
2301 3
2302 3
2303 1
2304 3
2305 1
2306 3
2307 3
2308 3
2309 3
2310 1
2311 3
2312 3
2313 3
2314 3
2315 6
2316 0
2317 3
2318 3
2319 3
2320 0
2321 3
2322 3
2323 0
2324 3
2325 0
2326 0
2327 0
2328 0
2329 0
2330 1
2331 3
2332 3
2333 3
2334 3
2335 3
2336 1
2337 3
2338 0
2339 3
2340 3
2341 1
2342 3
2343 0
2344 3
2345 3
2346 3
2347 3
2348 0
2349 3
2350 3
2351 0
2352 3
2353 3
2354 3
2355 0
2356 3
2357 3
2358 3
2359 3
2360 0
2361 3
2362 3
2363 0
2364 3
2365 3
2366 3
2367 1
2368 3
2369 3
2370 3
2371 0
2372 3
2373 0
2374 3
2375 3
2376 3
2377 0
2378 3
2379 3
2380 3
2381 0
2382 3
2383 3
2384 3
2385 0
2386 3
2387 3
2388 0
2389 3
2390 3
2391 3
2392 0
2393 3
2394 0
2395 3
2396 0
2397 0
2398 3
2399 3
2400 3
2401 3
2402 0
2403 0
2404 3
2405 1
2406 3
2407 3
2408 3
2409 0
2410 0
2411 3
2412 0
2413 0
2414 0
2415 3
2416 3
2417 0
2418 3
2419 3
2420 3
2421 0
2422 3
2423 0
2424 0
2425 3
2426 3
2427 3
2428 3
2429 0
2430 0
2431 0
2432 3
2433 0
2434 3
2435 0
2436 3
2437 3
2438 3
2439 0
2440 3
2441 3
2442 0
2443 1
2444 1
2445 3
2446 0
2447 3
2448 3
2449 0
2450 3
2451 0
2452 1
2453 3
2454 3
2455 3
2456 3
2457 0
2458 0
2459 3
2460 0
2461 0
2462 3
2463 3
2464 3
2465 0
2466 3
2467 0
2468 3
2469 0
2470 0
2471 3
2472 0
2473 3
2474 3
2475 3
2476 3
2477 1
2478 3
2479 3
2480 3
2481 0
2482 3
2483 3
2484 0
2485 3
2486 3
2487 3
2488 3
2489 3
2490 3
2491 3
2492 0
2493 3
2494 3
2495 3
2496 3
2497 0
2498 3
2499 3
2500 3
2501 0
2502 3
2503 3
2504 3
2505 3
2506 0
2507 3
2508 1
2509 0
2510 3
2511 3
2512 3
2513 3
2514 3
2515 3
2516 3
2517 1
2518 0
2519 3
2520 3
2521 3
2522 3
2523 0
2524 3
2525 0
2526 3
2527 0
2528 0
2529 3
2530 3
2531 0
2532 1
2533 3
2534 3
2535 3
2536 3
2537 3
2538 3
2539 0
2540 3
2541 3
2542 3
2543 0
2544 0
2545 3
2546 3
2547 3
2548 3
2549 3
2550 0
2551 0
2552 3
2553 0
2554 3
2555 3
2556 3
2557 3
2558 0
2559 3
2560 3
2561 3
2562 1
2563 0
2564 1
2565 3
2566 3
2567 0
2568 3
2569 0
2570 3
2571 0
2572 0
2573 3
2574 3
2575 3
2576 3
2577 0
2578 3
2579 3
2580 0
2581 0
2582 3
2583 3
2584 0
2585 0
2586 3
2587 3
2588 0
2589 3
2590 3
2591 3
2592 3
2593 3
2594 3
2595 3
2596 3
2597 0
2598 3
2599 3
2600 3
2601 3
2602 3
2603 3
2604 3
2605 1
2606 3
2607 3
2608 0
2609 3
2610 3
2611 3
2612 3
2613 0
2614 0
2615 3
2616 3
2617 3
2618 3
2619 3
2620 0
2621 0
2622 0
2623 3
2624 3
2625 0
2626 3
2627 3
2628 0
2629 0
2630 3
2631 3
2632 0
2633 3
2634 3
2635 0
2636 0
2637 3
2638 3
2639 0
2640 3
2641 3
2642 3
2643 0
2644 0
2645 0
2646 3
2647 0
2648 1
2649 3
2650 3
2651 3
2652 0
2653 3
2654 0
2655 3
2656 3
2657 3
2658 3
2659 3
2660 1
2661 3
2662 3
2663 3
2664 0
2665 0
2666 0
2667 3
2668 3
2669 3
2670 3
2671 3
2672 3
2673 1
2674 0
2675 0
2676 0
2677 3
2678 0
2679 3
2680 0
2681 3
2682 0
2683 0
2684 3
2685 3
2686 3
2687 3
2688 3
2689 3
2690 3
2691 3
2692 3
2693 3
2694 0
2695 0
2696 0
2697 3
2698 3
2699 3
2700 0
2701 3
2702 3
2703 0
2704 1
2705 3
2706 0
2707 3
2708 3
2709 3
2710 1
2711 3
2712 0
2713 1
2714 1
2715 1
2716 3
2717 3
2718 3
2719 1
2720 1
2721 1
2722 1
2723 3
2724 1
2725 3
2726 1
2727 1
2728 3
2729 1
2730 1
2731 1
2732 3
2733 1
2734 1
2735 0
2736 1
2737 1
2738 1
2739 1
2740 1
2741 0
2742 1
2743 1
2744 3
2745 1
2746 3
2747 3
2748 3
2749 3
2750 1
2751 1
2752 1
2753 1
2754 1
2755 3
2756 1
2757 1
2758 3
2759 1
2760 0
2761 1
2762 1
2763 0
2764 1
2765 1
2766 3
2767 3
2768 1
2769 3
2770 1
2771 1
2772 1
2773 0
2774 1
2775 1
2776 3
2777 3
2778 3
2779 1
2780 3
2781 0
2782 0
2783 1
2784 1
2785 1
2786 3
2787 3
2788 3
2789 3
2790 0
2791 0
2792 3
2793 3
2794 3
2795 3
2796 1
2797 3
2798 1
2799 0
2800 0
2801 1
2802 1
2803 3
2804 3
2805 1
2806 1
2807 3
2808 3
2809 1
2810 3
2811 3
2812 3
2813 0
2814 1
2815 1
2816 3
2817 1
2818 1
2819 3
2820 1
2821 3
2822 1
2823 1
2824 1
2825 3
2826 0
2827 3
2828 1
2829 1
2830 1
2831 3
2832 3
2833 3
2834 1
2835 1
2836 1
2837 1
2838 1
2839 1
2840 1
2841 0
2842 3
2843 1
2844 3
2845 0
2846 1
2847 1
2848 0
2849 0
2850 0
2851 3
2852 3
2853 1
2854 0
2855 3
2856 1
2857 1
2858 3
2859 1
2860 1
2861 0
2862 0
2863 3
2864 3
2865 1
2866 3
2867 3
2868 0
2869 3
2870 3
2871 0
2872 1
2873 1
2874 1
2875 1
2876 3
2877 1
2878 1
2879 1
2880 1
2881 1
2882 1
2883 1
2884 1
2885 1
2886 1
2887 1
2888 1
2889 1
2890 3
2891 0
2892 1
2893 1
2894 3
2895 3
2896 3
2897 3
2898 1
2899 3
2900 1
2901 3
2902 1
2903 3
2904 1
2905 1
2906 3
2907 1
2908 1
2909 1
2910 1
2911 1
2912 3
2913 3
2914 0
2915 3
2916 1
2917 1
2918 1
2919 1
2920 0
2921 0
2922 3
2923 1
2924 3
2925 4
2926 4
2927 1
2928 3
2929 3
2930 3
2931 1
2932 0
2933 1
2934 3
2935 1
2936 1
2937 3
2938 3
2939 1
2940 0
2941 3
2942 1
2943 3
2944 3
2945 3
2946 3
2947 3
2948 1
2949 3
2950 1
2951 1
2952 1
2953 1
2954 1
2955 0
2956 0
2957 3
2958 3
2959 3
2960 1
2961 3
2962 3
2963 1
2964 1
2965 1
2966 0
2967 1
2968 1
2969 1
2970 1
2971 1
2972 3
2973 3
2974 1
2975 1
2976 1
2977 3
2978 3
2979 3
2980 1
2981 0
2982 3
2983 3
2984 3
2985 3
2986 3
2987 3
2988 3
2989 3
2990 3
2991 3
2992 3
2993 1
2994 3
2995 0
2996 3
2997 3
2998 0
2999 3
3000 1
3001 3
3002 0
3003 3
3004 3
3005 3
3006 3
3007 0
3008 1
3009 3
3010 1
3011 3
3012 1
3013 3
3014 0
3015 1
3016 3
3017 3
3018 1
3019 3
3020 3
3021 3
3022 3
3023 1
3024 1
3025 3
3026 0
3027 1
3028 1
3029 1
3030 3
3031 3
3032 1
3033 1
3034 0
3035 0
3036 3
3037 3
3038 1
3039 1
3040 1
3041 1
3042 1
3043 1
3044 1
3045 3
3046 1
3047 1
3048 3
3049 3
3050 3
3051 3
3052 3
3053 3
3054 1
3055 1
3056 1
3057 1
3058 1
3059 1
3060 1
3061 1
3062 1
3063 1
3064 1
3065 1
3066 1
3067 1
3068 1
3069 1
3070 1
3071 1
3072 1
3073 1
3074 1
3075 1
3076 1
3077 1
3078 1
3079 1
3080 1
3081 1
3082 1
3083 1
3084 1
3085 1
3086 1
3087 1
3088 1
3089 1
3090 1
3091 1
3092 1
3093 1
3094 3
3095 3
3096 3
3097 1
3098 3
3099 3
3100 1
3101 1
3102 1
3103 1
3104 3
3105 3
3106 1
3107 1
3108 1
3109 3
3110 3
3111 1
3112 3
3113 0
3114 3
3115 3
3116 3
3117 1
3118 1
3119 1
3120 1
3121 1
3122 1
3123 1
3124 3
3125 3
3126 3
3127 3
3128 0
3129 1
3130 1
3131 1
3132 3
3133 1
3134 3
3135 1
3136 3
3137 3
3138 3
3139 3
3140 0
3141 0
3142 1
3143 3
3144 0
3145 3
3146 3
3147 0
3148 3
3149 1
3150 3
3151 1
3152 3
3153 1
3154 1
3155 3
3156 1
3157 1
3158 3
3159 3
3160 3
3161 3
3162 3
3163 1
3164 3
3165 3
3166 1
3167 1
3168 1
3169 0
3170 3
3171 1
3172 0
3173 3
3174 3
3175 3
3176 1
3177 1
3178 3
3179 1
3180 1
3181 1
3182 3
3183 1
3184 3
3185 3
3186 1
3187 1
3188 1
3189 1
3190 1
3191 1
3192 3
3193 3
3194 3
3195 1
3196 3
3197 0
3198 0
3199 0
3200 1
3201 0
3202 3
3203 1
3204 1
3205 1
3206 1
3207 1
3208 1
3209 3
3210 3
3211 3
3212 3
3213 3
3214 3
3215 1
3216 0
3217 0
3218 3
3219 0
3220 3
3221 1
3222 1
3223 1
3224 1
3225 1
3226 1
3227 1
3228 1
3229 3
3230 1
3231 1
3232 1
3233 1
3234 3
3235 3
3236 1
3237 1
3238 1
3239 1
3240 1
3241 1
3242 3
3243 3
3244 3
3245 1
3246 1
3247 0
3248 1
3249 3
3250 0
3251 1
3252 3
3253 1
3254 3
3255 1
3256 3
3257 1
3258 1
3259 3
3260 3
3261 3
3262 3
3263 0
3264 1
3265 3
3266 3
3267 3
3268 3
3269 3
3270 1
3271 1
3272 1
3273 3
3274 3
3275 1
3276 3
3277 1
3278 3
3279 0
3280 3
3281 3
3282 1
3283 3
3284 1
3285 1
3286 3
3287 1
3288 1
3289 1
3290 1
3291 1
3292 1
3293 1
3294 1
3295 1
3296 1
3297 1
3298 1
3299 1
3300 1
3301 1
3302 1
3303 1
3304 1
3305 3
3306 3
3307 0
3308 1
3309 3
3310 1
3311 3
3312 1
3313 1
3314 1
3315 3
3316 3
3317 1
3318 3
3319 3
3320 0
3321 3
3322 3
3323 3
3324 3
3325 1
3326 3
3327 3
3328 3
3329 3
3330 0
3331 1
3332 1
3333 3
3334 1
3335 1
3336 1
3337 1
3338 1
3339 3
3340 3
3341 3
3342 3
3343 0
3344 0
3345 1
3346 3
3347 3
3348 0
3349 3
3350 1
3351 1
3352 1
3353 1
3354 3
3355 3
3356 1
3357 0
3358 3
3359 0
3360 0
3361 0
3362 3
3363 3
3364 3
3365 1
3366 1
3367 1
3368 0
3369 3
3370 1
3371 3
3372 3
3373 0
3374 3
3375 1
3376 1
3377 3
3378 1
3379 3
3380 1
3381 0
3382 3
3383 3
3384 1
3385 3
3386 3
3387 1
3388 1
3389 1
3390 1
3391 1
3392 1
3393 1
3394 3
3395 1
3396 1
3397 1
3398 1
3399 3
3400 1
3401 3
3402 3
3403 3
3404 1
3405 3
3406 1
3407 1
3408 0
3409 1
3410 0
3411 1
3412 1
3413 3
3414 1
3415 1
3416 3
3417 3
3418 1
3419 0
3420 1
3421 3
3422 3
3423 1
3424 3
3425 3
3426 3
3427 1
3428 0
3429 3
3430 3
3431 3
3432 1
3433 3
3434 3
3435 1
3436 3
3437 3
3438 1
3439 1
3440 3
3441 1
3442 1
3443 1
3444 1
3445 1
3446 1
3447 1
3448 3
3449 3
3450 0
3451 1
3452 3
3453 1
3454 3
3455 3
3456 3
3457 3
3458 3
3459 1
3460 3
3461 3
3462 3
3463 0
3464 1
3465 3
3466 1
3467 0
3468 1
3469 3
3470 3
3471 1
3472 3
3473 1
3474 3
3475 3
3476 3
3477 3
3478 1
3479 1
3480 0
3481 1
3482 1
3483 1
3484 3
3485 1
3486 3
3487 1
3488 1
3489 3
3490 1
3491 1
3492 1
3493 3
3494 1
3495 1
3496 1
3497 3
3498 3
3499 1
3500 0
3501 3
3502 3
3503 3
3504 3
3505 0
3506 3
3507 3
3508 1
3509 3
3510 3
3511 3
3512 0
3513 1
3514 1
3515 3
3516 1
3517 1
3518 1
3519 1
3520 1
3521 1
3522 1
3523 1
3524 1
3525 1
3526 1
3527 1
3528 1
3529 1
3530 1
3531 1
3532 1
3533 1
3534 1
3535 1
3536 1
3537 1
3538 1
3539 1
3540 1
3541 1
3542 1
3543 1
3544 1
3545 1
3546 1
3547 1
3548 1
3549 1
3550 1
3551 1
3552 1
3553 1
3554 1
3555 1
3556 1
3557 1
3558 1
3559 1
3560 1
3561 1
3562 1
3563 1
3564 1
3565 1
3566 1
3567 1
3568 1
3569 1
3570 1
3571 1
3572 1
3573 1
3574 1
3575 1
3576 1
3577 1
3578 1
3579 1
3580 1
3581 1
3582 1
3583 1
3584 0
3585 3
3586 1
3587 3
3588 1
3589 3
3590 0
3591 1
3592 1
3593 3
3594 3
3595 3
3596 1
3597 3
3598 3
3599 1
3600 3
3601 1
3602 1
3603 1
3604 1
3605 1
3606 0
3607 3
3608 3
3609 1
3610 3
3611 3
3612 3
3613 3
3614 3
3615 0
3616 3
3617 0
3618 3
3619 3
3620 3
3621 0
3622 1
3623 0
3624 3
3625 3
3626 1
3627 0
3628 1
3629 1
3630 3
3631 3
3632 3
3633 1
3634 3
3635 3
3636 1
3637 3
3638 3
3639 3
3640 3
3641 3
3642 3
3643 3
3644 3
3645 3
3646 1
3647 3
3648 1
3649 1
3650 1
3651 0
3652 3
3653 3
3654 3
3655 1
3656 1
3657 3
3658 1
3659 0
3660 3
3661 1
3662 1
3663 3
3664 3
3665 3
3666 3
3667 1
3668 1
3669 1
3670 1
3671 1
3672 1
3673 1
3674 1
3675 3
3676 3
3677 3
3678 3
3679 0
3680 3
3681 1
3682 3
3683 3
3684 3
3685 3
3686 3
3687 0
3688 3
3689 1
3690 1
3691 3
3692 3
3693 3
3694 3
3695 1
3696 3
3697 3
3698 3
3699 0
3700 1
3701 1
3702 3
3703 1
3704 3
3705 0
3706 0
3707 1
3708 3
3709 3
3710 1
3711 1
3712 1
3713 1
3714 3
3715 0
3716 0
3717 3
3718 3
3719 3
3720 1
3721 1
3722 3
3723 3
3724 3
3725 3
3726 1
3727 3
3728 3
3729 3
3730 1
3731 3
3732 3
3733 1
3734 0
3735 3
3736 3
3737 3
3738 1
3739 3
3740 3
3741 3
3742 3
3743 1
3744 0
3745 3
3746 3
3747 1
3748 3
3749 3
3750 1
3751 3
3752 1
3753 1
3754 1
3755 3
3756 1
3757 3
3758 0
3759 1
3760 1
3761 1
3762 1
3763 1
3764 0
3765 1
3766 3
3767 3
3768 3
3769 1
3770 3
3771 3
3772 3
3773 1
3774 1
3775 1
3776 1
3777 1
3778 1
3779 1
3780 1
3781 0
3782 1
3783 1
3784 1
3785 0
3786 1
3787 1
3788 1
3789 1
3790 1
3791 1
3792 1
3793 1
3794 0
3795 1
3796 1
3797 1
3798 1
3799 1
3800 1
3801 1
3802 1
3803 0
3804 1
3805 1
3806 0
3807 1
3808 3
3809 3
3810 1
3811 3
3812 1
3813 3
3814 1
3815 3
3816 1
3817 1
3818 1
3819 3
3820 1
3821 3
3822 0
3823 1
3824 3
3825 3
3826 1
3827 3
3828 3
3829 3
3830 1
3831 1
3832 1
3833 1
3834 1
3835 0
3836 1
3837 3
3838 3
3839 3
3840 3
3841 1
3842 1
3843 3
3844 3
3845 0
3846 3
3847 3
3848 1
3849 1
3850 3
3851 3
3852 3
3853 0
3854 0
3855 1
3856 1
3857 3
3858 3
3859 1
3860 1
3861 1
3862 1
3863 1
3864 1
3865 3
3866 1
3867 1
3868 1
3869 1
3870 3
3871 3
3872 1
3873 1
3874 3
3875 3
3876 0
3877 1
3878 1
3879 1
3880 1
3881 1
3882 1
3883 1
3884 1
3885 1
3886 1
3887 1
3888 1
3889 1
3890 1
3891 1
3892 1
3893 1
3894 1
3895 1
3896 1
3897 1
3898 1
3899 1
3900 1
3901 1
3902 1
3903 1
3904 1
3905 1
3906 1
3907 1
3908 1
3909 1
3910 1
3911 1
3912 1
3913 1
3914 1
3915 1
3916 1
3917 1
3918 1
3919 1
3920 1
3921 1
3922 1
3923 1
3924 1
3925 1
3926 1
3927 3
3928 0
3929 3
3930 3
3931 3
3932 3
3933 3
3934 0
3935 1
3936 1
3937 1
3938 1
3939 1
3940 1
3941 1
3942 1
3943 1
3944 1
3945 1
3946 1
3947 1
3948 1
3949 1
3950 3
3951 3
3952 3
3953 3
3954 0
3955 1
3956 1
3957 1
3958 3
3959 1
3960 3
3961 3
3962 3
3963 1
3964 1
3965 1
3966 3
3967 3
3968 3
3969 3
3970 3
3971 0
3972 3
3973 1
3974 1
3975 3
3976 3
3977 3
3978 1
3979 3
3980 3
3981 3
3982 1
3983 1
3984 3
3985 3
3986 3
3987 3
3988 3
3989 1
3990 0
3991 3
3992 1
3993 3
3994 1
3995 1
3996 1
3997 1
3998 1
3999 1
4000 0
4001 1
4002 1
4003 1
4004 1
4005 1
4006 1
4007 1
4008 1
4009 3
4010 1
4011 3
4012 1
4013 1
4014 1
4015 1
4016 1
4017 1
4018 1
4019 1
4020 1
4021 1
4022 1
4023 1
4024 1
4025 1
4026 1
4027 1
4028 3
4029 0
4030 0
4031 0
4032 1
4033 3
4034 3
4035 3
4036 1
4037 3
4038 3
4039 0
4040 3
4041 3
4042 3
4043 0
4044 1
4045 3
4046 3
4047 3
4048 6
4049 3
4050 3
4051 1
4052 3
4053 0
4054 1
4055 3
4056 1
4057 0
4058 3
4059 3
4060 1
4061 1
4062 3
4063 1
4064 3
4065 3
4066 1
4067 3
4068 0
4069 0
4070 3
4071 1
4072 3
4073 0
4074 1
4075 3
4076 3
4077 1
4078 1
4079 3
4080 3
4081 3
4082 3
4083 3
4084 3
4085 3
4086 1
4087 1
4088 3
4089 0
4090 3
4091 1
4092 3
4093 6
4094 1
4095 3
4096 1
4097 0
4098 1
4099 1
4100 1
4101 3
4102 3
4103 1
4104 1
4105 1
4106 3
4107 3
4108 3
4109 3
4110 3
4111 3
4112 3
4113 3
4114 0
4115 1
4116 3
4117 3
4118 1
4119 0
4120 1
4121 3
4122 3
4123 0
4124 0
4125 0
4126 1
4127 1
4128 1
4129 0
4130 1
4131 1
4132 1
4133 3
4134 3
4135 3
4136 3
4137 1
4138 3
4139 1
4140 1
4141 3
4142 3
4143 1
4144 1
4145 1
4146 3
4147 1
4148 3
4149 1
4150 3
4151 1
4152 1
4153 0
4154 1
4155 3
4156 3
4157 3
4158 3
4159 3
4160 3
4161 1
4162 3
4163 3
4164 3
4165 0
4166 3
4167 3
4168 3
4169 3
4170 1
4171 1
4172 1
4173 3
4174 3
4175 3
4176 0
4177 1
4178 3
4179 1
4180 0
4181 1
4182 0
4183 0
4184 0
4185 1
4186 1
4187 1
4188 1
4189 1
4190 1
4191 1
4192 1
4193 1
4194 1
4195 1
4196 1
4197 1
4198 3
4199 3
4200 1
4201 1
4202 1
4203 1
4204 1
4205 1
4206 1
4207 1
4208 3
4209 0
4210 1
4211 3
4212 3
4213 0
4214 1
4215 3
4216 1
4217 3
4218 3
4219 3
4220 3
4221 3
4222 3
4223 1
4224 0
4225 3
4226 0
4227 3
4228 0
4229 3
4230 3
4231 1
4232 3
4233 0
4234 0
4235 3
4236 3
4237 1
4238 1
4239 1
4240 1
4241 1
4242 1
4243 1
4244 1
4245 1
4246 1
4247 1
4248 1
4249 3
4250 3
4251 3
4252 3
4253 3
4254 1
4255 1
4256 1
4257 1
4258 1
4259 1
4260 1
4261 1
4262 1
4263 1
4264 1
4265 0
4266 3
4267 1
4268 1
4269 3
4270 3
4271 3
4272 1
4273 0
4274 3
4275 0
4276 1
4277 1
4278 1
4279 1
4280 1
4281 1
4282 1
4283 3
4284 0
4285 1
4286 3
4287 3
4288 3
4289 0
4290 3
4291 1
4292 3
4293 3
4294 1
4295 3
4296 1
4297 1
4298 1
4299 1
4300 1
4301 1
4302 1
4303 3
4304 1
4305 3
4306 3
4307 3
4308 1
4309 3
4310 3
4311 3
4312 1
4313 1
4314 0
4315 3
4316 1
4317 3
4318 3
4319 0
4320 1
4321 0
4322 3
4323 0
4324 3
4325 3
4326 3
4327 1
4328 1
4329 3
4330 1
4331 3
4332 1
4333 3
4334 1
4335 1
4336 0
4337 0
4338 1
4339 0
4340 3
4341 0
4342 1
4343 0
4344 1
4345 3
4346 3
4347 0
4348 1
4349 3
4350 1
4351 0
4352 3
4353 3
4354 1
4355 3
4356 1
4357 1
4358 3
4359 1
4360 3
4361 0
4362 3
4363 3
4364 1
4365 3
4366 3
4367 0
4368 3
4369 3
4370 0
4371 3
4372 3
4373 3
4374 1
4375 1
4376 3
4377 3
4378 3
4379 1
4380 3
4381 3
4382 3
4383 0
4384 3
4385 3
4386 0
4387 0
4388 3
4389 0
4390 1
4391 5
4392 3
4393 1
4394 3
4395 1
4396 1
4397 1
4398 1
4399 1
4400 0
4401 0
4402 0
4403 1
4404 1
4405 0
4406 1
4407 0
4408 3
4409 1
4410 0
4411 1
4412 0
4413 3
4414 3
4415 0
4416 3
4417 0
4418 3
4419 0
4420 1
4421 1
4422 1
4423 3
4424 3
4425 1
4426 3
4427 1
4428 3
4429 3
4430 3
4431 0
4432 1
4433 0
4434 1
4435 1
4436 1
4437 3
4438 0
4439 1
4440 3
4441 1
4442 3
4443 1
4444 3
4445 0
4446 0
4447 1
4448 3
4449 3
4450 1
4451 3
4452 1
4453 1
4454 3
4455 3
4456 3
4457 3
4458 3
4459 3
4460 3
4461 3
4462 1
4463 0
4464 1
4465 1
4466 1
4467 3
4468 3
4469 3
4470 0
4471 1
4472 1
4473 1
4474 0
4475 3
4476 1
4477 3
4478 1
4479 1
4480 1
4481 1
4482 3
4483 3
4484 3
4485 1
4486 1
4487 1
4488 1
4489 3
4490 0
4491 3
4492 1
4493 1
4494 3
4495 0
4496 3
4497 3
4498 3
4499 3
4500 1
4501 3
4502 3
4503 1
4504 3
4505 3
4506 1
4507 0
4508 1
4509 1
4510 1
4511 1
4512 3
4513 3
4514 1
4515 0
4516 3
4517 1
4518 3
4519 1
4520 3
4521 3
4522 3
4523 1
4524 0
4525 1
4526 1
4527 1
4528 3
4529 0
4530 3
4531 1
4532 3
4533 1
4534 3
4535 3
4536 3
4537 3
4538 3
4539 1
4540 1
4541 3
4542 3
4543 3
4544 1
4545 3
4546 0
4547 1
4548 3
4549 1
4550 3
4551 3
4552 3
4553 3
4554 1
4555 3
4556 3
4557 0
4558 3
4559 3
4560 3
4561 0
4562 1
4563 1
4564 2
4565 3
4566 3
4567 1
4568 0
4569 3
4570 3
4571 3
4572 0
4573 3
4574 1
4575 3
4576 3
4577 3
4578 3
4579 1
4580 3
4581 3
4582 3
4583 3
4584 3
4585 1
4586 3
4587 3
4588 1
4589 1
4590 3
4591 1
4592 1
4593 3
4594 3
4595 3
4596 3
4597 1
4598 3
4599 1
4600 3
4601 3
4602 3
4603 3
4604 3
4605 3
4606 3
4607 3
4608 0
4609 0
4610 3
4611 3
4612 11
4613 1
4614 1
4615 1
4616 1
4617 1
4618 3
4619 3
4620 0
4621 3
4622 3
4623 1
4624 3
4625 3
4626 3
4627 3
4628 1
4629 3
4630 1
4631 3
4632 3
4633 3
4634 1
4635 5
4636 3
4637 1
4638 3
4639 3
4640 3
4641 1
4642 1
4643 3
4644 0
4645 1
4646 3
4647 1
4648 3
4649 1
4650 1
4651 1
4652 1
4653 3
4654 1
4655 1
4656 3
4657 3
4658 1
4659 3
4660 3
4661 3
4662 3
4663 3
4664 0
4665 3
4666 0
4667 0
4668 3
4669 0
4670 0
4671 3
4672 1
4673 1
4674 1
4675 3
4676 0
4677 1
4678 3
4679 1
4680 3
4681 1
4682 1
4683 1
4684 1
4685 1
4686 1
4687 1
4688 1
4689 1
4690 1
4691 1
4692 1
4693 1
4694 3
4695 3
4696 3
4697 3
4698 1
4699 1
4700 3
4701 3
4702 3
4703 3
4704 1
4705 3
4706 1
4707 0
4708 1
4709 0
4710 1
4711 0
4712 3
4713 3
4714 3
4715 3
4716 3
4717 3
4718 3
4719 0
4720 3
4721 0
4722 3
4723 1
4724 3
4725 3
4726 3
4727 1
4728 3
4729 3
4730 3
4731 3
4732 3
4733 0
4734 0
4735 1
4736 1
4737 3
4738 1
4739 3
4740 3
4741 3
4742 3
4743 3
4744 1
4745 3
4746 3
4747 3
4748 3
4749 0
4750 3
4751 3
4752 1
4753 1
4754 1
4755 1
4756 3
4757 1
4758 1
4759 3
4760 1
4761 3
4762 1
4763 1
4764 3
4765 3
4766 3
4767 3
4768 1
4769 1
4770 3
4771 1
4772 3
4773 3
4774 1
4775 3
4776 3
4777 3
4778 3
4779 0
4780 3
4781 3
4782 3
4783 3
4784 1
4785 3
4786 1
4787 1
4788 1
4789 3
4790 1
4791 3
4792 3
4793 3
4794 1
4795 1
4796 3
4797 1
4798 3
4799 3
4800 1
4801 3
4802 3
4803 1
4804 3
4805 3
4806 3
4807 1
4808 1
4809 3
4810 0
4811 0
4812 1
4813 3
4814 3
4815 3
4816 1
4817 3
4818 1
4819 3
4820 3
4821 3
4822 3
4823 3
4824 3
4825 1
4826 1
4827 3
4828 0
4829 1
4830 0
4831 3
4832 0
4833 3
4834 1
4835 3
4836 3
4837 3
4838 3
4839 3
4840 3
4841 3
4842 3
4843 3
4844 3
4845 0
4846 0
4847 3
4848 0
4849 3
4850 3
4851 3
4852 3
4853 3
4854 1
4855 1
4856 3
4857 3
4858 1
4859 1
4860 1
4861 1
4862 1
4863 1
4864 1
4865 3
4866 0
4867 1
4868 1
4869 1
4870 1
4871 1
4872 3
4873 3
4874 3
4875 3
4876 3
4877 3
4878 1
4879 1
4880 0
4881 3
4882 1
4883 3
4884 1
4885 1
4886 3
4887 3
4888 1
4889 3
4890 3
4891 3
4892 1
4893 1
4894 3
4895 5
4896 1
4897 1
4898 1
4899 1
4900 3
4901 3
4902 1
4903 3
4904 1
4905 1
4906 3
4907 3
4908 3
4909 3
4910 1
4911 3
4912 1
4913 1
4914 1
4915 1
4916 1
4917 1
4918 1
4919 1
4920 1
4921 1
4922 1
4923 3
4924 3
4925 3
4926 3
4927 0
4928 1
4929 3
4930 3
4931 3
4932 3
4933 0
4934 3
4935 0
4936 3
4937 3
4938 3
4939 1
4940 3
4941 0
4942 3
4943 3
4944 1
4945 3
4946 3
4947 3
4948 1
4949 1
4950 3
4951 0
4952 3
4953 3
4954 1
4955 3
4956 3
4957 3
4958 3
4959 3
4960 1
4961 3
4962 3
4963 3
4964 3
4965 1
4966 1
4967 0
4968 3
4969 3
4970 1
4971 0
4972 3
4973 3
4974 3
4975 0
4976 1
4977 1
4978 1
4979 3
4980 3
4981 3
4982 3
4983 3
4984 3
4985 3
4986 3
4987 0
4988 1
4989 1
4990 1
4991 1
4992 3
4993 3
4994 1
4995 1
4996 3
4997 3
4998 3
4999 3
5000 1
5001 3
5002 3
5003 1
5004 3
5005 3
5006 3
5007 3
5008 1
5009 1
5010 3
5011 3
5012 3
5013 3
5014 1
5015 0
5016 1
5017 3
5018 1
5019 3
5020 1
5021 3
5022 1
5023 3
5024 3
5025 3
5026 0
5027 1
5028 1
5029 3
5030 3
5031 3
5032 0
5033 1
5034 6
5035 0
5036 0
5037 1
5038 3
5039 3
5040 3
5041 1
5042 1
5043 1
5044 3
5045 3
5046 3
5047 3
5048 3
5049 3
5050 3
5051 3
5052 3
5053 0
5054 1
5055 3
5056 3
5057 1
5058 3
5059 3
5060 3
5061 3
5062 3
5063 3
5064 1
5065 3
5066 1
5067 3
5068 3
5069 3
5070 1
5071 1
5072 1
5073 1
5074 1
5075 1
5076 3
5077 1
5078 0
5079 3
5080 1
5081 3
5082 3
5083 3
5084 3
5085 3
5086 3
5087 1
5088 3
5089 1
5090 1
5091 1
5092 1
5093 3
5094 1
5095 1
5096 1
5097 1
5098 1
5099 3
5100 3
5101 1
5102 3
5103 3
5104 3
5105 3
5106 1
5107 3
5108 1
5109 3
5110 1
5111 3
5112 1
5113 1
5114 3
5115 3
5116 0
5117 0
5118 1
5119 1
5120 1
5121 1
5122 1
5123 1
5124 3
5125 3
5126 1
5127 6
5128 1
5129 1
5130 1
5131 0
5132 1
5133 1
5134 1
5135 1
5136 1
5137 1
5138 1
5139 3
5140 3
5141 1
5142 1
5143 3
5144 1
5145 1
5146 3
5147 1
5148 3
5149 2
5150 3
5151 1
5152 3
5153 3
5154 1
5155 3
5156 3
5157 14
5158 0
5159 1
5160 1
5161 3
5162 0
5163 3
5164 1
5165 0
5166 0
5167 1
5168 0
5169 0
5170 1
5171 0
5172 0
5173 1
5174 1
5175 3
5176 1
5177 0
5178 1
5179 0
5180 1
5181 1
5182 0
5183 3
5184 1
5185 1
5186 3
5187 6
5188 1
5189 1
5190 1
5191 1
5192 1
5193 1
5194 3
5195 1
5196 1
5197 1
5198 3
5199 3
5200 1
5201 1
5202 3
5203 1
5204 1
5205 1
5206 3
5207 1
5208 0
5209 1
5210 1
5211 1
5212 1
5213 1
5214 0
5215 1
5216 1
5217 1
5218 1
5219 1
5220 1
5221 1
5222 1
5223 1
5224 0
5225 1
5226 1
5227 1
5228 1
5229 1
5230 1
5231 1
5232 1
5233 1
5234 3
5235 1
5236 0
5237 1
5238 1
5239 1
5240 1
5241 0
5242 1
5243 1
5244 1
5245 1
5246 1
5247 1
5248 1
5249 1
5250 1
5251 1
5252 1
5253 1
5254 1
5255 1
5256 1
5257 6
5258 3
5259 1
5260 1
5261 0
5262 1
5263 0
5264 1
5265 1
5266 1
5267 1
5268 1
5269 1
5270 1
5271 1
5272 1
5273 1
5274 1
5275 1
5276 1
5277 1
5278 1
5279 0
5280 3
5281 1
5282 0
5283 0
5284 1
5285 3
5286 0
5287 1
5288 1
5289 1
5290 1
5291 1
5292 1
5293 1
5294 0
5295 0
5296 1
5297 1
5298 1
5299 1
5300 1
5301 1
5302 1
5303 1
5304 1
5305 1
5306 1
5307 1
5308 1
5309 3
5310 1
5311 1
5312 1
5313 1
5314 1
5315 1
5316 3
5317 2
5318 2
5319 2
5320 1
5321 2
5322 3
5323 3
5324 1
5325 2
5326 6
5327 2
5328 1
5329 3
5330 1
5331 0
5332 1
5333 0
5334 3
5335 1
5336 1
5337 3
5338 1
5339 0
5340 3
5341 1
5342 3
5343 1
5344 3
5345 1
5346 1
5347 3
5348 1
5349 1
5350 3
5351 1
5352 1
5353 1
5354 1
5355 1
5356 1
5357 1
5358 1
5359 1
5360 7
5361 1
5362 7
5363 8
5364 1
5365 7
5366 1
5367 0
5368 1
5369 3
5370 3
5371 3
5372 1
5373 3
5374 3
5375 3
5376 1
5377 3
5378 0
5379 1
5380 3
5381 3
5382 1
5383 3
5384 1
5385 3
5386 1
5387 3
5388 3
5389 3
5390 3
5391 3
5392 1
5393 1
5394 3
5395 3
5396 3
5397 3
5398 3
5399 1
5400 0
5401 1
5402 3
5403 3
5404 1
5405 1
5406 1
5407 1
5408 1
5409 1
5410 1
5411 1
5412 1
5413 1
5414 1
5415 1
5416 1
5417 1
5418 3
5419 1
5420 3
5421 0
5422 0
5423 1
5424 1
5425 1
5426 1
5427 1
5428 1
5429 3
5430 1
5431 1
5432 1
5433 1
5434 1
5435 1
5436 1
5437 1
5438 1
5439 1
5440 1
5441 1
5442 3
5443 0
5444 3
5445 0
5446 3
5447 3
5448 1
5449 3
5450 1
5451 3
5452 0
5453 1
5454 0
5455 1
5456 0
5457 1
5458 1
5459 1
5460 3
5461 1
5462 3
5463 3
5464 3
5465 1
5466 3
5467 1
5468 3
5469 3
5470 3
5471 3
5472 1
5473 3
5474 3
5475 3
5476 3
5477 1
5478 1
5479 3
5480 3
5481 1
5482 3
5483 1
5484 1
5485 1
5486 1
5487 1
5488 1
5489 1
5490 1
5491 1
5492 3
5493 3
5494 3
5495 3
5496 3
5497 3
5498 3
5499 3
5500 3
5501 3
5502 1
5503 1
5504 1
5505 1
5506 1
5507 1
5508 1
5509 1
5510 1
5511 1
5512 1
5513 1
5514 3
5515 1
5516 1
5517 0
5518 3
5519 3
5520 1
5521 3
5522 3
5523 1
5524 3
5525 3
5526 3
5527 3
5528 3
5529 3
5530 3
5531 1
5532 1
5533 3
5534 3
5535 3
5536 3
5537 1
5538 1
5539 3
5540 3
5541 3
5542 3
5543 3
5544 3
5545 3
5546 3
5547 3
5548 1
5549 3
5550 3
5551 3
5552 3
5553 1
5554 3
5555 3
5556 3
5557 3
5558 1
5559 3
5560 3
5561 3
5562 3
5563 1
5564 3
5565 3
5566 1
5567 3
5568 1
5569 1
5570 3
5571 3
5572 3
5573 1
5574 3
5575 3
5576 3
5577 1
5578 3
5579 1
5580 1
5581 1
5582 3
5583 3
5584 1
5585 1
5586 3
5587 3
5588 1
5589 3
5590 3
5591 0
5592 3
5593 1
5594 3
5595 1
5596 0
5597 3
5598 1
5599 3
5600 3
5601 3
5602 3
5603 3
5604 3
5605 3
5606 1
5607 3
5608 3
5609 3
5610 0
5611 1
5612 3
5613 3
5614 3
5615 3
5616 3
5617 1
5618 3
5619 3
5620 3
5621 3
5622 3
5623 3
5624 3
5625 3
5626 3
5627 3
5628 1
5629 3
5630 3
5631 3
5632 1
5633 3
5634 3
5635 3
5636 3
5637 3
5638 3
5639 1
5640 3
5641 3
5642 3
5643 0
5644 0
5645 0
5646 1
5647 3
5648 3
5649 1
5650 3
5651 3
5652 3
5653 1
5654 1
5655 1
5656 1
5657 1
5658 1
5659 3
5660 1
5661 0
5662 1
5663 3
5664 1
5665 1
5666 3
5667 1
5668 1
5669 1
5670 1
5671 1
5672 1
5673 1
5674 1
5675 1
5676 1
5677 1
5678 14
5679 0
5680 0
5681 1
5682 3
5683 1
5684 3
5685 3
5686 3
5687 1
5688 1
5689 3
5690 3
5691 1
5692 1
5693 3
5694 1
5695 1
5696 1
5697 1
5698 1
5699 0
5700 1
5701 1
5702 1
5703 1
5704 0
5705 0
5706 1
5707 3
5708 1
5709 1
5710 3
5711 3
5712 1
5713 3
5714 3
5715 3
5716 3
5717 1
5718 1
5719 0
5720 1
5721 0
5722 0
5723 1
5724 2
5725 0
5726 0
5727 1
5728 0
5729 3
5730 3
5731 1
5732 14
5733 1
5734 3
5735 1
5736 3
5737 3
5738 0
5739 1
5740 1
5741 3
5742 0
5743 1
5744 0
5745 0
5746 0
5747 1
5748 0
5749 1
5750 3
5751 1
5752 0
5753 1
5754 0
5755 1
5756 0
5757 2
5758 1
5759 1
5760 3
5761 1
5762 1
5763 1
5764 1
5765 1
5766 0
5767 1
5768 1
5769 1
5770 0
5771 1
5772 1
5773 0
5774 1
5775 1
5776 3
5777 3
5778 3
5779 1
5780 1
5781 3
5782 1
5783 1
5784 1
5785 1
5786 1
5787 1
5788 1
5789 1
5790 1
5791 1
5792 1
5793 3
5794 0
5795 1
5796 3
5797 1
5798 3
5799 1
5800 1
5801 1
5802 1
5803 1
5804 1
5805 3
5806 3
5807 1
5808 0
5809 0
5810 0
5811 3
5812 3
5813 1
5814 1
5815 3
5816 1
5817 9
5818 3
5819 9
5820 1
5821 1
5822 3
5823 1
5824 3
5825 1
5826 3
5827 1
5828 3
5829 1
5830 8
5831 3
5832 0
5833 3
5834 1
5835 3
5836 3
5837 3
5838 1
5839 3
5840 3
5841 1
5842 3
5843 1
5844 3
5845 1
5846 1
5847 1
5848 1
5849 3
5850 1
5851 3
5852 1
5853 1
5854 1
5855 1
5856 1
5857 1
5858 3
5859 2
5860 3
5861 3
5862 0
5863 1
5864 3
5865 1
5866 3
5867 1
5868 3
5869 3
5870 0
5871 3
5872 3
5873 1
5874 1
5875 3
5876 3
5877 3
5878 1
5879 1
5880 3
5881 3
5882 0
5883 3
5884 3
5885 3
5886 1
5887 1
5888 1
5889 1
5890 3
5891 3
5892 1
5893 1
5894 1
5895 1
5896 1
5897 1
5898 1
5899 1
5900 1
5901 1
5902 1
5903 1
5904 1
5905 1
5906 1
5907 1
5908 1
5909 1
5910 1
5911 1
5912 3
5913 3
5914 1
5915 3
5916 3
5917 0
5918 1
5919 1
5920 1
5921 1
5922 3
5923 3
5924 3
5925 1
5926 0
5927 3
5928 1
5929 3
5930 1
5931 3
5932 1
5933 1
5934 3
5935 1
5936 3
5937 3
5938 3
5939 3
5940 3
5941 1
5942 3
5943 3
5944 0
5945 3
5946 1
5947 10
5948 3
5949 3
5950 1
5951 3
5952 3
5953 3
5954 3
5955 3
5956 3
5957 3
5958 1
5959 3
5960 3
5961 3
5962 3
5963 3
5964 3
5965 1
5966 0
5967 0
5968 3
5969 1
5970 3
5971 1
5972 3
5973 3
5974 0
5975 1
5976 3
5977 10
5978 1
5979 3
5980 3
5981 3
5982 1
5983 1
5984 1
5985 1
5986 1
5987 1
5988 1
5989 3
5990 1
5991 2
5992 1
5993 3
5994 3
5995 3
5996 1
5997 1
5998 1
5999 1
6000 0
6001 3
6002 3
6003 3
6004 3
6005 1
6006 1
6007 1
6008 3
6009 3
6010 1
6011 1
6012 1
6013 3
6014 1
6015 3
6016 3
6017 3
6018 3
6019 1
6020 1
6021 1
6022 1
6023 1
6024 1
6025 1
6026 3
6027 1
6028 3
6029 0
6030 1
6031 3
6032 3
6033 1
6034 3
6035 1
6036 3
6037 3
6038 3
6039 1
6040 3
6041 1
6042 3
6043 3
6044 3
6045 1
6046 2
6047 3
6048 1
6049 1
6050 3
6051 1
6052 1
6053 0
6054 1
6055 1
6056 1
6057 1
6058 1
6059 1
6060 1
6061 1
6062 1
6063 1
6064 1
6065 1
6066 3
6067 1
6068 1
6069 3
6070 3
6071 3
6072 3
6073 3
6074 1
6075 0
6076 3
6077 1
6078 1
6079 3
6080 0
6081 1
6082 3
6083 3
6084 3
6085 1
6086 1
6087 3
6088 1
6089 1
6090 1
6091 3
6092 0
6093 1
6094 1
6095 1
6096 1
6097 1
6098 1
6099 1
6100 1
6101 3
6102 1
6103 1
6104 1
6105 0
6106 1
6107 1
6108 1
6109 1
6110 3
6111 3
6112 1
6113 1
6114 1
6115 1
6116 3
6117 3
6118 1
6119 1
6120 3
6121 1
6122 3
6123 1
6124 3
6125 1
6126 1
6127 3
6128 1
6129 3
6130 3
6131 3
6132 3
6133 1
6134 1
6135 3
6136 3
6137 1
6138 1
6139 1
6140 3
6141 1
6142 3
6143 3
6144 1
6145 3
6146 3
6147 1
6148 3
6149 1
6150 13
6151 3
6152 1
6153 3
6154 3
6155 3
6156 1
6157 1
6158 3
6159 1
6160 0
6161 1
6162 1
6163 3
6164 1
6165 0
6166 3
6167 6
6168 0
6169 3
6170 3
6171 3
6172 1
6173 1
6174 1
6175 1
6176 1
6177 1
6178 1
6179 3
6180 0
6181 1
6182 3
6183 3
6184 1
6185 3
6186 1
6187 1
6188 3
6189 1
6190 1
6191 3
6192 1
6193 0
6194 1
6195 1
6196 1
6197 1
6198 0
6199 1
6200 3
6201 1
6202 1
6203 1
6204 3
6205 1
6206 1
6207 1
6208 3
6209 1
6210 1
6211 1
6212 1
6213 1
6214 0
6215 1
6216 1
6217 3
6218 1
6219 1
6220 3
6221 1
6222 3
6223 3
6224 3
6225 1
6226 0
6227 3
6228 1
6229 0
6230 3
6231 1
6232 1
6233 3
6234 1
6235 3
6236 1
6237 3
6238 1
6239 1
6240 3
6241 1
6242 1
6243 1
6244 1
6245 1
6246 1
6247 1
6248 1
6249 1
6250 1
6251 1
6252 1
6253 1
6254 1
6255 1
6256 3
6257 3
6258 1
6259 1
6260 0
6261 3
6262 1
6263 1
6264 1
6265 1
6266 1
6267 3
6268 2
6269 1
6270 3
6271 3
6272 1
6273 1
6274 1
6275 1
6276 3
6277 3
6278 1
6279 1
6280 1
6281 3
6282 1
6283 0
6284 1
6285 3
6286 1
6287 1
6288 1
6289 1
6290 3
6291 1
6292 1
6293 1
6294 1
6295 1
6296 1
6297 1
6298 3
6299 1
6300 1
6301 1
6302 1
6303 3
6304 2
6305 1
6306 3
6307 3
6308 1
6309 2
6310 1
6311 1
6312 1
6313 1
6314 1
6315 1
6316 3
6317 1
6318 1
6319 3
6320 3
6321 3
6322 3
6323 3
6324 3
6325 10
6326 1
6327 1
6328 3
6329 1
6330 1
6331 1
6332 3
6333 1
6334 3
6335 1
6336 1
6337 1
6338 1
6339 1
6340 3
6341 1
6342 3
6343 1
6344 3
6345 0
6346 3
6347 3
6348 1
6349 3
6350 1
6351 1
6352 3
6353 1
6354 1
6355 3
6356 1
6357 1
6358 1
6359 3
6360 3
6361 1
6362 1
6363 1
6364 1
6365 1
6366 1
6367 3
6368 3
6369 0
6370 3
6371 3
6372 3
6373 1
6374 3
6375 3
6376 3
6377 3
6378 0
6379 3
6380 1
6381 0
6382 1
6383 3
6384 3
6385 3
6386 3
6387 1
6388 1
6389 1
6390 1
6391 1
6392 1
6393 3
6394 1
6395 1
6396 1
6397 3
6398 1
6399 1
6400 0
6401 1
6402 1
6403 1
6404 1
6405 3
6406 3
6407 3
6408 3
6409 3
6410 3
6411 3
6412 1
6413 3
6414 3
6415 3
6416 3
6417 1
6418 3
6419 3
6420 3
6421 3
6422 3
6423 3
6424 3
6425 3
6426 3
6427 0
6428 0
6429 3
6430 3
6431 3
6432 1
6433 1
6434 1
6435 0
6436 0
6437 0
6438 0
6439 0
6440 0
6441 3
6442 2
6443 1
6444 1
6445 3
6446 3
6447 1
6448 3
6449 3
6450 3
6451 1
6452 1
6453 1
6454 1
6455 1
6456 1
6457 3
6458 1
6459 3
6460 3
6461 2
6462 1
6463 3
6464 1
6465 1
6466 1
6467 1
6468 0
6469 1
6470 1
6471 3
6472 0
6473 1
6474 1
6475 1
6476 1
6477 1
6478 1
6479 1
6480 1
6481 1
6482 0
6483 1
6484 1
6485 1
6486 1
6487 1
6488 1
6489 1
6490 0
6491 1
6492 0
6493 0
6494 0
6495 2
6496 2
6497 11
6498 1
6499 0
6500 0
6501 0
6502 0
6503 3
6504 3
6505 3
6506 3
6507 3
6508 0
6509 3
6510 1
6511 1
6512 1
6513 3
6514 1
6515 3
6516 3
6517 3
6518 3
6519 3
6520 1
6521 3
6522 1
6523 0
6524 0
6525 3
6526 1
6527 0
6528 0
6529 0
6530 1
6531 1
6532 3
6533 1
6534 3
6535 1
6536 1
6537 1
6538 0
6539 0
6540 0
6541 0
6542 0
6543 3
6544 0
6545 0
6546 3
6547 0
6548 1
6549 0
6550 0
6551 0
6552 1
6553 0
6554 0
6555 0
6556 1
6557 1
6558 1
6559 0
6560 1
6561 1
6562 1
6563 1
6564 1
6565 1
6566 1
6567 1
6568 1
6569 1
6570 1
6571 3
6572 3
6573 1
6574 3
6575 3
6576 3
6577 3
6578 3
6579 1
6580 1
6581 1
6582 1
6583 1
6584 1
6585 0
6586 0
6587 0
6588 1
6589 1
6590 1
6591 1
6592 1
6593 1
6594 0
6595 0
6596 3
6597 0
6598 1
6599 1
6600 1
6601 3
6602 0
6603 3
6604 3
6605 3
6606 0
6607 0
6608 8
6609 2
6610 3
6611 1
6612 1
6613 3
6614 3
6615 3
6616 3
6617 1
6618 1
6619 0
6620 0
6621 1
6622 3
6623 1
6624 1
6625 1
6626 3
6627 1
6628 1
6629 1
6630 1
6631 1
6632 1
6633 3
6634 1
6635 1
6636 1
6637 0
6638 1
6639 1
6640 1
6641 3
6642 1
6643 1
6644 1
6645 1
6646 1
6647 1
6648 1
6649 1
6650 1
6651 8
6652 1
6653 1
6654 1
6655 1
6656 1
6657 1
6658 1
6659 1
6660 1
6661 1
6662 1
6663 1
6664 1
6665 1
6666 1
6667 1
6668 3
6669 3
6670 2
6671 0
6672 2
6673 2
6674 1
6675 1
6676 0
6677 0
6678 3
6679 1
6680 1
6681 0
6682 1
6683 0
6684 0
6685 3
6686 3
6687 2
6688 3
6689 3
6690 1
6691 1
6692 1
6693 3
6694 1
6695 1
6696 3
6697 1
6698 0
6699 1
6700 1
6701 1
6702 1
6703 1
6704 3
6705 1
6706 1
6707 1
6708 1
6709 3
6710 1
6711 1
6712 1
6713 12
6714 1
6715 1
6716 12
6717 12
6718 6
6719 12
6720 1
6721 1
6722 0
6723 0
6724 1
6725 1
6726 0
6727 0
6728 0
6729 1
6730 3
6731 1
6732 1
6733 1
6734 1
6735 0
6736 1
6737 1
6738 1
6739 1
6740 1
6741 1
6742 0
6743 1
6744 1
6745 1
6746 0
6747 1
6748 2
6749 1
6750 1
6751 1
6752 0
6753 3
6754 1
6755 2
6756 1
6757 1
6758 1
6759 1
6760 1
6761 1
6762 1
6763 1
6764 1
6765 1
6766 1
6767 1
6768 1
6769 1
6770 1
6771 1
6772 1
6773 1
6774 1
6775 1
6776 1
6777 1
6778 1
6779 1
6780 1
6781 1
6782 1
6783 1
6784 1
6785 1
6786 1
6787 1
6788 1
6789 1
6790 1
6791 1
6792 1
6793 1
6794 1
6795 1
6796 1
6797 1
6798 1
6799 1
6800 1
6801 1
6802 1
6803 3
6804 3
6805 3
6806 3
6807 1
6808 3
6809 1
6810 1
6811 1
6812 1
6813 1
6814 1
6815 1
6816 1
6817 1
6818 0
6819 1
6820 3
6821 2
6822 3
6823 3
6824 3
6825 3
6826 3
6827 1
6828 1
6829 1
6830 1
6831 0
6832 1
6833 1
6834 1
6835 3
6836 1
6837 3
6838 3
6839 1
6840 0
6841 1
6842 3
6843 1
6844 1
6845 1
6846 1
6847 3
6848 3
6849 1
6850 1
6851 0
6852 0
6853 3
6854 0
6855 0
6856 1
6857 1
6858 1
6859 1
6860 1
6861 1
6862 1
6863 1
6864 1
6865 0
6866 3
6867 3
6868 0
6869 1
6870 1
6871 1
6872 3
6873 1
6874 1
6875 8
6876 1
6877 1
6878 1
6879 1
6880 0
6881 3
6882 1
6883 1
6884 1
6885 0
6886 1
6887 1
6888 1
6889 1
6890 3
6891 1
6892 1
6893 1
6894 1
6895 1
6896 1
6897 1
6898 1
6899 1
6900 1
6901 3
6902 1
6903 1
6904 1
6905 1
6906 1
6907 1
6908 1
6909 1
6910 1
6911 1
6912 1
6913 1
6914 1
6915 1
6916 1
6917 1
6918 1
6919 1
6920 1
6921 1
6922 1
6923 1
6924 0
6925 1
6926 1
6927 1
6928 1
6929 1
6930 1
6931 1
6932 1
6933 1
6934 1
6935 1
6936 1
6937 1
6938 1
6939 1
6940 1
6941 1
6942 1
6943 1
6944 1
6945 1
6946 1
6947 1
6948 1
6949 1
6950 1
6951 1
6952 1
6953 1
6954 1
6955 1
6956 1
6957 1
6958 1
6959 1
6960 1
6961 1
6962 1
6963 1
6964 1
6965 1
6966 1
6967 1
6968 3
6969 1
6970 1
6971 1
6972 1
6973 1
6974 1
6975 1
6976 3
6977 3
6978 1
6979 1
6980 1
6981 3
6982 1
6983 1
6984 1
6985 1
6986 0
6987 0
6988 3
6989 3
6990 1
6991 1
6992 1
6993 3
6994 1
6995 3
6996 0
6997 1
6998 1
6999 1
7000 1
7001 8
7002 1
7003 8
7004 8
7005 3
7006 0
7007 1
7008 1
7009 1
7010 6
7011 1
7012 0
7013 3
7014 1
7015 0
7016 8
7017 1
7018 0
7019 1
7020 3
7021 3
7022 1
7023 1
7024 1
7025 1
7026 1
7027 1
7028 1
7029 1
7030 1
7031 1
7032 0
7033 1
7034 3
7035 1
7036 0
7037 1
7038 1
7039 1
7040 1
7041 1
7042 3
7043 3
7044 3
7045 1
7046 1
7047 6
7048 3
7049 1
7050 1
7051 1
7052 1
7053 6
7054 1
7055 6
7056 6
7057 1
7058 1
7059 1
7060 6
7061 1
7062 1
7063 6
7064 1
7065 6
7066 1
7067 1
7068 6
7069 1
7070 3
7071 1
7072 1
7073 0
7074 0
7075 2
7076 0
7077 0
7078 1
7079 3
7080 0
7081 0
7082 1
7083 1
7084 1
7085 0
7086 0
7087 3
7088 3
7089 1
7090 1
7091 3
7092 8
7093 3
7094 1
7095 1
7096 1
7097 1
7098 3
7099 3
7100 3
7101 3
7102 3
7103 0
7104 0
7105 0
7106 0
7107 0
7108 0
7109 0
7110 3
7111 1
7112 1
7113 1
7114 1
7115 1
7116 2
7117 0
7118 1
7119 3
7120 3
7121 3
7122 3
7123 3
7124 0
7125 0
7126 0
7127 0
7128 3
7129 3
7130 1
7131 13
7132 1
7133 13
7134 0
7135 1
7136 1
7137 1
7138 1
7139 1
7140 0
7141 1
7142 3
7143 1
7144 1
7145 1
7146 0
7147 3
7148 1
7149 1
7150 1
7151 3
7152 3
7153 1
7154 1
7155 1
7156 0
7157 1
7158 1
7159 1
7160 1
7161 1
7162 1
7163 1
7164 0
7165 1
7166 1
7167 1
7168 1
7169 1
7170 1
7171 1
7172 1
7173 1
7174 1
7175 0
7176 1
7177 1
7178 1
7179 1
7180 0
7181 1
7182 6
7183 1
7184 1
7185 1
7186 3
7187 1
7188 1
7189 1
7190 1
7191 1
7192 1
7193 1
7194 1
7195 1
7196 1
7197 1
7198 1
7199 0
7200 3
7201 3
7202 0
7203 3
7204 0
7205 1
7206 8
7207 0
7208 1
7209 1
7210 1
7211 1
7212 1
7213 1
7214 1
7215 1
7216 1
7217 1
7218 1
7219 1
7220 1
7221 1
7222 1
7223 1
7224 1
7225 1
7226 3
7227 1
7228 0
7229 0
7230 0
7231 8
7232 1
7233 6
7234 6
7235 6
7236 6
7237 6
7238 6
7239 6
7240 6
7241 6
7242 6
7243 6
7244 6
7245 6
7246 6
7247 6
7248 6
7249 6
7250 6
7251 6
7252 6
7253 6
7254 6
7255 6
7256 6
7257 6
7258 6
7259 6
7260 6
7261 6
7262 6
7263 6
7264 6
7265 6
7266 6
7267 1
7268 1
7269 1
7270 1
7271 1
7272 3
7273 1
7274 1
7275 1
7276 1
7277 1
7278 1
7279 1
7280 1
7281 1
7282 3
7283 1
7284 1
7285 1
7286 1
7287 1
7288 1
7289 1
7290 1
7291 0
7292 1
7293 1
7294 3
7295 3
7296 1
7297 1
7298 3
7299 2
7300 3
7301 0
7302 8
7303 1
7304 1
7305 1
7306 1
7307 0
7308 1
7309 1
7310 1
7311 3
7312 1
7313 1
7314 1
7315 3
7316 1
7317 1
7318 1
7319 1
7320 1
7321 1
7322 1
7323 1
7324 0
7325 1
7326 3
7327 1
7328 3
7329 1
7330 2
7331 0
7332 3
7333 3
7334 3
7335 3
7336 3
7337 3
7338 3
7339 3
7340 3
7341 3
7342 1
7343 3
7344 3
7345 1
7346 3
7347 1
7348 3
7349 3
7350 1
7351 3
7352 3
7353 3
7354 3
7355 1
7356 3
7357 2
7358 3
7359 3
7360 1
7361 3
7362 0
7363 3
7364 0
7365 3
7366 3
7367 3
7368 3
7369 0
7370 3
7371 3
7372 0
7373 0
7374 3
7375 1
7376 3
7377 0
7378 3
7379 3
7380 0
7381 1
7382 3
7383 1
7384 1
7385 3
7386 3
7387 3
7388 3
7389 3
7390 3
7391 1
7392 3
7393 1
7394 1
7395 1
7396 1
7397 3
7398 1
7399 3
7400 1
7401 1
7402 0
7403 1
7404 1
7405 3
7406 1
7407 1
7408 1
7409 3
7410 3
7411 3
7412 3
7413 3
7414 1
7415 3
7416 3
7417 3
7418 3
7419 3
7420 3
7421 1
7422 0
7423 1
7424 3
7425 3
7426 3
7427 3
7428 3
7429 1
7430 3
7431 3
7432 1
7433 3
7434 3
7435 1
7436 3
7437 1
7438 3
7439 1
7440 3
7441 3
7442 3
7443 3
7444 3
7445 3
7446 3
7447 3
7448 3
7449 0
7450 3
7451 0
7452 0
7453 0
7454 3
7455 3
7456 0
7457 0
7458 0
7459 0
7460 0
7461 1
7462 0
7463 0
7464 0
7465 3
7466 1
7467 1
7468 1
7469 1
7470 0
7471 0
7472 0
7473 1
7474 1
7475 2
7476 1
7477 3
7478 1
7479 1
7480 1
7481 1
7482 1
7483 1
7484 1
7485 1
7486 1
7487 1
7488 1
7489 1
7490 2
7491 1
7492 1
7493 1
7494 0
7495 0
7496 0
7497 0
7498 1
7499 1
7500 0
7501 3
7502 2
7503 0
7504 0
7505 0
7506 0
7507 1
7508 0
7509 1
7510 1
7511 1
7512 1
7513 1
7514 1
7515 3
7516 3
7517 1
7518 1
7519 1
7520 1
7521 1
7522 1
7523 1
7524 1
7525 1
7526 1
7527 0
7528 1
7529 1
7530 1
7531 1
7532 0
7533 1
7534 0
7535 0
7536 8
7537 0
7538 1
7539 1
7540 1
7541 1
7542 1
7543 1
7544 1
7545 1
7546 1
7547 1
7548 1
7549 1
7550 1
7551 1
7552 1
7553 1
7554 1
7555 1
7556 1
7557 1
7558 1
7559 1
7560 1
7561 1
7562 1
7563 1
7564 1
7565 1
7566 1
7567 1
7568 1
7569 1
7570 1
7571 0
7572 1
7573 1
7574 1
7575 0
7576 0
7577 1
7578 0
7579 3
7580 2
7581 8
7582 0
7583 3
7584 3
7585 3
7586 1
7587 3
7588 3
7589 1
7590 1
7591 1
7592 1
7593 1
7594 1
7595 1
7596 1
7597 1
7598 1
7599 1
7600 1
7601 1
7602 1
7603 0
7604 1
7605 0
7606 3
7607 0
7608 1
7609 1
7610 1
7611 0
7612 3
7613 2
7614 3
7615 3
7616 1
7617 1
7618 1
7619 1
7620 3
7621 1
7622 0
7623 0
7624 0
7625 3
7626 1
7627 3
7628 2
7629 1
7630 1
7631 1
7632 0
7633 0
7634 0
7635 0
7636 0
7637 0
7638 2
7639 2
7640 1
7641 2
7642 2
7643 2
7644 2
7645 2
7646 2
7647 2
7648 2
7649 0
7650 2
7651 0
7652 2
7653 2
7654 2
7655 0
7656 0
7657 0
7658 0
7659 1
7660 1
7661 1
7662 1
7663 1
7664 1
7665 0
7666 0
7667 3
7668 3
7669 3
7670 1
7671 1
7672 3
7673 3
7674 1
7675 1
7676 1
7677 3
7678 3
7679 3
7680 0
7681 3
7682 0
7683 0
7684 0
7685 0
7686 0
7687 0
7688 0
7689 0
7690 3
7691 0
7692 0
7693 0
7694 0
7695 1
7696 1
7697 1
7698 1
7699 1
7700 1
7701 1
7702 1
7703 1
7704 1
7705 1
7706 1
7707 1
7708 1
7709 1
7710 1
7711 1
7712 1
7713 1
7714 1
7715 1
7716 1
7717 1
7718 1
7719 1
7720 1
7721 1
7722 1
7723 1
7724 1
7725 1
7726 1
7727 1
7728 1
7729 1
7730 1
7731 1
7732 1
7733 1
7734 1
7735 1
7736 1
7737 1
7738 1
7739 0
7740 0
7741 0
7742 0
7743 0
7744 0
7745 0
7746 1
7747 3
7748 3
7749 0
7750 3
7751 0
7752 1
7753 2
7754 2
7755 2
7756 2
7757 3
7758 3
7759 0
7760 0
7761 1
7762 1
7763 1
7764 1
7765 1
7766 1
7767 3
7768 3
7769 0
7770 3
7771 3
7772 0
7773 0
7774 3
7775 0
7776 1
7777 1
7778 1
7779 1
7780 0
7781 0
7782 0
7783 3
7784 3
7785 1
7786 3
7787 3
7788 1
7789 3
7790 1
7791 1
7792 1
7793 0
7794 0
7795 0
7796 0
7797 0
7798 0
7799 0
7800 1
7801 1
7802 3
7803 3
7804 1
7805 1
7806 1
7807 3
7808 0
7809 3
7810 0
7811 8
7812 8
7813 8
7814 8
7815 8
7816 8
7817 3
7818 3
7819 1
7820 1
7821 1
7822 1
7823 1
7824 1
7825 1
7826 0
7827 1
7828 1
7829 0
7830 0
7831 1
7832 1
7833 1
7834 1
7835 1
7836 1
7837 1
7838 1
7839 0
7840 0
7841 0
7842 14
7843 14
7844 14
7845 0
7846 0
7847 1
7848 1
7849 1
7850 1
7851 1
7852 0
7853 1
7854 1
7855 1
7856 1
7857 1
7858 1
7859 1
7860 0
7861 1
7862 1
7863 1
7864 3
7865 1
7866 1
7867 1
7868 1
7869 1
7870 0
7871 1
7872 3
7873 1
7874 3
7875 0
7876 3
7877 0
7878 1
7879 1
7880 0
7881 1
7882 1
7883 1
7884 1
7885 1
7886 0
7887 15
7888 15
7889 15
7890 15
7891 15
7892 1
7893 1
7894 1
7895 1
7896 3
7897 0
7898 1
7899 1
7900 0
7901 0
7902 3
7903 1
7904 1
7905 1
7906 1
7907 1
7908 1
7909 1
7910 1
7911 1
7912 1
7913 1
7914 1
7915 3
7916 1
7917 3
7918 3
7919 3
7920 0
7921 1
7922 3
7923 0
7924 0
7925 1
7926 1
7927 1
7928 1
7929 1
7930 1
7931 1
7932 16
7933 0
7934 1
7935 1
7936 1
7937 1
7938 1
7939 1
7940 0
7941 0
7942 0
7943 1
7944 1
7945 0
7946 3
7947 3
7948 3
7949 3
7950 3
7951 3
7952 3
7953 0
7954 1
7955 16
7956 3
7957 3
7958 1
7959 8
7960 8
7961 8
7962 8
7963 8
7964 8
7965 8
7966 8
7967 8
7968 1
7969 1
7970 0
7971 16
7972 0
7973 1
7974 3
7975 3
7976 0
7977 1
7978 1
7979 0
7980 1
7981 1
7982 1
7983 1
7984 1
7985 1
7986 1
7987 1
7988 0
7989 0
7990 0
7991 0
7992 0
7993 0
7994 0
7995 0
7996 1
7997 0
7998 0
7999 1
8000 1
8001 1
8002 1
8003 1
8004 1
8005 1
8006 1
8007 0
8008 0
8009 0
8010 6
8011 6
8012 1
8013 1
8014 1
8015 1
8016 1
8017 1
8018 1
8019 1
8020 1
8021 1
8022 1
8023 1
8024 1
8025 1
8026 1
8027 0
8028 3
8029 3
8030 0
8031 0
network of communities computed : Thu Jan  7 08:42:32 2010

network : 17 nodes, 95 links, 78246632 weight.
pass number 1 of -1 : 0.153713 0.15371
pass number 2 of -1 : 0.153713 0.153713
communities computed : Thu Jan  7 08:42:32 2010
modularity increased from 0.15371 to 0.153713
0 0
1 1
2 2
3 4
4 1
5 0
6 3
7 1
8 1
9 2
10 2
11 1
12 3
13 1
14 4
15 4
16 4
network of communities computed : Thu Jan  7 08:42:32 2010

network : 5 nodes, 23 links, 78246632 weight.
pass number 1 of -1 : 0.153713 0.153713
communities computed : Thu Jan  7 08:42:32 2010
modularity increased from 0.153713 to 0.153713
0 0
1 1
2 2
3 3
4 4
network of communities computed : Thu Jan  7 08:42:32 2010
1e-06 0.153713 135
