Sender: LSF System <lsfadmin@bc09-n04>
Subject: Job 429316: <comm_pct11> Done

Job <comm_pct11> was submitted from host <bc10-n13> by user <jabloche> in cluster <lucky>.
Job was executed on host(s) <bc09-n04>, in queue <week>, as user <jabloche> in cluster <lucky>.
</afs/isis.unc.edu/home/j/a/jabloche> was used as the home directory.
</netscr/jabloche/FirmNetworks/cLouvain> was used as the working directory.
Started at Thu Jan  7 08:40:22 2010
Results reported at Thu Jan  7 08:47:23 2010

Your job looked like:

------------------------------------------------------------
# LSBATCH: User input
/netscr/jabloche/FirmNetworks/cLouvain/community /smallfs/jabloche/fn_edge/el_pct11.bin -l -1 -w
------------------------------------------------------------

Successfully completed.

Resource usage summary:

    CPU time   :    315.08 sec.
    Max Memory :       252 MB
    Max Swap   :       401 MB

    Max Processes  :         4
    Max Threads    :         4

The output (if any) follows:

Your home directory for this job is /netscr/jabloche
start : Thu Jan  7 08:40:27 2010
total : 16138556
file read : Thu Jan  7 08:42:08 2010
network : 8541 nodes, 16138556 links, 245194024 weight.
pass number 1 of -1 : 0.0637487 -0.000213973
pass number 2 of -1 : 0.0729504 0.0637487
pass number 3 of -1 : 0.0753673 0.0729504
pass number 4 of -1 : 0.078254 0.0753673
pass number 5 of -1 : 0.0799893 0.078254
pass number 6 of -1 : 0.0807299 0.0799893
pass number 7 of -1 : 0.08092 0.0807299
pass number 8 of -1 : 0.0809945 0.08092
pass number 9 of -1 : 0.0810197 0.0809945
pass number 10 of -1 : 0.0810264 0.0810197
pass number 11 of -1 : 0.081028 0.0810264
pass number 12 of -1 : 0.0810282 0.081028
communities computed : Thu Jan  7 08:47:22 2010
modularity increased from -0.000213973 to 0.0810282
0 7
1 1
2 7
3 7
4 7
5 6
6 7
7 6
8 7
9 6
10 7
11 7
12 6
13 7
14 7
15 7
16 7
17 7
18 7
19 7
20 7
21 6
22 7
23 7
24 7
25 7
26 7
27 7
28 7
29 7
30 6
31 7
32 7
33 6
34 7
35 7
36 7
37 6
38 7
39 7
40 7
41 6
42 6
43 7
44 7
45 6
46 7
47 6
48 6
49 7
50 7
51 7
52 7
53 7
54 7
55 7
56 7
57 7
58 7
59 7
60 7
61 7
62 7
63 7
64 7
65 7
66 6
67 7
68 7
69 6
70 7
71 7
72 7
73 7
74 7
75 7
76 7
77 7
78 7
79 6
80 7
81 7
82 6
83 7
84 7
85 7
86 6
87 7
88 7
89 7
90 7
91 7
92 1
93 1
94 0
95 6
96 6
97 7
98 1
99 6
100 6
101 1
102 6
103 1
104 7
105 7
106 7
107 1
108 6
109 1
110 1
111 1
112 7
113 1
114 6
115 7
116 6
117 0
118 6
119 1
120 1
121 7
122 1
123 1
124 1
125 1
126 1
127 7
128 6
129 7
130 6
131 7
132 7
133 6
134 6
135 6
136 7
137 7
138 6
139 7
140 7
141 7
142 7
143 7
144 6
145 6
146 6
147 7
148 6
149 7
150 6
151 6
152 6
153 6
154 7
155 7
156 7
157 7
158 7
159 7
160 7
161 7
162 7
163 6
164 7
165 6
166 6
167 0
168 7
169 7
170 7
171 6
172 7
173 6
174 7
175 7
176 6
177 7
178 7
179 7
180 6
181 6
182 7
183 6
184 6
185 7
186 6
187 6
188 7
189 7
190 6
191 6
192 6
193 6
194 7
195 7
196 7
197 6
198 6
199 7
200 7
201 6
202 1
203 6
204 1
205 0
206 6
207 7
208 6
209 7
210 7
211 7
212 7
213 6
214 6
215 6
216 7
217 6
218 6
219 7
220 6
221 6
222 7
223 6
224 6
225 7
226 7
227 7
228 6
229 7
230 7
231 7
232 7
233 0
234 7
235 7
236 6
237 6
238 7
239 7
240 7
241 7
242 7
243 7
244 7
245 7
246 7
247 6
248 7
249 7
250 6
251 7
252 7
253 6
254 7
255 6
256 6
257 6
258 7
259 7
260 6
261 0
262 7
263 6
264 7
265 0
266 7
267 7
268 7
269 7
270 6
271 1
272 7
273 7
274 6
275 7
276 7
277 7
278 0
279 6
280 6
281 7
282 7
283 7
284 7
285 1
286 7
287 7
288 6
289 7
290 6
291 6
292 7
293 7
294 6
295 6
296 6
297 6
298 7
299 6
300 6
301 7
302 7
303 7
304 7
305 7
306 7
307 7
308 7
309 7
310 7
311 6
312 6
313 7
314 6
315 0
316 7
317 7
318 6
319 6
320 6
321 6
322 6
323 7
324 7
325 7
326 7
327 7
328 7
329 6
330 7
331 6
332 6
333 1
334 6
335 7
336 6
337 6
338 7
339 7
340 7
341 7
342 7
343 6
344 7
345 7
346 6
347 7
348 6
349 7
350 6
351 7
352 6
353 7
354 6
355 6
356 6
357 6
358 6
359 7
360 6
361 6
362 7
363 7
364 7
365 6
366 7
367 7
368 7
369 0
370 0
371 7
372 0
373 7
374 7
375 1
376 7
377 7
378 6
379 7
380 6
381 6
382 6
383 7
384 7
385 7
386 7
387 6
388 7
389 6
390 7
391 7
392 7
393 7
394 7
395 7
396 0
397 7
398 7
399 7
400 0
401 7
402 7
403 7
404 7
405 6
406 6
407 7
408 7
409 6
410 7
411 7
412 7
413 6
414 6
415 6
416 7
417 7
418 6
419 0
420 0
421 7
422 7
423 7
424 6
425 7
426 6
427 7
428 1
429 7
430 7
431 1
432 7
433 7
434 6
435 6
436 7
437 7
438 0
439 6
440 7
441 7
442 6
443 6
444 6
445 6
446 7
447 7
448 1
449 6
450 7
451 6
452 7
453 7
454 6
455 0
456 7
457 6
458 6
459 7
460 6
461 7
462 6
463 6
464 6
465 7
466 7
467 6
468 7
469 6
470 6
471 7
472 7
473 7
474 6
475 7
476 7
477 7
478 7
479 6
480 7
481 6
482 7
483 6
484 6
485 6
486 7
487 6
488 7
489 7
490 6
491 7
492 6
493 7
494 7
495 7
496 7
497 7
498 7
499 6
500 6
501 7
502 6
503 7
504 7
505 7
506 6
507 7
508 6
509 7
510 6
511 0
512 7
513 7
514 6
515 7
516 7
517 7
518 7
519 7
520 6
521 6
522 6
523 0
524 7
525 7
526 1
527 6
528 7
529 7
530 6
531 7
532 7
533 6
534 6
535 6
536 6
537 6
538 6
539 7
540 7
541 7
542 7
543 7
544 7
545 7
546 6
547 7
548 6
549 6
550 1
551 6
552 6
553 7
554 6
555 6
556 6
557 1
558 6
559 6
560 7
561 6
562 6
563 0
564 6
565 7
566 7
567 6
568 6
569 7
570 7
571 7
572 7
573 6
574 6
575 6
576 7
577 7
578 6
579 1
580 7
581 7
582 7
583 7
584 7
585 7
586 7
587 7
588 6
589 7
590 6
591 7
592 7
593 7
594 6
595 7
596 0
597 7
598 7
599 6
600 7
601 6
602 1
603 6
604 7
605 7
606 7
607 7
608 6
609 7
610 7
611 6
612 7
613 7
614 6
615 6
616 7
617 6
618 7
619 6
620 7
621 7
622 7
623 6
624 6
625 7
626 7
627 7
628 6
629 7
630 7
631 0
632 7
633 7
634 7
635 7
636 7
637 7
638 6
639 7
640 7
641 0
642 7
643 0
644 6
645 7
646 6
647 7
648 7
649 6
650 6
651 7
652 7
653 7
654 7
655 6
656 6
657 7
658 7
659 7
660 7
661 6
662 6
663 7
664 6
665 1
666 6
667 6
668 6
669 6
670 7
671 7
672 7
673 6
674 6
675 7
676 6
677 0
678 7
679 6
680 7
681 7
682 7
683 6
684 7
685 6
686 6
687 7
688 6
689 7
690 7
691 6
692 7
693 7
694 1
695 0
696 1
697 7
698 6
699 6
700 7
701 7
702 7
703 7
704 7
705 6
706 7
707 7
708 6
709 7
710 7
711 7
712 7
713 6
714 7
715 6
716 6
717 7
718 6
719 7
720 7
721 0
722 6
723 7
724 7
725 6
726 6
727 7
728 7
729 7
730 7
731 7
732 7
733 7
734 0
735 7
736 6
737 1
738 7
739 7
740 1
741 0
742 7
743 1
744 6
745 6
746 1
747 7
748 7
749 6
750 7
751 6
752 6
753 6
754 7
755 7
756 6
757 7
758 7
759 7
760 7
761 6
762 6
763 7
764 6
765 7
766 7
767 6
768 7
769 6
770 7
771 7
772 7
773 7
774 7
775 6
776 7
777 6
778 6
779 6
780 7
781 7
782 7
783 6
784 7
785 6
786 6
787 6
788 7
789 6
790 6
791 7
792 6
793 6
794 6
795 6
796 6
797 7
798 7
799 7
800 6
801 7
802 6
803 7
804 7
805 6
806 7
807 7
808 6
809 6
810 6
811 6
812 0
813 7
814 7
815 7
816 6
817 6
818 6
819 6
820 7
821 7
822 7
823 7
824 7
825 6
826 7
827 7
828 7
829 7
830 7
831 7
832 6
833 7
834 6
835 7
836 1
837 7
838 6
839 7
840 6
841 6
842 7
843 7
844 6
845 7
846 7
847 6
848 0
849 6
850 6
851 7
852 6
853 0
854 6
855 7
856 6
857 1
858 7
859 0
860 7
861 7
862 7
863 7
864 7
865 7
866 7
867 7
868 7
869 7
870 7
871 6
872 6
873 7
874 7
875 6
876 6
877 7
878 6
879 7
880 6
881 7
882 7
883 6
884 7
885 6
886 6
887 7
888 7
889 6
890 7
891 6
892 7
893 7
894 6
895 7
896 6
897 7
898 6
899 1
900 7
901 6
902 7
903 6
904 1
905 6
906 7
907 7
908 6
909 7
910 6
911 7
912 7
913 6
914 6
915 6
916 7
917 7
918 6
919 7
920 7
921 7
922 6
923 6
924 6
925 7
926 6
927 7
928 1
929 6
930 6
931 7
932 7
933 7
934 6
935 1
936 7
937 6
938 7
939 6
940 6
941 6
942 6
943 7
944 7
945 6
946 7
947 7
948 1
949 7
950 7
951 7
952 6
953 6
954 7
955 1
956 7
957 6
958 7
959 7
960 6
961 7
962 7
963 7
964 7
965 6
966 7
967 7
968 7
969 6
970 7
971 7
972 7
973 6
974 6
975 7
976 6
977 7
978 6
979 6
980 6
981 7
982 7
983 6
984 6
985 7
986 6
987 7
988 6
989 6
990 6
991 6
992 7
993 6
994 7
995 7
996 6
997 7
998 6
999 7
1000 7
1001 7
1002 7
1003 7
1004 1
1005 7
1006 7
1007 7
1008 7
1009 7
1010 7
1011 7
1012 6
1013 7
1014 1
1015 1
1016 1
1017 7
1018 6
1019 7
1020 6
1021 7
1022 7
1023 7
1024 6
1025 6
1026 7
1027 1
1028 1
1029 1
1030 7
1031 7
1032 1
1033 7
1034 1
1035 7
1036 1
1037 1
1038 0
1039 7
1040 0
1041 7
1042 7
1043 7
1044 7
1045 1
1046 7
1047 6
1048 7
1049 7
1050 7
1051 1
1052 7
1053 7
1054 1
1055 7
1056 7
1057 7
1058 7
1059 1
1060 1
1061 7
1062 1
1063 1
1064 1
1065 7
1066 7
1067 7
1068 6
1069 7
1070 7
1071 7
1072 1
1073 7
1074 7
1075 7
1076 6
1077 1
1078 7
1079 7
1080 1
1081 7
1082 7
1083 7
1084 7
1085 7
1086 6
1087 6
1088 7
1089 1
1090 6
1091 7
1092 7
1093 1
1094 1
1095 7
1096 6
1097 6
1098 1
1099 6
1100 1
1101 7
1102 1
1103 7
1104 6
1105 7
1106 6
1107 6
1108 7
1109 7
1110 6
1111 1
1112 7
1113 7
1114 7
1115 6
1116 1
1117 7
1118 7
1119 7
1120 6
1121 1
1122 7
1123 7
1124 1
1125 7
1126 4
1127 1
1128 7
1129 1
1130 6
1131 6
1132 7
1133 7
1134 7
1135 7
1136 7
1137 6
1138 7
1139 7
1140 6
1141 7
1142 7
1143 7
1144 7
1145 7
1146 7
1147 6
1148 0
1149 7
1150 7
1151 7
1152 6
1153 6
1154 1
1155 6
1156 6
1157 7
1158 6
1159 6
1160 1
1161 6
1162 6
1163 7
1164 7
1165 7
1166 7
1167 6
1168 6
1169 0
1170 6
1171 6
1172 6
1173 6
1174 6
1175 1
1176 7
1177 6
1178 7
1179 6
1180 0
1181 7
1182 6
1183 1
1184 7
1185 7
1186 1
1187 7
1188 7
1189 6
1190 6
1191 6
1192 6
1193 6
1194 7
1195 1
1196 7
1197 6
1198 6
1199 6
1200 7
1201 6
1202 6
1203 6
1204 1
1205 0
1206 0
1207 7
1208 6
1209 6
1210 7
1211 6
1212 7
1213 6
1214 6
1215 7
1216 6
1217 0
1218 6
1219 6
1220 1
1221 6
1222 0
1223 7
1224 7
1225 6
1226 1
1227 1
1228 6
1229 6
1230 1
1231 6
1232 1
1233 1
1234 1
1235 6
1236 1
1237 6
1238 7
1239 6
1240 7
1241 1
1242 6
1243 1
1244 1
1245 6
1246 1
1247 1
1248 0
1249 1
1250 1
1251 1
1252 7
1253 1
1254 1
1255 1
1256 1
1257 1
1258 1
1259 1
1260 1
1261 1
1262 1
1263 1
1264 1
1265 1
1266 1
1267 1
1268 1
1269 6
1270 1
1271 6
1272 1
1273 1
1274 1
1275 6
1276 1
1277 1
1278 1
1279 1
1280 1
1281 1
1282 1
1283 7
1284 1
1285 1
1286 7
1287 1
1288 7
1289 1
1290 1
1291 1
1292 0
1293 0
1294 6
1295 1
1296 1
1297 1
1298 6
1299 1
1300 1
1301 1
1302 1
1303 6
1304 1
1305 1
1306 1
1307 1
1308 1
1309 1
1310 7
1311 1
1312 1
1313 1
1314 1
1315 1
1316 1
1317 6
1318 1
1319 1
1320 1
1321 1
1322 1
1323 1
1324 1
1325 1
1326 1
1327 1
1328 6
1329 1
1330 1
1331 1
1332 1
1333 0
1334 1
1335 6
1336 1
1337 1
1338 1
1339 6
1340 1
1341 1
1342 1
1343 1
1344 1
1345 1
1346 1
1347 1
1348 6
1349 1
1350 6
1351 1
1352 6
1353 7
1354 1
1355 1
1356 7
1357 1
1358 1
1359 1
1360 7
1361 6
1362 7
1363 7
1364 7
1365 6
1366 7
1367 6
1368 7
1369 7
1370 7
1371 6
1372 1
1373 7
1374 7
1375 7
1376 6
1377 7
1378 7
1379 7
1380 7
1381 7
1382 7
1383 1
1384 7
1385 6
1386 7
1387 6
1388 6
1389 6
1390 7
1391 7
1392 6
1393 7
1394 7
1395 7
1396 6
1397 7
1398 7
1399 7
1400 7
1401 7
1402 7
1403 7
1404 1
1405 7
1406 7
1407 7
1408 7
1409 6
1410 7
1411 7
1412 6
1413 7
1414 7
1415 6
1416 7
1417 6
1418 6
1419 6
1420 7
1421 7
1422 6
1423 7
1424 7
1425 7
1426 7
1427 7
1428 7
1429 7
1430 7
1431 7
1432 7
1433 7
1434 6
1435 7
1436 7
1437 7
1438 7
1439 7
1440 7
1441 7
1442 7
1443 7
1444 7
1445 7
1446 7
1447 7
1448 7
1449 7
1450 7
1451 6
1452 7
1453 7
1454 7
1455 0
1456 7
1457 7
1458 7
1459 7
1460 6
1461 7
1462 6
1463 6
1464 7
1465 7
1466 7
1467 7
1468 7
1469 7
1470 7
1471 0
1472 7
1473 6
1474 6
1475 7
1476 7
1477 6
1478 6
1479 7
1480 7
1481 7
1482 6
1483 6
1484 7
1485 7
1486 7
1487 7
1488 7
1489 7
1490 7
1491 6
1492 7
1493 7
1494 0
1495 7
1496 6
1497 7
1498 7
1499 7
1500 6
1501 7
1502 7
1503 7
1504 7
1505 7
1506 7
1507 7
1508 7
1509 7
1510 7
1511 7
1512 7
1513 7
1514 7
1515 7
1516 6
1517 7
1518 6
1519 6
1520 6
1521 7
1522 6
1523 7
1524 7
1525 7
1526 6
1527 1
1528 7
1529 6
1530 7
1531 1
1532 7
1533 0
1534 7
1535 6
1536 6
1537 6
1538 1
1539 0
1540 6
1541 7
1542 7
1543 6
1544 6
1545 6
1546 6
1547 6
1548 6
1549 7
1550 7
1551 6
1552 6
1553 6
1554 6
1555 7
1556 6
1557 7
1558 6
1559 7
1560 6
1561 6
1562 6
1563 7
1564 1
1565 6
1566 7
1567 7
1568 7
1569 7
1570 6
1571 6
1572 7
1573 7
1574 6
1575 6
1576 7
1577 7
1578 7
1579 7
1580 0
1581 7
1582 7
1583 6
1584 1
1585 6
1586 7
1587 0
1588 1
1589 6
1590 6
1591 6
1592 0
1593 1
1594 6
1595 7
1596 6
1597 6
1598 7
1599 7
1600 7
1601 7
1602 6
1603 6
1604 1
1605 6
1606 7
1607 7
1608 1
1609 1
1610 1
1611 1
1612 0
1613 1
1614 6
1615 0
1616 6
1617 1
1618 1
1619 7
1620 6
1621 0
1622 1
1623 6
1624 7
1625 1
1626 1
1627 7
1628 6
1629 7
1630 7
1631 7
1632 7
1633 6
1634 1
1635 7
1636 7
1637 6
1638 6
1639 6
1640 6
1641 1
1642 1
1643 0
1644 7
1645 1
1646 6
1647 7
1648 6
1649 7
1650 6
1651 6
1652 1
1653 7
1654 7
1655 6
1656 7
1657 6
1658 6
1659 7
1660 6
1661 7
1662 6
1663 6
1664 1
1665 6
1666 7
1667 6
1668 7
1669 7
1670 7
1671 7
1672 1
1673 7
1674 7
1675 6
1676 7
1677 7
1678 7
1679 7
1680 7
1681 6
1682 1
1683 1
1684 7
1685 7
1686 1
1687 6
1688 6
1689 6
1690 1
1691 7
1692 7
1693 6
1694 7
1695 7
1696 0
1697 1
1698 7
1699 1
1700 6
1701 6
1702 6
1703 6
1704 6
1705 1
1706 6
1707 1
1708 6
1709 7
1710 1
1711 7
1712 7
1713 7
1714 7
1715 0
1716 1
1717 6
1718 7
1719 1
1720 7
1721 6
1722 7
1723 7
1724 7
1725 6
1726 1
1727 6
1728 0
1729 7
1730 0
1731 1
1732 7
1733 1
1734 1
1735 1
1736 1
1737 6
1738 7
1739 0
1740 7
1741 6
1742 1
1743 7
1744 7
1745 7
1746 6
1747 0
1748 6
1749 0
1750 0
1751 6
1752 7
1753 1
1754 7
1755 7
1756 6
1757 0
1758 6
1759 0
1760 0
1761 7
1762 7
1763 6
1764 1
1765 7
1766 6
1767 0
1768 6
1769 6
1770 1
1771 7
1772 7
1773 0
1774 1
1775 1
1776 1
1777 6
1778 1
1779 7
1780 7
1781 1
1782 1
1783 1
1784 6
1785 1
1786 1
1787 1
1788 6
1789 1
1790 1
1791 1
1792 6
1793 7
1794 7
1795 7
1796 0
1797 0
1798 1
1799 6
1800 7
1801 6
1802 7
1803 7
1804 1
1805 7
1806 7
1807 7
1808 7
1809 1
1810 7
1811 7
1812 7
1813 7
1814 1
1815 0
1816 7
1817 7
1818 7
1819 6
1820 1
1821 6
1822 6
1823 6
1824 6
1825 1
1826 6
1827 7
1828 6
1829 7
1830 1
1831 7
1832 1
1833 1
1834 6
1835 1
1836 7
1837 6
1838 7
1839 6
1840 7
1841 6
1842 1
1843 7
1844 6
1845 0
1846 6
1847 1
1848 1
1849 6
1850 1
1851 6
1852 6
1853 1
1854 6
1855 7
1856 0
1857 7
1858 7
1859 7
1860 6
1861 6
1862 7
1863 7
1864 7
1865 7
1866 6
1867 7
1868 1
1869 1
1870 1
1871 7
1872 7
1873 7
1874 1
1875 0
1876 7
1877 7
1878 6
1879 7
1880 7
1881 0
1882 6
1883 7
1884 6
1885 0
1886 7
1887 6
1888 0
1889 6
1890 7
1891 6
1892 6
1893 7
1894 6
1895 7
1896 7
1897 7
1898 1
1899 7
1900 6
1901 1
1902 6
1903 6
1904 7
1905 6
1906 1
1907 1
1908 7
1909 7
1910 6
1911 6
1912 6
1913 7
1914 7
1915 1
1916 1
1917 1
1918 1
1919 7
1920 7
1921 7
1922 6
1923 6
1924 1
1925 1
1926 1
1927 6
1928 0
1929 6
1930 1
1931 1
1932 7
1933 1
1934 1
1935 1
1936 1
1937 1
1938 1
1939 7
1940 1
1941 1
1942 1
1943 1
1944 1
1945 6
1946 7
1947 7
1948 6
1949 7
1950 1
1951 0
1952 1
1953 1
1954 1
1955 7
1956 6
1957 1
1958 1
1959 0
1960 7
1961 1
1962 7
1963 6
1964 1
1965 1
1966 7
1967 1
1968 1
1969 1
1970 1
1971 1
1972 7
1973 0
1974 1
1975 1
1976 1
1977 7
1978 1
1979 1
1980 1
1981 1
1982 1
1983 7
1984 7
1985 1
1986 7
1987 0
1988 0
1989 1
1990 0
1991 1
1992 1
1993 1
1994 1
1995 6
1996 1
1997 1
1998 1
1999 1
2000 1
2001 1
2002 1
2003 0
2004 1
2005 1
2006 1
2007 6
2008 7
2009 7
2010 1
2011 0
2012 1
2013 7
2014 1
2015 1
2016 7
2017 7
2018 1
2019 1
2020 1
2021 6
2022 1
2023 1
2024 6
2025 1
2026 0
2027 1
2028 1
2029 1
2030 7
2031 1
2032 1
2033 7
2034 1
2035 1
2036 1
2037 1
2038 0
2039 0
2040 1
2041 1
2042 1
2043 1
2044 1
2045 7
2046 1
2047 1
2048 1
2049 1
2050 6
2051 1
2052 7
2053 7
2054 1
2055 1
2056 1
2057 6
2058 7
2059 1
2060 6
2061 0
2062 7
2063 7
2064 6
2065 6
2066 0
2067 1
2068 6
2069 1
2070 6
2071 0
2072 1
2073 6
2074 7
2075 0
2076 6
2077 1
2078 0
2079 1
2080 6
2081 0
2082 6
2083 7
2084 7
2085 7
2086 7
2087 6
2088 6
2089 6
2090 1
2091 6
2092 1
2093 7
2094 7
2095 7
2096 7
2097 7
2098 1
2099 7
2100 7
2101 1
2102 12
2103 7
2104 1
2105 6
2106 7
2107 6
2108 1
2109 7
2110 7
2111 7
2112 6
2113 7
2114 0
2115 6
2116 1
2117 6
2118 7
2119 7
2120 7
2121 12
2122 7
2123 1
2124 7
2125 1
2126 1
2127 0
2128 0
2129 6
2130 7
2131 7
2132 7
2133 7
2134 7
2135 0
2136 1
2137 1
2138 0
2139 7
2140 7
2141 7
2142 7
2143 7
2144 7
2145 1
2146 1
2147 1
2148 1
2149 7
2150 7
2151 7
2152 7
2153 7
2154 7
2155 7
2156 7
2157 6
2158 7
2159 7
2160 6
2161 1
2162 1
2163 1
2164 1
2165 6
2166 6
2167 6
2168 6
2169 7
2170 7
2171 7
2172 7
2173 0
2174 1
2175 7
2176 7
2177 7
2178 7
2179 6
2180 7
2181 7
2182 7
2183 7
2184 7
2185 7
2186 1
2187 7
2188 1
2189 6
2190 7
2191 7
2192 1
2193 7
2194 7
2195 1
2196 7
2197 6
2198 7
2199 7
2200 7
2201 7
2202 7
2203 1
2204 1
2205 7
2206 7
2207 7
2208 1
2209 7
2210 7
2211 1
2212 7
2213 7
2214 6
2215 12
2216 1
2217 6
2218 1
2219 7
2220 7
2221 12
2222 1
2223 7
2224 7
2225 1
2226 1
2227 7
2228 6
2229 6
2230 7
2231 7
2232 6
2233 1
2234 1
2235 0
2236 1
2237 7
2238 7
2239 7
2240 7
2241 7
2242 1
2243 6
2244 7
2245 6
2246 7
2247 1
2248 7
2249 6
2250 6
2251 7
2252 6
2253 7
2254 6
2255 7
2256 6
2257 7
2258 1
2259 6
2260 7
2261 0
2262 6
2263 0
2264 7
2265 1
2266 6
2267 6
2268 6
2269 6
2270 7
2271 7
2272 1
2273 1
2274 6
2275 7
2276 1
2277 7
2278 6
2279 6
2280 6
2281 7
2282 1
2283 0
2284 6
2285 7
2286 7
2287 6
2288 7
2289 0
2290 6
2291 6
2292 6
2293 1
2294 6
2295 7
2296 7
2297 7
2298 6
2299 6
2300 7
2301 6
2302 6
2303 6
2304 7
2305 6
2306 7
2307 6
2308 6
2309 0
2310 7
2311 0
2312 6
2313 6
2314 1
2315 6
2316 7
2317 7
2318 0
2319 6
2320 6
2321 7
2322 7
2323 7
2324 7
2325 6
2326 7
2327 1
2328 7
2329 1
2330 7
2331 6
2332 1
2333 1
2334 7
2335 0
2336 6
2337 1
2338 6
2339 0
2340 6
2341 7
2342 1
2343 1
2344 6
2345 1
2346 7
2347 7
2348 1
2349 1
2350 6
2351 6
2352 1
2353 7
2354 6
2355 7
2356 6
2357 0
2358 1
2359 7
2360 6
2361 7
2362 1
2363 1
2364 7
2365 1
2366 7
2367 7
2368 1
2369 6
2370 6
2371 0
2372 1
2373 1
2374 0
2375 7
2376 6
2377 7
2378 7
2379 6
2380 7
2381 7
2382 7
2383 7
2384 0
2385 6
2386 7
2387 1
2388 6
2389 1
2390 7
2391 0
2392 1
2393 7
2394 7
2395 1
2396 1
2397 6
2398 7
2399 7
2400 7
2401 7
2402 7
2403 7
2404 7
2405 7
2406 1
2407 7
2408 6
2409 1
2410 6
2411 6
2412 6
2413 7
2414 6
2415 1
2416 1
2417 6
2418 1
2419 7
2420 1
2421 7
2422 6
2423 0
2424 0
2425 7
2426 6
2427 7
2428 1
2429 1
2430 6
2431 1
2432 6
2433 7
2434 6
2435 7
2436 6
2437 1
2438 7
2439 6
2440 7
2441 1
2442 1
2443 7
2444 7
2445 6
2446 7
2447 7
2448 7
2449 1
2450 7
2451 6
2452 7
2453 7
2454 7
2455 6
2456 6
2457 7
2458 6
2459 0
2460 1
2461 6
2462 6
2463 6
2464 1
2465 6
2466 7
2467 7
2468 1
2469 7
2470 6
2471 7
2472 7
2473 6
2474 6
2475 1
2476 1
2477 6
2478 7
2479 0
2480 7
2481 7
2482 1
2483 7
2484 7
2485 6
2486 6
2487 7
2488 7
2489 0
2490 1
2491 6
2492 7
2493 7
2494 0
2495 7
2496 1
2497 6
2498 6
2499 7
2500 6
2501 6
2502 6
2503 1
2504 7
2505 7
2506 7
2507 7
2508 1
2509 7
2510 6
2511 7
2512 1
2513 1
2514 0
2515 7
2516 7
2517 7
2518 0
2519 7
2520 1
2521 7
2522 1
2523 6
2524 6
2525 6
2526 7
2527 1
2528 6
2529 0
2530 6
2531 1
2532 7
2533 7
2534 1
2535 1
2536 1
2537 7
2538 1
2539 1
2540 6
2541 7
2542 7
2543 0
2544 7
2545 7
2546 7
2547 7
2548 1
2549 6
2550 6
2551 7
2552 1
2553 1
2554 1
2555 1
2556 1
2557 1
2558 1
2559 7
2560 7
2561 6
2562 7
2563 1
2564 7
2565 6
2566 0
2567 7
2568 7
2569 6
2570 6
2571 7
2572 6
2573 7
2574 1
2575 1
2576 6
2577 6
2578 7
2579 7
2580 7
2581 7
2582 7
2583 6
2584 6
2585 6
2586 0
2587 1
2588 1
2589 6
2590 6
2591 7
2592 1
2593 7
2594 1
2595 7
2596 6
2597 7
2598 0
2599 6
2600 7
2601 7
2602 7
2603 7
2604 1
2605 1
2606 7
2607 7
2608 1
2609 1
2610 7
2611 1
2612 6
2613 6
2614 0
2615 7
2616 1
2617 7
2618 1
2619 0
2620 1
2621 6
2622 6
2623 7
2624 1
2625 1
2626 7
2627 7
2628 7
2629 7
2630 7
2631 7
2632 6
2633 7
2634 0
2635 6
2636 6
2637 7
2638 7
2639 7
2640 1
2641 7
2642 6
2643 7
2644 1
2645 1
2646 7
2647 7
2648 1
2649 0
2650 7
2651 7
2652 7
2653 1
2654 7
2655 1
2656 1
2657 6
2658 1
2659 1
2660 7
2661 7
2662 1
2663 6
2664 0
2665 1
2666 1
2667 7
2668 1
2669 7
2670 7
2671 7
2672 6
2673 7
2674 1
2675 7
2676 1
2677 7
2678 1
2679 1
2680 6
2681 7
2682 6
2683 1
2684 7
2685 6
2686 1
2687 6
2688 7
2689 6
2690 7
2691 1
2692 7
2693 7
2694 0
2695 0
2696 0
2697 0
2698 7
2699 7
2700 7
2701 7
2702 7
2703 7
2704 7
2705 7
2706 7
2707 7
2708 7
2709 7
2710 7
2711 7
2712 7
2713 7
2714 7
2715 7
2716 7
2717 7
2718 7
2719 7
2720 7
2721 7
2722 7
2723 7
2724 7
2725 7
2726 7
2727 7
2728 0
2729 7
2730 7
2731 7
2732 7
2733 6
2734 6
2735 1
2736 6
2737 6
2738 6
2739 6
2740 1
2741 1
2742 1
2743 1
2744 6
2745 1
2746 7
2747 7
2748 7
2749 7
2750 6
2751 6
2752 6
2753 6
2754 7
2755 7
2756 6
2757 6
2758 0
2759 7
2760 6
2761 1
2762 7
2763 6
2764 1
2765 7
2766 7
2767 1
2768 1
2769 6
2770 6
2771 7
2772 7
2773 6
2774 7
2775 7
2776 6
2777 1
2778 1
2779 7
2780 0
2781 6
2782 1
2783 6
2784 0
2785 7
2786 6
2787 7
2788 0
2789 1
2790 0
2791 7
2792 6
2793 6
2794 7
2795 7
2796 6
2797 1
2798 7
2799 7
2800 6
2801 6
2802 6
2803 7
2804 1
2805 1
2806 1
2807 1
2808 1
2809 7
2810 6
2811 1
2812 1
2813 6
2814 7
2815 6
2816 1
2817 0
2818 1
2819 6
2820 1
2821 1
2822 1
2823 7
2824 0
2825 7
2826 7
2827 6
2828 6
2829 1
2830 7
2831 6
2832 7
2833 7
2834 6
2835 7
2836 1
2837 0
2838 6
2839 7
2840 7
2841 1
2842 7
2843 0
2844 1
2845 0
2846 1
2847 1
2848 1
2849 7
2850 7
2851 6
2852 1
2853 6
2854 6
2855 7
2856 1
2857 7
2858 7
2859 7
2860 7
2861 1
2862 1
2863 1
2864 0
2865 7
2866 7
2867 0
2868 7
2869 1
2870 7
2871 6
2872 6
2873 7
2874 0
2875 1
2876 1
2877 1
2878 6
2879 7
2880 1
2881 6
2882 7
2883 0
2884 1
2885 6
2886 7
2887 0
2888 1
2889 1
2890 6
2891 7
2892 6
2893 0
2894 7
2895 0
2896 1
2897 6
2898 7
2899 1
2900 6
2901 1
2902 6
2903 7
2904 7
2905 7
2906 7
2907 7
2908 1
2909 7
2910 7
2911 6
2912 1
2913 1
2914 6
2915 6
2916 1
2917 1
2918 7
2919 1
2920 7
2921 1
2922 1
2923 1
2924 7
2925 1
2926 1
2927 1
2928 7
2929 1
2930 1
2931 1
2932 7
2933 1
2934 6
2935 7
2936 0
2937 6
2938 7
2939 7
2940 0
2941 1
2942 1
2943 1
2944 6
2945 6
2946 1
2947 1
2948 0
2949 6
2950 6
2951 1
2952 1
2953 7
2954 7
2955 1
2956 1
2957 1
2958 6
2959 1
2960 1
2961 7
2962 6
2963 1
2964 6
2965 7
2966 6
2967 7
2968 6
2969 0
2970 1
2971 6
2972 6
2973 7
2974 7
2975 1
2976 7
2977 1
2978 1
2979 6
2980 7
2981 7
2982 0
2983 6
2984 7
2985 1
2986 7
2987 6
2988 7
2989 7
2990 6
2991 0
2992 6
2993 1
2994 1
2995 6
2996 7
2997 7
2998 1
2999 7
3000 1
3001 7
3002 7
3003 6
3004 7
3005 1
3006 7
3007 6
3008 7
3009 7
3010 1
3011 1
3012 6
3013 7
3014 1
3015 6
3016 7
3017 6
3018 1
3019 1
3020 1
3021 7
3022 7
3023 7
3024 7
3025 7
3026 7
3027 6
3028 1
3029 1
3030 0
3031 1
3032 0
3033 1
3034 1
3035 1
3036 7
3037 7
3038 1
3039 1
3040 7
3041 1
3042 7
3043 6
3044 6
3045 1
3046 1
3047 1
3048 7
3049 0
3050 6
3051 1
3052 6
3053 6
3054 1
3055 1
3056 1
3057 7
3058 7
3059 1
3060 6
3061 1
3062 6
3063 0
3064 1
3065 1
3066 7
3067 1
3068 1
3069 1
3070 1
3071 1
3072 1
3073 6
3074 7
3075 7
3076 1
3077 1
3078 7
3079 0
3080 1
3081 7
3082 7
3083 1
3084 7
3085 1
3086 1
3087 1
3088 7
3089 6
3090 6
3091 7
3092 1
3093 1
3094 1
3095 1
3096 1
3097 7
3098 1
3099 7
3100 7
3101 1
3102 1
3103 1
3104 7
3105 7
3106 6
3107 0
3108 7
3109 0
3110 6
3111 1
3112 7
3113 1
3114 7
3115 1
3116 0
3117 1
3118 1
3119 1
3120 1
3121 7
3122 7
3123 1
3124 7
3125 1
3126 7
3127 1
3128 1
3129 0
3130 7
3131 7
3132 1
3133 7
3134 1
3135 6
3136 7
3137 1
3138 7
3139 1
3140 1
3141 1
3142 0
3143 6
3144 7
3145 7
3146 1
3147 7
3148 6
3149 6
3150 6
3151 7
3152 7
3153 1
3154 7
3155 1
3156 1
3157 7
3158 6
3159 1
3160 0
3161 7
3162 6
3163 6
3164 1
3165 7
3166 7
3167 0
3168 7
3169 1
3170 1
3171 6
3172 7
3173 1
3174 0
3175 7
3176 7
3177 6
3178 1
3179 1
3180 6
3181 1
3182 7
3183 1
3184 6
3185 1
3186 1
3187 7
3188 1
3189 1
3190 7
3191 6
3192 1
3193 7
3194 7
3195 1
3196 1
3197 7
3198 0
3199 1
3200 7
3201 7
3202 6
3203 1
3204 7
3205 7
3206 7
3207 1
3208 1
3209 7
3210 6
3211 0
3212 0
3213 1
3214 6
3215 1
3216 7
3217 1
3218 6
3219 7
3220 6
3221 6
3222 1
3223 1
3224 1
3225 0
3226 1
3227 1
3228 1
3229 1
3230 6
3231 1
3232 1
3233 1
3234 1
3235 7
3236 6
3237 1
3238 1
3239 1
3240 1
3241 1
3242 1
3243 7
3244 7
3245 7
3246 7
3247 1
3248 1
3249 1
3250 1
3251 1
3252 6
3253 7
3254 1
3255 6
3256 7
3257 1
3258 6
3259 7
3260 7
3261 6
3262 6
3263 1
3264 1
3265 1
3266 6
3267 6
3268 1
3269 7
3270 6
3271 7
3272 6
3273 0
3274 7
3275 7
3276 0
3277 7
3278 0
3279 7
3280 1
3281 0
3282 1
3283 6
3284 1
3285 1
3286 1
3287 7
3288 6
3289 7
3290 1
3291 1
3292 7
3293 1
3294 7
3295 1
3296 7
3297 0
3298 7
3299 1
3300 1
3301 1
3302 1
3303 0
3304 7
3305 7
3306 1
3307 0
3308 1
3309 0
3310 1
3311 1
3312 1
3313 6
3314 6
3315 1
3316 1
3317 1
3318 6
3319 6
3320 7
3321 0
3322 0
3323 7
3324 1
3325 1
3326 1
3327 7
3328 1
3329 1
3330 7
3331 7
3332 1
3333 1
3334 1
3335 0
3336 7
3337 6
3338 7
3339 1
3340 1
3341 0
3342 1
3343 7
3344 1
3345 6
3346 1
3347 7
3348 6
3349 7
3350 6
3351 6
3352 6
3353 1
3354 1
3355 0
3356 1
3357 1
3358 1
3359 7
3360 0
3361 1
3362 1
3363 6
3364 6
3365 7
3366 7
3367 7
3368 7
3369 6
3370 6
3371 1
3372 1
3373 6
3374 1
3375 1
3376 1
3377 1
3378 6
3379 1
3380 6
3381 7
3382 6
3383 7
3384 0
3385 6
3386 6
3387 7
3388 7
3389 7
3390 1
3391 1
3392 6
3393 7
3394 7
3395 1
3396 1
3397 1
3398 0
3399 1
3400 0
3401 1
3402 6
3403 1
3404 6
3405 6
3406 1
3407 1
3408 7
3409 6
3410 7
3411 1
3412 7
3413 1
3414 6
3415 6
3416 1
3417 1
3418 6
3419 7
3420 1
3421 6
3422 1
3423 1
3424 7
3425 1
3426 6
3427 7
3428 6
3429 7
3430 6
3431 1
3432 1
3433 7
3434 6
3435 1
3436 0
3437 1
3438 7
3439 1
3440 1
3441 7
3442 7
3443 1
3444 1
3445 1
3446 6
3447 1
3448 6
3449 1
3450 1
3451 6
3452 7
3453 7
3454 0
3455 7
3456 1
3457 7
3458 1
3459 0
3460 7
3461 6
3462 6
3463 1
3464 6
3465 7
3466 1
3467 7
3468 1
3469 7
3470 6
3471 7
3472 0
3473 1
3474 1
3475 1
3476 7
3477 7
3478 7
3479 1
3480 1
3481 6
3482 1
3483 0
3484 1
3485 7
3486 6
3487 1
3488 1
3489 7
3490 1
3491 1
3492 1
3493 0
3494 1
3495 1
3496 7
3497 6
3498 6
3499 1
3500 6
3501 6
3502 7
3503 6
3504 6
3505 0
3506 6
3507 6
3508 7
3509 6
3510 7
3511 1
3512 1
3513 7
3514 1
3515 1
3516 6
3517 1
3518 1
3519 7
3520 1
3521 1
3522 6
3523 7
3524 7
3525 1
3526 1
3527 1
3528 7
3529 7
3530 6
3531 7
3532 6
3533 1
3534 6
3535 1
3536 1
3537 1
3538 0
3539 0
3540 1
3541 6
3542 1
3543 7
3544 0
3545 1
3546 6
3547 1
3548 6
3549 1
3550 6
3551 6
3552 7
3553 1
3554 1
3555 6
3556 1
3557 7
3558 6
3559 7
3560 7
3561 1
3562 7
3563 1
3564 7
3565 1
3566 1
3567 1
3568 1
3569 7
3570 0
3571 1
3572 1
3573 0
3574 7
3575 6
3576 1
3577 7
3578 6
3579 6
3580 6
3581 1
3582 1
3583 0
3584 7
3585 1
3586 1
3587 1
3588 1
3589 6
3590 1
3591 7
3592 1
3593 1
3594 0
3595 6
3596 7
3597 7
3598 7
3599 1
3600 1
3601 1
3602 6
3603 6
3604 1
3605 0
3606 6
3607 0
3608 1
3609 1
3610 7
3611 7
3612 0
3613 1
3614 1
3615 7
3616 7
3617 6
3618 1
3619 6
3620 1
3621 6
3622 1
3623 7
3624 6
3625 1
3626 6
3627 0
3628 1
3629 7
3630 6
3631 7
3632 1
3633 1
3634 1
3635 6
3636 1
3637 7
3638 1
3639 6
3640 6
3641 1
3642 1
3643 7
3644 1
3645 6
3646 7
3647 1
3648 6
3649 7
3650 6
3651 6
3652 7
3653 1
3654 7
3655 1
3656 0
3657 7
3658 1
3659 1
3660 7
3661 1
3662 1
3663 1
3664 1
3665 1
3666 1
3667 1
3668 7
3669 1
3670 1
3671 6
3672 6
3673 1
3674 7
3675 1
3676 0
3677 7
3678 0
3679 0
3680 1
3681 7
3682 1
3683 6
3684 7
3685 7
3686 1
3687 0
3688 6
3689 6
3690 6
3691 6
3692 1
3693 6
3694 7
3695 0
3696 6
3697 6
3698 7
3699 1
3700 6
3701 7
3702 6
3703 7
3704 1
3705 7
3706 1
3707 7
3708 1
3709 1
3710 0
3711 7
3712 1
3713 1
3714 6
3715 7
3716 1
3717 1
3718 1
3719 7
3720 6
3721 6
3722 1
3723 7
3724 6
3725 6
3726 7
3727 6
3728 1
3729 6
3730 1
3731 0
3732 1
3733 1
3734 7
3735 1
3736 1
3737 1
3738 7
3739 7
3740 1
3741 1
3742 6
3743 1
3744 7
3745 6
3746 7
3747 7
3748 6
3749 1
3750 7
3751 7
3752 0
3753 1
3754 7
3755 6
3756 7
3757 1
3758 6
3759 1
3760 6
3761 7
3762 6
3763 0
3764 7
3765 1
3766 1
3767 7
3768 1
3769 1
3770 1
3771 1
3772 1
3773 7
3774 7
3775 0
3776 0
3777 1
3778 6
3779 0
3780 7
3781 0
3782 6
3783 7
3784 6
3785 0
3786 7
3787 6
3788 1
3789 7
3790 1
3791 6
3792 1
3793 7
3794 1
3795 0
3796 1
3797 7
3798 7
3799 7
3800 1
3801 6
3802 1
3803 7
3804 7
3805 6
3806 6
3807 7
3808 7
3809 1
3810 7
3811 6
3812 7
3813 7
3814 7
3815 7
3816 7
3817 7
3818 7
3819 1
3820 7
3821 6
3822 12
3823 7
3824 7
3825 7
3826 7
3827 7
3828 7
3829 7
3830 7
3831 1
3832 0
3833 7
3834 1
3835 7
3836 7
3837 7
3838 7
3839 7
3840 7
3841 7
3842 7
3843 1
3844 1
3845 7
3846 4
3847 7
3848 7
3849 1
3850 7
3851 7
3852 6
3853 6
3854 7
3855 7
3856 7
3857 6
3858 7
3859 7
3860 0
3861 7
3862 7
3863 7
3864 1
3865 1
3866 1
3867 1
3868 1
3869 1
3870 1
3871 6
3872 1
3873 7
3874 1
3875 1
3876 1
3877 1
3878 1
3879 6
3880 1
3881 1
3882 1
3883 6
3884 1
3885 7
3886 6
3887 1
3888 6
3889 1
3890 6
3891 7
3892 7
3893 7
3894 0
3895 6
3896 1
3897 6
3898 7
3899 1
3900 1
3901 0
3902 0
3903 7
3904 7
3905 7
3906 7
3907 7
3908 7
3909 7
3910 7
3911 6
3912 7
3913 7
3914 7
3915 7
3916 7
3917 0
3918 7
3919 7
3920 1
3921 1
3922 1
3923 1
3924 7
3925 6
3926 1
3927 1
3928 1
3929 1
3930 6
3931 0
3932 7
3933 1
3934 1
3935 1
3936 6
3937 1
3938 7
3939 1
3940 1
3941 7
3942 1
3943 7
3944 7
3945 7
3946 6
3947 1
3948 1
3949 6
3950 6
3951 7
3952 1
3953 1
3954 7
3955 7
3956 7
3957 7
3958 7
3959 0
3960 7
3961 7
3962 7
3963 7
3964 7
3965 7
3966 1
3967 6
3968 7
3969 7
3970 7
3971 7
3972 7
3973 1
3974 7
3975 7
3976 7
3977 7
3978 0
3979 7
3980 1
3981 6
3982 7
3983 1
3984 1
3985 1
3986 7
3987 1
3988 1
3989 1
3990 7
3991 1
3992 1
3993 1
3994 1
3995 1
3996 7
3997 7
3998 6
3999 1
4000 7
4001 7
4002 6
4003 6
4004 7
4005 1
4006 6
4007 7
4008 7
4009 1
4010 7
4011 7
4012 7
4013 2
4014 2
4015 2
4016 7
4017 2
4018 1
4019 2
4020 2
4021 2
4022 2
4023 6
4024 1
4025 1
4026 1
4027 7
4028 1
4029 7
4030 7
4031 1
4032 1
4033 1
4034 7
4035 1
4036 6
4037 6
4038 7
4039 7
4040 7
4041 7
4042 7
4043 6
4044 0
4045 1
4046 7
4047 7
4048 1
4049 6
4050 0
4051 6
4052 0
4053 7
4054 6
4055 6
4056 7
4057 1
4058 7
4059 6
4060 6
4061 7
4062 7
4063 7
4064 7
4065 1
4066 7
4067 7
4068 7
4069 6
4070 7
4071 6
4072 7
4073 0
4074 7
4075 7
4076 7
4077 6
4078 7
4079 7
4080 6
4081 7
4082 7
4083 7
4084 7
4085 6
4086 7
4087 6
4088 7
4089 0
4090 1
4091 1
4092 7
4093 6
4094 1
4095 7
4096 1
4097 1
4098 7
4099 6
4100 6
4101 7
4102 1
4103 6
4104 7
4105 7
4106 7
4107 7
4108 0
4109 7
4110 7
4111 7
4112 7
4113 7
4114 7
4115 7
4116 1
4117 7
4118 7
4119 1
4120 7
4121 7
4122 7
4123 1
4124 7
4125 6
4126 7
4127 0
4128 7
4129 7
4130 7
4131 7
4132 7
4133 7
4134 1
4135 1
4136 7
4137 7
4138 7
4139 1
4140 6
4141 7
4142 0
4143 7
4144 7
4145 7
4146 7
4147 7
4148 1
4149 6
4150 1
4151 7
4152 7
4153 7
4154 1
4155 1
4156 7
4157 1
4158 12
4159 1
4160 12
4161 1
4162 7
4163 1
4164 1
4165 7
4166 0
4167 1
4168 1
4169 1
4170 7
4171 6
4172 6
4173 1
4174 1
4175 1
4176 7
4177 7
4178 7
4179 1
4180 7
4181 7
4182 7
4183 0
4184 1
4185 0
4186 0
4187 1
4188 1
4189 0
4190 7
4191 7
4192 1
4193 0
4194 7
4195 0
4196 1
4197 6
4198 1
4199 1
4200 6
4201 1
4202 0
4203 7
4204 1
4205 1
4206 1
4207 1
4208 1
4209 1
4210 1
4211 1
4212 6
4213 1
4214 1
4215 1
4216 7
4217 6
4218 6
4219 1
4220 1
4221 7
4222 1
4223 7
4224 6
4225 1
4226 1
4227 1
4228 1
4229 7
4230 6
4231 1
4232 1
4233 7
4234 6
4235 1
4236 1
4237 1
4238 1
4239 1
4240 0
4241 1
4242 1
4243 1
4244 0
4245 1
4246 6
4247 6
4248 6
4249 1
4250 1
4251 6
4252 0
4253 1
4254 0
4255 1
4256 1
4257 7
4258 1
4259 1
4260 7
4261 1
4262 10
4263 1
4264 7
4265 1
4266 6
4267 1
4268 1
4269 1
4270 1
4271 6
4272 6
4273 1
4274 1
4275 1
4276 1
4277 6
4278 1
4279 6
4280 0
4281 1
4282 1
4283 1
4284 1
4285 1
4286 1
4287 7
4288 0
4289 0
4290 0
4291 1
4292 1
4293 1
4294 1
4295 1
4296 1
4297 7
4298 1
4299 6
4300 12
4301 1
4302 6
4303 1
4304 6
4305 7
4306 1
4307 1
4308 7
4309 1
4310 1
4311 1
4312 1
4313 0
4314 1
4315 1
4316 6
4317 1
4318 1
4319 1
4320 7
4321 1
4322 1
4323 7
4324 1
4325 6
4326 1
4327 6
4328 1
4329 1
4330 6
4331 6
4332 6
4333 1
4334 1
4335 1
4336 1
4337 6
4338 1
4339 6
4340 0
4341 1
4342 7
4343 6
4344 6
4345 1
4346 1
4347 6
4348 1
4349 1
4350 7
4351 0
4352 1
4353 1
4354 1
4355 7
4356 7
4357 7
4358 0
4359 6
4360 1
4361 1
4362 6
4363 6
4364 7
4365 6
4366 1
4367 1
4368 1
4369 7
4370 1
4371 7
4372 6
4373 1
4374 1
4375 1
4376 1
4377 1
4378 1
4379 0
4380 7
4381 1
4382 1
4383 1
4384 1
4385 1
4386 1
4387 7
4388 6
4389 7
4390 12
4391 7
4392 7
4393 1
4394 7
4395 7
4396 7
4397 7
4398 7
4399 1
4400 1
4401 7
4402 7
4403 7
4404 7
4405 7
4406 7
4407 7
4408 6
4409 7
4410 7
4411 6
4412 1
4413 7
4414 7
4415 7
4416 7
4417 7
4418 7
4419 7
4420 6
4421 7
4422 7
4423 7
4424 7
4425 0
4426 7
4427 7
4428 7
4429 7
4430 1
4431 1
4432 1
4433 7
4434 1
4435 7
4436 7
4437 0
4438 7
4439 12
4440 0
4441 7
4442 1
4443 7
4444 6
4445 7
4446 1
4447 7
4448 7
4449 6
4450 1
4451 7
4452 0
4453 7
4454 7
4455 7
4456 7
4457 7
4458 7
4459 7
4460 7
4461 7
4462 7
4463 7
4464 0
4465 7
4466 7
4467 7
4468 7
4469 7
4470 7
4471 6
4472 6
4473 7
4474 7
4475 6
4476 6
4477 6
4478 7
4479 7
4480 7
4481 7
4482 7
4483 7
4484 7
4485 6
4486 0
4487 7
4488 7
4489 7
4490 7
4491 7
4492 6
4493 7
4494 7
4495 0
4496 1
4497 0
4498 7
4499 1
4500 7
4501 4
4502 7
4503 7
4504 7
4505 7
4506 7
4507 7
4508 7
4509 7
4510 1
4511 0
4512 7
4513 7
4514 6
4515 7
4516 7
4517 7
4518 7
4519 7
4520 7
4521 7
4522 7
4523 7
4524 7
4525 7
4526 7
4527 7
4528 7
4529 7
4530 1
4531 7
4532 7
4533 7
4534 7
4535 7
4536 7
4537 7
4538 4
4539 7
4540 7
4541 7
4542 7
4543 7
4544 7
4545 7
4546 7
4547 7
4548 7
4549 7
4550 7
4551 7
4552 7
4553 7
4554 7
4555 7
4556 7
4557 7
4558 12
4559 7
4560 7
4561 7
4562 7
4563 7
4564 7
4565 7
4566 1
4567 7
4568 7
4569 7
4570 7
4571 7
4572 7
4573 7
4574 7
4575 7
4576 7
4577 7
4578 7
4579 4
4580 7
4581 7
4582 6
4583 7
4584 7
4585 6
4586 6
4587 6
4588 6
4589 6
4590 1
4591 6
4592 6
4593 7
4594 6
4595 7
4596 7
4597 6
4598 7
4599 6
4600 7
4601 6
4602 6
4603 7
4604 6
4605 6
4606 6
4607 7
4608 6
4609 6
4610 7
4611 7
4612 1
4613 7
4614 6
4615 7
4616 7
4617 7
4618 7
4619 7
4620 6
4621 7
4622 7
4623 7
4624 7
4625 7
4626 7
4627 7
4628 1
4629 7
4630 6
4631 7
4632 7
4633 7
4634 0
4635 1
4636 6
4637 7
4638 7
4639 7
4640 7
4641 7
4642 7
4643 1
4644 1
4645 1
4646 1
4647 7
4648 1
4649 7
4650 1
4651 1
4652 6
4653 1
4654 7
4655 7
4656 1
4657 7
4658 0
4659 7
4660 7
4661 7
4662 7
4663 7
4664 7
4665 7
4666 6
4667 1
4668 7
4669 1
4670 7
4671 7
4672 1
4673 7
4674 7
4675 0
4676 1
4677 6
4678 1
4679 1
4680 1
4681 7
4682 1
4683 7
4684 7
4685 7
4686 7
4687 1
4688 7
4689 7
4690 7
4691 7
4692 6
4693 7
4694 1
4695 7
4696 1
4697 7
4698 7
4699 7
4700 7
4701 7
4702 6
4703 1
4704 0
4705 1
4706 1
4707 7
4708 1
4709 6
4710 6
4711 7
4712 1
4713 1
4714 0
4715 1
4716 1
4717 1
4718 1
4719 7
4720 1
4721 7
4722 6
4723 1
4724 1
4725 1
4726 7
4727 7
4728 7
4729 7
4730 7
4731 7
4732 6
4733 1
4734 1
4735 7
4736 1
4737 7
4738 1
4739 7
4740 1
4741 1
4742 1
4743 1
4744 1
4745 1
4746 6
4747 6
4748 1
4749 1
4750 0
4751 0
4752 0
4753 1
4754 0
4755 1
4756 6
4757 1
4758 1
4759 7
4760 7
4761 8
4762 7
4763 7
4764 1
4765 7
4766 0
4767 7
4768 6
4769 1
4770 6
4771 1
4772 1
4773 1
4774 12
4775 1
4776 1
4777 1
4778 1
4779 1
4780 1
4781 1
4782 1
4783 1
4784 1
4785 1
4786 1
4787 0
4788 1
4789 1
4790 1
4791 6
4792 1
4793 7
4794 0
4795 1
4796 7
4797 1
4798 1
4799 1
4800 1
4801 1
4802 7
4803 7
4804 4
4805 6
4806 6
4807 1
4808 6
4809 1
4810 6
4811 12
4812 6
4813 1
4814 1
4815 6
4816 1
4817 7
4818 6
4819 7
4820 7
4821 1
4822 7
4823 1
4824 1
4825 7
4826 1
4827 1
4828 1
4829 1
4830 7
4831 7
4832 7
4833 7
4834 7
4835 7
4836 1
4837 7
4838 7
4839 7
4840 1
4841 6
4842 1
4843 6
4844 6
4845 0
4846 1
4847 7
4848 7
4849 7
4850 0
4851 1
4852 6
4853 12
4854 7
4855 0
4856 7
4857 7
4858 6
4859 7
4860 7
4861 7
4862 1
4863 6
4864 1
4865 6
4866 7
4867 7
4868 7
4869 7
4870 1
4871 7
4872 1
4873 7
4874 1
4875 7
4876 1
4877 1
4878 1
4879 1
4880 1
4881 6
4882 1
4883 7
4884 1
4885 1
4886 6
4887 1
4888 7
4889 1
4890 0
4891 1
4892 0
4893 1
4894 1
4895 1
4896 1
4897 7
4898 6
4899 1
4900 7
4901 1
4902 1
4903 1
4904 6
4905 1
4906 1
4907 1
4908 0
4909 1
4910 1
4911 7
4912 1
4913 1
4914 6
4915 1
4916 1
4917 1
4918 7
4919 1
4920 1
4921 6
4922 1
4923 6
4924 1
4925 0
4926 1
4927 1
4928 7
4929 7
4930 6
4931 1
4932 0
4933 0
4934 7
4935 1
4936 7
4937 7
4938 0
4939 1
4940 1
4941 7
4942 1
4943 6
4944 1
4945 1
4946 1
4947 1
4948 1
4949 6
4950 1
4951 1
4952 6
4953 1
4954 1
4955 1
4956 0
4957 7
4958 1
4959 1
4960 6
4961 1
4962 6
4963 1
4964 1
4965 1
4966 7
4967 7
4968 1
4969 1
4970 1
4971 6
4972 7
4973 1
4974 1
4975 0
4976 6
4977 1
4978 1
4979 1
4980 1
4981 6
4982 7
4983 1
4984 1
4985 1
4986 1
4987 1
4988 1
4989 1
4990 6
4991 1
4992 7
4993 7
4994 1
4995 1
4996 1
4997 1
4998 1
4999 1
5000 6
5001 6
5002 1
5003 1
5004 1
5005 1
5006 7
5007 1
5008 1
5009 7
5010 1
5011 1
5012 7
5013 1
5014 7
5015 7
5016 7
5017 1
5018 7
5019 7
5020 7
5021 7
5022 7
5023 1
5024 7
5025 6
5026 1
5027 1
5028 1
5029 7
5030 7
5031 0
5032 1
5033 1
5034 7
5035 7
5036 7
5037 1
5038 6
5039 7
5040 6
5041 7
5042 0
5043 7
5044 6
5045 7
5046 1
5047 7
5048 1
5049 1
5050 6
5051 1
5052 0
5053 7
5054 1
5055 7
5056 1
5057 6
5058 1
5059 1
5060 7
5061 1
5062 0
5063 1
5064 1
5065 0
5066 1
5067 7
5068 7
5069 7
5070 1
5071 7
5072 1
5073 0
5074 1
5075 1
5076 12
5077 10
5078 1
5079 7
5080 0
5081 6
5082 1
5083 6
5084 1
5085 7
5086 1
5087 6
5088 7
5089 6
5090 7
5091 0
5092 1
5093 7
5094 7
5095 6
5096 12
5097 7
5098 7
5099 1
5100 7
5101 0
5102 1
5103 1
5104 6
5105 1
5106 1
5107 0
5108 1
5109 7
5110 1
5111 7
5112 0
5113 1
5114 1
5115 1
5116 1
5117 1
5118 1
5119 0
5120 1
5121 1
5122 6
5123 1
5124 1
5125 7
5126 7
5127 7
5128 1
5129 6
5130 7
5131 7
5132 6
5133 7
5134 7
5135 7
5136 7
5137 0
5138 7
5139 7
5140 1
5141 6
5142 1
5143 1
5144 7
5145 6
5146 7
5147 7
5148 7
5149 7
5150 1
5151 1
5152 7
5153 7
5154 6
5155 7
5156 3
5157 3
5158 0
5159 3
5160 7
5161 7
5162 3
5163 3
5164 3
5165 3
5166 3
5167 3
5168 7
5169 7
5170 7
5171 7
5172 1
5173 7
5174 1
5175 7
5176 7
5177 0
5178 7
5179 7
5180 6
5181 7
5182 7
5183 7
5184 7
5185 7
5186 7
5187 7
5188 7
5189 7
5190 7
5191 7
5192 7
5193 7
5194 7
5195 0
5196 7
5197 1
5198 7
5199 7
5200 7
5201 6
5202 1
5203 1
5204 7
5205 12
5206 1
5207 7
5208 6
5209 7
5210 0
5211 0
5212 1
5213 1
5214 7
5215 6
5216 7
5217 1
5218 1
5219 6
5220 7
5221 6
5222 7
5223 6
5224 1
5225 7
5226 7
5227 1
5228 1
5229 7
5230 7
5231 1
5232 1
5233 7
5234 1
5235 6
5236 6
5237 1
5238 6
5239 1
5240 1
5241 1
5242 1
5243 1
5244 1
5245 7
5246 1
5247 7
5248 0
5249 7
5250 7
5251 7
5252 7
5253 7
5254 7
5255 7
5256 7
5257 7
5258 7
5259 7
5260 6
5261 7
5262 7
5263 7
5264 1
5265 1
5266 0
5267 1
5268 1
5269 6
5270 0
5271 0
5272 7
5273 1
5274 1
5275 7
5276 1
5277 1
5278 6
5279 1
5280 1
5281 1
5282 1
5283 1
5284 7
5285 6
5286 1
5287 1
5288 6
5289 6
5290 6
5291 7
5292 7
5293 0
5294 6
5295 7
5296 7
5297 1
5298 1
5299 7
5300 7
5301 7
5302 7
5303 1
5304 7
5305 7
5306 1
5307 7
5308 7
5309 6
5310 1
5311 7
5312 6
5313 1
5314 1
5315 7
5316 1
5317 1
5318 4
5319 4
5320 4
5321 1
5322 7
5323 4
5324 4
5325 4
5326 4
5327 1
5328 4
5329 4
5330 1
5331 4
5332 1
5333 1
5334 4
5335 4
5336 4
5337 4
5338 1
5339 4
5340 4
5341 6
5342 1
5343 1
5344 4
5345 4
5346 1
5347 1
5348 4
5349 4
5350 4
5351 1
5352 4
5353 4
5354 12
5355 4
5356 1
5357 4
5358 4
5359 4
5360 1
5361 4
5362 4
5363 4
5364 4
5365 1
5366 4
5367 4
5368 4
5369 4
5370 4
5371 4
5372 4
5373 7
5374 7
5375 1
5376 0
5377 6
5378 1
5379 7
5380 1
5381 7
5382 7
5383 7
5384 7
5385 7
5386 7
5387 7
5388 7
5389 7
5390 7
5391 7
5392 7
5393 7
5394 7
5395 7
5396 7
5397 7
5398 7
5399 7
5400 7
5401 7
5402 1
5403 7
5404 7
5405 1
5406 7
5407 7
5408 0
5409 7
5410 7
5411 7
5412 0
5413 7
5414 7
5415 7
5416 7
5417 7
5418 6
5419 7
5420 7
5421 1
5422 7
5423 7
5424 7
5425 7
5426 7
5427 7
5428 0
5429 1
5430 0
5431 7
5432 7
5433 7
5434 1
5435 1
5436 1
5437 7
5438 7
5439 7
5440 7
5441 7
5442 7
5443 6
5444 7
5445 7
5446 7
5447 1
5448 7
5449 1
5450 1
5451 7
5452 7
5453 7
5454 7
5455 1
5456 7
5457 0
5458 7
5459 7
5460 7
5461 7
5462 6
5463 7
5464 7
5465 7
5466 7
5467 7
5468 7
5469 7
5470 7
5471 7
5472 7
5473 7
5474 7
5475 7
5476 7
5477 1
5478 1
5479 1
5480 7
5481 0
5482 1
5483 7
5484 7
5485 1
5486 7
5487 7
5488 1
5489 1
5490 6
5491 7
5492 7
5493 7
5494 7
5495 7
5496 7
5497 7
5498 7
5499 7
5500 7
5501 7
5502 7
5503 7
5504 7
5505 7
5506 7
5507 7
5508 7
5509 7
5510 7
5511 7
5512 7
5513 7
5514 7
5515 7
5516 7
5517 7
5518 7
5519 7
5520 7
5521 1
5522 1
5523 7
5524 6
5525 7
5526 7
5527 7
5528 1
5529 7
5530 7
5531 7
5532 7
5533 7
5534 7
5535 7
5536 7
5537 7
5538 1
5539 7
5540 7
5541 7
5542 7
5543 1
5544 1
5545 7
5546 7
5547 7
5548 7
5549 7
5550 1
5551 7
5552 7
5553 7
5554 7
5555 7
5556 7
5557 6
5558 7
5559 7
5560 7
5561 6
5562 7
5563 7
5564 7
5565 7
5566 7
5567 7
5568 1
5569 7
5570 7
5571 7
5572 7
5573 7
5574 0
5575 7
5576 7
5577 7
5578 6
5579 0
5580 7
5581 7
5582 7
5583 7
5584 7
5585 7
5586 7
5587 1
5588 1
5589 1
5590 6
5591 1
5592 1
5593 7
5594 1
5595 1
5596 6
5597 7
5598 1
5599 7
5600 1
5601 7
5602 1
5603 7
5604 1
5605 6
5606 1
5607 6
5608 1
5609 1
5610 1
5611 1
5612 1
5613 1
5614 1
5615 1
5616 1
5617 7
5618 7
5619 7
5620 7
5621 1
5622 7
5623 1
5624 1
5625 1
5626 7
5627 1
5628 7
5629 7
5630 12
5631 12
5632 7
5633 7
5634 7
5635 7
5636 1
5637 7
5638 7
5639 12
5640 1
5641 1
5642 7
5643 7
5644 0
5645 1
5646 7
5647 7
5648 7
5649 1
5650 6
5651 7
5652 7
5653 7
5654 7
5655 7
5656 1
5657 1
5658 1
5659 0
5660 0
5661 1
5662 1
5663 6
5664 7
5665 1
5666 1
5667 7
5668 0
5669 1
5670 7
5671 1
5672 6
5673 1
5674 0
5675 1
5676 1
5677 1
5678 1
5679 0
5680 7
5681 0
5682 1
5683 0
5684 6
5685 7
5686 0
5687 1
5688 1
5689 7
5690 7
5691 6
5692 0
5693 7
5694 1
5695 1
5696 1
5697 7
5698 1
5699 0
5700 7
5701 1
5702 7
5703 0
5704 1
5705 7
5706 7
5707 7
5708 7
5709 6
5710 1
5711 1
5712 1
5713 1
5714 1
5715 1
5716 1
5717 1
5718 1
5719 0
5720 0
5721 1
5722 7
5723 1
5724 1
5725 7
5726 1
5727 7
5728 1
5729 7
5730 1
5731 0
5732 1
5733 1
5734 1
5735 7
5736 1
5737 1
5738 1
5739 1
5740 1
5741 7
5742 7
5743 7
5744 7
5745 1
5746 7
5747 1
5748 1
5749 7
5750 7
5751 7
5752 1
5753 1
5754 1
5755 1
5756 1
5757 1
5758 7
5759 1
5760 1
5761 7
5762 7
5763 7
5764 7
5765 7
5766 7
5767 7
5768 7
5769 6
5770 1
5771 1
5772 0
5773 6
5774 1
5775 6
5776 7
5777 1
5778 7
5779 7
5780 1
5781 1
5782 7
5783 1
5784 0
5785 7
5786 1
5787 6
5788 1
5789 1
5790 7
5791 6
5792 7
5793 7
5794 7
5795 1
5796 7
5797 1
5798 7
5799 1
5800 7
5801 1
5802 7
5803 1
5804 7
5805 7
5806 7
5807 7
5808 7
5809 1
5810 1
5811 0
5812 7
5813 7
5814 1
5815 1
5816 6
5817 1
5818 1
5819 1
5820 7
5821 6
5822 7
5823 6
5824 7
5825 1
5826 1
5827 1
5828 7
5829 7
5830 0
5831 6
5832 6
5833 7
5834 7
5835 1
5836 1
5837 7
5838 7
5839 1
5840 1
5841 7
5842 6
5843 1
5844 7
5845 7
5846 7
5847 0
5848 0
5849 1
5850 7
5851 6
5852 1
5853 1
5854 1
5855 7
5856 1
5857 7
5858 1
5859 7
5860 1
5861 7
5862 7
5863 7
5864 1
5865 1
5866 7
5867 1
5868 7
5869 1
5870 7
5871 1
5872 7
5873 7
5874 1
5875 1
5876 1
5877 6
5878 7
5879 1
5880 1
5881 7
5882 7
5883 1
5884 1
5885 1
5886 7
5887 7
5888 1
5889 1
5890 7
5891 7
5892 7
5893 6
5894 1
5895 1
5896 7
5897 0
5898 7
5899 1
5900 1
5901 7
5902 7
5903 7
5904 7
5905 7
5906 7
5907 1
5908 7
5909 7
5910 1
5911 6
5912 7
5913 1
5914 7
5915 7
5916 1
5917 1
5918 6
5919 1
5920 6
5921 0
5922 1
5923 1
5924 1
5925 7
5926 1
5927 7
5928 12
5929 1
5930 1
5931 1
5932 7
5933 0
5934 6
5935 0
5936 1
5937 6
5938 1
5939 0
5940 7
5941 7
5942 0
5943 1
5944 6
5945 7
5946 7
5947 1
5948 1
5949 1
5950 7
5951 1
5952 1
5953 0
5954 7
5955 1
5956 7
5957 7
5958 7
5959 1
5960 1
5961 7
5962 1
5963 7
5964 7
5965 7
5966 1
5967 1
5968 1
5969 0
5970 7
5971 1
5972 1
5973 7
5974 7
5975 7
5976 7
5977 1
5978 1
5979 7
5980 1
5981 1
5982 1
5983 1
5984 7
5985 7
5986 1
5987 7
5988 1
5989 7
5990 1
5991 1
5992 0
5993 6
5994 7
5995 1
5996 1
5997 1
5998 1
5999 7
6000 1
6001 1
6002 7
6003 1
6004 1
6005 7
6006 1
6007 1
6008 1
6009 1
6010 1
6011 7
6012 1
6013 1
6014 1
6015 1
6016 6
6017 1
6018 1
6019 7
6020 7
6021 1
6022 7
6023 1
6024 1
6025 7
6026 1
6027 1
6028 1
6029 1
6030 7
6031 1
6032 7
6033 7
6034 0
6035 7
6036 7
6037 7
6038 7
6039 1
6040 7
6041 1
6042 7
6043 1
6044 1
6045 7
6046 7
6047 1
6048 7
6049 7
6050 7
6051 7
6052 1
6053 7
6054 7
6055 7
6056 1
6057 1
6058 7
6059 6
6060 7
6061 7
6062 6
6063 1
6064 0
6065 7
6066 6
6067 1
6068 7
6069 1
6070 1
6071 0
6072 7
6073 1
6074 12
6075 7
6076 7
6077 6
6078 1
6079 1
6080 7
6081 1
6082 1
6083 7
6084 7
6085 1
6086 1
6087 1
6088 1
6089 7
6090 1
6091 1
6092 7
6093 1
6094 1
6095 6
6096 7
6097 1
6098 1
6099 7
6100 1
6101 6
6102 7
6103 1
6104 0
6105 1
6106 1
6107 1
6108 7
6109 7
6110 0
6111 12
6112 1
6113 1
6114 7
6115 7
6116 1
6117 1
6118 1
6119 7
6120 7
6121 6
6122 7
6123 7
6124 7
6125 7
6126 7
6127 1
6128 7
6129 6
6130 7
6131 1
6132 7
6133 7
6134 7
6135 7
6136 7
6137 6
6138 1
6139 7
6140 7
6141 1
6142 7
6143 1
6144 1
6145 1
6146 7
6147 7
6148 0
6149 7
6150 7
6151 7
6152 1
6153 7
6154 1
6155 0
6156 6
6157 6
6158 7
6159 7
6160 6
6161 1
6162 1
6163 1
6164 1
6165 1
6166 1
6167 0
6168 1
6169 1
6170 1
6171 1
6172 1
6173 1
6174 7
6175 1
6176 1
6177 1
6178 1
6179 7
6180 7
6181 1
6182 1
6183 1
6184 6
6185 1
6186 1
6187 1
6188 7
6189 7
6190 1
6191 1
6192 1
6193 7
6194 1
6195 7
6196 1
6197 6
6198 7
6199 7
6200 1
6201 7
6202 7
6203 7
6204 1
6205 1
6206 7
6207 6
6208 7
6209 1
6210 0
6211 7
6212 7
6213 1
6214 7
6215 7
6216 1
6217 1
6218 1
6219 7
6220 7
6221 1
6222 1
6223 1
6224 7
6225 1
6226 7
6227 7
6228 1
6229 7
6230 1
6231 1
6232 6
6233 7
6234 1
6235 6
6236 7
6237 1
6238 7
6239 1
6240 7
6241 7
6242 7
6243 7
6244 0
6245 7
6246 1
6247 1
6248 12
6249 7
6250 7
6251 1
6252 1
6253 1
6254 1
6255 7
6256 7
6257 1
6258 7
6259 1
6260 7
6261 1
6262 7
6263 1
6264 1
6265 1
6266 1
6267 7
6268 7
6269 1
6270 0
6271 1
6272 7
6273 7
6274 7
6275 7
6276 1
6277 1
6278 1
6279 1
6280 1
6281 1
6282 6
6283 1
6284 7
6285 7
6286 6
6287 1
6288 6
6289 1
6290 7
6291 7
6292 0
6293 7
6294 7
6295 0
6296 1
6297 7
6298 1
6299 1
6300 1
6301 6
6302 1
6303 1
6304 1
6305 1
6306 1
6307 7
6308 7
6309 7
6310 7
6311 7
6312 1
6313 7
6314 1
6315 7
6316 1
6317 7
6318 7
6319 6
6320 1
6321 1
6322 7
6323 1
6324 7
6325 7
6326 7
6327 7
6328 7
6329 7
6330 7
6331 7
6332 7
6333 0
6334 1
6335 7
6336 1
6337 7
6338 7
6339 7
6340 1
6341 0
6342 0
6343 6
6344 7
6345 1
6346 7
6347 7
6348 0
6349 6
6350 1
6351 12
6352 1
6353 1
6354 1
6355 1
6356 7
6357 7
6358 7
6359 1
6360 1
6361 1
6362 1
6363 6
6364 1
6365 1
6366 1
6367 1
6368 1
6369 6
6370 7
6371 7
6372 7
6373 7
6374 7
6375 7
6376 7
6377 7
6378 7
6379 7
6380 1
6381 6
6382 7
6383 7
6384 7
6385 7
6386 7
6387 1
6388 7
6389 1
6390 1
6391 1
6392 1
6393 1
6394 1
6395 0
6396 5
6397 0
6398 5
6399 5
6400 5
6401 7
6402 7
6403 7
6404 7
6405 0
6406 0
6407 7
6408 7
6409 7
6410 7
6411 7
6412 7
6413 7
6414 7
6415 7
6416 7
6417 7
6418 7
6419 7
6420 7
6421 7
6422 7
6423 6
6424 1
6425 1
6426 7
6427 7
6428 7
6429 7
6430 7
6431 7
6432 7
6433 7
6434 7
6435 7
6436 7
6437 7
6438 7
6439 7
6440 7
6441 7
6442 7
6443 1
6444 6
6445 7
6446 7
6447 7
6448 7
6449 0
6450 7
6451 7
6452 6
6453 6
6454 0
6455 7
6456 1
6457 1
6458 1
6459 0
6460 7
6461 1
6462 1
6463 1
6464 1
6465 1
6466 1
6467 1
6468 1
6469 1
6470 1
6471 1
6472 6
6473 7
6474 6
6475 6
6476 1
6477 1
6478 6
6479 6
6480 7
6481 7
6482 7
6483 7
6484 1
6485 7
6486 12
6487 7
6488 7
6489 7
6490 6
6491 6
6492 7
6493 7
6494 1
6495 1
6496 7
6497 1
6498 1
6499 1
6500 1
6501 1
6502 6
6503 1
6504 1
6505 1
6506 1
6507 1
6508 1
6509 1
6510 1
6511 1
6512 1
6513 7
6514 1
6515 1
6516 1
6517 1
6518 1
6519 1
6520 1
6521 7
6522 7
6523 7
6524 7
6525 7
6526 1
6527 7
6528 7
6529 7
6530 7
6531 7
6532 7
6533 7
6534 7
6535 7
6536 0
6537 0
6538 0
6539 0
6540 7
6541 6
6542 1
6543 7
6544 7
6545 7
6546 1
6547 1
6548 1
6549 1
6550 1
6551 1
6552 1
6553 1
6554 1
6555 7
6556 1
6557 1
6558 1
6559 1
6560 1
6561 1
6562 7
6563 1
6564 1
6565 0
6566 0
6567 0
6568 1
6569 7
6570 0
6571 0
6572 7
6573 6
6574 7
6575 0
6576 1
6577 0
6578 0
6579 0
6580 7
6581 7
6582 7
6583 7
6584 7
6585 7
6586 7
6587 7
6588 1
6589 7
6590 7
6591 7
6592 7
6593 7
6594 7
6595 7
6596 7
6597 6
6598 7
6599 7
6600 7
6601 7
6602 7
6603 7
6604 7
6605 7
6606 7
6607 7
6608 7
6609 7
6610 7
6611 7
6612 7
6613 7
6614 7
6615 7
6616 7
6617 7
6618 7
6619 7
6620 7
6621 7
6622 7
6623 7
6624 7
6625 0
6626 0
6627 1
6628 1
6629 1
6630 1
6631 1
6632 6
6633 0
6634 0
6635 0
6636 0
6637 0
6638 0
6639 0
6640 0
6641 0
6642 0
6643 7
6644 7
6645 7
6646 1
6647 7
6648 7
6649 7
6650 7
6651 7
6652 1
6653 6
6654 1
6655 7
6656 1
6657 1
6658 7
6659 1
6660 1
6661 1
6662 1
6663 1
6664 0
6665 0
6666 1
6667 8
6668 8
6669 7
6670 7
6671 7
6672 7
6673 1
6674 7
6675 13
6676 7
6677 7
6678 6
6679 7
6680 1
6681 1
6682 1
6683 1
6684 12
6685 7
6686 7
6687 1
6688 7
6689 7
6690 6
6691 7
6692 7
6693 6
6694 7
6695 6
6696 7
6697 7
6698 0
6699 1
6700 7
6701 1
6702 7
6703 1
6704 7
6705 7
6706 7
6707 0
6708 7
6709 1
6710 7
6711 7
6712 7
6713 7
6714 1
6715 1
6716 7
6717 1
6718 7
6719 7
6720 7
6721 7
6722 0
6723 7
6724 7
6725 7
6726 7
6727 7
6728 7
6729 1
6730 7
6731 7
6732 7
6733 7
6734 7
6735 7
6736 1
6737 7
6738 0
6739 0
6740 0
6741 7
6742 7
6743 0
6744 7
6745 1
6746 7
6747 7
6748 7
6749 7
6750 7
6751 7
6752 7
6753 7
6754 7
6755 7
6756 7
6757 7
6758 7
6759 7
6760 7
6761 1
6762 1
6763 1
6764 7
6765 7
6766 15
6767 7
6768 7
6769 7
6770 7
6771 7
6772 1
6773 1
6774 7
6775 7
6776 7
6777 6
6778 6
6779 7
6780 7
6781 7
6782 1
6783 1
6784 7
6785 1
6786 1
6787 1
6788 1
6789 7
6790 7
6791 7
6792 7
6793 7
6794 7
6795 9
6796 1
6797 9
6798 7
6799 7
6800 9
6801 9
6802 7
6803 7
6804 0
6805 7
6806 7
6807 1
6808 1
6809 1
6810 0
6811 1
6812 7
6813 7
6814 6
6815 1
6816 7
6817 7
6818 1
6819 7
6820 1
6821 7
6822 1
6823 1
6824 0
6825 7
6826 7
6827 7
6828 1
6829 11
6830 7
6831 6
6832 7
6833 7
6834 1
6835 7
6836 7
6837 1
6838 1
6839 1
6840 1
6841 1
6842 7
6843 0
6844 7
6845 0
6846 7
6847 7
6848 7
6849 7
6850 7
6851 7
6852 7
6853 1
6854 7
6855 1
6856 7
6857 7
6858 1
6859 7
6860 7
6861 12
6862 1
6863 1
6864 1
6865 0
6866 7
6867 1
6868 1
6869 7
6870 1
6871 7
6872 7
6873 6
6874 7
6875 7
6876 12
6877 7
6878 7
6879 0
6880 6
6881 7
6882 7
6883 7
6884 7
6885 7
6886 7
6887 7
6888 7
6889 6
6890 7
6891 7
6892 6
6893 0
6894 7
6895 1
6896 7
6897 6
6898 6
6899 6
6900 7
6901 0
6902 6
6903 1
6904 7
6905 7
6906 7
6907 7
6908 7
6909 7
6910 1
6911 7
6912 0
6913 0
6914 7
6915 0
6916 0
6917 0
6918 6
6919 0
6920 7
6921 1
6922 7
6923 1
6924 7
6925 7
6926 12
6927 7
6928 6
6929 7
6930 6
6931 7
6932 1
6933 7
6934 7
6935 7
6936 1
6937 7
6938 7
6939 7
6940 1
6941 6
6942 7
6943 1
6944 6
6945 7
6946 7
6947 7
6948 7
6949 7
6950 7
6951 7
6952 1
6953 7
6954 7
6955 7
6956 7
6957 7
6958 7
6959 0
6960 7
6961 7
6962 1
6963 1
6964 0
6965 0
6966 7
6967 1
6968 1
6969 7
6970 7
6971 1
6972 7
6973 7
6974 7
6975 7
6976 7
6977 1
6978 1
6979 7
6980 7
6981 1
6982 1
6983 7
6984 6
6985 7
6986 7
6987 1
6988 7
6989 1
6990 1
6991 7
6992 7
6993 1
6994 1
6995 1
6996 7
6997 1
6998 7
6999 7
7000 7
7001 7
7002 7
7003 7
7004 6
7005 7
7006 7
7007 7
7008 7
7009 7
7010 0
7011 0
7012 7
7013 7
7014 7
7015 1
7016 1
7017 7
7018 7
7019 7
7020 1
7021 1
7022 7
7023 7
7024 7
7025 7
7026 7
7027 7
7028 7
7029 7
7030 7
7031 7
7032 7
7033 7
7034 7
7035 7
7036 7
7037 7
7038 7
7039 7
7040 1
7041 12
7042 7
7043 7
7044 7
7045 7
7046 7
7047 1
7048 7
7049 1
7050 0
7051 7
7052 7
7053 7
7054 0
7055 7
7056 1
7057 1
7058 1
7059 7
7060 7
7061 1
7062 1
7063 1
7064 1
7065 1
7066 1
7067 1
7068 1
7069 1
7070 1
7071 1
7072 1
7073 1
7074 1
7075 0
7076 1
7077 6
7078 1
7079 1
7080 7
7081 1
7082 1
7083 1
7084 1
7085 1
7086 0
7087 1
7088 0
7089 1
7090 1
7091 1
7092 7
7093 1
7094 1
7095 1
7096 1
7097 1
7098 1
7099 1
7100 1
7101 0
7102 1
7103 1
7104 1
7105 1
7106 7
7107 1
7108 1
7109 1
7110 0
7111 1
7112 1
7113 1
7114 1
7115 1
7116 7
7117 1
7118 1
7119 12
7120 0
7121 1
7122 1
7123 1
7124 1
7125 1
7126 1
7127 1
7128 6
7129 1
7130 1
7131 1
7132 1
7133 1
7134 1
7135 1
7136 1
7137 1
7138 1
7139 6
7140 1
7141 0
7142 1
7143 7
7144 7
7145 1
7146 0
7147 0
7148 1
7149 1
7150 1
7151 0
7152 1
7153 7
7154 6
7155 1
7156 1
7157 1
7158 7
7159 1
7160 6
7161 7
7162 1
7163 0
7164 6
7165 1
7166 1
7167 1
7168 7
7169 1
7170 7
7171 7
7172 1
7173 7
7174 1
7175 1
7176 1
7177 1
7178 1
7179 12
7180 7
7181 1
7182 1
7183 1
7184 1
7185 1
7186 1
7187 1
7188 0
7189 1
7190 1
7191 1
7192 1
7193 1
7194 7
7195 1
7196 1
7197 0
7198 1
7199 7
7200 1
7201 1
7202 1
7203 1
7204 7
7205 7
7206 1
7207 1
7208 1
7209 7
7210 1
7211 6
7212 1
7213 1
7214 7
7215 1
7216 1
7217 1
7218 1
7219 1
7220 12
7221 1
7222 7
7223 1
7224 0
7225 1
7226 1
7227 1
7228 1
7229 0
7230 7
7231 6
7232 7
7233 7
7234 7
7235 1
7236 1
7237 1
7238 1
7239 1
7240 1
7241 1
7242 0
7243 1
7244 1
7245 7
7246 1
7247 1
7248 1
7249 1
7250 1
7251 6
7252 1
7253 1
7254 7
7255 7
7256 1
7257 1
7258 1
7259 7
7260 1
7261 1
7262 1
7263 1
7264 1
7265 0
7266 7
7267 1
7268 1
7269 7
7270 7
7271 1
7272 1
7273 1
7274 0
7275 1
7276 1
7277 6
7278 1
7279 1
7280 1
7281 7
7282 7
7283 1
7284 1
7285 7
7286 0
7287 1
7288 1
7289 12
7290 1
7291 0
7292 1
7293 1
7294 7
7295 0
7296 1
7297 1
7298 1
7299 1
7300 1
7301 0
7302 0
7303 0
7304 0
7305 0
7306 0
7307 0
7308 0
7309 0
7310 0
7311 0
7312 6
7313 0
7314 0
7315 0
7316 0
7317 0
7318 0
7319 0
7320 0
7321 0
7322 0
7323 0
7324 0
7325 0
7326 0
7327 0
7328 0
7329 0
7330 0
7331 0
7332 0
7333 0
7334 0
7335 0
7336 0
7337 0
7338 0
7339 0
7340 0
7341 0
7342 0
7343 0
7344 0
7345 0
7346 0
7347 0
7348 0
7349 0
7350 6
7351 0
7352 7
7353 1
7354 1
7355 7
7356 12
7357 7
7358 7
7359 7
7360 12
7361 7
7362 7
7363 1
7364 7
7365 7
7366 7
7367 7
7368 7
7369 7
7370 0
7371 7
7372 7
7373 1
7374 7
7375 7
7376 7
7377 7
7378 1
7379 7
7380 0
7381 7
7382 7
7383 7
7384 7
7385 7
7386 7
7387 6
7388 7
7389 7
7390 7
7391 1
7392 7
7393 7
7394 7
7395 7
7396 7
7397 7
7398 7
7399 7
7400 7
7401 1
7402 7
7403 7
7404 1
7405 7
7406 1
7407 0
7408 7
7409 7
7410 7
7411 7
7412 7
7413 7
7414 7
7415 7
7416 7
7417 7
7418 7
7419 7
7420 7
7421 7
7422 0
7423 7
7424 7
7425 7
7426 7
7427 1
7428 7
7429 7
7430 12
7431 7
7432 7
7433 7
7434 7
7435 7
7436 7
7437 7
7438 7
7439 7
7440 7
7441 7
7442 7
7443 7
7444 1
7445 1
7446 0
7447 0
7448 0
7449 7
7450 0
7451 6
7452 0
7453 6
7454 7
7455 7
7456 6
7457 12
7458 1
7459 1
7460 1
7461 1
7462 1
7463 1
7464 1
7465 1
7466 1
7467 1
7468 1
7469 1
7470 1
7471 1
7472 1
7473 1
7474 1
7475 1
7476 1
7477 1
7478 1
7479 1
7480 1
7481 1
7482 1
7483 1
7484 1
7485 1
7486 1
7487 1
7488 1
7489 1
7490 1
7491 1
7492 1
7493 1
7494 1
7495 1
7496 1
7497 1
7498 1
7499 1
7500 1
7501 1
7502 1
7503 1
7504 1
7505 1
7506 1
7507 1
7508 1
7509 1
7510 1
7511 1
7512 1
7513 1
7514 1
7515 1
7516 1
7517 1
7518 7
7519 7
7520 7
7521 1
7522 1
7523 7
7524 6
7525 1
7526 6
7527 6
7528 6
7529 1
7530 7
7531 7
7532 7
7533 7
7534 7
7535 1
7536 7
7537 7
7538 7
7539 7
7540 7
7541 6
7542 6
7543 7
7544 7
7545 7
7546 7
7547 7
7548 7
7549 7
7550 7
7551 7
7552 7
7553 7
7554 0
7555 0
7556 0
7557 0
7558 7
7559 7
7560 7
7561 1
7562 7
7563 7
7564 7
7565 7
7566 6
7567 7
7568 7
7569 7
7570 0
7571 7
7572 1
7573 1
7574 1
7575 6
7576 7
7577 1
7578 7
7579 7
7580 1
7581 7
7582 0
7583 1
7584 0
7585 0
7586 1
7587 7
7588 1
7589 0
7590 7
7591 1
7592 1
7593 1
7594 7
7595 0
7596 6
7597 6
7598 6
7599 7
7600 7
7601 7
7602 7
7603 7
7604 7
7605 7
7606 1
7607 7
7608 7
7609 7
7610 7
7611 7
7612 1
7613 7
7614 7
7615 7
7616 7
7617 7
7618 7
7619 7
7620 7
7621 7
7622 7
7623 7
7624 1
7625 7
7626 1
7627 7
7628 7
7629 6
7630 7
7631 7
7632 7
7633 7
7634 7
7635 1
7636 7
7637 7
7638 1
7639 1
7640 0
7641 0
7642 0
7643 7
7644 0
7645 0
7646 0
7647 0
7648 0
7649 1
7650 0
7651 0
7652 0
7653 0
7654 0
7655 0
7656 7
7657 7
7658 0
7659 0
7660 0
7661 0
7662 0
7663 0
7664 0
7665 0
7666 0
7667 0
7668 0
7669 7
7670 1
7671 1
7672 1
7673 0
7674 0
7675 0
7676 7
7677 1
7678 0
7679 0
7680 0
7681 7
7682 6
7683 1
7684 1
7685 1
7686 1
7687 1
7688 1
7689 1
7690 1
7691 1
7692 7
7693 7
7694 7
7695 7
7696 7
7697 7
7698 7
7699 7
7700 7
7701 7
7702 7
7703 7
7704 7
7705 7
7706 6
7707 7
7708 7
7709 7
7710 7
7711 7
7712 6
7713 7
7714 7
7715 1
7716 6
7717 7
7718 1
7719 1
7720 1
7721 1
7722 1
7723 1
7724 1
7725 1
7726 7
7727 7
7728 7
7729 7
7730 7
7731 7
7732 7
7733 7
7734 7
7735 7
7736 7
7737 7
7738 7
7739 7
7740 7
7741 7
7742 7
7743 7
7744 7
7745 1
7746 0
7747 0
7748 1
7749 1
7750 1
7751 1
7752 1
7753 7
7754 1
7755 1
7756 1
7757 1
7758 7
7759 7
7760 7
7761 7
7762 7
7763 7
7764 7
7765 12
7766 7
7767 6
7768 7
7769 7
7770 7
7771 1
7772 7
7773 7
7774 7
7775 0
7776 1
7777 6
7778 7
7779 6
7780 0
7781 6
7782 6
7783 7
7784 7
7785 6
7786 7
7787 7
7788 1
7789 6
7790 7
7791 7
7792 1
7793 6
7794 7
7795 7
7796 0
7797 7
7798 1
7799 1
7800 1
7801 7
7802 7
7803 1
7804 10
7805 10
7806 10
7807 10
7808 10
7809 10
7810 10
7811 10
7812 10
7813 10
7814 10
7815 10
7816 10
7817 0
7818 6
7819 1
7820 1
7821 1
7822 1
7823 1
7824 1
7825 1
7826 1
7827 1
7828 1
7829 1
7830 1
7831 1
7832 7
7833 7
7834 7
7835 7
7836 7
7837 7
7838 7
7839 1
7840 7
7841 0
7842 0
7843 7
7844 6
7845 7
7846 7
7847 7
7848 7
7849 1
7850 12
7851 7
7852 7
7853 6
7854 11
7855 11
7856 7
7857 7
7858 7
7859 7
7860 7
7861 7
7862 7
7863 1
7864 7
7865 1
7866 7
7867 7
7868 0
7869 1
7870 7
7871 1
7872 1
7873 1
7874 7
7875 7
7876 7
7877 1
7878 6
7879 7
7880 1
7881 7
7882 7
7883 7
7884 7
7885 7
7886 7
7887 7
7888 1
7889 7
7890 7
7891 0
7892 0
7893 0
7894 0
7895 1
7896 7
7897 1
7898 1
7899 7
7900 7
7901 7
7902 7
7903 7
7904 7
7905 7
7906 7
7907 7
7908 7
7909 7
7910 7
7911 12
7912 1
7913 1
7914 1
7915 1
7916 1
7917 1
7918 1
7919 1
7920 7
7921 7
7922 7
7923 7
7924 7
7925 7
7926 7
7927 0
7928 7
7929 7
7930 7
7931 7
7932 7
7933 7
7934 7
7935 7
7936 7
7937 7
7938 7
7939 12
7940 12
7941 12
7942 12
7943 12
7944 12
7945 12
7946 12
7947 12
7948 12
7949 12
7950 12
7951 12
7952 12
7953 12
7954 12
7955 12
7956 12
7957 12
7958 12
7959 12
7960 12
7961 12
7962 12
7963 12
7964 12
7965 12
7966 12
7967 12
7968 12
7969 12
7970 12
7971 12
7972 12
7973 12
7974 12
7975 12
7976 12
7977 12
7978 12
7979 12
7980 12
7981 12
7982 12
7983 12
7984 12
7985 12
7986 12
7987 12
7988 12
7989 12
7990 12
7991 12
7992 12
7993 12
7994 12
7995 12
7996 12
7997 12
7998 12
7999 12
8000 12
8001 12
8002 12
8003 12
8004 12
8005 12
8006 12
8007 12
8008 12
8009 12
8010 12
8011 12
8012 12
8013 12
8014 12
8015 12
8016 12
8017 12
8018 12
8019 12
8020 12
8021 12
8022 12
8023 12
8024 12
8025 12
8026 12
8027 12
8028 12
8029 12
8030 12
8031 12
8032 12
8033 12
8034 12
8035 12
8036 12
8037 12
8038 12
8039 12
8040 12
8041 12
8042 12
8043 12
8044 12
8045 12
8046 12
8047 12
8048 12
8049 12
8050 7
8051 1
8052 7
8053 7
8054 7
8055 7
8056 7
8057 1
8058 1
8059 7
8060 7
8061 7
8062 1
8063 0
8064 0
8065 7
8066 7
8067 7
8068 7
8069 6
8070 6
8071 7
8072 1
8073 7
8074 1
8075 7
8076 7
8077 7
8078 7
8079 7
8080 7
8081 7
8082 7
8083 7
8084 7
8085 7
8086 7
8087 7
8088 7
8089 7
8090 7
8091 7
8092 7
8093 7
8094 7
8095 7
8096 7
8097 7
8098 7
8099 7
8100 7
8101 7
8102 7
8103 7
8104 7
8105 7
8106 7
8107 7
8108 7
8109 7
8110 7
8111 7
8112 1
8113 7
8114 7
8115 7
8116 7
8117 7
8118 7
8119 7
8120 7
8121 7
8122 7
8123 7
8124 7
8125 7
8126 7
8127 7
8128 7
8129 7
8130 7
8131 7
8132 7
8133 7
8134 7
8135 7
8136 7
8137 7
8138 7
8139 7
8140 7
8141 7
8142 7
8143 7
8144 7
8145 7
8146 7
8147 7
8148 7
8149 7
8150 7
8151 7
8152 7
8153 7
8154 7
8155 7
8156 7
8157 7
8158 7
8159 7
8160 7
8161 7
8162 7
8163 7
8164 7
8165 7
8166 7
8167 7
8168 7
8169 7
8170 7
8171 7
8172 7
8173 7
8174 7
8175 7
8176 7
8177 7
8178 6
8179 7
8180 7
8181 7
8182 7
8183 7
8184 13
8185 13
8186 7
8187 7
8188 7
8189 7
8190 7
8191 7
8192 7
8193 7
8194 7
8195 7
8196 7
8197 7
8198 7
8199 0
8200 0
8201 7
8202 7
8203 7
8204 1
8205 7
8206 7
8207 7
8208 7
8209 7
8210 7
8211 7
8212 6
8213 7
8214 7
8215 1
8216 7
8217 7
8218 7
8219 7
8220 7
8221 7
8222 7
8223 7
8224 0
8225 7
8226 6
8227 7
8228 7
8229 0
8230 7
8231 7
8232 7
8233 1
8234 7
8235 1
8236 7
8237 0
8238 14
8239 14
8240 14
8241 7
8242 7
8243 1
8244 6
8245 1
8246 1
8247 1
8248 7
8249 15
8250 1
8251 7
8252 7
8253 7
8254 7
8255 7
8256 7
8257 7
8258 7
8259 7
8260 7
8261 6
8262 7
8263 7
8264 7
8265 7
8266 7
8267 7
8268 7
8269 7
8270 7
8271 1
8272 1
8273 1
8274 1
8275 7
8276 7
8277 0
8278 1
8279 7
8280 1
8281 1
8282 7
8283 1
8284 0
8285 0
8286 0
8287 0
8288 7
8289 7
8290 7
8291 7
8292 7
8293 7
8294 7
8295 7
8296 7
8297 7
8298 7
8299 7
8300 7
8301 7
8302 7
8303 7
8304 7
8305 1
8306 1
8307 1
8308 1
8309 1
8310 1
8311 1
8312 1
8313 1
8314 1
8315 1
8316 1
8317 1
8318 1
8319 1
8320 1
8321 1
8322 1
8323 1
8324 1
8325 1
8326 1
8327 1
8328 1
8329 1
8330 1
8331 1
8332 1
8333 1
8334 7
8335 7
8336 1
8337 1
8338 7
8339 7
8340 7
8341 7
8342 7
8343 7
8344 7
8345 0
8346 7
8347 7
8348 0
8349 7
8350 1
8351 7
8352 6
8353 1
8354 1
8355 1
8356 1
8357 7
8358 7
8359 7
8360 7
8361 7
8362 1
8363 1
8364 7
8365 1
8366 7
8367 7
8368 7
8369 7
8370 7
8371 7
8372 7
8373 1
8374 1
8375 7
8376 1
8377 1
8378 1
8379 1
8380 7
8381 6
8382 6
8383 6
8384 6
8385 6
8386 6
8387 7
8388 6
8389 6
8390 6
8391 1
8392 7
8393 6
8394 0
8395 0
8396 7
8397 0
8398 0
8399 0
8400 7
8401 7
8402 7
8403 7
8404 7
8405 7
8406 0
8407 7
8408 7
8409 7
8410 7
8411 7
8412 0
8413 7
8414 7
8415 7
8416 7
8417 7
8418 7
8419 7
8420 7
8421 7
8422 7
8423 7
8424 7
8425 7
8426 0
8427 0
8428 0
8429 0
8430 7
8431 6
8432 0
8433 6
8434 6
8435 1
8436 1
8437 1
8438 1
8439 7
8440 1
8441 7
8442 7
8443 1
8444 1
8445 1
8446 1
8447 7
8448 7
8449 7
8450 7
8451 16
8452 16
8453 16
8454 7
8455 7
8456 7
8457 7
8458 7
8459 7
8460 7
8461 7
8462 7
8463 7
8464 7
8465 7
8466 7
8467 7
8468 7
8469 7
8470 0
8471 7
8472 7
8473 7
8474 7
8475 7
8476 1
8477 7
8478 7
8479 7
8480 7
8481 7
8482 7
8483 7
8484 7
8485 7
8486 1
8487 7
8488 7
8489 7
8490 7
8491 7
8492 7
8493 7
8494 7
8495 7
8496 7
8497 7
8498 7
8499 1
8500 7
8501 7
8502 7
8503 7
8504 7
8505 7
8506 7
8507 6
8508 0
8509 0
8510 1
8511 7
8512 7
8513 1
8514 7
8515 7
8516 7
8517 7
8518 7
8519 7
8520 1
8521 1
8522 1
8523 0
8524 7
8525 7
8526 7
8527 7
8528 1
8529 7
8530 7
8531 7
8532 7
8533 1
8534 1
8535 1
8536 1
8537 7
8538 1
8539 17
8540 17
network of communities computed : Thu Jan  7 08:47:23 2010

network : 18 nodes, 108 links, 245194024 weight.
pass number 1 of -1 : 0.0810302 0.0810282
pass number 2 of -1 : 0.0810302 0.0810302
communities computed : Thu Jan  7 08:47:23 2010
modularity increased from 0.0810282 to 0.0810302
0 1
1 8
2 0
3 1
4 7
5 1
6 2
7 3
8 4
9 5
10 7
11 6
12 7
13 8
14 8
15 9
16 8
17 10
network of communities computed : Thu Jan  7 08:47:23 2010

network : 11 nodes, 49 links, 245194024 weight.
pass number 1 of -1 : 0.0810302 0.0810302
communities computed : Thu Jan  7 08:47:23 2010
modularity increased from 0.0810302 to 0.0810302
0 0
1 1
2 2
3 3
4 4
5 5
6 6
7 7
8 8
9 9
10 10
network of communities computed : Thu Jan  7 08:47:23 2010
1e-06 0.0810302 416
