Sender: LSF System <lsfadmin@bc09-n06>
Subject: Job 429312: <comm_pct7> Done

Job <comm_pct7> was submitted from host <bc10-n13> by user <jabloche> in cluster <lucky>.
Job was executed on host(s) <bc09-n06>, in queue <week>, as user <jabloche> in cluster <lucky>.
</afs/isis.unc.edu/home/j/a/jabloche> was used as the home directory.
</netscr/jabloche/FirmNetworks/cLouvain> was used as the working directory.
Started at Thu Jan  7 08:40:22 2010
Results reported at Thu Jan  7 08:46:43 2010

Your job looked like:

------------------------------------------------------------
# LSBATCH: User input
/netscr/jabloche/FirmNetworks/cLouvain/community /smallfs/jabloche/fn_edge/el_pct7.bin -l -1 -w
------------------------------------------------------------

Successfully completed.

Resource usage summary:

    CPU time   :    290.93 sec.
    Max Memory :       236 MB
    Max Swap   :       385 MB

    Max Processes  :         4
    Max Threads    :         4

The output (if any) follows:

Your home directory for this job is /netscr/jabloche
start : Thu Jan  7 08:40:27 2010
total : 15074826
file read : Thu Jan  7 08:41:53 2010
network : 8387 nodes, 15074826 links, 226144488 weight.
pass number 1 of -1 : 0.0621785 -0.000215374
pass number 2 of -1 : 0.0707155 0.0621785
pass number 3 of -1 : 0.0714242 0.0707155
pass number 4 of -1 : 0.0718676 0.0714242
pass number 5 of -1 : 0.0735875 0.0718676
pass number 6 of -1 : 0.0774993 0.0735875
pass number 7 of -1 : 0.0801811 0.0774993
pass number 8 of -1 : 0.0809096 0.0801811
pass number 9 of -1 : 0.0812227 0.0809096
pass number 10 of -1 : 0.0814435 0.0812227
pass number 11 of -1 : 0.0816769 0.0814435
pass number 12 of -1 : 0.0823975 0.0816769
pass number 13 of -1 : 0.0845152 0.0823975
pass number 14 of -1 : 0.0858951 0.0845152
pass number 15 of -1 : 0.0860296 0.0858951
pass number 16 of -1 : 0.0860388 0.0860296
pass number 17 of -1 : 0.0860394 0.0860388
communities computed : Thu Jan  7 08:46:43 2010
modularity increased from -0.000215374 to 0.0860394
0 1
1 0
2 1
3 3
4 1
5 1
6 1
7 3
8 1
9 1
10 3
11 1
12 1
13 1
14 1
15 1
16 1
17 1
18 1
19 1
20 1
21 1
22 1
23 1
24 1
25 3
26 1
27 1
28 1
29 3
30 1
31 1
32 3
33 1
34 1
35 1
36 1
37 1
38 1
39 1
40 1
41 1
42 1
43 1
44 1
45 1
46 1
47 1
48 3
49 1
50 1
51 1
52 1
53 1
54 1
55 1
56 3
57 3
58 3
59 0
60 1
61 1
62 1
63 3
64 3
65 1
66 1
67 3
68 0
69 1
70 1
71 3
72 0
73 3
74 0
75 1
76 0
77 0
78 1
79 0
80 1
81 1
82 3
83 0
84 3
85 3
86 0
87 0
88 1
89 1
90 3
91 0
92 1
93 0
94 1
95 0
96 0
97 1
98 0
99 1
100 1
101 3
102 3
103 3
104 1
105 3
106 1
107 3
108 3
109 1
110 1
111 1
112 3
113 3
114 1
115 1
116 3
117 3
118 1
119 1
120 1
121 1
122 3
123 1
124 1
125 1
126 1
127 3
128 3
129 1
130 3
131 3
132 3
133 1
134 1
135 3
136 1
137 3
138 1
139 1
140 1
141 3
142 1
143 3
144 1
145 3
146 1
147 3
148 1
149 3
150 3
151 1
152 3
153 3
154 1
155 3
156 1
157 3
158 3
159 1
160 3
161 3
162 1
163 1
164 1
165 3
166 1
167 0
168 1
169 0
170 0
171 3
172 0
173 15
174 1
175 1
176 1
177 1
178 1
179 1
180 1
181 3
182 1
183 3
184 1
185 3
186 3
187 1
188 3
189 3
190 3
191 3
192 1
193 1
194 3
195 1
196 1
197 1
198 3
199 3
200 3
201 3
202 3
203 1
204 1
205 1
206 1
207 3
208 1
209 3
210 3
211 1
212 1
213 1
214 1
215 3
216 3
217 1
218 1
219 1
220 1
221 1
222 0
223 3
224 3
225 3
226 3
227 3
228 1
229 1
230 3
231 1
232 1
233 3
234 3
235 0
236 1
237 3
238 1
239 1
240 3
241 3
242 3
243 1
244 1
245 1
246 1
247 0
248 1
249 1
250 3
251 3
252 1
253 1
254 3
255 3
256 3
257 1
258 1
259 3
260 1
261 3
262 1
263 3
264 1
265 3
266 1
267 1
268 1
269 1
270 1
271 1
272 3
273 1
274 3
275 1
276 1
277 3
278 1
279 3
280 1
281 3
282 3
283 3
284 1
285 1
286 1
287 1
288 1
289 3
290 1
291 3
292 1
293 1
294 3
295 3
296 3
297 1
298 1
299 0
300 3
301 1
302 3
303 3
304 1
305 3
306 0
307 1
308 1
309 1
310 1
311 1
312 1
313 3
314 1
315 1
316 3
317 1
318 3
319 1
320 1
321 0
322 3
323 1
324 3
325 3
326 3
327 3
328 1
329 3
330 3
331 1
332 3
333 3
334 1
335 3
336 3
337 1
338 3
339 1
340 3
341 1
342 1
343 1
344 1
345 1
346 1
347 3
348 3
349 1
350 1
351 1
352 3
353 1
354 3
355 3
356 1
357 3
358 1
359 3
360 1
361 1
362 3
363 1
364 1
365 1
366 1
367 3
368 1
369 3
370 1
371 1
372 1
373 3
374 1
375 1
376 1
377 0
378 3
379 1
380 1
381 1
382 1
383 1
384 3
385 1
386 0
387 3
388 1
389 1
390 1
391 1
392 1
393 3
394 1
395 1
396 1
397 1
398 1
399 3
400 3
401 3
402 1
403 1
404 1
405 3
406 1
407 1
408 1
409 1
410 3
411 1
412 3
413 1
414 1
415 1
416 1
417 1
418 1
419 1
420 3
421 3
422 1
423 0
424 3
425 1
426 1
427 3
428 3
429 1
430 3
431 1
432 1
433 1
434 3
435 1
436 3
437 1
438 3
439 1
440 1
441 3
442 1
443 1
444 3
445 1
446 1
447 1
448 1
449 3
450 1
451 3
452 3
453 1
454 1
455 0
456 1
457 3
458 1
459 1
460 3
461 1
462 3
463 3
464 0
465 1
466 3
467 1
468 1
469 3
470 1
471 1
472 1
473 1
474 1
475 1
476 1
477 3
478 1
479 3
480 3
481 1
482 1
483 1
484 1
485 1
486 1
487 1
488 1
489 1
490 1
491 1
492 3
493 1
494 1
495 1
496 1
497 1
498 3
499 3
500 1
501 1
502 3
503 3
504 1
505 1
506 3
507 1
508 1
509 1
510 3
511 3
512 3
513 3
514 1
515 1
516 3
517 3
518 1
519 1
520 3
521 1
522 3
523 1
524 3
525 0
526 3
527 3
528 1
529 3
530 3
531 3
532 0
533 1
534 1
535 0
536 1
537 1
538 1
539 3
540 1
541 3
542 1
543 1
544 3
545 1
546 1
547 3
548 3
549 3
550 3
551 1
552 1
553 1
554 1
555 1
556 1
557 0
558 1
559 1
560 1
561 1
562 1
563 1
564 1
565 1
566 3
567 1
568 1
569 1
570 3
571 1
572 1
573 3
574 1
575 1
576 1
577 3
578 3
579 0
580 3
581 0
582 1
583 1
584 1
585 1
586 1
587 1
588 1
589 3
590 1
591 1
592 3
593 3
594 1
595 3
596 1
597 1
598 1
599 1
600 3
601 3
602 1
603 1
604 1
605 1
606 3
607 1
608 1
609 1
610 1
611 1
612 1
613 1
614 1
615 1
616 1
617 1
618 1
619 1
620 3
621 3
622 3
623 1
624 1
625 1
626 3
627 1
628 3
629 1
630 3
631 1
632 1
633 3
634 3
635 1
636 1
637 3
638 3
639 1
640 3
641 3
642 3
643 1
644 1
645 3
646 1
647 3
648 3
649 3
650 3
651 1
652 1
653 1
654 3
655 3
656 3
657 1
658 1
659 1
660 3
661 3
662 3
663 1
664 1
665 1
666 3
667 1
668 0
669 1
670 3
671 3
672 3
673 1
674 3
675 3
676 1
677 3
678 3
679 1
680 1
681 1
682 3
683 3
684 3
685 3
686 3
687 3
688 1
689 1
690 1
691 1
692 1
693 3
694 3
695 1
696 3
697 1
698 1
699 3
700 1
701 3
702 1
703 1
704 1
705 1
706 3
707 3
708 3
709 3
710 1
711 1
712 3
713 1
714 1
715 3
716 3
717 0
718 1
719 3
720 1
721 3
722 3
723 3
724 3
725 1
726 1
727 3
728 1
729 3
730 1
731 1
732 1
733 3
734 1
735 1
736 1
737 1
738 1
739 3
740 3
741 0
742 1
743 1
744 1
745 3
746 3
747 3
748 1
749 1
750 1
751 1
752 3
753 3
754 3
755 1
756 1
757 1
758 3
759 3
760 3
761 1
762 3
763 3
764 0
765 3
766 1
767 3
768 3
769 3
770 0
771 3
772 1
773 1
774 3
775 3
776 1
777 3
778 1
779 1
780 3
781 1
782 1
783 3
784 1
785 1
786 3
787 1
788 1
789 1
790 1
791 3
792 3
793 3
794 3
795 0
796 3
797 3
798 1
799 1
800 1
801 3
802 1
803 3
804 1
805 3
806 1
807 3
808 3
809 1
810 1
811 1
812 3
813 3
814 3
815 3
816 1
817 1
818 1
819 3
820 3
821 1
822 1
823 3
824 1
825 1
826 1
827 3
828 3
829 1
830 1
831 1
832 1
833 1
834 1
835 1
836 1
837 1
838 1
839 3
840 1
841 3
842 1
843 1
844 1
845 3
846 3
847 1
848 1
849 3
850 1
851 1
852 1
853 3
854 1
855 3
856 1
857 1
858 1
859 1
860 3
861 3
862 1
863 0
864 1
865 1
866 1
867 1
868 3
869 3
870 1
871 3
872 1
873 1
874 1
875 3
876 1
877 3
878 3
879 1
880 1
881 1
882 3
883 1
884 1
885 1
886 1
887 3
888 3
889 3
890 3
891 1
892 1
893 3
894 1
895 1
896 1
897 3
898 1
899 3
900 1
901 3
902 1
903 3
904 3
905 1
906 1
907 3
908 1
909 3
910 3
911 1
912 3
913 1
914 1
915 0
916 3
917 1
918 1
919 1
920 1
921 3
922 3
923 1
924 1
925 3
926 1
927 1
928 1
929 3
930 1
931 3
932 3
933 1
934 3
935 1
936 3
937 3
938 1
939 3
940 1
941 3
942 1
943 1
944 1
945 3
946 1
947 1
948 1
949 1
950 3
951 3
952 3
953 3
954 3
955 1
956 3
957 3
958 3
959 3
960 1
961 3
962 3
963 1
964 1
965 1
966 1
967 1
968 1
969 3
970 1
971 1
972 1
973 1
974 3
975 1
976 1
977 1
978 1
979 1
980 1
981 1
982 1
983 1
984 1
985 3
986 0
987 1
988 1
989 0
990 1
991 3
992 1
993 1
994 0
995 0
996 1
997 3
998 1
999 1
1000 0
1001 1
1002 3
1003 3
1004 1
1005 3
1006 1
1007 1
1008 1
1009 3
1010 0
1011 0
1012 1
1013 3
1014 0
1015 3
1016 1
1017 1
1018 1
1019 3
1020 1
1021 0
1022 4
1023 1
1024 0
1025 1
1026 1
1027 3
1028 0
1029 1
1030 1
1031 1
1032 1
1033 1
1034 1
1035 3
1036 1
1037 0
1038 1
1039 3
1040 3
1041 1
1042 1
1043 1
1044 1
1045 3
1046 3
1047 3
1048 1
1049 1
1050 0
1051 1
1052 1
1053 3
1054 3
1055 3
1056 1
1057 0
1058 1
1059 1
1060 0
1061 3
1062 3
1063 1
1064 1
1065 1
1066 1
1067 0
1068 1
1069 15
1070 3
1071 3
1072 3
1073 1
1074 1
1075 1
1076 3
1077 1
1078 0
1079 0
1080 0
1081 1
1082 0
1083 3
1084 1
1085 0
1086 1
1087 0
1088 3
1089 3
1090 1
1091 1
1092 3
1093 1
1094 0
1095 0
1096 3
1097 3
1098 1
1099 3
1100 1
1101 1
1102 1
1103 1
1104 0
1105 1
1106 0
1107 1
1108 3
1109 1
1110 3
1111 1
1112 1
1113 3
1114 0
1115 0
1116 1
1117 1
1118 3
1119 1
1120 0
1121 1
1122 1
1123 1
1124 3
1125 3
1126 0
1127 1
1128 1
1129 3
1130 0
1131 0
1132 1
1133 1
1134 3
1135 0
1136 1
1137 0
1138 1
1139 1
1140 3
1141 3
1142 0
1143 1
1144 3
1145 1
1146 3
1147 3
1148 1
1149 1
1150 1
1151 3
1152 1
1153 0
1154 0
1155 0
1156 1
1157 3
1158 3
1159 1
1160 3
1161 1
1162 0
1163 1
1164 1
1165 1
1166 1
1167 1
1168 0
1169 1
1170 3
1171 0
1172 1
1173 3
1174 1
1175 3
1176 3
1177 1
1178 1
1179 1
1180 1
1181 1
1182 1
1183 3
1184 3
1185 3
1186 3
1187 1
1188 1
1189 1
1190 3
1191 1
1192 1
1193 3
1194 1
1195 0
1196 1
1197 3
1198 1
1199 1
1200 1
1201 3
1202 1
1203 3
1204 3
1205 1
1206 1
1207 3
1208 3
1209 1
1210 3
1211 3
1212 3
1213 3
1214 1
1215 1
1216 3
1217 3
1218 1
1219 1
1220 1
1221 1
1222 3
1223 3
1224 3
1225 1
1226 3
1227 1
1228 1
1229 1
1230 1
1231 1
1232 1
1233 1
1234 3
1235 3
1236 1
1237 1
1238 1
1239 1
1240 1
1241 3
1242 1
1243 3
1244 1
1245 3
1246 0
1247 1
1248 3
1249 0
1250 1
1251 3
1252 1
1253 1
1254 3
1255 3
1256 0
1257 3
1258 1
1259 1
1260 3
1261 1
1262 3
1263 0
1264 3
1265 3
1266 3
1267 3
1268 3
1269 1
1270 1
1271 1
1272 3
1273 3
1274 1
1275 3
1276 0
1277 1
1278 1
1279 0
1280 3
1281 1
1282 3
1283 1
1284 1
1285 3
1286 3
1287 0
1288 3
1289 1
1290 3
1291 3
1292 1
1293 1
1294 3
1295 0
1296 1
1297 3
1298 1
1299 0
1300 1
1301 1
1302 3
1303 1
1304 0
1305 3
1306 3
1307 3
1308 1
1309 3
1310 1
1311 3
1312 3
1313 0
1314 1
1315 1
1316 1
1317 3
1318 3
1319 3
1320 0
1321 0
1322 1
1323 3
1324 1
1325 1
1326 0
1327 1
1328 3
1329 1
1330 3
1331 1
1332 1
1333 3
1334 3
1335 1
1336 1
1337 0
1338 1
1339 3
1340 1
1341 1
1342 1
1343 3
1344 3
1345 1
1346 0
1347 3
1348 3
1349 1
1350 1
1351 3
1352 0
1353 1
1354 1
1355 3
1356 1
1357 3
1358 3
1359 1
1360 3
1361 3
1362 1
1363 1
1364 3
1365 1
1366 3
1367 3
1368 3
1369 1
1370 3
1371 1
1372 1
1373 0
1374 3
1375 1
1376 1
1377 3
1378 1
1379 1
1380 3
1381 3
1382 1
1383 1
1384 0
1385 3
1386 3
1387 1
1388 1
1389 3
1390 1
1391 3
1392 1
1393 1
1394 3
1395 3
1396 1
1397 3
1398 1
1399 1
1400 1
1401 0
1402 1
1403 3
1404 1
1405 1
1406 1
1407 1
1408 1
1409 3
1410 1
1411 1
1412 3
1413 3
1414 0
1415 0
1416 3
1417 3
1418 3
1419 1
1420 0
1421 1
1422 1
1423 3
1424 1
1425 1
1426 1
1427 0
1428 3
1429 3
1430 1
1431 3
1432 1
1433 1
1434 0
1435 0
1436 1
1437 1
1438 1
1439 0
1440 1
1441 3
1442 3
1443 1
1444 3
1445 1
1446 0
1447 3
1448 3
1449 3
1450 0
1451 1
1452 3
1453 1
1454 3
1455 1
1456 3
1457 1
1458 1
1459 1
1460 1
1461 1
1462 0
1463 3
1464 0
1465 1
1466 1
1467 3
1468 1
1469 3
1470 0
1471 3
1472 3
1473 3
1474 0
1475 1
1476 1
1477 1
1478 0
1479 1
1480 1
1481 3
1482 0
1483 1
1484 3
1485 3
1486 3
1487 3
1488 1
1489 1
1490 3
1491 3
1492 3
1493 3
1494 1
1495 1
1496 3
1497 3
1498 3
1499 0
1500 0
1501 1
1502 3
1503 1
1504 1
1505 3
1506 3
1507 1
1508 1
1509 1
1510 1
1511 1
1512 1
1513 1
1514 1
1515 3
1516 1
1517 1
1518 1
1519 1
1520 1
1521 0
1522 3
1523 1
1524 1
1525 1
1526 1
1527 1
1528 1
1529 1
1530 1
1531 1
1532 1
1533 1
1534 1
1535 0
1536 1
1537 0
1538 1
1539 3
1540 0
1541 1
1542 0
1543 3
1544 3
1545 15
1546 0
1547 1
1548 3
1549 0
1550 1
1551 1
1552 1
1553 3
1554 1
1555 1
1556 1
1557 0
1558 3
1559 3
1560 3
1561 1
1562 3
1563 3
1564 0
1565 3
1566 1
1567 3
1568 3
1569 1
1570 1
1571 3
1572 1
1573 1
1574 1
1575 1
1576 1
1577 3
1578 1
1579 1
1580 1
1581 3
1582 3
1583 3
1584 1
1585 3
1586 1
1587 3
1588 3
1589 0
1590 3
1591 1
1592 1
1593 3
1594 3
1595 1
1596 3
1597 0
1598 3
1599 1
1600 3
1601 3
1602 3
1603 1
1604 1
1605 1
1606 1
1607 3
1608 1
1609 1
1610 1
1611 3
1612 3
1613 0
1614 3
1615 3
1616 1
1617 1
1618 1
1619 1
1620 1
1621 1
1622 3
1623 1
1624 1
1625 3
1626 3
1627 1
1628 1
1629 1
1630 3
1631 3
1632 1
1633 0
1634 1
1635 0
1636 3
1637 1
1638 0
1639 1
1640 1
1641 1
1642 3
1643 1
1644 0
1645 3
1646 1
1647 3
1648 1
1649 1
1650 3
1651 1
1652 1
1653 3
1654 0
1655 3
1656 3
1657 0
1658 3
1659 1
1660 1
1661 0
1662 1
1663 3
1664 1
1665 0
1666 3
1667 1
1668 0
1669 0
1670 1
1671 3
1672 1
1673 3
1674 3
1675 3
1676 1
1677 1
1678 3
1679 1
1680 1
1681 3
1682 1
1683 3
1684 1
1685 1
1686 3
1687 1
1688 1
1689 3
1690 1
1691 1
1692 0
1693 3
1694 3
1695 3
1696 3
1697 1
1698 1
1699 3
1700 0
1701 1
1702 3
1703 3
1704 1
1705 0
1706 3
1707 3
1708 1
1709 1
1710 0
1711 1
1712 3
1713 3
1714 1
1715 3
1716 0
1717 3
1718 1
1719 3
1720 0
1721 1
1722 1
1723 1
1724 1
1725 3
1726 0
1727 1
1728 3
1729 3
1730 3
1731 3
1732 0
1733 1
1734 3
1735 3
1736 1
1737 1
1738 1
1739 1
1740 3
1741 1
1742 1
1743 1
1744 0
1745 1
1746 3
1747 1
1748 0
1749 1
1750 3
1751 1
1752 3
1753 3
1754 3
1755 3
1756 3
1757 1
1758 3
1759 3
1760 3
1761 3
1762 3
1763 3
1764 3
1765 1
1766 0
1767 0
1768 1
1769 1
1770 0
1771 1
1772 3
1773 0
1774 0
1775 0
1776 0
1777 0
1778 0
1779 1
1780 1
1781 0
1782 3
1783 0
1784 0
1785 0
1786 0
1787 0
1788 0
1789 0
1790 0
1791 0
1792 0
1793 0
1794 1
1795 3
1796 0
1797 0
1798 0
1799 0
1800 0
1801 0
1802 0
1803 0
1804 0
1805 0
1806 0
1807 0
1808 0
1809 0
1810 0
1811 0
1812 0
1813 0
1814 0
1815 0
1816 0
1817 0
1818 1
1819 0
1820 1
1821 0
1822 0
1823 0
1824 0
1825 0
1826 3
1827 0
1828 0
1829 0
1830 0
1831 0
1832 3
1833 0
1834 0
1835 1
1836 0
1837 0
1838 0
1839 0
1840 1
1841 0
1842 0
1843 0
1844 3
1845 1
1846 3
1847 3
1848 3
1849 0
1850 0
1851 0
1852 0
1853 0
1854 0
1855 0
1856 0
1857 0
1858 1
1859 0
1860 1
1861 0
1862 0
1863 3
1864 3
1865 0
1866 0
1867 0
1868 0
1869 1
1870 0
1871 0
1872 0
1873 0
1874 0
1875 0
1876 0
1877 0
1878 0
1879 3
1880 0
1881 3
1882 1
1883 1
1884 1
1885 3
1886 0
1887 0
1888 1
1889 1
1890 3
1891 1
1892 1
1893 1
1894 1
1895 1
1896 0
1897 1
1898 1
1899 1
1900 3
1901 0
1902 3
1903 3
1904 1
1905 3
1906 1
1907 1
1908 1
1909 3
1910 1
1911 1
1912 3
1913 1
1914 1
1915 1
1916 1
1917 1
1918 1
1919 1
1920 1
1921 1
1922 1
1923 3
1924 1
1925 1
1926 1
1927 1
1928 1
1929 1
1930 1
1931 1
1932 1
1933 1
1934 1
1935 1
1936 3
1937 1
1938 1
1939 0
1940 1
1941 1
1942 3
1943 1
1944 1
1945 1
1946 1
1947 1
1948 1
1949 3
1950 1
1951 1
1952 1
1953 1
1954 1
1955 1
1956 1
1957 1
1958 1
1959 1
1960 0
1961 1
1962 1
1963 1
1964 1
1965 1
1966 1
1967 1
1968 3
1969 3
1970 1
1971 1
1972 0
1973 3
1974 1
1975 1
1976 3
1977 3
1978 3
1979 1
1980 1
1981 3
1982 3
1983 1
1984 3
1985 1
1986 1
1987 1
1988 1
1989 3
1990 1
1991 1
1992 3
1993 1
1994 3
1995 1
1996 0
1997 3
1998 1
1999 1
2000 1
2001 0
2002 0
2003 1
2004 1
2005 1
2006 1
2007 1
2008 1
2009 1
2010 1
2011 3
2012 1
2013 1
2014 1
2015 1
2016 3
2017 1
2018 1
2019 1
2020 1
2021 3
2022 1
2023 1
2024 1
2025 1
2026 1
2027 0
2028 0
2029 3
2030 1
2031 0
2032 5
2033 1
2034 0
2035 0
2036 1
2037 3
2038 1
2039 3
2040 1
2041 1
2042 3
2043 3
2044 1
2045 1
2046 0
2047 1
2048 3
2049 0
2050 1
2051 1
2052 0
2053 1
2054 3
2055 0
2056 1
2057 0
2058 1
2059 1
2060 1
2061 1
2062 1
2063 0
2064 0
2065 1
2066 0
2067 1
2068 0
2069 3
2070 1
2071 1
2072 1
2073 1
2074 3
2075 3
2076 3
2077 0
2078 1
2079 1
2080 0
2081 1
2082 1
2083 3
2084 3
2085 3
2086 3
2087 0
2088 1
2089 1
2090 1
2091 0
2092 0
2093 3
2094 0
2095 0
2096 3
2097 1
2098 1
2099 0
2100 1
2101 1
2102 3
2103 1
2104 3
2105 0
2106 1
2107 0
2108 0
2109 3
2110 1
2111 3
2112 1
2113 1
2114 3
2115 0
2116 3
2117 0
2118 0
2119 1
2120 1
2121 3
2122 1
2123 3
2124 3
2125 1
2126 1
2127 0
2128 3
2129 1
2130 1
2131 3
2132 1
2133 1
2134 1
2135 1
2136 1
2137 1
2138 1
2139 1
2140 3
2141 3
2142 3
2143 3
2144 3
2145 0
2146 1
2147 0
2148 3
2149 1
2150 3
2151 1
2152 3
2153 0
2154 3
2155 0
2156 3
2157 0
2158 1
2159 1
2160 3
2161 0
2162 1
2163 1
2164 3
2165 3
2166 3
2167 1
2168 0
2169 1
2170 0
2171 0
2172 1
2173 0
2174 1
2175 1
2176 3
2177 1
2178 0
2179 3
2180 1
2181 1
2182 3
2183 1
2184 3
2185 0
2186 3
2187 1
2188 0
2189 0
2190 0
2191 0
2192 0
2193 0
2194 1
2195 0
2196 0
2197 0
2198 0
2199 1
2200 0
2201 0
2202 0
2203 0
2204 0
2205 3
2206 0
2207 0
2208 0
2209 0
2210 3
2211 0
2212 0
2213 0
2214 0
2215 1
2216 0
2217 0
2218 3
2219 0
2220 3
2221 0
2222 0
2223 1
2224 1
2225 0
2226 0
2227 0
2228 0
2229 0
2230 0
2231 0
2232 0
2233 3
2234 0
2235 0
2236 0
2237 1
2238 0
2239 0
2240 0
2241 0
2242 0
2243 0
2244 0
2245 0
2246 0
2247 0
2248 0
2249 0
2250 0
2251 0
2252 1
2253 0
2254 0
2255 1
2256 0
2257 0
2258 1
2259 0
2260 0
2261 3
2262 0
2263 0
2264 0
2265 0
2266 0
2267 0
2268 0
2269 0
2270 0
2271 1
2272 0
2273 3
2274 0
2275 3
2276 0
2277 0
2278 0
2279 1
2280 0
2281 1
2282 0
2283 1
2284 0
2285 0
2286 0
2287 0
2288 0
2289 0
2290 1
2291 0
2292 0
2293 0
2294 1
2295 0
2296 1
2297 0
2298 0
2299 0
2300 0
2301 3
2302 0
2303 0
2304 0
2305 1
2306 0
2307 3
2308 0
2309 0
2310 0
2311 3
2312 3
2313 3
2314 1
2315 1
2316 0
2317 3
2318 1
2319 3
2320 1
2321 3
2322 0
2323 1
2324 3
2325 1
2326 0
2327 3
2328 1
2329 1
2330 0
2331 1
2332 1
2333 3
2334 0
2335 1
2336 1
2337 0
2338 0
2339 0
2340 0
2341 1
2342 3
2343 3
2344 1
2345 0
2346 1
2347 0
2348 1
2349 3
2350 1
2351 3
2352 1
2353 0
2354 0
2355 1
2356 1
2357 1
2358 0
2359 0
2360 3
2361 1
2362 1
2363 3
2364 0
2365 1
2366 1
2367 1
2368 3
2369 3
2370 0
2371 3
2372 0
2373 0
2374 3
2375 1
2376 3
2377 1
2378 1
2379 3
2380 1
2381 1
2382 1
2383 0
2384 3
2385 1
2386 1
2387 0
2388 0
2389 1
2390 1
2391 0
2392 3
2393 0
2394 1
2395 0
2396 0
2397 1
2398 0
2399 1
2400 0
2401 0
2402 0
2403 0
2404 3
2405 1
2406 3
2407 1
2408 3
2409 1
2410 0
2411 0
2412 0
2413 0
2414 1
2415 3
2416 1
2417 3
2418 0
2419 3
2420 1
2421 1
2422 1
2423 0
2424 1
2425 0
2426 0
2427 3
2428 1
2429 3
2430 0
2431 1
2432 1
2433 1
2434 1
2435 1
2436 0
2437 1
2438 3
2439 3
2440 0
2441 1
2442 1
2443 3
2444 0
2445 1
2446 1
2447 1
2448 0
2449 3
2450 3
2451 0
2452 1
2453 1
2454 0
2455 1
2456 0
2457 1
2458 1
2459 3
2460 1
2461 1
2462 0
2463 1
2464 3
2465 1
2466 1
2467 1
2468 1
2469 1
2470 1
2471 1
2472 0
2473 0
2474 1
2475 1
2476 3
2477 0
2478 1
2479 3
2480 0
2481 0
2482 0
2483 1
2484 0
2485 1
2486 1
2487 1
2488 1
2489 1
2490 3
2491 3
2492 3
2493 1
2494 0
2495 0
2496 0
2497 3
2498 1
2499 1
2500 1
2501 1
2502 1
2503 1
2504 0
2505 0
2506 1
2507 3
2508 0
2509 3
2510 3
2511 1
2512 1
2513 3
2514 3
2515 0
2516 3
2517 0
2518 1
2519 1
2520 3
2521 3
2522 3
2523 1
2524 3
2525 0
2526 0
2527 1
2528 3
2529 3
2530 1
2531 0
2532 0
2533 0
2534 0
2535 0
2536 1
2537 1
2538 0
2539 3
2540 1
2541 3
2542 0
2543 0
2544 1
2545 1
2546 1
2547 1
2548 0
2549 1
2550 1
2551 0
2552 3
2553 3
2554 3
2555 3
2556 0
2557 1
2558 1
2559 0
2560 1
2561 1
2562 0
2563 0
2564 3
2565 3
2566 0
2567 1
2568 1
2569 1
2570 0
2571 3
2572 1
2573 1
2574 0
2575 0
2576 3
2577 3
2578 0
2579 3
2580 0
2581 1
2582 3
2583 3
2584 0
2585 0
2586 0
2587 1
2588 1
2589 0
2590 0
2591 3
2592 0
2593 3
2594 0
2595 0
2596 1
2597 1
2598 1
2599 0
2600 0
2601 1
2602 3
2603 0
2604 0
2605 0
2606 3
2607 3
2608 3
2609 1
2610 1
2611 1
2612 3
2613 1
2614 0
2615 0
2616 0
2617 1
2618 0
2619 0
2620 0
2621 0
2622 0
2623 1
2624 0
2625 1
2626 0
2627 1
2628 3
2629 0
2630 1
2631 3
2632 3
2633 0
2634 0
2635 0
2636 1
2637 0
2638 3
2639 1
2640 0
2641 0
2642 1
2643 1
2644 0
2645 0
2646 1
2647 1
2648 0
2649 1
2650 1
2651 0
2652 0
2653 0
2654 0
2655 1
2656 3
2657 0
2658 1
2659 1
2660 0
2661 1
2662 3
2663 1
2664 1
2665 1
2666 0
2667 1
2668 1
2669 0
2670 0
2671 1
2672 0
2673 1
2674 0
2675 1
2676 3
2677 0
2678 0
2679 3
2680 3
2681 15
2682 1
2683 1
2684 1
2685 0
2686 3
2687 3
2688 3
2689 1
2690 0
2691 0
2692 1
2693 1
2694 1
2695 1
2696 0
2697 1
2698 1
2699 1
2700 0
2701 0
2702 3
2703 1
2704 1
2705 1
2706 1
2707 0
2708 1
2709 1
2710 1
2711 0
2712 1
2713 1
2714 1
2715 1
2716 1
2717 1
2718 3
2719 1
2720 0
2721 0
2722 1
2723 0
2724 3
2725 1
2726 1
2727 1
2728 1
2729 1
2730 1
2731 0
2732 0
2733 1
2734 1
2735 1
2736 1
2737 0
2738 1
2739 0
2740 1
2741 1
2742 1
2743 1
2744 1
2745 0
2746 1
2747 3
2748 1
2749 1
2750 1
2751 1
2752 1
2753 3
2754 0
2755 1
2756 0
2757 1
2758 1
2759 3
2760 0
2761 1
2762 0
2763 1
2764 3
2765 3
2766 1
2767 1
2768 0
2769 1
2770 1
2771 0
2772 1
2773 1
2774 1
2775 3
2776 0
2777 1
2778 0
2779 1
2780 3
2781 0
2782 1
2783 1
2784 0
2785 1
2786 1
2787 3
2788 0
2789 1
2790 1
2791 1
2792 0
2793 1
2794 1
2795 1
2796 1
2797 3
2798 3
2799 3
2800 1
2801 3
2802 3
2803 1
2804 1
2805 3
2806 3
2807 3
2808 3
2809 3
2810 3
2811 3
2812 1
2813 3
2814 0
2815 3
2816 3
2817 3
2818 3
2819 3
2820 1
2821 1
2822 1
2823 3
2824 3
2825 1
2826 1
2827 1
2828 1
2829 3
2830 3
2831 0
2832 3
2833 1
2834 0
2835 1
2836 3
2837 3
2838 0
2839 1
2840 0
2841 1
2842 0
2843 1
2844 1
2845 1
2846 0
2847 3
2848 3
2849 1
2850 1
2851 0
2852 0
2853 1
2854 1
2855 1
2856 1
2857 1
2858 1
2859 0
2860 1
2861 1
2862 3
2863 0
2864 3
2865 1
2866 3
2867 1
2868 0
2869 1
2870 3
2871 3
2872 3
2873 3
2874 0
2875 0
2876 0
2877 1
2878 1
2879 0
2880 0
2881 0
2882 1
2883 1
2884 1
2885 1
2886 1
2887 1
2888 1
2889 3
2890 1
2891 3
2892 0
2893 0
2894 3
2895 1
2896 1
2897 1
2898 0
2899 0
2900 1
2901 1
2902 3
2903 1
2904 1
2905 1
2906 0
2907 0
2908 3
2909 0
2910 0
2911 1
2912 3
2913 1
2914 1
2915 3
2916 1
2917 0
2918 1
2919 1
2920 1
2921 0
2922 3
2923 0
2924 3
2925 3
2926 1
2927 1
2928 1
2929 0
2930 3
2931 3
2932 0
2933 1
2934 1
2935 0
2936 1
2937 3
2938 0
2939 3
2940 1
2941 1
2942 0
2943 0
2944 3
2945 1
2946 1
2947 1
2948 1
2949 3
2950 0
2951 1
2952 1
2953 0
2954 1
2955 1
2956 1
2957 1
2958 1
2959 1
2960 6
2961 1
2962 1
2963 1
2964 1
2965 1
2966 1
2967 1
2968 1
2969 1
2970 1
2971 1
2972 1
2973 1
2974 1
2975 1
2976 3
2977 0
2978 1
2979 3
2980 0
2981 3
2982 1
2983 1
2984 1
2985 1
2986 1
2987 1
2988 1
2989 1
2990 1
2991 1
2992 1
2993 1
2994 1
2995 1
2996 1
2997 3
2998 0
2999 1
3000 3
3001 3
3002 0
3003 0
3004 1
3005 0
3006 0
3007 1
3008 0
3009 3
3010 1
3011 1
3012 1
3013 1
3014 3
3015 1
3016 0
3017 0
3018 0
3019 1
3020 0
3021 0
3022 3
3023 0
3024 0
3025 1
3026 1
3027 1
3028 0
3029 1
3030 0
3031 1
3032 3
3033 0
3034 3
3035 0
3036 1
3037 0
3038 1
3039 0
3040 0
3041 3
3042 0
3043 3
3044 0
3045 0
3046 1
3047 0
3048 0
3049 0
3050 3
3051 0
3052 1
3053 3
3054 3
3055 1
3056 0
3057 0
3058 3
3059 0
3060 1
3061 1
3062 1
3063 1
3064 0
3065 3
3066 3
3067 0
3068 1
3069 1
3070 3
3071 0
3072 1
3073 1
3074 0
3075 1
3076 3
3077 3
3078 3
3079 3
3080 1
3081 3
3082 1
3083 0
3084 3
3085 0
3086 0
3087 1
3088 1
3089 1
3090 0
3091 1
3092 1
3093 1
3094 1
3095 0
3096 0
3097 1
3098 3
3099 3
3100 1
3101 1
3102 0
3103 1
3104 3
3105 1
3106 0
3107 1
3108 3
3109 0
3110 3
3111 3
3112 0
3113 0
3114 0
3115 1
3116 1
3117 1
3118 1
3119 1
3120 0
3121 1
3122 1
3123 0
3124 0
3125 0
3126 1
3127 0
3128 0
3129 1
3130 0
3131 1
3132 3
3133 1
3134 1
3135 1
3136 1
3137 3
3138 3
3139 1
3140 1
3141 1
3142 1
3143 1
3144 0
3145 0
3146 3
3147 3
3148 3
3149 3
3150 0
3151 1
3152 0
3153 3
3154 1
3155 1
3156 3
3157 0
3158 1
3159 3
3160 0
3161 0
3162 0
3163 1
3164 1
3165 0
3166 3
3167 3
3168 3
3169 1
3170 1
3171 1
3172 0
3173 3
3174 1
3175 0
3176 1
3177 0
3178 0
3179 1
3180 3
3181 1
3182 1
3183 0
3184 3
3185 1
3186 0
3187 3
3188 1
3189 1
3190 0
3191 0
3192 1
3193 1
3194 0
3195 1
3196 1
3197 1
3198 0
3199 0
3200 0
3201 0
3202 3
3203 3
3204 0
3205 3
3206 0
3207 1
3208 0
3209 3
3210 1
3211 0
3212 0
3213 0
3214 1
3215 1
3216 0
3217 1
3218 1
3219 1
3220 3
3221 1
3222 0
3223 0
3224 0
3225 0
3226 0
3227 0
3228 1
3229 0
3230 3
3231 1
3232 1
3233 3
3234 3
3235 0
3236 0
3237 3
3238 1
3239 3
3240 3
3241 0
3242 3
3243 1
3244 1
3245 3
3246 3
3247 0
3248 0
3249 0
3250 1
3251 0
3252 0
3253 3
3254 0
3255 0
3256 1
3257 1
3258 0
3259 1
3260 3
3261 0
3262 3
3263 1
3264 0
3265 1
3266 1
3267 0
3268 3
3269 1
3270 0
3271 0
3272 1
3273 3
3274 0
3275 1
3276 1
3277 0
3278 1
3279 1
3280 1
3281 3
3282 1
3283 3
3284 1
3285 0
3286 3
3287 0
3288 1
3289 0
3290 1
3291 1
3292 0
3293 0
3294 1
3295 3
3296 1
3297 1
3298 1
3299 1
3300 0
3301 1
3302 0
3303 1
3304 1
3305 0
3306 1
3307 1
3308 1
3309 0
3310 1
3311 0
3312 1
3313 0
3314 0
3315 1
3316 0
3317 1
3318 0
3319 1
3320 1
3321 1
3322 1
3323 0
3324 1
3325 3
3326 0
3327 0
3328 1
3329 1
3330 0
3331 1
3332 1
3333 1
3334 1
3335 1
3336 0
3337 1
3338 1
3339 3
3340 0
3341 3
3342 1
3343 1
3344 0
3345 0
3346 3
3347 0
3348 3
3349 1
3350 1
3351 1
3352 3
3353 3
3354 1
3355 0
3356 3
3357 3
3358 3
3359 0
3360 0
3361 1
3362 3
3363 0
3364 1
3365 1
3366 1
3367 0
3368 0
3369 0
3370 1
3371 0
3372 3
3373 3
3374 0
3375 0
3376 3
3377 3
3378 3
3379 0
3380 1
3381 1
3382 1
3383 0
3384 1
3385 0
3386 3
3387 3
3388 0
3389 0
3390 1
3391 1
3392 3
3393 0
3394 0
3395 1
3396 0
3397 0
3398 1
3399 0
3400 3
3401 1
3402 0
3403 3
3404 0
3405 0
3406 1
3407 0
3408 0
3409 0
3410 0
3411 1
3412 1
3413 1
3414 3
3415 15
3416 1
3417 0
3418 0
3419 1
3420 1
3421 1
3422 0
3423 0
3424 0
3425 1
3426 0
3427 3
3428 0
3429 1
3430 3
3431 3
3432 1
3433 3
3434 3
3435 0
3436 1
3437 3
3438 0
3439 0
3440 3
3441 0
3442 1
3443 1
3444 3
3445 0
3446 0
3447 3
3448 0
3449 1
3450 1
3451 1
3452 1
3453 1
3454 0
3455 0
3456 0
3457 1
3458 0
3459 3
3460 1
3461 1
3462 1
3463 3
3464 1
3465 0
3466 1
3467 1
3468 0
3469 0
3470 3
3471 1
3472 1
3473 1
3474 3
3475 1
3476 0
3477 1
3478 1
3479 0
3480 0
3481 1
3482 1
3483 1
3484 1
3485 3
3486 1
3487 1
3488 0
3489 3
3490 0
3491 3
3492 3
3493 0
3494 0
3495 0
3496 0
3497 1
3498 1
3499 0
3500 1
3501 3
3502 3
3503 0
3504 1
3505 1
3506 3
3507 3
3508 3
3509 0
3510 1
3511 3
3512 0
3513 0
3514 0
3515 0
3516 1
3517 0
3518 3
3519 1
3520 3
3521 0
3522 1
3523 1
3524 3
3525 0
3526 3
3527 1
3528 1
3529 1
3530 3
3531 1
3532 0
3533 0
3534 1
3535 0
3536 0
3537 0
3538 1
3539 0
3540 1
3541 0
3542 0
3543 3
3544 0
3545 1
3546 3
3547 1
3548 0
3549 3
3550 0
3551 0
3552 0
3553 0
3554 0
3555 0
3556 0
3557 0
3558 0
3559 1
3560 3
3561 0
3562 3
3563 1
3564 3
3565 0
3566 0
3567 0
3568 0
3569 1
3570 1
3571 3
3572 3
3573 1
3574 0
3575 0
3576 0
3577 1
3578 1
3579 1
3580 0
3581 1
3582 1
3583 1
3584 3
3585 1
3586 0
3587 3
3588 1
3589 1
3590 0
3591 0
3592 3
3593 1
3594 3
3595 3
3596 0
3597 1
3598 1
3599 0
3600 0
3601 1
3602 1
3603 0
3604 1
3605 0
3606 1
3607 0
3608 1
3609 1
3610 3
3611 0
3612 1
3613 0
3614 1
3615 0
3616 0
3617 3
3618 0
3619 0
3620 1
3621 1
3622 1
3623 1
3624 1
3625 3
3626 1
3627 3
3628 0
3629 1
3630 1
3631 3
3632 0
3633 1
3634 1
3635 3
3636 3
3637 0
3638 0
3639 0
3640 1
3641 0
3642 3
3643 3
3644 1
3645 1
3646 0
3647 3
3648 3
3649 0
3650 3
3651 1
3652 1
3653 3
3654 1
3655 1
3656 3
3657 0
3658 0
3659 1
3660 1
3661 1
3662 3
3663 0
3664 3
3665 0
3666 1
3667 0
3668 0
3669 1
3670 0
3671 1
3672 0
3673 3
3674 0
3675 0
3676 3
3677 3
3678 1
3679 0
3680 1
3681 0
3682 0
3683 0
3684 1
3685 1
3686 1
3687 1
3688 0
3689 1
3690 3
3691 3
3692 3
3693 1
3694 3
3695 3
3696 0
3697 1
3698 0
3699 0
3700 1
3701 3
3702 1
3703 0
3704 1
3705 3
3706 3
3707 1
3708 0
3709 0
3710 1
3711 1
3712 0
3713 1
3714 0
3715 1
3716 3
3717 0
3718 0
3719 1
3720 0
3721 0
3722 1
3723 3
3724 0
3725 1
3726 1
3727 1
3728 3
3729 0
3730 1
3731 1
3732 1
3733 3
3734 0
3735 0
3736 3
3737 1
3738 1
3739 1
3740 0
3741 3
3742 3
3743 1
3744 1
3745 0
3746 1
3747 3
3748 0
3749 3
3750 1
3751 0
3752 3
3753 3
3754 0
3755 3
3756 3
3757 1
3758 1
3759 0
3760 0
3761 3
3762 0
3763 1
3764 0
3765 1
3766 3
3767 3
3768 0
3769 0
3770 3
3771 0
3772 1
3773 3
3774 1
3775 1
3776 3
3777 1
3778 0
3779 1
3780 1
3781 3
3782 3
3783 0
3784 3
3785 1
3786 0
3787 0
3788 1
3789 0
3790 1
3791 1
3792 3
3793 0
3794 1
3795 0
3796 1
3797 3
3798 1
3799 1
3800 3
3801 1
3802 1
3803 3
3804 0
3805 0
3806 1
3807 1
3808 1
3809 3
3810 0
3811 1
3812 3
3813 0
3814 1
3815 0
3816 3
3817 0
3818 1
3819 1
3820 0
3821 1
3822 0
3823 0
3824 1
3825 1
3826 1
3827 0
3828 3
3829 0
3830 1
3831 3
3832 1
3833 1
3834 0
3835 1
3836 1
3837 0
3838 1
3839 1
3840 1
3841 0
3842 1
3843 1
3844 1
3845 3
3846 1
3847 1
3848 0
3849 0
3850 1
3851 3
3852 0
3853 0
3854 1
3855 1
3856 1
3857 3
3858 1
3859 1
3860 3
3861 3
3862 0
3863 1
3864 1
3865 1
3866 1
3867 0
3868 3
3869 3
3870 1
3871 0
3872 3
3873 1
3874 8
3875 0
3876 0
3877 3
3878 0
3879 0
3880 0
3881 1
3882 1
3883 1
3884 1
3885 3
3886 1
3887 3
3888 1
3889 1
3890 0
3891 3
3892 0
3893 3
3894 1
3895 3
3896 0
3897 0
3898 3
3899 1
3900 1
3901 1
3902 0
3903 1
3904 3
3905 0
3906 0
3907 1
3908 1
3909 1
3910 3
3911 1
3912 1
3913 0
3914 1
3915 1
3916 1
3917 1
3918 1
3919 1
3920 1
3921 1
3922 1
3923 1
3924 1
3925 1
3926 0
3927 1
3928 1
3929 1
3930 0
3931 1
3932 1
3933 1
3934 1
3935 1
3936 3
3937 1
3938 1
3939 1
3940 0
3941 1
3942 1
3943 3
3944 3
3945 3
3946 1
3947 1
3948 0
3949 1
3950 3
3951 1
3952 0
3953 1
3954 0
3955 3
3956 0
3957 0
3958 1
3959 0
3960 0
3961 0
3962 0
3963 0
3964 0
3965 0
3966 1
3967 1
3968 0
3969 0
3970 0
3971 0
3972 1
3973 3
3974 0
3975 0
3976 1
3977 1
3978 3
3979 1
3980 0
3981 1
3982 0
3983 1
3984 3
3985 0
3986 1
3987 1
3988 1
3989 1
3990 1
3991 1
3992 1
3993 3
3994 3
3995 3
3996 3
3997 3
3998 3
3999 1
4000 1
4001 1
4002 1
4003 1
4004 0
4005 3
4006 3
4007 1
4008 3
4009 0
4010 0
4011 0
4012 0
4013 0
4014 0
4015 0
4016 3
4017 3
4018 0
4019 0
4020 1
4021 3
4022 1
4023 3
4024 1
4025 1
4026 3
4027 0
4028 0
4029 0
4030 3
4031 1
4032 0
4033 3
4034 3
4035 0
4036 3
4037 1
4038 0
4039 0
4040 1
4041 1
4042 1
4043 1
4044 1
4045 1
4046 0
4047 1
4048 0
4049 1
4050 3
4051 0
4052 1
4053 1
4054 1
4055 1
4056 1
4057 1
4058 1
4059 1
4060 1
4061 0
4062 0
4063 1
4064 1
4065 1
4066 1
4067 0
4068 0
4069 0
4070 3
4071 3
4072 0
4073 0
4074 0
4075 0
4076 0
4077 0
4078 1
4079 0
4080 3
4081 3
4082 1
4083 3
4084 1
4085 1
4086 0
4087 1
4088 0
4089 0
4090 1
4091 0
4092 0
4093 0
4094 1
4095 0
4096 1
4097 0
4098 1
4099 1
4100 1
4101 1
4102 1
4103 0
4104 0
4105 1
4106 1
4107 0
4108 0
4109 1
4110 0
4111 3
4112 1
4113 0
4114 3
4115 1
4116 1
4117 3
4118 1
4119 1
4120 1
4121 1
4122 1
4123 0
4124 1
4125 0
4126 3
4127 1
4128 1
4129 3
4130 3
4131 1
4132 0
4133 3
4134 1
4135 1
4136 0
4137 1
4138 1
4139 0
4140 3
4141 0
4142 1
4143 1
4144 0
4145 3
4146 1
4147 0
4148 1
4149 1
4150 1
4151 1
4152 1
4153 3
4154 1
4155 3
4156 1
4157 1
4158 3
4159 3
4160 0
4161 0
4162 1
4163 1
4164 0
4165 1
4166 0
4167 0
4168 3
4169 0
4170 0
4171 0
4172 0
4173 1
4174 1
4175 3
4176 0
4177 0
4178 0
4179 0
4180 0
4181 0
4182 0
4183 1
4184 0
4185 15
4186 1
4187 3
4188 1
4189 1
4190 0
4191 1
4192 0
4193 1
4194 0
4195 1
4196 1
4197 1
4198 0
4199 0
4200 1
4201 0
4202 3
4203 0
4204 1
4205 1
4206 1
4207 1
4208 1
4209 0
4210 0
4211 0
4212 0
4213 1
4214 0
4215 1
4216 0
4217 3
4218 1
4219 3
4220 0
4221 0
4222 1
4223 0
4224 0
4225 0
4226 0
4227 3
4228 0
4229 0
4230 3
4231 3
4232 0
4233 1
4234 1
4235 1
4236 0
4237 1
4238 3
4239 0
4240 0
4241 0
4242 3
4243 0
4244 3
4245 0
4246 0
4247 3
4248 0
4249 0
4250 0
4251 3
4252 0
4253 0
4254 0
4255 3
4256 0
4257 0
4258 0
4259 1
4260 0
4261 0
4262 0
4263 1
4264 0
4265 0
4266 0
4267 1
4268 0
4269 1
4270 3
4271 0
4272 0
4273 0
4274 3
4275 0
4276 3
4277 0
4278 0
4279 0
4280 0
4281 0
4282 3
4283 1
4284 0
4285 3
4286 0
4287 0
4288 0
4289 1
4290 1
4291 0
4292 0
4293 0
4294 0
4295 0
4296 1
4297 0
4298 0
4299 3
4300 1
4301 0
4302 3
4303 0
4304 3
4305 0
4306 1
4307 0
4308 0
4309 0
4310 0
4311 0
4312 0
4313 0
4314 0
4315 0
4316 3
4317 0
4318 0
4319 0
4320 3
4321 0
4322 0
4323 1
4324 0
4325 3
4326 0
4327 0
4328 1
4329 0
4330 3
4331 0
4332 3
4333 0
4334 3
4335 0
4336 0
4337 0
4338 0
4339 3
4340 3
4341 1
4342 3
4343 0
4344 1
4345 3
4346 0
4347 3
4348 3
4349 0
4350 0
4351 0
4352 0
4353 0
4354 0
4355 1
4356 1
4357 0
4358 3
4359 0
4360 3
4361 3
4362 0
4363 0
4364 0
4365 0
4366 0
4367 1
4368 0
4369 1
4370 0
4371 0
4372 1
4373 0
4374 0
4375 1
4376 3
4377 3
4378 0
4379 1
4380 0
4381 3
4382 0
4383 3
4384 0
4385 0
4386 1
4387 1
4388 3
4389 1
4390 1
4391 1
4392 1
4393 1
4394 1
4395 1
4396 1
4397 1
4398 1
4399 1
4400 1
4401 1
4402 1
4403 1
4404 1
4405 1
4406 1
4407 1
4408 1
4409 1
4410 0
4411 0
4412 0
4413 3
4414 3
4415 1
4416 1
4417 1
4418 0
4419 0
4420 1
4421 1
4422 1
4423 1
4424 1
4425 1
4426 1
4427 1
4428 0
4429 1
4430 1
4431 4
4432 0
4433 1
4434 0
4435 2
4436 1
4437 2
4438 2
4439 0
4440 3
4441 1
4442 2
4443 1
4444 2
4445 1
4446 1
4447 1
4448 1
4449 1
4450 0
4451 2
4452 2
4453 1
4454 1
4455 2
4456 1
4457 1
4458 1
4459 1
4460 1
4461 1
4462 1
4463 1
4464 3
4465 1
4466 1
4467 3
4468 3
4469 1
4470 1
4471 1
4472 1
4473 1
4474 1
4475 1
4476 1
4477 1
4478 3
4479 1
4480 1
4481 1
4482 3
4483 1
4484 1
4485 1
4486 1
4487 1
4488 1
4489 1
4490 1
4491 1
4492 1
4493 1
4494 0
4495 1
4496 1
4497 1
4498 1
4499 3
4500 3
4501 1
4502 1
4503 0
4504 3
4505 3
4506 0
4507 3
4508 3
4509 1
4510 1
4511 1
4512 3
4513 1
4514 1
4515 1
4516 1
4517 0
4518 0
4519 1
4520 0
4521 0
4522 0
4523 1
4524 1
4525 1
4526 1
4527 1
4528 1
4529 0
4530 1
4531 1
4532 1
4533 1
4534 1
4535 0
4536 1
4537 1
4538 1
4539 1
4540 1
4541 1
4542 4
4543 1
4544 1
4545 1
4546 1
4547 1
4548 1
4549 15
4550 1
4551 1
4552 1
4553 1
4554 1
4555 1
4556 1
4557 1
4558 1
4559 1
4560 0
4561 1
4562 0
4563 1
4564 0
4565 0
4566 0
4567 1
4568 1
4569 1
4570 0
4571 3
4572 1
4573 1
4574 3
4575 3
4576 1
4577 1
4578 3
4579 3
4580 3
4581 3
4582 3
4583 1
4584 1
4585 3
4586 1
4587 3
4588 1
4589 3
4590 1
4591 1
4592 1
4593 1
4594 1
4595 3
4596 0
4597 1
4598 0
4599 0
4600 1
4601 1
4602 0
4603 0
4604 3
4605 0
4606 1
4607 1
4608 1
4609 1
4610 0
4611 1
4612 0
4613 0
4614 0
4615 0
4616 1
4617 1
4618 1
4619 1
4620 1
4621 0
4622 1
4623 1
4624 1
4625 1
4626 1
4627 1
4628 1
4629 1
4630 0
4631 1
4632 1
4633 1
4634 1
4635 1
4636 0
4637 0
4638 1
4639 1
4640 1
4641 1
4642 1
4643 1
4644 0
4645 1
4646 0
4647 1
4648 0
4649 1
4650 0
4651 1
4652 3
4653 1
4654 0
4655 1
4656 1
4657 1
4658 1
4659 0
4660 1
4661 3
4662 0
4663 0
4664 0
4665 0
4666 0
4667 0
4668 0
4669 0
4670 0
4671 1
4672 1
4673 0
4674 0
4675 1
4676 0
4677 0
4678 1
4679 0
4680 0
4681 0
4682 0
4683 0
4684 0
4685 1
4686 1
4687 1
4688 1
4689 0
4690 0
4691 0
4692 0
4693 1
4694 0
4695 0
4696 0
4697 0
4698 1
4699 1
4700 0
4701 1
4702 3
4703 1
4704 3
4705 0
4706 0
4707 1
4708 1
4709 1
4710 0
4711 3
4712 1
4713 0
4714 0
4715 1
4716 0
4717 0
4718 1
4719 0
4720 1
4721 3
4722 0
4723 0
4724 15
4725 0
4726 3
4727 3
4728 1
4729 0
4730 0
4731 0
4732 0
4733 3
4734 0
4735 1
4736 0
4737 0
4738 1
4739 0
4740 1
4741 1
4742 0
4743 1
4744 0
4745 0
4746 1
4747 0
4748 1
4749 1
4750 0
4751 3
4752 0
4753 3
4754 0
4755 0
4756 15
4757 0
4758 0
4759 3
4760 1
4761 3
4762 0
4763 1
4764 1
4765 0
4766 15
4767 0
4768 0
4769 1
4770 1
4771 0
4772 1
4773 0
4774 1
4775 1
4776 1
4777 1
4778 3
4779 1
4780 1
4781 3
4782 0
4783 1
4784 0
4785 0
4786 0
4787 1
4788 3
4789 0
4790 0
4791 1
4792 1
4793 1
4794 1
4795 0
4796 1
4797 1
4798 0
4799 1
4800 0
4801 1
4802 3
4803 0
4804 3
4805 1
4806 3
4807 0
4808 0
4809 0
4810 0
4811 0
4812 1
4813 0
4814 0
4815 1
4816 1
4817 1
4818 1
4819 0
4820 0
4821 0
4822 0
4823 0
4824 0
4825 0
4826 1
4827 3
4828 0
4829 0
4830 0
4831 0
4832 3
4833 0
4834 0
4835 3
4836 0
4837 0
4838 0
4839 0
4840 1
4841 1
4842 0
4843 0
4844 0
4845 0
4846 0
4847 0
4848 0
4849 0
4850 1
4851 3
4852 0
4853 0
4854 3
4855 3
4856 1
4857 1
4858 0
4859 0
4860 1
4861 0
4862 3
4863 0
4864 0
4865 1
4866 0
4867 0
4868 0
4869 0
4870 0
4871 1
4872 0
4873 0
4874 3
4875 0
4876 0
4877 0
4878 1
4879 0
4880 0
4881 0
4882 0
4883 0
4884 0
4885 0
4886 1
4887 0
4888 0
4889 0
4890 3
4891 0
4892 1
4893 0
4894 0
4895 0
4896 1
4897 0
4898 0
4899 0
4900 0
4901 0
4902 0
4903 3
4904 3
4905 0
4906 0
4907 0
4908 0
4909 0
4910 1
4911 0
4912 1
4913 0
4914 3
4915 0
4916 1
4917 0
4918 1
4919 1
4920 1
4921 0
4922 0
4923 0
4924 1
4925 1
4926 0
4927 1
4928 1
4929 1
4930 1
4931 1
4932 1
4933 1
4934 0
4935 1
4936 3
4937 3
4938 3
4939 3
4940 0
4941 1
4942 0
4943 1
4944 0
4945 3
4946 3
4947 1
4948 1
4949 1
4950 1
4951 1
4952 3
4953 3
4954 1
4955 0
4956 1
4957 0
4958 0
4959 0
4960 1
4961 1
4962 0
4963 0
4964 0
4965 0
4966 0
4967 0
4968 1
4969 1
4970 1
4971 1
4972 1
4973 0
4974 1
4975 0
4976 1
4977 1
4978 1
4979 1
4980 1
4981 3
4982 1
4983 1
4984 1
4985 0
4986 1
4987 1
4988 1
4989 1
4990 1
4991 1
4992 1
4993 3
4994 1
4995 1
4996 0
4997 1
4998 1
4999 0
5000 0
5001 1
5002 1
5003 1
5004 3
5005 1
5006 0
5007 3
5008 1
5009 1
5010 1
5011 1
5012 1
5013 0
5014 1
5015 0
5016 0
5017 0
5018 1
5019 1
5020 1
5021 0
5022 1
5023 1
5024 1
5025 1
5026 0
5027 1
5028 1
5029 1
5030 1
5031 1
5032 1
5033 1
5034 1
5035 1
5036 3
5037 1
5038 1
5039 1
5040 1
5041 1
5042 0
5043 0
5044 3
5045 1
5046 1
5047 0
5048 1
5049 1
5050 1
5051 0
5052 1
5053 1
5054 0
5055 0
5056 0
5057 1
5058 1
5059 1
5060 0
5061 3
5062 0
5063 0
5064 0
5065 1
5066 0
5067 1
5068 0
5069 1
5070 0
5071 1
5072 0
5073 1
5074 0
5075 0
5076 0
5077 1
5078 1
5079 1
5080 1
5081 1
5082 1
5083 1
5084 1
5085 1
5086 1
5087 0
5088 1
5089 1
5090 3
5091 1
5092 1
5093 3
5094 1
5095 1
5096 1
5097 1
5098 1
5099 1
5100 1
5101 1
5102 1
5103 1
5104 1
5105 1
5106 3
5107 0
5108 1
5109 1
5110 1
5111 1
5112 1
5113 1
5114 1
5115 3
5116 0
5117 1
5118 1
5119 1
5120 1
5121 1
5122 1
5123 3
5124 1
5125 1
5126 1
5127 1
5128 1
5129 1
5130 0
5131 1
5132 0
5133 1
5134 1
5135 1
5136 1
5137 0
5138 0
5139 1
5140 1
5141 1
5142 1
5143 1
5144 1
5145 1
5146 1
5147 1
5148 1
5149 1
5150 1
5151 1
5152 1
5153 1
5154 1
5155 1
5156 1
5157 1
5158 1
5159 1
5160 1
5161 1
5162 1
5163 1
5164 1
5165 1
5166 1
5167 1
5168 1
5169 1
5170 3
5171 1
5172 1
5173 0
5174 1
5175 0
5176 0
5177 1
5178 1
5179 1
5180 1
5181 1
5182 1
5183 1
5184 0
5185 0
5186 1
5187 1
5188 1
5189 1
5190 1
5191 0
5192 1
5193 1
5194 0
5195 1
5196 0
5197 1
5198 1
5199 0
5200 1
5201 1
5202 0
5203 1
5204 1
5205 0
5206 1
5207 1
5208 1
5209 1
5210 1
5211 1
5212 1
5213 1
5214 0
5215 3
5216 1
5217 0
5218 1
5219 0
5220 1
5221 1
5222 1
5223 0
5224 0
5225 0
5226 1
5227 1
5228 0
5229 0
5230 1
5231 1
5232 1
5233 1
5234 3
5235 3
5236 1
5237 1
5238 1
5239 1
5240 0
5241 0
5242 0
5243 1
5244 1
5245 1
5246 1
5247 1
5248 1
5249 1
5250 1
5251 1
5252 1
5253 1
5254 0
5255 1
5256 0
5257 0
5258 1
5259 0
5260 1
5261 1
5262 1
5263 1
5264 1
5265 1
5266 1
5267 1
5268 1
5269 1
5270 1
5271 1
5272 1
5273 0
5274 0
5275 0
5276 1
5277 1
5278 1
5279 1
5280 1
5281 1
5282 1
5283 0
5284 1
5285 0
5286 0
5287 0
5288 0
5289 1
5290 1
5291 1
5292 1
5293 1
5294 1
5295 1
5296 1
5297 3
5298 3
5299 1
5300 1
5301 1
5302 0
5303 0
5304 0
5305 0
5306 0
5307 0
5308 0
5309 0
5310 0
5311 0
5312 1
5313 0
5314 1
5315 1
5316 1
5317 0
5318 0
5319 0
5320 0
5321 3
5322 0
5323 1
5324 1
5325 1
5326 1
5327 1
5328 1
5329 0
5330 1
5331 1
5332 1
5333 1
5334 1
5335 1
5336 1
5337 1
5338 1
5339 1
5340 0
5341 1
5342 1
5343 1
5344 3
5345 1
5346 1
5347 1
5348 1
5349 1
5350 0
5351 0
5352 0
5353 1
5354 0
5355 1
5356 0
5357 3
5358 3
5359 0
5360 1
5361 0
5362 0
5363 3
5364 0
5365 0
5366 0
5367 1
5368 0
5369 0
5370 1
5371 1
5372 0
5373 0
5374 1
5375 1
5376 1
5377 3
5378 1
5379 3
5380 1
5381 1
5382 18
5383 1
5384 1
5385 0
5386 0
5387 1
5388 1
5389 0
5390 1
5391 3
5392 3
5393 0
5394 0
5395 0
5396 0
5397 3
5398 1
5399 0
5400 1
5401 3
5402 1
5403 0
5404 0
5405 3
5406 0
5407 1
5408 0
5409 0
5410 1
5411 1
5412 3
5413 3
5414 0
5415 0
5416 1
5417 0
5418 0
5419 0
5420 0
5421 0
5422 1
5423 0
5424 3
5425 0
5426 0
5427 1
5428 1
5429 1
5430 1
5431 0
5432 1
5433 1
5434 0
5435 1
5436 0
5437 1
5438 1
5439 1
5440 4
5441 1
5442 0
5443 4
5444 4
5445 4
5446 15
5447 4
5448 0
5449 4
5450 0
5451 4
5452 0
5453 0
5454 4
5455 4
5456 0
5457 3
5458 1
5459 0
5460 4
5461 15
5462 0
5463 1
5464 4
5465 4
5466 0
5467 4
5468 0
5469 4
5470 4
5471 4
5472 4
5473 4
5474 4
5475 4
5476 0
5477 1
5478 1
5479 3
5480 1
5481 1
5482 0
5483 1
5484 1
5485 1
5486 3
5487 1
5488 1
5489 0
5490 1
5491 1
5492 1
5493 1
5494 0
5495 0
5496 1
5497 0
5498 0
5499 1
5500 0
5501 1
5502 1
5503 0
5504 1
5505 1
5506 0
5507 1
5508 1
5509 1
5510 1
5511 1
5512 0
5513 3
5514 1
5515 1
5516 1
5517 0
5518 1
5519 1
5520 15
5521 1
5522 1
5523 1
5524 1
5525 1
5526 0
5527 1
5528 1
5529 1
5530 0
5531 1
5532 1
5533 1
5534 0
5535 1
5536 1
5537 3
5538 1
5539 1
5540 1
5541 3
5542 1
5543 0
5544 1
5545 0
5546 1
5547 3
5548 1
5549 0
5550 0
5551 1
5552 1
5553 0
5554 1
5555 1
5556 1
5557 1
5558 3
5559 0
5560 1
5561 1
5562 1
5563 0
5564 0
5565 1
5566 1
5567 0
5568 1
5569 3
5570 0
5571 0
5572 1
5573 0
5574 3
5575 0
5576 1
5577 0
5578 0
5579 1
5580 0
5581 0
5582 0
5583 0
5584 0
5585 0
5586 1
5587 1
5588 0
5589 1
5590 1
5591 1
5592 1
5593 1
5594 1
5595 1
5596 1
5597 3
5598 0
5599 0
5600 3
5601 1
5602 0
5603 1
5604 0
5605 1
5606 0
5607 3
5608 1
5609 0
5610 1
5611 1
5612 0
5613 1
5614 1
5615 3
5616 1
5617 1
5618 1
5619 0
5620 0
5621 0
5622 0
5623 1
5624 1
5625 0
5626 1
5627 1
5628 1
5629 1
5630 0
5631 0
5632 0
5633 3
5634 1
5635 1
5636 3
5637 1
5638 1
5639 1
5640 1
5641 1
5642 1
5643 1
5644 1
5645 1
5646 1
5647 1
5648 1
5649 1
5650 1
5651 1
5652 0
5653 1
5654 3
5655 1
5656 1
5657 1
5658 1
5659 1
5660 1
5661 1
5662 0
5663 1
5664 1
5665 1
5666 1
5667 1
5668 1
5669 0
5670 1
5671 1
5672 1
5673 1
5674 1
5675 1
5676 1
5677 0
5678 1
5679 0
5680 1
5681 0
5682 1
5683 0
5684 1
5685 0
5686 3
5687 3
5688 3
5689 3
5690 1
5691 1
5692 1
5693 1
5694 1
5695 1
5696 1
5697 1
5698 0
5699 0
5700 1
5701 0
5702 3
5703 0
5704 0
5705 1
5706 1
5707 1
5708 1
5709 1
5710 1
5711 1
5712 1
5713 1
5714 1
5715 1
5716 1
5717 0
5718 1
5719 1
5720 3
5721 1
5722 3
5723 1
5724 3
5725 1
5726 3
5727 1
5728 0
5729 0
5730 1
5731 1
5732 1
5733 0
5734 1
5735 1
5736 0
5737 0
5738 0
5739 1
5740 0
5741 1
5742 1
5743 0
5744 0
5745 1
5746 1
5747 0
5748 0
5749 1
5750 1
5751 1
5752 1
5753 1
5754 1
5755 1
5756 3
5757 1
5758 1
5759 0
5760 0
5761 1
5762 1
5763 1
5764 1
5765 1
5766 1
5767 0
5768 1
5769 1
5770 0
5771 1
5772 1
5773 1
5774 1
5775 1
5776 1
5777 1
5778 1
5779 1
5780 1
5781 1
5782 1
5783 3
5784 1
5785 1
5786 1
5787 1
5788 1
5789 1
5790 1
5791 1
5792 1
5793 1
5794 1
5795 0
5796 1
5797 0
5798 1
5799 1
5800 0
5801 0
5802 0
5803 1
5804 1
5805 0
5806 3
5807 0
5808 1
5809 0
5810 0
5811 0
5812 0
5813 0
5814 0
5815 0
5816 1
5817 1
5818 3
5819 0
5820 0
5821 0
5822 0
5823 1
5824 1
5825 1
5826 1
5827 0
5828 1
5829 0
5830 3
5831 1
5832 0
5833 1
5834 1
5835 1
5836 1
5837 0
5838 0
5839 1
5840 1
5841 1
5842 0
5843 0
5844 1
5845 1
5846 1
5847 0
5848 1
5849 0
5850 1
5851 0
5852 0
5853 1
5854 1
5855 1
5856 1
5857 1
5858 1
5859 1
5860 1
5861 3
5862 1
5863 0
5864 0
5865 1
5866 1
5867 1
5868 0
5869 1
5870 0
5871 0
5872 0
5873 0
5874 3
5875 1
5876 0
5877 1
5878 0
5879 0
5880 0
5881 3
5882 1
5883 0
5884 1
5885 1
5886 1
5887 0
5888 1
5889 1
5890 0
5891 1
5892 1
5893 1
5894 0
5895 1
5896 1
5897 1
5898 1
5899 1
5900 1
5901 0
5902 0
5903 1
5904 0
5905 1
5906 0
5907 1
5908 1
5909 1
5910 0
5911 0
5912 0
5913 1
5914 0
5915 0
5916 0
5917 0
5918 0
5919 1
5920 1
5921 0
5922 1
5923 0
5924 0
5925 0
5926 0
5927 0
5928 1
5929 1
5930 0
5931 1
5932 0
5933 1
5934 3
5935 0
5936 1
5937 0
5938 1
5939 0
5940 0
5941 1
5942 0
5943 1
5944 0
5945 1
5946 1
5947 0
5948 0
5949 0
5950 0
5951 0
5952 0
5953 0
5954 0
5955 1
5956 1
5957 1
5958 0
5959 0
5960 1
5961 1
5962 0
5963 1
5964 1
5965 3
5966 1
5967 0
5968 0
5969 3
5970 0
5971 0
5972 0
5973 3
5974 0
5975 1
5976 0
5977 1
5978 1
5979 3
5980 3
5981 0
5982 1
5983 1
5984 1
5985 1
5986 1
5987 0
5988 0
5989 0
5990 1
5991 1
5992 3
5993 0
5994 0
5995 1
5996 0
5997 0
5998 0
5999 1
6000 1
6001 0
6002 1
6003 1
6004 0
6005 0
6006 0
6007 1
6008 1
6009 3
6010 3
6011 1
6012 1
6013 0
6014 0
6015 19
6016 1
6017 1
6018 0
6019 1
6020 3
6021 0
6022 1
6023 1
6024 0
6025 6
6026 1
6027 3
6028 0
6029 0
6030 1
6031 0
6032 0
6033 1
6034 0
6035 1
6036 0
6037 0
6038 0
6039 1
6040 1
6041 0
6042 1
6043 0
6044 1
6045 0
6046 1
6047 0
6048 1
6049 0
6050 0
6051 3
6052 0
6053 3
6054 1
6055 0
6056 0
6057 1
6058 1
6059 1
6060 0
6061 1
6062 1
6063 0
6064 1
6065 0
6066 1
6067 0
6068 1
6069 1
6070 1
6071 1
6072 0
6073 1
6074 1
6075 0
6076 3
6077 0
6078 0
6079 0
6080 3
6081 0
6082 1
6083 0
6084 1
6085 0
6086 1
6087 0
6088 0
6089 1
6090 0
6091 1
6092 0
6093 1
6094 0
6095 0
6096 0
6097 1
6098 0
6099 0
6100 1
6101 1
6102 0
6103 1
6104 1
6105 1
6106 0
6107 0
6108 0
6109 1
6110 1
6111 0
6112 0
6113 1
6114 1
6115 0
6116 3
6117 3
6118 1
6119 1
6120 0
6121 0
6122 0
6123 0
6124 0
6125 0
6126 1
6127 0
6128 0
6129 8
6130 1
6131 1
6132 0
6133 3
6134 1
6135 0
6136 0
6137 0
6138 1
6139 0
6140 0
6141 3
6142 0
6143 0
6144 0
6145 1
6146 0
6147 0
6148 0
6149 0
6150 0
6151 0
6152 1
6153 0
6154 0
6155 0
6156 0
6157 1
6158 1
6159 0
6160 1
6161 0
6162 0
6163 0
6164 1
6165 1
6166 0
6167 0
6168 0
6169 0
6170 1
6171 1
6172 0
6173 0
6174 0
6175 0
6176 0
6177 0
6178 1
6179 0
6180 1
6181 0
6182 1
6183 0
6184 1
6185 0
6186 0
6187 0
6188 1
6189 0
6190 1
6191 0
6192 1
6193 3
6194 0
6195 0
6196 0
6197 3
6198 1
6199 1
6200 0
6201 0
6202 1
6203 0
6204 0
6205 1
6206 1
6207 1
6208 0
6209 0
6210 1
6211 0
6212 1
6213 0
6214 1
6215 0
6216 0
6217 3
6218 1
6219 0
6220 1
6221 1
6222 3
6223 0
6224 1
6225 3
6226 0
6227 0
6228 0
6229 0
6230 1
6231 0
6232 1
6233 1
6234 1
6235 0
6236 1
6237 1
6238 1
6239 1
6240 0
6241 1
6242 0
6243 0
6244 0
6245 0
6246 0
6247 0
6248 1
6249 1
6250 0
6251 1
6252 1
6253 1
6254 1
6255 0
6256 3
6257 0
6258 0
6259 1
6260 1
6261 8
6262 0
6263 1
6264 1
6265 1
6266 1
6267 0
6268 0
6269 0
6270 0
6271 3
6272 1
6273 3
6274 3
6275 0
6276 1
6277 0
6278 0
6279 3
6280 0
6281 0
6282 0
6283 0
6284 1
6285 0
6286 0
6287 0
6288 1
6289 0
6290 1
6291 0
6292 0
6293 1
6294 0
6295 3
6296 1
6297 0
6298 0
6299 0
6300 1
6301 0
6302 3
6303 0
6304 1
6305 1
6306 1
6307 1
6308 0
6309 1
6310 1
6311 0
6312 1
6313 0
6314 0
6315 1
6316 0
6317 0
6318 0
6319 1
6320 0
6321 1
6322 0
6323 0
6324 0
6325 3
6326 0
6327 0
6328 1
6329 3
6330 1
6331 0
6332 1
6333 1
6334 1
6335 1
6336 1
6337 0
6338 0
6339 0
6340 0
6341 0
6342 0
6343 0
6344 0
6345 0
6346 0
6347 0
6348 0
6349 1
6350 1
6351 0
6352 0
6353 0
6354 1
6355 1
6356 1
6357 1
6358 0
6359 1
6360 1
6361 3
6362 0
6363 0
6364 0
6365 0
6366 1
6367 0
6368 1
6369 3
6370 1
6371 0
6372 0
6373 1
6374 1
6375 0
6376 1
6377 0
6378 1
6379 0
6380 0
6381 1
6382 1
6383 3
6384 1
6385 0
6386 1
6387 0
6388 1
6389 1
6390 1
6391 1
6392 3
6393 1
6394 1
6395 1
6396 1
6397 0
6398 0
6399 1
6400 1
6401 1
6402 0
6403 1
6404 1
6405 0
6406 1
6407 1
6408 0
6409 1
6410 1
6411 0
6412 0
6413 0
6414 0
6415 1
6416 3
6417 1
6418 1
6419 1
6420 0
6421 0
6422 1
6423 0
6424 1
6425 1
6426 1
6427 1
6428 1
6429 1
6430 1
6431 1
6432 1
6433 1
6434 6
6435 1
6436 1
6437 1
6438 1
6439 1
6440 1
6441 1
6442 1
6443 1
6444 1
6445 1
6446 1
6447 1
6448 1
6449 1
6450 0
6451 1
6452 0
6453 1
6454 1
6455 0
6456 1
6457 1
6458 1
6459 1
6460 1
6461 1
6462 1
6463 1
6464 1
6465 1
6466 1
6467 1
6468 1
6469 1
6470 1
6471 1
6472 1
6473 1
6474 0
6475 1
6476 1
6477 0
6478 1
6479 1
6480 1
6481 1
6482 0
6483 3
6484 1
6485 0
6486 1
6487 1
6488 0
6489 0
6490 1
6491 1
6492 1
6493 1
6494 0
6495 1
6496 1
6497 1
6498 1
6499 1
6500 0
6501 1
6502 0
6503 1
6504 1
6505 0
6506 1
6507 1
6508 0
6509 1
6510 1
6511 0
6512 0
6513 0
6514 1
6515 1
6516 1
6517 3
6518 3
6519 1
6520 0
6521 1
6522 1
6523 1
6524 1
6525 0
6526 1
6527 0
6528 3
6529 1
6530 0
6531 1
6532 1
6533 0
6534 0
6535 0
6536 0
6537 0
6538 3
6539 0
6540 1
6541 1
6542 1
6543 1
6544 0
6545 0
6546 1
6547 0
6548 0
6549 1
6550 0
6551 1
6552 1
6553 1
6554 0
6555 1
6556 1
6557 1
6558 0
6559 0
6560 0
6561 1
6562 1
6563 1
6564 1
6565 1
6566 8
6567 1
6568 6
6569 0
6570 0
6571 0
6572 0
6573 0
6574 0
6575 1
6576 0
6577 1
6578 3
6579 0
6580 1
6581 1
6582 1
6583 1
6584 1
6585 1
6586 0
6587 0
6588 1
6589 1
6590 1
6591 1
6592 1
6593 1
6594 1
6595 0
6596 1
6597 1
6598 1
6599 1
6600 1
6601 1
6602 1
6603 1
6604 1
6605 1
6606 0
6607 1
6608 0
6609 1
6610 1
6611 0
6612 1
6613 1
6614 0
6615 0
6616 1
6617 0
6618 0
6619 0
6620 0
6621 0
6622 0
6623 0
6624 0
6625 1
6626 0
6627 0
6628 0
6629 0
6630 1
6631 0
6632 1
6633 3
6634 0
6635 0
6636 3
6637 0
6638 1
6639 3
6640 3
6641 3
6642 15
6643 3
6644 0
6645 0
6646 15
6647 1
6648 1
6649 1
6650 3
6651 1
6652 0
6653 1
6654 0
6655 1
6656 1
6657 1
6658 1
6659 1
6660 15
6661 0
6662 1
6663 0
6664 0
6665 0
6666 1
6667 0
6668 1
6669 1
6670 0
6671 0
6672 1
6673 0
6674 0
6675 15
6676 0
6677 0
6678 3
6679 0
6680 1
6681 1
6682 1
6683 1
6684 0
6685 0
6686 1
6687 0
6688 1
6689 0
6690 1
6691 1
6692 1
6693 0
6694 0
6695 0
6696 0
6697 0
6698 0
6699 0
6700 0
6701 3
6702 0
6703 0
6704 0
6705 0
6706 1
6707 0
6708 0
6709 1
6710 0
6711 0
6712 1
6713 1
6714 1
6715 1
6716 1
6717 1
6718 1
6719 1
6720 1
6721 1
6722 1
6723 0
6724 0
6725 1
6726 1
6727 1
6728 1
6729 1
6730 1
6731 1
6732 1
6733 1
6734 1
6735 1
6736 1
6737 1
6738 1
6739 0
6740 1
6741 1
6742 1
6743 1
6744 1
6745 1
6746 1
6747 1
6748 1
6749 1
6750 1
6751 1
6752 0
6753 1
6754 1
6755 0
6756 0
6757 0
6758 0
6759 0
6760 1
6761 1
6762 6
6763 6
6764 6
6765 6
6766 6
6767 1
6768 1
6769 1
6770 6
6771 6
6772 6
6773 0
6774 6
6775 0
6776 3
6777 0
6778 0
6779 0
6780 0
6781 15
6782 0
6783 0
6784 3
6785 0
6786 0
6787 0
6788 0
6789 0
6790 1
6791 1
6792 1
6793 1
6794 1
6795 0
6796 1
6797 1
6798 1
6799 1
6800 1
6801 1
6802 0
6803 1
6804 0
6805 1
6806 1
6807 0
6808 1
6809 7
6810 7
6811 7
6812 0
6813 1
6814 0
6815 0
6816 1
6817 0
6818 0
6819 0
6820 0
6821 1
6822 1
6823 1
6824 1
6825 1
6826 0
6827 1
6828 1
6829 1
6830 1
6831 0
6832 1
6833 1
6834 1
6835 6
6836 3
6837 1
6838 0
6839 0
6840 1
6841 1
6842 1
6843 1
6844 1
6845 1
6846 0
6847 0
6848 1
6849 3
6850 0
6851 1
6852 0
6853 3
6854 0
6855 0
6856 1
6857 1
6858 0
6859 1
6860 0
6861 1
6862 1
6863 1
6864 1
6865 1
6866 1
6867 0
6868 1
6869 0
6870 0
6871 0
6872 0
6873 0
6874 0
6875 0
6876 0
6877 0
6878 0
6879 1
6880 0
6881 0
6882 0
6883 0
6884 0
6885 0
6886 0
6887 0
6888 0
6889 0
6890 1
6891 0
6892 0
6893 0
6894 0
6895 0
6896 1
6897 0
6898 0
6899 3
6900 0
6901 1
6902 0
6903 0
6904 1
6905 0
6906 1
6907 0
6908 1
6909 3
6910 0
6911 0
6912 0
6913 0
6914 0
6915 0
6916 0
6917 0
6918 0
6919 0
6920 0
6921 1
6922 0
6923 0
6924 0
6925 1
6926 0
6927 0
6928 0
6929 0
6930 0
6931 0
6932 0
6933 0
6934 0
6935 0
6936 0
6937 0
6938 0
6939 0
6940 3
6941 0
6942 0
6943 0
6944 0
6945 0
6946 0
6947 1
6948 0
6949 0
6950 3
6951 3
6952 0
6953 1
6954 0
6955 0
6956 0
6957 0
6958 0
6959 0
6960 0
6961 3
6962 0
6963 0
6964 1
6965 0
6966 0
6967 0
6968 0
6969 0
6970 0
6971 0
6972 0
6973 0
6974 0
6975 0
6976 0
6977 0
6978 0
6979 1
6980 3
6981 0
6982 0
6983 0
6984 0
6985 0
6986 0
6987 0
6988 0
6989 0
6990 0
6991 0
6992 1
6993 0
6994 1
6995 0
6996 0
6997 0
6998 1
6999 0
7000 0
7001 1
7002 1
7003 0
7004 0
7005 0
7006 3
7007 0
7008 0
7009 0
7010 0
7011 0
7012 3
7013 0
7014 0
7015 0
7016 0
7017 1
7018 0
7019 0
7020 1
7021 0
7022 1
7023 0
7024 0
7025 0
7026 0
7027 0
7028 0
7029 0
7030 0
7031 0
7032 1
7033 3
7034 0
7035 0
7036 0
7037 0
7038 0
7039 0
7040 0
7041 1
7042 0
7043 0
7044 1
7045 0
7046 0
7047 1
7048 0
7049 0
7050 0
7051 0
7052 0
7053 1
7054 0
7055 0
7056 0
7057 0
7058 1
7059 0
7060 0
7061 3
7062 0
7063 0
7064 0
7065 0
7066 0
7067 0
7068 0
7069 0
7070 0
7071 0
7072 0
7073 0
7074 0
7075 0
7076 0
7077 0
7078 0
7079 0
7080 0
7081 0
7082 1
7083 0
7084 0
7085 1
7086 0
7087 0
7088 0
7089 0
7090 0
7091 0
7092 1
7093 0
7094 1
7095 0
7096 1
7097 0
7098 0
7099 1
7100 0
7101 0
7102 0
7103 0
7104 0
7105 0
7106 0
7107 1
7108 1
7109 0
7110 0
7111 20
7112 0
7113 0
7114 0
7115 0
7116 0
7117 0
7118 0
7119 0
7120 0
7121 0
7122 3
7123 0
7124 0
7125 0
7126 0
7127 0
7128 0
7129 0
7130 0
7131 0
7132 1
7133 0
7134 0
7135 0
7136 0
7137 0
7138 0
7139 0
7140 3
7141 0
7142 0
7143 0
7144 1
7145 0
7146 0
7147 1
7148 0
7149 0
7150 1
7151 0
7152 0
7153 0
7154 0
7155 1
7156 0
7157 0
7158 0
7159 0
7160 0
7161 0
7162 0
7163 0
7164 0
7165 0
7166 0
7167 0
7168 0
7169 1
7170 1
7171 1
7172 1
7173 0
7174 0
7175 0
7176 0
7177 1
7178 1
7179 0
7180 1
7181 1
7182 1
7183 1
7184 0
7185 0
7186 1
7187 1
7188 1
7189 1
7190 0
7191 0
7192 3
7193 1
7194 0
7195 0
7196 1
7197 1
7198 1
7199 1
7200 0
7201 1
7202 0
7203 0
7204 0
7205 1
7206 0
7207 1
7208 1
7209 1
7210 1
7211 3
7212 1
7213 1
7214 1
7215 0
7216 1
7217 0
7218 1
7219 1
7220 1
7221 0
7222 1
7223 1
7224 0
7225 0
7226 1
7227 1
7228 1
7229 1
7230 1
7231 1
7232 1
7233 1
7234 1
7235 1
7236 3
7237 1
7238 1
7239 1
7240 0
7241 1
7242 0
7243 1
7244 1
7245 1
7246 1
7247 1
7248 1
7249 1
7250 1
7251 1
7252 3
7253 1
7254 1
7255 1
7256 1
7257 1
7258 1
7259 1
7260 1
7261 1
7262 1
7263 1
7264 1
7265 1
7266 1
7267 1
7268 1
7269 1
7270 1
7271 1
7272 16
7273 1
7274 15
7275 3
7276 0
7277 1
7278 1
7279 0
7280 1
7281 0
7282 1
7283 1
7284 1
7285 0
7286 0
7287 0
7288 1
7289 6
7290 1
7291 0
7292 0
7293 0
7294 3
7295 0
7296 0
7297 0
7298 1
7299 1
7300 3
7301 0
7302 1
7303 1
7304 0
7305 0
7306 0
7307 0
7308 0
7309 0
7310 0
7311 0
7312 0
7313 0
7314 0
7315 0
7316 0
7317 0
7318 0
7319 0
7320 0
7321 0
7322 0
7323 0
7324 0
7325 0
7326 0
7327 0
7328 0
7329 0
7330 0
7331 0
7332 0
7333 0
7334 0
7335 0
7336 0
7337 0
7338 0
7339 0
7340 0
7341 0
7342 0
7343 0
7344 0
7345 0
7346 0
7347 0
7348 0
7349 0
7350 0
7351 0
7352 0
7353 0
7354 0
7355 0
7356 0
7357 0
7358 0
7359 0
7360 3
7361 0
7362 0
7363 0
7364 0
7365 0
7366 0
7367 0
7368 0
7369 0
7370 0
7371 0
7372 0
7373 0
7374 0
7375 0
7376 0
7377 0
7378 0
7379 0
7380 0
7381 0
7382 0
7383 0
7384 0
7385 0
7386 0
7387 0
7388 0
7389 0
7390 0
7391 0
7392 0
7393 0
7394 0
7395 0
7396 0
7397 0
7398 0
7399 0
7400 0
7401 0
7402 0
7403 1
7404 1
7405 1
7406 1
7407 8
7408 8
7409 8
7410 8
7411 0
7412 3
7413 0
7414 8
7415 8
7416 8
7417 8
7418 1
7419 1
7420 8
7421 1
7422 1
7423 3
7424 1
7425 3
7426 3
7427 1
7428 3
7429 1
7430 0
7431 3
7432 1
7433 1
7434 1
7435 1
7436 1
7437 0
7438 1
7439 0
7440 0
7441 1
7442 1
7443 1
7444 1
7445 1
7446 1
7447 1
7448 3
7449 1
7450 0
7451 0
7452 1
7453 1
7454 0
7455 0
7456 0
7457 0
7458 1
7459 0
7460 0
7461 1
7462 0
7463 0
7464 1
7465 0
7466 3
7467 0
7468 0
7469 1
7470 1
7471 1
7472 1
7473 1
7474 1
7475 1
7476 1
7477 0
7478 0
7479 1
7480 1
7481 1
7482 1
7483 1
7484 3
7485 1
7486 1
7487 1
7488 1
7489 1
7490 3
7491 0
7492 3
7493 3
7494 3
7495 1
7496 1
7497 0
7498 0
7499 1
7500 1
7501 0
7502 1
7503 0
7504 1
7505 1
7506 1
7507 0
7508 1
7509 1
7510 1
7511 1
7512 1
7513 1
7514 1
7515 1
7516 1
7517 1
7518 1
7519 1
7520 1
7521 0
7522 1
7523 1
7524 1
7525 1
7526 1
7527 1
7528 1
7529 0
7530 0
7531 1
7532 0
7533 1
7534 0
7535 0
7536 1
7537 0
7538 0
7539 0
7540 0
7541 0
7542 0
7543 0
7544 0
7545 0
7546 0
7547 0
7548 1
7549 0
7550 0
7551 0
7552 0
7553 0
7554 0
7555 0
7556 0
7557 0
7558 0
7559 0
7560 1
7561 1
7562 0
7563 0
7564 0
7565 0
7566 0
7567 0
7568 0
7569 0
7570 0
7571 1
7572 0
7573 0
7574 0
7575 1
7576 1
7577 1
7578 1
7579 0
7580 0
7581 0
7582 0
7583 0
7584 1
7585 1
7586 1
7587 1
7588 1
7589 1
7590 1
7591 1
7592 1
7593 1
7594 1
7595 0
7596 1
7597 1
7598 0
7599 1
7600 0
7601 1
7602 0
7603 0
7604 3
7605 0
7606 1
7607 1
7608 1
7609 1
7610 1
7611 1
7612 1
7613 1
7614 1
7615 1
7616 1
7617 1
7618 1
7619 1
7620 1
7621 1
7622 1
7623 1
7624 1
7625 1
7626 1
7627 0
7628 1
7629 1
7630 1
7631 1
7632 0
7633 15
7634 0
7635 3
7636 0
7637 3
7638 1
7639 1
7640 1
7641 1
7642 1
7643 1
7644 1
7645 1
7646 1
7647 1
7648 1
7649 1
7650 3
7651 1
7652 1
7653 1
7654 1
7655 0
7656 0
7657 0
7658 0
7659 0
7660 1
7661 1
7662 1
7663 1
7664 3
7665 0
7666 0
7667 0
7668 0
7669 1
7670 1
7671 1
7672 1
7673 1
7674 1
7675 0
7676 0
7677 0
7678 0
7679 0
7680 0
7681 1
7682 1
7683 3
7684 3
7685 1
7686 1
7687 1
7688 1
7689 1
7690 3
7691 1
7692 1
7693 1
7694 1
7695 0
7696 3
7697 1
7698 1
7699 1
7700 1
7701 1
7702 1
7703 1
7704 1
7705 1
7706 1
7707 1
7708 1
7709 0
7710 0
7711 0
7712 1
7713 0
7714 1
7715 1
7716 9
7717 9
7718 9
7719 9
7720 9
7721 9
7722 9
7723 9
7724 9
7725 9
7726 1
7727 9
7728 9
7729 9
7730 1
7731 0
7732 3
7733 3
7734 13
7735 0
7736 0
7737 15
7738 0
7739 0
7740 0
7741 0
7742 0
7743 0
7744 0
7745 15
7746 0
7747 0
7748 0
7749 0
7750 0
7751 0
7752 0
7753 0
7754 15
7755 0
7756 3
7757 3
7758 3
7759 1
7760 1
7761 1
7762 1
7763 3
7764 1
7765 0
7766 0
7767 3
7768 1
7769 1
7770 1
7771 1
7772 1
7773 1
7774 1
7775 1
7776 0
7777 0
7778 0
7779 0
7780 0
7781 1
7782 1
7783 1
7784 0
7785 0
7786 0
7787 1
7788 1
7789 1
7790 1
7791 1
7792 1
7793 0
7794 0
7795 0
7796 0
7797 1
7798 1
7799 0
7800 0
7801 1
7802 0
7803 1
7804 10
7805 10
7806 10
7807 10
7808 1
7809 0
7810 0
7811 1
7812 1
7813 1
7814 0
7815 0
7816 0
7817 1
7818 1
7819 1
7820 0
7821 3
7822 0
7823 1
7824 0
7825 1
7826 1
7827 1
7828 1
7829 1
7830 1
7831 1
7832 1
7833 1
7834 1
7835 1
7836 1
7837 1
7838 1
7839 1
7840 1
7841 1
7842 1
7843 1
7844 1
7845 1
7846 1
7847 1
7848 1
7849 1
7850 1
7851 1
7852 1
7853 1
7854 1
7855 1
7856 1
7857 1
7858 1
7859 1
7860 1
7861 1
7862 1
7863 1
7864 1
7865 1
7866 1
7867 1
7868 1
7869 1
7870 1
7871 1
7872 1
7873 1
7874 1
7875 1
7876 1
7877 1
7878 1
7879 1
7880 1
7881 1
7882 1
7883 1
7884 1
7885 1
7886 1
7887 1
7888 1
7889 1
7890 1
7891 1
7892 1
7893 1
7894 1
7895 1
7896 1
7897 1
7898 1
7899 1
7900 0
7901 1
7902 1
7903 1
7904 1
7905 1
7906 1
7907 1
7908 1
7909 1
7910 1
7911 1
7912 1
7913 1
7914 1
7915 1
7916 1
7917 1
7918 1
7919 1
7920 1
7921 1
7922 1
7923 1
7924 1
7925 1
7926 1
7927 1
7928 1
7929 1
7930 1
7931 1
7932 1
7933 1
7934 1
7935 1
7936 1
7937 1
7938 1
7939 1
7940 1
7941 1
7942 1
7943 1
7944 1
7945 1
7946 1
7947 1
7948 1
7949 1
7950 1
7951 1
7952 1
7953 1
7954 1
7955 1
7956 1
7957 0
7958 0
7959 1
7960 1
7961 0
7962 0
7963 1
7964 0
7965 0
7966 0
7967 0
7968 0
7969 0
7970 0
7971 0
7972 0
7973 0
7974 0
7975 0
7976 0
7977 0
7978 0
7979 0
7980 0
7981 0
7982 1
7983 1
7984 3
7985 3
7986 3
7987 3
7988 3
7989 0
7990 0
7991 1
7992 0
7993 1
7994 0
7995 1
7996 1
7997 1
7998 1
7999 1
8000 11
8001 11
8002 1
8003 1
8004 1
8005 1
8006 1
8007 1
8008 1
8009 1
8010 0
8011 1
8012 1
8013 1
8014 1
8015 1
8016 1
8017 1
8018 1
8019 0
8020 1
8021 1
8022 1
8023 1
8024 1
8025 1
8026 0
8027 1
8028 1
8029 1
8030 1
8031 1
8032 1
8033 1
8034 1
8035 1
8036 1
8037 1
8038 1
8039 1
8040 1
8041 1
8042 1
8043 1
8044 1
8045 1
8046 1
8047 1
8048 1
8049 1
8050 1
8051 1
8052 1
8053 1
8054 1
8055 1
8056 1
8057 1
8058 1
8059 1
8060 1
8061 1
8062 1
8063 1
8064 1
8065 1
8066 1
8067 1
8068 1
8069 1
8070 1
8071 1
8072 0
8073 1
8074 1
8075 1
8076 1
8077 1
8078 1
8079 1
8080 1
8081 1
8082 1
8083 1
8084 1
8085 3
8086 0
8087 1
8088 3
8089 3
8090 1
8091 1
8092 0
8093 1
8094 1
8095 1
8096 0
8097 1
8098 0
8099 0
8100 1
8101 1
8102 1
8103 1
8104 1
8105 1
8106 12
8107 12
8108 1
8109 0
8110 1
8111 1
8112 1
8113 1
8114 0
8115 1
8116 1
8117 1
8118 1
8119 1
8120 1
8121 1
8122 1
8123 1
8124 0
8125 1
8126 13
8127 3
8128 13
8129 13
8130 0
8131 3
8132 0
8133 0
8134 0
8135 1
8136 3
8137 1
8138 1
8139 1
8140 1
8141 1
8142 1
8143 1
8144 1
8145 1
8146 3
8147 3
8148 3
8149 1
8150 3
8151 1
8152 3
8153 0
8154 0
8155 1
8156 1
8157 1
8158 1
8159 0
8160 1
8161 1
8162 0
8163 1
8164 1
8165 0
8166 0
8167 1
8168 6
8169 6
8170 1
8171 0
8172 0
8173 3
8174 14
8175 14
8176 14
8177 14
8178 1
8179 1
8180 3
8181 0
8182 0
8183 0
8184 0
8185 0
8186 0
8187 0
8188 0
8189 0
8190 0
8191 0
8192 0
8193 0
8194 0
8195 0
8196 0
8197 0
8198 0
8199 0
8200 1
8201 3
8202 1
8203 1
8204 1
8205 3
8206 1
8207 1
8208 1
8209 1
8210 1
8211 1
8212 0
8213 1
8214 0
8215 1
8216 1
8217 1
8218 1
8219 4
8220 0
8221 6
8222 6
8223 1
8224 1
8225 1
8226 19
8227 1
8228 1
8229 3
8230 0
8231 1
8232 1
8233 0
8234 0
8235 0
8236 0
8237 3
8238 0
8239 0
8240 1
8241 1
8242 0
8243 15
8244 1
8245 0
8246 0
8247 3
8248 0
8249 0
8250 1
8251 1
8252 3
8253 0
8254 1
8255 1
8256 3
8257 1
8258 1
8259 15
8260 15
8261 15
8262 15
8263 15
8264 15
8265 15
8266 15
8267 15
8268 15
8269 15
8270 15
8271 15
8272 15
8273 15
8274 15
8275 15
8276 15
8277 15
8278 15
8279 15
8280 15
8281 15
8282 15
8283 15
8284 15
8285 15
8286 15
8287 15
8288 15
8289 15
8290 15
8291 15
8292 15
8293 15
8294 15
8295 15
8296 15
8297 15
8298 16
8299 3
8300 1
8301 1
8302 1
8303 0
8304 0
8305 1
8306 3
8307 1
8308 1
8309 1
8310 3
8311 1
8312 1
8313 1
8314 3
8315 3
8316 1
8317 1
8318 1
8319 3
8320 3
8321 3
8322 3
8323 1
8324 3
8325 1
8326 1
8327 1
8328 1
8329 3
8330 1
8331 1
8332 1
8333 1
8334 3
8335 0
8336 0
8337 0
8338 1
8339 1
8340 1
8341 1
8342 3
8343 1
8344 3
8345 0
8346 5
8347 5
8348 5
8349 5
8350 5
8351 5
8352 5
8353 1
8354 1
8355 0
8356 3
8357 1
8358 17
8359 17
8360 3
8361 3
8362 1
8363 0
8364 18
8365 1
8366 1
8367 0
8368 0
8369 1
8370 1
8371 1
8372 1
8373 1
8374 0
8375 1
8376 1
8377 1
8378 1
8379 19
8380 19
8381 0
8382 0
8383 20
8384 20
8385 20
8386 20
network of communities computed : Thu Jan  7 08:46:43 2010

network : 21 nodes, 117 links, 226144488 weight.
pass number 1 of -1 : 0.0860431 0.0860394
pass number 2 of -1 : 0.0860431 0.0860431
communities computed : Thu Jan  7 08:46:43 2010
modularity increased from 0.0860394 to 0.0860431
0 1
1 0
2 0
3 2
4 8
5 1
6 0
7 2
8 0
9 3
10 4
11 1
12 5
13 6
14 7
15 8
16 0
17 1
18 1
19 0
20 0
network of communities computed : Thu Jan  7 08:46:43 2010

network : 9 nodes, 41 links, 226144488 weight.
pass number 1 of -1 : 0.0860431 0.0860431
communities computed : Thu Jan  7 08:46:43 2010
modularity increased from 0.0860431 to 0.0860431
0 0
1 1
2 2
3 3
4 4
5 5
6 6
7 7
8 8
network of communities computed : Thu Jan  7 08:46:43 2010
1e-06 0.0860431 376
