Sender: LSF System <lsfadmin@bc01-n10>
Subject: Job 429287: <comm_blk31> Done

Job <comm_blk31> was submitted from host <bc10-n13> by user <jabloche> in cluster <lucky>.
Job was executed on host(s) <bc01-n10>, in queue <week>, as user <jabloche> in cluster <lucky>.
</afs/isis.unc.edu/home/j/a/jabloche> was used as the home directory.
</netscr/jabloche/FirmNetworks/cLouvain> was used as the working directory.
Started at Thu Jan  7 08:40:17 2010
Results reported at Thu Jan  7 08:41:35 2010

Your job looked like:

------------------------------------------------------------
# LSBATCH: User input
/netscr/jabloche/FirmNetworks/cLouvain/community /smallfs/jabloche/fn_edge/el_blk31.bin -l -1 -w
------------------------------------------------------------

Successfully completed.

Resource usage summary:

    CPU time   :     47.70 sec.
    Max Memory :       105 MB
    Max Swap   :       254 MB

    Max Processes  :         4
    Max Threads    :         4

The output (if any) follows:

Your home directory for this job is /netscr/jabloche
start : Thu Jan  7 08:40:17 2010
total : 6521824
file read : Thu Jan  7 08:40:47 2010
network : 7196 nodes, 6521824 links, 60937776 weight.
pass number 1 of -1 : 0.105494 -0.000324049
pass number 2 of -1 : 0.114063 0.105494
pass number 3 of -1 : 0.11533 0.114063
pass number 4 of -1 : 0.115978 0.11533
pass number 5 of -1 : 0.116465 0.115978
pass number 6 of -1 : 0.11705 0.116465
pass number 7 of -1 : 0.117454 0.11705
pass number 8 of -1 : 0.117574 0.117454
pass number 9 of -1 : 0.117596 0.117574
pass number 10 of -1 : 0.117631 0.117596
pass number 11 of -1 : 0.117737 0.117631
pass number 12 of -1 : 0.117895 0.117737
pass number 13 of -1 : 0.118307 0.117895
pass number 14 of -1 : 0.118682 0.118307
pass number 15 of -1 : 0.119469 0.118682
pass number 16 of -1 : 0.120112 0.119469
pass number 17 of -1 : 0.120263 0.120112
pass number 18 of -1 : 0.12028 0.120263
pass number 19 of -1 : 0.120281 0.12028
pass number 20 of -1 : 0.120284 0.120281
pass number 21 of -1 : 0.120286 0.120284
pass number 22 of -1 : 0.120286 0.120286
communities computed : Thu Jan  7 08:41:34 2010
modularity increased from -0.000324049 to 0.120286
0 1
1 1
2 1
3 1
4 1
5 1
6 1
7 1
8 3
9 1
10 1
11 1
12 1
13 1
14 1
15 1
16 1
17 1
18 3
19 1
20 1
21 2
22 1
23 1
24 1
25 1
26 3
27 1
28 1
29 1
30 1
31 1
32 3
33 1
34 1
35 1
36 1
37 1
38 1
39 1
40 1
41 1
42 0
43 1
44 1
45 1
46 1
47 1
48 1
49 1
50 1
51 1
52 0
53 3
54 1
55 1
56 1
57 1
58 1
59 1
60 0
61 1
62 1
63 1
64 1
65 1
66 1
67 1
68 3
69 1
70 1
71 3
72 2
73 1
74 1
75 2
76 2
77 6
78 2
79 1
80 6
81 3
82 2
83 2
84 3
85 2
86 3
87 2
88 3
89 2
90 2
91 1
92 2
93 2
94 2
95 2
96 1
97 2
98 3
99 2
100 1
101 1
102 3
103 3
104 1
105 0
106 3
107 5
108 1
109 1
110 3
111 2
112 3
113 1
114 3
115 3
116 2
117 3
118 3
119 1
120 1
121 3
122 1
123 1
124 3
125 3
126 5
127 1
128 0
129 1
130 3
131 3
132 1
133 1
134 5
135 1
136 3
137 3
138 1
139 3
140 0
141 3
142 1
143 3
144 3
145 3
146 1
147 3
148 3
149 1
150 1
151 1
152 1
153 3
154 1
155 1
156 1
157 1
158 3
159 3
160 1
161 3
162 3
163 3
164 1
165 2
166 0
167 2
168 1
169 3
170 3
171 3
172 3
173 3
174 3
175 1
176 2
177 1
178 1
179 1
180 1
181 3
182 3
183 1
184 2
185 1
186 1
187 3
188 2
189 0
190 1
191 1
192 1
193 1
194 3
195 1
196 3
197 1
198 1
199 1
200 3
201 1
202 3
203 1
204 3
205 1
206 1
207 1
208 3
209 3
210 1
211 3
212 3
213 1
214 3
215 0
216 2
217 1
218 3
219 3
220 1
221 1
222 3
223 3
224 3
225 1
226 1
227 1
228 3
229 3
230 3
231 3
232 2
233 0
234 5
235 0
236 1
237 3
238 1
239 3
240 1
241 1
242 0
243 3
244 2
245 0
246 1
247 3
248 0
249 1
250 2
251 3
252 3
253 3
254 1
255 1
256 3
257 0
258 3
259 1
260 3
261 1
262 3
263 1
264 3
265 2
266 3
267 1
268 1
269 3
270 1
271 1
272 1
273 3
274 1
275 1
276 1
277 5
278 3
279 5
280 1
281 3
282 0
283 1
284 1
285 3
286 3
287 0
288 3
289 3
290 1
291 1
292 1
293 2
294 1
295 1
296 2
297 3
298 1
299 3
300 3
301 1
302 3
303 2
304 1
305 3
306 1
307 1
308 1
309 0
310 3
311 3
312 1
313 1
314 0
315 3
316 3
317 3
318 2
319 3
320 3
321 2
322 3
323 3
324 3
325 1
326 0
327 1
328 1
329 3
330 3
331 3
332 1
333 3
334 0
335 3
336 3
337 2
338 1
339 1
340 3
341 1
342 5
343 3
344 3
345 1
346 1
347 1
348 1
349 1
350 1
351 3
352 2
353 1
354 3
355 1
356 1
357 3
358 0
359 1
360 1
361 1
362 3
363 1
364 1
365 6
366 1
367 3
368 3
369 1
370 1
371 1
372 3
373 1
374 3
375 1
376 2
377 3
378 3
379 3
380 3
381 1
382 2
383 3
384 3
385 3
386 3
387 1
388 1
389 1
390 0
391 3
392 1
393 3
394 1
395 3
396 3
397 3
398 1
399 3
400 1
401 3
402 1
403 3
404 1
405 2
406 3
407 1
408 2
409 1
410 3
411 1
412 0
413 3
414 1
415 1
416 1
417 3
418 2
419 2
420 3
421 1
422 1
423 3
424 2
425 2
426 2
427 0
428 2
429 1
430 3
431 2
432 1
433 1
434 0
435 1
436 3
437 2
438 1
439 1
440 3
441 1
442 0
443 3
444 1
445 1
446 1
447 1
448 5
449 3
450 3
451 2
452 1
453 3
454 0
455 1
456 3
457 1
458 3
459 1
460 2
461 1
462 1
463 0
464 0
465 3
466 1
467 1
468 1
469 3
470 0
471 3
472 1
473 1
474 0
475 1
476 3
477 1
478 0
479 0
480 3
481 1
482 3
483 3
484 3
485 1
486 3
487 1
488 3
489 3
490 2
491 3
492 3
493 3
494 3
495 1
496 2
497 3
498 3
499 3
500 1
501 2
502 2
503 2
504 1
505 1
506 3
507 3
508 3
509 3
510 3
511 1
512 1
513 3
514 3
515 3
516 3
517 1
518 2
519 1
520 3
521 2
522 3
523 3
524 1
525 3
526 3
527 1
528 2
529 1
530 3
531 2
532 0
533 0
534 2
535 3
536 3
537 2
538 2
539 1
540 3
541 3
542 3
543 3
544 3
545 3
546 1
547 3
548 3
549 3
550 1
551 3
552 3
553 2
554 0
555 1
556 0
557 1
558 1
559 2
560 1
561 2
562 1
563 1
564 2
565 1
566 3
567 1
568 2
569 1
570 3
571 2
572 3
573 3
574 1
575 2
576 3
577 2
578 2
579 0
580 0
581 3
582 3
583 3
584 3
585 2
586 1
587 3
588 3
589 3
590 1
591 3
592 3
593 1
594 1
595 2
596 1
597 1
598 1
599 1
600 1
601 3
602 1
603 1
604 2
605 3
606 3
607 3
608 1
609 0
610 1
611 1
612 3
613 3
614 1
615 1
616 3
617 2
618 1
619 0
620 3
621 1
622 1
623 1
624 1
625 1
626 3
627 1
628 1
629 3
630 3
631 2
632 1
633 3
634 1
635 0
636 3
637 1
638 3
639 2
640 3
641 3
642 3
643 1
644 1
645 3
646 1
647 1
648 1
649 3
650 1
651 1
652 5
653 1
654 1
655 1
656 5
657 1
658 1
659 1
660 1
661 3
662 3
663 1
664 2
665 3
666 3
667 1
668 3
669 1
670 3
671 3
672 3
673 1
674 3
675 1
676 1
677 1
678 3
679 3
680 3
681 1
682 6
683 5
684 0
685 3
686 1
687 1
688 3
689 3
690 3
691 1
692 3
693 1
694 1
695 3
696 1
697 2
698 3
699 1
700 1
701 2
702 3
703 3
704 3
705 1
706 2
707 3
708 2
709 3
710 3
711 3
712 3
713 3
714 1
715 3
716 3
717 3
718 1
719 3
720 5
721 0
722 1
723 3
724 1
725 3
726 1
727 1
728 1
729 3
730 1
731 1
732 3
733 1
734 1
735 1
736 1
737 2
738 3
739 1
740 3
741 3
742 3
743 1
744 2
745 3
746 1
747 3
748 3
749 2
750 3
751 2
752 1
753 1
754 0
755 3
756 3
757 0
758 3
759 3
760 2
761 3
762 3
763 5
764 3
765 2
766 5
767 1
768 1
769 1
770 3
771 3
772 1
773 3
774 3
775 0
776 1
777 2
778 1
779 3
780 3
781 1
782 1
783 3
784 1
785 2
786 3
787 3
788 1
789 1
790 1
791 2
792 3
793 2
794 3
795 1
796 0
797 3
798 1
799 3
800 0
801 1
802 2
803 3
804 3
805 1
806 2
807 3
808 3
809 3
810 3
811 3
812 1
813 2
814 1
815 1
816 3
817 1
818 3
819 1
820 1
821 1
822 1
823 3
824 2
825 2
826 3
827 1
828 1
829 1
830 1
831 1
832 2
833 1
834 1
835 3
836 1
837 3
838 1
839 1
840 1
841 3
842 1
843 0
844 3
845 2
846 1
847 3
848 3
849 1
850 1
851 1
852 1
853 3
854 1
855 1
856 1
857 3
858 2
859 1
860 3
861 1
862 1
863 3
864 2
865 2
866 3
867 3
868 5
869 1
870 1
871 3
872 3
873 2
874 1
875 1
876 2
877 3
878 0
879 1
880 3
881 1
882 1
883 1
884 3
885 1
886 3
887 3
888 3
889 3
890 0
891 3
892 1
893 3
894 3
895 2
896 3
897 6
898 0
899 1
900 1
901 3
902 3
903 3
904 3
905 1
906 1
907 1
908 2
909 2
910 1
911 1
912 3
913 1
914 1
915 3
916 3
917 3
918 1
919 3
920 1
921 3
922 3
923 2
924 0
925 3
926 3
927 2
928 3
929 1
930 1
931 3
932 3
933 1
934 1
935 1
936 3
937 2
938 1
939 3
940 2
941 1
942 3
943 1
944 3
945 1
946 1
947 1
948 3
949 3
950 3
951 1
952 3
953 3
954 1
955 1
956 3
957 3
958 2
959 0
960 5
961 1
962 0
963 1
964 3
965 0
966 0
967 3
968 0
969 0
970 1
971 0
972 0
973 0
974 3
975 0
976 0
977 3
978 1
979 1
980 2
981 3
982 3
983 2
984 2
985 3
986 1
987 3
988 1
989 2
990 1
991 3
992 1
993 1
994 2
995 3
996 3
997 5
998 1
999 3
1000 3
1001 5
1002 3
1003 2
1004 2
1005 1
1006 1
1007 5
1008 2
1009 1
1010 3
1011 5
1012 1
1013 1
1014 2
1015 5
1016 3
1017 2
1018 1
1019 2
1020 1
1021 2
1022 1
1023 1
1024 2
1025 3
1026 3
1027 1
1028 5
1029 1
1030 2
1031 1
1032 1
1033 5
1034 2
1035 3
1036 1
1037 1
1038 3
1039 2
1040 3
1041 1
1042 1
1043 1
1044 1
1045 1
1046 2
1047 3
1048 3
1049 1
1050 3
1051 1
1052 2
1053 2
1054 5
1055 5
1056 2
1057 2
1058 3
1059 1
1060 2
1061 3
1062 2
1063 2
1064 2
1065 5
1066 2
1067 2
1068 1
1069 5
1070 2
1071 6
1072 2
1073 2
1074 2
1075 5
1076 3
1077 6
1078 2
1079 1
1080 2
1081 1
1082 3
1083 1
1084 1
1085 5
1086 1
1087 1
1088 2
1089 5
1090 3
1091 2
1092 1
1093 3
1094 2
1095 1
1096 3
1097 2
1098 3
1099 1
1100 1
1101 1
1102 2
1103 1
1104 3
1105 1
1106 3
1107 2
1108 5
1109 6
1110 5
1111 1
1112 3
1113 2
1114 1
1115 1
1116 1
1117 1
1118 2
1119 6
1120 5
1121 1
1122 1
1123 3
1124 5
1125 1
1126 5
1127 1
1128 2
1129 1
1130 2
1131 6
1132 3
1133 3
1134 1
1135 2
1136 1
1137 1
1138 3
1139 3
1140 5
1141 3
1142 2
1143 3
1144 2
1145 2
1146 1
1147 2
1148 2
1149 1
1150 3
1151 5
1152 1
1153 3
1154 1
1155 2
1156 1
1157 1
1158 1
1159 1
1160 1
1161 2
1162 5
1163 1
1164 3
1165 2
1166 3
1167 3
1168 2
1169 3
1170 3
1171 3
1172 2
1173 3
1174 3
1175 1
1176 1
1177 2
1178 1
1179 2
1180 1
1181 2
1182 5
1183 3
1184 2
1185 2
1186 5
1187 1
1188 3
1189 3
1190 3
1191 3
1192 5
1193 2
1194 5
1195 5
1196 3
1197 2
1198 5
1199 3
1200 2
1201 5
1202 5
1203 5
1204 1
1205 1
1206 3
1207 5
1208 5
1209 5
1210 2
1211 1
1212 1
1213 2
1214 5
1215 1
1216 3
1217 2
1218 5
1219 3
1220 1
1221 1
1222 1
1223 3
1224 2
1225 3
1226 5
1227 2
1228 1
1229 5
1230 5
1231 1
1232 5
1233 5
1234 3
1235 2
1236 1
1237 2
1238 5
1239 5
1240 1
1241 3
1242 3
1243 3
1244 2
1245 1
1246 5
1247 2
1248 3
1249 2
1250 3
1251 5
1252 1
1253 5
1254 5
1255 1
1256 1
1257 5
1258 1
1259 1
1260 3
1261 2
1262 5
1263 1
1264 2
1265 3
1266 2
1267 5
1268 5
1269 3
1270 5
1271 5
1272 2
1273 5
1274 2
1275 5
1276 2
1277 1
1278 1
1279 5
1280 5
1281 3
1282 0
1283 3
1284 0
1285 1
1286 3
1287 2
1288 6
1289 3
1290 1
1291 3
1292 3
1293 3
1294 1
1295 1
1296 3
1297 2
1298 3
1299 1
1300 3
1301 3
1302 2
1303 2
1304 1
1305 2
1306 3
1307 2
1308 2
1309 2
1310 2
1311 3
1312 3
1313 3
1314 2
1315 2
1316 1
1317 2
1318 2
1319 5
1320 3
1321 3
1322 3
1323 3
1324 3
1325 1
1326 2
1327 4
1328 2
1329 1
1330 1
1331 6
1332 2
1333 3
1334 3
1335 3
1336 2
1337 3
1338 3
1339 2
1340 3
1341 1
1342 3
1343 3
1344 2
1345 3
1346 3
1347 3
1348 3
1349 5
1350 3
1351 3
1352 3
1353 3
1354 2
1355 1
1356 1
1357 2
1358 1
1359 5
1360 1
1361 1
1362 2
1363 3
1364 2
1365 3
1366 1
1367 3
1368 3
1369 2
1370 1
1371 2
1372 3
1373 5
1374 3
1375 3
1376 1
1377 2
1378 3
1379 5
1380 3
1381 2
1382 5
1383 3
1384 2
1385 3
1386 1
1387 1
1388 3
1389 2
1390 2
1391 1
1392 2
1393 2
1394 1
1395 2
1396 3
1397 1
1398 1
1399 3
1400 3
1401 3
1402 2
1403 2
1404 2
1405 3
1406 3
1407 3
1408 2
1409 2
1410 1
1411 1
1412 3
1413 2
1414 2
1415 3
1416 2
1417 3
1418 3
1419 3
1420 2
1421 1
1422 1
1423 3
1424 2
1425 2
1426 3
1427 1
1428 2
1429 1
1430 2
1431 3
1432 2
1433 3
1434 1
1435 3
1436 2
1437 2
1438 3
1439 2
1440 1
1441 3
1442 3
1443 2
1444 2
1445 1
1446 3
1447 2
1448 1
1449 5
1450 2
1451 2
1452 2
1453 3
1454 3
1455 3
1456 2
1457 3
1458 2
1459 2
1460 2
1461 3
1462 3
1463 3
1464 3
1465 3
1466 1
1467 2
1468 1
1469 2
1470 3
1471 2
1472 3
1473 1
1474 2
1475 1
1476 5
1477 2
1478 2
1479 3
1480 1
1481 1
1482 1
1483 5
1484 3
1485 6
1486 1
1487 3
1488 3
1489 3
1490 2
1491 2
1492 2
1493 1
1494 2
1495 1
1496 3
1497 0
1498 3
1499 3
1500 1
1501 1
1502 3
1503 3
1504 1
1505 3
1506 2
1507 3
1508 2
1509 1
1510 2
1511 1
1512 2
1513 1
1514 1
1515 1
1516 3
1517 3
1518 2
1519 1
1520 3
1521 1
1522 3
1523 2
1524 2
1525 3
1526 2
1527 3
1528 3
1529 2
1530 3
1531 2
1532 2
1533 3
1534 3
1535 1
1536 2
1537 3
1538 3
1539 3
1540 3
1541 1
1542 2
1543 2
1544 3
1545 5
1546 1
1547 2
1548 3
1549 2
1550 2
1551 3
1552 1
1553 3
1554 5
1555 3
1556 3
1557 3
1558 3
1559 2
1560 2
1561 2
1562 2
1563 3
1564 1
1565 1
1566 3
1567 2
1568 1
1569 3
1570 2
1571 3
1572 1
1573 3
1574 1
1575 2
1576 3
1577 3
1578 1
1579 3
1580 5
1581 3
1582 3
1583 2
1584 3
1585 5
1586 3
1587 3
1588 1
1589 5
1590 1
1591 3
1592 3
1593 0
1594 2
1595 1
1596 3
1597 2
1598 2
1599 3
1600 2
1601 3
1602 3
1603 3
1604 3
1605 3
1606 3
1607 3
1608 1
1609 3
1610 1
1611 3
1612 3
1613 3
1614 3
1615 3
1616 2
1617 2
1618 3
1619 5
1620 3
1621 3
1622 2
1623 2
1624 3
1625 2
1626 2
1627 2
1628 2
1629 2
1630 1
1631 5
1632 3
1633 3
1634 3
1635 1
1636 1
1637 2
1638 3
1639 1
1640 1
1641 3
1642 3
1643 1
1644 6
1645 1
1646 1
1647 2
1648 3
1649 5
1650 1
1651 5
1652 3
1653 5
1654 3
1655 1
1656 3
1657 3
1658 3
1659 3
1660 1
1661 1
1662 2
1663 2
1664 3
1665 2
1666 3
1667 2
1668 3
1669 1
1670 2
1671 2
1672 3
1673 1
1674 3
1675 1
1676 3
1677 2
1678 3
1679 1
1680 3
1681 5
1682 2
1683 5
1684 2
1685 2
1686 3
1687 5
1688 2
1689 2
1690 3
1691 3
1692 3
1693 3
1694 3
1695 2
1696 3
1697 3
1698 2
1699 3
1700 1
1701 3
1702 3
1703 1
1704 1
1705 2
1706 3
1707 3
1708 3
1709 3
1710 1
1711 2
1712 3
1713 2
1714 2
1715 2
1716 1
1717 3
1718 2
1719 3
1720 3
1721 2
1722 3
1723 3
1724 3
1725 2
1726 3
1727 3
1728 1
1729 2
1730 2
1731 1
1732 1
1733 2
1734 5
1735 2
1736 2
1737 1
1738 2
1739 2
1740 2
1741 2
1742 2
1743 2
1744 6
1745 2
1746 5
1747 2
1748 6
1749 3
1750 2
1751 3
1752 2
1753 1
1754 2
1755 1
1756 2
1757 2
1758 2
1759 2
1760 2
1761 2
1762 2
1763 2
1764 1
1765 2
1766 1
1767 2
1768 1
1769 2
1770 3
1771 2
1772 2
1773 1
1774 2
1775 2
1776 2
1777 2
1778 3
1779 2
1780 3
1781 2
1782 2
1783 2
1784 2
1785 2
1786 2
1787 3
1788 2
1789 2
1790 3
1791 2
1792 1
1793 2
1794 2
1795 1
1796 1
1797 3
1798 2
1799 2
1800 2
1801 2
1802 3
1803 3
1804 2
1805 2
1806 2
1807 3
1808 2
1809 1
1810 1
1811 3
1812 2
1813 2
1814 2
1815 5
1816 2
1817 3
1818 3
1819 2
1820 2
1821 1
1822 2
1823 3
1824 1
1825 2
1826 2
1827 2
1828 2
1829 2
1830 2
1831 3
1832 2
1833 6
1834 3
1835 3
1836 2
1837 1
1838 1
1839 1
1840 1
1841 1
1842 1
1843 1
1844 1
1845 2
1846 1
1847 1
1848 2
1849 1
1850 2
1851 1
1852 1
1853 1
1854 1
1855 1
1856 1
1857 1
1858 1
1859 1
1860 1
1861 1
1862 1
1863 2
1864 1
1865 1
1866 1
1867 1
1868 1
1869 1
1870 1
1871 1
1872 1
1873 1
1874 1
1875 1
1876 1
1877 1
1878 1
1879 1
1880 1
1881 1
1882 1
1883 1
1884 1
1885 1
1886 1
1887 3
1888 1
1889 1
1890 1
1891 3
1892 1
1893 1
1894 1
1895 1
1896 1
1897 1
1898 0
1899 1
1900 1
1901 1
1902 1
1903 1
1904 1
1905 1
1906 1
1907 2
1908 1
1909 1
1910 1
1911 1
1912 1
1913 1
1914 5
1915 3
1916 2
1917 1
1918 5
1919 1
1920 1
1921 3
1922 1
1923 1
1924 1
1925 6
1926 1
1927 1
1928 1
1929 1
1930 1
1931 1
1932 1
1933 5
1934 2
1935 2
1936 1
1937 1
1938 1
1939 5
1940 1
1941 1
1942 3
1943 1
1944 2
1945 1
1946 1
1947 1
1948 1
1949 1
1950 1
1951 1
1952 1
1953 1
1954 1
1955 1
1956 6
1957 1
1958 3
1959 2
1960 3
1961 1
1962 2
1963 5
1964 3
1965 2
1966 1
1967 2
1968 2
1969 2
1970 2
1971 2
1972 1
1973 2
1974 3
1975 3
1976 2
1977 3
1978 2
1979 2
1980 1
1981 2
1982 2
1983 2
1984 2
1985 1
1986 3
1987 2
1988 2
1989 2
1990 2
1991 2
1992 2
1993 2
1994 3
1995 2
1996 3
1997 2
1998 2
1999 2
2000 2
2001 3
2002 2
2003 2
2004 1
2005 2
2006 2
2007 1
2008 2
2009 2
2010 2
2011 2
2012 3
2013 2
2014 2
2015 3
2016 2
2017 2
2018 2
2019 2
2020 3
2021 2
2022 2
2023 3
2024 3
2025 1
2026 2
2027 3
2028 2
2029 2
2030 2
2031 2
2032 3
2033 3
2034 1
2035 2
2036 3
2037 3
2038 2
2039 2
2040 2
2041 2
2042 3
2043 2
2044 2
2045 2
2046 2
2047 2
2048 3
2049 3
2050 2
2051 1
2052 2
2053 2
2054 3
2055 2
2056 0
2057 3
2058 1
2059 2
2060 2
2061 3
2062 3
2063 2
2064 2
2065 2
2066 2
2067 3
2068 2
2069 3
2070 1
2071 2
2072 6
2073 2
2074 3
2075 2
2076 2
2077 3
2078 2
2079 2
2080 2
2081 2
2082 2
2083 2
2084 2
2085 2
2086 2
2087 3
2088 2
2089 3
2090 2
2091 1
2092 1
2093 2
2094 2
2095 3
2096 3
2097 2
2098 2
2099 2
2100 2
2101 2
2102 3
2103 3
2104 2
2105 3
2106 2
2107 3
2108 2
2109 3
2110 5
2111 2
2112 2
2113 3
2114 2
2115 2
2116 2
2117 2
2118 3
2119 0
2120 2
2121 2
2122 2
2123 2
2124 1
2125 1
2126 2
2127 2
2128 2
2129 2
2130 2
2131 2
2132 2
2133 2
2134 3
2135 2
2136 2
2137 2
2138 2
2139 2
2140 2
2141 2
2142 1
2143 2
2144 2
2145 2
2146 2
2147 2
2148 2
2149 2
2150 2
2151 1
2152 5
2153 3
2154 2
2155 2
2156 2
2157 2
2158 2
2159 3
2160 2
2161 2
2162 2
2163 2
2164 2
2165 2
2166 2
2167 2
2168 3
2169 2
2170 1
2171 2
2172 6
2173 2
2174 2
2175 2
2176 2
2177 2
2178 2
2179 2
2180 2
2181 2
2182 2
2183 2
2184 2
2185 2
2186 2
2187 2
2188 2
2189 2
2190 3
2191 1
2192 2
2193 2
2194 2
2195 3
2196 1
2197 2
2198 2
2199 2
2200 2
2201 2
2202 2
2203 2
2204 2
2205 1
2206 2
2207 3
2208 2
2209 2
2210 1
2211 2
2212 2
2213 1
2214 2
2215 2
2216 2
2217 1
2218 2
2219 2
2220 2
2221 0
2222 2
2223 2
2224 2
2225 2
2226 2
2227 2
2228 1
2229 2
2230 2
2231 1
2232 2
2233 6
2234 2
2235 2
2236 3
2237 2
2238 2
2239 2
2240 2
2241 2
2242 3
2243 2
2244 2
2245 3
2246 2
2247 2
2248 2
2249 2
2250 2
2251 1
2252 3
2253 2
2254 3
2255 2
2256 2
2257 2
2258 3
2259 2
2260 2
2261 2
2262 2
2263 2
2264 2
2265 2
2266 3
2267 2
2268 2
2269 2
2270 2
2271 2
2272 2
2273 3
2274 2
2275 3
2276 2
2277 2
2278 3
2279 2
2280 3
2281 2
2282 2
2283 2
2284 2
2285 1
2286 3
2287 2
2288 2
2289 5
2290 2
2291 2
2292 2
2293 2
2294 2
2295 2
2296 2
2297 2
2298 2
2299 2
2300 2
2301 2
2302 2
2303 1
2304 3
2305 2
2306 2
2307 2
2308 3
2309 3
2310 2
2311 2
2312 2
2313 2
2314 2
2315 2
2316 2
2317 2
2318 2
2319 2
2320 2
2321 2
2322 3
2323 2
2324 2
2325 2
2326 2
2327 2
2328 3
2329 1
2330 3
2331 3
2332 3
2333 2
2334 3
2335 2
2336 2
2337 3
2338 3
2339 3
2340 2
2341 2
2342 2
2343 2
2344 2
2345 2
2346 2
2347 2
2348 2
2349 2
2350 2
2351 2
2352 2
2353 2
2354 2
2355 2
2356 2
2357 2
2358 0
2359 2
2360 0
2361 3
2362 5
2363 2
2364 2
2365 3
2366 3
2367 2
2368 3
2369 3
2370 1
2371 2
2372 2
2373 2
2374 2
2375 2
2376 3
2377 2
2378 6
2379 2
2380 3
2381 2
2382 2
2383 2
2384 2
2385 3
2386 2
2387 2
2388 3
2389 2
2390 3
2391 3
2392 2
2393 3
2394 3
2395 2
2396 2
2397 3
2398 2
2399 3
2400 2
2401 1
2402 2
2403 2
2404 2
2405 2
2406 2
2407 2
2408 2
2409 1
2410 3
2411 2
2412 2
2413 2
2414 2
2415 2
2416 3
2417 2
2418 2
2419 2
2420 2
2421 2
2422 2
2423 1
2424 2
2425 2
2426 3
2427 2
2428 2
2429 0
2430 3
2431 2
2432 2
2433 3
2434 2
2435 2
2436 2
2437 2
2438 2
2439 2
2440 2
2441 2
2442 2
2443 2
2444 3
2445 2
2446 2
2447 2
2448 2
2449 2
2450 2
2451 2
2452 2
2453 2
2454 2
2455 3
2456 2
2457 2
2458 2
2459 3
2460 2
2461 2
2462 2
2463 2
2464 3
2465 2
2466 2
2467 3
2468 2
2469 2
2470 3
2471 2
2472 2
2473 3
2474 2
2475 2
2476 2
2477 2
2478 2
2479 2
2480 2
2481 2
2482 2
2483 0
2484 3
2485 2
2486 2
2487 2
2488 2
2489 2
2490 2
2491 1
2492 2
2493 2
2494 2
2495 2
2496 2
2497 2
2498 1
2499 2
2500 3
2501 2
2502 2
2503 2
2504 2
2505 2
2506 2
2507 2
2508 2
2509 2
2510 2
2511 2
2512 2
2513 2
2514 2
2515 2
2516 2
2517 2
2518 3
2519 2
2520 1
2521 3
2522 2
2523 2
2524 3
2525 2
2526 2
2527 2
2528 2
2529 2
2530 1
2531 2
2532 3
2533 2
2534 0
2535 2
2536 2
2537 2
2538 2
2539 2
2540 2
2541 2
2542 2
2543 2
2544 2
2545 2
2546 2
2547 2
2548 3
2549 2
2550 2
2551 2
2552 2
2553 2
2554 2
2555 2
2556 2
2557 2
2558 2
2559 2
2560 3
2561 2
2562 2
2563 2
2564 2
2565 0
2566 3
2567 2
2568 2
2569 2
2570 2
2571 2
2572 3
2573 2
2574 2
2575 2
2576 2
2577 2
2578 3
2579 2
2580 2
2581 2
2582 3
2583 2
2584 2
2585 2
2586 2
2587 2
2588 1
2589 2
2590 2
2591 6
2592 2
2593 5
2594 1
2595 2
2596 1
2597 3
2598 2
2599 3
2600 2
2601 3
2602 2
2603 3
2604 3
2605 2
2606 4
2607 5
2608 1
2609 3
2610 1
2611 3
2612 1
2613 1
2614 1
2615 1
2616 2
2617 3
2618 4
2619 4
2620 5
2621 2
2622 2
2623 2
2624 1
2625 2
2626 1
2627 2
2628 2
2629 6
2630 1
2631 2
2632 1
2633 4
2634 4
2635 1
2636 3
2637 1
2638 2
2639 1
2640 2
2641 2
2642 2
2643 3
2644 1
2645 4
2646 1
2647 1
2648 1
2649 1
2650 1
2651 6
2652 4
2653 2
2654 2
2655 1
2656 1
2657 1
2658 2
2659 1
2660 2
2661 1
2662 1
2663 1
2664 1
2665 1
2666 1
2667 2
2668 4
2669 1
2670 1
2671 1
2672 1
2673 2
2674 2
2675 0
2676 4
2677 4
2678 1
2679 1
2680 3
2681 3
2682 4
2683 3
2684 2
2685 2
2686 4
2687 3
2688 4
2689 2
2690 3
2691 1
2692 2
2693 1
2694 3
2695 3
2696 3
2697 1
2698 3
2699 3
2700 1
2701 2
2702 1
2703 4
2704 2
2705 3
2706 3
2707 2
2708 2
2709 3
2710 3
2711 2
2712 3
2713 1
2714 5
2715 3
2716 3
2717 1
2718 3
2719 3
2720 3
2721 1
2722 3
2723 3
2724 3
2725 3
2726 3
2727 2
2728 3
2729 5
2730 3
2731 3
2732 3
2733 2
2734 3
2735 3
2736 2
2737 3
2738 3
2739 2
2740 3
2741 2
2742 2
2743 1
2744 3
2745 3
2746 2
2747 3
2748 2
2749 3
2750 2
2751 5
2752 3
2753 3
2754 2
2755 1
2756 3
2757 3
2758 2
2759 1
2760 3
2761 3
2762 1
2763 3
2764 3
2765 2
2766 3
2767 3
2768 2
2769 1
2770 2
2771 0
2772 2
2773 2
2774 3
2775 3
2776 2
2777 3
2778 3
2779 5
2780 2
2781 1
2782 5
2783 1
2784 2
2785 1
2786 5
2787 3
2788 2
2789 2
2790 2
2791 1
2792 5
2793 2
2794 3
2795 3
2796 1
2797 1
2798 1
2799 1
2800 1
2801 2
2802 1
2803 5
2804 2
2805 2
2806 2
2807 1
2808 3
2809 1
2810 2
2811 2
2812 3
2813 1
2814 1
2815 1
2816 1
2817 2
2818 3
2819 3
2820 3
2821 2
2822 3
2823 3
2824 2
2825 3
2826 2
2827 3
2828 2
2829 1
2830 3
2831 3
2832 3
2833 3
2834 2
2835 3
2836 3
2837 3
2838 1
2839 2
2840 2
2841 2
2842 3
2843 3
2844 2
2845 3
2846 2
2847 3
2848 3
2849 3
2850 3
2851 3
2852 3
2853 1
2854 2
2855 2
2856 1
2857 2
2858 1
2859 2
2860 2
2861 2
2862 3
2863 2
2864 2
2865 2
2866 2
2867 3
2868 1
2869 2
2870 2
2871 3
2872 1
2873 1
2874 1
2875 1
2876 1
2877 1
2878 1
2879 1
2880 1
2881 1
2882 1
2883 1
2884 1
2885 1
2886 3
2887 2
2888 2
2889 2
2890 3
2891 2
2892 2
2893 1
2894 1
2895 1
2896 1
2897 1
2898 1
2899 1
2900 1
2901 1
2902 1
2903 1
2904 1
2905 1
2906 1
2907 1
2908 3
2909 2
2910 1
2911 3
2912 2
2913 3
2914 2
2915 1
2916 2
2917 2
2918 2
2919 2
2920 2
2921 6
2922 3
2923 2
2924 3
2925 2
2926 1
2927 2
2928 1
2929 2
2930 2
2931 1
2932 3
2933 2
2934 2
2935 2
2936 3
2937 3
2938 1
2939 3
2940 2
2941 2
2942 3
2943 2
2944 2
2945 2
2946 3
2947 2
2948 2
2949 3
2950 3
2951 3
2952 2
2953 2
2954 2
2955 1
2956 3
2957 2
2958 2
2959 2
2960 3
2961 5
2962 2
2963 2
2964 0
2965 0
2966 2
2967 2
2968 3
2969 3
2970 2
2971 2
2972 2
2973 1
2974 2
2975 3
2976 5
2977 3
2978 3
2979 1
2980 3
2981 3
2982 2
2983 2
2984 1
2985 2
2986 1
2987 3
2988 3
2989 1
2990 2
2991 3
2992 2
2993 2
2994 1
2995 3
2996 2
2997 2
2998 1
2999 2
3000 2
3001 2
3002 1
3003 3
3004 1
3005 5
3006 2
3007 3
3008 3
3009 2
3010 3
3011 2
3012 5
3013 5
3014 2
3015 2
3016 1
3017 1
3018 3
3019 2
3020 2
3021 3
3022 2
3023 2
3024 2
3025 3
3026 2
3027 2
3028 3
3029 1
3030 2
3031 2
3032 2
3033 2
3034 2
3035 2
3036 2
3037 2
3038 3
3039 1
3040 2
3041 1
3042 5
3043 3
3044 6
3045 1
3046 2
3047 2
3048 3
3049 2
3050 2
3051 3
3052 2
3053 2
3054 2
3055 2
3056 5
3057 3
3058 2
3059 2
3060 2
3061 2
3062 3
3063 5
3064 1
3065 5
3066 3
3067 2
3068 2
3069 1
3070 2
3071 2
3072 2
3073 5
3074 2
3075 2
3076 2
3077 3
3078 2
3079 1
3080 2
3081 2
3082 2
3083 5
3084 5
3085 2
3086 2
3087 3
3088 1
3089 1
3090 2
3091 0
3092 2
3093 2
3094 2
3095 2
3096 2
3097 2
3098 2
3099 3
3100 2
3101 1
3102 1
3103 3
3104 1
3105 2
3106 3
3107 2
3108 2
3109 3
3110 3
3111 1
3112 3
3113 2
3114 2
3115 2
3116 5
3117 3
3118 2
3119 2
3120 5
3121 3
3122 3
3123 2
3124 3
3125 3
3126 2
3127 3
3128 3
3129 2
3130 5
3131 3
3132 2
3133 2
3134 3
3135 3
3136 2
3137 3
3138 3
3139 3
3140 5
3141 3
3142 5
3143 2
3144 3
3145 5
3146 3
3147 3
3148 2
3149 3
3150 1
3151 1
3152 2
3153 2
3154 2
3155 3
3156 2
3157 2
3158 2
3159 3
3160 2
3161 2
3162 1
3163 0
3164 2
3165 1
3166 5
3167 2
3168 3
3169 3
3170 1
3171 1
3172 3
3173 1
3174 1
3175 2
3176 1
3177 2
3178 2
3179 3
3180 1
3181 1
3182 2
3183 2
3184 3
3185 2
3186 2
3187 3
3188 2
3189 3
3190 2
3191 1
3192 2
3193 2
3194 3
3195 5
3196 2
3197 1
3198 5
3199 2
3200 1
3201 1
3202 6
3203 5
3204 5
3205 2
3206 2
3207 1
3208 1
3209 3
3210 1
3211 1
3212 2
3213 1
3214 2
3215 3
3216 5
3217 2
3218 2
3219 2
3220 2
3221 2
3222 2
3223 3
3224 2
3225 2
3226 3
3227 2
3228 5
3229 2
3230 2
3231 3
3232 3
3233 2
3234 3
3235 1
3236 6
3237 1
3238 2
3239 2
3240 2
3241 3
3242 1
3243 3
3244 3
3245 3
3246 2
3247 3
3248 5
3249 3
3250 1
3251 0
3252 2
3253 3
3254 2
3255 2
3256 1
3257 3
3258 2
3259 5
3260 2
3261 2
3262 1
3263 3
3264 3
3265 2
3266 3
3267 1
3268 1
3269 2
3270 2
3271 2
3272 0
3273 2
3274 3
3275 3
3276 2
3277 1
3278 3
3279 2
3280 3
3281 2
3282 5
3283 3
3284 3
3285 2
3286 3
3287 2
3288 5
3289 2
3290 2
3291 3
3292 3
3293 2
3294 1
3295 3
3296 3
3297 3
3298 2
3299 2
3300 2
3301 2
3302 3
3303 2
3304 1
3305 3
3306 2
3307 1
3308 1
3309 1
3310 3
3311 5
3312 2
3313 1
3314 1
3315 3
3316 3
3317 2
3318 2
3319 2
3320 1
3321 1
3322 1
3323 3
3324 3
3325 2
3326 3
3327 3
3328 2
3329 5
3330 2
3331 3
3332 1
3333 2
3334 2
3335 3
3336 2
3337 1
3338 1
3339 2
3340 3
3341 2
3342 1
3343 2
3344 2
3345 1
3346 1
3347 3
3348 2
3349 2
3350 3
3351 1
3352 2
3353 3
3354 2
3355 2
3356 3
3357 2
3358 2
3359 2
3360 3
3361 3
3362 1
3363 2
3364 3
3365 2
3366 3
3367 1
3368 1
3369 2
3370 2
3371 2
3372 3
3373 1
3374 2
3375 1
3376 2
3377 1
3378 1
3379 2
3380 2
3381 3
3382 3
3383 3
3384 3
3385 2
3386 2
3387 2
3388 2
3389 3
3390 2
3391 1
3392 2
3393 1
3394 5
3395 3
3396 2
3397 3
3398 3
3399 2
3400 2
3401 3
3402 3
3403 5
3404 3
3405 3
3406 2
3407 2
3408 1
3409 2
3410 2
3411 2
3412 1
3413 3
3414 1
3415 2
3416 3
3417 2
3418 2
3419 2
3420 2
3421 3
3422 0
3423 2
3424 3
3425 3
3426 3
3427 1
3428 1
3429 1
3430 2
3431 5
3432 2
3433 2
3434 3
3435 3
3436 2
3437 3
3438 2
3439 1
3440 3
3441 2
3442 0
3443 3
3444 1
3445 2
3446 2
3447 2
3448 2
3449 2
3450 2
3451 2
3452 2
3453 3
3454 2
3455 3
3456 3
3457 3
3458 2
3459 3
3460 3
3461 2
3462 5
3463 3
3464 2
3465 3
3466 2
3467 2
3468 2
3469 2
3470 5
3471 2
3472 2
3473 1
3474 1
3475 1
3476 2
3477 3
3478 0
3479 3
3480 5
3481 3
3482 2
3483 2
3484 2
3485 2
3486 3
3487 2
3488 6
3489 2
3490 2
3491 2
3492 5
3493 2
3494 2
3495 2
3496 2
3497 2
3498 2
3499 2
3500 3
3501 2
3502 1
3503 2
3504 1
3505 2
3506 2
3507 5
3508 1
3509 2
3510 3
3511 2
3512 2
3513 2
3514 2
3515 2
3516 2
3517 3
3518 2
3519 1
3520 5
3521 2
3522 2
3523 2
3524 2
3525 2
3526 3
3527 1
3528 2
3529 2
3530 3
3531 2
3532 3
3533 5
3534 3
3535 2
3536 5
3537 2
3538 0
3539 1
3540 2
3541 5
3542 2
3543 2
3544 1
3545 2
3546 3
3547 2
3548 3
3549 2
3550 2
3551 3
3552 2
3553 2
3554 5
3555 3
3556 3
3557 1
3558 3
3559 2
3560 3
3561 2
3562 1
3563 2
3564 2
3565 3
3566 2
3567 3
3568 5
3569 2
3570 3
3571 2
3572 3
3573 2
3574 3
3575 3
3576 1
3577 2
3578 2
3579 2
3580 1
3581 2
3582 2
3583 3
3584 1
3585 2
3586 3
3587 1
3588 2
3589 5
3590 3
3591 1
3592 1
3593 3
3594 3
3595 5
3596 2
3597 2
3598 3
3599 2
3600 1
3601 2
3602 3
3603 2
3604 2
3605 2
3606 3
3607 3
3608 2
3609 3
3610 2
3611 2
3612 2
3613 5
3614 5
3615 2
3616 2
3617 2
3618 1
3619 2
3620 2
3621 3
3622 3
3623 2
3624 2
3625 2
3626 2
3627 1
3628 2
3629 1
3630 3
3631 3
3632 2
3633 3
3634 2
3635 2
3636 2
3637 2
3638 1
3639 2
3640 2
3641 2
3642 2
3643 2
3644 2
3645 1
3646 2
3647 5
3648 2
3649 3
3650 1
3651 1
3652 5
3653 5
3654 2
3655 2
3656 3
3657 3
3658 2
3659 1
3660 2
3661 2
3662 3
3663 2
3664 2
3665 3
3666 2
3667 0
3668 3
3669 2
3670 2
3671 1
3672 6
3673 3
3674 3
3675 2
3676 2
3677 3
3678 2
3679 2
3680 5
3681 2
3682 1
3683 1
3684 3
3685 2
3686 3
3687 2
3688 3
3689 2
3690 2
3691 1
3692 3
3693 2
3694 2
3695 5
3696 2
3697 3
3698 3
3699 5
3700 3
3701 2
3702 2
3703 2
3704 2
3705 2
3706 3
3707 3
3708 2
3709 2
3710 1
3711 3
3712 2
3713 1
3714 2
3715 1
3716 5
3717 3
3718 3
3719 3
3720 5
3721 2
3722 1
3723 3
3724 1
3725 1
3726 2
3727 1
3728 1
3729 2
3730 3
3731 2
3732 2
3733 2
3734 3
3735 5
3736 3
3737 0
3738 3
3739 1
3740 2
3741 3
3742 3
3743 2
3744 1
3745 2
3746 3
3747 5
3748 3
3749 2
3750 2
3751 2
3752 3
3753 2
3754 3
3755 3
3756 1
3757 3
3758 2
3759 2
3760 3
3761 1
3762 3
3763 2
3764 5
3765 2
3766 5
3767 5
3768 2
3769 2
3770 2
3771 1
3772 3
3773 3
3774 3
3775 3
3776 3
3777 3
3778 3
3779 2
3780 3
3781 6
3782 1
3783 2
3784 1
3785 2
3786 1
3787 2
3788 2
3789 1
3790 1
3791 1
3792 1
3793 1
3794 1
3795 1
3796 2
3797 1
3798 1
3799 1
3800 1
3801 1
3802 1
3803 3
3804 1
3805 1
3806 2
3807 1
3808 1
3809 1
3810 2
3811 1
3812 1
3813 1
3814 1
3815 2
3816 3
3817 5
3818 1
3819 1
3820 1
3821 2
3822 2
3823 5
3824 1
3825 3
3826 1
3827 3
3828 1
3829 2
3830 3
3831 1
3832 3
3833 2
3834 2
3835 1
3836 2
3837 2
3838 2
3839 2
3840 2
3841 3
3842 2
3843 1
3844 1
3845 2
3846 2
3847 2
3848 3
3849 2
3850 1
3851 2
3852 2
3853 3
3854 1
3855 1
3856 2
3857 1
3858 1
3859 3
3860 1
3861 1
3862 5
3863 2
3864 1
3865 1
3866 1
3867 1
3868 1
3869 1
3870 1
3871 1
3872 5
3873 2
3874 5
3875 5
3876 2
3877 1
3878 1
3879 5
3880 6
3881 1
3882 2
3883 3
3884 1
3885 1
3886 2
3887 2
3888 2
3889 2
3890 2
3891 2
3892 3
3893 3
3894 3
3895 6
3896 1
3897 2
3898 2
3899 2
3900 3
3901 3
3902 1
3903 3
3904 3
3905 3
3906 2
3907 5
3908 3
3909 2
3910 2
3911 2
3912 2
3913 5
3914 1
3915 2
3916 2
3917 1
3918 1
3919 1
3920 1
3921 1
3922 1
3923 1
3924 7
3925 7
3926 7
3927 2
3928 1
3929 2
3930 1
3931 1
3932 3
3933 1
3934 1
3935 1
3936 1
3937 1
3938 1
3939 1
3940 1
3941 2
3942 1
3943 2
3944 3
3945 2
3946 3
3947 2
3948 2
3949 1
3950 2
3951 3
3952 1
3953 2
3954 1
3955 5
3956 1
3957 5
3958 1
3959 1
3960 3
3961 2
3962 1
3963 1
3964 2
3965 2
3966 2
3967 2
3968 1
3969 2
3970 1
3971 3
3972 1
3973 2
3974 1
3975 5
3976 2
3977 2
3978 3
3979 2
3980 2
3981 8
3982 2
3983 2
3984 3
3985 5
3986 3
3987 2
3988 3
3989 3
3990 1
3991 1
3992 1
3993 1
3994 2
3995 5
3996 3
3997 1
3998 2
3999 1
4000 2
4001 2
4002 3
4003 2
4004 1
4005 3
4006 3
4007 3
4008 1
4009 1
4010 9
4011 1
4012 3
4013 2
4014 5
4015 3
4016 3
4017 3
4018 1
4019 1
4020 6
4021 2
4022 2
4023 2
4024 2
4025 3
4026 2
4027 2
4028 2
4029 2
4030 3
4031 1
4032 1
4033 2
4034 2
4035 3
4036 2
4037 2
4038 2
4039 1
4040 2
4041 3
4042 5
4043 2
4044 2
4045 3
4046 5
4047 2
4048 1
4049 6
4050 1
4051 2
4052 1
4053 2
4054 1
4055 2
4056 1
4057 1
4058 1
4059 2
4060 2
4061 1
4062 2
4063 2
4064 6
4065 2
4066 2
4067 1
4068 3
4069 2
4070 6
4071 2
4072 2
4073 2
4074 1
4075 2
4076 2
4077 2
4078 2
4079 3
4080 2
4081 2
4082 1
4083 2
4084 3
4085 1
4086 1
4087 1
4088 2
4089 1
4090 3
4091 2
4092 2
4093 3
4094 2
4095 2
4096 2
4097 2
4098 2
4099 2
4100 2
4101 2
4102 2
4103 2
4104 2
4105 2
4106 2
4107 2
4108 2
4109 1
4110 3
4111 2
4112 2
4113 2
4114 1
4115 2
4116 2
4117 1
4118 2
4119 6
4120 2
4121 2
4122 2
4123 2
4124 2
4125 2
4126 2
4127 2
4128 2
4129 2
4130 2
4131 1
4132 2
4133 2
4134 2
4135 1
4136 2
4137 2
4138 2
4139 2
4140 5
4141 2
4142 6
4143 2
4144 2
4145 2
4146 2
4147 1
4148 2
4149 2
4150 2
4151 6
4152 2
4153 3
4154 2
4155 2
4156 2
4157 1
4158 2
4159 2
4160 2
4161 2
4162 2
4163 2
4164 2
4165 2
4166 2
4167 2
4168 2
4169 2
4170 2
4171 2
4172 2
4173 2
4174 3
4175 2
4176 2
4177 2
4178 5
4179 2
4180 2
4181 2
4182 3
4183 2
4184 2
4185 2
4186 2
4187 2
4188 2
4189 2
4190 3
4191 1
4192 2
4193 2
4194 9
4195 1
4196 0
4197 2
4198 2
4199 2
4200 2
4201 2
4202 2
4203 2
4204 2
4205 2
4206 2
4207 2
4208 2
4209 3
4210 2
4211 2
4212 2
4213 2
4214 3
4215 2
4216 2
4217 2
4218 2
4219 2
4220 1
4221 2
4222 1
4223 3
4224 0
4225 2
4226 1
4227 2
4228 2
4229 2
4230 2
4231 3
4232 1
4233 1
4234 1
4235 1
4236 1
4237 1
4238 5
4239 5
4240 1
4241 1
4242 1
4243 1
4244 1
4245 1
4246 1
4247 1
4248 1
4249 1
4250 1
4251 1
4252 5
4253 3
4254 1
4255 2
4256 1
4257 0
4258 1
4259 3
4260 3
4261 1
4262 3
4263 1
4264 1
4265 1
4266 1
4267 1
4268 1
4269 1
4270 3
4271 1
4272 1
4273 2
4274 3
4275 2
4276 1
4277 1
4278 5
4279 2
4280 3
4281 1
4282 1
4283 1
4284 3
4285 1
4286 1
4287 1
4288 1
4289 3
4290 1
4291 2
4292 2
4293 1
4294 1
4295 1
4296 1
4297 2
4298 2
4299 5
4300 2
4301 5
4302 5
4303 5
4304 0
4305 3
4306 3
4307 2
4308 1
4309 0
4310 1
4311 1
4312 1
4313 3
4314 0
4315 5
4316 1
4317 1
4318 1
4319 3
4320 1
4321 2
4322 3
4323 1
4324 1
4325 2
4326 5
4327 5
4328 5
4329 5
4330 2
4331 5
4332 5
4333 2
4334 5
4335 5
4336 5
4337 5
4338 1
4339 5
4340 5
4341 3
4342 1
4343 1
4344 1
4345 2
4346 1
4347 1
4348 1
4349 1
4350 1
4351 1
4352 1
4353 2
4354 1
4355 1
4356 3
4357 1
4358 1
4359 1
4360 1
4361 1
4362 1
4363 1
4364 1
4365 1
4366 1
4367 1
4368 1
4369 1
4370 1
4371 1
4372 1
4373 6
4374 1
4375 1
4376 1
4377 1
4378 1
4379 1
4380 1
4381 1
4382 1
4383 1
4384 0
4385 1
4386 1
4387 1
4388 1
4389 1
4390 2
4391 1
4392 5
4393 1
4394 5
4395 5
4396 5
4397 5
4398 3
4399 0
4400 5
4401 5
4402 5
4403 3
4404 1
4405 2
4406 1
4407 5
4408 2
4409 1
4410 1
4411 1
4412 1
4413 1
4414 3
4415 2
4416 1
4417 2
4418 1
4419 1
4420 5
4421 2
4422 1
4423 1
4424 1
4425 3
4426 2
4427 2
4428 1
4429 3
4430 1
4431 1
4432 1
4433 1
4434 1
4435 1
4436 1
4437 1
4438 1
4439 1
4440 1
4441 1
4442 1
4443 1
4444 1
4445 1
4446 1
4447 1
4448 3
4449 1
4450 1
4451 2
4452 1
4453 2
4454 3
4455 1
4456 2
4457 1
4458 1
4459 5
4460 2
4461 2
4462 3
4463 3
4464 1
4465 2
4466 2
4467 3
4468 2
4469 2
4470 2
4471 2
4472 1
4473 2
4474 2
4475 3
4476 1
4477 2
4478 2
4479 2
4480 2
4481 2
4482 1
4483 1
4484 5
4485 1
4486 2
4487 2
4488 1
4489 2
4490 1
4491 2
4492 2
4493 1
4494 1
4495 3
4496 2
4497 2
4498 2
4499 1
4500 2
4501 2
4502 2
4503 3
4504 2
4505 1
4506 2
4507 3
4508 1
4509 2
4510 2
4511 3
4512 2
4513 3
4514 3
4515 3
4516 2
4517 2
4518 2
4519 0
4520 1
4521 2
4522 1
4523 3
4524 1
4525 2
4526 2
4527 2
4528 2
4529 2
4530 2
4531 2
4532 2
4533 2
4534 2
4535 2
4536 2
4537 5
4538 2
4539 2
4540 2
4541 2
4542 2
4543 2
4544 6
4545 5
4546 2
4547 5
4548 3
4549 5
4550 1
4551 2
4552 2
4553 5
4554 1
4555 5
4556 5
4557 3
4558 5
4559 5
4560 5
4561 2
4562 2
4563 1
4564 1
4565 2
4566 1
4567 2
4568 1
4569 5
4570 1
4571 1
4572 3
4573 1
4574 3
4575 2
4576 6
4577 2
4578 2
4579 3
4580 2
4581 2
4582 2
4583 2
4584 3
4585 2
4586 1
4587 1
4588 2
4589 2
4590 3
4591 2
4592 1
4593 3
4594 2
4595 2
4596 2
4597 2
4598 2
4599 3
4600 2
4601 3
4602 2
4603 1
4604 3
4605 1
4606 3
4607 3
4608 2
4609 2
4610 2
4611 2
4612 2
4613 2
4614 2
4615 2
4616 3
4617 2
4618 2
4619 2
4620 2
4621 2
4622 2
4623 1
4624 2
4625 2
4626 1
4627 2
4628 3
4629 2
4630 2
4631 2
4632 2
4633 2
4634 2
4635 2
4636 2
4637 2
4638 2
4639 2
4640 1
4641 2
4642 1
4643 2
4644 1
4645 2
4646 2
4647 2
4648 2
4649 2
4650 2
4651 2
4652 2
4653 2
4654 2
4655 2
4656 2
4657 2
4658 2
4659 2
4660 2
4661 2
4662 3
4663 2
4664 1
4665 2
4666 1
4667 2
4668 2
4669 2
4670 2
4671 2
4672 2
4673 2
4674 2
4675 2
4676 2
4677 2
4678 2
4679 2
4680 2
4681 2
4682 2
4683 2
4684 2
4685 1
4686 1
4687 2
4688 2
4689 2
4690 1
4691 2
4692 2
4693 5
4694 3
4695 3
4696 2
4697 3
4698 6
4699 3
4700 2
4701 2
4702 2
4703 1
4704 2
4705 3
4706 3
4707 3
4708 1
4709 1
4710 1
4711 1
4712 1
4713 1
4714 1
4715 3
4716 2
4717 5
4718 2
4719 2
4720 2
4721 1
4722 1
4723 2
4724 5
4725 2
4726 5
4727 1
4728 2
4729 3
4730 1
4731 5
4732 2
4733 1
4734 2
4735 1
4736 3
4737 6
4738 1
4739 2
4740 2
4741 2
4742 3
4743 6
4744 1
4745 2
4746 1
4747 2
4748 1
4749 2
4750 1
4751 6
4752 1
4753 1
4754 6
4755 5
4756 2
4757 1
4758 2
4759 5
4760 2
4761 1
4762 1
4763 1
4764 1
4765 1
4766 2
4767 2
4768 1
4769 1
4770 3
4771 2
4772 2
4773 2
4774 1
4775 3
4776 1
4777 1
4778 1
4779 2
4780 1
4781 1
4782 1
4783 1
4784 8
4785 2
4786 1
4787 1
4788 1
4789 2
4790 2
4791 1
4792 2
4793 1
4794 1
4795 1
4796 2
4797 2
4798 2
4799 2
4800 2
4801 1
4802 2
4803 2
4804 2
4805 1
4806 2
4807 1
4808 2
4809 1
4810 1
4811 2
4812 2
4813 2
4814 1
4815 1
4816 1
4817 1
4818 1
4819 3
4820 8
4821 1
4822 1
4823 2
4824 1
4825 2
4826 1
4827 1
4828 1
4829 1
4830 5
4831 5
4832 3
4833 2
4834 1
4835 2
4836 1
4837 1
4838 2
4839 1
4840 1
4841 1
4842 1
4843 2
4844 1
4845 1
4846 1
4847 1
4848 1
4849 2
4850 1
4851 1
4852 1
4853 1
4854 2
4855 2
4856 1
4857 2
4858 1
4859 1
4860 2
4861 1
4862 1
4863 1
4864 1
4865 1
4866 3
4867 1
4868 1
4869 1
4870 1
4871 1
4872 2
4873 1
4874 1
4875 1
4876 5
4877 1
4878 1
4879 1
4880 5
4881 2
4882 2
4883 2
4884 2
4885 2
4886 2
4887 2
4888 2
4889 1
4890 1
4891 1
4892 1
4893 2
4894 2
4895 5
4896 0
4897 2
4898 1
4899 1
4900 2
4901 2
4902 1
4903 2
4904 1
4905 1
4906 1
4907 2
4908 2
4909 1
4910 1
4911 1
4912 1
4913 1
4914 1
4915 2
4916 1
4917 2
4918 2
4919 3
4920 3
4921 1
4922 2
4923 2
4924 1
4925 1
4926 1
4927 1
4928 2
4929 2
4930 6
4931 1
4932 1
4933 3
4934 1
4935 1
4936 1
4937 1
4938 1
4939 3
4940 6
4941 1
4942 2
4943 2
4944 2
4945 1
4946 5
4947 6
4948 6
4949 1
4950 2
4951 1
4952 1
4953 1
4954 1
4955 1
4956 1
4957 6
4958 1
4959 2
4960 2
4961 1
4962 1
4963 2
4964 1
4965 2
4966 3
4967 2
4968 3
4969 2
4970 2
4971 3
4972 1
4973 3
4974 2
4975 2
4976 3
4977 2
4978 2
4979 1
4980 1
4981 1
4982 5
4983 1
4984 1
4985 1
4986 2
4987 2
4988 2
4989 2
4990 2
4991 2
4992 2
4993 1
4994 3
4995 2
4996 1
4997 2
4998 2
4999 1
5000 2
5001 2
5002 2
5003 3
5004 1
5005 1
5006 2
5007 5
5008 2
5009 5
5010 0
5011 0
5012 0
5013 1
5014 1
5015 2
5016 1
5017 1
5018 0
5019 1
5020 1
5021 1
5022 1
5023 2
5024 3
5025 3
5026 2
5027 1
5028 2
5029 1
5030 1
5031 2
5032 2
5033 2
5034 2
5035 3
5036 2
5037 3
5038 5
5039 2
5040 1
5041 1
5042 2
5043 3
5044 1
5045 2
5046 1
5047 2
5048 2
5049 2
5050 3
5051 3
5052 3
5053 1
5054 1
5055 2
5056 1
5057 2
5058 3
5059 2
5060 1
5061 2
5062 2
5063 1
5064 3
5065 2
5066 2
5067 2
5068 2
5069 2
5070 2
5071 2
5072 1
5073 1
5074 2
5075 2
5076 1
5077 2
5078 2
5079 3
5080 6
5081 2
5082 3
5083 2
5084 3
5085 1
5086 5
5087 2
5088 2
5089 2
5090 3
5091 2
5092 2
5093 2
5094 1
5095 3
5096 2
5097 2
5098 1
5099 3
5100 1
5101 2
5102 2
5103 6
5104 2
5105 2
5106 2
5107 1
5108 1
5109 2
5110 2
5111 2
5112 2
5113 2
5114 2
5115 3
5116 1
5117 2
5118 2
5119 2
5120 2
5121 2
5122 3
5123 2
5124 2
5125 2
5126 2
5127 5
5128 2
5129 3
5130 2
5131 2
5132 3
5133 2
5134 1
5135 2
5136 2
5137 2
5138 5
5139 2
5140 1
5141 1
5142 1
5143 2
5144 2
5145 1
5146 2
5147 2
5148 2
5149 1
5150 2
5151 2
5152 1
5153 1
5154 1
5155 2
5156 2
5157 1
5158 1
5159 2
5160 1
5161 1
5162 2
5163 3
5164 1
5165 1
5166 2
5167 1
5168 3
5169 3
5170 3
5171 1
5172 1
5173 2
5174 3
5175 1
5176 1
5177 2
5178 1
5179 1
5180 5
5181 3
5182 2
5183 1
5184 2
5185 1
5186 2
5187 1
5188 2
5189 1
5190 3
5191 3
5192 1
5193 2
5194 1
5195 3
5196 2
5197 3
5198 1
5199 5
5200 1
5201 2
5202 2
5203 2
5204 5
5205 2
5206 2
5207 5
5208 2
5209 2
5210 1
5211 2
5212 1
5213 1
5214 1
5215 3
5216 2
5217 1
5218 1
5219 1
5220 3
5221 5
5222 2
5223 1
5224 2
5225 0
5226 2
5227 3
5228 1
5229 3
5230 1
5231 2
5232 2
5233 3
5234 1
5235 2
5236 6
5237 1
5238 2
5239 1
5240 1
5241 1
5242 6
5243 1
5244 2
5245 3
5246 2
5247 1
5248 0
5249 3
5250 1
5251 3
5252 1
5253 2
5254 1
5255 2
5256 2
5257 1
5258 1
5259 5
5260 2
5261 1
5262 1
5263 1
5264 2
5265 3
5266 3
5267 3
5268 1
5269 1
5270 2
5271 1
5272 1
5273 1
5274 6
5275 6
5276 1
5277 1
5278 2
5279 1
5280 1
5281 1
5282 3
5283 1
5284 1
5285 1
5286 1
5287 1
5288 1
5289 1
5290 1
5291 1
5292 3
5293 3
5294 3
5295 1
5296 2
5297 1
5298 1
5299 3
5300 2
5301 5
5302 2
5303 1
5304 1
5305 1
5306 1
5307 2
5308 1
5309 1
5310 2
5311 1
5312 2
5313 5
5314 2
5315 2
5316 1
5317 1
5318 3
5319 3
5320 1
5321 1
5322 1
5323 3
5324 1
5325 3
5326 3
5327 2
5328 5
5329 1
5330 2
5331 1
5332 3
5333 1
5334 2
5335 2
5336 1
5337 1
5338 3
5339 1
5340 5
5341 2
5342 2
5343 1
5344 1
5345 1
5346 1
5347 3
5348 1
5349 1
5350 5
5351 1
5352 5
5353 1
5354 1
5355 1
5356 1
5357 1
5358 3
5359 2
5360 1
5361 2
5362 2
5363 3
5364 1
5365 1
5366 2
5367 2
5368 2
5369 1
5370 1
5371 3
5372 3
5373 1
5374 3
5375 5
5376 3
5377 1
5378 6
5379 1
5380 1
5381 1
5382 5
5383 1
5384 2
5385 1
5386 1
5387 6
5388 1
5389 2
5390 2
5391 2
5392 3
5393 6
5394 3
5395 1
5396 1
5397 2
5398 1
5399 2
5400 2
5401 2
5402 2
5403 2
5404 1
5405 2
5406 1
5407 2
5408 2
5409 1
5410 2
5411 2
5412 2
5413 2
5414 2
5415 2
5416 3
5417 1
5418 3
5419 2
5420 1
5421 2
5422 1
5423 1
5424 1
5425 1
5426 1
5427 1
5428 1
5429 3
5430 6
5431 1
5432 1
5433 1
5434 1
5435 1
5436 2
5437 1
5438 1
5439 6
5440 1
5441 1
5442 2
5443 1
5444 1
5445 1
5446 1
5447 1
5448 1
5449 1
5450 1
5451 1
5452 2
5453 1
5454 2
5455 3
5456 2
5457 1
5458 2
5459 1
5460 2
5461 2
5462 2
5463 2
5464 1
5465 2
5466 2
5467 2
5468 2
5469 2
5470 1
5471 2
5472 1
5473 3
5474 2
5475 2
5476 5
5477 2
5478 3
5479 1
5480 2
5481 2
5482 2
5483 1
5484 2
5485 3
5486 3
5487 2
5488 2
5489 2
5490 1
5491 2
5492 2
5493 1
5494 2
5495 1
5496 2
5497 2
5498 2
5499 1
5500 2
5501 1
5502 2
5503 3
5504 2
5505 2
5506 2
5507 3
5508 3
5509 3
5510 5
5511 2
5512 1
5513 2
5514 1
5515 2
5516 2
5517 2
5518 2
5519 2
5520 2
5521 2
5522 2
5523 2
5524 2
5525 2
5526 2
5527 3
5528 3
5529 2
5530 2
5531 2
5532 1
5533 1
5534 2
5535 2
5536 2
5537 1
5538 1
5539 2
5540 2
5541 1
5542 1
5543 2
5544 9
5545 1
5546 2
5547 2
5548 2
5549 2
5550 1
5551 2
5552 2
5553 1
5554 2
5555 2
5556 1
5557 1
5558 6
5559 2
5560 2
5561 2
5562 3
5563 2
5564 5
5565 2
5566 2
5567 3
5568 2
5569 3
5570 3
5571 5
5572 3
5573 2
5574 1
5575 2
5576 3
5577 1
5578 2
5579 2
5580 2
5581 5
5582 2
5583 3
5584 2
5585 2
5586 1
5587 2
5588 3
5589 3
5590 1
5591 2
5592 1
5593 2
5594 1
5595 2
5596 1
5597 2
5598 1
5599 2
5600 2
5601 2
5602 3
5603 2
5604 3
5605 2
5606 2
5607 1
5608 2
5609 2
5610 2
5611 2
5612 1
5613 3
5614 2
5615 1
5616 1
5617 5
5618 1
5619 2
5620 2
5621 2
5622 2
5623 2
5624 1
5625 2
5626 2
5627 6
5628 1
5629 2
5630 2
5631 2
5632 2
5633 2
5634 2
5635 2
5636 1
5637 2
5638 2
5639 6
5640 1
5641 1
5642 5
5643 2
5644 2
5645 1
5646 1
5647 2
5648 2
5649 2
5650 2
5651 3
5652 2
5653 1
5654 3
5655 3
5656 1
5657 2
5658 2
5659 2
5660 2
5661 2
5662 2
5663 2
5664 2
5665 2
5666 2
5667 1
5668 1
5669 2
5670 2
5671 1
5672 2
5673 2
5674 1
5675 3
5676 2
5677 2
5678 2
5679 2
5680 3
5681 3
5682 2
5683 1
5684 1
5685 2
5686 2
5687 1
5688 2
5689 1
5690 2
5691 3
5692 1
5693 2
5694 2
5695 2
5696 2
5697 1
5698 2
5699 2
5700 2
5701 1
5702 2
5703 1
5704 2
5705 1
5706 3
5707 2
5708 2
5709 1
5710 1
5711 2
5712 2
5713 2
5714 2
5715 2
5716 2
5717 3
5718 5
5719 3
5720 2
5721 2
5722 2
5723 2
5724 2
5725 2
5726 2
5727 2
5728 6
5729 2
5730 3
5731 2
5732 2
5733 2
5734 2
5735 2
5736 3
5737 2
5738 3
5739 2
5740 2
5741 2
5742 3
5743 1
5744 1
5745 1
5746 1
5747 3
5748 1
5749 2
5750 2
5751 2
5752 3
5753 2
5754 2
5755 2
5756 2
5757 2
5758 2
5759 1
5760 2
5761 1
5762 2
5763 2
5764 2
5765 2
5766 2
5767 2
5768 1
5769 2
5770 2
5771 2
5772 2
5773 1
5774 2
5775 2
5776 2
5777 1
5778 2
5779 3
5780 1
5781 1
5782 3
5783 2
5784 3
5785 1
5786 2
5787 2
5788 3
5789 3
5790 3
5791 1
5792 1
5793 2
5794 2
5795 2
5796 2
5797 2
5798 2
5799 3
5800 3
5801 2
5802 1
5803 3
5804 2
5805 1
5806 9
5807 6
5808 2
5809 3
5810 2
5811 2
5812 2
5813 2
5814 2
5815 2
5816 2
5817 2
5818 2
5819 1
5820 2
5821 2
5822 1
5823 3
5824 2
5825 11
5826 1
5827 2
5828 2
5829 3
5830 1
5831 2
5832 2
5833 1
5834 3
5835 2
5836 3
5837 2
5838 0
5839 1
5840 2
5841 1
5842 1
5843 1
5844 1
5845 1
5846 2
5847 3
5848 1
5849 3
5850 1
5851 1
5852 2
5853 1
5854 2
5855 1
5856 1
5857 1
5858 1
5859 1
5860 1
5861 1
5862 1
5863 1
5864 1
5865 1
5866 1
5867 1
5868 1
5869 1
5870 1
5871 1
5872 1
5873 1
5874 1
5875 1
5876 2
5877 3
5878 2
5879 1
5880 1
5881 1
5882 1
5883 1
5884 2
5885 1
5886 6
5887 1
5888 1
5889 1
5890 1
5891 1
5892 3
5893 1
5894 3
5895 1
5896 1
5897 1
5898 2
5899 1
5900 1
5901 3
5902 1
5903 6
5904 1
5905 1
5906 2
5907 2
5908 2
5909 1
5910 2
5911 1
5912 1
5913 1
5914 1
5915 1
5916 1
5917 1
5918 6
5919 1
5920 2
5921 2
5922 1
5923 1
5924 1
5925 1
5926 2
5927 2
5928 1
5929 1
5930 0
5931 1
5932 1
5933 1
5934 1
5935 5
5936 1
5937 2
5938 1
5939 2
5940 3
5941 3
5942 2
5943 1
5944 5
5945 2
5946 1
5947 3
5948 2
5949 2
5950 3
5951 1
5952 6
5953 3
5954 3
5955 2
5956 2
5957 1
5958 1
5959 3
5960 6
5961 3
5962 1
5963 1
5964 5
5965 2
5966 3
5967 1
5968 1
5969 1
5970 1
5971 1
5972 1
5973 1
5974 1
5975 2
5976 2
5977 1
5978 1
5979 1
5980 1
5981 1
5982 1
5983 2
5984 2
5985 1
5986 1
5987 1
5988 1
5989 1
5990 1
5991 1
5992 2
5993 1
5994 1
5995 1
5996 1
5997 1
5998 1
5999 1
6000 1
6001 1
6002 1
6003 2
6004 1
6005 2
6006 1
6007 2
6008 2
6009 2
6010 1
6011 1
6012 1
6013 1
6014 1
6015 2
6016 2
6017 1
6018 2
6019 1
6020 2
6021 2
6022 2
6023 2
6024 2
6025 2
6026 2
6027 1
6028 2
6029 1
6030 2
6031 3
6032 5
6033 5
6034 2
6035 2
6036 1
6037 1
6038 5
6039 5
6040 5
6041 3
6042 1
6043 2
6044 2
6045 6
6046 1
6047 2
6048 2
6049 2
6050 2
6051 2
6052 1
6053 2
6054 2
6055 3
6056 2
6057 2
6058 2
6059 3
6060 3
6061 1
6062 1
6063 0
6064 2
6065 1
6066 2
6067 2
6068 1
6069 1
6070 1
6071 3
6072 2
6073 2
6074 2
6075 2
6076 2
6077 3
6078 2
6079 3
6080 2
6081 2
6082 2
6083 3
6084 3
6085 3
6086 1
6087 2
6088 2
6089 1
6090 2
6091 3
6092 2
6093 2
6094 3
6095 1
6096 3
6097 6
6098 1
6099 1
6100 1
6101 1
6102 1
6103 1
6104 1
6105 1
6106 1
6107 1
6108 1
6109 1
6110 1
6111 1
6112 1
6113 1
6114 1
6115 0
6116 1
6117 1
6118 1
6119 1
6120 1
6121 1
6122 1
6123 2
6124 6
6125 2
6126 2
6127 2
6128 2
6129 2
6130 1
6131 1
6132 1
6133 2
6134 2
6135 2
6136 1
6137 2
6138 2
6139 1
6140 2
6141 2
6142 1
6143 2
6144 3
6145 2
6146 2
6147 2
6148 2
6149 1
6150 1
6151 2
6152 2
6153 3
6154 1
6155 1
6156 0
6157 1
6158 2
6159 1
6160 1
6161 1
6162 1
6163 1
6164 3
6165 2
6166 3
6167 3
6168 3
6169 3
6170 3
6171 1
6172 10
6173 10
6174 10
6175 2
6176 2
6177 2
6178 2
6179 6
6180 2
6181 0
6182 1
6183 1
6184 1
6185 1
6186 1
6187 1
6188 2
6189 1
6190 1
6191 1
6192 1
6193 2
6194 1
6195 1
6196 1
6197 1
6198 3
6199 1
6200 2
6201 1
6202 2
6203 3
6204 3
6205 3
6206 3
6207 13
6208 2
6209 1
6210 2
6211 3
6212 2
6213 1
6214 6
6215 1
6216 3
6217 1
6218 1
6219 2
6220 2
6221 9
6222 2
6223 3
6224 1
6225 6
6226 2
6227 2
6228 2
6229 2
6230 2
6231 2
6232 2
6233 2
6234 1
6235 2
6236 1
6237 3
6238 2
6239 6
6240 2
6241 2
6242 1
6243 2
6244 5
6245 2
6246 2
6247 3
6248 2
6249 2
6250 2
6251 2
6252 1
6253 2
6254 2
6255 2
6256 2
6257 2
6258 2
6259 0
6260 1
6261 2
6262 1
6263 1
6264 1
6265 2
6266 2
6267 6
6268 2
6269 3
6270 2
6271 1
6272 2
6273 6
6274 2
6275 2
6276 2
6277 1
6278 2
6279 2
6280 3
6281 2
6282 3
6283 2
6284 2
6285 2
6286 6
6287 2
6288 3
6289 3
6290 2
6291 2
6292 3
6293 3
6294 2
6295 1
6296 2
6297 3
6298 0
6299 1
6300 2
6301 3
6302 1
6303 2
6304 2
6305 2
6306 1
6307 2
6308 2
6309 2
6310 2
6311 1
6312 2
6313 2
6314 2
6315 2
6316 2
6317 2
6318 3
6319 2
6320 2
6321 2
6322 2
6323 2
6324 2
6325 1
6326 2
6327 2
6328 2
6329 2
6330 3
6331 1
6332 2
6333 2
6334 2
6335 2
6336 2
6337 1
6338 3
6339 2
6340 2
6341 2
6342 2
6343 1
6344 2
6345 2
6346 2
6347 2
6348 2
6349 2
6350 2
6351 2
6352 0
6353 2
6354 3
6355 2
6356 2
6357 2
6358 1
6359 2
6360 2
6361 2
6362 2
6363 2
6364 2
6365 2
6366 1
6367 2
6368 2
6369 2
6370 2
6371 1
6372 1
6373 11
6374 3
6375 1
6376 1
6377 2
6378 2
6379 2
6380 2
6381 3
6382 3
6383 2
6384 2
6385 1
6386 1
6387 1
6388 3
6389 5
6390 3
6391 5
6392 2
6393 2
6394 6
6395 2
6396 1
6397 1
6398 1
6399 1
6400 1
6401 2
6402 1
6403 3
6404 3
6405 1
6406 2
6407 2
6408 2
6409 1
6410 2
6411 2
6412 2
6413 1
6414 2
6415 2
6416 2
6417 3
6418 1
6419 1
6420 3
6421 3
6422 1
6423 1
6424 1
6425 3
6426 2
6427 1
6428 1
6429 1
6430 1
6431 3
6432 1
6433 2
6434 2
6435 2
6436 1
6437 1
6438 1
6439 2
6440 1
6441 1
6442 3
6443 1
6444 1
6445 1
6446 1
6447 6
6448 1
6449 3
6450 1
6451 1
6452 3
6453 1
6454 2
6455 2
6456 1
6457 1
6458 0
6459 0
6460 0
6461 1
6462 3
6463 1
6464 3
6465 1
6466 1
6467 1
6468 1
6469 1
6470 1
6471 1
6472 1
6473 3
6474 1
6475 2
6476 1
6477 1
6478 1
6479 1
6480 1
6481 2
6482 1
6483 6
6484 1
6485 1
6486 1
6487 1
6488 1
6489 1
6490 1
6491 1
6492 1
6493 1
6494 1
6495 1
6496 1
6497 1
6498 5
6499 2
6500 1
6501 1
6502 3
6503 2
6504 2
6505 2
6506 3
6507 2
6508 1
6509 2
6510 2
6511 3
6512 1
6513 1
6514 3
6515 2
6516 2
6517 1
6518 5
6519 2
6520 1
6521 2
6522 2
6523 2
6524 2
6525 2
6526 1
6527 2
6528 2
6529 1
6530 2
6531 2
6532 2
6533 2
6534 3
6535 2
6536 9
6537 6
6538 1
6539 1
6540 1
6541 1
6542 1
6543 3
6544 1
6545 1
6546 1
6547 1
6548 1
6549 1
6550 3
6551 1
6552 1
6553 3
6554 2
6555 3
6556 2
6557 12
6558 12
6559 1
6560 1
6561 3
6562 3
6563 1
6564 1
6565 3
6566 3
6567 3
6568 3
6569 1
6570 1
6571 1
6572 1
6573 1
6574 1
6575 1
6576 3
6577 2
6578 2
6579 1
6580 1
6581 3
6582 2
6583 1
6584 2
6585 2
6586 2
6587 1
6588 2
6589 2
6590 2
6591 2
6592 3
6593 2
6594 1
6595 2
6596 3
6597 2
6598 1
6599 2
6600 2
6601 6
6602 2
6603 3
6604 1
6605 1
6606 1
6607 1
6608 3
6609 1
6610 3
6611 1
6612 1
6613 2
6614 2
6615 1
6616 1
6617 1
6618 1
6619 2
6620 1
6621 1
6622 3
6623 1
6624 6
6625 2
6626 1
6627 1
6628 3
6629 3
6630 2
6631 1
6632 1
6633 1
6634 2
6635 1
6636 1
6637 1
6638 2
6639 1
6640 2
6641 2
6642 1
6643 2
6644 2
6645 2
6646 1
6647 2
6648 2
6649 2
6650 2
6651 3
6652 2
6653 1
6654 1
6655 2
6656 2
6657 2
6658 2
6659 2
6660 2
6661 2
6662 2
6663 2
6664 2
6665 1
6666 1
6667 1
6668 2
6669 2
6670 2
6671 6
6672 2
6673 6
6674 6
6675 1
6676 2
6677 1
6678 5
6679 3
6680 1
6681 1
6682 2
6683 1
6684 1
6685 3
6686 1
6687 5
6688 1
6689 2
6690 2
6691 2
6692 2
6693 1
6694 1
6695 3
6696 3
6697 6
6698 3
6699 6
6700 5
6701 3
6702 3
6703 3
6704 2
6705 6
6706 6
6707 3
6708 1
6709 3
6710 2
6711 1
6712 2
6713 3
6714 6
6715 2
6716 1
6717 1
6718 2
6719 2
6720 0
6721 6
6722 3
6723 1
6724 1
6725 3
6726 3
6727 3
6728 3
6729 3
6730 3
6731 3
6732 1
6733 1
6734 1
6735 1
6736 1
6737 1
6738 1
6739 1
6740 1
6741 1
6742 6
6743 2
6744 3
6745 3
6746 0
6747 9
6748 9
6749 9
6750 9
6751 9
6752 9
6753 9
6754 9
6755 9
6756 3
6757 9
6758 9
6759 3
6760 3
6761 0
6762 2
6763 2
6764 2
6765 2
6766 2
6767 2
6768 2
6769 2
6770 2
6771 2
6772 2
6773 5
6774 13
6775 13
6776 3
6777 1
6778 1
6779 1
6780 0
6781 0
6782 0
6783 3
6784 5
6785 2
6786 0
6787 1
6788 2
6789 1
6790 1
6791 1
6792 1
6793 1
6794 1
6795 1
6796 6
6797 6
6798 6
6799 3
6800 1
6801 1
6802 2
6803 2
6804 2
6805 2
6806 1
6807 2
6808 2
6809 0
6810 3
6811 2
6812 2
6813 2
6814 2
6815 1
6816 1
6817 1
6818 1
6819 1
6820 2
6821 3
6822 0
6823 2
6824 1
6825 1
6826 1
6827 1
6828 1
6829 1
6830 1
6831 1
6832 1
6833 5
6834 2
6835 6
6836 5
6837 2
6838 1
6839 1
6840 1
6841 1
6842 1
6843 6
6844 1
6845 1
6846 1
6847 1
6848 1
6849 2
6850 2
6851 1
6852 1
6853 1
6854 6
6855 6
6856 6
6857 6
6858 6
6859 6
6860 6
6861 6
6862 6
6863 6
6864 6
6865 6
6866 6
6867 6
6868 6
6869 6
6870 6
6871 6
6872 6
6873 6
6874 6
6875 1
6876 6
6877 6
6878 6
6879 6
6880 6
6881 6
6882 6
6883 6
6884 6
6885 6
6886 6
6887 6
6888 6
6889 6
6890 6
6891 6
6892 6
6893 6
6894 6
6895 6
6896 6
6897 6
6898 6
6899 6
6900 6
6901 6
6902 6
6903 6
6904 6
6905 3
6906 6
6907 6
6908 6
6909 6
6910 6
6911 6
6912 6
6913 6
6914 6
6915 6
6916 6
6917 6
6918 6
6919 6
6920 6
6921 6
6922 6
6923 6
6924 2
6925 6
6926 3
6927 2
6928 1
6929 2
6930 2
6931 2
6932 2
6933 1
6934 1
6935 1
6936 1
6937 1
6938 1
6939 3
6940 3
6941 3
6942 3
6943 3
6944 11
6945 1
6946 1
6947 3
6948 0
6949 0
6950 0
6951 2
6952 2
6953 1
6954 1
6955 1
6956 1
6957 1
6958 1
6959 2
6960 1
6961 1
6962 3
6963 1
6964 3
6965 1
6966 3
6967 3
6968 3
6969 3
6970 3
6971 3
6972 3
6973 3
6974 3
6975 3
6976 3
6977 3
6978 3
6979 3
6980 2
6981 3
6982 3
6983 3
6984 2
6985 1
6986 2
6987 1
6988 2
6989 2
6990 1
6991 1
6992 1
6993 1
6994 1
6995 1
6996 1
6997 2
6998 3
6999 1
7000 2
7001 1
7002 1
7003 1
7004 1
7005 2
7006 2
7007 1
7008 1
7009 3
7010 3
7011 5
7012 3
7013 3
7014 1
7015 1
7016 1
7017 1
7018 2
7019 1
7020 1
7021 2
7022 1
7023 1
7024 1
7025 2
7026 2
7027 2
7028 3
7029 3
7030 3
7031 2
7032 2
7033 2
7034 1
7035 1
7036 1
7037 1
7038 1
7039 1
7040 1
7041 1
7042 1
7043 14
7044 14
7045 2
7046 2
7047 2
7048 2
7049 2
7050 1
7051 1
7052 1
7053 1
7054 1
7055 1
7056 1
7057 1
7058 1
7059 1
7060 2
7061 0
7062 0
7063 3
7064 3
7065 2
7066 2
7067 2
7068 2
7069 2
7070 1
7071 3
7072 1
7073 3
7074 0
7075 5
7076 1
7077 2
7078 3
7079 2
7080 1
7081 1
7082 2
7083 2
7084 2
7085 2
7086 2
7087 2
7088 1
7089 2
7090 1
7091 1
7092 2
7093 1
7094 1
7095 3
7096 1
7097 1
7098 2
7099 2
7100 2
7101 2
7102 2
7103 2
7104 2
7105 2
7106 2
7107 2
7108 2
7109 2
7110 2
7111 2
7112 2
7113 2
7114 2
7115 2
7116 6
7117 5
7118 1
7119 1
7120 2
7121 2
7122 2
7123 2
7124 1
7125 5
7126 1
7127 1
7128 1
7129 1
7130 1
7131 1
7132 1
7133 1
7134 1
7135 5
7136 5
7137 5
7138 5
7139 5
7140 5
7141 1
7142 1
7143 1
7144 3
7145 1
7146 2
7147 0
7148 3
7149 1
7150 1
7151 1
7152 1
7153 1
7154 1
7155 1
7156 1
7157 0
7158 3
7159 2
7160 2
7161 2
7162 2
7163 2
7164 1
7165 2
7166 5
7167 0
7168 0
7169 0
7170 2
7171 1
7172 3
7173 2
7174 1
7175 1
7176 1
7177 1
7178 5
7179 5
7180 1
7181 1
7182 2
7183 1
7184 1
7185 1
7186 1
7187 3
7188 3
7189 3
7190 2
7191 3
7192 3
7193 3
7194 3
7195 3
network of communities computed : Thu Jan  7 08:41:34 2010

network : 15 nodes, 105 links, 60937776 weight.
pass number 1 of -1 : 0.120778 0.120286
pass number 2 of -1 : 0.120778 0.120778
communities computed : Thu Jan  7 08:41:34 2010
modularity increased from 0.120286 to 0.120778
0 0
1 0
2 5
3 3
4 0
5 2
6 1
7 0
8 2
9 3
10 4
11 5
12 6
13 0
14 0
network of communities computed : Thu Jan  7 08:41:34 2010

network : 7 nodes, 33 links, 60937776 weight.
pass number 1 of -1 : 0.120778 0.120778
communities computed : Thu Jan  7 08:41:34 2010
modularity increased from 0.120778 to 0.120778
0 0
1 1
2 2
3 3
4 4
5 5
6 6
network of communities computed : Thu Jan  7 08:41:34 2010
1e-06 0.120778 77
