Sender: LSF System <lsfadmin@bc14-n02>
Subject: Job 429328: <comm_pct23> Done

Job <comm_pct23> was submitted from host <bc10-n13> by user <jabloche> in cluster <lucky>.
Job was executed on host(s) <bc14-n02>, in queue <week>, as user <jabloche> in cluster <lucky>.
</afs/isis.unc.edu/home/j/a/jabloche> was used as the home directory.
</netscr/jabloche/FirmNetworks/cLouvain> was used as the working directory.
Started at Thu Jan  7 08:40:32 2010
Results reported at Thu Jan  7 08:47:45 2010

Your job looked like:

------------------------------------------------------------
# LSBATCH: User input
/netscr/jabloche/FirmNetworks/cLouvain/community /smallfs/jabloche/fn_edge/el_pct23.bin -l -1 -w
------------------------------------------------------------

Successfully completed.

Resource usage summary:

    CPU time   :    326.35 sec.
    Max Memory :       292 MB
    Max Swap   :       441 MB

    Max Processes  :         4
    Max Threads    :         4

The output (if any) follows:

Your home directory for this job is /netscr/jabloche
start : Thu Jan  7 08:40:33 2010
total : 18748866
file read : Thu Jan  7 08:42:19 2010
network : 8592 nodes, 18748866 links, 318337544 weight.
pass number 1 of -1 : 0.0925674 -0.000223961
pass number 2 of -1 : 0.0989303 0.0925674
pass number 3 of -1 : 0.0990364 0.0989303
pass number 4 of -1 : 0.0990484 0.0990364
pass number 5 of -1 : 0.0990486 0.0990484
communities computed : Thu Jan  7 08:47:43 2010
modularity increased from -0.000223961 to 0.0990486
0 1
1 1
2 0
3 2
4 1
5 1
6 1
7 1
8 1
9 1
10 0
11 1
12 1
13 1
14 1
15 1
16 1
17 1
18 1
19 1
20 1
21 1
22 1
23 1
24 1
25 1
26 1
27 1
28 1
29 1
30 2
31 1
32 1
33 1
34 1
35 1
36 1
37 1
38 1
39 1
40 1
41 1
42 1
43 1
44 2
45 1
46 1
47 1
48 1
49 1
50 1
51 1
52 2
53 1
54 2
55 1
56 2
57 1
58 1
59 1
60 1
61 1
62 1
63 1
64 1
65 1
66 1
67 1
68 2
69 1
70 1
71 1
72 1
73 1
74 1
75 1
76 1
77 2
78 1
79 2
80 1
81 1
82 1
83 1
84 1
85 1
86 1
87 1
88 1
89 1
90 1
91 1
92 1
93 1
94 1
95 1
96 1
97 2
98 2
99 1
100 1
101 2
102 1
103 1
104 1
105 1
106 1
107 1
108 1
109 1
110 1
111 1
112 2
113 1
114 1
115 1
116 1
117 1
118 1
119 1
120 1
121 1
122 1
123 1
124 1
125 1
126 2
127 1
128 1
129 1
130 2
131 1
132 1
133 1
134 2
135 1
136 1
137 2
138 1
139 1
140 2
141 2
142 1
143 1
144 0
145 0
146 1
147 2
148 1
149 1
150 0
151 2
152 2
153 1
154 0
155 1
156 2
157 1
158 2
159 2
160 1
161 2
162 1
163 1
164 0
165 1
166 1
167 1
168 0
169 2
170 2
171 1
172 0
173 1
174 2
175 1
176 1
177 1
178 1
179 1
180 2
181 0
182 1
183 2
184 0
185 2
186 2
187 2
188 0
189 2
190 1
191 2
192 0
193 1
194 2
195 0
196 1
197 2
198 0
199 0
200 1
201 2
202 2
203 1
204 1
205 0
206 0
207 1
208 1
209 2
210 2
211 2
212 1
213 2
214 0
215 2
216 0
217 1
218 1
219 0
220 1
221 1
222 1
223 0
224 1
225 1
226 2
227 1
228 2
229 2
230 2
231 2
232 0
233 1
234 1
235 2
236 1
237 1
238 0
239 1
240 2
241 1
242 0
243 1
244 2
245 1
246 0
247 1
248 1
249 0
250 1
251 0
252 1
253 0
254 1
255 1
256 0
257 2
258 1
259 1
260 2
261 2
262 1
263 1
264 0
265 1
266 2
267 1
268 2
269 1
270 2
271 0
272 2
273 1
274 2
275 0
276 2
277 2
278 2
279 1
280 1
281 1
282 2
283 1
284 1
285 1
286 1
287 1
288 1
289 1
290 2
291 1
292 1
293 1
294 1
295 1
296 1
297 1
298 1
299 1
300 1
301 0
302 0
303 1
304 1
305 1
306 1
307 1
308 1
309 1
310 1
311 1
312 1
313 1
314 2
315 2
316 1
317 1
318 1
319 1
320 1
321 1
322 0
323 1
324 1
325 1
326 1
327 0
328 2
329 1
330 2
331 1
332 1
333 1
334 1
335 1
336 1
337 1
338 1
339 1
340 0
341 1
342 0
343 1
344 1
345 1
346 1
347 1
348 2
349 1
350 1
351 2
352 1
353 1
354 1
355 1
356 1
357 1
358 1
359 0
360 1
361 1
362 1
363 0
364 1
365 1
366 1
367 1
368 1
369 0
370 1
371 0
372 1
373 0
374 2
375 1
376 1
377 0
378 1
379 1
380 1
381 1
382 1
383 2
384 1
385 1
386 1
387 1
388 1
389 2
390 0
391 1
392 1
393 1
394 1
395 1
396 1
397 1
398 2
399 1
400 1
401 2
402 1
403 1
404 1
405 1
406 1
407 1
408 2
409 1
410 1
411 2
412 0
413 1
414 0
415 1
416 1
417 1
418 1
419 2
420 1
421 1
422 1
423 1
424 1
425 1
426 2
427 1
428 1
429 2
430 2
431 1
432 2
433 1
434 1
435 1
436 0
437 1
438 1
439 1
440 0
441 0
442 0
443 0
444 0
445 0
446 0
447 0
448 0
449 1
450 0
451 0
452 1
453 0
454 0
455 0
456 0
457 0
458 0
459 0
460 0
461 1
462 0
463 0
464 0
465 0
466 0
467 0
468 0
469 0
470 0
471 0
472 2
473 1
474 2
475 1
476 0
477 0
478 0
479 0
480 0
481 0
482 1
483 1
484 0
485 0
486 1
487 0
488 0
489 0
490 0
491 0
492 0
493 1
494 0
495 0
496 0
497 0
498 0
499 0
500 1
501 0
502 0
503 1
504 0
505 0
506 0
507 0
508 0
509 0
510 1
511 0
512 0
513 0
514 0
515 0
516 0
517 0
518 0
519 0
520 0
521 0
522 0
523 0
524 0
525 0
526 0
527 0
528 0
529 0
530 0
531 0
532 1
533 0
534 0
535 2
536 0
537 1
538 0
539 0
540 0
541 0
542 0
543 0
544 0
545 0
546 1
547 0
548 0
549 1
550 0
551 0
552 0
553 0
554 0
555 0
556 0
557 0
558 0
559 0
560 0
561 0
562 0
563 0
564 0
565 0
566 0
567 0
568 0
569 0
570 0
571 0
572 0
573 0
574 0
575 1
576 0
577 0
578 0
579 0
580 0
581 0
582 1
583 1
584 1
585 1
586 1
587 1
588 1
589 1
590 1
591 1
592 1
593 1
594 1
595 1
596 1
597 1
598 1
599 1
600 1
601 1
602 1
603 1
604 1
605 1
606 0
607 1
608 1
609 1
610 1
611 1
612 1
613 1
614 1
615 0
616 1
617 1
618 1
619 1
620 0
621 1
622 0
623 1
624 1
625 0
626 1
627 1
628 1
629 1
630 1
631 1
632 1
633 1
634 1
635 2
636 0
637 1
638 1
639 1
640 1
641 1
642 1
643 1
644 1
645 2
646 1
647 1
648 0
649 1
650 1
651 1
652 1
653 1
654 1
655 1
656 2
657 1
658 1
659 1
660 1
661 1
662 1
663 1
664 1
665 1
666 2
667 1
668 1
669 1
670 1
671 1
672 1
673 1
674 1
675 1
676 1
677 1
678 1
679 1
680 2
681 1
682 1
683 1
684 1
685 0
686 1
687 1
688 1
689 1
690 1
691 1
692 1
693 1
694 1
695 1
696 1
697 1
698 0
699 1
700 1
701 1
702 2
703 0
704 1
705 1
706 1
707 1
708 1
709 1
710 1
711 1
712 1
713 1
714 1
715 0
716 1
717 1
718 1
719 1
720 1
721 1
722 1
723 1
724 1
725 1
726 1
727 1
728 1
729 1
730 1
731 1
732 1
733 1
734 1
735 1
736 1
737 1
738 1
739 1
740 1
741 1
742 1
743 2
744 1
745 1
746 1
747 1
748 1
749 2
750 1
751 2
752 1
753 1
754 1
755 1
756 1
757 1
758 1
759 1
760 1
761 1
762 1
763 1
764 2
765 1
766 1
767 1
768 1
769 1
770 1
771 1
772 1
773 1
774 1
775 1
776 1
777 1
778 1
779 1
780 1
781 1
782 1
783 1
784 1
785 1
786 1
787 1
788 1
789 1
790 1
791 1
792 1
793 1
794 1
795 1
796 1
797 1
798 1
799 1
800 2
801 2
802 2
803 2
804 2
805 2
806 2
807 2
808 2
809 2
810 2
811 2
812 2
813 2
814 2
815 2
816 2
817 2
818 2
819 2
820 2
821 2
822 2
823 1
824 1
825 1
826 1
827 1
828 1
829 0
830 1
831 1
832 0
833 1
834 1
835 1
836 1
837 1
838 1
839 1
840 1
841 2
842 1
843 1
844 1
845 1
846 1
847 1
848 1
849 1
850 1
851 1
852 1
853 1
854 1
855 1
856 1
857 1
858 1
859 2
860 1
861 1
862 1
863 2
864 1
865 1
866 1
867 1
868 1
869 1
870 1
871 1
872 1
873 1
874 1
875 1
876 1
877 1
878 1
879 1
880 1
881 1
882 1
883 1
884 1
885 1
886 1
887 1
888 1
889 1
890 1
891 1
892 1
893 1
894 1
895 1
896 1
897 1
898 1
899 1
900 1
901 1
902 1
903 2
904 1
905 1
906 0
907 1
908 1
909 1
910 1
911 1
912 1
913 1
914 1
915 1
916 1
917 1
918 1
919 1
920 2
921 1
922 1
923 1
924 1
925 1
926 1
927 1
928 1
929 1
930 1
931 2
932 1
933 1
934 1
935 1
936 1
937 1
938 1
939 1
940 1
941 1
942 1
943 1
944 1
945 1
946 1
947 1
948 1
949 1
950 1
951 1
952 1
953 1
954 1
955 1
956 1
957 1
958 1
959 1
960 2
961 2
962 2
963 2
964 1
965 1
966 1
967 1
968 1
969 1
970 1
971 1
972 1
973 1
974 1
975 1
976 2
977 2
978 2
979 2
980 2
981 1
982 1
983 1
984 1
985 1
986 1
987 1
988 1
989 1
990 1
991 1
992 1
993 1
994 1
995 1
996 1
997 1
998 1
999 1
1000 1
1001 1
1002 1
1003 1
1004 1
1005 1
1006 1
1007 1
1008 1
1009 2
1010 1
1011 1
1012 1
1013 1
1014 1
1015 1
1016 2
1017 1
1018 1
1019 1
1020 2
1021 2
1022 2
1023 1
1024 1
1025 1
1026 2
1027 0
1028 1
1029 2
1030 2
1031 1
1032 1
1033 1
1034 1
1035 1
1036 1
1037 1
1038 1
1039 2
1040 2
1041 1
1042 1
1043 1
1044 1
1045 1
1046 1
1047 1
1048 1
1049 1
1050 1
1051 1
1052 1
1053 1
1054 1
1055 1
1056 2
1057 1
1058 1
1059 1
1060 1
1061 1
1062 1
1063 2
1064 1
1065 1
1066 1
1067 1
1068 1
1069 1
1070 1
1071 1
1072 1
1073 1
1074 1
1075 1
1076 1
1077 1
1078 1
1079 1
1080 1
1081 1
1082 1
1083 1
1084 1
1085 2
1086 1
1087 0
1088 1
1089 2
1090 2
1091 1
1092 1
1093 1
1094 0
1095 2
1096 1
1097 2
1098 1
1099 2
1100 1
1101 1
1102 1
1103 1
1104 1
1105 0
1106 0
1107 2
1108 0
1109 1
1110 0
1111 0
1112 0
1113 0
1114 1
1115 1
1116 1
1117 2
1118 0
1119 0
1120 1
1121 1
1122 0
1123 1
1124 1
1125 1
1126 0
1127 0
1128 1
1129 1
1130 1
1131 1
1132 1
1133 1
1134 1
1135 1
1136 0
1137 1
1138 1
1139 1
1140 1
1141 1
1142 1
1143 0
1144 0
1145 1
1146 1
1147 1
1148 1
1149 0
1150 1
1151 0
1152 1
1153 1
1154 1
1155 0
1156 0
1157 1
1158 1
1159 0
1160 0
1161 0
1162 2
1163 0
1164 1
1165 0
1166 1
1167 0
1168 1
1169 1
1170 1
1171 1
1172 1
1173 0
1174 0
1175 1
1176 0
1177 0
1178 2
1179 0
1180 0
1181 0
1182 1
1183 1
1184 0
1185 1
1186 1
1187 1
1188 0
1189 0
1190 1
1191 1
1192 1
1193 1
1194 1
1195 1
1196 0
1197 0
1198 1
1199 1
1200 1
1201 1
1202 1
1203 1
1204 1
1205 1
1206 1
1207 2
1208 1
1209 1
1210 0
1211 1
1212 1
1213 1
1214 2
1215 1
1216 1
1217 1
1218 1
1219 2
1220 1
1221 1
1222 1
1223 0
1224 1
1225 0
1226 1
1227 1
1228 1
1229 0
1230 0
1231 1
1232 1
1233 1
1234 1
1235 0
1236 0
1237 1
1238 0
1239 1
1240 1
1241 0
1242 0
1243 0
1244 1
1245 1
1246 0
1247 1
1248 1
1249 1
1250 0
1251 0
1252 1
1253 2
1254 0
1255 1
1256 0
1257 0
1258 1
1259 0
1260 1
1261 0
1262 1
1263 1
1264 1
1265 0
1266 1
1267 0
1268 1
1269 1
1270 0
1271 1
1272 0
1273 0
1274 0
1275 2
1276 2
1277 0
1278 0
1279 1
1280 0
1281 1
1282 0
1283 0
1284 1
1285 1
1286 1
1287 1
1288 1
1289 1
1290 1
1291 1
1292 0
1293 0
1294 0
1295 0
1296 1
1297 0
1298 0
1299 1
1300 0
1301 0
1302 1
1303 1
1304 0
1305 1
1306 1
1307 0
1308 0
1309 1
1310 1
1311 1
1312 2
1313 2
1314 1
1315 0
1316 0
1317 1
1318 0
1319 1
1320 0
1321 1
1322 1
1323 0
1324 1
1325 1
1326 0
1327 1
1328 0
1329 1
1330 1
1331 1
1332 2
1333 1
1334 1
1335 1
1336 1
1337 1
1338 0
1339 1
1340 0
1341 0
1342 0
1343 1
1344 1
1345 0
1346 0
1347 1
1348 1
1349 1
1350 1
1351 1
1352 1
1353 1
1354 1
1355 2
1356 1
1357 1
1358 0
1359 0
1360 1
1361 1
1362 1
1363 0
1364 1
1365 1
1366 2
1367 1
1368 1
1369 0
1370 1
1371 1
1372 1
1373 1
1374 1
1375 1
1376 1
1377 1
1378 1
1379 1
1380 1
1381 1
1382 0
1383 2
1384 1
1385 2
1386 1
1387 0
1388 1
1389 0
1390 1
1391 1
1392 0
1393 1
1394 1
1395 0
1396 1
1397 1
1398 1
1399 1
1400 0
1401 0
1402 0
1403 1
1404 1
1405 1
1406 0
1407 0
1408 1
1409 1
1410 1
1411 1
1412 0
1413 1
1414 0
1415 1
1416 0
1417 0
1418 1
1419 1
1420 1
1421 0
1422 1
1423 0
1424 1
1425 1
1426 1
1427 0
1428 1
1429 1
1430 1
1431 1
1432 0
1433 0
1434 0
1435 0
1436 1
1437 0
1438 0
1439 2
1440 1
1441 1
1442 0
1443 0
1444 0
1445 1
1446 1
1447 0
1448 1
1449 0
1450 1
1451 1
1452 0
1453 1
1454 1
1455 1
1456 0
1457 0
1458 1
1459 0
1460 1
1461 1
1462 1
1463 0
1464 0
1465 1
1466 1
1467 1
1468 1
1469 0
1470 1
1471 0
1472 1
1473 0
1474 1
1475 1
1476 1
1477 1
1478 0
1479 1
1480 1
1481 1
1482 0
1483 1
1484 1
1485 1
1486 1
1487 1
1488 1
1489 0
1490 1
1491 0
1492 1
1493 1
1494 1
1495 0
1496 1
1497 1
1498 1
1499 1
1500 1
1501 1
1502 1
1503 0
1504 1
1505 1
1506 1
1507 0
1508 1
1509 1
1510 0
1511 1
1512 1
1513 1
1514 1
1515 0
1516 1
1517 1
1518 1
1519 2
1520 2
1521 0
1522 1
1523 0
1524 1
1525 1
1526 1
1527 0
1528 0
1529 1
1530 1
1531 1
1532 1
1533 0
1534 1
1535 1
1536 1
1537 2
1538 1
1539 1
1540 1
1541 2
1542 0
1543 1
1544 1
1545 0
1546 1
1547 1
1548 1
1549 1
1550 0
1551 1
1552 0
1553 1
1554 2
1555 1
1556 1
1557 0
1558 1
1559 1
1560 0
1561 0
1562 1
1563 0
1564 0
1565 1
1566 0
1567 0
1568 0
1569 1
1570 0
1571 0
1572 1
1573 0
1574 1
1575 1
1576 1
1577 1
1578 2
1579 0
1580 0
1581 1
1582 0
1583 0
1584 0
1585 1
1586 0
1587 1
1588 1
1589 1
1590 1
1591 0
1592 0
1593 0
1594 0
1595 0
1596 0
1597 0
1598 1
1599 1
1600 0
1601 1
1602 1
1603 0
1604 0
1605 1
1606 1
1607 0
1608 0
1609 1
1610 0
1611 0
1612 1
1613 1
1614 1
1615 0
1616 1
1617 1
1618 0
1619 1
1620 2
1621 1
1622 1
1623 1
1624 1
1625 1
1626 1
1627 1
1628 0
1629 0
1630 0
1631 2
1632 1
1633 1
1634 1
1635 1
1636 1
1637 1
1638 2
1639 0
1640 0
1641 1
1642 1
1643 1
1644 1
1645 1
1646 1
1647 0
1648 1
1649 0
1650 1
1651 0
1652 1
1653 1
1654 1
1655 1
1656 0
1657 0
1658 0
1659 0
1660 0
1661 0
1662 1
1663 0
1664 1
1665 1
1666 1
1667 0
1668 0
1669 1
1670 1
1671 1
1672 1
1673 0
1674 1
1675 1
1676 1
1677 1
1678 0
1679 1
1680 0
1681 0
1682 1
1683 1
1684 1
1685 0
1686 1
1687 0
1688 1
1689 0
1690 1
1691 1
1692 1
1693 1
1694 1
1695 0
1696 1
1697 0
1698 1
1699 1
1700 0
1701 0
1702 0
1703 1
1704 1
1705 1
1706 0
1707 1
1708 1
1709 1
1710 2
1711 1
1712 0
1713 0
1714 1
1715 1
1716 1
1717 0
1718 0
1719 0
1720 0
1721 2
1722 0
1723 1
1724 1
1725 0
1726 1
1727 1
1728 1
1729 0
1730 1
1731 1
1732 0
1733 0
1734 1
1735 0
1736 1
1737 0
1738 1
1739 0
1740 1
1741 0
1742 0
1743 0
1744 1
1745 0
1746 0
1747 0
1748 0
1749 1
1750 1
1751 1
1752 1
1753 0
1754 1
1755 1
1756 0
1757 0
1758 0
1759 0
1760 1
1761 1
1762 1
1763 1
1764 1
1765 2
1766 0
1767 1
1768 0
1769 0
1770 0
1771 2
1772 0
1773 0
1774 0
1775 1
1776 0
1777 1
1778 1
1779 1
1780 1
1781 1
1782 0
1783 1
1784 1
1785 0
1786 0
1787 1
1788 1
1789 2
1790 1
1791 1
1792 0
1793 1
1794 1
1795 2
1796 1
1797 0
1798 1
1799 2
1800 1
1801 0
1802 0
1803 0
1804 2
1805 0
1806 2
1807 1
1808 0
1809 1
1810 1
1811 0
1812 1
1813 1
1814 1
1815 0
1816 1
1817 1
1818 0
1819 1
1820 1
1821 2
1822 2
1823 0
1824 1
1825 1
1826 0
1827 0
1828 1
1829 0
1830 1
1831 0
1832 0
1833 0
1834 0
1835 2
1836 0
1837 1
1838 1
1839 1
1840 0
1841 0
1842 1
1843 1
1844 1
1845 0
1846 1
1847 1
1848 0
1849 0
1850 1
1851 1
1852 0
1853 0
1854 1
1855 1
1856 0
1857 0
1858 1
1859 0
1860 2
1861 1
1862 0
1863 1
1864 0
1865 0
1866 1
1867 0
1868 1
1869 1
1870 1
1871 0
1872 0
1873 0
1874 0
1875 0
1876 1
1877 0
1878 0
1879 1
1880 0
1881 1
1882 1
1883 2
1884 1
1885 2
1886 0
1887 0
1888 1
1889 1
1890 0
1891 2
1892 0
1893 1
1894 1
1895 0
1896 1
1897 0
1898 1
1899 1
1900 0
1901 0
1902 1
1903 0
1904 1
1905 1
1906 2
1907 0
1908 0
1909 1
1910 0
1911 0
1912 1
1913 1
1914 1
1915 0
1916 1
1917 0
1918 0
1919 0
1920 0
1921 1
1922 2
1923 1
1924 0
1925 0
1926 2
1927 0
1928 2
1929 1
1930 0
1931 0
1932 0
1933 1
1934 1
1935 0
1936 0
1937 1
1938 0
1939 0
1940 0
1941 0
1942 1
1943 0
1944 0
1945 0
1946 0
1947 0
1948 0
1949 0
1950 1
1951 1
1952 0
1953 1
1954 0
1955 1
1956 2
1957 2
1958 1
1959 1
1960 0
1961 1
1962 1
1963 1
1964 0
1965 1
1966 0
1967 1
1968 0
1969 0
1970 1
1971 0
1972 0
1973 0
1974 1
1975 0
1976 0
1977 0
1978 1
1979 1
1980 0
1981 2
1982 0
1983 1
1984 0
1985 1
1986 0
1987 0
1988 0
1989 1
1990 0
1991 0
1992 0
1993 2
1994 2
1995 0
1996 1
1997 0
1998 1
1999 0
2000 1
2001 2
2002 1
2003 0
2004 0
2005 1
2006 0
2007 0
2008 2
2009 0
2010 0
2011 1
2012 1
2013 1
2014 0
2015 1
2016 2
2017 1
2018 0
2019 1
2020 0
2021 1
2022 1
2023 1
2024 0
2025 0
2026 0
2027 0
2028 1
2029 1
2030 0
2031 1
2032 0
2033 0
2034 0
2035 1
2036 1
2037 1
2038 1
2039 0
2040 2
2041 0
2042 0
2043 2
2044 0
2045 1
2046 0
2047 1
2048 1
2049 0
2050 1
2051 1
2052 1
2053 1
2054 2
2055 2
2056 1
2057 1
2058 1
2059 1
2060 1
2061 2
2062 1
2063 1
2064 0
2065 1
2066 1
2067 2
2068 2
2069 1
2070 1
2071 2
2072 1
2073 1
2074 1
2075 0
2076 2
2077 1
2078 1
2079 2
2080 1
2081 0
2082 1
2083 1
2084 1
2085 1
2086 1
2087 1
2088 1
2089 0
2090 1
2091 1
2092 1
2093 1
2094 2
2095 0
2096 1
2097 1
2098 1
2099 2
2100 1
2101 1
2102 0
2103 2
2104 2
2105 2
2106 2
2107 2
2108 2
2109 2
2110 2
2111 2
2112 2
2113 2
2114 2
2115 2
2116 1
2117 1
2118 1
2119 0
2120 2
2121 1
2122 0
2123 0
2124 1
2125 2
2126 0
2127 0
2128 0
2129 0
2130 2
2131 1
2132 1
2133 1
2134 1
2135 1
2136 1
2137 1
2138 0
2139 1
2140 2
2141 0
2142 0
2143 0
2144 0
2145 0
2146 1
2147 0
2148 1
2149 0
2150 1
2151 2
2152 1
2153 1
2154 0
2155 0
2156 1
2157 1
2158 0
2159 0
2160 1
2161 1
2162 0
2163 0
2164 1
2165 1
2166 1
2167 0
2168 1
2169 2
2170 1
2171 2
2172 2
2173 2
2174 1
2175 1
2176 1
2177 1
2178 2
2179 2
2180 1
2181 1
2182 0
2183 0
2184 0
2185 0
2186 0
2187 0
2188 0
2189 0
2190 2
2191 2
2192 0
2193 2
2194 0
2195 0
2196 0
2197 0
2198 0
2199 1
2200 1
2201 1
2202 1
2203 1
2204 0
2205 0
2206 0
2207 0
2208 0
2209 0
2210 0
2211 0
2212 2
2213 0
2214 0
2215 1
2216 0
2217 0
2218 0
2219 0
2220 2
2221 0
2222 0
2223 2
2224 1
2225 0
2226 0
2227 0
2228 2
2229 0
2230 1
2231 0
2232 0
2233 1
2234 0
2235 0
2236 0
2237 0
2238 0
2239 0
2240 1
2241 0
2242 0
2243 0
2244 0
2245 0
2246 1
2247 0
2248 1
2249 0
2250 0
2251 0
2252 2
2253 0
2254 2
2255 0
2256 2
2257 0
2258 0
2259 0
2260 0
2261 0
2262 2
2263 0
2264 0
2265 1
2266 1
2267 0
2268 0
2269 0
2270 0
2271 0
2272 0
2273 0
2274 0
2275 1
2276 0
2277 0
2278 1
2279 0
2280 0
2281 0
2282 1
2283 0
2284 0
2285 1
2286 0
2287 0
2288 1
2289 1
2290 2
2291 0
2292 2
2293 0
2294 0
2295 0
2296 1
2297 1
2298 1
2299 1
2300 1
2301 1
2302 2
2303 1
2304 0
2305 0
2306 0
2307 0
2308 1
2309 1
2310 0
2311 1
2312 0
2313 1
2314 0
2315 2
2316 1
2317 1
2318 1
2319 1
2320 0
2321 0
2322 0
2323 0
2324 0
2325 1
2326 1
2327 0
2328 0
2329 1
2330 0
2331 1
2332 2
2333 1
2334 0
2335 0
2336 1
2337 1
2338 1
2339 2
2340 1
2341 1
2342 2
2343 0
2344 0
2345 1
2346 1
2347 0
2348 1
2349 0
2350 1
2351 0
2352 0
2353 0
2354 1
2355 0
2356 0
2357 0
2358 0
2359 1
2360 1
2361 1
2362 1
2363 1
2364 0
2365 0
2366 0
2367 1
2368 1
2369 0
2370 0
2371 0
2372 1
2373 1
2374 0
2375 0
2376 1
2377 0
2378 1
2379 0
2380 1
2381 1
2382 1
2383 1
2384 1
2385 1
2386 1
2387 1
2388 0
2389 1
2390 0
2391 1
2392 1
2393 0
2394 1
2395 0
2396 0
2397 1
2398 1
2399 1
2400 1
2401 1
2402 2
2403 1
2404 0
2405 1
2406 0
2407 0
2408 1
2409 0
2410 0
2411 0
2412 1
2413 0
2414 1
2415 1
2416 1
2417 1
2418 1
2419 0
2420 0
2421 1
2422 1
2423 0
2424 0
2425 1
2426 1
2427 1
2428 0
2429 1
2430 0
2431 1
2432 1
2433 2
2434 0
2435 0
2436 0
2437 0
2438 1
2439 2
2440 1
2441 1
2442 0
2443 0
2444 1
2445 1
2446 2
2447 0
2448 1
2449 1
2450 0
2451 1
2452 0
2453 0
2454 1
2455 0
2456 1
2457 1
2458 1
2459 2
2460 0
2461 1
2462 1
2463 0
2464 1
2465 2
2466 0
2467 0
2468 0
2469 1
2470 1
2471 0
2472 0
2473 1
2474 1
2475 1
2476 1
2477 1
2478 1
2479 0
2480 1
2481 1
2482 0
2483 1
2484 0
2485 0
2486 1
2487 0
2488 1
2489 1
2490 1
2491 0
2492 0
2493 1
2494 2
2495 2
2496 1
2497 0
2498 1
2499 1
2500 1
2501 1
2502 0
2503 2
2504 0
2505 0
2506 1
2507 0
2508 0
2509 1
2510 0
2511 0
2512 1
2513 1
2514 1
2515 1
2516 1
2517 0
2518 1
2519 1
2520 0
2521 0
2522 1
2523 1
2524 0
2525 1
2526 0
2527 1
2528 0
2529 0
2530 1
2531 1
2532 1
2533 0
2534 1
2535 2
2536 1
2537 1
2538 1
2539 1
2540 1
2541 0
2542 0
2543 1
2544 1
2545 0
2546 0
2547 0
2548 1
2549 0
2550 1
2551 1
2552 1
2553 1
2554 0
2555 0
2556 1
2557 0
2558 0
2559 0
2560 1
2561 1
2562 1
2563 0
2564 0
2565 0
2566 1
2567 1
2568 1
2569 0
2570 0
2571 1
2572 1
2573 1
2574 0
2575 1
2576 0
2577 0
2578 1
2579 0
2580 0
2581 2
2582 1
2583 0
2584 1
2585 0
2586 1
2587 1
2588 1
2589 0
2590 1
2591 0
2592 0
2593 1
2594 1
2595 1
2596 1
2597 0
2598 1
2599 0
2600 0
2601 0
2602 1
2603 1
2604 1
2605 1
2606 1
2607 0
2608 2
2609 0
2610 0
2611 0
2612 2
2613 1
2614 1
2615 0
2616 2
2617 2
2618 1
2619 1
2620 0
2621 2
2622 0
2623 0
2624 0
2625 1
2626 1
2627 0
2628 1
2629 1
2630 1
2631 0
2632 1
2633 1
2634 1
2635 2
2636 0
2637 1
2638 0
2639 2
2640 1
2641 1
2642 1
2643 0
2644 1
2645 0
2646 1
2647 1
2648 1
2649 1
2650 1
2651 0
2652 1
2653 1
2654 0
2655 0
2656 1
2657 0
2658 0
2659 0
2660 1
2661 1
2662 0
2663 1
2664 1
2665 1
2666 1
2667 0
2668 0
2669 0
2670 0
2671 0
2672 0
2673 0
2674 1
2675 1
2676 1
2677 1
2678 0
2679 2
2680 0
2681 1
2682 1
2683 1
2684 1
2685 2
2686 0
2687 1
2688 1
2689 0
2690 0
2691 1
2692 1
2693 0
2694 0
2695 1
2696 0
2697 0
2698 0
2699 1
2700 0
2701 1
2702 1
2703 0
2704 1
2705 1
2706 1
2707 1
2708 0
2709 1
2710 1
2711 0
2712 1
2713 0
2714 0
2715 0
2716 1
2717 0
2718 0
2719 0
2720 1
2721 0
2722 0
2723 1
2724 1
2725 1
2726 1
2727 1
2728 0
2729 1
2730 1
2731 0
2732 2
2733 1
2734 2
2735 1
2736 1
2737 2
2738 1
2739 2
2740 0
2741 0
2742 0
2743 0
2744 1
2745 1
2746 1
2747 1
2748 1
2749 0
2750 0
2751 2
2752 1
2753 1
2754 1
2755 2
2756 2
2757 1
2758 2
2759 2
2760 2
2761 2
2762 2
2763 1
2764 2
2765 2
2766 2
2767 2
2768 1
2769 1
2770 2
2771 1
2772 0
2773 1
2774 2
2775 1
2776 1
2777 1
2778 1
2779 2
2780 2
2781 2
2782 1
2783 1
2784 1
2785 2
2786 1
2787 1
2788 2
2789 1
2790 1
2791 1
2792 2
2793 1
2794 1
2795 1
2796 1
2797 1
2798 0
2799 1
2800 2
2801 1
2802 0
2803 2
2804 2
2805 2
2806 0
2807 1
2808 1
2809 1
2810 1
2811 1
2812 0
2813 1
2814 1
2815 1
2816 1
2817 2
2818 1
2819 1
2820 2
2821 1
2822 0
2823 1
2824 1
2825 1
2826 1
2827 0
2828 0
2829 2
2830 1
2831 1
2832 1
2833 1
2834 1
2835 1
2836 1
2837 1
2838 1
2839 1
2840 1
2841 0
2842 0
2843 1
2844 1
2845 1
2846 0
2847 1
2848 0
2849 0
2850 2
2851 1
2852 1
2853 2
2854 2
2855 2
2856 0
2857 2
2858 2
2859 0
2860 1
2861 0
2862 0
2863 1
2864 1
2865 2
2866 1
2867 2
2868 2
2869 2
2870 1
2871 1
2872 1
2873 0
2874 1
2875 2
2876 1
2877 2
2878 2
2879 1
2880 2
2881 2
2882 2
2883 2
2884 2
2885 1
2886 1
2887 1
2888 1
2889 1
2890 1
2891 0
2892 1
2893 1
2894 0
2895 0
2896 1
2897 1
2898 0
2899 1
2900 2
2901 1
2902 2
2903 1
2904 2
2905 2
2906 2
2907 2
2908 1
2909 1
2910 2
2911 1
2912 2
2913 1
2914 1
2915 2
2916 2
2917 2
2918 2
2919 2
2920 2
2921 2
2922 2
2923 2
2924 2
2925 2
2926 2
2927 2
2928 2
2929 2
2930 0
2931 0
2932 2
2933 2
2934 0
2935 2
2936 2
2937 0
2938 2
2939 2
2940 0
2941 2
2942 2
2943 0
2944 2
2945 1
2946 1
2947 1
2948 2
2949 2
2950 2
2951 2
2952 2
2953 2
2954 0
2955 1
2956 0
2957 1
2958 1
2959 0
2960 0
2961 1
2962 2
2963 0
2964 1
2965 2
2966 0
2967 1
2968 0
2969 0
2970 0
2971 1
2972 1
2973 0
2974 2
2975 2
2976 0
2977 1
2978 1
2979 2
2980 2
2981 2
2982 1
2983 1
2984 2
2985 1
2986 0
2987 1
2988 1
2989 0
2990 1
2991 1
2992 0
2993 1
2994 2
2995 2
2996 1
2997 2
2998 0
2999 0
3000 0
3001 1
3002 2
3003 2
3004 2
3005 2
3006 1
3007 2
3008 2
3009 1
3010 0
3011 1
3012 1
3013 1
3014 1
3015 1
3016 2
3017 0
3018 2
3019 0
3020 1
3021 0
3022 1
3023 0
3024 1
3025 1
3026 1
3027 0
3028 0
3029 0
3030 0
3031 1
3032 1
3033 1
3034 2
3035 1
3036 1
3037 0
3038 0
3039 2
3040 1
3041 0
3042 1
3043 0
3044 0
3045 0
3046 1
3047 1
3048 2
3049 0
3050 1
3051 1
3052 0
3053 1
3054 2
3055 0
3056 0
3057 1
3058 1
3059 0
3060 1
3061 2
3062 1
3063 1
3064 0
3065 2
3066 1
3067 1
3068 2
3069 0
3070 0
3071 0
3072 1
3073 0
3074 1
3075 2
3076 1
3077 1
3078 2
3079 1
3080 1
3081 2
3082 1
3083 0
3084 1
3085 1
3086 2
3087 0
3088 1
3089 1
3090 1
3091 1
3092 2
3093 2
3094 2
3095 2
3096 2
3097 2
3098 2
3099 2
3100 2
3101 2
3102 2
3103 2
3104 2
3105 2
3106 2
3107 2
3108 2
3109 2
3110 2
3111 2
3112 2
3113 1
3114 2
3115 2
3116 2
3117 2
3118 2
3119 2
3120 2
3121 2
3122 2
3123 2
3124 2
3125 2
3126 2
3127 2
3128 2
3129 2
3130 2
3131 0
3132 0
3133 1
3134 1
3135 0
3136 0
3137 0
3138 0
3139 1
3140 2
3141 0
3142 0
3143 1
3144 0
3145 0
3146 0
3147 2
3148 1
3149 1
3150 1
3151 1
3152 0
3153 0
3154 0
3155 1
3156 1
3157 1
3158 2
3159 0
3160 0
3161 2
3162 2
3163 2
3164 2
3165 1
3166 0
3167 0
3168 1
3169 0
3170 0
3171 1
3172 2
3173 1
3174 0
3175 0
3176 1
3177 0
3178 1
3179 1
3180 0
3181 0
3182 0
3183 0
3184 0
3185 0
3186 1
3187 0
3188 2
3189 1
3190 1
3191 2
3192 2
3193 0
3194 1
3195 2
3196 0
3197 2
3198 1
3199 0
3200 0
3201 1
3202 1
3203 2
3204 1
3205 1
3206 2
3207 1
3208 1
3209 1
3210 1
3211 1
3212 0
3213 0
3214 1
3215 2
3216 1
3217 1
3218 1
3219 0
3220 1
3221 2
3222 2
3223 2
3224 0
3225 0
3226 0
3227 0
3228 1
3229 1
3230 1
3231 2
3232 2
3233 2
3234 2
3235 2
3236 2
3237 2
3238 2
3239 2
3240 2
3241 0
3242 2
3243 1
3244 1
3245 0
3246 0
3247 0
3248 1
3249 1
3250 0
3251 2
3252 1
3253 1
3254 1
3255 1
3256 0
3257 1
3258 0
3259 0
3260 0
3261 0
3262 0
3263 1
3264 1
3265 1
3266 0
3267 0
3268 0
3269 2
3270 1
3271 2
3272 0
3273 0
3274 0
3275 2
3276 2
3277 2
3278 2
3279 2
3280 2
3281 2
3282 0
3283 0
3284 1
3285 2
3286 0
3287 0
3288 0
3289 1
3290 2
3291 2
3292 2
3293 2
3294 2
3295 2
3296 1
3297 1
3298 2
3299 2
3300 2
3301 0
3302 1
3303 1
3304 1
3305 0
3306 2
3307 2
3308 0
3309 2
3310 1
3311 1
3312 0
3313 2
3314 1
3315 1
3316 1
3317 0
3318 0
3319 0
3320 0
3321 0
3322 0
3323 2
3324 2
3325 2
3326 2
3327 0
3328 2
3329 1
3330 2
3331 0
3332 0
3333 1
3334 1
3335 2
3336 2
3337 1
3338 1
3339 2
3340 2
3341 2
3342 2
3343 2
3344 2
3345 2
3346 2
3347 2
3348 2
3349 2
3350 2
3351 2
3352 2
3353 1
3354 0
3355 0
3356 1
3357 0
3358 2
3359 0
3360 1
3361 0
3362 1
3363 0
3364 2
3365 1
3366 1
3367 2
3368 1
3369 0
3370 2
3371 2
3372 2
3373 1
3374 0
3375 0
3376 1
3377 0
3378 0
3379 2
3380 0
3381 0
3382 0
3383 0
3384 2
3385 2
3386 2
3387 2
3388 2
3389 1
3390 0
3391 1
3392 0
3393 0
3394 0
3395 2
3396 1
3397 0
3398 0
3399 1
3400 2
3401 0
3402 2
3403 1
3404 2
3405 1
3406 0
3407 1
3408 0
3409 0
3410 1
3411 0
3412 2
3413 0
3414 0
3415 0
3416 0
3417 2
3418 2
3419 2
3420 2
3421 2
3422 2
3423 2
3424 0
3425 1
3426 2
3427 2
3428 0
3429 1
3430 0
3431 1
3432 2
3433 1
3434 2
3435 0
3436 0
3437 2
3438 2
3439 0
3440 1
3441 0
3442 1
3443 0
3444 1
3445 2
3446 2
3447 0
3448 2
3449 2
3450 2
3451 1
3452 0
3453 0
3454 0
3455 2
3456 1
3457 2
3458 0
3459 1
3460 1
3461 1
3462 0
3463 1
3464 1
3465 0
3466 0
3467 1
3468 1
3469 1
3470 2
3471 1
3472 2
3473 1
3474 0
3475 2
3476 1
3477 0
3478 1
3479 1
3480 0
3481 0
3482 2
3483 1
3484 0
3485 1
3486 1
3487 0
3488 0
3489 0
3490 0
3491 2
3492 1
3493 2
3494 1
3495 0
3496 0
3497 2
3498 2
3499 2
3500 2
3501 2
3502 2
3503 2
3504 1
3505 0
3506 1
3507 1
3508 0
3509 1
3510 1
3511 1
3512 0
3513 0
3514 1
3515 0
3516 0
3517 0
3518 0
3519 0
3520 1
3521 2
3522 0
3523 2
3524 1
3525 0
3526 1
3527 0
3528 0
3529 2
3530 0
3531 0
3532 1
3533 1
3534 2
3535 0
3536 0
3537 2
3538 0
3539 0
3540 0
3541 2
3542 2
3543 0
3544 0
3545 1
3546 2
3547 0
3548 0
3549 0
3550 0
3551 1
3552 0
3553 0
3554 1
3555 2
3556 1
3557 0
3558 2
3559 0
3560 0
3561 0
3562 0
3563 0
3564 0
3565 0
3566 0
3567 0
3568 1
3569 1
3570 2
3571 1
3572 2
3573 2
3574 2
3575 2
3576 2
3577 2
3578 2
3579 2
3580 2
3581 2
3582 2
3583 2
3584 2
3585 2
3586 2
3587 2
3588 2
3589 2
3590 2
3591 2
3592 2
3593 2
3594 2
3595 2
3596 2
3597 2
3598 2
3599 2
3600 2
3601 2
3602 2
3603 2
3604 2
3605 2
3606 2
3607 2
3608 2
3609 2
3610 2
3611 2
3612 2
3613 2
3614 2
3615 2
3616 2
3617 2
3618 2
3619 2
3620 2
3621 2
3622 2
3623 2
3624 2
3625 2
3626 2
3627 2
3628 2
3629 2
3630 2
3631 2
3632 2
3633 2
3634 2
3635 2
3636 2
3637 0
3638 1
3639 0
3640 0
3641 1
3642 0
3643 1
3644 0
3645 0
3646 2
3647 0
3648 1
3649 1
3650 0
3651 1
3652 2
3653 0
3654 0
3655 0
3656 2
3657 0
3658 2
3659 1
3660 1
3661 2
3662 2
3663 0
3664 0
3665 0
3666 2
3667 0
3668 0
3669 0
3670 1
3671 0
3672 0
3673 0
3674 0
3675 0
3676 1
3677 0
3678 0
3679 2
3680 1
3681 0
3682 2
3683 0
3684 1
3685 2
3686 1
3687 0
3688 0
3689 2
3690 0
3691 0
3692 1
3693 0
3694 0
3695 0
3696 1
3697 1
3698 2
3699 2
3700 2
3701 0
3702 0
3703 0
3704 0
3705 1
3706 0
3707 2
3708 1
3709 2
3710 2
3711 2
3712 0
3713 1
3714 0
3715 1
3716 0
3717 2
3718 2
3719 2
3720 2
3721 2
3722 2
3723 2
3724 0
3725 2
3726 1
3727 1
3728 0
3729 0
3730 0
3731 0
3732 1
3733 1
3734 0
3735 1
3736 0
3737 1
3738 1
3739 2
3740 0
3741 1
3742 0
3743 1
3744 2
3745 0
3746 0
3747 2
3748 0
3749 0
3750 0
3751 0
3752 0
3753 1
3754 1
3755 1
3756 0
3757 2
3758 1
3759 1
3760 0
3761 2
3762 2
3763 2
3764 2
3765 2
3766 2
3767 2
3768 2
3769 2
3770 2
3771 1
3772 0
3773 0
3774 1
3775 1
3776 1
3777 1
3778 0
3779 0
3780 0
3781 1
3782 0
3783 0
3784 0
3785 1
3786 0
3787 1
3788 2
3789 0
3790 1
3791 0
3792 1
3793 0
3794 1
3795 0
3796 1
3797 1
3798 1
3799 0
3800 1
3801 0
3802 2
3803 2
3804 0
3805 2
3806 1
3807 2
3808 0
3809 0
3810 0
3811 2
3812 0
3813 2
3814 2
3815 2
3816 0
3817 0
3818 2
3819 1
3820 1
3821 1
3822 0
3823 0
3824 2
3825 2
3826 2
3827 2
3828 2
3829 2
3830 2
3831 2
3832 2
3833 2
3834 2
3835 2
3836 2
3837 0
3838 2
3839 2
3840 2
3841 2
3842 2
3843 2
3844 2
3845 2
3846 2
3847 2
3848 2
3849 2
3850 2
3851 2
3852 2
3853 2
3854 2
3855 2
3856 2
3857 2
3858 2
3859 2
3860 2
3861 2
3862 2
3863 2
3864 2
3865 2
3866 0
3867 0
3868 0
3869 2
3870 0
3871 2
3872 0
3873 2
3874 1
3875 1
3876 1
3877 0
3878 0
3879 1
3880 1
3881 1
3882 0
3883 0
3884 1
3885 0
3886 0
3887 1
3888 0
3889 1
3890 1
3891 0
3892 0
3893 0
3894 2
3895 0
3896 0
3897 1
3898 0
3899 1
3900 0
3901 0
3902 2
3903 0
3904 0
3905 0
3906 1
3907 0
3908 0
3909 0
3910 0
3911 2
3912 1
3913 0
3914 0
3915 0
3916 0
3917 0
3918 1
3919 2
3920 0
3921 2
3922 2
3923 2
3924 2
3925 2
3926 2
3927 0
3928 2
3929 2
3930 2
3931 2
3932 1
3933 0
3934 0
3935 1
3936 1
3937 2
3938 2
3939 2
3940 2
3941 2
3942 2
3943 2
3944 2
3945 2
3946 2
3947 2
3948 2
3949 2
3950 2
3951 2
3952 2
3953 2
3954 2
3955 2
3956 2
3957 2
3958 2
3959 2
3960 2
3961 2
3962 2
3963 2
3964 2
3965 2
3966 2
3967 2
3968 2
3969 2
3970 2
3971 2
3972 2
3973 2
3974 2
3975 2
3976 2
3977 2
3978 2
3979 2
3980 2
3981 2
3982 2
3983 2
3984 2
3985 2
3986 2
3987 2
3988 0
3989 1
3990 0
3991 0
3992 1
3993 1
3994 2
3995 2
3996 2
3997 2
3998 2
3999 2
4000 2
4001 2
4002 2
4003 2
4004 2
4005 2
4006 2
4007 2
4008 2
4009 2
4010 2
4011 2
4012 2
4013 0
4014 0
4015 0
4016 2
4017 1
4018 2
4019 2
4020 2
4021 2
4022 0
4023 0
4024 0
4025 0
4026 1
4027 0
4028 1
4029 2
4030 0
4031 1
4032 1
4033 1
4034 0
4035 1
4036 0
4037 1
4038 1
4039 1
4040 0
4041 0
4042 0
4043 1
4044 1
4045 0
4046 1
4047 0
4048 1
4049 0
4050 1
4051 1
4052 0
4053 0
4054 0
4055 0
4056 0
4057 0
4058 1
4059 0
4060 2
4061 2
4062 2
4063 2
4064 2
4065 2
4066 2
4067 1
4068 2
4069 2
4070 2
4071 2
4072 2
4073 0
4074 2
4075 2
4076 2
4077 2
4078 2
4079 2
4080 2
4081 2
4082 2
4083 2
4084 2
4085 2
4086 2
4087 2
4088 2
4089 2
4090 2
4091 2
4092 2
4093 2
4094 1
4095 1
4096 2
4097 0
4098 0
4099 0
4100 1
4101 1
4102 1
4103 0
4104 2
4105 0
4106 1
4107 0
4108 2
4109 1
4110 0
4111 0
4112 1
4113 1
4114 0
4115 1
4116 0
4117 1
4118 0
4119 1
4120 1
4121 1
4122 0
4123 0
4124 0
4125 1
4126 2
4127 0
4128 1
4129 1
4130 0
4131 2
4132 1
4133 0
4134 1
4135 2
4136 0
4137 0
4138 1
4139 0
4140 0
4141 2
4142 0
4143 0
4144 1
4145 1
4146 0
4147 0
4148 0
4149 0
4150 1
4151 2
4152 0
4153 2
4154 2
4155 0
4156 1
4157 0
4158 0
4159 0
4160 0
4161 2
4162 2
4163 1
4164 1
4165 1
4166 0
4167 0
4168 1
4169 0
4170 0
4171 0
4172 0
4173 2
4174 2
4175 2
4176 1
4177 1
4178 2
4179 0
4180 1
4181 0
4182 1
4183 1
4184 0
4185 1
4186 1
4187 1
4188 1
4189 1
4190 2
4191 2
4192 0
4193 0
4194 1
4195 1
4196 1
4197 0
4198 1
4199 1
4200 1
4201 0
4202 1
4203 1
4204 1
4205 1
4206 0
4207 2
4208 1
4209 1
4210 0
4211 1
4212 0
4213 1
4214 1
4215 0
4216 2
4217 1
4218 0
4219 2
4220 0
4221 1
4222 0
4223 1
4224 1
4225 1
4226 0
4227 1
4228 2
4229 2
4230 1
4231 0
4232 0
4233 1
4234 2
4235 0
4236 0
4237 0
4238 0
4239 2
4240 0
4241 1
4242 0
4243 1
4244 0
4245 0
4246 0
4247 0
4248 0
4249 1
4250 1
4251 0
4252 2
4253 2
4254 2
4255 2
4256 2
4257 2
4258 2
4259 2
4260 2
4261 2
4262 2
4263 2
4264 2
4265 2
4266 2
4267 2
4268 0
4269 1
4270 2
4271 2
4272 2
4273 2
4274 2
4275 2
4276 1
4277 2
4278 0
4279 0
4280 1
4281 1
4282 1
4283 1
4284 1
4285 0
4286 1
4287 1
4288 0
4289 1
4290 0
4291 1
4292 2
4293 1
4294 0
4295 0
4296 0
4297 0
4298 0
4299 0
4300 1
4301 2
4302 2
4303 2
4304 2
4305 2
4306 2
4307 2
4308 2
4309 2
4310 2
4311 2
4312 2
4313 2
4314 2
4315 2
4316 0
4317 0
4318 1
4319 0
4320 2
4321 0
4322 1
4323 1
4324 2
4325 2
4326 2
4327 2
4328 2
4329 2
4330 2
4331 2
4332 2
4333 1
4334 0
4335 0
4336 0
4337 0
4338 2
4339 2
4340 0
4341 1
4342 2
4343 1
4344 2
4345 2
4346 1
4347 2
4348 2
4349 1
4350 2
4351 0
4352 1
4353 1
4354 1
4355 1
4356 1
4357 0
4358 1
4359 1
4360 1
4361 1
4362 2
4363 2
4364 1
4365 2
4366 1
4367 1
4368 1
4369 1
4370 1
4371 2
4372 2
4373 0
4374 0
4375 2
4376 0
4377 0
4378 0
4379 0
4380 2
4381 0
4382 0
4383 2
4384 2
4385 1
4386 2
4387 2
4388 0
4389 2
4390 0
4391 0
4392 2
4393 2
4394 1
4395 1
4396 0
4397 0
4398 0
4399 0
4400 2
4401 0
4402 1
4403 1
4404 0
4405 1
4406 2
4407 0
4408 1
4409 2
4410 0
4411 0
4412 2
4413 0
4414 0
4415 0
4416 1
4417 0
4418 1
4419 0
4420 1
4421 1
4422 2
4423 1
4424 2
4425 2
4426 1
4427 0
4428 1
4429 0
4430 0
4431 0
4432 0
4433 1
4434 0
4435 1
4436 0
4437 1
4438 0
4439 0
4440 2
4441 0
4442 1
4443 1
4444 1
4445 1
4446 2
4447 1
4448 1
4449 2
4450 0
4451 1
4452 1
4453 1
4454 1
4455 1
4456 1
4457 1
4458 0
4459 1
4460 0
4461 1
4462 0
4463 2
4464 0
4465 2
4466 2
4467 1
4468 1
4469 1
4470 1
4471 3
4472 2
4473 1
4474 2
4475 0
4476 2
4477 2
4478 0
4479 0
4480 0
4481 0
4482 0
4483 0
4484 0
4485 2
4486 2
4487 0
4488 0
4489 1
4490 2
4491 0
4492 0
4493 0
4494 1
4495 1
4496 1
4497 1
4498 2
4499 0
4500 1
4501 1
4502 2
4503 2
4504 1
4505 1
4506 1
4507 1
4508 0
4509 0
4510 0
4511 0
4512 0
4513 0
4514 0
4515 1
4516 0
4517 2
4518 1
4519 0
4520 0
4521 0
4522 2
4523 0
4524 0
4525 2
4526 0
4527 1
4528 1
4529 2
4530 1
4531 1
4532 0
4533 0
4534 1
4535 1
4536 1
4537 0
4538 2
4539 1
4540 0
4541 0
4542 2
4543 0
4544 1
4545 0
4546 0
4547 1
4548 0
4549 0
4550 2
4551 0
4552 0
4553 0
4554 0
4555 0
4556 2
4557 2
4558 0
4559 0
4560 1
4561 1
4562 2
4563 2
4564 1
4565 0
4566 2
4567 0
4568 0
4569 1
4570 1
4571 0
4572 0
4573 1
4574 2
4575 0
4576 0
4577 2
4578 1
4579 1
4580 0
4581 0
4582 0
4583 0
4584 1
4585 1
4586 0
4587 0
4588 1
4589 1
4590 1
4591 2
4592 0
4593 2
4594 1
4595 0
4596 1
4597 1
4598 0
4599 0
4600 1
4601 0
4602 1
4603 1
4604 2
4605 2
4606 0
4607 0
4608 0
4609 0
4610 2
4611 2
4612 2
4613 2
4614 2
4615 0
4616 1
4617 2
4618 0
4619 0
4620 0
4621 1
4622 1
4623 2
4624 1
4625 0
4626 1
4627 2
4628 0
4629 0
4630 0
4631 0
4632 0
4633 2
4634 0
4635 0
4636 2
4637 2
4638 1
4639 0
4640 2
4641 1
4642 0
4643 0
4644 2
4645 0
4646 0
4647 1
4648 2
4649 0
4650 0
4651 1
4652 0
4653 1
4654 2
4655 0
4656 2
4657 1
4658 0
4659 0
4660 0
4661 0
4662 0
4663 2
4664 0
4665 2
4666 1
4667 1
4668 4
4669 0
4670 1
4671 1
4672 2
4673 1
4674 0
4675 0
4676 0
4677 0
4678 0
4679 2
4680 2
4681 2
4682 2
4683 1
4684 0
4685 1
4686 0
4687 1
4688 0
4689 0
4690 0
4691 0
4692 0
4693 1
4694 0
4695 0
4696 2
4697 0
4698 0
4699 2
4700 0
4701 2
4702 1
4703 1
4704 0
4705 1
4706 1
4707 1
4708 0
4709 1
4710 0
4711 0
4712 0
4713 0
4714 0
4715 0
4716 0
4717 2
4718 0
4719 1
4720 0
4721 0
4722 0
4723 0
4724 2
4725 1
4726 2
4727 1
4728 1
4729 0
4730 2
4731 1
4732 1
4733 2
4734 0
4735 0
4736 0
4737 0
4738 0
4739 0
4740 0
4741 0
4742 0
4743 0
4744 0
4745 0
4746 2
4747 0
4748 0
4749 1
4750 0
4751 2
4752 0
4753 0
4754 0
4755 2
4756 0
4757 1
4758 2
4759 0
4760 0
4761 0
4762 0
4763 0
4764 2
4765 0
4766 0
4767 0
4768 0
4769 0
4770 2
4771 0
4772 2
4773 0
4774 0
4775 2
4776 0
4777 1
4778 2
4779 0
4780 0
4781 0
4782 1
4783 2
4784 2
4785 0
4786 0
4787 0
4788 0
4789 0
4790 0
4791 0
4792 1
4793 0
4794 1
4795 0
4796 0
4797 0
4798 1
4799 1
4800 2
4801 1
4802 0
4803 1
4804 0
4805 0
4806 0
4807 0
4808 1
4809 0
4810 0
4811 1
4812 0
4813 0
4814 2
4815 0
4816 0
4817 0
4818 0
4819 0
4820 2
4821 0
4822 0
4823 0
4824 2
4825 0
4826 0
4827 0
4828 0
4829 0
4830 2
4831 0
4832 2
4833 0
4834 0
4835 0
4836 0
4837 0
4838 0
4839 0
4840 0
4841 1
4842 0
4843 0
4844 0
4845 1
4846 0
4847 0
4848 0
4849 0
4850 0
4851 1
4852 0
4853 1
4854 2
4855 0
4856 1
4857 0
4858 2
4859 1
4860 0
4861 0
4862 1
4863 0
4864 1
4865 2
4866 1
4867 1
4868 2
4869 1
4870 0
4871 1
4872 0
4873 0
4874 0
4875 0
4876 0
4877 0
4878 0
4879 0
4880 2
4881 1
4882 1
4883 0
4884 0
4885 0
4886 1
4887 0
4888 1
4889 0
4890 0
4891 1
4892 0
4893 2
4894 0
4895 0
4896 0
4897 2
4898 0
4899 2
4900 2
4901 0
4902 0
4903 0
4904 0
4905 2
4906 2
4907 0
4908 0
4909 0
4910 0
4911 0
4912 0
4913 2
4914 2
4915 2
4916 0
4917 0
4918 2
4919 0
4920 0
4921 2
4922 2
4923 0
4924 1
4925 1
4926 0
4927 0
4928 2
4929 0
4930 1
4931 1
4932 0
4933 0
4934 2
4935 0
4936 0
4937 0
4938 0
4939 0
4940 0
4941 0
4942 0
4943 1
4944 0
4945 0
4946 0
4947 2
4948 1
4949 0
4950 2
4951 2
4952 2
4953 1
4954 2
4955 0
4956 0
4957 0
4958 0
4959 0
4960 1
4961 0
4962 2
4963 2
4964 2
4965 2
4966 2
4967 2
4968 2
4969 2
4970 2
4971 1
4972 0
4973 1
4974 1
4975 2
4976 2
4977 1
4978 0
4979 0
4980 2
4981 2
4982 2
4983 0
4984 1
4985 1
4986 0
4987 0
4988 0
4989 0
4990 0
4991 0
4992 0
4993 0
4994 0
4995 1
4996 2
4997 0
4998 0
4999 0
5000 2
5001 0
5002 2
5003 0
5004 2
5005 0
5006 0
5007 2
5008 0
5009 0
5010 2
5011 0
5012 0
5013 0
5014 0
5015 0
5016 0
5017 0
5018 0
5019 1
5020 1
5021 2
5022 1
5023 1
5024 0
5025 1
5026 1
5027 0
5028 0
5029 0
5030 1
5031 0
5032 0
5033 0
5034 0
5035 0
5036 1
5037 0
5038 1
5039 0
5040 0
5041 1
5042 0
5043 0
5044 0
5045 0
5046 1
5047 1
5048 0
5049 0
5050 2
5051 1
5052 0
5053 0
5054 0
5055 1
5056 1
5057 2
5058 1
5059 0
5060 2
5061 0
5062 0
5063 0
5064 0
5065 0
5066 0
5067 0
5068 0
5069 0
5070 0
5071 0
5072 0
5073 1
5074 0
5075 0
5076 0
5077 1
5078 0
5079 1
5080 0
5081 0
5082 0
5083 1
5084 0
5085 2
5086 0
5087 0
5088 1
5089 0
5090 0
5091 1
5092 0
5093 0
5094 1
5095 2
5096 0
5097 0
5098 0
5099 1
5100 1
5101 0
5102 0
5103 2
5104 0
5105 0
5106 1
5107 0
5108 1
5109 1
5110 0
5111 1
5112 0
5113 0
5114 0
5115 0
5116 0
5117 0
5118 0
5119 0
5120 0
5121 0
5122 1
5123 1
5124 0
5125 0
5126 0
5127 1
5128 0
5129 0
5130 2
5131 0
5132 0
5133 0
5134 2
5135 0
5136 2
5137 1
5138 0
5139 0
5140 0
5141 1
5142 0
5143 0
5144 1
5145 2
5146 1
5147 1
5148 0
5149 0
5150 0
5151 0
5152 0
5153 2
5154 0
5155 0
5156 2
5157 0
5158 0
5159 0
5160 1
5161 1
5162 0
5163 0
5164 0
5165 2
5166 0
5167 0
5168 0
5169 0
5170 0
5171 1
5172 0
5173 0
5174 0
5175 2
5176 0
5177 2
5178 2
5179 2
5180 1
5181 0
5182 1
5183 0
5184 1
5185 1
5186 0
5187 1
5188 0
5189 0
5190 0
5191 2
5192 1
5193 0
5194 0
5195 0
5196 0
5197 0
5198 0
5199 0
5200 1
5201 0
5202 0
5203 0
5204 1
5205 0
5206 0
5207 0
5208 1
5209 0
5210 1
5211 0
5212 0
5213 0
5214 0
5215 0
5216 1
5217 2
5218 0
5219 0
5220 0
5221 0
5222 0
5223 0
5224 2
5225 1
5226 0
5227 2
5228 1
5229 0
5230 0
5231 0
5232 0
5233 1
5234 2
5235 0
5236 0
5237 0
5238 2
5239 1
5240 0
5241 1
5242 1
5243 0
5244 0
5245 0
5246 1
5247 2
5248 0
5249 0
5250 2
5251 2
5252 1
5253 0
5254 0
5255 2
5256 1
5257 0
5258 0
5259 0
5260 0
5261 2
5262 2
5263 2
5264 2
5265 2
5266 2
5267 2
5268 0
5269 0
5270 2
5271 0
5272 0
5273 2
5274 2
5275 2
5276 2
5277 0
5278 0
5279 0
5280 0
5281 0
5282 0
5283 2
5284 1
5285 1
5286 2
5287 2
5288 0
5289 2
5290 0
5291 0
5292 0
5293 0
5294 0
5295 1
5296 0
5297 0
5298 2
5299 0
5300 2
5301 0
5302 0
5303 1
5304 0
5305 1
5306 2
5307 1
5308 0
5309 1
5310 0
5311 1
5312 0
5313 0
5314 2
5315 2
5316 1
5317 0
5318 1
5319 1
5320 0
5321 2
5322 2
5323 0
5324 2
5325 0
5326 1
5327 0
5328 0
5329 2
5330 0
5331 0
5332 0
5333 2
5334 2
5335 2
5336 2
5337 1
5338 2
5339 2
5340 2
5341 0
5342 0
5343 0
5344 1
5345 0
5346 0
5347 2
5348 0
5349 0
5350 0
5351 0
5352 0
5353 0
5354 2
5355 0
5356 2
5357 0
5358 0
5359 0
5360 0
5361 0
5362 0
5363 2
5364 1
5365 2
5366 0
5367 0
5368 0
5369 1
5370 0
5371 2
5372 2
5373 0
5374 0
5375 0
5376 0
5377 0
5378 0
5379 0
5380 0
5381 2
5382 0
5383 0
5384 0
5385 0
5386 2
5387 0
5388 1
5389 0
5390 0
5391 1
5392 0
5393 0
5394 0
5395 1
5396 2
5397 2
5398 0
5399 1
5400 1
5401 0
5402 2
5403 0
5404 0
5405 1
5406 0
5407 0
5408 0
5409 0
5410 1
5411 0
5412 0
5413 2
5414 0
5415 0
5416 0
5417 0
5418 2
5419 2
5420 0
5421 0
5422 0
5423 0
5424 0
5425 0
5426 0
5427 0
5428 2
5429 2
5430 0
5431 0
5432 0
5433 2
5434 1
5435 0
5436 0
5437 0
5438 0
5439 1
5440 0
5441 1
5442 0
5443 0
5444 2
5445 0
5446 0
5447 0
5448 0
5449 0
5450 0
5451 0
5452 1
5453 2
5454 0
5455 0
5456 2
5457 1
5458 2
5459 1
5460 0
5461 1
5462 2
5463 0
5464 2
5465 0
5466 1
5467 0
5468 1
5469 0
5470 0
5471 0
5472 2
5473 1
5474 0
5475 0
5476 1
5477 0
5478 0
5479 0
5480 0
5481 0
5482 0
5483 0
5484 0
5485 0
5486 1
5487 2
5488 0
5489 0
5490 0
5491 0
5492 0
5493 1
5494 2
5495 0
5496 2
5497 0
5498 0
5499 0
5500 0
5501 1
5502 0
5503 1
5504 2
5505 0
5506 0
5507 0
5508 0
5509 1
5510 0
5511 1
5512 0
5513 1
5514 1
5515 0
5516 0
5517 0
5518 1
5519 0
5520 0
5521 0
5522 0
5523 0
5524 0
5525 0
5526 0
5527 1
5528 1
5529 0
5530 0
5531 0
5532 0
5533 0
5534 2
5535 0
5536 0
5537 0
5538 0
5539 2
5540 2
5541 0
5542 1
5543 0
5544 0
5545 0
5546 0
5547 2
5548 0
5549 0
5550 0
5551 2
5552 1
5553 1
5554 0
5555 1
5556 1
5557 0
5558 1
5559 1
5560 0
5561 1
5562 1
5563 0
5564 1
5565 0
5566 0
5567 0
5568 1
5569 1
5570 1
5571 2
5572 0
5573 0
5574 0
5575 1
5576 0
5577 0
5578 0
5579 2
5580 0
5581 2
5582 0
5583 2
5584 2
5585 0
5586 0
5587 0
5588 2
5589 0
5590 0
5591 0
5592 0
5593 1
5594 1
5595 0
5596 0
5597 0
5598 0
5599 0
5600 1
5601 0
5602 0
5603 1
5604 2
5605 2
5606 0
5607 0
5608 1
5609 0
5610 1
5611 0
5612 2
5613 1
5614 2
5615 2
5616 0
5617 1
5618 0
5619 2
5620 0
5621 1
5622 0
5623 2
5624 0
5625 1
5626 0
5627 2
5628 2
5629 2
5630 2
5631 2
5632 2
5633 2
5634 2
5635 2
5636 2
5637 2
5638 2
5639 2
5640 2
5641 2
5642 2
5643 0
5644 0
5645 2
5646 2
5647 2
5648 1
5649 2
5650 2
5651 2
5652 1
5653 1
5654 2
5655 1
5656 2
5657 2
5658 0
5659 2
5660 2
5661 2
5662 2
5663 2
5664 2
5665 2
5666 1
5667 1
5668 2
5669 2
5670 2
5671 1
5672 1
5673 1
5674 2
5675 0
5676 2
5677 2
5678 2
5679 2
5680 2
5681 2
5682 2
5683 2
5684 2
5685 2
5686 2
5687 2
5688 2
5689 2
5690 2
5691 2
5692 2
5693 2
5694 2
5695 2
5696 2
5697 2
5698 2
5699 2
5700 2
5701 2
5702 2
5703 2
5704 2
5705 2
5706 2
5707 2
5708 2
5709 0
5710 2
5711 2
5712 2
5713 2
5714 0
5715 1
5716 2
5717 2
5718 2
5719 2
5720 2
5721 2
5722 1
5723 2
5724 2
5725 2
5726 2
5727 0
5728 1
5729 1
5730 2
5731 1
5732 2
5733 1
5734 0
5735 2
5736 2
5737 2
5738 2
5739 2
5740 2
5741 0
5742 1
5743 2
5744 2
5745 2
5746 0
5747 2
5748 2
5749 2
5750 2
5751 2
5752 2
5753 0
5754 0
5755 2
5756 0
5757 2
5758 0
5759 1
5760 0
5761 2
5762 2
5763 2
5764 2
5765 2
5766 0
5767 1
5768 0
5769 0
5770 0
5771 0
5772 0
5773 0
5774 0
5775 0
5776 0
5777 0
5778 0
5779 0
5780 0
5781 2
5782 2
5783 0
5784 2
5785 2
5786 2
5787 2
5788 2
5789 2
5790 2
5791 0
5792 0
5793 2
5794 2
5795 2
5796 0
5797 2
5798 2
5799 2
5800 2
5801 2
5802 1
5803 2
5804 2
5805 2
5806 2
5807 2
5808 2
5809 2
5810 2
5811 2
5812 2
5813 0
5814 1
5815 2
5816 2
5817 2
5818 2
5819 2
5820 1
5821 2
5822 1
5823 1
5824 1
5825 1
5826 1
5827 1
5828 1
5829 1
5830 1
5831 1
5832 1
5833 1
5834 1
5835 1
5836 1
5837 1
5838 0
5839 1
5840 1
5841 1
5842 0
5843 2
5844 2
5845 0
5846 2
5847 2
5848 0
5849 2
5850 2
5851 4
5852 4
5853 4
5854 4
5855 4
5856 4
5857 4
5858 4
5859 4
5860 2
5861 0
5862 4
5863 0
5864 0
5865 1
5866 0
5867 0
5868 0
5869 1
5870 0
5871 2
5872 0
5873 0
5874 2
5875 1
5876 1
5877 0
5878 1
5879 0
5880 2
5881 1
5882 0
5883 0
5884 2
5885 0
5886 0
5887 0
5888 0
5889 0
5890 2
5891 1
5892 2
5893 2
5894 2
5895 1
5896 2
5897 2
5898 2
5899 2
5900 1
5901 0
5902 2
5903 2
5904 2
5905 0
5906 2
5907 2
5908 2
5909 2
5910 0
5911 2
5912 2
5913 0
5914 2
5915 2
5916 2
5917 2
5918 2
5919 2
5920 2
5921 2
5922 2
5923 2
5924 2
5925 2
5926 2
5927 0
5928 2
5929 2
5930 2
5931 2
5932 2
5933 1
5934 2
5935 2
5936 2
5937 1
5938 2
5939 0
5940 0
5941 0
5942 2
5943 1
5944 1
5945 0
5946 17
5947 1
5948 0
5949 1
5950 1
5951 1
5952 0
5953 1
5954 1
5955 1
5956 1
5957 0
5958 0
5959 1
5960 0
5961 0
5962 0
5963 0
5964 0
5965 0
5966 0
5967 0
5968 0
5969 1
5970 2
5971 1
5972 0
5973 0
5974 0
5975 0
5976 0
5977 0
5978 0
5979 0
5980 0
5981 0
5982 0
5983 0
5984 2
5985 2
5986 0
5987 1
5988 2
5989 1
5990 1
5991 1
5992 0
5993 2
5994 1
5995 0
5996 0
5997 0
5998 0
5999 0
6000 0
6001 0
6002 0
6003 1
6004 0
6005 0
6006 0
6007 0
6008 0
6009 0
6010 0
6011 0
6012 0
6013 0
6014 1
6015 0
6016 0
6017 1
6018 0
6019 0
6020 0
6021 2
6022 0
6023 0
6024 0
6025 0
6026 0
6027 0
6028 0
6029 2
6030 0
6031 0
6032 0
6033 0
6034 2
6035 1
6036 2
6037 0
6038 1
6039 0
6040 0
6041 1
6042 2
6043 0
6044 0
6045 0
6046 0
6047 0
6048 0
6049 0
6050 2
6051 0
6052 2
6053 0
6054 1
6055 1
6056 2
6057 0
6058 0
6059 0
6060 0
6061 0
6062 0
6063 1
6064 0
6065 1
6066 0
6067 1
6068 0
6069 0
6070 0
6071 0
6072 0
6073 0
6074 0
6075 2
6076 0
6077 0
6078 0
6079 0
6080 0
6081 0
6082 0
6083 0
6084 0
6085 0
6086 0
6087 0
6088 0
6089 2
6090 1
6091 0
6092 0
6093 2
6094 0
6095 0
6096 0
6097 0
6098 0
6099 1
6100 2
6101 2
6102 2
6103 2
6104 1
6105 1
6106 2
6107 2
6108 2
6109 2
6110 0
6111 1
6112 2
6113 2
6114 1
6115 2
6116 2
6117 2
6118 2
6119 1
6120 0
6121 2
6122 2
6123 1
6124 0
6125 1
6126 2
6127 2
6128 0
6129 0
6130 2
6131 2
6132 2
6133 2
6134 2
6135 0
6136 2
6137 2
6138 2
6139 2
6140 1
6141 0
6142 0
6143 1
6144 2
6145 0
6146 1
6147 1
6148 0
6149 1
6150 2
6151 0
6152 0
6153 0
6154 0
6155 2
6156 1
6157 1
6158 0
6159 0
6160 0
6161 0
6162 0
6163 2
6164 1
6165 2
6166 1
6167 2
6168 1
6169 0
6170 2
6171 2
6172 2
6173 2
6174 1
6175 0
6176 2
6177 2
6178 0
6179 2
6180 2
6181 2
6182 0
6183 1
6184 1
6185 0
6186 1
6187 0
6188 1
6189 2
6190 0
6191 1
6192 1
6193 0
6194 2
6195 0
6196 1
6197 2
6198 1
6199 1
6200 1
6201 2
6202 1
6203 1
6204 1
6205 1
6206 2
6207 1
6208 2
6209 0
6210 2
6211 2
6212 0
6213 0
6214 0
6215 0
6216 1
6217 2
6218 2
6219 2
6220 2
6221 1
6222 1
6223 1
6224 0
6225 0
6226 0
6227 0
6228 1
6229 0
6230 2
6231 2
6232 2
6233 0
6234 0
6235 1
6236 1
6237 1
6238 1
6239 2
6240 2
6241 2
6242 2
6243 2
6244 2
6245 1
6246 2
6247 1
6248 0
6249 0
6250 0
6251 0
6252 0
6253 0
6254 0
6255 1
6256 0
6257 0
6258 0
6259 0
6260 0
6261 0
6262 0
6263 0
6264 0
6265 0
6266 0
6267 0
6268 0
6269 0
6270 0
6271 2
6272 0
6273 1
6274 0
6275 1
6276 0
6277 0
6278 0
6279 1
6280 1
6281 2
6282 0
6283 0
6284 0
6285 2
6286 1
6287 0
6288 0
6289 2
6290 1
6291 0
6292 0
6293 0
6294 2
6295 0
6296 1
6297 0
6298 1
6299 0
6300 0
6301 0
6302 1
6303 0
6304 2
6305 0
6306 0
6307 0
6308 0
6309 0
6310 0
6311 0
6312 1
6313 0
6314 2
6315 0
6316 0
6317 2
6318 1
6319 0
6320 2
6321 0
6322 2
6323 2
6324 0
6325 0
6326 0
6327 0
6328 0
6329 0
6330 0
6331 1
6332 0
6333 2
6334 2
6335 2
6336 2
6337 2
6338 2
6339 2
6340 2
6341 2
6342 2
6343 2
6344 2
6345 1
6346 2
6347 0
6348 0
6349 2
6350 1
6351 0
6352 1
6353 0
6354 0
6355 0
6356 0
6357 0
6358 2
6359 0
6360 0
6361 0
6362 2
6363 0
6364 0
6365 2
6366 0
6367 2
6368 0
6369 0
6370 1
6371 0
6372 0
6373 0
6374 1
6375 0
6376 0
6377 2
6378 0
6379 1
6380 2
6381 0
6382 0
6383 0
6384 1
6385 2
6386 2
6387 0
6388 0
6389 0
6390 0
6391 1
6392 0
6393 0
6394 0
6395 0
6396 2
6397 0
6398 0
6399 0
6400 1
6401 2
6402 2
6403 2
6404 0
6405 0
6406 0
6407 2
6408 1
6409 2
6410 2
6411 2
6412 1
6413 2
6414 0
6415 1
6416 1
6417 2
6418 0
6419 0
6420 0
6421 1
6422 1
6423 0
6424 2
6425 1
6426 1
6427 0
6428 1
6429 0
6430 0
6431 0
6432 0
6433 0
6434 0
6435 0
6436 2
6437 0
6438 0
6439 0
6440 0
6441 0
6442 0
6443 2
6444 0
6445 2
6446 2
6447 2
6448 2
6449 2
6450 2
6451 2
6452 2
6453 2
6454 2
6455 2
6456 2
6457 2
6458 2
6459 2
6460 2
6461 0
6462 2
6463 1
6464 2
6465 0
6466 2
6467 1
6468 0
6469 0
6470 0
6471 0
6472 0
6473 0
6474 1
6475 1
6476 0
6477 2
6478 0
6479 1
6480 2
6481 2
6482 0
6483 0
6484 2
6485 2
6486 1
6487 2
6488 1
6489 0
6490 0
6491 0
6492 0
6493 1
6494 0
6495 2
6496 2
6497 1
6498 0
6499 0
6500 0
6501 0
6502 0
6503 0
6504 0
6505 1
6506 1
6507 0
6508 1
6509 0
6510 0
6511 2
6512 2
6513 0
6514 2
6515 0
6516 1
6517 1
6518 2
6519 1
6520 0
6521 0
6522 0
6523 1
6524 2
6525 2
6526 2
6527 0
6528 0
6529 0
6530 0
6531 0
6532 2
6533 0
6534 0
6535 2
6536 2
6537 0
6538 1
6539 0
6540 1
6541 0
6542 2
6543 1
6544 0
6545 0
6546 2
6547 0
6548 1
6549 1
6550 2
6551 0
6552 0
6553 0
6554 0
6555 0
6556 0
6557 0
6558 1
6559 2
6560 0
6561 2
6562 2
6563 2
6564 0
6565 0
6566 0
6567 2
6568 2
6569 1
6570 1
6571 0
6572 2
6573 2
6574 2
6575 0
6576 0
6577 0
6578 2
6579 2
6580 2
6581 2
6582 1
6583 2
6584 2
6585 2
6586 2
6587 0
6588 0
6589 0
6590 0
6591 2
6592 0
6593 0
6594 0
6595 1
6596 2
6597 2
6598 1
6599 0
6600 0
6601 2
6602 2
6603 0
6604 0
6605 0
6606 2
6607 2
6608 2
6609 2
6610 2
6611 2
6612 2
6613 2
6614 2
6615 2
6616 2
6617 2
6618 2
6619 2
6620 2
6621 2
6622 2
6623 0
6624 0
6625 2
6626 0
6627 2
6628 2
6629 2
6630 2
6631 2
6632 0
6633 2
6634 2
6635 2
6636 2
6637 2
6638 2
6639 2
6640 0
6641 0
6642 0
6643 2
6644 0
6645 0
6646 2
6647 2
6648 0
6649 2
6650 0
6651 2
6652 0
6653 2
6654 2
6655 0
6656 0
6657 0
6658 2
6659 0
6660 2
6661 0
6662 0
6663 0
6664 0
6665 0
6666 0
6667 0
6668 2
6669 0
6670 0
6671 2
6672 2
6673 2
6674 1
6675 2
6676 0
6677 0
6678 0
6679 2
6680 2
6681 1
6682 0
6683 0
6684 0
6685 2
6686 1
6687 0
6688 2
6689 2
6690 2
6691 0
6692 0
6693 2
6694 0
6695 1
6696 0
6697 1
6698 2
6699 2
6700 2
6701 2
6702 2
6703 0
6704 0
6705 2
6706 1
6707 0
6708 1
6709 1
6710 0
6711 0
6712 0
6713 0
6714 0
6715 2
6716 2
6717 2
6718 1
6719 2
6720 2
6721 2
6722 2
6723 0
6724 1
6725 2
6726 1
6727 0
6728 1
6729 2
6730 2
6731 0
6732 1
6733 2
6734 0
6735 0
6736 2
6737 2
6738 2
6739 1
6740 0
6741 1
6742 2
6743 2
6744 2
6745 2
6746 0
6747 1
6748 0
6749 1
6750 2
6751 1
6752 0
6753 2
6754 1
6755 0
6756 0
6757 0
6758 0
6759 0
6760 0
6761 0
6762 2
6763 0
6764 0
6765 2
6766 1
6767 2
6768 0
6769 2
6770 2
6771 1
6772 1
6773 1
6774 1
6775 2
6776 1
6777 0
6778 2
6779 1
6780 0
6781 1
6782 0
6783 2
6784 2
6785 2
6786 2
6787 0
6788 0
6789 2
6790 1
6791 1
6792 2
6793 2
6794 0
6795 2
6796 2
6797 2
6798 0
6799 2
6800 0
6801 1
6802 0
6803 0
6804 1
6805 0
6806 2
6807 1
6808 0
6809 0
6810 2
6811 2
6812 2
6813 2
6814 2
6815 2
6816 2
6817 2
6818 2
6819 2
6820 2
6821 2
6822 2
6823 2
6824 0
6825 2
6826 0
6827 2
6828 2
6829 1
6830 1
6831 1
6832 19
6833 2
6834 2
6835 2
6836 2
6837 2
6838 2
6839 2
6840 2
6841 2
6842 2
6843 2
6844 2
6845 2
6846 2
6847 0
6848 1
6849 2
6850 0
6851 0
6852 0
6853 1
6854 2
6855 0
6856 0
6857 0
6858 0
6859 0
6860 0
6861 0
6862 0
6863 0
6864 1
6865 0
6866 0
6867 1
6868 0
6869 2
6870 1
6871 2
6872 2
6873 0
6874 1
6875 1
6876 2
6877 0
6878 1
6879 1
6880 0
6881 1
6882 1
6883 1
6884 1
6885 1
6886 1
6887 1
6888 1
6889 0
6890 1
6891 0
6892 1
6893 0
6894 1
6895 1
6896 0
6897 1
6898 0
6899 1
6900 2
6901 1
6902 0
6903 0
6904 2
6905 2
6906 2
6907 2
6908 2
6909 2
6910 2
6911 2
6912 2
6913 2
6914 2
6915 2
6916 2
6917 2
6918 2
6919 2
6920 2
6921 2
6922 2
6923 2
6924 0
6925 1
6926 0
6927 1
6928 0
6929 0
6930 0
6931 0
6932 0
6933 0
6934 2
6935 2
6936 1
6937 1
6938 2
6939 2
6940 2
6941 2
6942 2
6943 0
6944 1
6945 0
6946 1
6947 1
6948 1
6949 2
6950 2
6951 1
6952 1
6953 2
6954 2
6955 1
6956 1
6957 1
6958 0
6959 1
6960 0
6961 0
6962 0
6963 0
6964 0
6965 0
6966 0
6967 0
6968 0
6969 1
6970 0
6971 0
6972 0
6973 0
6974 0
6975 0
6976 0
6977 0
6978 0
6979 0
6980 0
6981 1
6982 1
6983 2
6984 0
6985 0
6986 2
6987 1
6988 2
6989 1
6990 2
6991 2
6992 2
6993 0
6994 2
6995 1
6996 2
6997 1
6998 2
6999 2
7000 2
7001 2
7002 1
7003 2
7004 2
7005 2
7006 1
7007 2
7008 1
7009 2
7010 2
7011 2
7012 1
7013 2
7014 2
7015 2
7016 2
7017 2
7018 2
7019 2
7020 1
7021 2
7022 1
7023 2
7024 2
7025 2
7026 2
7027 2
7028 2
7029 2
7030 0
7031 0
7032 0
7033 0
7034 0
7035 0
7036 0
7037 0
7038 0
7039 0
7040 0
7041 0
7042 0
7043 0
7044 0
7045 2
7046 2
7047 0
7048 0
7049 2
7050 2
7051 2
7052 2
7053 2
7054 2
7055 2
7056 2
7057 2
7058 2
7059 0
7060 1
7061 0
7062 0
7063 0
7064 0
7065 0
7066 0
7067 0
7068 0
7069 0
7070 2
7071 2
7072 0
7073 0
7074 3
7075 2
7076 0
7077 2
7078 0
7079 0
7080 2
7081 2
7082 2
7083 2
7084 2
7085 2
7086 2
7087 1
7088 1
7089 0
7090 2
7091 2
7092 3
7093 3
7094 3
7095 3
7096 0
7097 3
7098 3
7099 3
7100 3
7101 3
7102 3
7103 3
7104 3
7105 3
7106 3
7107 1
7108 2
7109 1
7110 0
7111 2
7112 0
7113 2
7114 2
7115 2
7116 1
7117 2
7118 2
7119 2
7120 0
7121 2
7122 0
7123 0
7124 0
7125 0
7126 0
7127 1
7128 0
7129 1
7130 2
7131 1
7132 2
7133 2
7134 2
7135 2
7136 1
7137 2
7138 0
7139 2
7140 2
7141 2
7142 0
7143 0
7144 2
7145 0
7146 2
7147 2
7148 0
7149 2
7150 2
7151 2
7152 2
7153 2
7154 2
7155 2
7156 2
7157 2
7158 2
7159 2
7160 2
7161 2
7162 2
7163 2
7164 2
7165 2
7166 2
7167 2
7168 2
7169 2
7170 2
7171 2
7172 2
7173 2
7174 2
7175 2
7176 2
7177 2
7178 2
7179 2
7180 2
7181 2
7182 2
7183 2
7184 2
7185 2
7186 2
7187 1
7188 0
7189 1
7190 0
7191 0
7192 0
7193 1
7194 2
7195 2
7196 2
7197 2
7198 2
7199 1
7200 0
7201 0
7202 0
7203 0
7204 1
7205 1
7206 1
7207 0
7208 2
7209 2
7210 2
7211 2
7212 2
7213 2
7214 1
7215 1
7216 0
7217 2
7218 2
7219 2
7220 0
7221 2
7222 2
7223 2
7224 0
7225 2
7226 2
7227 0
7228 2
7229 2
7230 2
7231 2
7232 2
7233 2
7234 0
7235 2
7236 1
7237 1
7238 1
7239 1
7240 2
7241 2
7242 1
7243 0
7244 1
7245 2
7246 2
7247 2
7248 2
7249 0
7250 1
7251 2
7252 2
7253 0
7254 10
7255 2
7256 2
7257 0
7258 2
7259 2
7260 2
7261 2
7262 18
7263 1
7264 2
7265 2
7266 0
7267 2
7268 2
7269 2
7270 2
7271 2
7272 2
7273 2
7274 2
7275 2
7276 2
7277 2
7278 2
7279 2
7280 2
7281 2
7282 2
7283 2
7284 2
7285 2
7286 2
7287 2
7288 2
7289 2
7290 2
7291 2
7292 2
7293 2
7294 2
7295 2
7296 2
7297 2
7298 2
7299 2
7300 2
7301 2
7302 2
7303 2
7304 2
7305 2
7306 2
7307 2
7308 2
7309 2
7310 2
7311 2
7312 2
7313 2
7314 2
7315 2
7316 2
7317 2
7318 2
7319 2
7320 2
7321 2
7322 2
7323 2
7324 2
7325 2
7326 2
7327 2
7328 2
7329 2
7330 2
7331 2
7332 2
7333 2
7334 2
7335 2
7336 2
7337 2
7338 2
7339 2
7340 2
7341 2
7342 2
7343 2
7344 2
7345 2
7346 2
7347 2
7348 2
7349 2
7350 2
7351 2
7352 2
7353 2
7354 2
7355 2
7356 2
7357 2
7358 2
7359 2
7360 2
7361 2
7362 5
7363 5
7364 5
7365 2
7366 2
7367 0
7368 2
7369 2
7370 2
7371 2
7372 2
7373 2
7374 0
7375 2
7376 2
7377 2
7378 2
7379 0
7380 0
7381 0
7382 0
7383 0
7384 2
7385 0
7386 7
7387 0
7388 0
7389 2
7390 2
7391 2
7392 2
7393 1
7394 0
7395 0
7396 2
7397 0
7398 0
7399 0
7400 0
7401 0
7402 2
7403 0
7404 6
7405 0
7406 1
7407 2
7408 0
7409 2
7410 2
7411 0
7412 0
7413 0
7414 0
7415 0
7416 0
7417 0
7418 0
7419 0
7420 0
7421 0
7422 0
7423 0
7424 2
7425 0
7426 0
7427 1
7428 2
7429 2
7430 0
7431 2
7432 2
7433 2
7434 2
7435 1
7436 0
7437 0
7438 2
7439 2
7440 2
7441 0
7442 0
7443 0
7444 1
7445 0
7446 6
7447 6
7448 6
7449 9
7450 6
7451 6
7452 6
7453 6
7454 6
7455 6
7456 6
7457 6
7458 6
7459 0
7460 6
7461 6
7462 6
7463 6
7464 6
7465 6
7466 0
7467 6
7468 0
7469 6
7470 1
7471 11
7472 1
7473 1
7474 1
7475 1
7476 1
7477 0
7478 2
7479 0
7480 1
7481 2
7482 0
7483 1
7484 0
7485 0
7486 2
7487 2
7488 0
7489 2
7490 0
7491 2
7492 2
7493 2
7494 0
7495 0
7496 0
7497 0
7498 0
7499 0
7500 0
7501 0
7502 0
7503 0
7504 0
7505 0
7506 0
7507 15
7508 0
7509 0
7510 1
7511 15
7512 15
7513 0
7514 0
7515 0
7516 0
7517 0
7518 0
7519 1
7520 0
7521 1
7522 0
7523 1
7524 1
7525 1
7526 1
7527 1
7528 2
7529 2
7530 0
7531 0
7532 0
7533 1
7534 0
7535 0
7536 2
7537 2
7538 2
7539 2
7540 2
7541 1
7542 2
7543 2
7544 2
7545 2
7546 2
7547 1
7548 0
7549 2
7550 2
7551 2
7552 0
7553 2
7554 2
7555 2
7556 0
7557 2
7558 2
7559 2
7560 2
7561 2
7562 2
7563 2
7564 7
7565 7
7566 7
7567 2
7568 1
7569 2
7570 0
7571 1
7572 0
7573 1
7574 2
7575 2
7576 2
7577 2
7578 2
7579 0
7580 1
7581 0
7582 1
7583 2
7584 1
7585 1
7586 1
7587 1
7588 2
7589 2
7590 2
7591 2
7592 2
7593 1
7594 8
7595 8
7596 8
7597 8
7598 8
7599 0
7600 2
7601 1
7602 2
7603 0
7604 2
7605 2
7606 2
7607 2
7608 2
7609 2
7610 2
7611 2
7612 2
7613 2
7614 2
7615 2
7616 0
7617 1
7618 0
7619 0
7620 0
7621 1
7622 1
7623 19
7624 9
7625 1
7626 0
7627 0
7628 16
7629 9
7630 9
7631 0
7632 2
7633 0
7634 9
7635 9
7636 19
7637 9
7638 9
7639 1
7640 9
7641 9
7642 2
7643 9
7644 9
7645 0
7646 2
7647 1
7648 2
7649 2
7650 2
7651 2
7652 2
7653 0
7654 2
7655 10
7656 0
7657 2
7658 2
7659 2
7660 2
7661 0
7662 2
7663 0
7664 15
7665 2
7666 1
7667 0
7668 0
7669 0
7670 0
7671 1
7672 0
7673 0
7674 2
7675 2
7676 0
7677 1
7678 2
7679 0
7680 0
7681 2
7682 2
7683 0
7684 2
7685 2
7686 2
7687 0
7688 0
7689 2
7690 1
7691 2
7692 2
7693 0
7694 1
7695 0
7696 0
7697 0
7698 0
7699 1
7700 2
7701 2
7702 0
7703 10
7704 10
7705 0
7706 1
7707 10
7708 0
7709 10
7710 10
7711 10
7712 10
7713 10
7714 0
7715 10
7716 10
7717 10
7718 10
7719 0
7720 10
7721 10
7722 10
7723 2
7724 10
7725 10
7726 10
7727 10
7728 10
7729 10
7730 10
7731 2
7732 1
7733 10
7734 10
7735 10
7736 0
7737 10
7738 10
7739 10
7740 10
7741 10
7742 0
7743 2
7744 1
7745 1
7746 0
7747 0
7748 2
7749 2
7750 2
7751 2
7752 2
7753 2
7754 2
7755 2
7756 2
7757 2
7758 2
7759 2
7760 2
7761 2
7762 2
7763 2
7764 2
7765 2
7766 2
7767 2
7768 2
7769 2
7770 2
7771 2
7772 2
7773 2
7774 2
7775 2
7776 2
7777 2
7778 2
7779 2
7780 2
7781 2
7782 2
7783 2
7784 2
7785 2
7786 2
7787 2
7788 2
7789 2
7790 0
7791 1
7792 0
7793 1
7794 1
7795 1
7796 1
7797 1
7798 2
7799 1
7800 0
7801 0
7802 0
7803 0
7804 0
7805 0
7806 0
7807 0
7808 0
7809 0
7810 0
7811 0
7812 0
7813 0
7814 0
7815 0
7816 0
7817 0
7818 0
7819 0
7820 0
7821 0
7822 0
7823 0
7824 0
7825 0
7826 0
7827 0
7828 0
7829 0
7830 0
7831 0
7832 0
7833 0
7834 0
7835 0
7836 0
7837 0
7838 0
7839 0
7840 0
7841 0
7842 0
7843 0
7844 1
7845 0
7846 0
7847 1
7848 0
7849 0
7850 0
7851 0
7852 0
7853 0
7854 0
7855 0
7856 0
7857 1
7858 1
7859 1
7860 1
7861 1
7862 1
7863 1
7864 2
7865 2
7866 0
7867 2
7868 2
7869 2
7870 2
7871 0
7872 2
7873 1
7874 0
7875 0
7876 2
7877 2
7878 0
7879 0
7880 2
7881 2
7882 2
7883 2
7884 2
7885 2
7886 2
7887 2
7888 1
7889 19
7890 1
7891 0
7892 2
7893 2
7894 2
7895 2
7896 2
7897 2
7898 2
7899 2
7900 2
7901 2
7902 2
7903 2
7904 2
7905 2
7906 2
7907 2
7908 2
7909 2
7910 2
7911 2
7912 2
7913 1
7914 1
7915 1
7916 2
7917 1
7918 1
7919 1
7920 1
7921 1
7922 0
7923 0
7924 0
7925 0
7926 0
7927 1
7928 0
7929 0
7930 0
7931 0
7932 0
7933 0
7934 0
7935 0
7936 0
7937 0
7938 0
7939 0
7940 0
7941 0
7942 0
7943 0
7944 0
7945 0
7946 0
7947 0
7948 0
7949 0
7950 0
7951 0
7952 0
7953 0
7954 0
7955 0
7956 0
7957 0
7958 0
7959 0
7960 0
7961 0
7962 0
7963 0
7964 1
7965 0
7966 0
7967 0
7968 0
7969 0
7970 1
7971 0
7972 0
7973 0
7974 0
7975 0
7976 0
7977 0
7978 1
7979 0
7980 0
7981 0
7982 0
7983 0
7984 0
7985 0
7986 0
7987 0
7988 0
7989 0
7990 0
7991 0
7992 0
7993 0
7994 0
7995 0
7996 0
7997 0
7998 0
7999 0
8000 0
8001 0
8002 0
8003 0
8004 0
8005 0
8006 0
8007 0
8008 0
8009 1
8010 0
8011 0
8012 0
8013 0
8014 0
8015 0
8016 2
8017 2
8018 2
8019 2
8020 2
8021 2
8022 11
8023 2
8024 2
8025 2
8026 2
8027 2
8028 2
8029 2
8030 2
8031 2
8032 0
8033 0
8034 1
8035 2
8036 1
8037 1
8038 0
8039 2
8040 0
8041 0
8042 0
8043 0
8044 1
8045 1
8046 1
8047 1
8048 0
8049 0
8050 0
8051 1
8052 2
8053 2
8054 2
8055 2
8056 0
8057 0
8058 0
8059 0
8060 2
8061 2
8062 1
8063 2
8064 2
8065 0
8066 0
8067 0
8068 0
8069 0
8070 0
8071 0
8072 0
8073 0
8074 0
8075 0
8076 0
8077 0
8078 0
8079 0
8080 0
8081 0
8082 0
8083 0
8084 0
8085 0
8086 0
8087 0
8088 0
8089 0
8090 0
8091 0
8092 0
8093 0
8094 0
8095 0
8096 0
8097 12
8098 12
8099 12
8100 12
8101 2
8102 2
8103 2
8104 0
8105 0
8106 0
8107 0
8108 0
8109 0
8110 0
8111 0
8112 0
8113 2
8114 2
8115 2
8116 2
8117 2
8118 2
8119 1
8120 1
8121 1
8122 1
8123 1
8124 1
8125 1
8126 1
8127 1
8128 1
8129 1
8130 1
8131 1
8132 1
8133 1
8134 2
8135 1
8136 1
8137 1
8138 1
8139 1
8140 1
8141 1
8142 1
8143 1
8144 1
8145 1
8146 1
8147 1
8148 1
8149 1
8150 1
8151 0
8152 1
8153 1
8154 1
8155 0
8156 1
8157 1
8158 0
8159 0
8160 0
8161 0
8162 0
8163 0
8164 1
8165 1
8166 0
8167 0
8168 0
8169 1
8170 0
8171 0
8172 0
8173 1
8174 1
8175 0
8176 1
8177 1
8178 1
8179 1
8180 0
8181 1
8182 1
8183 1
8184 0
8185 0
8186 0
8187 1
8188 0
8189 1
8190 0
8191 1
8192 0
8193 2
8194 0
8195 2
8196 2
8197 2
8198 2
8199 2
8200 2
8201 2
8202 2
8203 2
8204 2
8205 2
8206 2
8207 2
8208 2
8209 2
8210 2
8211 2
8212 2
8213 2
8214 2
8215 2
8216 2
8217 2
8218 2
8219 2
8220 2
8221 2
8222 2
8223 2
8224 0
8225 13
8226 13
8227 0
8228 0
8229 0
8230 0
8231 0
8232 1
8233 0
8234 0
8235 0
8236 0
8237 0
8238 0
8239 0
8240 0
8241 0
8242 0
8243 0
8244 2
8245 1
8246 1
8247 1
8248 1
8249 1
8250 0
8251 1
8252 1
8253 0
8254 1
8255 1
8256 18
8257 1
8258 1
8259 1
8260 1
8261 1
8262 1
8263 1
8264 1
8265 2
8266 0
8267 0
8268 0
8269 0
8270 0
8271 2
8272 1
8273 2
8274 2
8275 1
8276 2
8277 0
8278 1
8279 1
8280 2
8281 1
8282 0
8283 0
8284 1
8285 1
8286 1
8287 1
8288 1
8289 1
8290 0
8291 0
8292 2
8293 2
8294 2
8295 2
8296 2
8297 2
8298 2
8299 0
8300 0
8301 0
8302 0
8303 0
8304 0
8305 0
8306 2
8307 2
8308 2
8309 1
8310 0
8311 0
8312 0
8313 2
8314 2
8315 2
8316 2
8317 2
8318 2
8319 2
8320 2
8321 2
8322 2
8323 2
8324 2
8325 2
8326 0
8327 1
8328 1
8329 2
8330 0
8331 2
8332 0
8333 0
8334 1
8335 2
8336 0
8337 14
8338 14
8339 2
8340 2
8341 2
8342 2
8343 2
8344 1
8345 2
8346 19
8347 1
8348 1
8349 1
8350 2
8351 2
8352 2
8353 2
8354 2
8355 2
8356 2
8357 2
8358 2
8359 2
8360 2
8361 2
8362 2
8363 2
8364 2
8365 2
8366 2
8367 2
8368 2
8369 2
8370 2
8371 2
8372 0
8373 1
8374 2
8375 2
8376 0
8377 2
8378 2
8379 2
8380 0
8381 0
8382 2
8383 2
8384 0
8385 1
8386 1
8387 0
8388 0
8389 1
8390 1
8391 2
8392 0
8393 1
8394 1
8395 1
8396 1
8397 1
8398 1
8399 1
8400 1
8401 1
8402 1
8403 0
8404 0
8405 2
8406 2
8407 0
8408 2
8409 2
8410 2
8411 2
8412 0
8413 0
8414 0
8415 0
8416 0
8417 2
8418 2
8419 2
8420 2
8421 2
8422 2
8423 0
8424 0
8425 15
8426 15
8427 15
8428 15
8429 15
8430 15
8431 15
8432 15
8433 15
8434 1
8435 16
8436 0
8437 0
8438 0
8439 0
8440 0
8441 0
8442 0
8443 0
8444 0
8445 0
8446 0
8447 0
8448 0
8449 0
8450 0
8451 0
8452 0
8453 0
8454 0
8455 0
8456 0
8457 0
8458 0
8459 0
8460 0
8461 0
8462 0
8463 0
8464 0
8465 0
8466 0
8467 0
8468 0
8469 0
8470 0
8471 0
8472 0
8473 0
8474 0
8475 0
8476 0
8477 0
8478 0
8479 0
8480 0
8481 2
8482 2
8483 1
8484 1
8485 2
8486 1
8487 2
8488 1
8489 2
8490 2
8491 2
8492 2
8493 1
8494 1
8495 1
8496 1
8497 0
8498 2
8499 0
8500 2
8501 17
8502 17
8503 1
8504 0
8505 0
8506 0
8507 0
8508 0
8509 0
8510 0
8511 0
8512 1
8513 1
8514 2
8515 18
8516 0
8517 0
8518 0
8519 0
8520 2
8521 0
8522 0
8523 1
8524 2
8525 19
8526 19
8527 19
8528 19
8529 19
8530 1
8531 0
8532 0
8533 0
8534 0
8535 0
8536 0
8537 0
8538 2
8539 0
8540 2
8541 2
8542 1
8543 1
8544 1
8545 0
8546 0
8547 0
8548 0
8549 2
8550 0
8551 2
8552 2
8553 2
8554 0
8555 0
8556 0
8557 0
8558 0
8559 0
8560 0
8561 2
8562 2
8563 2
8564 2
8565 2
8566 2
8567 2
8568 2
8569 2
8570 1
8571 0
8572 2
8573 1
8574 1
8575 2
8576 0
8577 0
8578 0
8579 0
8580 2
8581 2
8582 2
8583 2
8584 2
8585 2
8586 2
8587 0
8588 0
8589 0
8590 0
8591 1
network of communities computed : Thu Jan  7 08:47:44 2010

network : 20 nodes, 132 links, 318337544 weight.
pass number 1 of -1 : 0.0990488 0.0990486
communities computed : Thu Jan  7 08:47:44 2010
modularity increased from 0.0990486 to 0.0990488
0 8
1 7
2 6
3 2
4 0
5 6
6 2
7 1
8 8
9 2
10 3
11 7
12 7
13 8
14 4
15 5
16 2
17 8
18 7
19 8
network of communities computed : Thu Jan  7 08:47:44 2010
1e-06 0.0990488 431
