Sender: LSF System <lsfadmin@bc01-n04>
Subject: Job 429296: <comm_blk40> Done

Job <comm_blk40> was submitted from host <bc10-n13> by user <jabloche> in cluster <lucky>.
Job was executed on host(s) <bc01-n04>, in queue <week>, as user <jabloche> in cluster <lucky>.
</afs/isis.unc.edu/home/j/a/jabloche> was used as the home directory.
</netscr/jabloche/FirmNetworks/cLouvain> was used as the working directory.
Started at Thu Jan  7 08:40:17 2010
Results reported at Thu Jan  7 08:42:35 2010

Your job looked like:

------------------------------------------------------------
# LSBATCH: User input
/netscr/jabloche/FirmNetworks/cLouvain/community /smallfs/jabloche/fn_edge/el_blk40.bin -l -1 -w
------------------------------------------------------------

Successfully completed.

Resource usage summary:

    CPU time   :     59.13 sec.
    Max Memory :       127 MB
    Max Swap   :       276 MB

    Max Processes  :         4
    Max Threads    :         4

The output (if any) follows:

Your home directory for this job is /netscr/jabloche
start : Thu Jan  7 08:40:18 2010
total : 7927290
file read : Thu Jan  7 08:41:37 2010
network : 7755 nodes, 7927290 links, 75983716 weight.
pass number 1 of -1 : 0.116517 -0.000293708
pass number 2 of -1 : 0.124563 0.116517
pass number 3 of -1 : 0.124933 0.124563
pass number 4 of -1 : 0.125095 0.124933
pass number 5 of -1 : 0.125182 0.125095
pass number 6 of -1 : 0.125311 0.125182
pass number 7 of -1 : 0.125442 0.125311
pass number 8 of -1 : 0.12562 0.125442
pass number 9 of -1 : 0.12583 0.12562
pass number 10 of -1 : 0.126031 0.12583
pass number 11 of -1 : 0.126188 0.126031
pass number 12 of -1 : 0.126334 0.126188
pass number 13 of -1 : 0.126478 0.126334
pass number 14 of -1 : 0.126514 0.126478
pass number 15 of -1 : 0.126531 0.126514
pass number 16 of -1 : 0.126559 0.126531
pass number 17 of -1 : 0.126593 0.126559
pass number 18 of -1 : 0.126616 0.126593
pass number 19 of -1 : 0.126628 0.126616
pass number 20 of -1 : 0.126632 0.126628
pass number 21 of -1 : 0.126638 0.126632
pass number 22 of -1 : 0.126639 0.126638
communities computed : Thu Jan  7 08:42:35 2010
modularity increased from -0.000293708 to 0.126639
0 0
1 3
2 3
3 0
4 0
5 0
6 0
7 0
8 2
9 0
10 0
11 0
12 0
13 0
14 0
15 0
16 0
17 0
18 0
19 0
20 0
21 0
22 0
23 0
24 0
25 0
26 0
27 3
28 0
29 0
30 0
31 0
32 0
33 0
34 0
35 2
36 0
37 0
38 1
39 1
40 0
41 0
42 0
43 0
44 0
45 0
46 3
47 0
48 3
49 0
50 0
51 0
52 0
53 0
54 3
55 1
56 0
57 0
58 1
59 0
60 0
61 0
62 0
63 3
64 0
65 1
66 0
67 0
68 0
69 0
70 0
71 0
72 0
73 2
74 0
75 3
76 0
77 0
78 0
79 0
80 0
81 0
82 0
83 0
84 0
85 0
86 0
87 0
88 0
89 0
90 0
91 1
92 1
93 1
94 0
95 2
96 1
97 1
98 1
99 1
100 0
101 1
102 1
103 1
104 1
105 1
106 0
107 1
108 2
109 2
110 3
111 1
112 1
113 1
114 1
115 2
116 1
117 1
118 1
119 1
120 2
121 0
122 0
123 0
124 3
125 0
126 0
127 0
128 0
129 0
130 2
131 3
132 1
133 2
134 3
135 0
136 0
137 2
138 2
139 0
140 0
141 0
142 2
143 0
144 0
145 0
146 0
147 0
148 2
149 0
150 0
151 0
152 2
153 0
154 0
155 2
156 2
157 0
158 0
159 2
160 3
161 2
162 0
163 2
164 0
165 0
166 0
167 0
168 0
169 0
170 2
171 0
172 0
173 3
174 0
175 0
176 0
177 0
178 2
179 0
180 0
181 0
182 1
183 3
184 3
185 2
186 0
187 1
188 0
189 1
190 1
191 1
192 1
193 0
194 1
195 2
196 1
197 1
198 2
199 0
200 0
201 1
202 1
203 1
204 0
205 3
206 1
207 1
208 0
209 1
210 0
211 2
212 2
213 1
214 1
215 0
216 2
217 1
218 2
219 3
220 1
221 1
222 2
223 2
224 3
225 0
226 0
227 2
228 0
229 1
230 1
231 1
232 1
233 1
234 0
235 0
236 0
237 1
238 1
239 0
240 1
241 3
242 1
243 0
244 1
245 1
246 3
247 1
248 1
249 3
250 2
251 1
252 3
253 2
254 1
255 1
256 3
257 0
258 1
259 3
260 0
261 1
262 1
263 1
264 0
265 1
266 1
267 1
268 3
269 0
270 1
271 2
272 2
273 3
274 0
275 1
276 0
277 0
278 3
279 3
280 1
281 3
282 2
283 0
284 1
285 0
286 0
287 1
288 1
289 1
290 1
291 3
292 1
293 2
294 0
295 1
296 3
297 2
298 1
299 2
300 1
301 0
302 1
303 0
304 1
305 1
306 3
307 1
308 2
309 2
310 2
311 0
312 1
313 1
314 2
315 1
316 3
317 1
318 1
319 0
320 1
321 1
322 1
323 2
324 0
325 1
326 1
327 1
328 1
329 0
330 2
331 0
332 1
333 1
334 0
335 1
336 1
337 1
338 2
339 0
340 0
341 0
342 2
343 0
344 2
345 2
346 2
347 0
348 2
349 2
350 1
351 1
352 1
353 1
354 1
355 3
356 3
357 2
358 2
359 2
360 2
361 2
362 1
363 3
364 1
365 1
366 0
367 0
368 1
369 2
370 2
371 1
372 1
373 2
374 2
375 1
376 1
377 1
378 1
379 2
380 2
381 1
382 2
383 1
384 2
385 1
386 2
387 2
388 2
389 1
390 2
391 2
392 1
393 2
394 0
395 1
396 1
397 0
398 1
399 1
400 2
401 2
402 3
403 2
404 1
405 1
406 1
407 1
408 3
409 1
410 2
411 1
412 0
413 1
414 1
415 1
416 2
417 3
418 1
419 1
420 2
421 2
422 2
423 1
424 1
425 2
426 1
427 1
428 2
429 0
430 1
431 1
432 3
433 0
434 2
435 2
436 2
437 1
438 1
439 1
440 2
441 2
442 2
443 1
444 3
445 0
446 3
447 2
448 2
449 2
450 2
451 1
452 2
453 2
454 1
455 1
456 1
457 1
458 1
459 3
460 1
461 2
462 2
463 2
464 0
465 2
466 0
467 0
468 0
469 3
470 0
471 2
472 2
473 0
474 0
475 0
476 0
477 3
478 1
479 1
480 1
481 3
482 1
483 1
484 1
485 1
486 1
487 1
488 1
489 1
490 1
491 1
492 1
493 1
494 1
495 1
496 1
497 1
498 1
499 1
500 1
501 1
502 3
503 1
504 1
505 0
506 3
507 1
508 1
509 1
510 1
511 3
512 1
513 1
514 1
515 1
516 1
517 1
518 1
519 1
520 1
521 1
522 1
523 1
524 1
525 1
526 3
527 1
528 2
529 1
530 1
531 8
532 2
533 1
534 1
535 1
536 1
537 1
538 1
539 1
540 1
541 1
542 1
543 1
544 1
545 1
546 0
547 2
548 1
549 1
550 1
551 1
552 1
553 1
554 1
555 1
556 1
557 1
558 1
559 3
560 1
561 1
562 1
563 1
564 1
565 1
566 1
567 1
568 1
569 1
570 1
571 1
572 1
573 1
574 1
575 1
576 1
577 1
578 1
579 1
580 1
581 1
582 3
583 1
584 1
585 0
586 1
587 1
588 1
589 1
590 1
591 1
592 8
593 1
594 1
595 1
596 1
597 3
598 2
599 1
600 2
601 1
602 1
603 2
604 1
605 3
606 1
607 1
608 1
609 0
610 0
611 0
612 0
613 0
614 3
615 0
616 0
617 0
618 0
619 0
620 0
621 0
622 0
623 0
624 0
625 0
626 0
627 0
628 0
629 0
630 0
631 3
632 0
633 0
634 0
635 0
636 1
637 0
638 0
639 0
640 0
641 0
642 0
643 0
644 0
645 0
646 0
647 2
648 0
649 2
650 0
651 0
652 0
653 0
654 0
655 0
656 0
657 0
658 0
659 0
660 0
661 1
662 0
663 0
664 0
665 0
666 0
667 1
668 0
669 0
670 2
671 0
672 0
673 0
674 3
675 0
676 0
677 0
678 0
679 0
680 0
681 0
682 2
683 0
684 0
685 2
686 0
687 0
688 0
689 0
690 2
691 0
692 0
693 0
694 0
695 0
696 0
697 0
698 0
699 0
700 0
701 0
702 0
703 0
704 0
705 0
706 0
707 0
708 0
709 0
710 0
711 0
712 0
713 0
714 0
715 0
716 0
717 0
718 0
719 0
720 0
721 0
722 0
723 0
724 0
725 0
726 0
727 0
728 0
729 0
730 0
731 0
732 0
733 2
734 0
735 0
736 3
737 0
738 0
739 0
740 0
741 0
742 0
743 0
744 3
745 2
746 0
747 0
748 0
749 0
750 0
751 0
752 0
753 0
754 0
755 0
756 0
757 0
758 0
759 0
760 0
761 0
762 0
763 0
764 0
765 0
766 0
767 0
768 0
769 0
770 1
771 0
772 0
773 0
774 2
775 0
776 0
777 0
778 0
779 0
780 0
781 0
782 0
783 0
784 2
785 0
786 0
787 0
788 0
789 2
790 1
791 0
792 0
793 0
794 0
795 0
796 0
797 0
798 0
799 0
800 0
801 0
802 0
803 0
804 0
805 0
806 0
807 2
808 0
809 0
810 0
811 0
812 0
813 0
814 0
815 0
816 0
817 0
818 0
819 0
820 0
821 0
822 0
823 0
824 0
825 0
826 0
827 0
828 3
829 3
830 3
831 3
832 3
833 3
834 3
835 3
836 3
837 3
838 3
839 3
840 3
841 3
842 3
843 3
844 3
845 3
846 3
847 3
848 3
849 3
850 0
851 0
852 0
853 0
854 0
855 0
856 0
857 0
858 0
859 0
860 0
861 0
862 0
863 2
864 0
865 0
866 0
867 2
868 0
869 0
870 0
871 0
872 0
873 3
874 0
875 0
876 0
877 1
878 0
879 0
880 0
881 0
882 0
883 0
884 0
885 0
886 0
887 0
888 0
889 2
890 0
891 0
892 0
893 0
894 0
895 0
896 0
897 0
898 0
899 0
900 2
901 0
902 0
903 0
904 3
905 0
906 0
907 0
908 0
909 0
910 0
911 0
912 0
913 0
914 0
915 0
916 0
917 0
918 0
919 0
920 0
921 0
922 0
923 0
924 0
925 0
926 0
927 0
928 0
929 0
930 0
931 0
932 0
933 0
934 0
935 0
936 0
937 0
938 2
939 0
940 0
941 0
942 0
943 0
944 0
945 0
946 0
947 0
948 0
949 0
950 0
951 0
952 0
953 2
954 0
955 0
956 0
957 0
958 0
959 1
960 3
961 0
962 0
963 0
964 0
965 2
966 2
967 0
968 0
969 0
970 0
971 0
972 0
973 0
974 0
975 0
976 0
977 0
978 0
979 0
980 0
981 0
982 0
983 0
984 0
985 0
986 0
987 3
988 0
989 0
990 0
991 0
992 0
993 0
994 0
995 0
996 0
997 3
998 0
999 0
1000 0
1001 0
1002 2
1003 0
1004 0
1005 0
1006 3
1007 3
1008 3
1009 3
1010 3
1011 3
1012 0
1013 0
1014 0
1015 3
1016 0
1017 0
1018 0
1019 2
1020 0
1021 2
1022 0
1023 0
1024 0
1025 0
1026 0
1027 0
1028 0
1029 3
1030 3
1031 0
1032 0
1033 0
1034 0
1035 0
1036 0
1037 3
1038 0
1039 0
1040 1
1041 0
1042 0
1043 0
1044 0
1045 0
1046 0
1047 3
1048 0
1049 0
1050 0
1051 0
1052 0
1053 2
1054 0
1055 0
1056 0
1057 3
1058 3
1059 0
1060 3
1061 0
1062 0
1063 0
1064 0
1065 0
1066 0
1067 0
1068 0
1069 0
1070 0
1071 0
1072 0
1073 3
1074 0
1075 0
1076 3
1077 0
1078 2
1079 0
1080 0
1081 2
1082 0
1083 0
1084 0
1085 0
1086 0
1087 0
1088 3
1089 0
1090 0
1091 0
1092 0
1093 0
1094 0
1095 0
1096 0
1097 0
1098 0
1099 0
1100 0
1101 0
1102 0
1103 3
1104 0
1105 0
1106 0
1107 0
1108 0
1109 0
1110 0
1111 0
1112 1
1113 1
1114 0
1115 2
1116 0
1117 0
1118 2
1119 2
1120 0
1121 0
1122 0
1123 0
1124 0
1125 0
1126 0
1127 0
1128 0
1129 0
1130 0
1131 0
1132 0
1133 3
1134 2
1135 0
1136 0
1137 3
1138 3
1139 0
1140 0
1141 0
1142 2
1143 3
1144 2
1145 0
1146 0
1147 2
1148 2
1149 3
1150 0
1151 0
1152 1
1153 0
1154 0
1155 0
1156 0
1157 0
1158 1
1159 0
1160 0
1161 0
1162 0
1163 3
1164 1
1165 3
1166 3
1167 0
1168 2
1169 3
1170 3
1171 2
1172 1
1173 3
1174 2
1175 2
1176 2
1177 3
1178 2
1179 0
1180 0
1181 2
1182 0
1183 1
1184 2
1185 2
1186 2
1187 1
1188 1
1189 2
1190 2
1191 2
1192 2
1193 2
1194 2
1195 2
1196 2
1197 2
1198 1
1199 3
1200 1
1201 0
1202 3
1203 2
1204 2
1205 2
1206 1
1207 1
1208 2
1209 2
1210 2
1211 0
1212 0
1213 0
1214 2
1215 2
1216 2
1217 0
1218 0
1219 1
1220 1
1221 2
1222 2
1223 1
1224 1
1225 2
1226 1
1227 1
1228 0
1229 1
1230 1
1231 0
1232 0
1233 2
1234 2
1235 2
1236 1
1237 1
1238 2
1239 2
1240 1
1241 2
1242 2
1243 2
1244 0
1245 0
1246 0
1247 0
1248 3
1249 0
1250 2
1251 2
1252 3
1253 2
1254 1
1255 2
1256 1
1257 0
1258 2
1259 2
1260 0
1261 2
1262 2
1263 1
1264 1
1265 1
1266 2
1267 1
1268 1
1269 1
1270 1
1271 2
1272 3
1273 2
1274 3
1275 0
1276 1
1277 1
1278 2
1279 2
1280 2
1281 2
1282 0
1283 2
1284 2
1285 1
1286 2
1287 2
1288 2
1289 2
1290 2
1291 0
1292 3
1293 2
1294 2
1295 2
1296 1
1297 2
1298 1
1299 2
1300 2
1301 2
1302 2
1303 1
1304 0
1305 1
1306 2
1307 2
1308 1
1309 2
1310 2
1311 2
1312 2
1313 2
1314 2
1315 1
1316 2
1317 2
1318 1
1319 1
1320 1
1321 0
1322 2
1323 3
1324 2
1325 2
1326 2
1327 2
1328 2
1329 2
1330 2
1331 3
1332 2
1333 1
1334 0
1335 2
1336 3
1337 0
1338 2
1339 1
1340 1
1341 3
1342 1
1343 0
1344 2
1345 1
1346 1
1347 2
1348 2
1349 3
1350 1
1351 0
1352 2
1353 0
1354 1
1355 3
1356 1
1357 3
1358 2
1359 2
1360 0
1361 1
1362 2
1363 0
1364 1
1365 1
1366 2
1367 1
1368 2
1369 2
1370 0
1371 0
1372 1
1373 2
1374 3
1375 1
1376 2
1377 1
1378 2
1379 1
1380 3
1381 2
1382 2
1383 0
1384 0
1385 1
1386 1
1387 1
1388 3
1389 1
1390 2
1391 1
1392 2
1393 0
1394 3
1395 2
1396 1
1397 1
1398 0
1399 2
1400 2
1401 0
1402 2
1403 0
1404 1
1405 1
1406 2
1407 2
1408 1
1409 3
1410 2
1411 2
1412 2
1413 2
1414 1
1415 1
1416 2
1417 2
1418 2
1419 1
1420 1
1421 2
1422 0
1423 1
1424 2
1425 2
1426 2
1427 2
1428 1
1429 3
1430 2
1431 1
1432 1
1433 1
1434 2
1435 0
1436 3
1437 0
1438 2
1439 2
1440 0
1441 0
1442 2
1443 2
1444 1
1445 2
1446 0
1447 3
1448 1
1449 1
1450 1
1451 3
1452 1
1453 2
1454 2
1455 2
1456 2
1457 1
1458 1
1459 1
1460 3
1461 2
1462 2
1463 2
1464 2
1465 1
1466 2
1467 2
1468 2
1469 1
1470 2
1471 2
1472 1
1473 1
1474 2
1475 0
1476 1
1477 2
1478 3
1479 1
1480 1
1481 1
1482 1
1483 1
1484 1
1485 3
1486 1
1487 1
1488 0
1489 1
1490 2
1491 1
1492 1
1493 1
1494 1
1495 1
1496 2
1497 1
1498 3
1499 1
1500 3
1501 1
1502 1
1503 1
1504 0
1505 1
1506 2
1507 1
1508 2
1509 2
1510 3
1511 1
1512 3
1513 3
1514 1
1515 1
1516 0
1517 1
1518 1
1519 2
1520 3
1521 2
1522 2
1523 2
1524 2
1525 2
1526 1
1527 2
1528 2
1529 3
1530 3
1531 2
1532 2
1533 3
1534 3
1535 1
1536 3
1537 3
1538 3
1539 3
1540 0
1541 3
1542 2
1543 3
1544 2
1545 2
1546 2
1547 2
1548 2
1549 2
1550 2
1551 3
1552 2
1553 3
1554 0
1555 1
1556 2
1557 2
1558 1
1559 2
1560 0
1561 2
1562 1
1563 2
1564 2
1565 2
1566 2
1567 2
1568 0
1569 2
1570 1
1571 1
1572 1
1573 2
1574 2
1575 2
1576 2
1577 2
1578 2
1579 1
1580 1
1581 1
1582 1
1583 2
1584 0
1585 2
1586 2
1587 0
1588 0
1589 1
1590 1
1591 1
1592 2
1593 1
1594 1
1595 2
1596 3
1597 2
1598 2
1599 1
1600 2
1601 2
1602 3
1603 2
1604 1
1605 2
1606 2
1607 3
1608 2
1609 2
1610 2
1611 1
1612 2
1613 1
1614 1
1615 2
1616 3
1617 2
1618 1
1619 2
1620 2
1621 3
1622 2
1623 1
1624 2
1625 2
1626 3
1627 2
1628 3
1629 2
1630 1
1631 3
1632 2
1633 2
1634 2
1635 2
1636 2
1637 1
1638 2
1639 1
1640 1
1641 1
1642 1
1643 1
1644 2
1645 1
1646 1
1647 3
1648 2
1649 1
1650 2
1651 3
1652 3
1653 1
1654 1
1655 2
1656 1
1657 2
1658 1
1659 2
1660 2
1661 1
1662 1
1663 3
1664 3
1665 1
1666 2
1667 1
1668 2
1669 1
1670 2
1671 1
1672 1
1673 0
1674 2
1675 0
1676 1
1677 1
1678 3
1679 1
1680 2
1681 1
1682 1
1683 1
1684 2
1685 0
1686 1
1687 1
1688 1
1689 1
1690 1
1691 1
1692 3
1693 3
1694 3
1695 2
1696 0
1697 1
1698 1
1699 2
1700 2
1701 1
1702 2
1703 0
1704 1
1705 3
1706 0
1707 1
1708 1
1709 1
1710 1
1711 1
1712 1
1713 1
1714 3
1715 2
1716 1
1717 1
1718 2
1719 3
1720 3
1721 3
1722 3
1723 1
1724 1
1725 0
1726 3
1727 1
1728 3
1729 3
1730 3
1731 3
1732 1
1733 2
1734 3
1735 3
1736 0
1737 1
1738 2
1739 2
1740 1
1741 2
1742 3
1743 1
1744 3
1745 2
1746 2
1747 1
1748 1
1749 1
1750 3
1751 1
1752 0
1753 1
1754 1
1755 3
1756 3
1757 3
1758 3
1759 3
1760 1
1761 1
1762 2
1763 1
1764 1
1765 3
1766 3
1767 1
1768 2
1769 1
1770 3
1771 2
1772 1
1773 1
1774 3
1775 3
1776 1
1777 0
1778 1
1779 1
1780 3
1781 1
1782 3
1783 1
1784 1
1785 3
1786 3
1787 2
1788 2
1789 1
1790 1
1791 3
1792 1
1793 3
1794 1
1795 3
1796 1
1797 0
1798 3
1799 1
1800 3
1801 1
1802 1
1803 1
1804 1
1805 0
1806 3
1807 1
1808 2
1809 1
1810 1
1811 0
1812 1
1813 2
1814 1
1815 1
1816 1
1817 2
1818 2
1819 0
1820 1
1821 1
1822 2
1823 2
1824 1
1825 1
1826 2
1827 1
1828 2
1829 2
1830 1
1831 3
1832 3
1833 0
1834 2
1835 0
1836 0
1837 2
1838 1
1839 1
1840 3
1841 2
1842 3
1843 1
1844 1
1845 3
1846 3
1847 3
1848 3
1849 3
1850 3
1851 3
1852 3
1853 3
1854 2
1855 1
1856 1
1857 3
1858 2
1859 1
1860 1
1861 3
1862 1
1863 3
1864 1
1865 2
1866 3
1867 2
1868 2
1869 3
1870 3
1871 3
1872 2
1873 2
1874 2
1875 0
1876 3
1877 3
1878 1
1879 2
1880 1
1881 2
1882 3
1883 1
1884 3
1885 0
1886 2
1887 2
1888 1
1889 0
1890 3
1891 1
1892 2
1893 1
1894 1
1895 1
1896 3
1897 2
1898 2
1899 3
1900 3
1901 3
1902 3
1903 3
1904 3
1905 3
1906 3
1907 3
1908 3
1909 3
1910 3
1911 3
1912 1
1913 3
1914 2
1915 1
1916 0
1917 1
1918 3
1919 1
1920 3
1921 1
1922 3
1923 1
1924 1
1925 3
1926 1
1927 2
1928 3
1929 0
1930 3
1931 2
1932 1
1933 3
1934 2
1935 0
1936 3
1937 3
1938 3
1939 0
1940 3
1941 3
1942 3
1943 1
1944 3
1945 3
1946 2
1947 1
1948 3
1949 3
1950 3
1951 3
1952 3
1953 3
1954 3
1955 3
1956 3
1957 3
1958 0
1959 1
1960 2
1961 3
1962 1
1963 1
1964 3
1965 1
1966 3
1967 3
1968 3
1969 1
1970 2
1971 2
1972 2
1973 3
1974 1
1975 0
1976 2
1977 1
1978 2
1979 3
1980 3
1981 0
1982 2
1983 1
1984 2
1985 2
1986 2
1987 2
1988 1
1989 3
1990 2
1991 0
1992 3
1993 1
1994 2
1995 3
1996 1
1997 2
1998 0
1999 3
2000 1
2001 2
2002 2
2003 1
2004 0
2005 1
2006 3
2007 1
2008 1
2009 1
2010 1
2011 2
2012 3
2013 2
2014 2
2015 2
2016 0
2017 2
2018 1
2019 1
2020 2
2021 1
2022 2
2023 2
2024 1
2025 2
2026 1
2027 2
2028 3
2029 0
2030 3
2031 3
2032 3
2033 0
2034 3
2035 2
2036 2
2037 2
2038 2
2039 1
2040 1
2041 3
2042 2
2043 3
2044 2
2045 3
2046 2
2047 2
2048 3
2049 2
2050 3
2051 1
2052 2
2053 2
2054 2
2055 1
2056 2
2057 2
2058 1
2059 2
2060 1
2061 2
2062 2
2063 2
2064 2
2065 0
2066 3
2067 1
2068 1
2069 3
2070 1
2071 1
2072 1
2073 1
2074 1
2075 1
2076 1
2077 3
2078 1
2079 1
2080 3
2081 3
2082 2
2083 1
2084 1
2085 1
2086 2
2087 1
2088 2
2089 2
2090 0
2091 3
2092 2
2093 1
2094 1
2095 2
2096 2
2097 2
2098 1
2099 2
2100 1
2101 1
2102 1
2103 0
2104 1
2105 1
2106 1
2107 2
2108 3
2109 0
2110 1
2111 2
2112 0
2113 2
2114 1
2115 2
2116 2
2117 1
2118 1
2119 2
2120 1
2121 2
2122 3
2123 2
2124 3
2125 2
2126 3
2127 2
2128 2
2129 1
2130 0
2131 1
2132 2
2133 2
2134 1
2135 0
2136 2
2137 1
2138 0
2139 1
2140 0
2141 1
2142 2
2143 1
2144 2
2145 1
2146 1
2147 2
2148 0
2149 1
2150 1
2151 1
2152 2
2153 2
2154 1
2155 1
2156 1
2157 2
2158 2
2159 1
2160 2
2161 1
2162 2
2163 1
2164 2
2165 0
2166 1
2167 3
2168 1
2169 1
2170 2
2171 3
2172 3
2173 1
2174 2
2175 2
2176 0
2177 2
2178 0
2179 1
2180 3
2181 1
2182 2
2183 2
2184 2
2185 1
2186 2
2187 0
2188 2
2189 1
2190 3
2191 2
2192 0
2193 3
2194 2
2195 2
2196 2
2197 1
2198 2
2199 2
2200 1
2201 2
2202 1
2203 2
2204 1
2205 0
2206 2
2207 2
2208 3
2209 2
2210 0
2211 2
2212 1
2213 2
2214 2
2215 1
2216 3
2217 1
2218 0
2219 2
2220 3
2221 1
2222 1
2223 0
2224 2
2225 1
2226 0
2227 3
2228 3
2229 2
2230 3
2231 3
2232 1
2233 1
2234 1
2235 1
2236 3
2237 2
2238 1
2239 3
2240 2
2241 2
2242 3
2243 2
2244 2
2245 2
2246 2
2247 2
2248 2
2249 2
2250 2
2251 2
2252 1
2253 2
2254 1
2255 2
2256 2
2257 2
2258 3
2259 2
2260 0
2261 2
2262 1
2263 2
2264 2
2265 2
2266 2
2267 2
2268 2
2269 0
2270 3
2271 2
2272 2
2273 2
2274 2
2275 2
2276 2
2277 2
2278 2
2279 1
2280 2
2281 1
2282 2
2283 2
2284 1
2285 2
2286 2
2287 2
2288 2
2289 2
2290 2
2291 2
2292 2
2293 1
2294 2
2295 2
2296 2
2297 2
2298 2
2299 2
2300 2
2301 2
2302 2
2303 2
2304 2
2305 2
2306 2
2307 2
2308 1
2309 2
2310 2
2311 2
2312 1
2313 1
2314 2
2315 2
2316 2
2317 2
2318 1
2319 2
2320 2
2321 2
2322 2
2323 2
2324 2
2325 2
2326 2
2327 2
2328 2
2329 2
2330 2
2331 1
2332 2
2333 1
2334 2
2335 2
2336 2
2337 2
2338 2
2339 2
2340 2
2341 2
2342 2
2343 2
2344 3
2345 1
2346 2
2347 2
2348 2
2349 2
2350 2
2351 2
2352 2
2353 1
2354 2
2355 2
2356 2
2357 2
2358 2
2359 2
2360 2
2361 2
2362 2
2363 2
2364 1
2365 2
2366 2
2367 2
2368 2
2369 2
2370 2
2371 2
2372 2
2373 1
2374 2
2375 2
2376 1
2377 1
2378 2
2379 2
2380 2
2381 2
2382 2
2383 2
2384 2
2385 2
2386 2
2387 2
2388 2
2389 2
2390 2
2391 2
2392 2
2393 2
2394 2
2395 3
2396 2
2397 2
2398 2
2399 1
2400 1
2401 2
2402 2
2403 2
2404 2
2405 1
2406 2
2407 2
2408 3
2409 2
2410 2
2411 2
2412 2
2413 2
2414 2
2415 2
2416 2
2417 2
2418 1
2419 2
2420 2
2421 2
2422 2
2423 0
2424 2
2425 2
2426 2
2427 2
2428 2
2429 2
2430 2
2431 2
2432 2
2433 2
2434 2
2435 2
2436 2
2437 2
2438 2
2439 1
2440 0
2441 2
2442 2
2443 2
2444 2
2445 1
2446 2
2447 2
2448 2
2449 2
2450 1
2451 2
2452 2
2453 2
2454 2
2455 2
2456 2
2457 2
2458 2
2459 2
2460 1
2461 2
2462 2
2463 2
2464 2
2465 2
2466 2
2467 2
2468 2
2469 1
2470 2
2471 1
2472 2
2473 2
2474 2
2475 1
2476 2
2477 2
2478 2
2479 2
2480 0
2481 1
2482 2
2483 0
2484 1
2485 2
2486 2
2487 2
2488 2
2489 2
2490 2
2491 2
2492 2
2493 2
2494 2
2495 2
2496 2
2497 2
2498 2
2499 2
2500 2
2501 2
2502 2
2503 2
2504 2
2505 2
2506 3
2507 3
2508 2
2509 2
2510 2
2511 2
2512 2
2513 2
2514 2
2515 2
2516 2
2517 2
2518 2
2519 2
2520 2
2521 2
2522 2
2523 2
2524 2
2525 2
2526 2
2527 2
2528 2
2529 2
2530 3
2531 2
2532 2
2533 2
2534 2
2535 2
2536 2
2537 2
2538 2
2539 2
2540 2
2541 2
2542 1
2543 1
2544 2
2545 2
2546 2
2547 2
2548 2
2549 2
2550 2
2551 2
2552 0
2553 2
2554 2
2555 2
2556 2
2557 2
2558 2
2559 3
2560 1
2561 2
2562 2
2563 2
2564 2
2565 1
2566 2
2567 2
2568 3
2569 2
2570 2
2571 2
2572 1
2573 1
2574 2
2575 2
2576 2
2577 2
2578 2
2579 2
2580 2
2581 2
2582 2
2583 1
2584 2
2585 2
2586 2
2587 2
2588 2
2589 2
2590 1
2591 2
2592 2
2593 2
2594 2
2595 2
2596 2
2597 2
2598 2
2599 2
2600 2
2601 2
2602 2
2603 2
2604 2
2605 2
2606 2
2607 2
2608 2
2609 2
2610 2
2611 2
2612 1
2613 2
2614 2
2615 2
2616 2
2617 2
2618 2
2619 3
2620 2
2621 1
2622 2
2623 1
2624 2
2625 1
2626 0
2627 2
2628 2
2629 2
2630 2
2631 2
2632 2
2633 1
2634 2
2635 2
2636 2
2637 2
2638 2
2639 2
2640 2
2641 1
2642 2
2643 2
2644 1
2645 2
2646 2
2647 2
2648 2
2649 2
2650 2
2651 2
2652 2
2653 2
2654 2
2655 2
2656 2
2657 2
2658 3
2659 2
2660 2
2661 2
2662 2
2663 2
2664 2
2665 2
2666 2
2667 2
2668 3
2669 2
2670 1
2671 2
2672 1
2673 2
2674 2
2675 2
2676 2
2677 1
2678 2
2679 2
2680 1
2681 2
2682 2
2683 3
2684 2
2685 1
2686 2
2687 2
2688 2
2689 2
2690 2
2691 2
2692 1
2693 1
2694 3
2695 2
2696 2
2697 1
2698 0
2699 1
2700 0
2701 1
2702 1
2703 2
2704 1
2705 1
2706 1
2707 1
2708 1
2709 1
2710 1
2711 0
2712 1
2713 1
2714 1
2715 1
2716 2
2717 1
2718 1
2719 1
2720 1
2721 1
2722 1
2723 0
2724 1
2725 0
2726 0
2727 0
2728 2
2729 0
2730 3
2731 3
2732 3
2733 3
2734 3
2735 3
2736 3
2737 3
2738 3
2739 0
2740 3
2741 3
2742 3
2743 1
2744 3
2745 1
2746 0
2747 1
2748 0
2749 3
2750 0
2751 1
2752 2
2753 0
2754 2
2755 0
2756 3
2757 1
2758 0
2759 1
2760 3
2761 0
2762 0
2763 0
2764 2
2765 3
2766 3
2767 2
2768 0
2769 1
2770 2
2771 3
2772 1
2773 1
2774 1
2775 0
2776 3
2777 3
2778 3
2779 3
2780 3
2781 1
2782 1
2783 1
2784 3
2785 1
2786 1
2787 1
2788 2
2789 1
2790 1
2791 3
2792 1
2793 2
2794 3
2795 1
2796 1
2797 2
2798 1
2799 3
2800 2
2801 1
2802 0
2803 3
2804 3
2805 3
2806 1
2807 1
2808 1
2809 0
2810 1
2811 1
2812 1
2813 1
2814 2
2815 1
2816 1
2817 1
2818 1
2819 1
2820 1
2821 1
2822 2
2823 1
2824 1
2825 1
2826 0
2827 2
2828 1
2829 1
2830 3
2831 3
2832 1
2833 2
2834 3
2835 1
2836 1
2837 1
2838 1
2839 2
2840 1
2841 2
2842 1
2843 1
2844 2
2845 1
2846 2
2847 3
2848 2
2849 1
2850 1
2851 2
2852 1
2853 1
2854 2
2855 3
2856 0
2857 3
2858 1
2859 1
2860 1
2861 1
2862 1
2863 1
2864 0
2865 1
2866 1
2867 1
2868 2
2869 3
2870 1
2871 3
2872 2
2873 1
2874 1
2875 1
2876 1
2877 1
2878 1
2879 2
2880 1
2881 0
2882 1
2883 1
2884 1
2885 1
2886 0
2887 1
2888 1
2889 1
2890 2
2891 1
2892 2
2893 2
2894 2
2895 1
2896 1
2897 3
2898 2
2899 1
2900 2
2901 0
2902 2
2903 1
2904 0
2905 1
2906 2
2907 1
2908 1
2909 1
2910 3
2911 1
2912 1
2913 1
2914 1
2915 1
2916 1
2917 2
2918 1
2919 1
2920 3
2921 1
2922 2
2923 2
2924 3
2925 3
2926 3
2927 3
2928 0
2929 3
2930 3
2931 3
2932 3
2933 0
2934 2
2935 1
2936 1
2937 2
2938 1
2939 1
2940 1
2941 1
2942 3
2943 1
2944 1
2945 1
2946 1
2947 1
2948 2
2949 1
2950 3
2951 2
2952 0
2953 1
2954 1
2955 1
2956 1
2957 1
2958 1
2959 1
2960 1
2961 1
2962 2
2963 1
2964 0
2965 2
2966 1
2967 1
2968 1
2969 2
2970 1
2971 1
2972 3
2973 1
2974 2
2975 1
2976 1
2977 0
2978 1
2979 2
2980 1
2981 1
2982 2
2983 1
2984 1
2985 2
2986 1
2987 1
2988 1
2989 1
2990 2
2991 1
2992 2
2993 1
2994 2
2995 1
2996 3
2997 1
2998 0
2999 1
3000 1
3001 3
3002 1
3003 1
3004 1
3005 3
3006 1
3007 1
3008 1
3009 1
3010 3
3011 3
3012 1
3013 4
3014 1
3015 2
3016 1
3017 3
3018 1
3019 2
3020 1
3021 2
3022 3
3023 3
3024 1
3025 0
3026 3
3027 1
3028 1
3029 1
3030 0
3031 0
3032 3
3033 3
3034 3
3035 2
3036 1
3037 1
3038 1
3039 1
3040 3
3041 2
3042 1
3043 3
3044 2
3045 2
3046 1
3047 0
3048 2
3049 2
3050 1
3051 3
3052 1
3053 1
3054 2
3055 1
3056 1
3057 1
3058 2
3059 1
3060 1
3061 1
3062 1
3063 1
3064 1
3065 2
3066 0
3067 1
3068 1
3069 2
3070 1
3071 3
3072 0
3073 1
3074 1
3075 3
3076 1
3077 3
3078 1
3079 1
3080 1
3081 2
3082 1
3083 2
3084 2
3085 1
3086 3
3087 2
3088 1
3089 1
3090 1
3091 1
3092 0
3093 1
3094 3
3095 1
3096 2
3097 0
3098 2
3099 1
3100 1
3101 1
3102 1
3103 1
3104 1
3105 2
3106 0
3107 1
3108 3
3109 2
3110 3
3111 2
3112 3
3113 1
3114 1
3115 2
3116 1
3117 1
3118 2
3119 3
3120 1
3121 2
3122 0
3123 3
3124 3
3125 3
3126 3
3127 3
3128 1
3129 1
3130 1
3131 1
3132 0
3133 1
3134 2
3135 1
3136 1
3137 0
3138 0
3139 1
3140 0
3141 1
3142 2
3143 1
3144 1
3145 2
3146 0
3147 1
3148 1
3149 2
3150 2
3151 3
3152 1
3153 0
3154 1
3155 2
3156 3
3157 3
3158 1
3159 2
3160 3
3161 1
3162 2
3163 1
3164 1
3165 3
3166 2
3167 1
3168 1
3169 1
3170 1
3171 2
3172 1
3173 2
3174 0
3175 3
3176 9
3177 3
3178 1
3179 3
3180 3
3181 0
3182 1
3183 1
3184 0
3185 0
3186 2
3187 2
3188 2
3189 2
3190 2
3191 2
3192 2
3193 2
3194 0
3195 2
3196 1
3197 2
3198 1
3199 3
3200 1
3201 1
3202 2
3203 1
3204 2
3205 1
3206 2
3207 0
3208 1
3209 1
3210 2
3211 0
3212 1
3213 3
3214 0
3215 1
3216 1
3217 3
3218 1
3219 1
3220 1
3221 1
3222 1
3223 2
3224 3
3225 1
3226 1
3227 1
3228 0
3229 2
3230 1
3231 3
3232 2
3233 3
3234 1
3235 1
3236 1
3237 1
3238 1
3239 2
3240 1
3241 1
3242 1
3243 1
3244 1
3245 2
3246 1
3247 2
3248 1
3249 2
3250 2
3251 3
3252 1
3253 2
3254 1
3255 2
3256 1
3257 1
3258 1
3259 3
3260 3
3261 3
3262 3
3263 1
3264 3
3265 1
3266 1
3267 2
3268 1
3269 1
3270 2
3271 2
3272 2
3273 3
3274 1
3275 1
3276 1
3277 2
3278 2
3279 3
3280 0
3281 1
3282 1
3283 1
3284 2
3285 1
3286 1
3287 1
3288 1
3289 1
3290 1
3291 1
3292 1
3293 2
3294 2
3295 1
3296 3
3297 1
3298 2
3299 2
3300 0
3301 0
3302 1
3303 1
3304 1
3305 1
3306 1
3307 1
3308 2
3309 2
3310 2
3311 3
3312 2
3313 1
3314 1
3315 1
3316 1
3317 1
3318 2
3319 1
3320 0
3321 1
3322 1
3323 2
3324 1
3325 3
3326 1
3327 1
3328 1
3329 1
3330 2
3331 1
3332 1
3333 2
3334 3
3335 0
3336 1
3337 1
3338 1
3339 3
3340 3
3341 3
3342 3
3343 3
3344 3
3345 3
3346 3
3347 3
3348 3
3349 3
3350 3
3351 3
3352 3
3353 3
3354 3
3355 3
3356 3
3357 3
3358 3
3359 3
3360 3
3361 3
3362 3
3363 3
3364 3
3365 3
3366 3
3367 3
3368 3
3369 3
3370 3
3371 3
3372 3
3373 3
3374 3
3375 3
3376 1
3377 1
3378 0
3379 1
3380 1
3381 0
3382 1
3383 1
3384 1
3385 1
3386 2
3387 1
3388 1
3389 1
3390 1
3391 3
3392 2
3393 1
3394 3
3395 2
3396 3
3397 1
3398 1
3399 1
3400 2
3401 2
3402 1
3403 1
3404 3
3405 1
3406 2
3407 1
3408 2
3409 1
3410 1
3411 1
3412 1
3413 1
3414 2
3415 3
3416 0
3417 1
3418 1
3419 2
3420 0
3421 2
3422 1
3423 1
3424 1
3425 3
3426 1
3427 3
3428 2
3429 1
3430 1
3431 2
3432 1
3433 1
3434 1
3435 1
3436 1
3437 1
3438 3
3439 0
3440 3
3441 3
3442 2
3443 1
3444 1
3445 1
3446 3
3447 1
3448 3
3449 1
3450 2
3451 3
3452 3
3453 1
3454 1
3455 3
3456 1
3457 1
3458 1
3459 1
3460 1
3461 1
3462 1
3463 1
3464 2
3465 1
3466 1
3467 1
3468 1
3469 2
3470 2
3471 1
3472 1
3473 0
3474 2
3475 1
3476 1
3477 1
3478 1
3479 1
3480 3
3481 2
3482 1
3483 2
3484 2
3485 1
3486 2
3487 0
3488 1
3489 2
3490 1
3491 1
3492 2
3493 1
3494 1
3495 1
3496 1
3497 0
3498 1
3499 2
3500 2
3501 1
3502 1
3503 1
3504 3
3505 2
3506 2
3507 2
3508 2
3509 1
3510 0
3511 2
3512 3
3513 1
3514 0
3515 1
3516 1
3517 1
3518 1
3519 3
3520 1
3521 1
3522 3
3523 1
3524 3
3525 2
3526 0
3527 1
3528 0
3529 1
3530 1
3531 1
3532 1
3533 2
3534 2
3535 2
3536 1
3537 2
3538 1
3539 1
3540 1
3541 1
3542 3
3543 1
3544 1
3545 0
3546 2
3547 1
3548 2
3549 1
3550 3
3551 1
3552 1
3553 1
3554 1
3555 1
3556 1
3557 1
3558 2
3559 0
3560 0
3561 1
3562 1
3563 0
3564 1
3565 3
3566 0
3567 3
3568 0
3569 1
3570 1
3571 2
3572 3
3573 3
3574 1
3575 0
3576 1
3577 2
3578 2
3579 0
3580 1
3581 1
3582 1
3583 1
3584 1
3585 2
3586 1
3587 1
3588 1
3589 1
3590 2
3591 1
3592 2
3593 1
3594 1
3595 1
3596 0
3597 1
3598 1
3599 1
3600 2
3601 1
3602 1
3603 1
3604 1
3605 1
3606 1
3607 1
3608 2
3609 2
3610 0
3611 1
3612 1
3613 0
3614 1
3615 2
3616 1
3617 2
3618 2
3619 1
3620 1
3621 1
3622 1
3623 2
3624 1
3625 1
3626 1
3627 0
3628 3
3629 1
3630 1
3631 3
3632 1
3633 1
3634 2
3635 3
3636 2
3637 1
3638 1
3639 2
3640 1
3641 2
3642 1
3643 3
3644 3
3645 2
3646 1
3647 3
3648 1
3649 1
3650 1
3651 1
3652 1
3653 1
3654 3
3655 3
3656 3
3657 3
3658 3
3659 3
3660 3
3661 3
3662 3
3663 2
3664 1
3665 1
3666 1
3667 2
3668 0
3669 2
3670 2
3671 3
3672 1
3673 3
3674 3
3675 1
3676 1
3677 3
3678 3
3679 3
3680 1
3681 1
3682 1
3683 1
3684 0
3685 3
3686 2
3687 1
3688 1
3689 1
3690 1
3691 2
3692 1
3693 1
3694 0
3695 2
3696 2
3697 3
3698 1
3699 1
3700 1
3701 1
3702 1
3703 3
3704 1
3705 1
3706 1
3707 1
3708 1
3709 3
3710 2
3711 1
3712 2
3713 1
3714 1
3715 2
3716 0
3717 1
3718 1
3719 3
3720 3
3721 3
3722 0
3723 3
3724 3
3725 3
3726 2
3727 1
3728 1
3729 3
3730 3
3731 0
3732 3
3733 1
3734 1
3735 2
3736 1
3737 0
3738 3
3739 1
3740 1
3741 1
3742 0
3743 2
3744 1
3745 0
3746 3
3747 1
3748 2
3749 1
3750 3
3751 3
3752 1
3753 1
3754 3
3755 2
3756 0
3757 1
3758 1
3759 3
3760 3
3761 1
3762 2
3763 1
3764 2
3765 0
3766 0
3767 0
3768 1
3769 1
3770 1
3771 1
3772 2
3773 1
3774 1
3775 2
3776 1
3777 1
3778 2
3779 1
3780 1
3781 1
3782 3
3783 2
3784 3
3785 1
3786 1
3787 1
3788 1
3789 2
3790 0
3791 1
3792 1
3793 2
3794 1
3795 1
3796 2
3797 1
3798 2
3799 1
3800 2
3801 1
3802 1
3803 2
3804 1
3805 3
3806 2
3807 1
3808 1
3809 0
3810 3
3811 2
3812 1
3813 3
3814 3
3815 3
3816 2
3817 1
3818 1
3819 0
3820 1
3821 3
3822 1
3823 1
3824 3
3825 1
3826 3
3827 1
3828 1
3829 1
3830 1
3831 1
3832 1
3833 2
3834 3
3835 3
3836 1
3837 1
3838 1
3839 1
3840 2
3841 1
3842 0
3843 1
3844 1
3845 1
3846 1
3847 2
3848 1
3849 1
3850 3
3851 1
3852 3
3853 2
3854 1
3855 1
3856 1
3857 2
3858 2
3859 0
3860 3
3861 3
3862 1
3863 1
3864 1
3865 0
3866 1
3867 1
3868 1
3869 1
3870 1
3871 2
3872 1
3873 1
3874 1
3875 0
3876 2
3877 2
3878 0
3879 2
3880 0
3881 2
3882 0
3883 1
3884 1
3885 1
3886 2
3887 1
3888 1
3889 1
3890 1
3891 1
3892 3
3893 1
3894 3
3895 1
3896 1
3897 2
3898 1
3899 1
3900 1
3901 1
3902 3
3903 1
3904 1
3905 2
3906 0
3907 1
3908 1
3909 2
3910 0
3911 1
3912 1
3913 3
3914 1
3915 1
3916 1
3917 1
3918 3
3919 1
3920 2
3921 3
3922 0
3923 1
3924 0
3925 1
3926 0
3927 0
3928 1
3929 3
3930 3
3931 3
3932 3
3933 3
3934 1
3935 2
3936 1
3937 3
3938 1
3939 2
3940 2
3941 2
3942 1
3943 1
3944 1
3945 1
3946 0
3947 1
3948 1
3949 1
3950 1
3951 1
3952 2
3953 1
3954 2
3955 3
3956 1
3957 2
3958 1
3959 1
3960 1
3961 3
3962 1
3963 2
3964 0
3965 3
3966 0
3967 2
3968 1
3969 2
3970 3
3971 3
3972 1
3973 1
3974 1
3975 3
3976 2
3977 1
3978 2
3979 0
3980 1
3981 1
3982 1
3983 3
3984 1
3985 0
3986 1
3987 1
3988 1
3989 1
3990 1
3991 3
3992 0
3993 1
3994 1
3995 1
3996 2
3997 3
3998 0
3999 3
4000 0
4001 0
4002 1
4003 3
4004 3
4005 0
4006 3
4007 1
4008 0
4009 1
4010 1
4011 3
4012 1
4013 1
4014 3
4015 0
4016 1
4017 1
4018 1
4019 3
4020 2
4021 1
4022 1
4023 0
4024 1
4025 0
4026 3
4027 3
4028 1
4029 1
4030 3
4031 1
4032 1
4033 3
4034 1
4035 1
4036 1
4037 1
4038 1
4039 1
4040 1
4041 3
4042 1
4043 3
4044 1
4045 1
4046 3
4047 1
4048 0
4049 0
4050 1
4051 2
4052 1
4053 3
4054 1
4055 1
4056 1
4057 1
4058 1
4059 1
4060 1
4061 3
4062 1
4063 1
4064 1
4065 1
4066 1
4067 2
4068 0
4069 1
4070 1
4071 3
4072 3
4073 3
4074 0
4075 3
4076 1
4077 1
4078 1
4079 3
4080 0
4081 0
4082 3
4083 1
4084 3
4085 1
4086 1
4087 1
4088 1
4089 1
4090 3
4091 1
4092 1
4093 1
4094 1
4095 1
4096 0
4097 1
4098 1
4099 3
4100 1
4101 1
4102 1
4103 1
4104 2
4105 1
4106 1
4107 1
4108 3
4109 3
4110 0
4111 0
4112 0
4113 1
4114 1
4115 0
4116 1
4117 1
4118 1
4119 1
4120 1
4121 3
4122 2
4123 1
4124 1
4125 3
4126 3
4127 3
4128 3
4129 3
4130 3
4131 0
4132 3
4133 3
4134 2
4135 0
4136 2
4137 0
4138 1
4139 0
4140 1
4141 1
4142 1
4143 1
4144 1
4145 1
4146 1
4147 3
4148 1
4149 1
4150 1
4151 2
4152 3
4153 0
4154 1
4155 1
4156 0
4157 3
4158 0
4159 0
4160 3
4161 1
4162 3
4163 1
4164 1
4165 1
4166 1
4167 3
4168 0
4169 1
4170 1
4171 1
4172 3
4173 3
4174 3
4175 1
4176 0
4177 1
4178 1
4179 3
4180 1
4181 3
4182 1
4183 0
4184 1
4185 0
4186 0
4187 2
4188 1
4189 3
4190 1
4191 1
4192 1
4193 1
4194 1
4195 3
4196 0
4197 2
4198 3
4199 1
4200 3
4201 0
4202 3
4203 0
4204 1
4205 1
4206 3
4207 0
4208 3
4209 3
4210 3
4211 1
4212 1
4213 0
4214 3
4215 0
4216 3
4217 3
4218 3
4219 3
4220 3
4221 3
4222 3
4223 0
4224 3
4225 3
4226 3
4227 0
4228 1
4229 1
4230 1
4231 1
4232 1
4233 1
4234 1
4235 1
4236 1
4237 1
4238 1
4239 3
4240 1
4241 1
4242 1
4243 1
4244 1
4245 1
4246 1
4247 1
4248 1
4249 1
4250 1
4251 3
4252 1
4253 1
4254 1
4255 1
4256 3
4257 1
4258 1
4259 1
4260 1
4261 1
4262 1
4263 1
4264 1
4265 1
4266 1
4267 1
4268 3
4269 1
4270 1
4271 1
4272 3
4273 3
4274 3
4275 0
4276 0
4277 0
4278 3
4279 1
4280 3
4281 0
4282 1
4283 1
4284 3
4285 0
4286 3
4287 3
4288 3
4289 1
4290 2
4291 3
4292 1
4293 1
4294 1
4295 1
4296 1
4297 1
4298 1
4299 1
4300 0
4301 3
4302 3
4303 3
4304 1
4305 3
4306 3
4307 0
4308 0
4309 2
4310 3
4311 3
4312 3
4313 2
4314 3
4315 3
4316 3
4317 0
4318 3
4319 1
4320 2
4321 2
4322 0
4323 1
4324 3
4325 2
4326 3
4327 3
4328 1
4329 3
4330 2
4331 2
4332 1
4333 2
4334 2
4335 2
4336 2
4337 1
4338 2
4339 3
4340 3
4341 2
4342 1
4343 3
4344 3
4345 1
4346 3
4347 3
4348 3
4349 1
4350 1
4351 3
4352 0
4353 0
4354 3
4355 3
4356 3
4357 3
4358 3
4359 1
4360 1
4361 3
4362 3
4363 1
4364 3
4365 3
4366 3
4367 1
4368 1
4369 3
4370 3
4371 3
4372 1
4373 1
4374 3
4375 1
4376 1
4377 1
4378 0
4379 1
4380 3
4381 0
4382 1
4383 1
4384 1
4385 1
4386 0
4387 1
4388 1
4389 0
4390 3
4391 2
4392 1
4393 1
4394 1
4395 1
4396 3
4397 3
4398 0
4399 2
4400 3
4401 3
4402 1
4403 1
4404 1
4405 3
4406 1
4407 3
4408 3
4409 3
4410 1
4411 3
4412 3
4413 3
4414 3
4415 3
4416 1
4417 3
4418 3
4419 3
4420 3
4421 3
4422 3
4423 3
4424 1
4425 3
4426 3
4427 3
4428 3
4429 3
4430 3
4431 3
4432 3
4433 0
4434 3
4435 3
4436 3
4437 3
4438 3
4439 3
4440 3
4441 3
4442 3
4443 3
4444 3
4445 3
4446 3
4447 3
4448 3
4449 3
4450 3
4451 3
4452 3
4453 0
4454 3
4455 3
4456 3
4457 0
4458 3
4459 3
4460 3
4461 0
4462 3
4463 1
4464 1
4465 3
4466 3
4467 3
4468 3
4469 3
4470 3
4471 3
4472 1
4473 3
4474 3
4475 3
4476 3
4477 0
4478 0
4479 0
4480 0
4481 0
4482 1
4483 0
4484 0
4485 3
4486 2
4487 2
4488 1
4489 0
4490 2
4491 0
4492 3
4493 0
4494 1
4495 1
4496 1
4497 0
4498 3
4499 3
4500 0
4501 3
4502 0
4503 3
4504 3
4505 1
4506 3
4507 3
4508 3
4509 0
4510 3
4511 1
4512 3
4513 4
4514 4
4515 4
4516 4
4517 4
4518 1
4519 1
4520 1
4521 3
4522 4
4523 0
4524 1
4525 0
4526 0
4527 1
4528 0
4529 1
4530 1
4531 1
4532 1
4533 0
4534 0
4535 1
4536 1
4537 1
4538 1
4539 3
4540 1
4541 3
4542 1
4543 1
4544 1
4545 1
4546 1
4547 3
4548 1
4549 1
4550 1
4551 1
4552 1
4553 1
4554 1
4555 1
4556 3
4557 1
4558 1
4559 1
4560 1
4561 1
4562 3
4563 1
4564 1
4565 1
4566 2
4567 1
4568 1
4569 0
4570 1
4571 3
4572 1
4573 1
4574 1
4575 1
4576 3
4577 3
4578 1
4579 1
4580 1
4581 1
4582 1
4583 3
4584 0
4585 1
4586 3
4587 3
4588 1
4589 0
4590 3
4591 3
4592 1
4593 2
4594 1
4595 3
4596 1
4597 1
4598 1
4599 1
4600 1
4601 1
4602 1
4603 3
4604 1
4605 3
4606 0
4607 3
4608 3
4609 3
4610 1
4611 3
4612 3
4613 3
4614 3
4615 1
4616 0
4617 0
4618 3
4619 3
4620 3
4621 0
4622 3
4623 3
4624 3
4625 3
4626 1
4627 3
4628 1
4629 1
4630 1
4631 0
4632 1
4633 1
4634 3
4635 1
4636 1
4637 1
4638 1
4639 3
4640 3
4641 1
4642 1
4643 3
4644 1
4645 1
4646 3
4647 1
4648 3
4649 1
4650 1
4651 1
4652 1
4653 1
4654 2
4655 3
4656 1
4657 1
4658 1
4659 1
4660 0
4661 1
4662 1
4663 3
4664 0
4665 1
4666 0
4667 1
4668 1
4669 1
4670 3
4671 3
4672 1
4673 1
4674 3
4675 1
4676 2
4677 0
4678 1
4679 1
4680 1
4681 1
4682 1
4683 1
4684 1
4685 1
4686 1
4687 1
4688 1
4689 1
4690 1
4691 1
4692 1
4693 1
4694 1
4695 1
4696 1
4697 1
4698 1
4699 1
4700 1
4701 3
4702 1
4703 1
4704 1
4705 1
4706 2
4707 1
4708 0
4709 1
4710 1
4711 3
4712 1
4713 1
4714 1
4715 3
4716 2
4717 1
4718 1
4719 1
4720 1
4721 0
4722 0
4723 1
4724 0
4725 0
4726 0
4727 0
4728 0
4729 1
4730 0
4731 0
4732 0
4733 0
4734 3
4735 3
4736 0
4737 1
4738 1
4739 1
4740 1
4741 1
4742 1
4743 1
4744 1
4745 1
4746 3
4747 3
4748 3
4749 3
4750 3
4751 3
4752 3
4753 3
4754 3
4755 3
4756 3
4757 2
4758 1
4759 1
4760 1
4761 3
4762 3
4763 3
4764 1
4765 3
4766 3
4767 1
4768 1
4769 3
4770 1
4771 1
4772 1
4773 1
4774 3
4775 3
4776 3
4777 3
4778 3
4779 1
4780 1
4781 1
4782 1
4783 0
4784 1
4785 1
4786 1
4787 1
4788 1
4789 1
4790 1
4791 2
4792 3
4793 1
4794 1
4795 1
4796 1
4797 3
4798 3
4799 1
4800 3
4801 1
4802 1
4803 3
4804 3
4805 1
4806 1
4807 3
4808 1
4809 1
4810 1
4811 1
4812 1
4813 1
4814 1
4815 1
4816 1
4817 1
4818 1
4819 1
4820 1
4821 1
4822 1
4823 1
4824 1
4825 1
4826 1
4827 1
4828 1
4829 1
4830 0
4831 1
4832 1
4833 1
4834 1
4835 1
4836 1
4837 1
4838 1
4839 3
4840 1
4841 0
4842 1
4843 1
4844 1
4845 1
4846 1
4847 1
4848 1
4849 0
4850 1
4851 1
4852 1
4853 1
4854 1
4855 3
4856 1
4857 1
4858 1
4859 1
4860 1
4861 1
4862 1
4863 1
4864 1
4865 1
4866 1
4867 1
4868 1
4869 1
4870 1
4871 3
4872 1
4873 1
4874 1
4875 1
4876 1
4877 2
4878 1
4879 1
4880 3
4881 1
4882 1
4883 1
4884 1
4885 1
4886 1
4887 1
4888 1
4889 1
4890 1
4891 0
4892 1
4893 1
4894 1
4895 1
4896 3
4897 1
4898 3
4899 1
4900 3
4901 3
4902 1
4903 1
4904 3
4905 1
4906 3
4907 1
4908 3
4909 1
4910 1
4911 1
4912 1
4913 0
4914 1
4915 1
4916 1
4917 1
4918 1
4919 1
4920 1
4921 1
4922 1
4923 0
4924 1
4925 1
4926 1
4927 1
4928 1
4929 1
4930 1
4931 1
4932 1
4933 1
4934 1
4935 1
4936 1
4937 1
4938 3
4939 1
4940 1
4941 1
4942 3
4943 1
4944 1
4945 1
4946 1
4947 1
4948 1
4949 1
4950 3
4951 1
4952 0
4953 1
4954 1
4955 1
4956 0
4957 1
4958 1
4959 1
4960 1
4961 2
4962 1
4963 0
4964 2
4965 1
4966 1
4967 1
4968 1
4969 1
4970 1
4971 1
4972 1
4973 2
4974 1
4975 3
4976 0
4977 1
4978 1
4979 1
4980 1
4981 1
4982 1
4983 1
4984 1
4985 1
4986 1
4987 1
4988 1
4989 0
4990 1
4991 1
4992 1
4993 1
4994 1
4995 1
4996 1
4997 1
4998 1
4999 1
5000 1
5001 1
5002 1
5003 1
5004 1
5005 1
5006 1
5007 1
5008 1
5009 1
5010 1
5011 1
5012 1
5013 1
5014 1
5015 1
5016 1
5017 1
5018 0
5019 1
5020 3
5021 1
5022 1
5023 1
5024 1
5025 3
5026 1
5027 3
5028 1
5029 1
5030 1
5031 1
5032 1
5033 1
5034 1
5035 1
5036 1
5037 1
5038 1
5039 1
5040 1
5041 1
5042 1
5043 1
5044 1
5045 1
5046 1
5047 1
5048 1
5049 1
5050 1
5051 1
5052 1
5053 1
5054 1
5055 1
5056 1
5057 1
5058 1
5059 1
5060 3
5061 1
5062 2
5063 1
5064 3
5065 1
5066 1
5067 1
5068 1
5069 1
5070 1
5071 1
5072 3
5073 1
5074 1
5075 1
5076 1
5077 1
5078 1
5079 3
5080 1
5081 1
5082 3
5083 3
5084 3
5085 3
5086 0
5087 1
5088 1
5089 1
5090 3
5091 1
5092 0
5093 1
5094 1
5095 3
5096 1
5097 1
5098 3
5099 3
5100 2
5101 0
5102 0
5103 1
5104 1
5105 1
5106 1
5107 1
5108 3
5109 3
5110 3
5111 1
5112 3
5113 1
5114 1
5115 1
5116 1
5117 1
5118 3
5119 1
5120 1
5121 0
5122 0
5123 1
5124 2
5125 3
5126 3
5127 1
5128 0
5129 3
5130 1
5131 1
5132 3
5133 3
5134 3
5135 3
5136 0
5137 3
5138 3
5139 3
5140 3
5141 3
5142 1
5143 2
5144 1
5145 1
5146 3
5147 0
5148 1
5149 1
5150 3
5151 3
5152 3
5153 1
5154 2
5155 0
5156 1
5157 3
5158 3
5159 3
5160 3
5161 3
5162 1
5163 1
5164 3
5165 1
5166 1
5167 1
5168 1
5169 3
5170 2
5171 0
5172 1
5173 3
5174 2
5175 1
5176 3
5177 1
5178 1
5179 1
5180 3
5181 3
5182 3
5183 1
5184 2
5185 1
5186 3
5187 2
5188 3
5189 3
5190 0
5191 1
5192 2
5193 3
5194 1
5195 3
5196 2
5197 0
5198 2
5199 0
5200 0
5201 1
5202 3
5203 1
5204 3
5205 1
5206 1
5207 1
5208 1
5209 1
5210 3
5211 1
5212 1
5213 1
5214 1
5215 1
5216 3
5217 3
5218 2
5219 1
5220 2
5221 1
5222 1
5223 0
5224 0
5225 1
5226 1
5227 0
5228 1
5229 1
5230 3
5231 1
5232 3
5233 1
5234 3
5235 0
5236 3
5237 3
5238 3
5239 0
5240 3
5241 3
5242 3
5243 3
5244 3
5245 3
5246 0
5247 3
5248 3
5249 3
5250 3
5251 1
5252 1
5253 0
5254 3
5255 0
5256 2
5257 1
5258 2
5259 3
5260 3
5261 1
5262 2
5263 1
5264 0
5265 1
5266 1
5267 3
5268 3
5269 3
5270 3
5271 3
5272 3
5273 3
5274 1
5275 1
5276 1
5277 3
5278 3
5279 1
5280 3
5281 3
5282 1
5283 3
5284 3
5285 0
5286 0
5287 2
5288 3
5289 1
5290 1
5291 3
5292 1
5293 1
5294 0
5295 1
5296 3
5297 1
5298 0
5299 1
5300 3
5301 1
5302 1
5303 1
5304 1
5305 1
5306 3
5307 1
5308 1
5309 1
5310 1
5311 3
5312 0
5313 3
5314 3
5315 3
5316 3
5317 3
5318 1
5319 3
5320 3
5321 3
5322 3
5323 3
5324 3
5325 3
5326 0
5327 0
5328 1
5329 1
5330 1
5331 1
5332 3
5333 3
5334 1
5335 3
5336 3
5337 3
5338 3
5339 3
5340 3
5341 1
5342 3
5343 1
5344 3
5345 3
5346 2
5347 1
5348 3
5349 3
5350 2
5351 3
5352 3
5353 0
5354 1
5355 0
5356 3
5357 0
5358 1
5359 3
5360 1
5361 1
5362 3
5363 0
5364 0
5365 1
5366 0
5367 3
5368 3
5369 0
5370 3
5371 0
5372 3
5373 1
5374 3
5375 1
5376 3
5377 1
5378 1
5379 0
5380 2
5381 1
5382 1
5383 1
5384 3
5385 1
5386 0
5387 1
5388 1
5389 1
5390 3
5391 1
5392 3
5393 1
5394 3
5395 3
5396 1
5397 1
5398 3
5399 1
5400 3
5401 2
5402 0
5403 2
5404 0
5405 3
5406 3
5407 1
5408 3
5409 0
5410 1
5411 1
5412 1
5413 3
5414 3
5415 1
5416 0
5417 0
5418 1
5419 1
5420 1
5421 1
5422 1
5423 3
5424 1
5425 1
5426 3
5427 3
5428 3
5429 0
5430 3
5431 0
5432 1
5433 0
5434 0
5435 3
5436 3
5437 3
5438 3
5439 3
5440 3
5441 3
5442 3
5443 3
5444 3
5445 3
5446 3
5447 1
5448 3
5449 1
5450 0
5451 0
5452 0
5453 0
5454 3
5455 3
5456 0
5457 1
5458 3
5459 3
5460 3
5461 3
5462 3
5463 3
5464 3
5465 3
5466 3
5467 1
5468 0
5469 3
5470 1
5471 1
5472 1
5473 0
5474 0
5475 0
5476 0
5477 0
5478 1
5479 1
5480 1
5481 3
5482 1
5483 1
5484 0
5485 3
5486 1
5487 1
5488 1
5489 1
5490 3
5491 3
5492 3
5493 3
5494 1
5495 1
5496 1
5497 1
5498 0
5499 0
5500 0
5501 2
5502 3
5503 1
5504 1
5505 3
5506 1
5507 1
5508 1
5509 1
5510 1
5511 3
5512 1
5513 1
5514 3
5515 5
5516 5
5517 5
5518 5
5519 1
5520 5
5521 1
5522 0
5523 3
5524 1
5525 1
5526 1
5527 5
5528 5
5529 1
5530 1
5531 1
5532 1
5533 5
5534 3
5535 1
5536 1
5537 5
5538 1
5539 3
5540 3
5541 1
5542 3
5543 1
5544 3
5545 1
5546 3
5547 1
5548 1
5549 1
5550 3
5551 3
5552 3
5553 1
5554 3
5555 1
5556 1
5557 1
5558 3
5559 3
5560 3
5561 1
5562 3
5563 0
5564 0
5565 1
5566 1
5567 1
5568 3
5569 1
5570 1
5571 1
5572 3
5573 1
5574 1
5575 1
5576 2
5577 3
5578 1
5579 3
5580 2
5581 3
5582 3
5583 3
5584 3
5585 1
5586 1
5587 1
5588 1
5589 3
5590 3
5591 0
5592 3
5593 3
5594 0
5595 0
5596 1
5597 3
5598 3
5599 3
5600 3
5601 3
5602 3
5603 1
5604 1
5605 1
5606 3
5607 1
5608 3
5609 3
5610 3
5611 1
5612 0
5613 3
5614 1
5615 0
5616 1
5617 1
5618 2
5619 1
5620 3
5621 1
5622 3
5623 1
5624 3
5625 0
5626 1
5627 1
5628 0
5629 1
5630 1
5631 1
5632 1
5633 3
5634 2
5635 1
5636 1
5637 3
5638 2
5639 1
5640 3
5641 1
5642 1
5643 3
5644 1
5645 1
5646 1
5647 3
5648 1
5649 1
5650 0
5651 3
5652 1
5653 3
5654 3
5655 1
5656 0
5657 1
5658 1
5659 1
5660 1
5661 3
5662 3
5663 3
5664 1
5665 3
5666 2
5667 3
5668 1
5669 3
5670 0
5671 0
5672 3
5673 2
5674 1
5675 0
5676 3
5677 0
5678 3
5679 1
5680 1
5681 1
5682 1
5683 3
5684 3
5685 1
5686 1
5687 3
5688 1
5689 1
5690 1
5691 3
5692 3
5693 0
5694 3
5695 2
5696 1
5697 3
5698 3
5699 3
5700 3
5701 3
5702 3
5703 1
5704 1
5705 3
5706 3
5707 3
5708 1
5709 3
5710 3
5711 1
5712 1
5713 1
5714 1
5715 1
5716 3
5717 3
5718 1
5719 1
5720 0
5721 3
5722 2
5723 1
5724 3
5725 1
5726 1
5727 3
5728 1
5729 1
5730 3
5731 3
5732 1
5733 1
5734 3
5735 3
5736 3
5737 3
5738 3
5739 3
5740 0
5741 1
5742 3
5743 1
5744 3
5745 0
5746 1
5747 3
5748 3
5749 3
5750 2
5751 1
5752 3
5753 1
5754 1
5755 3
5756 3
5757 0
5758 1
5759 1
5760 1
5761 1
5762 1
5763 1
5764 0
5765 2
5766 1
5767 1
5768 3
5769 0
5770 2
5771 1
5772 1
5773 1
5774 1
5775 3
5776 0
5777 3
5778 3
5779 3
5780 3
5781 3
5782 0
5783 1
5784 1
5785 1
5786 1
5787 3
5788 1
5789 1
5790 1
5791 2
5792 3
5793 3
5794 3
5795 0
5796 3
5797 1
5798 1
5799 1
5800 3
5801 1
5802 3
5803 1
5804 1
5805 1
5806 1
5807 1
5808 1
5809 1
5810 3
5811 1
5812 1
5813 1
5814 3
5815 3
5816 3
5817 0
5818 3
5819 3
5820 3
5821 0
5822 3
5823 0
5824 3
5825 3
5826 2
5827 1
5828 1
5829 0
5830 1
5831 1
5832 3
5833 3
5834 1
5835 1
5836 2
5837 2
5838 3
5839 0
5840 1
5841 3
5842 3
5843 0
5844 3
5845 1
5846 3
5847 3
5848 3
5849 3
5850 3
5851 1
5852 3
5853 1
5854 3
5855 3
5856 1
5857 3
5858 3
5859 3
5860 1
5861 3
5862 3
5863 1
5864 1
5865 1
5866 1
5867 1
5868 3
5869 3
5870 1
5871 1
5872 1
5873 1
5874 3
5875 3
5876 1
5877 1
5878 1
5879 0
5880 2
5881 0
5882 1
5883 1
5884 3
5885 3
5886 1
5887 3
5888 3
5889 3
5890 3
5891 3
5892 1
5893 1
5894 1
5895 1
5896 3
5897 1
5898 1
5899 3
5900 1
5901 1
5902 1
5903 1
5904 1
5905 3
5906 3
5907 3
5908 1
5909 1
5910 1
5911 1
5912 3
5913 0
5914 2
5915 3
5916 3
5917 3
5918 0
5919 3
5920 3
5921 3
5922 3
5923 3
5924 3
5925 1
5926 1
5927 1
5928 2
5929 3
5930 3
5931 3
5932 3
5933 3
5934 3
5935 1
5936 1
5937 3
5938 3
5939 3
5940 3
5941 3
5942 3
5943 3
5944 3
5945 3
5946 3
5947 1
5948 1
5949 1
5950 1
5951 2
5952 1
5953 1
5954 1
5955 3
5956 3
5957 3
5958 1
5959 1
5960 1
5961 1
5962 2
5963 1
5964 1
5965 3
5966 1
5967 1
5968 1
5969 3
5970 1
5971 1
5972 1
5973 1
5974 1
5975 0
5976 1
5977 1
5978 2
5979 1
5980 3
5981 1
5982 2
5983 2
5984 2
5985 0
5986 0
5987 2
5988 1
5989 1
5990 1
5991 1
5992 0
5993 1
5994 0
5995 0
5996 0
5997 0
5998 0
5999 0
6000 0
6001 1
6002 3
6003 0
6004 1
6005 1
6006 0
6007 0
6008 0
6009 0
6010 0
6011 0
6012 0
6013 3
6014 0
6015 3
6016 0
6017 0
6018 3
6019 3
6020 0
6021 0
6022 0
6023 0
6024 0
6025 0
6026 1
6027 0
6028 0
6029 0
6030 0
6031 1
6032 0
6033 1
6034 1
6035 1
6036 1
6037 1
6038 1
6039 1
6040 0
6041 3
6042 3
6043 1
6044 3
6045 1
6046 0
6047 3
6048 0
6049 0
6050 3
6051 1
6052 3
6053 1
6054 1
6055 1
6056 1
6057 3
6058 3
6059 3
6060 3
6061 3
6062 3
6063 3
6064 3
6065 3
6066 3
6067 3
6068 3
6069 3
6070 1
6071 1
6072 1
6073 1
6074 1
6075 1
6076 1
6077 3
6078 3
6079 1
6080 0
6081 1
6082 3
6083 1
6084 1
6085 2
6086 1
6087 1
6088 1
6089 0
6090 1
6091 1
6092 1
6093 2
6094 1
6095 1
6096 3
6097 2
6098 1
6099 1
6100 1
6101 1
6102 0
6103 1
6104 0
6105 1
6106 2
6107 1
6108 1
6109 1
6110 1
6111 1
6112 1
6113 1
6114 1
6115 1
6116 1
6117 2
6118 3
6119 1
6120 1
6121 1
6122 1
6123 1
6124 1
6125 1
6126 1
6127 1
6128 1
6129 2
6130 0
6131 1
6132 1
6133 1
6134 1
6135 0
6136 1
6137 2
6138 3
6139 1
6140 1
6141 1
6142 1
6143 1
6144 3
6145 1
6146 2
6147 1
6148 3
6149 1
6150 3
6151 1
6152 1
6153 1
6154 1
6155 1
6156 0
6157 1
6158 1
6159 1
6160 3
6161 1
6162 1
6163 3
6164 1
6165 0
6166 1
6167 3
6168 0
6169 1
6170 3
6171 3
6172 3
6173 1
6174 1
6175 3
6176 3
6177 3
6178 0
6179 1
6180 1
6181 1
6182 1
6183 1
6184 1
6185 2
6186 1
6187 3
6188 1
6189 2
6190 3
6191 3
6192 1
6193 1
6194 2
6195 3
6196 1
6197 1
6198 3
6199 1
6200 2
6201 1
6202 1
6203 1
6204 1
6205 1
6206 0
6207 3
6208 3
6209 1
6210 1
6211 1
6212 1
6213 0
6214 1
6215 1
6216 0
6217 1
6218 1
6219 1
6220 1
6221 3
6222 1
6223 1
6224 0
6225 0
6226 0
6227 1
6228 2
6229 3
6230 3
6231 3
6232 3
6233 3
6234 1
6235 1
6236 2
6237 0
6238 3
6239 1
6240 1
6241 1
6242 1
6243 1
6244 3
6245 2
6246 1
6247 3
6248 1
6249 1
6250 1
6251 0
6252 0
6253 1
6254 1
6255 1
6256 0
6257 1
6258 1
6259 0
6260 0
6261 0
6262 3
6263 2
6264 0
6265 3
6266 3
6267 1
6268 2
6269 1
6270 3
6271 1
6272 3
6273 1
6274 1
6275 2
6276 2
6277 0
6278 0
6279 0
6280 1
6281 0
6282 0
6283 0
6284 3
6285 0
6286 1
6287 0
6288 0
6289 3
6290 0
6291 3
6292 1
6293 0
6294 3
6295 3
6296 3
6297 1
6298 1
6299 3
6300 3
6301 3
6302 3
6303 3
6304 3
6305 3
6306 3
6307 3
6308 3
6309 3
6310 3
6311 3
6312 3
6313 3
6314 3
6315 3
6316 3
6317 3
6318 3
6319 3
6320 3
6321 3
6322 3
6323 3
6324 3
6325 3
6326 3
6327 3
6328 3
6329 3
6330 3
6331 0
6332 0
6333 0
6334 3
6335 0
6336 3
6337 3
6338 3
6339 1
6340 3
6341 0
6342 0
6343 1
6344 1
6345 1
6346 1
6347 1
6348 0
6349 1
6350 1
6351 0
6352 0
6353 1
6354 1
6355 1
6356 3
6357 3
6358 1
6359 0
6360 1
6361 1
6362 1
6363 1
6364 3
6365 3
6366 1
6367 0
6368 1
6369 3
6370 3
6371 1
6372 1
6373 1
6374 3
6375 3
6376 1
6377 1
6378 0
6379 1
6380 0
6381 1
6382 1
6383 3
6384 1
6385 3
6386 1
6387 1
6388 1
6389 1
6390 1
6391 1
6392 1
6393 1
6394 1
6395 1
6396 2
6397 1
6398 3
6399 2
6400 3
6401 1
6402 0
6403 1
6404 1
6405 3
6406 0
6407 3
6408 6
6409 6
6410 6
6411 1
6412 1
6413 3
6414 1
6415 2
6416 0
6417 1
6418 1
6419 1
6420 1
6421 0
6422 1
6423 1
6424 1
6425 0
6426 3
6427 2
6428 1
6429 1
6430 3
6431 1
6432 1
6433 0
6434 3
6435 3
6436 2
6437 0
6438 3
6439 3
6440 1
6441 2
6442 2
6443 0
6444 1
6445 1
6446 2
6447 1
6448 3
6449 1
6450 3
6451 3
6452 3
6453 3
6454 0
6455 3
6456 1
6457 3
6458 3
6459 0
6460 2
6461 1
6462 0
6463 1
6464 3
6465 3
6466 1
6467 1
6468 1
6469 1
6470 3
6471 3
6472 2
6473 1
6474 0
6475 1
6476 3
6477 3
6478 2
6479 7
6480 7
6481 0
6482 7
6483 7
6484 7
6485 7
6486 7
6487 7
6488 0
6489 3
6490 2
6491 1
6492 0
6493 1
6494 2
6495 2
6496 1
6497 2
6498 3
6499 3
6500 3
6501 3
6502 3
6503 0
6504 3
6505 3
6506 3
6507 3
6508 1
6509 3
6510 0
6511 1
6512 3
6513 3
6514 3
6515 3
6516 3
6517 3
6518 1
6519 3
6520 0
6521 1
6522 0
6523 1
6524 1
6525 1
6526 2
6527 0
6528 0
6529 0
6530 1
6531 3
6532 3
6533 0
6534 3
6535 3
6536 0
6537 3
6538 3
6539 2
6540 3
6541 3
6542 0
6543 0
6544 0
6545 3
6546 3
6547 3
6548 3
6549 3
6550 3
6551 3
6552 3
6553 3
6554 3
6555 3
6556 2
6557 0
6558 3
6559 3
6560 0
6561 3
6562 1
6563 3
6564 3
6565 3
6566 3
6567 1
6568 3
6569 3
6570 2
6571 2
6572 3
6573 3
6574 3
6575 3
6576 3
6577 3
6578 1
6579 3
6580 0
6581 3
6582 3
6583 0
6584 3
6585 3
6586 3
6587 0
6588 3
6589 3
6590 0
6591 3
6592 3
6593 1
6594 2
6595 3
6596 3
6597 3
6598 3
6599 3
6600 3
6601 1
6602 3
6603 3
6604 3
6605 3
6606 3
6607 3
6608 3
6609 3
6610 2
6611 2
6612 2
6613 2
6614 0
6615 3
6616 0
6617 1
6618 3
6619 3
6620 1
6621 3
6622 3
6623 3
6624 2
6625 3
6626 3
6627 0
6628 0
6629 0
6630 0
6631 1
6632 1
6633 0
6634 0
6635 0
6636 0
6637 3
6638 3
6639 3
6640 0
6641 0
6642 0
6643 1
6644 0
6645 3
6646 1
6647 3
6648 3
6649 3
6650 2
6651 1
6652 1
6653 1
6654 2
6655 2
6656 1
6657 1
6658 2
6659 3
6660 3
6661 0
6662 1
6663 3
6664 0
6665 0
6666 1
6667 0
6668 0
6669 0
6670 3
6671 3
6672 3
6673 3
6674 1
6675 3
6676 3
6677 3
6678 0
6679 0
6680 0
6681 1
6682 1
6683 3
6684 3
6685 3
6686 0
6687 1
6688 2
6689 3
6690 3
6691 3
6692 3
6693 3
6694 3
6695 1
6696 2
6697 1
6698 1
6699 1
6700 1
6701 3
6702 1
6703 3
6704 3
6705 3
6706 1
6707 3
6708 1
6709 3
6710 3
6711 3
6712 3
6713 1
6714 1
6715 1
6716 3
6717 1
6718 3
6719 1
6720 0
6721 1
6722 3
6723 0
6724 1
6725 3
6726 1
6727 3
6728 3
6729 3
6730 3
6731 1
6732 3
6733 3
6734 3
6735 3
6736 3
6737 3
6738 3
6739 3
6740 3
6741 3
6742 3
6743 3
6744 3
6745 3
6746 3
6747 3
6748 3
6749 3
6750 3
6751 3
6752 3
6753 3
6754 3
6755 1
6756 3
6757 1
6758 2
6759 3
6760 1
6761 1
6762 1
6763 1
6764 1
6765 1
6766 3
6767 3
6768 3
6769 0
6770 3
6771 1
6772 3
6773 0
6774 3
6775 3
6776 1
6777 3
6778 3
6779 1
6780 0
6781 0
6782 3
6783 1
6784 0
6785 0
6786 0
6787 0
6788 0
6789 0
6790 0
6791 3
6792 2
6793 3
6794 1
6795 1
6796 2
6797 1
6798 1
6799 1
6800 1
6801 3
6802 0
6803 3
6804 1
6805 1
6806 1
6807 0
6808 3
6809 3
6810 1
6811 0
6812 0
6813 1
6814 3
6815 3
6816 3
6817 3
6818 1
6819 1
6820 1
6821 1
6822 3
6823 1
6824 3
6825 0
6826 3
6827 3
6828 0
6829 1
6830 1
6831 8
6832 8
6833 8
6834 8
6835 8
6836 8
6837 0
6838 8
6839 1
6840 3
6841 2
6842 8
6843 1
6844 3
6845 0
6846 2
6847 0
6848 3
6849 1
6850 3
6851 0
6852 0
6853 3
6854 1
6855 3
6856 2
6857 3
6858 3
6859 3
6860 3
6861 0
6862 1
6863 3
6864 3
6865 0
6866 3
6867 3
6868 3
6869 1
6870 3
6871 3
6872 1
6873 0
6874 1
6875 0
6876 0
6877 1
6878 1
6879 1
6880 1
6881 1
6882 1
6883 1
6884 1
6885 1
6886 1
6887 3
6888 1
6889 1
6890 1
6891 1
6892 1
6893 1
6894 1
6895 1
6896 1
6897 1
6898 1
6899 1
6900 0
6901 1
6902 0
6903 1
6904 1
6905 3
6906 1
6907 3
6908 3
6909 9
6910 1
6911 0
6912 0
6913 0
6914 3
6915 3
6916 3
6917 3
6918 3
6919 1
6920 3
6921 3
6922 0
6923 3
6924 3
6925 0
6926 1
6927 1
6928 0
6929 0
6930 1
6931 3
6932 1
6933 3
6934 0
6935 0
6936 3
6937 1
6938 1
6939 3
6940 3
6941 3
6942 3
6943 3
6944 3
6945 3
6946 3
6947 3
6948 3
6949 3
6950 3
6951 3
6952 3
6953 3
6954 3
6955 3
6956 3
6957 3
6958 3
6959 3
6960 3
6961 3
6962 3
6963 3
6964 3
6965 1
6966 3
6967 0
6968 3
6969 3
6970 0
6971 1
6972 2
6973 1
6974 3
6975 3
6976 3
6977 1
6978 0
6979 1
6980 1
6981 3
6982 2
6983 1
6984 1
6985 1
6986 1
6987 1
6988 3
6989 1
6990 1
6991 3
6992 3
6993 1
6994 3
6995 3
6996 1
6997 1
6998 3
6999 0
7000 1
7001 1
7002 1
7003 1
7004 1
7005 1
7006 1
7007 1
7008 1
7009 1
7010 3
7011 1
7012 3
7013 3
7014 1
7015 1
7016 1
7017 0
7018 1
7019 1
7020 0
7021 1
7022 1
7023 1
7024 1
7025 1
7026 1
7027 3
7028 1
7029 1
7030 1
7031 1
7032 1
7033 2
7034 0
7035 1
7036 1
7037 1
7038 1
7039 0
7040 0
7041 1
7042 1
7043 1
7044 1
7045 1
7046 1
7047 1
7048 1
7049 3
7050 3
7051 1
7052 10
7053 1
7054 2
7055 3
7056 1
7057 2
7058 1
7059 1
7060 1
7061 2
7062 3
7063 0
7064 0
7065 1
7066 3
7067 1
7068 1
7069 0
7070 1
7071 1
7072 1
7073 1
7074 1
7075 0
7076 1
7077 3
7078 3
7079 3
7080 2
7081 2
7082 3
7083 0
7084 0
7085 1
7086 2
7087 3
7088 3
7089 3
7090 3
7091 3
7092 1
7093 3
7094 1
7095 0
7096 0
7097 0
7098 3
7099 3
7100 0
7101 0
7102 3
7103 3
7104 2
7105 3
7106 3
7107 0
7108 1
7109 3
7110 9
7111 3
7112 3
7113 3
7114 3
7115 3
7116 0
7117 3
7118 3
7119 3
7120 3
7121 3
7122 3
7123 3
7124 3
7125 3
7126 0
7127 0
7128 0
7129 0
7130 0
7131 0
7132 3
7133 1
7134 1
7135 3
7136 3
7137 0
7138 3
7139 2
7140 3
7141 3
7142 3
7143 3
7144 0
7145 1
7146 1
7147 1
7148 3
7149 3
7150 3
7151 3
7152 3
7153 3
7154 0
7155 0
7156 0
7157 3
7158 0
7159 3
7160 0
7161 2
7162 3
7163 0
7164 1
7165 0
7166 0
7167 3
7168 3
7169 3
7170 3
7171 3
7172 3
7173 3
7174 3
7175 3
7176 3
7177 3
7178 3
7179 3
7180 3
7181 3
7182 3
7183 3
7184 3
7185 0
7186 3
7187 3
7188 3
7189 3
7190 3
7191 3
7192 3
7193 3
7194 3
7195 3
7196 3
7197 3
7198 3
7199 3
7200 1
7201 3
7202 3
7203 3
7204 3
7205 1
7206 2
7207 3
7208 3
7209 3
7210 1
7211 1
7212 1
7213 3
7214 0
7215 1
7216 2
7217 1
7218 1
7219 1
7220 1
7221 1
7222 0
7223 1
7224 1
7225 0
7226 1
7227 1
7228 3
7229 3
7230 1
7231 2
7232 2
7233 2
7234 3
7235 0
7236 0
7237 3
7238 3
7239 3
7240 3
7241 3
7242 3
7243 3
7244 3
7245 3
7246 3
7247 2
7248 2
7249 2
7250 3
7251 0
7252 0
7253 3
7254 3
7255 1
7256 0
7257 1
7258 0
7259 1
7260 1
7261 1
7262 3
7263 2
7264 3
7265 3
7266 3
7267 0
7268 0
7269 3
7270 0
7271 0
7272 3
7273 3
7274 3
7275 1
7276 1
7277 0
7278 1
7279 0
7280 3
7281 0
7282 0
7283 3
7284 0
7285 3
7286 3
7287 3
7288 0
7289 0
7290 3
7291 2
7292 2
7293 1
7294 0
7295 3
7296 0
7297 0
7298 0
7299 0
7300 0
7301 0
7302 3
7303 3
7304 3
7305 3
7306 3
7307 3
7308 3
7309 1
7310 1
7311 1
7312 1
7313 3
7314 3
7315 3
7316 3
7317 3
7318 3
7319 3
7320 3
7321 3
7322 3
7323 3
7324 3
7325 3
7326 1
7327 3
7328 2
7329 2
7330 0
7331 0
7332 1
7333 2
7334 1
7335 1
7336 1
7337 3
7338 3
7339 3
7340 3
7341 1
7342 1
7343 1
7344 2
7345 2
7346 2
7347 2
7348 2
7349 1
7350 2
7351 2
7352 2
7353 2
7354 2
7355 1
7356 3
7357 3
7358 3
7359 3
7360 3
7361 3
7362 3
7363 3
7364 3
7365 3
7366 3
7367 3
7368 3
7369 3
7370 3
7371 3
7372 3
7373 3
7374 3
7375 3
7376 3
7377 3
7378 3
7379 3
7380 3
7381 0
7382 0
7383 0
7384 0
7385 0
7386 0
7387 0
7388 2
7389 0
7390 0
7391 0
7392 3
7393 1
7394 0
7395 2
7396 2
7397 1
7398 3
7399 2
7400 1
7401 2
7402 1
7403 0
7404 0
7405 2
7406 2
7407 2
7408 2
7409 1
7410 0
7411 3
7412 3
7413 3
7414 3
7415 3
7416 3
7417 0
7418 0
7419 3
7420 3
7421 2
7422 0
7423 2
7424 2
7425 0
7426 0
7427 0
7428 1
7429 0
7430 0
7431 1
7432 0
7433 0
7434 0
7435 1
7436 1
7437 3
7438 3
7439 3
7440 0
7441 0
7442 0
7443 0
7444 3
7445 1
7446 1
7447 1
7448 2
7449 0
7450 0
7451 1
7452 1
7453 1
7454 1
7455 1
7456 1
7457 1
7458 1
7459 1
7460 1
7461 1
7462 1
7463 1
7464 1
7465 1
7466 1
7467 1
7468 1
7469 1
7470 1
7471 1
7472 1
7473 1
7474 1
7475 1
7476 1
7477 1
7478 1
7479 1
7480 1
7481 1
7482 1
7483 1
7484 1
7485 1
7486 1
7487 1
7488 1
7489 1
7490 1
7491 1
7492 1
7493 1
7494 1
7495 1
7496 1
7497 1
7498 2
7499 2
7500 3
7501 3
7502 3
7503 1
7504 1
7505 0
7506 0
7507 0
7508 0
7509 0
7510 0
7511 0
7512 2
7513 2
7514 10
7515 0
7516 0
7517 0
7518 0
7519 0
7520 0
7521 0
7522 2
7523 0
7524 0
7525 0
7526 3
7527 1
7528 3
7529 3
7530 3
7531 3
7532 3
7533 3
7534 3
7535 3
7536 3
7537 3
7538 3
7539 1
7540 3
7541 3
7542 3
7543 3
7544 3
7545 3
7546 3
7547 3
7548 3
7549 0
7550 3
7551 3
7552 2
7553 1
7554 1
7555 2
7556 0
7557 2
7558 2
7559 3
7560 11
7561 11
7562 0
7563 0
7564 1
7565 3
7566 3
7567 3
7568 0
7569 3
7570 3
7571 1
7572 3
7573 3
7574 3
7575 3
7576 3
7577 0
7578 0
7579 0
7580 3
7581 3
7582 3
7583 3
7584 3
7585 3
7586 3
7587 3
7588 0
7589 0
7590 0
7591 0
7592 10
7593 10
7594 3
7595 3
7596 3
7597 3
7598 3
7599 3
7600 3
7601 3
7602 3
7603 3
7604 1
7605 0
7606 1
7607 9
7608 9
7609 9
7610 9
7611 9
7612 9
7613 9
7614 3
7615 0
7616 0
7617 0
7618 1
7619 1
7620 1
7621 1
7622 1
7623 1
7624 1
7625 1
7626 0
7627 1
7628 0
7629 2
7630 3
7631 2
7632 3
7633 3
7634 3
7635 3
7636 3
7637 3
7638 3
7639 3
7640 3
7641 3
7642 2
7643 3
7644 3
7645 1
7646 0
7647 3
7648 3
7649 3
7650 3
7651 3
7652 3
7653 3
7654 3
7655 0
7656 0
7657 0
7658 0
7659 0
7660 3
7661 3
7662 3
7663 3
7664 0
7665 3
7666 1
7667 2
7668 2
7669 2
7670 2
7671 2
7672 3
7673 1
7674 1
7675 2
7676 3
7677 0
7678 1
7679 1
7680 3
7681 3
7682 3
7683 3
7684 3
7685 2
7686 2
7687 2
7688 2
7689 2
7690 1
7691 3
7692 0
7693 0
7694 0
7695 0
7696 0
7697 0
7698 0
7699 0
7700 0
7701 0
7702 0
7703 0
7704 0
7705 3
7706 3
7707 0
7708 0
7709 2
7710 1
7711 3
7712 0
7713 3
7714 3
7715 3
7716 3
7717 3
7718 3
7719 3
7720 0
7721 0
7722 0
7723 2
7724 1
7725 0
7726 2
7727 2
7728 1
7729 3
7730 0
7731 0
7732 1
7733 2
7734 3
7735 3
7736 3
7737 3
7738 3
7739 3
7740 3
7741 3
7742 3
7743 0
7744 0
7745 3
7746 3
7747 3
7748 3
7749 3
7750 3
7751 3
7752 1
7753 1
7754 1
network of communities computed : Thu Jan  7 08:42:35 2010

network : 12 nodes, 70 links, 75983716 weight.
pass number 1 of -1 : 0.126643 0.126639
pass number 2 of -1 : 0.126643 0.126643
communities computed : Thu Jan  7 08:42:35 2010
modularity increased from 0.126639 to 0.126643
0 5
1 1
2 0
3 4
4 1
5 1
6 4
7 2
8 3
9 4
10 5
11 1
network of communities computed : Thu Jan  7 08:42:35 2010

network : 6 nodes, 28 links, 75983716 weight.
pass number 1 of -1 : 0.126643 0.126643
communities computed : Thu Jan  7 08:42:35 2010
modularity increased from 0.126643 to 0.126643
0 0
1 1
2 2
3 3
4 4
5 5
network of communities computed : Thu Jan  7 08:42:35 2010
1e-06 0.126643 137
