Sender: LSF System <lsfadmin@bc14-n02>
Subject: Job 429290: <comm_blk34> Done

Job <comm_blk34> was submitted from host <bc10-n13> by user <jabloche> in cluster <lucky>.
Job was executed on host(s) <bc14-n02>, in queue <week>, as user <jabloche> in cluster <lucky>.
</afs/isis.unc.edu/home/j/a/jabloche> was used as the home directory.
</netscr/jabloche/FirmNetworks/cLouvain> was used as the working directory.
Started at Thu Jan  7 08:40:17 2010
Results reported at Thu Jan  7 08:42:40 2010

Your job looked like:

------------------------------------------------------------
# LSBATCH: User input
/netscr/jabloche/FirmNetworks/cLouvain/community /smallfs/jabloche/fn_edge/el_blk34.bin -l -1 -w
------------------------------------------------------------

Successfully completed.

Resource usage summary:

    CPU time   :     87.94 sec.
    Max Memory :       107 MB
    Max Swap   :       255 MB

    Max Processes  :         4
    Max Threads    :         4

The output (if any) follows:

Your home directory for this job is /netscr/jabloche
start : Thu Jan  7 08:40:17 2010
total : 6590768
file read : Thu Jan  7 08:41:12 2010
network : 7139 nodes, 6590768 links, 60206816 weight.
pass number 1 of -1 : 0.101603 -0.000319699
pass number 2 of -1 : 0.113773 0.101603
pass number 3 of -1 : 0.116393 0.113773
pass number 4 of -1 : 0.117713 0.116393
pass number 5 of -1 : 0.118657 0.117713
pass number 6 of -1 : 0.118869 0.118657
pass number 7 of -1 : 0.118953 0.118869
pass number 8 of -1 : 0.118981 0.118953
pass number 9 of -1 : 0.119023 0.118981
pass number 10 of -1 : 0.119051 0.119023
pass number 11 of -1 : 0.119066 0.119051
pass number 12 of -1 : 0.119082 0.119066
pass number 13 of -1 : 0.119104 0.119082
pass number 14 of -1 : 0.119124 0.119104
pass number 15 of -1 : 0.119137 0.119124
pass number 16 of -1 : 0.11916 0.119137
pass number 17 of -1 : 0.119192 0.11916
pass number 18 of -1 : 0.11923 0.119192
pass number 19 of -1 : 0.119264 0.11923
pass number 20 of -1 : 0.119295 0.119264
pass number 21 of -1 : 0.119315 0.119295
pass number 22 of -1 : 0.119397 0.119315
pass number 23 of -1 : 0.119595 0.119397
pass number 24 of -1 : 0.120008 0.119595
pass number 25 of -1 : 0.12021 0.120008
pass number 26 of -1 : 0.120467 0.12021
pass number 27 of -1 : 0.120745 0.120467
pass number 28 of -1 : 0.120809 0.120745
pass number 29 of -1 : 0.120854 0.120809
pass number 30 of -1 : 0.120881 0.120854
pass number 31 of -1 : 0.120887 0.120881
pass number 32 of -1 : 0.120895 0.120887
pass number 33 of -1 : 0.120903 0.120895
pass number 34 of -1 : 0.120905 0.120903
pass number 35 of -1 : 0.120905 0.120905
communities computed : Thu Jan  7 08:42:39 2010
modularity increased from -0.000319699 to 0.120905
0 0
1 4
2 8
3 0
4 4
5 0
6 0
7 0
8 0
9 0
10 0
11 8
12 0
13 0
14 0
15 0
16 0
17 0
18 0
19 0
20 0
21 2
22 0
23 0
24 0
25 0
26 0
27 0
28 0
29 8
30 0
31 0
32 0
33 0
34 1
35 0
36 0
37 0
38 2
39 4
40 0
41 0
42 0
43 0
44 0
45 0
46 8
47 1
48 0
49 0
50 0
51 0
52 0
53 0
54 8
55 0
56 0
57 0
58 0
59 0
60 0
61 0
62 0
63 1
64 0
65 0
66 0
67 0
68 0
69 0
70 0
71 0
72 1
73 8
74 0
75 0
76 0
77 0
78 0
79 0
80 0
81 0
82 0
83 0
84 0
85 0
86 0
87 2
88 2
89 2
90 2
91 4
92 0
93 2
94 8
95 4
96 8
97 0
98 2
99 0
100 4
101 0
102 4
103 2
104 8
105 2
106 0
107 8
108 2
109 8
110 4
111 2
112 2
113 2
114 8
115 0
116 2
117 2
118 4
119 8
120 4
121 2
122 2
123 0
124 0
125 1
126 0
127 8
128 3
129 0
130 1
131 8
132 1
133 1
134 2
135 1
136 0
137 1
138 1
139 1
140 0
141 0
142 2
143 2
144 0
145 0
146 2
147 4
148 2
149 1
150 0
151 3
152 0
153 7
154 0
155 0
156 2
157 1
158 1
159 0
160 0
161 0
162 0
163 2
164 0
165 8
166 0
167 2
168 0
169 0
170 2
171 0
172 8
173 1
174 0
175 2
176 2
177 1
178 0
179 1
180 8
181 0
182 0
183 0
184 1
185 1
186 0
187 0
188 0
189 8
190 0
191 1
192 0
193 2
194 1
195 1
196 1
197 0
198 0
199 2
200 4
201 2
202 1
203 2
204 8
205 1
206 1
207 2
208 1
209 0
210 2
211 0
212 0
213 0
214 2
215 1
216 0
217 2
218 0
219 0
220 1
221 0
222 0
223 0
224 1
225 0
226 0
227 1
228 0
229 0
230 2
231 0
232 1
233 0
234 0
235 2
236 1
237 0
238 0
239 0
240 2
241 0
242 2
243 1
244 0
245 2
246 0
247 7
248 1
249 0
250 0
251 0
252 2
253 1
254 1
255 0
256 0
257 0
258 2
259 0
260 2
261 1
262 2
263 1
264 2
265 4
266 0
267 0
268 3
269 0
270 0
271 1
272 8
273 0
274 1
275 0
276 1
277 1
278 0
279 0
280 2
281 2
282 0
283 0
284 0
285 2
286 2
287 0
288 0
289 2
290 2
291 1
292 1
293 2
294 1
295 1
296 1
297 8
298 0
299 1
300 2
301 1
302 0
303 1
304 2
305 1
306 0
307 0
308 0
309 1
310 2
311 0
312 0
313 8
314 2
315 1
316 3
317 2
318 0
319 1
320 0
321 0
322 1
323 2
324 0
325 2
326 0
327 0
328 0
329 8
330 2
331 1
332 0
333 1
334 8
335 0
336 2
337 0
338 2
339 0
340 0
341 0
342 1
343 1
344 0
345 2
346 0
347 4
348 2
349 8
350 1
351 1
352 1
353 2
354 1
355 2
356 2
357 0
358 1
359 4
360 1
361 0
362 2
363 1
364 0
365 0
366 2
367 8
368 1
369 2
370 2
371 2
372 0
373 0
374 0
375 0
376 2
377 4
378 0
379 0
380 0
381 1
382 1
383 0
384 1
385 0
386 2
387 0
388 0
389 1
390 0
391 0
392 2
393 1
394 0
395 0
396 2
397 2
398 0
399 2
400 2
401 1
402 1
403 2
404 0
405 2
406 1
407 2
408 0
409 0
410 0
411 0
412 1
413 0
414 0
415 2
416 1
417 1
418 1
419 2
420 1
421 0
422 0
423 0
424 1
425 0
426 2
427 1
428 2
429 2
430 0
431 0
432 4
433 0
434 0
435 0
436 2
437 2
438 1
439 0
440 2
441 0
442 0
443 8
444 0
445 2
446 2
447 0
448 0
449 2
450 2
451 4
452 1
453 0
454 0
455 0
456 1
457 2
458 0
459 0
460 2
461 0
462 0
463 2
464 2
465 8
466 0
467 0
468 0
469 2
470 1
471 0
472 1
473 2
474 2
475 1
476 0
477 2
478 0
479 1
480 2
481 0
482 0
483 1
484 0
485 1
486 2
487 0
488 0
489 0
490 0
491 0
492 1
493 0
494 1
495 0
496 0
497 2
498 8
499 0
500 1
501 0
502 0
503 2
504 8
505 0
506 0
507 0
508 1
509 2
510 1
511 2
512 0
513 2
514 2
515 0
516 8
517 1
518 2
519 0
520 2
521 0
522 8
523 1
524 1
525 3
526 2
527 1
528 2
529 2
530 0
531 2
532 2
533 1
534 2
535 2
536 2
537 0
538 1
539 1
540 2
541 1
542 0
543 8
544 1
545 1
546 8
547 3
548 4
549 8
550 8
551 8
552 1
553 2
554 0
555 0
556 2
557 1
558 2
559 2
560 1
561 0
562 2
563 1
564 0
565 4
566 0
567 0
568 4
569 2
570 0
571 0
572 2
573 2
574 2
575 0
576 0
577 2
578 2
579 0
580 0
581 2
582 0
583 1
584 8
585 2
586 0
587 0
588 1
589 1
590 0
591 1
592 8
593 0
594 0
595 0
596 2
597 0
598 1
599 0
600 2
601 0
602 0
603 1
604 2
605 0
606 2
607 2
608 1
609 8
610 2
611 2
612 8
613 1
614 2
615 4
616 0
617 0
618 1
619 2
620 2
621 0
622 1
623 2
624 0
625 0
626 1
627 1
628 2
629 8
630 0
631 1
632 0
633 1
634 0
635 0
636 0
637 2
638 0
639 0
640 0
641 2
642 2
643 2
644 1
645 2
646 0
647 0
648 0
649 0
650 2
651 1
652 2
653 1
654 0
655 2
656 8
657 1
658 1
659 0
660 1
661 2
662 0
663 0
664 0
665 0
666 0
667 1
668 0
669 2
670 1
671 2
672 2
673 8
674 0
675 0
676 0
677 0
678 3
679 1
680 2
681 2
682 0
683 1
684 1
685 1
686 1
687 0
688 0
689 2
690 0
691 1
692 0
693 0
694 3
695 0
696 1
697 0
698 0
699 3
700 0
701 0
702 1
703 0
704 0
705 1
706 8
707 0
708 4
709 0
710 1
711 1
712 1
713 2
714 1
715 0
716 2
717 1
718 2
719 8
720 0
721 0
722 2
723 1
724 1
725 0
726 0
727 0
728 0
729 2
730 1
731 1
732 1
733 0
734 0
735 2
736 1
737 0
738 0
739 0
740 1
741 1
742 0
743 1
744 2
745 2
746 0
747 0
748 1
749 2
750 1
751 0
752 2
753 0
754 2
755 1
756 7
757 0
758 2
759 2
760 2
761 8
762 2
763 2
764 1
765 4
766 1
767 1
768 2
769 0
770 1
771 8
772 2
773 0
774 3
775 1
776 0
777 1
778 3
779 2
780 0
781 0
782 2
783 0
784 0
785 2
786 0
787 0
788 1
789 1
790 0
791 0
792 2
793 0
794 0
795 2
796 0
797 1
798 2
799 2
800 0
801 2
802 2
803 1
804 1
805 1
806 8
807 2
808 2
809 8
810 2
811 3
812 2
813 0
814 0
815 1
816 2
817 2
818 1
819 0
820 3
821 1
822 2
823 2
824 8
825 3
826 0
827 0
828 0
829 1
830 1
831 0
832 1
833 1
834 2
835 0
836 0
837 8
838 1
839 0
840 0
841 0
842 0
843 1
844 8
845 1
846 0
847 0
848 2
849 1
850 1
851 0
852 0
853 0
854 2
855 0
856 3
857 8
858 2
859 0
860 0
861 1
862 2
863 0
864 2
865 0
866 0
867 2
868 0
869 0
870 2
871 2
872 1
873 2
874 1
875 0
876 2
877 2
878 0
879 2
880 2
881 0
882 8
883 0
884 2
885 2
886 2
887 0
888 0
889 0
890 0
891 2
892 2
893 8
894 4
895 1
896 2
897 1
898 0
899 0
900 2
901 0
902 2
903 0
904 2
905 1
906 2
907 0
908 0
909 1
910 1
911 0
912 0
913 0
914 2
915 3
916 0
917 1
918 2
919 1
920 0
921 2
922 0
923 2
924 2
925 2
926 0
927 2
928 0
929 0
930 1
931 0
932 2
933 0
934 0
935 1
936 1
937 4
938 2
939 2
940 2
941 1
942 2
943 2
944 0
945 8
946 2
947 0
948 1
949 2
950 2
951 0
952 4
953 8
954 0
955 1
956 0
957 2
958 0
959 0
960 1
961 0
962 0
963 0
964 1
965 2
966 0
967 8
968 2
969 1
970 2
971 1
972 0
973 2
974 0
975 0
976 1
977 2
978 2
979 2
980 1
981 1
982 8
983 0
984 8
985 4
986 2
987 0
988 0
989 2
990 1
991 3
992 0
993 2
994 0
995 0
996 2
997 8
998 0
999 2
1000 0
1001 0
1002 0
1003 4
1004 1
1005 1
1006 2
1007 2
1008 0
1009 0
1010 1
1011 0
1012 1
1013 2
1014 2
1015 2
1016 1
1017 2
1018 2
1019 2
1020 0
1021 0
1022 0
1023 0
1024 0
1025 0
1026 0
1027 0
1028 1
1029 1
1030 1
1031 2
1032 0
1033 8
1034 1
1035 0
1036 0
1037 2
1038 1
1039 1
1040 8
1041 3
1042 2
1043 2
1044 0
1045 2
1046 0
1047 0
1048 2
1049 0
1050 0
1051 0
1052 8
1053 2
1054 8
1055 0
1056 0
1057 0
1058 0
1059 0
1060 8
1061 0
1062 2
1063 2
1064 3
1065 1
1066 2
1067 8
1068 2
1069 8
1070 3
1071 8
1072 4
1073 8
1074 2
1075 1
1076 2
1077 1
1078 0
1079 1
1080 8
1081 1
1082 0
1083 3
1084 2
1085 0
1086 2
1087 3
1088 0
1089 0
1090 4
1091 2
1092 0
1093 2
1094 1
1095 3
1096 3
1097 2
1098 0
1099 3
1100 0
1101 2
1102 3
1103 0
1104 2
1105 1
1106 1
1107 0
1108 8
1109 2
1110 8
1111 3
1112 2
1113 3
1114 1
1115 2
1116 2
1117 4
1118 3
1119 4
1120 7
1121 4
1122 0
1123 8
1124 8
1125 8
1126 0
1127 3
1128 0
1129 8
1130 8
1131 8
1132 0
1133 0
1134 8
1135 2
1136 8
1137 0
1138 2
1139 4
1140 2
1141 3
1142 4
1143 2
1144 2
1145 7
1146 8
1147 0
1148 8
1149 3
1150 8
1151 4
1152 8
1153 8
1154 8
1155 0
1156 1
1157 3
1158 1
1159 1
1160 2
1161 8
1162 8
1163 4
1164 4
1165 3
1166 3
1167 2
1168 2
1169 3
1170 0
1171 0
1172 8
1173 1
1174 0
1175 2
1176 0
1177 8
1178 0
1179 2
1180 4
1181 8
1182 8
1183 8
1184 0
1185 2
1186 2
1187 4
1188 0
1189 8
1190 3
1191 8
1192 3
1193 2
1194 2
1195 2
1196 2
1197 2
1198 2
1199 1
1200 1
1201 2
1202 2
1203 2
1204 2
1205 4
1206 2
1207 2
1208 0
1209 2
1210 2
1211 2
1212 0
1213 4
1214 2
1215 2
1216 8
1217 2
1218 0
1219 2
1220 0
1221 2
1222 2
1223 2
1224 0
1225 2
1226 1
1227 2
1228 2
1229 2
1230 2
1231 2
1232 4
1233 2
1234 2
1235 2
1236 2
1237 2
1238 2
1239 2
1240 2
1241 8
1242 1
1243 2
1244 1
1245 0
1246 2
1247 2
1248 1
1249 8
1250 2
1251 2
1252 3
1253 2
1254 2
1255 0
1256 0
1257 2
1258 8
1259 8
1260 8
1261 4
1262 0
1263 2
1264 8
1265 2
1266 8
1267 2
1268 5
1269 2
1270 3
1271 4
1272 4
1273 2
1274 5
1275 4
1276 3
1277 2
1278 2
1279 0
1280 2
1281 4
1282 2
1283 2
1284 3
1285 8
1286 8
1287 1
1288 0
1289 8
1290 2
1291 2
1292 4
1293 8
1294 5
1295 4
1296 4
1297 4
1298 8
1299 4
1300 4
1301 2
1302 5
1303 5
1304 5
1305 4
1306 2
1307 2
1308 4
1309 4
1310 5
1311 4
1312 4
1313 8
1314 4
1315 4
1316 4
1317 2
1318 8
1319 2
1320 2
1321 4
1322 2
1323 4
1324 8
1325 2
1326 2
1327 8
1328 8
1329 2
1330 4
1331 8
1332 4
1333 2
1334 4
1335 8
1336 8
1337 5
1338 5
1339 4
1340 2
1341 8
1342 4
1343 4
1344 2
1345 4
1346 2
1347 4
1348 4
1349 2
1350 2
1351 2
1352 2
1353 0
1354 4
1355 4
1356 2
1357 4
1358 4
1359 2
1360 4
1361 5
1362 8
1363 8
1364 8
1365 4
1366 4
1367 2
1368 5
1369 5
1370 2
1371 8
1372 4
1373 2
1374 0
1375 2
1376 2
1377 4
1378 0
1379 0
1380 0
1381 0
1382 0
1383 0
1384 0
1385 4
1386 0
1387 4
1388 0
1389 0
1390 0
1391 0
1392 0
1393 0
1394 0
1395 3
1396 0
1397 8
1398 0
1399 0
1400 0
1401 0
1402 0
1403 0
1404 0
1405 8
1406 0
1407 0
1408 0
1409 0
1410 0
1411 0
1412 0
1413 0
1414 0
1415 0
1416 0
1417 0
1418 0
1419 0
1420 0
1421 2
1422 0
1423 0
1424 0
1425 0
1426 0
1427 0
1428 0
1429 3
1430 0
1431 1
1432 0
1433 4
1434 0
1435 0
1436 0
1437 0
1438 0
1439 0
1440 0
1441 0
1442 3
1443 0
1444 0
1445 8
1446 8
1447 8
1448 8
1449 8
1450 8
1451 8
1452 8
1453 8
1454 8
1455 8
1456 0
1457 8
1458 0
1459 0
1460 0
1461 0
1462 0
1463 0
1464 0
1465 0
1466 0
1467 0
1468 0
1469 0
1470 8
1471 3
1472 0
1473 0
1474 0
1475 0
1476 8
1477 0
1478 1
1479 0
1480 0
1481 0
1482 0
1483 0
1484 8
1485 0
1486 0
1487 3
1488 0
1489 0
1490 0
1491 0
1492 0
1493 0
1494 3
1495 0
1496 0
1497 0
1498 0
1499 0
1500 0
1501 0
1502 0
1503 3
1504 0
1505 0
1506 0
1507 1
1508 0
1509 8
1510 8
1511 8
1512 0
1513 0
1514 1
1515 0
1516 0
1517 8
1518 3
1519 0
1520 8
1521 0
1522 0
1523 0
1524 8
1525 0
1526 0
1527 0
1528 0
1529 1
1530 0
1531 1
1532 0
1533 0
1534 0
1535 0
1536 2
1537 4
1538 8
1539 0
1540 4
1541 2
1542 0
1543 2
1544 8
1545 1
1546 2
1547 8
1548 1
1549 0
1550 2
1551 0
1552 2
1553 8
1554 4
1555 8
1556 2
1557 8
1558 3
1559 8
1560 8
1561 8
1562 8
1563 8
1564 0
1565 7
1566 6
1567 0
1568 2
1569 6
1570 4
1571 2
1572 2
1573 8
1574 4
1575 6
1576 6
1577 2
1578 2
1579 2
1580 2
1581 2
1582 2
1583 2
1584 2
1585 2
1586 2
1587 2
1588 2
1589 2
1590 2
1591 2
1592 1
1593 1
1594 2
1595 2
1596 2
1597 4
1598 2
1599 8
1600 2
1601 2
1602 8
1603 8
1604 0
1605 2
1606 2
1607 2
1608 4
1609 2
1610 2
1611 8
1612 1
1613 2
1614 2
1615 2
1616 2
1617 2
1618 2
1619 2
1620 2
1621 8
1622 2
1623 8
1624 2
1625 2
1626 2
1627 2
1628 2
1629 2
1630 4
1631 2
1632 3
1633 2
1634 2
1635 2
1636 2
1637 1
1638 2
1639 2
1640 2
1641 8
1642 2
1643 2
1644 2
1645 2
1646 2
1647 2
1648 8
1649 2
1650 2
1651 2
1652 2
1653 1
1654 1
1655 2
1656 2
1657 2
1658 2
1659 2
1660 8
1661 4
1662 2
1663 2
1664 2
1665 2
1666 4
1667 8
1668 2
1669 4
1670 4
1671 4
1672 2
1673 2
1674 4
1675 2
1676 2
1677 2
1678 1
1679 2
1680 1
1681 2
1682 1
1683 2
1684 8
1685 2
1686 2
1687 1
1688 4
1689 2
1690 2
1691 8
1692 2
1693 8
1694 2
1695 4
1696 2
1697 2
1698 2
1699 8
1700 8
1701 2
1702 2
1703 1
1704 8
1705 4
1706 2
1707 2
1708 2
1709 2
1710 0
1711 2
1712 2
1713 2
1714 1
1715 2
1716 2
1717 4
1718 8
1719 0
1720 8
1721 3
1722 2
1723 4
1724 4
1725 8
1726 2
1727 2
1728 2
1729 2
1730 2
1731 8
1732 2
1733 8
1734 2
1735 8
1736 1
1737 2
1738 2
1739 4
1740 2
1741 2
1742 2
1743 8
1744 2
1745 2
1746 4
1747 2
1748 3
1749 0
1750 2
1751 2
1752 0
1753 2
1754 2
1755 2
1756 2
1757 1
1758 2
1759 4
1760 2
1761 2
1762 2
1763 2
1764 8
1765 4
1766 2
1767 2
1768 2
1769 2
1770 4
1771 2
1772 8
1773 1
1774 2
1775 8
1776 2
1777 2
1778 8
1779 2
1780 2
1781 4
1782 1
1783 2
1784 1
1785 8
1786 2
1787 2
1788 2
1789 2
1790 1
1791 2
1792 2
1793 2
1794 4
1795 2
1796 3
1797 3
1798 3
1799 8
1800 2
1801 2
1802 2
1803 2
1804 2
1805 2
1806 4
1807 2
1808 2
1809 8
1810 2
1811 2
1812 8
1813 4
1814 3
1815 2
1816 2
1817 4
1818 8
1819 4
1820 4
1821 8
1822 8
1823 4
1824 4
1825 8
1826 4
1827 4
1828 4
1829 4
1830 4
1831 2
1832 4
1833 4
1834 4
1835 2
1836 4
1837 1
1838 8
1839 3
1840 8
1841 4
1842 4
1843 4
1844 4
1845 4
1846 0
1847 4
1848 4
1849 4
1850 2
1851 2
1852 2
1853 4
1854 4
1855 4
1856 4
1857 2
1858 1
1859 4
1860 3
1861 3
1862 8
1863 4
1864 2
1865 4
1866 4
1867 2
1868 4
1869 2
1870 4
1871 4
1872 4
1873 4
1874 4
1875 4
1876 2
1877 4
1878 3
1879 4
1880 1
1881 8
1882 4
1883 4
1884 4
1885 1
1886 4
1887 2
1888 4
1889 8
1890 4
1891 4
1892 0
1893 4
1894 4
1895 8
1896 4
1897 8
1898 4
1899 4
1900 4
1901 2
1902 8
1903 4
1904 2
1905 4
1906 8
1907 4
1908 8
1909 4
1910 8
1911 8
1912 4
1913 2
1914 4
1915 4
1916 4
1917 4
1918 8
1919 4
1920 4
1921 4
1922 8
1923 4
1924 4
1925 4
1926 4
1927 4
1928 4
1929 8
1930 4
1931 4
1932 8
1933 4
1934 2
1935 4
1936 2
1937 4
1938 4
1939 4
1940 2
1941 4
1942 2
1943 2
1944 1
1945 2
1946 2
1947 2
1948 8
1949 4
1950 2
1951 2
1952 1
1953 2
1954 2
1955 8
1956 2
1957 2
1958 2
1959 2
1960 2
1961 4
1962 1
1963 2
1964 2
1965 2
1966 8
1967 1
1968 4
1969 2
1970 8
1971 1
1972 0
1973 2
1974 4
1975 2
1976 4
1977 2
1978 2
1979 2
1980 4
1981 2
1982 2
1983 2
1984 2
1985 4
1986 2
1987 1
1988 2
1989 4
1990 8
1991 2
1992 1
1993 2
1994 2
1995 4
1996 2
1997 2
1998 2
1999 1
2000 2
2001 4
2002 2
2003 2
2004 2
2005 0
2006 2
2007 2
2008 4
2009 1
2010 2
2011 2
2012 2
2013 1
2014 2
2015 1
2016 2
2017 2
2018 2
2019 4
2020 2
2021 8
2022 2
2023 2
2024 4
2025 4
2026 4
2027 2
2028 2
2029 4
2030 2
2031 1
2032 2
2033 1
2034 4
2035 2
2036 1
2037 2
2038 2
2039 4
2040 4
2041 2
2042 2
2043 2
2044 8
2045 2
2046 2
2047 2
2048 4
2049 4
2050 2
2051 1
2052 2
2053 4
2054 4
2055 2
2056 4
2057 0
2058 2
2059 4
2060 1
2061 1
2062 2
2063 2
2064 2
2065 2
2066 2
2067 2
2068 2
2069 4
2070 8
2071 8
2072 1
2073 2
2074 8
2075 2
2076 2
2077 2
2078 2
2079 4
2080 2
2081 1
2082 4
2083 2
2084 2
2085 8
2086 2
2087 2
2088 0
2089 2
2090 1
2091 1
2092 8
2093 8
2094 1
2095 2
2096 2
2097 2
2098 4
2099 2
2100 2
2101 1
2102 2
2103 2
2104 8
2105 2
2106 2
2107 4
2108 8
2109 4
2110 4
2111 4
2112 0
2113 2
2114 4
2115 2
2116 2
2117 2
2118 2
2119 1
2120 2
2121 2
2122 1
2123 8
2124 2
2125 4
2126 2
2127 2
2128 2
2129 2
2130 1
2131 2
2132 2
2133 2
2134 2
2135 2
2136 2
2137 4
2138 2
2139 2
2140 2
2141 2
2142 1
2143 2
2144 4
2145 2
2146 1
2147 4
2148 8
2149 4
2150 2
2151 2
2152 1
2153 2
2154 1
2155 2
2156 2
2157 2
2158 2
2159 2
2160 1
2161 8
2162 8
2163 2
2164 2
2165 2
2166 2
2167 2
2168 0
2169 2
2170 2
2171 2
2172 2
2173 1
2174 0
2175 4
2176 2
2177 0
2178 2
2179 2
2180 2
2181 0
2182 2
2183 4
2184 2
2185 2
2186 2
2187 2
2188 4
2189 4
2190 2
2191 2
2192 2
2193 1
2194 2
2195 2
2196 4
2197 2
2198 2
2199 4
2200 2
2201 2
2202 2
2203 2
2204 2
2205 1
2206 1
2207 2
2208 2
2209 2
2210 2
2211 2
2212 2
2213 2
2214 2
2215 2
2216 2
2217 4
2218 2
2219 2
2220 4
2221 2
2222 4
2223 2
2224 2
2225 1
2226 1
2227 2
2228 2
2229 2
2230 4
2231 4
2232 4
2233 2
2234 8
2235 2
2236 2
2237 4
2238 2
2239 2
2240 1
2241 8
2242 2
2243 2
2244 2
2245 4
2246 2
2247 2
2248 0
2249 2
2250 4
2251 2
2252 2
2253 2
2254 2
2255 4
2256 1
2257 2
2258 4
2259 2
2260 2
2261 4
2262 2
2263 2
2264 2
2265 4
2266 2
2267 2
2268 4
2269 2
2270 2
2271 2
2272 4
2273 1
2274 2
2275 4
2276 2
2277 2
2278 4
2279 2
2280 2
2281 4
2282 2
2283 2
2284 2
2285 2
2286 4
2287 2
2288 2
2289 1
2290 0
2291 2
2292 4
2293 2
2294 2
2295 1
2296 1
2297 4
2298 2
2299 2
2300 2
2301 2
2302 2
2303 1
2304 4
2305 4
2306 2
2307 2
2308 4
2309 2
2310 4
2311 2
2312 4
2313 2
2314 3
2315 1
2316 0
2317 0
2318 2
2319 2
2320 4
2321 2
2322 2
2323 1
2324 2
2325 9
2326 2
2327 4
2328 2
2329 2
2330 4
2331 2
2332 8
2333 2
2334 4
2335 2
2336 1
2337 2
2338 4
2339 4
2340 2
2341 2
2342 2
2343 2
2344 1
2345 2
2346 2
2347 8
2348 4
2349 2
2350 2
2351 2
2352 2
2353 2
2354 2
2355 4
2356 2
2357 0
2358 2
2359 4
2360 1
2361 2
2362 1
2363 2
2364 0
2365 4
2366 4
2367 8
2368 2
2369 2
2370 2
2371 0
2372 2
2373 2
2374 2
2375 8
2376 0
2377 2
2378 2
2379 0
2380 1
2381 4
2382 1
2383 0
2384 1
2385 1
2386 2
2387 0
2388 2
2389 2
2390 2
2391 2
2392 2
2393 1
2394 2
2395 1
2396 2
2397 2
2398 2
2399 2
2400 1
2401 2
2402 1
2403 2
2404 8
2405 2
2406 4
2407 2
2408 2
2409 1
2410 2
2411 2
2412 2
2413 8
2414 3
2415 2
2416 0
2417 0
2418 2
2419 3
2420 0
2421 4
2422 2
2423 4
2424 4
2425 0
2426 4
2427 4
2428 2
2429 0
2430 2
2431 2
2432 2
2433 3
2434 2
2435 0
2436 4
2437 1
2438 1
2439 4
2440 2
2441 2
2442 1
2443 4
2444 4
2445 3
2446 2
2447 8
2448 8
2449 0
2450 8
2451 2
2452 8
2453 8
2454 8
2455 8
2456 8
2457 3
2458 8
2459 8
2460 8
2461 8
2462 8
2463 0
2464 8
2465 4
2466 8
2467 8
2468 0
2469 4
2470 8
2471 8
2472 2
2473 2
2474 8
2475 1
2476 8
2477 2
2478 2
2479 2
2480 8
2481 8
2482 2
2483 2
2484 0
2485 4
2486 8
2487 2
2488 4
2489 8
2490 8
2491 8
2492 8
2493 8
2494 8
2495 8
2496 8
2497 8
2498 7
2499 2
2500 8
2501 2
2502 8
2503 0
2504 8
2505 8
2506 0
2507 2
2508 4
2509 0
2510 2
2511 2
2512 8
2513 0
2514 8
2515 8
2516 8
2517 4
2518 8
2519 8
2520 8
2521 8
2522 2
2523 8
2524 8
2525 8
2526 8
2527 8
2528 0
2529 4
2530 8
2531 8
2532 8
2533 8
2534 2
2535 8
2536 8
2537 8
2538 1
2539 8
2540 0
2541 8
2542 7
2543 3
2544 8
2545 1
2546 4
2547 2
2548 2
2549 8
2550 8
2551 8
2552 2
2553 2
2554 4
2555 3
2556 1
2557 4
2558 8
2559 8
2560 2
2561 2
2562 2
2563 3
2564 8
2565 8
2566 8
2567 2
2568 2
2569 2
2570 1
2571 8
2572 0
2573 2
2574 1
2575 2
2576 4
2577 2
2578 3
2579 8
2580 4
2581 2
2582 1
2583 7
2584 2
2585 4
2586 2
2587 2
2588 2
2589 2
2590 8
2591 2
2592 2
2593 4
2594 8
2595 4
2596 2
2597 2
2598 2
2599 2
2600 8
2601 2
2602 0
2603 8
2604 2
2605 2
2606 2
2607 2
2608 2
2609 2
2610 1
2611 2
2612 8
2613 2
2614 2
2615 3
2616 2
2617 1
2618 4
2619 8
2620 3
2621 8
2622 8
2623 8
2624 2
2625 2
2626 4
2627 8
2628 4
2629 2
2630 0
2631 0
2632 8
2633 0
2634 8
2635 2
2636 8
2637 4
2638 2
2639 2
2640 3
2641 4
2642 1
2643 8
2644 8
2645 8
2646 2
2647 1
2648 4
2649 3
2650 3
2651 4
2652 8
2653 8
2654 8
2655 2
2656 8
2657 8
2658 8
2659 8
2660 8
2661 4
2662 8
2663 3
2664 3
2665 2
2666 2
2667 0
2668 0
2669 2
2670 2
2671 1
2672 1
2673 2
2674 4
2675 2
2676 2
2677 2
2678 2
2679 1
2680 1
2681 1
2682 2
2683 4
2684 1
2685 1
2686 2
2687 1
2688 2
2689 4
2690 1
2691 0
2692 2
2693 0
2694 2
2695 1
2696 1
2697 8
2698 1
2699 1
2700 2
2701 2
2702 2
2703 2
2704 8
2705 2
2706 1
2707 8
2708 2
2709 4
2710 8
2711 8
2712 2
2713 2
2714 0
2715 4
2716 0
2717 2
2718 2
2719 8
2720 8
2721 8
2722 8
2723 8
2724 8
2725 8
2726 8
2727 8
2728 8
2729 2
2730 8
2731 8
2732 8
2733 8
2734 8
2735 8
2736 8
2737 8
2738 8
2739 0
2740 8
2741 2
2742 8
2743 8
2744 8
2745 8
2746 8
2747 8
2748 8
2749 8
2750 8
2751 8
2752 8
2753 8
2754 8
2755 8
2756 2
2757 8
2758 0
2759 3
2760 4
2761 8
2762 8
2763 8
2764 8
2765 8
2766 0
2767 4
2768 1
2769 2
2770 2
2771 0
2772 8
2773 2
2774 4
2775 4
2776 4
2777 2
2778 2
2779 4
2780 2
2781 4
2782 8
2783 1
2784 1
2785 4
2786 4
2787 2
2788 2
2789 2
2790 8
2791 8
2792 2
2793 1
2794 0
2795 4
2796 8
2797 3
2798 2
2799 4
2800 2
2801 2
2802 2
2803 2
2804 2
2805 2
2806 1
2807 2
2808 2
2809 4
2810 8
2811 4
2812 4
2813 8
2814 2
2815 8
2816 2
2817 2
2818 8
2819 2
2820 4
2821 4
2822 2
2823 3
2824 2
2825 8
2826 2
2827 2
2828 2
2829 2
2830 2
2831 8
2832 2
2833 2
2834 8
2835 2
2836 1
2837 2
2838 4
2839 8
2840 2
2841 2
2842 8
2843 2
2844 8
2845 4
2846 8
2847 8
2848 2
2849 2
2850 2
2851 4
2852 2
2853 0
2854 8
2855 3
2856 2
2857 2
2858 2
2859 2
2860 8
2861 2
2862 8
2863 4
2864 4
2865 8
2866 2
2867 8
2868 8
2869 4
2870 2
2871 3
2872 2
2873 3
2874 4
2875 2
2876 4
2877 1
2878 2
2879 2
2880 2
2881 4
2882 2
2883 0
2884 2
2885 4
2886 0
2887 7
2888 1
2889 2
2890 2
2891 2
2892 4
2893 4
2894 2
2895 2
2896 1
2897 2
2898 2
2899 2
2900 8
2901 8
2902 4
2903 4
2904 2
2905 8
2906 2
2907 4
2908 2
2909 3
2910 4
2911 2
2912 4
2913 2
2914 2
2915 4
2916 8
2917 4
2918 8
2919 3
2920 2
2921 2
2922 0
2923 2
2924 4
2925 2
2926 4
2927 3
2928 2
2929 4
2930 2
2931 2
2932 4
2933 4
2934 2
2935 2
2936 2
2937 0
2938 0
2939 1
2940 4
2941 8
2942 4
2943 8
2944 8
2945 4
2946 8
2947 4
2948 2
2949 2
2950 1
2951 3
2952 4
2953 2
2954 2
2955 8
2956 2
2957 3
2958 4
2959 2
2960 4
2961 2
2962 8
2963 0
2964 2
2965 4
2966 8
2967 2
2968 8
2969 4
2970 4
2971 2
2972 2
2973 4
2974 4
2975 4
2976 2
2977 2
2978 2
2979 0
2980 2
2981 2
2982 4
2983 2
2984 8
2985 2
2986 2
2987 2
2988 2
2989 2
2990 0
2991 2
2992 2
2993 2
2994 2
2995 8
2996 2
2997 4
2998 4
2999 8
3000 8
3001 8
3002 2
3003 4
3004 2
3005 2
3006 8
3007 8
3008 4
3009 4
3010 2
3011 8
3012 1
3013 2
3014 8
3015 8
3016 2
3017 2
3018 8
3019 2
3020 4
3021 2
3022 2
3023 2
3024 2
3025 2
3026 2
3027 2
3028 8
3029 2
3030 4
3031 2
3032 4
3033 8
3034 0
3035 2
3036 4
3037 2
3038 2
3039 8
3040 0
3041 2
3042 8
3043 8
3044 3
3045 8
3046 0
3047 8
3048 0
3049 8
3050 8
3051 4
3052 8
3053 2
3054 8
3055 2
3056 8
3057 8
3058 8
3059 8
3060 2
3061 2
3062 4
3063 2
3064 2
3065 8
3066 4
3067 8
3068 8
3069 8
3070 3
3071 8
3072 3
3073 4
3074 2
3075 1
3076 2
3077 2
3078 1
3079 4
3080 2
3081 8
3082 2
3083 3
3084 3
3085 2
3086 4
3087 0
3088 2
3089 4
3090 0
3091 0
3092 0
3093 2
3094 2
3095 2
3096 2
3097 8
3098 4
3099 0
3100 4
3101 4
3102 4
3103 3
3104 1
3105 0
3106 2
3107 2
3108 2
3109 1
3110 0
3111 4
3112 2
3113 0
3114 2
3115 8
3116 8
3117 8
3118 8
3119 0
3120 2
3121 4
3122 2
3123 2
3124 4
3125 2
3126 8
3127 2
3128 0
3129 7
3130 8
3131 2
3132 2
3133 4
3134 3
3135 2
3136 2
3137 0
3138 2
3139 2
3140 2
3141 2
3142 4
3143 2
3144 8
3145 2
3146 1
3147 4
3148 8
3149 2
3150 4
3151 8
3152 2
3153 2
3154 0
3155 2
3156 2
3157 4
3158 4
3159 8
3160 2
3161 8
3162 8
3163 2
3164 8
3165 4
3166 2
3167 2
3168 2
3169 2
3170 8
3171 4
3172 3
3173 2
3174 8
3175 2
3176 2
3177 4
3178 2
3179 0
3180 2
3181 2
3182 1
3183 8
3184 4
3185 4
3186 2
3187 3
3188 8
3189 1
3190 4
3191 4
3192 4
3193 4
3194 2
3195 8
3196 2
3197 2
3198 8
3199 8
3200 8
3201 2
3202 4
3203 1
3204 2
3205 7
3206 4
3207 2
3208 2
3209 8
3210 8
3211 2
3212 8
3213 8
3214 3
3215 2
3216 8
3217 2
3218 2
3219 2
3220 2
3221 2
3222 2
3223 2
3224 2
3225 4
3226 2
3227 2
3228 4
3229 3
3230 2
3231 8
3232 2
3233 2
3234 8
3235 4
3236 2
3237 8
3238 1
3239 8
3240 4
3241 4
3242 2
3243 8
3244 2
3245 2
3246 2
3247 8
3248 2
3249 3
3250 2
3251 4
3252 0
3253 4
3254 8
3255 2
3256 1
3257 2
3258 2
3259 4
3260 4
3261 2
3262 2
3263 4
3264 2
3265 0
3266 2
3267 2
3268 1
3269 8
3270 4
3271 8
3272 2
3273 1
3274 8
3275 2
3276 0
3277 4
3278 4
3279 2
3280 2
3281 8
3282 2
3283 8
3284 4
3285 2
3286 1
3287 2
3288 2
3289 2
3290 0
3291 2
3292 2
3293 2
3294 8
3295 2
3296 2
3297 2
3298 1
3299 8
3300 8
3301 2
3302 3
3303 2
3304 4
3305 2
3306 4
3307 4
3308 2
3309 8
3310 2
3311 2
3312 8
3313 2
3314 2
3315 4
3316 8
3317 2
3318 1
3319 2
3320 0
3321 0
3322 3
3323 8
3324 8
3325 2
3326 2
3327 8
3328 7
3329 2
3330 4
3331 2
3332 8
3333 8
3334 4
3335 4
3336 3
3337 1
3338 4
3339 4
3340 2
3341 2
3342 2
3343 4
3344 2
3345 4
3346 2
3347 4
3348 4
3349 2
3350 2
3351 8
3352 2
3353 2
3354 4
3355 4
3356 8
3357 8
3358 4
3359 0
3360 2
3361 2
3362 2
3363 8
3364 2
3365 8
3366 4
3367 2
3368 4
3369 8
3370 0
3371 2
3372 4
3373 2
3374 2
3375 2
3376 0
3377 4
3378 4
3379 2
3380 2
3381 2
3382 4
3383 2
3384 8
3385 2
3386 2
3387 2
3388 8
3389 4
3390 2
3391 2
3392 4
3393 2
3394 4
3395 2
3396 2
3397 4
3398 2
3399 2
3400 4
3401 4
3402 2
3403 2
3404 2
3405 4
3406 2
3407 4
3408 8
3409 2
3410 4
3411 4
3412 2
3413 4
3414 2
3415 8
3416 8
3417 8
3418 2
3419 8
3420 2
3421 1
3422 2
3423 2
3424 1
3425 2
3426 2
3427 0
3428 2
3429 2
3430 1
3431 2
3432 2
3433 2
3434 2
3435 1
3436 4
3437 2
3438 2
3439 4
3440 4
3441 2
3442 4
3443 8
3444 2
3445 2
3446 2
3447 4
3448 2
3449 2
3450 2
3451 1
3452 2
3453 8
3454 2
3455 3
3456 2
3457 4
3458 8
3459 2
3460 4
3461 4
3462 2
3463 3
3464 4
3465 2
3466 1
3467 4
3468 2
3469 2
3470 4
3471 4
3472 1
3473 4
3474 4
3475 3
3476 2
3477 2
3478 4
3479 8
3480 2
3481 2
3482 4
3483 2
3484 2
3485 2
3486 8
3487 2
3488 2
3489 4
3490 2
3491 8
3492 3
3493 4
3494 4
3495 3
3496 0
3497 2
3498 1
3499 4
3500 2
3501 3
3502 2
3503 2
3504 2
3505 2
3506 8
3507 1
3508 2
3509 4
3510 4
3511 2
3512 2
3513 4
3514 2
3515 2
3516 4
3517 2
3518 8
3519 4
3520 2
3521 2
3522 4
3523 2
3524 2
3525 2
3526 8
3527 4
3528 8
3529 1
3530 4
3531 4
3532 2
3533 2
3534 2
3535 8
3536 4
3537 4
3538 8
3539 4
3540 2
3541 2
3542 4
3543 4
3544 2
3545 2
3546 8
3547 8
3548 2
3549 4
3550 8
3551 4
3552 8
3553 8
3554 2
3555 4
3556 2
3557 4
3558 4
3559 2
3560 2
3561 8
3562 7
3563 4
3564 2
3565 8
3566 2
3567 2
3568 2
3569 8
3570 8
3571 4
3572 4
3573 2
3574 8
3575 1
3576 0
3577 8
3578 2
3579 8
3580 2
3581 2
3582 2
3583 4
3584 2
3585 4
3586 4
3587 4
3588 8
3589 3
3590 2
3591 3
3592 2
3593 2
3594 2
3595 4
3596 1
3597 2
3598 2
3599 2
3600 4
3601 3
3602 2
3603 2
3604 2
3605 1
3606 2
3607 3
3608 4
3609 2
3610 2
3611 2
3612 8
3613 2
3614 2
3615 2
3616 2
3617 4
3618 4
3619 4
3620 8
3621 4
3622 0
3623 2
3624 8
3625 8
3626 1
3627 4
3628 2
3629 4
3630 2
3631 8
3632 8
3633 2
3634 4
3635 8
3636 2
3637 3
3638 2
3639 2
3640 0
3641 4
3642 2
3643 8
3644 8
3645 2
3646 4
3647 2
3648 2
3649 8
3650 2
3651 2
3652 2
3653 2
3654 0
3655 4
3656 4
3657 4
3658 2
3659 8
3660 8
3661 1
3662 2
3663 2
3664 2
3665 2
3666 4
3667 4
3668 2
3669 2
3670 8
3671 4
3672 2
3673 4
3674 8
3675 8
3676 2
3677 2
3678 2
3679 4
3680 3
3681 4
3682 4
3683 8
3684 4
3685 1
3686 8
3687 1
3688 4
3689 1
3690 8
3691 1
3692 2
3693 8
3694 8
3695 3
3696 8
3697 8
3698 8
3699 8
3700 0
3701 0
3702 4
3703 0
3704 7
3705 8
3706 8
3707 8
3708 8
3709 0
3710 8
3711 8
3712 0
3713 8
3714 4
3715 8
3716 8
3717 8
3718 8
3719 8
3720 0
3721 8
3722 4
3723 3
3724 8
3725 4
3726 8
3727 3
3728 3
3729 2
3730 4
3731 8
3732 2
3733 8
3734 4
3735 8
3736 8
3737 0
3738 8
3739 8
3740 2
3741 2
3742 4
3743 8
3744 8
3745 4
3746 2
3747 8
3748 4
3749 2
3750 8
3751 4
3752 2
3753 4
3754 8
3755 8
3756 4
3757 4
3758 3
3759 3
3760 0
3761 4
3762 8
3763 2
3764 4
3765 4
3766 2
3767 8
3768 2
3769 8
3770 8
3771 8
3772 8
3773 0
3774 0
3775 3
3776 3
3777 3
3778 8
3779 8
3780 8
3781 0
3782 4
3783 2
3784 4
3785 4
3786 2
3787 1
3788 2
3789 2
3790 4
3791 4
3792 8
3793 8
3794 4
3795 4
3796 8
3797 4
3798 2
3799 4
3800 8
3801 4
3802 8
3803 8
3804 8
3805 0
3806 4
3807 3
3808 2
3809 4
3810 4
3811 4
3812 8
3813 4
3814 4
3815 8
3816 8
3817 8
3818 8
3819 8
3820 8
3821 0
3822 0
3823 0
3824 0
3825 2
3826 2
3827 1
3828 4
3829 8
3830 8
3831 0
3832 8
3833 8
3834 0
3835 8
3836 8
3837 8
3838 4
3839 1
3840 4
3841 2
3842 8
3843 4
3844 8
3845 8
3846 1
3847 3
3848 8
3849 8
3850 8
3851 2
3852 0
3853 1
3854 1
3855 4
3856 1
3857 1
3858 8
3859 8
3860 2
3861 4
3862 2
3863 8
3864 4
3865 8
3866 0
3867 4
3868 4
3869 8
3870 4
3871 8
3872 4
3873 2
3874 8
3875 2
3876 2
3877 8
3878 8
3879 8
3880 8
3881 4
3882 4
3883 3
3884 8
3885 3
3886 2
3887 8
3888 3
3889 3
3890 3
3891 3
3892 8
3893 7
3894 3
3895 7
3896 8
3897 8
3898 3
3899 3
3900 3
3901 8
3902 4
3903 2
3904 2
3905 3
3906 3
3907 2
3908 4
3909 1
3910 8
3911 2
3912 2
3913 8
3914 8
3915 8
3916 4
3917 3
3918 4
3919 8
3920 8
3921 2
3922 2
3923 3
3924 4
3925 8
3926 8
3927 8
3928 2
3929 2
3930 8
3931 8
3932 3
3933 0
3934 2
3935 8
3936 2
3937 3
3938 3
3939 8
3940 8
3941 8
3942 2
3943 3
3944 3
3945 8
3946 2
3947 3
3948 3
3949 2
3950 8
3951 8
3952 3
3953 4
3954 8
3955 4
3956 4
3957 3
3958 8
3959 8
3960 8
3961 8
3962 8
3963 8
3964 7
3965 4
3966 8
3967 8
3968 0
3969 4
3970 8
3971 8
3972 8
3973 3
3974 8
3975 8
3976 8
3977 8
3978 4
3979 4
3980 2
3981 4
3982 4
3983 4
3984 4
3985 4
3986 4
3987 4
3988 4
3989 4
3990 4
3991 4
3992 4
3993 8
3994 4
3995 8
3996 8
3997 8
3998 8
3999 8
4000 2
4001 8
4002 0
4003 2
4004 2
4005 2
4006 8
4007 8
4008 8
4009 8
4010 4
4011 2
4012 4
4013 8
4014 4
4015 7
4016 4
4017 4
4018 4
4019 4
4020 4
4021 8
4022 4
4023 4
4024 8
4025 4
4026 8
4027 2
4028 4
4029 4
4030 4
4031 2
4032 4
4033 4
4034 4
4035 2
4036 2
4037 4
4038 4
4039 4
4040 4
4041 4
4042 2
4043 4
4044 8
4045 4
4046 4
4047 4
4048 4
4049 4
4050 8
4051 4
4052 4
4053 8
4054 4
4055 8
4056 8
4057 4
4058 8
4059 4
4060 4
4061 4
4062 4
4063 2
4064 4
4065 4
4066 4
4067 4
4068 4
4069 4
4070 4
4071 8
4072 4
4073 0
4074 4
4075 4
4076 4
4077 3
4078 4
4079 2
4080 4
4081 4
4082 4
4083 4
4084 4
4085 4
4086 2
4087 0
4088 4
4089 4
4090 2
4091 7
4092 4
4093 4
4094 4
4095 4
4096 4
4097 4
4098 4
4099 4
4100 4
4101 4
4102 8
4103 7
4104 2
4105 4
4106 4
4107 4
4108 0
4109 4
4110 8
4111 2
4112 4
4113 4
4114 4
4115 0
4116 4
4117 4
4118 4
4119 4
4120 4
4121 4
4122 2
4123 4
4124 8
4125 4
4126 2
4127 4
4128 4
4129 4
4130 0
4131 0
4132 4
4133 4
4134 4
4135 4
4136 4
4137 4
4138 8
4139 4
4140 4
4141 4
4142 4
4143 2
4144 8
4145 4
4146 4
4147 4
4148 2
4149 2
4150 4
4151 0
4152 4
4153 4
4154 8
4155 4
4156 2
4157 4
4158 2
4159 0
4160 4
4161 8
4162 4
4163 8
4164 4
4165 4
4166 2
4167 2
4168 8
4169 8
4170 8
4171 8
4172 2
4173 8
4174 8
4175 8
4176 8
4177 2
4178 8
4179 8
4180 8
4181 8
4182 8
4183 8
4184 8
4185 2
4186 8
4187 8
4188 4
4189 4
4190 2
4191 4
4192 8
4193 8
4194 8
4195 8
4196 3
4197 8
4198 1
4199 8
4200 8
4201 8
4202 8
4203 8
4204 8
4205 8
4206 8
4207 8
4208 8
4209 0
4210 7
4211 8
4212 2
4213 8
4214 8
4215 8
4216 8
4217 3
4218 4
4219 8
4220 7
4221 8
4222 2
4223 8
4224 4
4225 8
4226 8
4227 8
4228 8
4229 2
4230 0
4231 4
4232 8
4233 8
4234 8
4235 8
4236 0
4237 8
4238 0
4239 8
4240 4
4241 8
4242 3
4243 3
4244 3
4245 3
4246 2
4247 3
4248 8
4249 8
4250 8
4251 8
4252 4
4253 2
4254 8
4255 8
4256 8
4257 4
4258 8
4259 8
4260 8
4261 8
4262 8
4263 8
4264 8
4265 0
4266 8
4267 8
4268 8
4269 8
4270 8
4271 8
4272 8
4273 8
4274 8
4275 8
4276 0
4277 8
4278 8
4279 8
4280 8
4281 8
4282 8
4283 8
4284 8
4285 8
4286 8
4287 7
4288 8
4289 8
4290 8
4291 8
4292 8
4293 0
4294 8
4295 7
4296 8
4297 8
4298 8
4299 7
4300 8
4301 8
4302 8
4303 0
4304 8
4305 8
4306 2
4307 8
4308 3
4309 3
4310 3
4311 3
4312 3
4313 3
4314 3
4315 3
4316 4
4317 8
4318 0
4319 3
4320 4
4321 8
4322 8
4323 4
4324 8
4325 8
4326 2
4327 4
4328 2
4329 0
4330 8
4331 2
4332 8
4333 4
4334 8
4335 4
4336 4
4337 4
4338 8
4339 8
4340 2
4341 8
4342 4
4343 4
4344 8
4345 0
4346 8
4347 8
4348 8
4349 8
4350 8
4351 8
4352 8
4353 8
4354 8
4355 0
4356 0
4357 4
4358 2
4359 8
4360 3
4361 8
4362 8
4363 8
4364 4
4365 8
4366 0
4367 4
4368 4
4369 8
4370 4
4371 4
4372 2
4373 8
4374 2
4375 2
4376 8
4377 0
4378 4
4379 8
4380 8
4381 2
4382 4
4383 4
4384 3
4385 8
4386 8
4387 4
4388 4
4389 2
4390 8
4391 8
4392 8
4393 8
4394 0
4395 8
4396 8
4397 8
4398 2
4399 8
4400 4
4401 2
4402 8
4403 2
4404 4
4405 4
4406 2
4407 4
4408 3
4409 2
4410 4
4411 8
4412 4
4413 2
4414 2
4415 4
4416 4
4417 4
4418 4
4419 8
4420 4
4421 4
4422 2
4423 4
4424 8
4425 4
4426 2
4427 4
4428 8
4429 8
4430 8
4431 4
4432 4
4433 4
4434 4
4435 4
4436 2
4437 4
4438 8
4439 4
4440 4
4441 0
4442 3
4443 8
4444 8
4445 3
4446 3
4447 7
4448 4
4449 2
4450 3
4451 3
4452 3
4453 3
4454 4
4455 7
4456 8
4457 8
4458 0
4459 8
4460 8
4461 8
4462 8
4463 8
4464 8
4465 8
4466 4
4467 2
4468 4
4469 8
4470 2
4471 7
4472 4
4473 4
4474 8
4475 8
4476 4
4477 2
4478 4
4479 4
4480 8
4481 1
4482 8
4483 8
4484 8
4485 4
4486 8
4487 8
4488 4
4489 8
4490 4
4491 2
4492 4
4493 8
4494 4
4495 2
4496 7
4497 8
4498 2
4499 8
4500 2
4501 4
4502 8
4503 4
4504 4
4505 8
4506 4
4507 4
4508 2
4509 2
4510 8
4511 8
4512 8
4513 4
4514 8
4515 8
4516 2
4517 4
4518 2
4519 8
4520 4
4521 4
4522 8
4523 2
4524 4
4525 8
4526 8
4527 4
4528 2
4529 0
4530 4
4531 4
4532 8
4533 4
4534 8
4535 4
4536 2
4537 8
4538 2
4539 8
4540 4
4541 2
4542 8
4543 4
4544 2
4545 4
4546 4
4547 4
4548 4
4549 8
4550 4
4551 4
4552 4
4553 4
4554 4
4555 4
4556 4
4557 4
4558 4
4559 4
4560 4
4561 4
4562 4
4563 4
4564 2
4565 4
4566 8
4567 4
4568 4
4569 4
4570 4
4571 4
4572 2
4573 4
4574 4
4575 4
4576 4
4577 4
4578 4
4579 4
4580 4
4581 4
4582 4
4583 4
4584 4
4585 4
4586 4
4587 4
4588 4
4589 4
4590 2
4591 4
4592 4
4593 8
4594 8
4595 2
4596 4
4597 8
4598 4
4599 4
4600 2
4601 2
4602 2
4603 2
4604 8
4605 2
4606 4
4607 4
4608 1
4609 1
4610 8
4611 8
4612 8
4613 8
4614 8
4615 8
4616 4
4617 2
4618 3
4619 8
4620 3
4621 2
4622 3
4623 4
4624 2
4625 4
4626 8
4627 2
4628 8
4629 2
4630 4
4631 4
4632 8
4633 2
4634 4
4635 2
4636 8
4637 2
4638 8
4639 2
4640 2
4641 4
4642 8
4643 0
4644 2
4645 8
4646 4
4647 4
4648 2
4649 8
4650 8
4651 4
4652 8
4653 8
4654 4
4655 2
4656 8
4657 8
4658 8
4659 8
4660 1
4661 8
4662 4
4663 4
4664 2
4665 2
4666 0
4667 8
4668 4
4669 8
4670 0
4671 8
4672 4
4673 8
4674 0
4675 4
4676 0
4677 8
4678 0
4679 0
4680 0
4681 4
4682 0
4683 8
4684 4
4685 2
4686 8
4687 4
4688 2
4689 4
4690 8
4691 8
4692 8
4693 8
4694 8
4695 8
4696 0
4697 2
4698 8
4699 8
4700 0
4701 4
4702 2
4703 4
4704 8
4705 9
4706 0
4707 0
4708 8
4709 0
4710 4
4711 8
4712 2
4713 8
4714 0
4715 8
4716 8
4717 8
4718 4
4719 4
4720 8
4721 4
4722 8
4723 8
4724 4
4725 0
4726 2
4727 8
4728 8
4729 4
4730 4
4731 8
4732 2
4733 4
4734 0
4735 4
4736 4
4737 4
4738 0
4739 4
4740 4
4741 4
4742 0
4743 4
4744 4
4745 2
4746 8
4747 3
4748 8
4749 0
4750 0
4751 4
4752 0
4753 8
4754 0
4755 0
4756 2
4757 2
4758 0
4759 2
4760 8
4761 2
4762 0
4763 8
4764 8
4765 3
4766 2
4767 8
4768 2
4769 4
4770 0
4771 4
4772 0
4773 8
4774 8
4775 0
4776 4
4777 8
4778 8
4779 0
4780 8
4781 8
4782 0
4783 4
4784 0
4785 2
4786 0
4787 0
4788 2
4789 0
4790 8
4791 0
4792 0
4793 0
4794 0
4795 0
4796 4
4797 4
4798 0
4799 4
4800 8
4801 4
4802 8
4803 0
4804 0
4805 4
4806 8
4807 0
4808 0
4809 8
4810 8
4811 0
4812 8
4813 0
4814 0
4815 8
4816 8
4817 0
4818 7
4819 8
4820 0
4821 8
4822 0
4823 8
4824 0
4825 8
4826 0
4827 8
4828 0
4829 0
4830 4
4831 3
4832 4
4833 0
4834 8
4835 4
4836 0
4837 4
4838 8
4839 8
4840 8
4841 2
4842 8
4843 2
4844 0
4845 4
4846 4
4847 4
4848 4
4849 8
4850 8
4851 2
4852 0
4853 1
4854 8
4855 0
4856 8
4857 8
4858 8
4859 0
4860 0
4861 0
4862 0
4863 8
4864 2
4865 8
4866 2
4867 8
4868 4
4869 8
4870 0
4871 0
4872 4
4873 0
4874 4
4875 0
4876 0
4877 0
4878 0
4879 8
4880 4
4881 8
4882 9
4883 8
4884 4
4885 2
4886 8
4887 2
4888 8
4889 8
4890 0
4891 8
4892 0
4893 8
4894 4
4895 4
4896 2
4897 2
4898 4
4899 7
4900 0
4901 8
4902 4
4903 4
4904 4
4905 4
4906 4
4907 8
4908 4
4909 4
4910 8
4911 4
4912 4
4913 2
4914 8
4915 8
4916 8
4917 8
4918 8
4919 8
4920 4
4921 4
4922 1
4923 8
4924 1
4925 1
4926 2
4927 8
4928 8
4929 4
4930 1
4931 8
4932 8
4933 8
4934 8
4935 8
4936 4
4937 0
4938 8
4939 4
4940 7
4941 4
4942 2
4943 4
4944 7
4945 8
4946 2
4947 2
4948 8
4949 8
4950 0
4951 4
4952 8
4953 8
4954 8
4955 8
4956 8
4957 0
4958 4
4959 8
4960 4
4961 4
4962 4
4963 4
4964 4
4965 4
4966 4
4967 8
4968 3
4969 8
4970 8
4971 7
4972 3
4973 4
4974 4
4975 8
4976 3
4977 0
4978 7
4979 8
4980 8
4981 8
4982 0
4983 0
4984 4
4985 4
4986 4
4987 0
4988 8
4989 4
4990 8
4991 1
4992 4
4993 8
4994 3
4995 3
4996 8
4997 8
4998 8
4999 8
5000 8
5001 4
5002 4
5003 2
5004 8
5005 8
5006 4
5007 8
5008 2
5009 0
5010 1
5011 4
5012 2
5013 4
5014 0
5015 2
5016 2
5017 0
5018 2
5019 8
5020 2
5021 8
5022 8
5023 8
5024 0
5025 2
5026 2
5027 4
5028 2
5029 4
5030 8
5031 8
5032 8
5033 0
5034 2
5035 4
5036 4
5037 8
5038 8
5039 4
5040 2
5041 8
5042 2
5043 0
5044 2
5045 4
5046 8
5047 8
5048 2
5049 4
5050 8
5051 8
5052 0
5053 2
5054 10
5055 10
5056 10
5057 10
5058 4
5059 8
5060 10
5061 4
5062 10
5063 10
5064 2
5065 8
5066 10
5067 8
5068 8
5069 4
5070 8
5071 8
5072 2
5073 3
5074 10
5075 8
5076 2
5077 8
5078 8
5079 8
5080 8
5081 4
5082 0
5083 2
5084 8
5085 8
5086 8
5087 4
5088 2
5089 2
5090 8
5091 8
5092 8
5093 8
5094 8
5095 8
5096 8
5097 8
5098 4
5099 3
5100 1
5101 8
5102 8
5103 2
5104 8
5105 8
5106 8
5107 8
5108 8
5109 8
5110 3
5111 8
5112 4
5113 8
5114 8
5115 4
5116 8
5117 4
5118 8
5119 3
5120 4
5121 8
5122 0
5123 8
5124 8
5125 8
5126 4
5127 8
5128 4
5129 0
5130 3
5131 8
5132 8
5133 8
5134 0
5135 0
5136 8
5137 8
5138 8
5139 0
5140 0
5141 0
5142 8
5143 8
5144 8
5145 4
5146 4
5147 4
5148 8
5149 8
5150 8
5151 4
5152 4
5153 3
5154 8
5155 8
5156 2
5157 8
5158 8
5159 8
5160 8
5161 1
5162 8
5163 8
5164 8
5165 8
5166 8
5167 8
5168 3
5169 0
5170 8
5171 8
5172 0
5173 8
5174 8
5175 0
5176 8
5177 8
5178 8
5179 4
5180 8
5181 8
5182 8
5183 0
5184 8
5185 8
5186 8
5187 8
5188 8
5189 8
5190 8
5191 8
5192 2
5193 4
5194 4
5195 0
5196 8
5197 8
5198 4
5199 4
5200 8
5201 8
5202 8
5203 8
5204 8
5205 8
5206 8
5207 4
5208 8
5209 8
5210 2
5211 4
5212 8
5213 8
5214 8
5215 8
5216 8
5217 8
5218 4
5219 8
5220 4
5221 8
5222 8
5223 8
5224 8
5225 8
5226 8
5227 8
5228 8
5229 2
5230 2
5231 4
5232 8
5233 0
5234 0
5235 2
5236 8
5237 4
5238 8
5239 4
5240 2
5241 8
5242 8
5243 2
5244 2
5245 8
5246 2
5247 4
5248 4
5249 2
5250 2
5251 2
5252 2
5253 8
5254 4
5255 0
5256 4
5257 2
5258 8
5259 2
5260 4
5261 2
5262 4
5263 4
5264 8
5265 8
5266 0
5267 4
5268 8
5269 0
5270 0
5271 2
5272 8
5273 8
5274 8
5275 1
5276 0
5277 2
5278 4
5279 0
5280 8
5281 2
5282 7
5283 2
5284 2
5285 2
5286 8
5287 7
5288 8
5289 4
5290 4
5291 0
5292 4
5293 8
5294 2
5295 2
5296 2
5297 2
5298 0
5299 2
5300 7
5301 8
5302 0
5303 0
5304 0
5305 2
5306 0
5307 0
5308 0
5309 0
5310 0
5311 0
5312 1
5313 0
5314 8
5315 0
5316 0
5317 0
5318 0
5319 0
5320 4
5321 0
5322 0
5323 0
5324 8
5325 0
5326 0
5327 0
5328 0
5329 0
5330 4
5331 0
5332 3
5333 8
5334 4
5335 4
5336 8
5337 8
5338 8
5339 4
5340 4
5341 4
5342 0
5343 8
5344 8
5345 8
5346 8
5347 4
5348 4
5349 4
5350 8
5351 3
5352 8
5353 4
5354 4
5355 2
5356 2
5357 4
5358 2
5359 8
5360 4
5361 4
5362 8
5363 4
5364 2
5365 0
5366 8
5367 4
5368 8
5369 8
5370 8
5371 0
5372 2
5373 4
5374 8
5375 4
5376 0
5377 4
5378 4
5379 8
5380 8
5381 8
5382 2
5383 8
5384 4
5385 4
5386 4
5387 4
5388 4
5389 4
5390 4
5391 1
5392 4
5393 8
5394 1
5395 8
5396 2
5397 2
5398 4
5399 8
5400 2
5401 4
5402 8
5403 0
5404 2
5405 4
5406 4
5407 4
5408 4
5409 13
5410 2
5411 8
5412 8
5413 4
5414 4
5415 0
5416 8
5417 8
5418 4
5419 4
5420 4
5421 8
5422 0
5423 2
5424 8
5425 4
5426 1
5427 4
5428 0
5429 4
5430 0
5431 4
5432 4
5433 4
5434 4
5435 4
5436 2
5437 7
5438 8
5439 8
5440 4
5441 4
5442 2
5443 8
5444 8
5445 4
5446 4
5447 4
5448 3
5449 8
5450 4
5451 2
5452 4
5453 4
5454 2
5455 2
5456 2
5457 7
5458 4
5459 0
5460 4
5461 1
5462 4
5463 4
5464 4
5465 2
5466 0
5467 4
5468 8
5469 4
5470 4
5471 4
5472 8
5473 4
5474 4
5475 3
5476 2
5477 4
5478 8
5479 4
5480 8
5481 4
5482 8
5483 8
5484 4
5485 4
5486 0
5487 4
5488 4
5489 4
5490 8
5491 0
5492 0
5493 4
5494 7
5495 8
5496 2
5497 4
5498 2
5499 2
5500 8
5501 0
5502 8
5503 8
5504 4
5505 8
5506 2
5507 4
5508 2
5509 0
5510 7
5511 4
5512 8
5513 2
5514 0
5515 8
5516 4
5517 4
5518 4
5519 4
5520 2
5521 2
5522 8
5523 7
5524 8
5525 8
5526 4
5527 8
5528 4
5529 0
5530 2
5531 4
5532 4
5533 4
5534 8
5535 4
5536 4
5537 2
5538 4
5539 8
5540 4
5541 8
5542 4
5543 4
5544 0
5545 0
5546 2
5547 4
5548 4
5549 8
5550 0
5551 4
5552 2
5553 8
5554 8
5555 4
5556 4
5557 4
5558 4
5559 0
5560 8
5561 4
5562 4
5563 4
5564 0
5565 2
5566 4
5567 0
5568 0
5569 4
5570 2
5571 1
5572 8
5573 0
5574 2
5575 8
5576 4
5577 4
5578 3
5579 8
5580 4
5581 2
5582 2
5583 8
5584 4
5585 4
5586 4
5587 8
5588 4
5589 4
5590 4
5591 3
5592 0
5593 8
5594 2
5595 4
5596 8
5597 2
5598 4
5599 4
5600 8
5601 8
5602 8
5603 4
5604 4
5605 8
5606 0
5607 8
5608 4
5609 4
5610 4
5611 4
5612 2
5613 4
5614 2
5615 2
5616 4
5617 4
5618 4
5619 4
5620 4
5621 4
5622 2
5623 2
5624 2
5625 4
5626 2
5627 0
5628 4
5629 2
5630 4
5631 4
5632 8
5633 8
5634 4
5635 2
5636 4
5637 4
5638 7
5639 8
5640 4
5641 4
5642 8
5643 0
5644 8
5645 4
5646 2
5647 4
5648 2
5649 8
5650 8
5651 2
5652 2
5653 0
5654 2
5655 2
5656 2
5657 8
5658 8
5659 0
5660 1
5661 7
5662 1
5663 8
5664 2
5665 8
5666 8
5667 3
5668 8
5669 8
5670 7
5671 7
5672 8
5673 8
5674 8
5675 4
5676 8
5677 2
5678 3
5679 2
5680 8
5681 8
5682 4
5683 0
5684 4
5685 4
5686 4
5687 4
5688 8
5689 0
5690 4
5691 2
5692 4
5693 4
5694 0
5695 2
5696 4
5697 4
5698 4
5699 4
5700 8
5701 4
5702 8
5703 8
5704 0
5705 0
5706 0
5707 0
5708 0
5709 8
5710 8
5711 4
5712 8
5713 3
5714 8
5715 8
5716 8
5717 1
5718 3
5719 8
5720 8
5721 0
5722 4
5723 8
5724 8
5725 8
5726 0
5727 0
5728 8
5729 8
5730 8
5731 8
5732 2
5733 4
5734 0
5735 8
5736 8
5737 4
5738 8
5739 8
5740 8
5741 8
5742 8
5743 0
5744 8
5745 8
5746 0
5747 0
5748 8
5749 7
5750 2
5751 9
5752 4
5753 2
5754 8
5755 8
5756 8
5757 11
5758 7
5759 8
5760 4
5761 4
5762 8
5763 8
5764 11
5765 2
5766 8
5767 2
5768 8
5769 0
5770 0
5771 8
5772 8
5773 1
5774 0
5775 0
5776 8
5777 1
5778 8
5779 8
5780 8
5781 8
5782 8
5783 0
5784 8
5785 7
5786 8
5787 8
5788 4
5789 8
5790 8
5791 8
5792 8
5793 8
5794 8
5795 8
5796 8
5797 8
5798 0
5799 3
5800 1
5801 1
5802 8
5803 8
5804 8
5805 4
5806 3
5807 4
5808 8
5809 2
5810 8
5811 8
5812 3
5813 8
5814 0
5815 0
5816 0
5817 8
5818 8
5819 8
5820 8
5821 8
5822 8
5823 8
5824 8
5825 1
5826 8
5827 8
5828 8
5829 8
5830 2
5831 4
5832 4
5833 0
5834 1
5835 2
5836 0
5837 2
5838 2
5839 0
5840 4
5841 3
5842 8
5843 1
5844 1
5845 8
5846 8
5847 4
5848 8
5849 0
5850 8
5851 8
5852 8
5853 2
5854 2
5855 8
5856 8
5857 4
5858 8
5859 8
5860 2
5861 4
5862 4
5863 4
5864 8
5865 7
5866 8
5867 2
5868 8
5869 2
5870 8
5871 1
5872 3
5873 4
5874 2
5875 7
5876 2
5877 4
5878 2
5879 0
5880 4
5881 0
5882 0
5883 8
5884 8
5885 0
5886 8
5887 2
5888 4
5889 1
5890 4
5891 2
5892 8
5893 0
5894 8
5895 0
5896 0
5897 0
5898 8
5899 0
5900 8
5901 0
5902 8
5903 8
5904 0
5905 8
5906 3
5907 4
5908 8
5909 8
5910 8
5911 8
5912 3
5913 2
5914 8
5915 8
5916 8
5917 8
5918 0
5919 8
5920 4
5921 8
5922 8
5923 2
5924 8
5925 8
5926 8
5927 1
5928 4
5929 8
5930 8
5931 8
5932 4
5933 8
5934 1
5935 4
5936 4
5937 2
5938 2
5939 4
5940 8
5941 4
5942 8
5943 4
5944 8
5945 8
5946 2
5947 0
5948 3
5949 3
5950 3
5951 7
5952 4
5953 8
5954 4
5955 8
5956 4
5957 8
5958 4
5959 2
5960 4
5961 4
5962 4
5963 2
5964 4
5965 2
5966 0
5967 8
5968 7
5969 2
5970 8
5971 0
5972 2
5973 8
5974 4
5975 8
5976 2
5977 4
5978 1
5979 4
5980 0
5981 0
5982 8
5983 7
5984 7
5985 7
5986 7
5987 4
5988 7
5989 3
5990 4
5991 7
5992 4
5993 1
5994 1
5995 8
5996 1
5997 3
5998 8
5999 0
6000 4
6001 8
6002 0
6003 8
6004 8
6005 8
6006 8
6007 8
6008 8
6009 8
6010 8
6011 8
6012 8
6013 8
6014 8
6015 8
6016 8
6017 8
6018 8
6019 8
6020 8
6021 8
6022 8
6023 8
6024 8
6025 8
6026 8
6027 8
6028 8
6029 8
6030 8
6031 8
6032 8
6033 0
6034 0
6035 2
6036 8
6037 4
6038 4
6039 4
6040 0
6041 8
6042 4
6043 8
6044 8
6045 8
6046 8
6047 4
6048 8
6049 8
6050 8
6051 3
6052 8
6053 8
6054 0
6055 4
6056 4
6057 8
6058 4
6059 4
6060 4
6061 8
6062 8
6063 0
6064 0
6065 8
6066 0
6067 2
6068 8
6069 2
6070 0
6071 4
6072 4
6073 2
6074 8
6075 8
6076 8
6077 8
6078 12
6079 12
6080 12
6081 12
6082 2
6083 8
6084 8
6085 4
6086 8
6087 4
6088 8
6089 8
6090 8
6091 4
6092 8
6093 8
6094 8
6095 0
6096 8
6097 8
6098 8
6099 8
6100 8
6101 8
6102 8
6103 8
6104 0
6105 0
6106 0
6107 8
6108 2
6109 8
6110 13
6111 13
6112 13
6113 8
6114 8
6115 8
6116 0
6117 0
6118 8
6119 1
6120 8
6121 2
6122 8
6123 1
6124 1
6125 8
6126 8
6127 8
6128 8
6129 4
6130 8
6131 8
6132 4
6133 8
6134 0
6135 4
6136 4
6137 8
6138 8
6139 8
6140 4
6141 4
6142 3
6143 4
6144 2
6145 2
6146 2
6147 8
6148 8
6149 8
6150 8
6151 8
6152 8
6153 8
6154 8
6155 0
6156 4
6157 8
6158 8
6159 2
6160 1
6161 4
6162 8
6163 8
6164 8
6165 2
6166 4
6167 0
6168 8
6169 8
6170 8
6171 8
6172 3
6173 0
6174 2
6175 0
6176 4
6177 4
6178 4
6179 4
6180 8
6181 8
6182 2
6183 2
6184 4
6185 2
6186 4
6187 4
6188 4
6189 4
6190 3
6191 2
6192 2
6193 2
6194 2
6195 8
6196 4
6197 4
6198 4
6199 4
6200 1
6201 8
6202 8
6203 4
6204 1
6205 2
6206 7
6207 7
6208 8
6209 8
6210 0
6211 0
6212 8
6213 8
6214 2
6215 4
6216 4
6217 8
6218 4
6219 8
6220 3
6221 8
6222 8
6223 8
6224 8
6225 8
6226 8
6227 0
6228 8
6229 8
6230 8
6231 8
6232 8
6233 8
6234 8
6235 8
6236 7
6237 8
6238 8
6239 8
6240 8
6241 4
6242 4
6243 4
6244 3
6245 2
6246 4
6247 8
6248 4
6249 2
6250 8
6251 2
6252 8
6253 8
6254 8
6255 8
6256 2
6257 8
6258 3
6259 4
6260 8
6261 4
6262 1
6263 4
6264 0
6265 2
6266 2
6267 8
6268 8
6269 8
6270 8
6271 8
6272 2
6273 8
6274 8
6275 2
6276 4
6277 4
6278 4
6279 8
6280 8
6281 0
6282 8
6283 8
6284 8
6285 8
6286 8
6287 8
6288 8
6289 8
6290 8
6291 8
6292 8
6293 4
6294 4
6295 4
6296 8
6297 0
6298 8
6299 2
6300 4
6301 8
6302 7
6303 4
6304 2
6305 8
6306 8
6307 4
6308 8
6309 4
6310 2
6311 4
6312 4
6313 3
6314 4
6315 0
6316 4
6317 0
6318 2
6319 2
6320 2
6321 4
6322 4
6323 4
6324 2
6325 0
6326 0
6327 4
6328 0
6329 4
6330 4
6331 7
6332 2
6333 2
6334 8
6335 4
6336 2
6337 8
6338 4
6339 4
6340 8
6341 4
6342 4
6343 4
6344 2
6345 8
6346 2
6347 2
6348 2
6349 4
6350 2
6351 4
6352 2
6353 2
6354 2
6355 8
6356 4
6357 4
6358 7
6359 8
6360 4
6361 4
6362 4
6363 1
6364 4
6365 4
6366 8
6367 4
6368 2
6369 0
6370 4
6371 8
6372 4
6373 2
6374 4
6375 8
6376 2
6377 4
6378 2
6379 4
6380 4
6381 4
6382 4
6383 0
6384 4
6385 4
6386 4
6387 4
6388 8
6389 4
6390 4
6391 2
6392 4
6393 4
6394 2
6395 2
6396 2
6397 4
6398 4
6399 4
6400 8
6401 4
6402 4
6403 4
6404 4
6405 4
6406 4
6407 8
6408 8
6409 4
6410 4
6411 0
6412 2
6413 8
6414 4
6415 8
6416 0
6417 0
6418 8
6419 4
6420 4
6421 8
6422 2
6423 8
6424 1
6425 0
6426 8
6427 8
6428 8
6429 4
6430 8
6431 3
6432 0
6433 0
6434 0
6435 4
6436 0
6437 2
6438 4
6439 2
6440 8
6441 4
6442 8
6443 4
6444 2
6445 4
6446 8
6447 4
6448 8
6449 4
6450 8
6451 0
6452 4
6453 2
6454 0
6455 8
6456 4
6457 0
6458 4
6459 8
6460 0
6461 0
6462 2
6463 8
6464 1
6465 2
6466 2
6467 2
6468 0
6469 0
6470 4
6471 0
6472 8
6473 1
6474 8
6475 4
6476 4
6477 4
6478 4
6479 7
6480 1
6481 8
6482 0
6483 0
6484 8
6485 8
6486 8
6487 8
6488 8
6489 0
6490 4
6491 8
6492 8
6493 0
6494 0
6495 0
6496 1
6497 0
6498 0
6499 0
6500 0
6501 8
6502 8
6503 8
6504 0
6505 8
6506 8
6507 8
6508 8
6509 8
6510 8
6511 8
6512 8
6513 8
6514 8
6515 8
6516 8
6517 8
6518 8
6519 8
6520 8
6521 8
6522 0
6523 8
6524 0
6525 8
6526 8
6527 8
6528 3
6529 8
6530 8
6531 8
6532 8
6533 8
6534 1
6535 0
6536 8
6537 8
6538 8
6539 8
6540 8
6541 2
6542 8
6543 2
6544 8
6545 2
6546 4
6547 4
6548 4
6549 1
6550 4
6551 4
6552 0
6553 4
6554 4
6555 0
6556 4
6557 4
6558 4
6559 4
6560 0
6561 2
6562 4
6563 2
6564 4
6565 2
6566 4
6567 4
6568 1
6569 8
6570 7
6571 0
6572 2
6573 8
6574 8
6575 8
6576 8
6577 8
6578 8
6579 8
6580 2
6581 2
6582 7
6583 8
6584 8
6585 8
6586 0
6587 8
6588 2
6589 8
6590 8
6591 8
6592 8
6593 8
6594 4
6595 1
6596 8
6597 2
6598 8
6599 4
6600 2
6601 4
6602 8
6603 8
6604 0
6605 4
6606 4
6607 8
6608 4
6609 4
6610 4
6611 4
6612 8
6613 4
6614 2
6615 4
6616 4
6617 2
6618 1
6619 0
6620 0
6621 2
6622 8
6623 4
6624 4
6625 1
6626 0
6627 4
6628 8
6629 0
6630 4
6631 8
6632 1
6633 4
6634 8
6635 0
6636 8
6637 8
6638 0
6639 0
6640 8
6641 8
6642 0
6643 8
6644 8
6645 2
6646 2
6647 8
6648 0
6649 8
6650 4
6651 0
6652 0
6653 0
6654 0
6655 4
6656 2
6657 4
6658 8
6659 4
6660 8
6661 4
6662 4
6663 4
6664 8
6665 0
6666 4
6667 4
6668 4
6669 4
6670 8
6671 0
6672 0
6673 4
6674 8
6675 8
6676 4
6677 4
6678 4
6679 4
6680 4
6681 4
6682 4
6683 8
6684 8
6685 8
6686 4
6687 8
6688 8
6689 8
6690 8
6691 8
6692 4
6693 0
6694 8
6695 4
6696 0
6697 0
6698 0
6699 4
6700 4
6701 8
6702 2
6703 7
6704 4
6705 2
6706 0
6707 8
6708 4
6709 0
6710 7
6711 4
6712 0
6713 9
6714 9
6715 8
6716 2
6717 4
6718 4
6719 4
6720 0
6721 0
6722 1
6723 0
6724 8
6725 2
6726 2
6727 2
6728 0
6729 4
6730 4
6731 4
6732 7
6733 0
6734 2
6735 2
6736 2
6737 2
6738 2
6739 2
6740 2
6741 2
6742 2
6743 2
6744 8
6745 4
6746 8
6747 0
6748 4
6749 4
6750 1
6751 1
6752 1
6753 1
6754 1
6755 1
6756 1
6757 3
6758 1
6759 1
6760 1
6761 1
6762 1
6763 1
6764 4
6765 8
6766 4
6767 4
6768 4
6769 4
6770 3
6771 8
6772 8
6773 8
6774 8
6775 0
6776 0
6777 8
6778 0
6779 0
6780 0
6781 0
6782 8
6783 2
6784 1
6785 3
6786 3
6787 8
6788 4
6789 9
6790 0
6791 0
6792 2
6793 8
6794 1
6795 0
6796 0
6797 8
6798 8
6799 8
6800 3
6801 3
6802 2
6803 0
6804 0
6805 4
6806 4
6807 4
6808 4
6809 1
6810 1
6811 1
6812 2
6813 8
6814 8
6815 8
6816 4
6817 4
6818 4
6819 0
6820 8
6821 8
6822 4
6823 8
6824 8
6825 8
6826 8
6827 8
6828 0
6829 8
6830 0
6831 0
6832 0
6833 0
6834 8
6835 7
6836 7
6837 0
6838 8
6839 8
6840 0
6841 8
6842 2
6843 8
6844 8
6845 8
6846 8
6847 8
6848 8
6849 8
6850 8
6851 8
6852 7
6853 7
6854 7
6855 7
6856 7
6857 7
6858 7
6859 7
6860 7
6861 7
6862 7
6863 7
6864 7
6865 7
6866 7
6867 7
6868 7
6869 7
6870 7
6871 7
6872 7
6873 7
6874 7
6875 7
6876 7
6877 7
6878 7
6879 7
6880 7
6881 7
6882 7
6883 7
6884 7
6885 7
6886 7
6887 7
6888 7
6889 7
6890 7
6891 8
6892 7
6893 7
6894 7
6895 7
6896 7
6897 7
6898 7
6899 7
6900 8
6901 7
6902 7
6903 7
6904 7
6905 7
6906 7
6907 7
6908 7
6909 7
6910 7
6911 7
6912 7
6913 7
6914 7
6915 7
6916 7
6917 7
6918 7
6919 7
6920 7
6921 1
6922 8
6923 8
6924 8
6925 8
6926 8
6927 8
6928 4
6929 0
6930 4
6931 4
6932 8
6933 8
6934 2
6935 0
6936 0
6937 0
6938 0
6939 3
6940 0
6941 8
6942 8
6943 2
6944 0
6945 0
6946 9
6947 0
6948 0
6949 0
6950 2
6951 8
6952 8
6953 8
6954 8
6955 8
6956 8
6957 4
6958 4
6959 0
6960 0
6961 8
6962 8
6963 8
6964 8
6965 8
6966 4
6967 4
6968 1
6969 1
6970 1
6971 1
6972 1
6973 1
6974 1
6975 1
6976 1
6977 1
6978 4
6979 1
6980 4
6981 8
6982 0
6983 4
6984 8
6985 0
6986 0
6987 0
6988 0
6989 1
6990 8
6991 8
6992 8
6993 8
6994 8
6995 8
6996 0
6997 8
6998 8
6999 3
7000 8
7001 8
7002 0
7003 0
7004 4
7005 8
7006 8
7007 8
7008 8
7009 8
7010 8
7011 8
7012 8
7013 8
7014 4
7015 4
7016 0
7017 8
7018 3
7019 2
7020 2
7021 0
7022 0
7023 0
7024 4
7025 4
7026 4
7027 0
7028 0
7029 0
7030 0
7031 1
7032 1
7033 0
7034 0
7035 0
7036 8
7037 8
7038 8
7039 8
7040 0
7041 0
7042 0
7043 8
7044 0
7045 0
7046 0
7047 4
7048 4
7049 0
7050 2
7051 8
7052 8
7053 7
7054 8
7055 8
7056 8
7057 8
7058 4
7059 8
7060 1
7061 8
7062 8
7063 8
7064 3
7065 0
7066 0
7067 8
7068 8
7069 8
7070 4
7071 4
7072 4
7073 0
7074 0
7075 0
7076 0
7077 0
7078 0
7079 3
7080 3
7081 3
7082 3
7083 2
7084 2
7085 0
7086 0
7087 0
7088 0
7089 2
7090 2
7091 0
7092 8
7093 0
7094 0
7095 0
7096 0
7097 4
7098 4
7099 4
7100 8
7101 8
7102 0
7103 0
7104 0
7105 0
7106 8
7107 8
7108 2
7109 2
7110 8
7111 0
7112 0
7113 4
7114 8
7115 8
7116 8
7117 8
7118 8
7119 4
7120 1
7121 8
7122 8
7123 8
7124 8
7125 8
7126 8
7127 8
7128 8
7129 8
7130 8
7131 8
7132 8
7133 8
7134 8
7135 8
7136 2
7137 0
7138 0
network of communities computed : Thu Jan  7 08:42:40 2010

network : 14 nodes, 112 links, 60206816 weight.
pass number 1 of -1 : 0.121086 0.120905
pass number 2 of -1 : 0.121086 0.121086
communities computed : Thu Jan  7 08:42:40 2010
modularity increased from 0.120905 to 0.121086
0 6
1 4
2 0
3 2
4 1
5 1
6 1
7 3
8 3
9 6
10 1
11 1
12 5
13 4
network of communities computed : Thu Jan  7 08:42:40 2010

network : 7 nodes, 39 links, 60206816 weight.
pass number 1 of -1 : 0.121086 0.121086
communities computed : Thu Jan  7 08:42:40 2010
modularity increased from 0.121086 to 0.121086
0 0
1 1
2 2
3 3
4 4
5 5
6 6
network of communities computed : Thu Jan  7 08:42:40 2010
1e-06 0.121086 143
