Sender: LSF System <lsfadmin@bc01-n03>
Subject: Job 429293: <comm_blk37> Done

Job <comm_blk37> was submitted from host <bc10-n13> by user <jabloche> in cluster <lucky>.
Job was executed on host(s) <bc01-n03>, in queue <week>, as user <jabloche> in cluster <lucky>.
</afs/isis.unc.edu/home/j/a/jabloche> was used as the home directory.
</netscr/jabloche/FirmNetworks/cLouvain> was used as the working directory.
Started at Thu Jan  7 08:40:17 2010
Results reported at Thu Jan  7 08:42:13 2010

Your job looked like:

------------------------------------------------------------
# LSBATCH: User input
/netscr/jabloche/FirmNetworks/cLouvain/community /smallfs/jabloche/fn_edge/el_blk37.bin -l -1 -w
------------------------------------------------------------

Successfully completed.

Resource usage summary:

    CPU time   :     46.25 sec.
    Max Memory :       115 MB
    Max Swap   :       264 MB

    Max Processes  :         4
    Max Threads    :         4

The output (if any) follows:

Your home directory for this job is /netscr/jabloche
start : Thu Jan  7 08:40:18 2010
total : 7148664
file read : Thu Jan  7 08:41:26 2010
network : 7646 nodes, 7148664 links, 66089232 weight.
pass number 1 of -1 : 0.117923 -0.000305243
pass number 2 of -1 : 0.128346 0.117923
pass number 3 of -1 : 0.129115 0.128346
pass number 4 of -1 : 0.129519 0.129115
pass number 5 of -1 : 0.129645 0.129519
pass number 6 of -1 : 0.129661 0.129645
pass number 7 of -1 : 0.129666 0.129661
pass number 8 of -1 : 0.129669 0.129666
pass number 9 of -1 : 0.129669 0.129669
communities computed : Thu Jan  7 08:42:12 2010
modularity increased from -0.000305243 to 0.129669
0 1
1 2
2 3
3 1
4 3
5 1
6 1
7 1
8 1
9 0
10 1
11 3
12 1
13 1
14 1
15 1
16 1
17 1
18 1
19 1
20 1
21 1
22 3
23 1
24 1
25 1
26 1
27 1
28 1
29 1
30 1
31 3
32 1
33 1
34 1
35 1
36 1
37 1
38 0
39 1
40 1
41 2
42 2
43 1
44 1
45 1
46 1
47 1
48 1
49 1
50 3
51 3
52 1
53 1
54 1
55 1
56 1
57 1
58 3
59 3
60 1
61 1
62 1
63 1
64 1
65 3
66 1
67 1
68 1
69 1
70 1
71 1
72 1
73 1
74 1
75 0
76 3
77 3
78 1
79 1
80 1
81 1
82 1
83 1
84 1
85 1
86 1
87 1
88 1
89 1
90 1
91 1
92 2
93 0
94 0
95 2
96 0
97 2
98 2
99 1
100 2
101 2
102 0
103 3
104 0
105 2
106 2
107 2
108 0
109 2
110 2
111 2
112 2
113 0
114 3
115 2
116 2
117 1
118 2
119 2
120 3
121 3
122 2
123 2
124 2
125 1
126 1
127 1
128 0
129 0
130 1
131 1
132 0
133 1
134 1
135 0
136 3
137 0
138 0
139 1
140 0
141 0
142 0
143 0
144 0
145 1
146 1
147 1
148 0
149 1
150 3
151 1
152 0
153 0
154 1
155 3
156 1
157 0
158 1
159 0
160 1
161 1
162 1
163 0
164 0
165 0
166 1
167 2
168 1
169 1
170 1
171 1
172 1
173 1
174 3
175 3
176 1
177 3
178 1
179 0
180 1
181 3
182 0
183 0
184 1
185 1
186 0
187 1
188 0
189 3
190 1
191 1
192 1
193 1
194 0
195 1
196 1
197 3
198 1
199 1
200 0
201 0
202 0
203 0
204 3
205 1
206 0
207 0
208 0
209 0
210 0
211 1
212 0
213 1
214 0
215 0
216 1
217 0
218 1
219 1
220 1
221 0
222 1
223 0
224 0
225 0
226 1
227 1
228 0
229 1
230 0
231 1
232 0
233 1
234 2
235 1
236 1
237 3
238 1
239 1
240 2
241 1
242 0
243 0
244 1
245 1
246 1
247 0
248 0
249 1
250 1
251 2
252 1
253 1
254 3
255 1
256 1
257 2
258 0
259 1
260 0
261 0
262 0
263 0
264 1
265 2
266 0
267 1
268 2
269 0
270 0
271 0
272 1
273 1
274 1
275 0
276 3
277 1
278 1
279 0
280 0
281 1
282 0
283 3
284 0
285 3
286 3
287 1
288 3
289 2
290 1
291 0
292 1
293 0
294 3
295 0
296 0
297 0
298 1
299 3
300 2
301 1
302 0
303 0
304 0
305 0
306 0
307 0
308 0
309 0
310 0
311 0
312 1
313 3
314 3
315 0
316 0
317 1
318 1
319 0
320 1
321 1
322 1
323 1
324 1
325 1
326 0
327 0
328 1
329 1
330 0
331 0
332 3
333 0
334 1
335 0
336 1
337 0
338 0
339 0
340 1
341 1
342 1
343 0
344 1
345 1
346 3
347 3
348 1
349 0
350 1
351 1
352 0
353 0
354 0
355 1
356 0
357 1
358 1
359 0
360 1
361 1
362 0
363 0
364 0
365 1
366 2
367 0
368 0
369 0
370 3
371 0
372 1
373 0
374 1
375 2
376 0
377 1
378 0
379 2
380 1
381 1
382 0
383 1
384 3
385 3
386 1
387 1
388 3
389 1
390 0
391 0
392 0
393 0
394 0
395 1
396 1
397 0
398 1
399 0
400 0
401 0
402 1
403 1
404 0
405 2
406 2
407 1
408 0
409 1
410 0
411 0
412 1
413 0
414 1
415 0
416 0
417 0
418 0
419 1
420 1
421 2
422 0
423 0
424 0
425 3
426 0
427 1
428 3
429 1
430 1
431 1
432 1
433 1
434 0
435 0
436 1
437 0
438 0
439 0
440 0
441 0
442 0
443 0
444 1
445 1
446 0
447 3
448 1
449 0
450 0
451 0
452 0
453 1
454 0
455 1
456 1
457 1
458 1
459 0
460 0
461 0
462 0
463 1
464 1
465 0
466 3
467 1
468 0
469 0
470 1
471 3
472 1
473 0
474 0
475 0
476 0
477 0
478 2
479 3
480 1
481 1
482 0
483 0
484 0
485 1
486 1
487 0
488 1
489 0
490 0
491 3
492 1
493 1
494 2
495 1
496 1
497 0
498 1
499 0
500 0
501 0
502 1
503 0
504 1
505 0
506 1
507 0
508 1
509 0
510 1
511 1
512 0
513 0
514 1
515 0
516 0
517 0
518 1
519 1
520 0
521 1
522 1
523 0
524 1
525 1
526 0
527 0
528 1
529 0
530 0
531 0
532 0
533 0
534 0
535 1
536 0
537 0
538 1
539 3
540 3
541 3
542 2
543 0
544 0
545 3
546 0
547 0
548 0
549 0
550 1
551 0
552 0
553 0
554 0
555 1
556 1
557 0
558 0
559 0
560 2
561 0
562 0
563 0
564 3
565 3
566 3
567 1
568 3
569 3
570 3
571 3
572 3
573 1
574 0
575 0
576 1
577 0
578 0
579 1
580 0
581 1
582 0
583 0
584 1
585 1
586 2
587 1
588 1
589 3
590 2
591 1
592 1
593 1
594 0
595 1
596 0
597 0
598 1
599 0
600 0
601 1
602 1
603 0
604 1
605 0
606 0
607 3
608 0
609 0
610 1
611 1
612 0
613 0
614 1
615 1
616 1
617 0
618 0
619 1
620 0
621 1
622 0
623 1
624 1
625 0
626 1
627 1
628 1
629 0
630 1
631 0
632 1
633 3
634 3
635 2
636 3
637 0
638 0
639 1
640 1
641 0
642 0
643 1
644 0
645 0
646 1
647 1
648 0
649 3
650 1
651 0
652 0
653 0
654 1
655 0
656 1
657 1
658 1
659 0
660 1
661 1
662 1
663 0
664 0
665 0
666 0
667 1
668 1
669 2
670 1
671 0
672 0
673 0
674 0
675 0
676 1
677 0
678 3
679 0
680 0
681 1
682 0
683 0
684 1
685 1
686 0
687 1
688 1
689 1
690 1
691 1
692 1
693 1
694 2
695 0
696 0
697 3
698 1
699 1
700 3
701 2
702 1
703 3
704 0
705 1
706 1
707 1
708 0
709 1
710 0
711 1
712 1
713 0
714 1
715 1
716 0
717 1
718 1
719 3
720 2
721 1
722 1
723 2
724 3
725 1
726 1
727 0
728 0
729 3
730 3
731 1
732 1
733 1
734 0
735 0
736 1
737 0
738 1
739 0
740 0
741 3
742 0
743 3
744 1
745 0
746 0
747 0
748 0
749 0
750 1
751 0
752 1
753 0
754 1
755 0
756 1
757 1
758 0
759 0
760 1
761 0
762 1
763 1
764 0
765 1
766 3
767 0
768 0
769 1
770 3
771 0
772 1
773 0
774 2
775 0
776 0
777 0
778 1
779 1
780 0
781 0
782 3
783 0
784 0
785 3
786 1
787 0
788 1
789 0
790 3
791 0
792 0
793 0
794 0
795 3
796 0
797 1
798 0
799 1
800 0
801 1
802 0
803 1
804 0
805 1
806 1
807 0
808 1
809 3
810 1
811 0
812 1
813 1
814 1
815 0
816 3
817 1
818 1
819 0
820 0
821 0
822 0
823 0
824 0
825 2
826 0
827 1
828 1
829 0
830 0
831 3
832 3
833 1
834 0
835 0
836 0
837 3
838 0
839 0
840 2
841 1
842 1
843 1
844 1
845 3
846 0
847 0
848 0
849 3
850 0
851 1
852 1
853 0
854 1
855 1
856 0
857 1
858 3
859 3
860 0
861 0
862 0
863 1
864 0
865 0
866 0
867 0
868 0
869 1
870 1
871 1
872 0
873 0
874 2
875 1
876 0
877 1
878 0
879 3
880 0
881 0
882 0
883 0
884 0
885 0
886 0
887 1
888 0
889 0
890 0
891 0
892 3
893 0
894 1
895 3
896 1
897 0
898 1
899 1
900 0
901 0
902 2
903 1
904 1
905 1
906 0
907 1
908 3
909 0
910 0
911 2
912 3
913 2
914 1
915 0
916 1
917 1
918 1
919 1
920 0
921 0
922 0
923 0
924 1
925 1
926 0
927 0
928 3
929 1
930 1
931 3
932 0
933 0
934 0
935 0
936 0
937 1
938 1
939 1
940 0
941 1
942 0
943 3
944 0
945 1
946 0
947 0
948 1
949 1
950 0
951 0
952 1
953 2
954 0
955 1
956 0
957 0
958 0
959 1
960 0
961 0
962 1
963 0
964 0
965 2
966 1
967 1
968 2
969 3
970 1
971 0
972 1
973 1
974 0
975 1
976 0
977 1
978 1
979 0
980 1
981 3
982 0
983 2
984 0
985 0
986 1
987 0
988 0
989 0
990 3
991 2
992 3
993 0
994 3
995 1
996 0
997 0
998 1
999 1
1000 0
1001 3
1002 0
1003 1
1004 0
1005 0
1006 0
1007 2
1008 2
1009 0
1010 0
1011 1
1012 0
1013 1
1014 1
1015 0
1016 0
1017 0
1018 0
1019 0
1020 3
1021 1
1022 1
1023 1
1024 0
1025 0
1026 0
1027 0
1028 0
1029 0
1030 0
1031 0
1032 1
1033 1
1034 0
1035 3
1036 1
1037 1
1038 1
1039 1
1040 0
1041 1
1042 1
1043 0
1044 0
1045 1
1046 3
1047 1
1048 0
1049 1
1050 1
1051 1
1052 3
1053 1
1054 1
1055 1
1056 2
1057 2
1058 3
1059 0
1060 1
1061 1
1062 1
1063 0
1064 0
1065 0
1066 1
1067 1
1068 1
1069 3
1070 1
1071 1
1072 1
1073 0
1074 0
1075 1
1076 0
1077 1
1078 1
1079 1
1080 1
1081 1
1082 1
1083 1
1084 1
1085 1
1086 1
1087 1
1088 1
1089 1
1090 1
1091 0
1092 1
1093 1
1094 1
1095 3
1096 1
1097 0
1098 1
1099 1
1100 1
1101 1
1102 1
1103 1
1104 1
1105 1
1106 1
1107 1
1108 1
1109 1
1110 1
1111 2
1112 2
1113 2
1114 2
1115 1
1116 0
1117 1
1118 2
1119 1
1120 2
1121 2
1122 2
1123 0
1124 3
1125 0
1126 0
1127 2
1128 2
1129 3
1130 0
1131 0
1132 2
1133 2
1134 3
1135 1
1136 2
1137 3
1138 3
1139 3
1140 1
1141 0
1142 2
1143 3
1144 0
1145 2
1146 2
1147 0
1148 1
1149 3
1150 2
1151 1
1152 2
1153 2
1154 0
1155 3
1156 3
1157 3
1158 2
1159 2
1160 0
1161 2
1162 3
1163 2
1164 2
1165 1
1166 3
1167 2
1168 2
1169 3
1170 2
1171 2
1172 1
1173 2
1174 2
1175 0
1176 2
1177 2
1178 2
1179 2
1180 3
1181 2
1182 3
1183 1
1184 2
1185 1
1186 3
1187 3
1188 3
1189 2
1190 0
1191 1
1192 1
1193 2
1194 3
1195 3
1196 2
1197 2
1198 3
1199 3
1200 2
1201 2
1202 1
1203 2
1204 2
1205 1
1206 0
1207 3
1208 0
1209 0
1210 0
1211 3
1212 0
1213 1
1214 2
1215 3
1216 2
1217 0
1218 2
1219 2
1220 3
1221 3
1222 2
1223 3
1224 2
1225 2
1226 1
1227 2
1228 2
1229 3
1230 3
1231 2
1232 3
1233 0
1234 3
1235 2
1236 2
1237 3
1238 1
1239 1
1240 2
1241 0
1242 1
1243 2
1244 3
1245 3
1246 1
1247 0
1248 0
1249 1
1250 1
1251 2
1252 2
1253 3
1254 0
1255 1
1256 0
1257 0
1258 0
1259 0
1260 0
1261 0
1262 2
1263 0
1264 3
1265 0
1266 0
1267 0
1268 0
1269 2
1270 0
1271 3
1272 2
1273 2
1274 3
1275 0
1276 3
1277 2
1278 3
1279 3
1280 0
1281 0
1282 3
1283 0
1284 0
1285 3
1286 0
1287 0
1288 1
1289 2
1290 0
1291 3
1292 2
1293 3
1294 3
1295 1
1296 0
1297 3
1298 2
1299 0
1300 2
1301 0
1302 1
1303 3
1304 2
1305 3
1306 3
1307 3
1308 2
1309 0
1310 2
1311 3
1312 0
1313 3
1314 3
1315 1
1316 3
1317 1
1318 0
1319 0
1320 3
1321 1
1322 0
1323 1
1324 1
1325 0
1326 3
1327 3
1328 1
1329 1
1330 3
1331 2
1332 3
1333 3
1334 2
1335 2
1336 2
1337 2
1338 2
1339 0
1340 2
1341 1
1342 2
1343 2
1344 2
1345 2
1346 2
1347 3
1348 2
1349 2
1350 2
1351 2
1352 2
1353 2
1354 2
1355 2
1356 2
1357 0
1358 2
1359 2
1360 2
1361 2
1362 0
1363 2
1364 3
1365 2
1366 2
1367 2
1368 2
1369 2
1370 2
1371 2
1372 2
1373 2
1374 2
1375 2
1376 0
1377 2
1378 2
1379 2
1380 2
1381 2
1382 2
1383 2
1384 3
1385 1
1386 3
1387 1
1388 3
1389 2
1390 2
1391 3
1392 2
1393 2
1394 2
1395 2
1396 0
1397 2
1398 2
1399 2
1400 2
1401 3
1402 2
1403 2
1404 3
1405 2
1406 0
1407 0
1408 2
1409 2
1410 2
1411 2
1412 2
1413 2
1414 1
1415 2
1416 2
1417 2
1418 2
1419 2
1420 2
1421 2
1422 2
1423 2
1424 2
1425 3
1426 2
1427 2
1428 2
1429 2
1430 2
1431 2
1432 2
1433 2
1434 2
1435 2
1436 2
1437 2
1438 0
1439 2
1440 2
1441 2
1442 2
1443 2
1444 3
1445 2
1446 1
1447 2
1448 1
1449 2
1450 2
1451 2
1452 2
1453 2
1454 2
1455 2
1456 2
1457 3
1458 2
1459 2
1460 0
1461 2
1462 3
1463 2
1464 3
1465 1
1466 1
1467 1
1468 1
1469 1
1470 1
1471 1
1472 1
1473 1
1474 1
1475 1
1476 0
1477 1
1478 1
1479 1
1480 1
1481 1
1482 2
1483 1
1484 1
1485 1
1486 1
1487 1
1488 1
1489 1
1490 1
1491 1
1492 1
1493 1
1494 1
1495 1
1496 1
1497 1
1498 1
1499 1
1500 1
1501 1
1502 1
1503 1
1504 1
1505 1
1506 1
1507 1
1508 1
1509 1
1510 1
1511 1
1512 1
1513 3
1514 1
1515 1
1516 1
1517 1
1518 1
1519 1
1520 1
1521 1
1522 1
1523 1
1524 1
1525 1
1526 1
1527 1
1528 0
1529 1
1530 1
1531 1
1532 1
1533 1
1534 1
1535 1
1536 1
1537 1
1538 1
1539 1
1540 1
1541 1
1542 1
1543 1
1544 1
1545 1
1546 1
1547 1
1548 3
1549 1
1550 1
1551 1
1552 1
1553 1
1554 1
1555 1
1556 1
1557 1
1558 1
1559 3
1560 1
1561 1
1562 1
1563 1
1564 1
1565 1
1566 1
1567 1
1568 1
1569 1
1570 1
1571 1
1572 1
1573 1
1574 1
1575 1
1576 2
1577 3
1578 0
1579 2
1580 1
1581 1
1582 1
1583 2
1584 1
1585 0
1586 0
1587 3
1588 1
1589 2
1590 3
1591 2
1592 2
1593 1
1594 0
1595 1
1596 2
1597 1
1598 0
1599 2
1600 2
1601 2
1602 1
1603 0
1604 3
1605 3
1606 2
1607 0
1608 1
1609 1
1610 1
1611 0
1612 1
1613 1
1614 1
1615 1
1616 1
1617 3
1618 1
1619 1
1620 1
1621 0
1622 1
1623 1
1624 3
1625 0
1626 1
1627 0
1628 0
1629 2
1630 2
1631 0
1632 3
1633 2
1634 0
1635 2
1636 0
1637 3
1638 1
1639 3
1640 1
1641 3
1642 1
1643 3
1644 2
1645 3
1646 3
1647 0
1648 3
1649 1
1650 0
1651 2
1652 3
1653 2
1654 3
1655 1
1656 3
1657 0
1658 0
1659 2
1660 1
1661 2
1662 1
1663 1
1664 1
1665 1
1666 3
1667 0
1668 3
1669 0
1670 0
1671 3
1672 3
1673 3
1674 3
1675 3
1676 0
1677 3
1678 0
1679 0
1680 0
1681 2
1682 2
1683 2
1684 3
1685 2
1686 0
1687 2
1688 0
1689 0
1690 2
1691 0
1692 0
1693 2
1694 2
1695 2
1696 0
1697 0
1698 0
1699 2
1700 1
1701 2
1702 0
1703 0
1704 0
1705 2
1706 2
1707 0
1708 0
1709 0
1710 2
1711 0
1712 0
1713 2
1714 0
1715 3
1716 3
1717 0
1718 3
1719 0
1720 3
1721 0
1722 0
1723 2
1724 0
1725 2
1726 2
1727 2
1728 3
1729 0
1730 0
1731 0
1732 0
1733 0
1734 2
1735 3
1736 1
1737 3
1738 0
1739 2
1740 0
1741 0
1742 0
1743 1
1744 0
1745 0
1746 0
1747 2
1748 0
1749 0
1750 2
1751 0
1752 0
1753 0
1754 0
1755 0
1756 3
1757 2
1758 3
1759 0
1760 3
1761 0
1762 0
1763 2
1764 2
1765 2
1766 2
1767 0
1768 2
1769 0
1770 0
1771 3
1772 1
1773 0
1774 2
1775 0
1776 3
1777 3
1778 0
1779 0
1780 0
1781 0
1782 3
1783 0
1784 0
1785 2
1786 0
1787 2
1788 2
1789 2
1790 0
1791 3
1792 2
1793 0
1794 0
1795 0
1796 1
1797 0
1798 0
1799 2
1800 0
1801 3
1802 0
1803 2
1804 0
1805 0
1806 2
1807 0
1808 0
1809 0
1810 2
1811 0
1812 2
1813 0
1814 0
1815 2
1816 2
1817 0
1818 3
1819 0
1820 2
1821 2
1822 0
1823 0
1824 0
1825 2
1826 0
1827 1
1828 3
1829 3
1830 1
1831 3
1832 2
1833 2
1834 2
1835 0
1836 0
1837 3
1838 2
1839 3
1840 3
1841 0
1842 3
1843 2
1844 0
1845 2
1846 0
1847 0
1848 0
1849 0
1850 0
1851 3
1852 1
1853 2
1854 3
1855 3
1856 3
1857 3
1858 0
1859 0
1860 3
1861 2
1862 0
1863 2
1864 2
1865 0
1866 3
1867 0
1868 0
1869 3
1870 0
1871 3
1872 0
1873 2
1874 0
1875 3
1876 3
1877 2
1878 0
1879 3
1880 2
1881 2
1882 0
1883 3
1884 0
1885 2
1886 2
1887 2
1888 0
1889 0
1890 3
1891 2
1892 3
1893 1
1894 2
1895 2
1896 0
1897 0
1898 2
1899 0
1900 0
1901 0
1902 2
1903 2
1904 0
1905 0
1906 1
1907 3
1908 2
1909 2
1910 2
1911 0
1912 0
1913 0
1914 0
1915 3
1916 0
1917 0
1918 0
1919 0
1920 2
1921 0
1922 3
1923 3
1924 2
1925 3
1926 2
1927 3
1928 3
1929 2
1930 0
1931 3
1932 3
1933 1
1934 3
1935 2
1936 3
1937 3
1938 2
1939 3
1940 1
1941 3
1942 2
1943 0
1944 3
1945 2
1946 2
1947 3
1948 1
1949 2
1950 3
1951 0
1952 3
1953 3
1954 0
1955 3
1956 0
1957 2
1958 2
1959 3
1960 3
1961 3
1962 3
1963 0
1964 0
1965 2
1966 0
1967 3
1968 3
1969 2
1970 0
1971 2
1972 3
1973 2
1974 2
1975 2
1976 2
1977 3
1978 2
1979 3
1980 2
1981 1
1982 2
1983 0
1984 2
1985 2
1986 2
1987 2
1988 2
1989 2
1990 2
1991 0
1992 2
1993 2
1994 2
1995 0
1996 2
1997 0
1998 2
1999 2
2000 0
2001 2
2002 0
2003 2
2004 1
2005 3
2006 2
2007 2
2008 2
2009 0
2010 2
2011 2
2012 1
2013 2
2014 3
2015 0
2016 2
2017 2
2018 0
2019 3
2020 0
2021 3
2022 2
2023 2
2024 1
2025 2
2026 2
2027 2
2028 2
2029 2
2030 2
2031 0
2032 3
2033 2
2034 2
2035 2
2036 2
2037 2
2038 2
2039 0
2040 2
2041 0
2042 3
2043 2
2044 2
2045 2
2046 2
2047 2
2048 2
2049 2
2050 0
2051 2
2052 2
2053 2
2054 0
2055 2
2056 2
2057 1
2058 2
2059 3
2060 2
2061 2
2062 2
2063 2
2064 2
2065 2
2066 3
2067 3
2068 3
2069 2
2070 3
2071 3
2072 2
2073 0
2074 3
2075 2
2076 0
2077 2
2078 2
2079 2
2080 2
2081 2
2082 3
2083 2
2084 2
2085 3
2086 3
2087 2
2088 0
2089 2
2090 2
2091 2
2092 2
2093 2
2094 2
2095 2
2096 2
2097 2
2098 3
2099 2
2100 3
2101 0
2102 2
2103 3
2104 2
2105 2
2106 0
2107 3
2108 2
2109 2
2110 2
2111 2
2112 2
2113 0
2114 2
2115 2
2116 2
2117 3
2118 0
2119 0
2120 2
2121 2
2122 2
2123 0
2124 0
2125 0
2126 0
2127 0
2128 0
2129 1
2130 3
2131 0
2132 2
2133 3
2134 2
2135 0
2136 2
2137 2
2138 3
2139 3
2140 3
2141 3
2142 3
2143 3
2144 0
2145 0
2146 3
2147 3
2148 0
2149 3
2150 2
2151 3
2152 3
2153 3
2154 2
2155 3
2156 3
2157 3
2158 0
2159 2
2160 0
2161 3
2162 3
2163 3
2164 2
2165 1
2166 2
2167 3
2168 3
2169 3
2170 0
2171 0
2172 2
2173 3
2174 3
2175 3
2176 3
2177 3
2178 0
2179 0
2180 0
2181 3
2182 3
2183 0
2184 2
2185 3
2186 2
2187 0
2188 0
2189 3
2190 3
2191 3
2192 3
2193 3
2194 3
2195 3
2196 3
2197 3
2198 3
2199 3
2200 3
2201 3
2202 3
2203 3
2204 3
2205 3
2206 3
2207 3
2208 0
2209 3
2210 0
2211 3
2212 2
2213 1
2214 3
2215 3
2216 3
2217 1
2218 3
2219 3
2220 3
2221 2
2222 3
2223 3
2224 1
2225 3
2226 3
2227 3
2228 8
2229 3
2230 0
2231 2
2232 0
2233 3
2234 3
2235 3
2236 3
2237 3
2238 3
2239 3
2240 3
2241 0
2242 3
2243 3
2244 0
2245 3
2246 3
2247 3
2248 2
2249 3
2250 3
2251 3
2252 3
2253 2
2254 3
2255 3
2256 3
2257 3
2258 2
2259 3
2260 2
2261 3
2262 3
2263 3
2264 0
2265 0
2266 0
2267 3
2268 3
2269 3
2270 0
2271 1
2272 3
2273 2
2274 2
2275 0
2276 0
2277 0
2278 0
2279 2
2280 2
2281 2
2282 3
2283 3
2284 0
2285 0
2286 0
2287 0
2288 2
2289 0
2290 0
2291 0
2292 3
2293 0
2294 2
2295 3
2296 1
2297 1
2298 2
2299 3
2300 0
2301 0
2302 0
2303 0
2304 0
2305 0
2306 2
2307 0
2308 2
2309 0
2310 0
2311 3
2312 0
2313 2
2314 0
2315 0
2316 0
2317 2
2318 3
2319 2
2320 2
2321 0
2322 2
2323 1
2324 3
2325 0
2326 3
2327 0
2328 2
2329 2
2330 2
2331 0
2332 0
2333 0
2334 1
2335 0
2336 0
2337 3
2338 2
2339 2
2340 2
2341 2
2342 2
2343 0
2344 2
2345 0
2346 0
2347 0
2348 0
2349 3
2350 2
2351 0
2352 0
2353 0
2354 0
2355 0
2356 2
2357 0
2358 0
2359 2
2360 0
2361 3
2362 0
2363 0
2364 0
2365 0
2366 0
2367 3
2368 3
2369 0
2370 1
2371 2
2372 0
2373 0
2374 1
2375 3
2376 3
2377 3
2378 3
2379 0
2380 2
2381 3
2382 2
2383 3
2384 0
2385 2
2386 3
2387 0
2388 2
2389 0
2390 1
2391 0
2392 2
2393 2
2394 3
2395 0
2396 0
2397 0
2398 0
2399 0
2400 2
2401 2
2402 2
2403 0
2404 0
2405 3
2406 2
2407 0
2408 2
2409 0
2410 1
2411 3
2412 2
2413 2
2414 2
2415 3
2416 0
2417 2
2418 3
2419 3
2420 2
2421 2
2422 3
2423 3
2424 3
2425 3
2426 2
2427 3
2428 3
2429 3
2430 0
2431 3
2432 3
2433 2
2434 0
2435 3
2436 0
2437 0
2438 0
2439 0
2440 0
2441 2
2442 0
2443 0
2444 0
2445 0
2446 2
2447 0
2448 0
2449 0
2450 0
2451 0
2452 0
2453 0
2454 0
2455 0
2456 0
2457 0
2458 0
2459 0
2460 0
2461 0
2462 0
2463 0
2464 0
2465 0
2466 0
2467 0
2468 0
2469 0
2470 0
2471 0
2472 0
2473 0
2474 2
2475 2
2476 0
2477 0
2478 1
2479 0
2480 2
2481 0
2482 0
2483 0
2484 0
2485 0
2486 0
2487 0
2488 0
2489 0
2490 0
2491 0
2492 3
2493 0
2494 0
2495 0
2496 2
2497 0
2498 0
2499 0
2500 3
2501 0
2502 0
2503 0
2504 0
2505 0
2506 0
2507 0
2508 0
2509 1
2510 2
2511 0
2512 1
2513 0
2514 0
2515 0
2516 0
2517 2
2518 0
2519 0
2520 0
2521 0
2522 2
2523 0
2524 0
2525 0
2526 0
2527 0
2528 0
2529 0
2530 0
2531 0
2532 0
2533 0
2534 1
2535 0
2536 0
2537 0
2538 0
2539 0
2540 0
2541 2
2542 0
2543 3
2544 0
2545 0
2546 0
2547 0
2548 2
2549 0
2550 0
2551 3
2552 0
2553 0
2554 0
2555 2
2556 0
2557 2
2558 0
2559 0
2560 2
2561 0
2562 0
2563 0
2564 0
2565 0
2566 0
2567 0
2568 0
2569 1
2570 2
2571 0
2572 0
2573 0
2574 0
2575 0
2576 0
2577 2
2578 0
2579 0
2580 0
2581 0
2582 0
2583 2
2584 0
2585 0
2586 0
2587 0
2588 0
2589 0
2590 0
2591 2
2592 0
2593 0
2594 0
2595 1
2596 3
2597 0
2598 2
2599 0
2600 0
2601 0
2602 0
2603 3
2604 0
2605 0
2606 0
2607 1
2608 0
2609 0
2610 0
2611 2
2612 0
2613 0
2614 0
2615 2
2616 0
2617 0
2618 0
2619 0
2620 2
2621 0
2622 0
2623 2
2624 0
2625 0
2626 0
2627 0
2628 0
2629 0
2630 0
2631 2
2632 0
2633 0
2634 3
2635 0
2636 2
2637 0
2638 0
2639 2
2640 0
2641 1
2642 0
2643 0
2644 0
2645 0
2646 0
2647 0
2648 0
2649 0
2650 0
2651 0
2652 0
2653 0
2654 0
2655 0
2656 2
2657 0
2658 0
2659 0
2660 0
2661 2
2662 0
2663 0
2664 0
2665 0
2666 0
2667 0
2668 0
2669 0
2670 0
2671 0
2672 0
2673 0
2674 0
2675 0
2676 0
2677 0
2678 0
2679 2
2680 0
2681 0
2682 0
2683 0
2684 2
2685 0
2686 0
2687 3
2688 2
2689 2
2690 1
2691 3
2692 2
2693 3
2694 2
2695 2
2696 2
2697 3
2698 1
2699 2
2700 2
2701 3
2702 3
2703 3
2704 3
2705 3
2706 0
2707 0
2708 0
2709 3
2710 3
2711 3
2712 3
2713 3
2714 3
2715 3
2716 3
2717 3
2718 3
2719 0
2720 3
2721 3
2722 3
2723 3
2724 3
2725 3
2726 3
2727 3
2728 1
2729 1
2730 2
2731 2
2732 0
2733 2
2734 0
2735 3
2736 2
2737 2
2738 2
2739 0
2740 2
2741 0
2742 3
2743 2
2744 3
2745 1
2746 0
2747 0
2748 2
2749 0
2750 2
2751 1
2752 3
2753 0
2754 2
2755 2
2756 0
2757 3
2758 2
2759 2
2760 2
2761 3
2762 3
2763 3
2764 2
2765 3
2766 3
2767 2
2768 2
2769 3
2770 2
2771 2
2772 2
2773 0
2774 2
2775 0
2776 1
2777 2
2778 3
2779 3
2780 3
2781 2
2782 2
2783 2
2784 2
2785 0
2786 2
2787 2
2788 2
2789 2
2790 3
2791 0
2792 2
2793 0
2794 2
2795 1
2796 2
2797 2
2798 0
2799 0
2800 2
2801 0
2802 1
2803 3
2804 3
2805 2
2806 3
2807 3
2808 2
2809 2
2810 2
2811 2
2812 0
2813 1
2814 0
2815 1
2816 0
2817 2
2818 3
2819 2
2820 0
2821 3
2822 3
2823 2
2824 0
2825 2
2826 1
2827 2
2828 3
2829 0
2830 0
2831 2
2832 3
2833 2
2834 3
2835 1
2836 3
2837 2
2838 2
2839 0
2840 1
2841 2
2842 0
2843 2
2844 2
2845 3
2846 3
2847 2
2848 0
2849 0
2850 0
2851 0
2852 2
2853 2
2854 0
2855 3
2856 2
2857 2
2858 2
2859 2
2860 0
2861 2
2862 2
2863 2
2864 2
2865 0
2866 3
2867 0
2868 2
2869 2
2870 0
2871 3
2872 0
2873 3
2874 2
2875 2
2876 2
2877 3
2878 2
2879 0
2880 2
2881 3
2882 2
2883 2
2884 2
2885 0
2886 2
2887 3
2888 2
2889 0
2890 0
2891 3
2892 3
2893 3
2894 3
2895 0
2896 3
2897 3
2898 3
2899 2
2900 2
2901 0
2902 3
2903 2
2904 2
2905 2
2906 0
2907 0
2908 3
2909 2
2910 0
2911 0
2912 3
2913 2
2914 2
2915 3
2916 2
2917 2
2918 2
2919 3
2920 0
2921 2
2922 0
2923 2
2924 3
2925 2
2926 2
2927 0
2928 0
2929 2
2930 0
2931 0
2932 0
2933 2
2934 3
2935 2
2936 3
2937 2
2938 0
2939 1
2940 3
2941 2
2942 0
2943 1
2944 0
2945 2
2946 1
2947 1
2948 2
2949 2
2950 2
2951 0
2952 0
2953 2
2954 2
2955 0
2956 3
2957 3
2958 3
2959 2
2960 2
2961 2
2962 0
2963 3
2964 2
2965 3
2966 3
2967 0
2968 2
2969 0
2970 3
2971 0
2972 2
2973 0
2974 0
2975 1
2976 0
2977 2
2978 3
2979 0
2980 2
2981 3
2982 0
2983 1
2984 3
2985 0
2986 2
2987 0
2988 3
2989 3
2990 3
2991 0
2992 0
2993 3
2994 2
2995 2
2996 0
2997 0
2998 2
2999 2
3000 2
3001 2
3002 2
3003 3
3004 2
3005 0
3006 3
3007 1
3008 1
3009 1
3010 0
3011 0
3012 2
3013 2
3014 0
3015 3
3016 0
3017 2
3018 0
3019 3
3020 0
3021 0
3022 2
3023 0
3024 2
3025 1
3026 1
3027 3
3028 2
3029 2
3030 2
3031 2
3032 3
3033 3
3034 0
3035 0
3036 0
3037 3
3038 2
3039 3
3040 2
3041 2
3042 3
3043 3
3044 2
3045 0
3046 0
3047 0
3048 0
3049 3
3050 2
3051 2
3052 2
3053 3
3054 2
3055 2
3056 0
3057 0
3058 3
3059 1
3060 2
3061 2
3062 2
3063 3
3064 2
3065 0
3066 0
3067 3
3068 1
3069 2
3070 2
3071 2
3072 3
3073 2
3074 0
3075 0
3076 2
3077 2
3078 1
3079 3
3080 2
3081 3
3082 0
3083 3
3084 3
3085 3
3086 1
3087 2
3088 1
3089 1
3090 2
3091 3
3092 0
3093 2
3094 1
3095 2
3096 0
3097 2
3098 0
3099 2
3100 2
3101 2
3102 1
3103 3
3104 2
3105 0
3106 1
3107 3
3108 3
3109 2
3110 0
3111 1
3112 0
3113 1
3114 2
3115 2
3116 3
3117 0
3118 1
3119 3
3120 3
3121 0
3122 0
3123 3
3124 2
3125 1
3126 0
3127 1
3128 1
3129 2
3130 3
3131 2
3132 2
3133 3
3134 2
3135 2
3136 0
3137 2
3138 2
3139 2
3140 2
3141 3
3142 2
3143 0
3144 3
3145 2
3146 0
3147 2
3148 2
3149 0
3150 3
3151 2
3152 0
3153 2
3154 1
3155 0
3156 2
3157 0
3158 2
3159 3
3160 2
3161 2
3162 2
3163 2
3164 2
3165 0
3166 3
3167 0
3168 2
3169 3
3170 3
3171 3
3172 2
3173 2
3174 3
3175 0
3176 0
3177 2
3178 2
3179 2
3180 0
3181 2
3182 2
3183 3
3184 2
3185 3
3186 2
3187 2
3188 0
3189 3
3190 2
3191 0
3192 3
3193 3
3194 3
3195 3
3196 2
3197 2
3198 3
3199 2
3200 2
3201 0
3202 3
3203 2
3204 2
3205 0
3206 2
3207 2
3208 0
3209 2
3210 3
3211 0
3212 2
3213 0
3214 2
3215 0
3216 2
3217 0
3218 0
3219 0
3220 2
3221 0
3222 0
3223 2
3224 2
3225 2
3226 2
3227 0
3228 2
3229 2
3230 2
3231 3
3232 3
3233 2
3234 3
3235 3
3236 3
3237 3
3238 2
3239 3
3240 1
3241 2
3242 2
3243 1
3244 0
3245 2
3246 0
3247 2
3248 0
3249 0
3250 2
3251 2
3252 1
3253 2
3254 2
3255 0
3256 1
3257 0
3258 2
3259 0
3260 2
3261 2
3262 3
3263 3
3264 1
3265 3
3266 2
3267 2
3268 3
3269 3
3270 3
3271 3
3272 3
3273 3
3274 3
3275 3
3276 3
3277 3
3278 3
3279 3
3280 3
3281 3
3282 3
3283 3
3284 3
3285 3
3286 3
3287 3
3288 3
3289 3
3290 3
3291 3
3292 3
3293 3
3294 3
3295 3
3296 3
3297 3
3298 3
3299 3
3300 3
3301 3
3302 3
3303 3
3304 3
3305 3
3306 3
3307 2
3308 0
3309 2
3310 2
3311 0
3312 0
3313 0
3314 1
3315 0
3316 2
3317 3
3318 0
3319 0
3320 2
3321 0
3322 1
3323 2
3324 0
3325 2
3326 2
3327 0
3328 2
3329 2
3330 2
3331 2
3332 2
3333 3
3334 2
3335 3
3336 0
3337 2
3338 2
3339 1
3340 2
3341 2
3342 0
3343 1
3344 0
3345 2
3346 0
3347 3
3348 1
3349 0
3350 2
3351 2
3352 3
3353 0
3354 2
3355 2
3356 0
3357 2
3358 2
3359 1
3360 0
3361 0
3362 2
3363 2
3364 3
3365 2
3366 2
3367 1
3368 3
3369 0
3370 2
3371 0
3372 2
3373 3
3374 3
3375 3
3376 1
3377 0
3378 2
3379 0
3380 3
3381 2
3382 0
3383 3
3384 3
3385 3
3386 3
3387 2
3388 2
3389 0
3390 0
3391 0
3392 0
3393 2
3394 2
3395 2
3396 2
3397 0
3398 3
3399 2
3400 0
3401 0
3402 2
3403 0
3404 0
3405 2
3406 3
3407 3
3408 2
3409 0
3410 1
3411 3
3412 2
3413 0
3414 2
3415 0
3416 3
3417 0
3418 0
3419 0
3420 0
3421 1
3422 0
3423 3
3424 3
3425 3
3426 3
3427 0
3428 0
3429 2
3430 2
3431 0
3432 2
3433 3
3434 3
3435 2
3436 3
3437 1
3438 0
3439 0
3440 0
3441 3
3442 3
3443 0
3444 2
3445 3
3446 3
3447 3
3448 2
3449 2
3450 3
3451 0
3452 3
3453 3
3454 1
3455 3
3456 1
3457 2
3458 0
3459 2
3460 2
3461 2
3462 0
3463 0
3464 2
3465 0
3466 0
3467 0
3468 0
3469 0
3470 2
3471 2
3472 2
3473 0
3474 1
3475 0
3476 3
3477 0
3478 3
3479 1
3480 2
3481 0
3482 3
3483 2
3484 2
3485 2
3486 1
3487 1
3488 2
3489 0
3490 3
3491 3
3492 3
3493 3
3494 3
3495 3
3496 3
3497 2
3498 2
3499 3
3500 2
3501 3
3502 2
3503 0
3504 1
3505 2
3506 3
3507 0
3508 1
3509 2
3510 3
3511 2
3512 2
3513 0
3514 3
3515 2
3516 2
3517 2
3518 2
3519 2
3520 2
3521 3
3522 3
3523 2
3524 3
3525 3
3526 3
3527 0
3528 2
3529 2
3530 2
3531 3
3532 2
3533 2
3534 3
3535 2
3536 3
3537 2
3538 2
3539 2
3540 0
3541 2
3542 0
3543 0
3544 0
3545 2
3546 2
3547 1
3548 0
3549 2
3550 0
3551 2
3552 2
3553 2
3554 2
3555 2
3556 2
3557 2
3558 0
3559 0
3560 3
3561 2
3562 3
3563 0
3564 0
3565 2
3566 2
3567 2
3568 2
3569 2
3570 3
3571 2
3572 3
3573 3
3574 2
3575 3
3576 2
3577 2
3578 2
3579 0
3580 0
3581 0
3582 2
3583 0
3584 2
3585 3
3586 3
3587 3
3588 3
3589 3
3590 0
3591 2
3592 2
3593 0
3594 0
3595 2
3596 0
3597 2
3598 2
3599 2
3600 2
3601 2
3602 0
3603 3
3604 2
3605 0
3606 0
3607 0
3608 1
3609 2
3610 2
3611 2
3612 2
3613 3
3614 2
3615 2
3616 2
3617 2
3618 3
3619 0
3620 2
3621 2
3622 2
3623 2
3624 2
3625 1
3626 2
3627 3
3628 1
3629 2
3630 3
3631 3
3632 0
3633 3
3634 3
3635 2
3636 2
3637 3
3638 1
3639 3
3640 2
3641 0
3642 2
3643 3
3644 2
3645 1
3646 0
3647 0
3648 2
3649 3
3650 3
3651 3
3652 3
3653 2
3654 0
3655 1
3656 1
3657 0
3658 2
3659 2
3660 3
3661 3
3662 2
3663 2
3664 3
3665 0
3666 0
3667 2
3668 3
3669 2
3670 1
3671 0
3672 2
3673 0
3674 2
3675 2
3676 2
3677 0
3678 3
3679 0
3680 2
3681 3
3682 2
3683 2
3684 3
3685 0
3686 0
3687 3
3688 2
3689 3
3690 2
3691 0
3692 2
3693 0
3694 0
3695 2
3696 3
3697 0
3698 2
3699 2
3700 0
3701 2
3702 2
3703 0
3704 2
3705 3
3706 1
3707 2
3708 3
3709 0
3710 0
3711 3
3712 2
3713 3
3714 3
3715 3
3716 2
3717 3
3718 1
3719 2
3720 3
3721 2
3722 1
3723 3
3724 2
3725 3
3726 2
3727 2
3728 2
3729 2
3730 2
3731 0
3732 2
3733 0
3734 0
3735 2
3736 0
3737 0
3738 2
3739 2
3740 2
3741 1
3742 2
3743 2
3744 2
3745 2
3746 0
3747 2
3748 3
3749 0
3750 3
3751 0
3752 3
3753 0
3754 3
3755 3
3756 3
3757 2
3758 2
3759 2
3760 0
3761 2
3762 2
3763 2
3764 2
3765 2
3766 2
3767 1
3768 2
3769 3
3770 2
3771 3
3772 3
3773 0
3774 2
3775 0
3776 2
3777 3
3778 3
3779 3
3780 2
3781 2
3782 2
3783 2
3784 2
3785 3
3786 2
3787 3
3788 0
3789 0
3790 3
3791 2
3792 2
3793 2
3794 0
3795 2
3796 2
3797 3
3798 0
3799 0
3800 2
3801 1
3802 2
3803 2
3804 0
3805 2
3806 1
3807 3
3808 3
3809 2
3810 2
3811 0
3812 2
3813 1
3814 0
3815 2
3816 0
3817 0
3818 2
3819 1
3820 2
3821 3
3822 1
3823 3
3824 3
3825 1
3826 3
3827 2
3828 0
3829 0
3830 0
3831 2
3832 2
3833 3
3834 2
3835 2
3836 0
3837 3
3838 2
3839 0
3840 0
3841 2
3842 0
3843 0
3844 3
3845 0
3846 0
3847 1
3848 2
3849 2
3850 2
3851 3
3852 2
3853 0
3854 2
3855 3
3856 3
3857 0
3858 0
3859 0
3860 2
3861 1
3862 0
3863 0
3864 3
3865 1
3866 1
3867 2
3868 0
3869 3
3870 2
3871 3
3872 2
3873 0
3874 3
3875 2
3876 2
3877 2
3878 2
3879 3
3880 2
3881 0
3882 3
3883 3
3884 2
3885 3
3886 3
3887 3
3888 3
3889 3
3890 3
3891 3
3892 1
3893 2
3894 1
3895 1
3896 1
3897 3
3898 3
3899 1
3900 2
3901 2
3902 0
3903 1
3904 2
3905 1
3906 3
3907 3
3908 3
3909 3
3910 1
3911 1
3912 1
3913 3
3914 1
3915 1
3916 3
3917 3
3918 3
3919 3
3920 3
3921 3
3922 3
3923 3
3924 3
3925 3
3926 2
3927 3
3928 3
3929 3
3930 3
3931 3
3932 3
3933 2
3934 3
3935 3
3936 3
3937 3
3938 2
3939 3
3940 3
3941 3
3942 2
3943 3
3944 3
3945 3
3946 3
3947 3
3948 3
3949 2
3950 2
3951 2
3952 0
3953 3
3954 2
3955 2
3956 2
3957 2
3958 2
3959 2
3960 2
3961 2
3962 2
3963 2
3964 2
3965 2
3966 2
3967 2
3968 1
3969 2
3970 1
3971 1
3972 2
3973 3
3974 2
3975 3
3976 3
3977 2
3978 3
3979 3
3980 3
3981 1
3982 3
3983 3
3984 1
3985 3
3986 3
3987 2
3988 3
3989 3
3990 3
3991 3
3992 2
3993 1
3994 3
3995 3
3996 3
3997 2
3998 2
3999 2
4000 2
4001 2
4002 2
4003 3
4004 2
4005 2
4006 2
4007 2
4008 2
4009 2
4010 2
4011 2
4012 3
4013 3
4014 3
4015 2
4016 2
4017 2
4018 2
4019 3
4020 3
4021 2
4022 3
4023 3
4024 1
4025 1
4026 3
4027 3
4028 3
4029 2
4030 2
4031 2
4032 2
4033 3
4034 3
4035 2
4036 0
4037 2
4038 0
4039 2
4040 3
4041 3
4042 3
4043 3
4044 2
4045 3
4046 3
4047 1
4048 3
4049 3
4050 3
4051 3
4052 3
4053 3
4054 2
4055 2
4056 2
4057 2
4058 2
4059 0
4060 3
4061 2
4062 1
4063 2
4064 2
4065 3
4066 2
4067 2
4068 2
4069 3
4070 2
4071 3
4072 3
4073 2
4074 1
4075 1
4076 1
4077 1
4078 2
4079 1
4080 1
4081 1
4082 3
4083 1
4084 0
4085 2
4086 2
4087 3
4088 2
4089 3
4090 1
4091 3
4092 3
4093 2
4094 2
4095 3
4096 3
4097 2
4098 3
4099 2
4100 3
4101 0
4102 3
4103 0
4104 2
4105 2
4106 2
4107 3
4108 3
4109 1
4110 3
4111 1
4112 3
4113 0
4114 3
4115 0
4116 3
4117 1
4118 3
4119 3
4120 3
4121 3
4122 0
4123 0
4124 3
4125 2
4126 0
4127 2
4128 3
4129 2
4130 1
4131 3
4132 3
4133 3
4134 3
4135 3
4136 1
4137 2
4138 0
4139 2
4140 2
4141 1
4142 3
4143 2
4144 1
4145 2
4146 3
4147 3
4148 0
4149 3
4150 2
4151 3
4152 3
4153 0
4154 2
4155 3
4156 3
4157 1
4158 3
4159 3
4160 3
4161 2
4162 3
4163 1
4164 1
4165 2
4166 3
4167 3
4168 3
4169 3
4170 2
4171 3
4172 0
4173 2
4174 2
4175 2
4176 0
4177 0
4178 3
4179 3
4180 3
4181 3
4182 3
4183 3
4184 2
4185 3
4186 2
4187 3
4188 0
4189 3
4190 1
4191 2
4192 0
4193 2
4194 3
4195 0
4196 3
4197 2
4198 0
4199 2
4200 3
4201 2
4202 2
4203 3
4204 3
4205 2
4206 3
4207 0
4208 3
4209 3
4210 3
4211 3
4212 3
4213 0
4214 3
4215 3
4216 3
4217 3
4218 2
4219 3
4220 3
4221 2
4222 2
4223 0
4224 3
4225 2
4226 2
4227 2
4228 2
4229 2
4230 2
4231 2
4232 2
4233 2
4234 2
4235 2
4236 2
4237 2
4238 2
4239 0
4240 2
4241 2
4242 2
4243 2
4244 2
4245 2
4246 0
4247 3
4248 2
4249 3
4250 2
4251 2
4252 3
4253 2
4254 2
4255 2
4256 1
4257 3
4258 2
4259 3
4260 2
4261 2
4262 3
4263 2
4264 1
4265 2
4266 3
4267 2
4268 2
4269 2
4270 2
4271 2
4272 2
4273 2
4274 2
4275 2
4276 2
4277 2
4278 2
4279 2
4280 2
4281 2
4282 2
4283 2
4284 2
4285 2
4286 2
4287 2
4288 3
4289 2
4290 2
4291 2
4292 3
4293 2
4294 3
4295 2
4296 3
4297 2
4298 2
4299 0
4300 3
4301 2
4302 3
4303 2
4304 2
4305 3
4306 2
4307 3
4308 2
4309 2
4310 2
4311 2
4312 3
4313 2
4314 2
4315 3
4316 3
4317 1
4318 3
4319 0
4320 3
4321 3
4322 3
4323 3
4324 3
4325 3
4326 3
4327 2
4328 2
4329 2
4330 2
4331 2
4332 2
4333 3
4334 2
4335 3
4336 2
4337 2
4338 2
4339 2
4340 2
4341 2
4342 2
4343 2
4344 2
4345 3
4346 3
4347 2
4348 2
4349 2
4350 2
4351 2
4352 2
4353 2
4354 0
4355 2
4356 3
4357 3
4358 3
4359 2
4360 3
4361 3
4362 2
4363 2
4364 2
4365 2
4366 2
4367 2
4368 2
4369 2
4370 2
4371 2
4372 2
4373 2
4374 3
4375 2
4376 3
4377 3
4378 2
4379 0
4380 3
4381 3
4382 0
4383 1
4384 3
4385 3
4386 3
4387 2
4388 2
4389 3
4390 0
4391 2
4392 2
4393 2
4394 3
4395 2
4396 0
4397 2
4398 3
4399 2
4400 0
4401 2
4402 3
4403 0
4404 2
4405 1
4406 3
4407 2
4408 2
4409 2
4410 1
4411 3
4412 3
4413 3
4414 0
4415 3
4416 3
4417 2
4418 1
4419 3
4420 3
4421 3
4422 2
4423 2
4424 2
4425 2
4426 3
4427 2
4428 3
4429 2
4430 2
4431 1
4432 2
4433 2
4434 2
4435 3
4436 2
4437 3
4438 1
4439 3
4440 2
4441 3
4442 3
4443 3
4444 3
4445 3
4446 3
4447 3
4448 3
4449 3
4450 3
4451 3
4452 3
4453 3
4454 3
4455 3
4456 2
4457 2
4458 3
4459 2
4460 3
4461 3
4462 3
4463 3
4464 3
4465 3
4466 3
4467 3
4468 3
4469 3
4470 2
4471 3
4472 2
4473 3
4474 3
4475 3
4476 3
4477 3
4478 3
4479 3
4480 3
4481 3
4482 3
4483 3
4484 3
4485 3
4486 3
4487 3
4488 3
4489 1
4490 3
4491 3
4492 3
4493 3
4494 3
4495 2
4496 3
4497 3
4498 3
4499 3
4500 0
4501 1
4502 3
4503 3
4504 3
4505 3
4506 2
4507 3
4508 3
4509 3
4510 3
4511 3
4512 3
4513 3
4514 3
4515 3
4516 3
4517 3
4518 3
4519 3
4520 3
4521 3
4522 3
4523 3
4524 2
4525 3
4526 3
4527 3
4528 3
4529 3
4530 3
4531 3
4532 3
4533 1
4534 1
4535 3
4536 3
4537 3
4538 3
4539 1
4540 3
4541 1
4542 0
4543 2
4544 3
4545 0
4546 2
4547 3
4548 3
4549 1
4550 3
4551 3
4552 3
4553 3
4554 3
4555 1
4556 3
4557 3
4558 3
4559 1
4560 3
4561 3
4562 1
4563 2
4564 3
4565 2
4566 2
4567 3
4568 3
4569 1
4570 1
4571 3
4572 2
4573 2
4574 2
4575 3
4576 2
4577 2
4578 2
4579 2
4580 2
4581 2
4582 2
4583 2
4584 0
4585 2
4586 2
4587 2
4588 3
4589 3
4590 2
4591 2
4592 2
4593 3
4594 2
4595 2
4596 2
4597 2
4598 2
4599 3
4600 3
4601 3
4602 3
4603 1
4604 1
4605 3
4606 3
4607 3
4608 3
4609 3
4610 3
4611 3
4612 3
4613 3
4614 0
4615 3
4616 3
4617 3
4618 3
4619 2
4620 3
4621 3
4622 3
4623 3
4624 2
4625 1
4626 2
4627 3
4628 3
4629 2
4630 1
4631 0
4632 2
4633 2
4634 1
4635 3
4636 2
4637 3
4638 3
4639 3
4640 2
4641 2
4642 2
4643 3
4644 2
4645 3
4646 3
4647 2
4648 2
4649 2
4650 2
4651 2
4652 0
4653 2
4654 2
4655 2
4656 2
4657 0
4658 3
4659 2
4660 2
4661 1
4662 2
4663 2
4664 3
4665 2
4666 1
4667 3
4668 2
4669 2
4670 2
4671 3
4672 3
4673 2
4674 0
4675 1
4676 2
4677 1
4678 2
4679 2
4680 2
4681 0
4682 2
4683 2
4684 2
4685 2
4686 2
4687 2
4688 2
4689 2
4690 2
4691 3
4692 2
4693 2
4694 3
4695 2
4696 2
4697 2
4698 2
4699 2
4700 2
4701 2
4702 2
4703 3
4704 1
4705 2
4706 2
4707 2
4708 2
4709 3
4710 2
4711 3
4712 2
4713 2
4714 2
4715 2
4716 2
4717 2
4718 2
4719 2
4720 3
4721 2
4722 3
4723 3
4724 3
4725 3
4726 3
4727 3
4728 3
4729 3
4730 0
4731 3
4732 3
4733 3
4734 3
4735 3
4736 3
4737 2
4738 2
4739 2
4740 2
4741 3
4742 2
4743 2
4744 2
4745 2
4746 2
4747 2
4748 3
4749 3
4750 3
4751 3
4752 3
4753 3
4754 3
4755 3
4756 3
4757 3
4758 3
4759 3
4760 2
4761 2
4762 2
4763 2
4764 2
4765 3
4766 2
4767 1
4768 2
4769 3
4770 3
4771 3
4772 2
4773 3
4774 2
4775 3
4776 3
4777 3
4778 3
4779 1
4780 3
4781 0
4782 3
4783 0
4784 2
4785 2
4786 3
4787 3
4788 1
4789 2
4790 2
4791 2
4792 2
4793 2
4794 3
4795 3
4796 1
4797 2
4798 2
4799 2
4800 3
4801 2
4802 2
4803 2
4804 2
4805 2
4806 2
4807 2
4808 2
4809 2
4810 2
4811 2
4812 2
4813 2
4814 3
4815 2
4816 2
4817 2
4818 3
4819 2
4820 2
4821 3
4822 2
4823 3
4824 2
4825 2
4826 2
4827 2
4828 2
4829 3
4830 2
4831 3
4832 2
4833 2
4834 2
4835 2
4836 3
4837 3
4838 2
4839 2
4840 2
4841 3
4842 3
4843 2
4844 2
4845 2
4846 2
4847 2
4848 2
4849 2
4850 2
4851 2
4852 3
4853 2
4854 3
4855 2
4856 3
4857 0
4858 2
4859 2
4860 0
4861 0
4862 2
4863 2
4864 2
4865 2
4866 2
4867 2
4868 2
4869 2
4870 2
4871 2
4872 2
4873 2
4874 2
4875 2
4876 2
4877 2
4878 2
4879 2
4880 2
4881 2
4882 2
4883 2
4884 3
4885 2
4886 2
4887 3
4888 2
4889 2
4890 2
4891 2
4892 2
4893 2
4894 2
4895 2
4896 2
4897 2
4898 2
4899 2
4900 2
4901 2
4902 2
4903 2
4904 2
4905 2
4906 0
4907 2
4908 2
4909 2
4910 2
4911 2
4912 1
4913 2
4914 2
4915 2
4916 2
4917 3
4918 2
4919 2
4920 2
4921 2
4922 2
4923 0
4924 2
4925 0
4926 2
4927 2
4928 2
4929 2
4930 2
4931 2
4932 2
4933 2
4934 2
4935 2
4936 1
4937 3
4938 1
4939 2
4940 2
4941 0
4942 2
4943 3
4944 2
4945 3
4946 3
4947 3
4948 3
4949 2
4950 2
4951 3
4952 3
4953 1
4954 0
4955 0
4956 1
4957 3
4958 2
4959 2
4960 3
4961 2
4962 1
4963 1
4964 3
4965 3
4966 2
4967 2
4968 2
4969 3
4970 3
4971 3
4972 2
4973 3
4974 3
4975 1
4976 2
4977 3
4978 2
4979 3
4980 1
4981 3
4982 3
4983 2
4984 3
4985 3
4986 3
4987 1
4988 2
4989 3
4990 0
4991 2
4992 3
4993 2
4994 3
4995 2
4996 2
4997 3
4998 3
4999 2
5000 1
5001 2
5002 3
5003 0
5004 3
5005 2
5006 1
5007 2
5008 2
5009 2
5010 1
5011 1
5012 2
5013 3
5014 3
5015 3
5016 3
5017 3
5018 1
5019 3
5020 2
5021 2
5022 3
5023 3
5024 2
5025 2
5026 1
5027 3
5028 2
5029 3
5030 2
5031 2
5032 2
5033 2
5034 2
5035 0
5036 3
5037 2
5038 2
5039 3
5040 3
5041 2
5042 0
5043 3
5044 2
5045 2
5046 3
5047 3
5048 2
5049 2
5050 2
5051 3
5052 2
5053 3
5054 3
5055 3
5056 3
5057 2
5058 2
5059 0
5060 2
5061 1
5062 3
5063 3
5064 1
5065 3
5066 3
5067 2
5068 3
5069 2
5070 1
5071 1
5072 3
5073 2
5074 2
5075 2
5076 1
5077 3
5078 3
5079 3
5080 3
5081 3
5082 1
5083 3
5084 3
5085 3
5086 3
5087 3
5088 3
5089 2
5090 3
5091 1
5092 2
5093 3
5094 1
5095 2
5096 3
5097 2
5098 3
5099 3
5100 1
5101 2
5102 3
5103 1
5104 3
5105 3
5106 3
5107 3
5108 3
5109 3
5110 2
5111 2
5112 3
5113 2
5114 2
5115 3
5116 0
5117 2
5118 3
5119 3
5120 1
5121 3
5122 3
5123 3
5124 3
5125 2
5126 2
5127 3
5128 2
5129 2
5130 1
5131 3
5132 1
5133 2
5134 3
5135 3
5136 2
5137 1
5138 2
5139 3
5140 3
5141 3
5142 3
5143 3
5144 3
5145 3
5146 3
5147 3
5148 1
5149 2
5150 2
5151 3
5152 3
5153 2
5154 3
5155 2
5156 2
5157 2
5158 2
5159 1
5160 2
5161 2
5162 3
5163 1
5164 2
5165 3
5166 3
5167 2
5168 2
5169 3
5170 3
5171 0
5172 3
5173 1
5174 1
5175 3
5176 1
5177 2
5178 2
5179 2
5180 0
5181 2
5182 3
5183 3
5184 3
5185 3
5186 3
5187 2
5188 1
5189 2
5190 1
5191 3
5192 2
5193 1
5194 3
5195 2
5196 2
5197 1
5198 2
5199 2
5200 2
5201 2
5202 2
5203 2
5204 2
5205 3
5206 2
5207 2
5208 3
5209 0
5210 2
5211 2
5212 1
5213 3
5214 3
5215 2
5216 2
5217 1
5218 3
5219 1
5220 1
5221 1
5222 3
5223 1
5224 2
5225 2
5226 2
5227 2
5228 3
5229 2
5230 2
5231 2
5232 1
5233 2
5234 2
5235 2
5236 2
5237 3
5238 3
5239 3
5240 2
5241 2
5242 2
5243 2
5244 3
5245 3
5246 1
5247 3
5248 0
5249 1
5250 3
5251 3
5252 2
5253 1
5254 2
5255 2
5256 2
5257 2
5258 2
5259 2
5260 3
5261 2
5262 3
5263 3
5264 3
5265 1
5266 3
5267 1
5268 2
5269 1
5270 1
5271 3
5272 1
5273 3
5274 2
5275 2
5276 3
5277 3
5278 1
5279 1
5280 2
5281 0
5282 2
5283 1
5284 1
5285 1
5286 2
5287 2
5288 2
5289 2
5290 2
5291 2
5292 2
5293 0
5294 3
5295 3
5296 3
5297 3
5298 2
5299 2
5300 0
5301 2
5302 2
5303 2
5304 2
5305 1
5306 2
5307 2
5308 3
5309 2
5310 3
5311 3
5312 2
5313 2
5314 2
5315 2
5316 3
5317 2
5318 2
5319 0
5320 3
5321 3
5322 2
5323 3
5324 3
5325 3
5326 2
5327 3
5328 3
5329 1
5330 1
5331 1
5332 1
5333 3
5334 2
5335 2
5336 2
5337 3
5338 2
5339 2
5340 2
5341 0
5342 3
5343 4
5344 4
5345 4
5346 4
5347 2
5348 4
5349 2
5350 4
5351 4
5352 1
5353 4
5354 1
5355 4
5356 2
5357 4
5358 2
5359 3
5360 2
5361 4
5362 4
5363 1
5364 3
5365 3
5366 2
5367 2
5368 3
5369 3
5370 3
5371 3
5372 3
5373 3
5374 2
5375 2
5376 3
5377 3
5378 3
5379 2
5380 3
5381 2
5382 3
5383 3
5384 3
5385 3
5386 3
5387 3
5388 3
5389 3
5390 3
5391 3
5392 3
5393 3
5394 2
5395 3
5396 1
5397 2
5398 0
5399 3
5400 2
5401 3
5402 3
5403 3
5404 3
5405 3
5406 3
5407 3
5408 3
5409 3
5410 3
5411 3
5412 3
5413 2
5414 3
5415 3
5416 3
5417 3
5418 3
5419 3
5420 3
5421 2
5422 2
5423 3
5424 3
5425 3
5426 3
5427 3
5428 3
5429 1
5430 3
5431 3
5432 2
5433 2
5434 3
5435 3
5436 3
5437 2
5438 2
5439 2
5440 3
5441 3
5442 3
5443 2
5444 3
5445 3
5446 3
5447 3
5448 2
5449 3
5450 3
5451 3
5452 2
5453 2
5454 3
5455 3
5456 3
5457 3
5458 3
5459 1
5460 2
5461 3
5462 3
5463 2
5464 3
5465 3
5466 3
5467 3
5468 2
5469 3
5470 3
5471 3
5472 3
5473 2
5474 2
5475 2
5476 3
5477 3
5478 3
5479 3
5480 3
5481 3
5482 3
5483 3
5484 2
5485 3
5486 3
5487 3
5488 2
5489 3
5490 2
5491 2
5492 3
5493 3
5494 2
5495 3
5496 3
5497 2
5498 2
5499 2
5500 2
5501 3
5502 3
5503 3
5504 2
5505 3
5506 3
5507 2
5508 2
5509 1
5510 2
5511 3
5512 3
5513 3
5514 3
5515 2
5516 1
5517 2
5518 3
5519 2
5520 2
5521 3
5522 0
5523 2
5524 3
5525 3
5526 3
5527 2
5528 2
5529 2
5530 2
5531 3
5532 2
5533 3
5534 2
5535 3
5536 2
5537 8
5538 3
5539 2
5540 2
5541 2
5542 2
5543 2
5544 3
5545 2
5546 3
5547 2
5548 2
5549 2
5550 2
5551 2
5552 0
5553 2
5554 1
5555 2
5556 2
5557 3
5558 1
5559 2
5560 2
5561 2
5562 2
5563 2
5564 2
5565 2
5566 2
5567 2
5568 2
5569 2
5570 2
5571 3
5572 1
5573 3
5574 1
5575 1
5576 1
5577 1
5578 1
5579 3
5580 3
5581 1
5582 1
5583 1
5584 1
5585 2
5586 1
5587 1
5588 2
5589 1
5590 1
5591 1
5592 1
5593 2
5594 1
5595 1
5596 1
5597 1
5598 1
5599 3
5600 1
5601 1
5602 1
5603 1
5604 1
5605 1
5606 2
5607 2
5608 2
5609 0
5610 2
5611 2
5612 2
5613 3
5614 2
5615 1
5616 2
5617 3
5618 2
5619 2
5620 3
5621 2
5622 2
5623 2
5624 2
5625 2
5626 2
5627 2
5628 2
5629 2
5630 3
5631 3
5632 3
5633 2
5634 2
5635 3
5636 2
5637 0
5638 2
5639 2
5640 3
5641 1
5642 2
5643 3
5644 3
5645 2
5646 2
5647 2
5648 2
5649 3
5650 1
5651 2
5652 2
5653 2
5654 2
5655 3
5656 2
5657 2
5658 3
5659 2
5660 0
5661 3
5662 2
5663 3
5664 3
5665 2
5666 1
5667 1
5668 0
5669 2
5670 2
5671 3
5672 3
5673 3
5674 2
5675 2
5676 1
5677 2
5678 2
5679 2
5680 2
5681 1
5682 2
5683 3
5684 3
5685 1
5686 2
5687 2
5688 2
5689 3
5690 2
5691 3
5692 2
5693 3
5694 3
5695 2
5696 2
5697 1
5698 2
5699 3
5700 2
5701 3
5702 2
5703 3
5704 2
5705 2
5706 2
5707 3
5708 2
5709 2
5710 2
5711 3
5712 2
5713 2
5714 0
5715 0
5716 2
5717 2
5718 2
5719 2
5720 3
5721 0
5722 2
5723 1
5724 2
5725 2
5726 0
5727 2
5728 3
5729 2
5730 3
5731 2
5732 2
5733 0
5734 2
5735 3
5736 2
5737 2
5738 2
5739 2
5740 2
5741 2
5742 3
5743 2
5744 2
5745 3
5746 2
5747 2
5748 1
5749 2
5750 2
5751 2
5752 2
5753 2
5754 0
5755 2
5756 2
5757 2
5758 3
5759 2
5760 3
5761 3
5762 2
5763 3
5764 0
5765 2
5766 2
5767 2
5768 2
5769 0
5770 2
5771 1
5772 3
5773 3
5774 2
5775 2
5776 0
5777 1
5778 3
5779 1
5780 2
5781 2
5782 2
5783 2
5784 3
5785 0
5786 2
5787 2
5788 3
5789 2
5790 2
5791 2
5792 0
5793 2
5794 0
5795 2
5796 2
5797 2
5798 2
5799 3
5800 2
5801 2
5802 0
5803 2
5804 2
5805 2
5806 2
5807 2
5808 3
5809 2
5810 2
5811 2
5812 2
5813 0
5814 2
5815 3
5816 3
5817 2
5818 0
5819 2
5820 2
5821 2
5822 2
5823 2
5824 2
5825 1
5826 2
5827 2
5828 2
5829 2
5830 2
5831 0
5832 0
5833 2
5834 2
5835 2
5836 1
5837 2
5838 2
5839 3
5840 2
5841 2
5842 2
5843 2
5844 2
5845 1
5846 3
5847 1
5848 2
5849 2
5850 2
5851 3
5852 1
5853 2
5854 3
5855 3
5856 3
5857 0
5858 2
5859 2
5860 3
5861 2
5862 3
5863 2
5864 2
5865 2
5866 2
5867 2
5868 2
5869 3
5870 2
5871 2
5872 2
5873 3
5874 2
5875 2
5876 2
5877 1
5878 2
5879 3
5880 2
5881 3
5882 2
5883 3
5884 3
5885 2
5886 2
5887 2
5888 3
5889 2
5890 2
5891 2
5892 2
5893 2
5894 2
5895 2
5896 2
5897 2
5898 3
5899 2
5900 3
5901 2
5902 2
5903 2
5904 2
5905 2
5906 0
5907 1
5908 2
5909 3
5910 2
5911 2
5912 2
5913 2
5914 2
5915 2
5916 3
5917 2
5918 2
5919 2
5920 2
5921 3
5922 0
5923 3
5924 3
5925 2
5926 1
5927 2
5928 2
5929 2
5930 2
5931 2
5932 2
5933 2
5934 1
5935 1
5936 2
5937 3
5938 2
5939 3
5940 3
5941 3
5942 3
5943 3
5944 3
5945 2
5946 3
5947 2
5948 2
5949 2
5950 2
5951 1
5952 3
5953 0
5954 2
5955 3
5956 2
5957 1
5958 2
5959 2
5960 3
5961 2
5962 3
5963 2
5964 3
5965 3
5966 2
5967 3
5968 3
5969 2
5970 3
5971 3
5972 1
5973 1
5974 3
5975 3
5976 1
5977 2
5978 3
5979 2
5980 2
5981 2
5982 0
5983 2
5984 0
5985 3
5986 3
5987 2
5988 2
5989 3
5990 1
5991 3
5992 1
5993 2
5994 3
5995 3
5996 2
5997 2
5998 2
5999 2
6000 2
6001 2
6002 3
6003 2
6004 3
6005 0
6006 2
6007 2
6008 2
6009 0
6010 2
6011 1
6012 0
6013 2
6014 0
6015 0
6016 1
6017 0
6018 2
6019 2
6020 3
6021 3
6022 3
6023 1
6024 2
6025 2
6026 1
6027 3
6028 2
6029 1
6030 1
6031 1
6032 2
6033 1
6034 1
6035 1
6036 1
6037 3
6038 1
6039 1
6040 3
6041 3
6042 3
6043 1
6044 3
6045 1
6046 3
6047 3
6048 3
6049 3
6050 3
6051 3
6052 1
6053 2
6054 2
6055 3
6056 3
6057 3
6058 3
6059 3
6060 3
6061 3
6062 3
6063 3
6064 3
6065 3
6066 2
6067 3
6068 3
6069 3
6070 3
6071 3
6072 1
6073 3
6074 3
6075 3
6076 2
6077 1
6078 2
6079 2
6080 1
6081 2
6082 1
6083 1
6084 2
6085 3
6086 2
6087 2
6088 2
6089 2
6090 3
6091 2
6092 2
6093 2
6094 2
6095 2
6096 2
6097 2
6098 2
6099 2
6100 2
6101 2
6102 3
6103 0
6104 2
6105 3
6106 3
6107 3
6108 3
6109 1
6110 3
6111 3
6112 3
6113 2
6114 2
6115 3
6116 3
6117 3
6118 2
6119 2
6120 2
6121 2
6122 2
6123 1
6124 2
6125 2
6126 2
6127 2
6128 2
6129 2
6130 2
6131 2
6132 3
6133 2
6134 2
6135 2
6136 2
6137 2
6138 2
6139 2
6140 3
6141 2
6142 3
6143 2
6144 0
6145 1
6146 2
6147 2
6148 2
6149 2
6150 2
6151 3
6152 1
6153 5
6154 3
6155 5
6156 5
6157 2
6158 2
6159 1
6160 1
6161 3
6162 0
6163 3
6164 2
6165 2
6166 2
6167 2
6168 2
6169 2
6170 8
6171 2
6172 2
6173 2
6174 2
6175 3
6176 3
6177 2
6178 2
6179 2
6180 2
6181 2
6182 2
6183 2
6184 2
6185 2
6186 3
6187 2
6188 3
6189 3
6190 3
6191 2
6192 2
6193 2
6194 0
6195 3
6196 3
6197 3
6198 3
6199 3
6200 3
6201 3
6202 3
6203 2
6204 3
6205 3
6206 3
6207 3
6208 3
6209 3
6210 3
6211 3
6212 3
6213 3
6214 3
6215 3
6216 3
6217 3
6218 3
6219 3
6220 3
6221 3
6222 3
6223 3
6224 3
6225 3
6226 3
6227 3
6228 3
6229 3
6230 3
6231 3
6232 3
6233 3
6234 3
6235 3
6236 3
6237 3
6238 3
6239 1
6240 1
6241 0
6242 3
6243 3
6244 3
6245 2
6246 3
6247 2
6248 1
6249 2
6250 2
6251 2
6252 3
6253 2
6254 2
6255 2
6256 2
6257 3
6258 2
6259 2
6260 2
6261 3
6262 2
6263 2
6264 2
6265 0
6266 3
6267 2
6268 3
6269 2
6270 3
6271 3
6272 3
6273 2
6274 2
6275 3
6276 1
6277 2
6278 1
6279 1
6280 3
6281 3
6282 3
6283 2
6284 2
6285 2
6286 1
6287 3
6288 3
6289 3
6290 3
6291 2
6292 1
6293 6
6294 6
6295 6
6296 6
6297 8
6298 6
6299 6
6300 6
6301 6
6302 3
6303 3
6304 3
6305 2
6306 3
6307 2
6308 2
6309 3
6310 2
6311 0
6312 0
6313 3
6314 3
6315 2
6316 3
6317 0
6318 3
6319 2
6320 3
6321 1
6322 0
6323 2
6324 3
6325 3
6326 3
6327 3
6328 3
6329 3
6330 3
6331 3
6332 3
6333 0
6334 3
6335 3
6336 1
6337 3
6338 2
6339 2
6340 3
6341 0
6342 1
6343 3
6344 2
6345 2
6346 2
6347 3
6348 3
6349 3
6350 0
6351 3
6352 0
6353 1
6354 0
6355 1
6356 1
6357 3
6358 0
6359 1
6360 2
6361 0
6362 3
6363 3
6364 3
6365 1
6366 2
6367 3
6368 3
6369 2
6370 1
6371 3
6372 1
6373 3
6374 3
6375 3
6376 0
6377 1
6378 2
6379 1
6380 3
6381 3
6382 0
6383 0
6384 0
6385 3
6386 3
6387 3
6388 0
6389 3
6390 3
6391 3
6392 1
6393 3
6394 2
6395 2
6396 3
6397 3
6398 3
6399 2
6400 2
6401 2
6402 1
6403 1
6404 3
6405 1
6406 3
6407 1
6408 3
6409 2
6410 3
6411 3
6412 3
6413 3
6414 2
6415 2
6416 3
6417 3
6418 3
6419 3
6420 3
6421 3
6422 1
6423 3
6424 3
6425 2
6426 0
6427 3
6428 3
6429 3
6430 3
6431 3
6432 2
6433 3
6434 3
6435 3
6436 3
6437 3
6438 3
6439 3
6440 3
6441 3
6442 1
6443 3
6444 1
6445 3
6446 3
6447 0
6448 0
6449 1
6450 1
6451 3
6452 2
6453 2
6454 2
6455 3
6456 3
6457 2
6458 3
6459 3
6460 0
6461 0
6462 0
6463 1
6464 3
6465 3
6466 0
6467 2
6468 2
6469 2
6470 2
6471 3
6472 1
6473 3
6474 3
6475 1
6476 3
6477 0
6478 3
6479 3
6480 2
6481 3
6482 3
6483 2
6484 0
6485 1
6486 3
6487 2
6488 2
6489 2
6490 1
6491 2
6492 1
6493 1
6494 3
6495 3
6496 3
6497 3
6498 3
6499 2
6500 2
6501 2
6502 2
6503 2
6504 2
6505 2
6506 2
6507 2
6508 3
6509 3
6510 2
6511 2
6512 2
6513 2
6514 3
6515 3
6516 3
6517 3
6518 1
6519 2
6520 3
6521 3
6522 3
6523 3
6524 2
6525 3
6526 2
6527 3
6528 3
6529 3
6530 2
6531 2
6532 3
6533 2
6534 2
6535 1
6536 1
6537 3
6538 0
6539 2
6540 0
6541 1
6542 2
6543 2
6544 3
6545 2
6546 1
6547 1
6548 3
6549 3
6550 3
6551 3
6552 2
6553 3
6554 1
6555 3
6556 3
6557 3
6558 3
6559 3
6560 3
6561 3
6562 3
6563 3
6564 3
6565 2
6566 3
6567 3
6568 2
6569 3
6570 3
6571 3
6572 2
6573 1
6574 3
6575 3
6576 3
6577 3
6578 2
6579 3
6580 2
6581 2
6582 2
6583 2
6584 3
6585 2
6586 3
6587 2
6588 3
6589 1
6590 3
6591 3
6592 3
6593 2
6594 0
6595 3
6596 2
6597 1
6598 2
6599 3
6600 1
6601 1
6602 1
6603 1
6604 1
6605 1
6606 1
6607 1
6608 1
6609 3
6610 3
6611 3
6612 1
6613 2
6614 2
6615 2
6616 2
6617 2
6618 2
6619 2
6620 2
6621 3
6622 1
6623 2
6624 2
6625 3
6626 1
6627 2
6628 1
6629 3
6630 0
6631 2
6632 3
6633 2
6634 3
6635 2
6636 3
6637 3
6638 1
6639 2
6640 2
6641 2
6642 2
6643 2
6644 9
6645 0
6646 2
6647 2
6648 2
6649 2
6650 2
6651 2
6652 3
6653 1
6654 0
6655 3
6656 3
6657 3
6658 3
6659 1
6660 2
6661 0
6662 0
6663 2
6664 3
6665 3
6666 2
6667 2
6668 2
6669 2
6670 2
6671 2
6672 2
6673 2
6674 1
6675 2
6676 3
6677 2
6678 3
6679 2
6680 2
6681 3
6682 2
6683 2
6684 1
6685 2
6686 2
6687 3
6688 2
6689 0
6690 3
6691 2
6692 2
6693 2
6694 2
6695 2
6696 2
6697 2
6698 2
6699 2
6700 1
6701 2
6702 1
6703 1
6704 2
6705 3
6706 1
6707 0
6708 2
6709 0
6710 2
6711 0
6712 2
6713 1
6714 2
6715 2
6716 1
6717 2
6718 3
6719 2
6720 2
6721 2
6722 1
6723 2
6724 0
6725 2
6726 3
6727 2
6728 2
6729 1
6730 2
6731 1
6732 2
6733 0
6734 2
6735 2
6736 0
6737 1
6738 3
6739 2
6740 2
6741 0
6742 1
6743 2
6744 2
6745 0
6746 3
6747 2
6748 2
6749 3
6750 2
6751 0
6752 0
6753 2
6754 2
6755 3
6756 1
6757 2
6758 2
6759 0
6760 0
6761 0
6762 3
6763 2
6764 2
6765 0
6766 0
6767 0
6768 2
6769 2
6770 0
6771 2
6772 2
6773 2
6774 2
6775 2
6776 1
6777 2
6778 2
6779 2
6780 2
6781 2
6782 0
6783 2
6784 2
6785 0
6786 2
6787 2
6788 2
6789 2
6790 2
6791 2
6792 2
6793 2
6794 2
6795 2
6796 2
6797 3
6798 2
6799 3
6800 0
6801 1
6802 3
6803 2
6804 3
6805 3
6806 1
6807 1
6808 1
6809 2
6810 2
6811 3
6812 3
6813 1
6814 3
6815 1
6816 3
6817 3
6818 3
6819 3
6820 3
6821 3
6822 3
6823 3
6824 3
6825 1
6826 1
6827 3
6828 3
6829 2
6830 1
6831 3
6832 2
6833 1
6834 2
6835 2
6836 1
6837 3
6838 1
6839 3
6840 1
6841 1
6842 2
6843 3
6844 2
6845 1
6846 1
6847 1
6848 3
6849 1
6850 1
6851 1
6852 1
6853 1
6854 1
6855 2
6856 1
6857 2
6858 2
6859 2
6860 1
6861 2
6862 1
6863 1
6864 3
6865 3
6866 0
6867 3
6868 2
6869 3
6870 0
6871 3
6872 3
6873 3
6874 1
6875 3
6876 3
6877 3
6878 3
6879 1
6880 3
6881 1
6882 1
6883 1
6884 1
6885 1
6886 1
6887 1
6888 1
6889 3
6890 3
6891 3
6892 1
6893 3
6894 3
6895 3
6896 2
6897 3
6898 3
6899 1
6900 2
6901 3
6902 3
6903 2
6904 1
6905 1
6906 0
6907 2
6908 2
6909 3
6910 2
6911 2
6912 2
6913 1
6914 1
6915 2
6916 2
6917 0
6918 1
6919 1
6920 2
6921 2
6922 2
6923 2
6924 1
6925 2
6926 2
6927 1
6928 2
6929 2
6930 1
6931 1
6932 2
6933 2
6934 3
6935 2
6936 2
6937 3
6938 1
6939 1
6940 2
6941 2
6942 3
6943 3
6944 3
6945 3
6946 3
6947 3
6948 3
6949 3
6950 3
6951 3
6952 2
6953 7
6954 7
6955 1
6956 2
6957 2
6958 2
6959 0
6960 1
6961 2
6962 3
6963 1
6964 3
6965 3
6966 3
6967 1
6968 0
6969 3
6970 1
6971 3
6972 2
6973 2
6974 1
6975 2
6976 2
6977 2
6978 2
6979 2
6980 1
6981 1
6982 2
6983 2
6984 0
6985 0
6986 0
6987 1
6988 1
6989 1
6990 1
6991 3
6992 1
6993 2
6994 3
6995 2
6996 1
6997 2
6998 3
6999 2
7000 2
7001 3
7002 3
7003 3
7004 3
7005 3
7006 1
7007 1
7008 3
7009 1
7010 2
7011 1
7012 1
7013 1
7014 1
7015 0
7016 1
7017 2
7018 2
7019 2
7020 3
7021 2
7022 2
7023 2
7024 3
7025 2
7026 2
7027 2
7028 2
7029 2
7030 3
7031 3
7032 2
7033 2
7034 3
7035 2
7036 2
7037 2
7038 2
7039 2
7040 2
7041 2
7042 2
7043 0
7044 2
7045 2
7046 2
7047 3
7048 2
7049 2
7050 2
7051 2
7052 2
7053 2
7054 2
7055 3
7056 1
7057 3
7058 3
7059 3
7060 3
7061 3
7062 3
7063 3
7064 3
7065 3
7066 3
7067 3
7068 3
7069 3
7070 3
7071 2
7072 1
7073 1
7074 2
7075 8
7076 1
7077 1
7078 2
7079 1
7080 2
7081 0
7082 0
7083 1
7084 2
7085 2
7086 2
7087 1
7088 3
7089 3
7090 3
7091 2
7092 2
7093 2
7094 2
7095 2
7096 2
7097 2
7098 3
7099 3
7100 3
7101 3
7102 2
7103 2
7104 2
7105 2
7106 0
7107 0
7108 0
7109 0
7110 0
7111 0
7112 0
7113 0
7114 0
7115 3
7116 0
7117 0
7118 0
7119 0
7120 0
7121 2
7122 3
7123 1
7124 1
7125 1
7126 2
7127 3
7128 2
7129 3
7130 3
7131 3
7132 3
7133 3
7134 3
7135 1
7136 2
7137 1
7138 1
7139 1
7140 1
7141 1
7142 1
7143 1
7144 1
7145 1
7146 1
7147 1
7148 3
7149 2
7150 2
7151 2
7152 2
7153 2
7154 2
7155 2
7156 2
7157 3
7158 1
7159 1
7160 1
7161 2
7162 1
7163 0
7164 0
7165 0
7166 1
7167 1
7168 3
7169 3
7170 3
7171 3
7172 1
7173 1
7174 1
7175 1
7176 1
7177 0
7178 0
7179 1
7180 1
7181 2
7182 0
7183 2
7184 2
7185 1
7186 1
7187 1
7188 1
7189 1
7190 2
7191 2
7192 2
7193 2
7194 8
7195 8
7196 1
7197 1
7198 2
7199 2
7200 0
7201 2
7202 1
7203 1
7204 1
7205 1
7206 3
7207 3
7208 3
7209 3
7210 3
7211 2
7212 2
7213 1
7214 1
7215 3
7216 2
7217 3
7218 2
7219 2
7220 2
7221 2
7222 2
7223 2
7224 2
7225 2
7226 2
7227 2
7228 2
7229 2
7230 2
7231 2
7232 2
7233 2
7234 2
7235 2
7236 2
7237 2
7238 2
7239 2
7240 2
7241 2
7242 2
7243 2
7244 2
7245 2
7246 2
7247 2
7248 2
7249 2
7250 2
7251 2
7252 2
7253 2
7254 2
7255 2
7256 2
7257 2
7258 2
7259 2
7260 2
7261 2
7262 2
7263 2
7264 2
7265 2
7266 2
7267 2
7268 2
7269 2
7270 2
7271 2
7272 2
7273 2
7274 2
7275 2
7276 2
7277 2
7278 2
7279 2
7280 2
7281 2
7282 2
7283 2
7284 2
7285 2
7286 2
7287 2
7288 2
7289 2
7290 2
7291 2
7292 2
7293 2
7294 2
7295 2
7296 2
7297 2
7298 2
7299 2
7300 2
7301 2
7302 2
7303 2
7304 2
7305 2
7306 2
7307 2
7308 2
7309 2
7310 2
7311 2
7312 2
7313 2
7314 2
7315 2
7316 3
7317 2
7318 2
7319 2
7320 2
7321 2
7322 2
7323 2
7324 2
7325 2
7326 2
7327 2
7328 2
7329 2
7330 2
7331 2
7332 2
7333 2
7334 2
7335 2
7336 2
7337 2
7338 2
7339 2
7340 2
7341 2
7342 2
7343 2
7344 2
7345 2
7346 2
7347 2
7348 2
7349 2
7350 2
7351 2
7352 2
7353 2
7354 2
7355 2
7356 2
7357 2
7358 2
7359 2
7360 2
7361 2
7362 2
7363 2
7364 2
7365 2
7366 2
7367 2
7368 2
7369 2
7370 2
7371 2
7372 2
7373 2
7374 2
7375 2
7376 2
7377 2
7378 2
7379 2
7380 2
7381 2
7382 2
7383 2
7384 2
7385 2
7386 2
7387 2
7388 0
7389 0
7390 3
7391 3
7392 3
7393 1
7394 1
7395 1
7396 1
7397 1
7398 1
7399 1
7400 1
7401 2
7402 0
7403 0
7404 3
7405 3
7406 3
7407 1
7408 0
7409 0
7410 3
7411 1
7412 1
7413 2
7414 1
7415 1
7416 3
7417 2
7418 1
7419 3
7420 3
7421 3
7422 3
7423 3
7424 3
7425 1
7426 3
7427 3
7428 1
7429 1
7430 1
7431 2
7432 1
7433 1
7434 3
7435 3
7436 3
7437 1
7438 3
7439 3
7440 1
7441 1
7442 1
7443 1
7444 1
7445 1
7446 1
7447 1
7448 1
7449 1
7450 1
7451 0
7452 0
7453 0
7454 3
7455 3
7456 0
7457 0
7458 3
7459 2
7460 1
7461 1
7462 3
7463 1
7464 1
7465 3
7466 2
7467 3
7468 1
7469 0
7470 1
7471 1
7472 0
7473 0
7474 1
7475 1
7476 1
7477 1
7478 1
7479 3
7480 2
7481 2
7482 1
7483 1
7484 1
7485 1
7486 3
7487 3
7488 3
7489 3
7490 3
7491 1
7492 1
7493 1
7494 1
7495 1
7496 3
7497 3
7498 3
7499 3
7500 3
7501 3
7502 2
7503 2
7504 2
7505 3
7506 1
7507 1
7508 1
7509 1
7510 1
7511 1
7512 1
7513 3
7514 2
7515 2
7516 2
7517 2
7518 0
7519 0
7520 1
7521 1
7522 1
7523 1
7524 1
7525 1
7526 1
7527 1
7528 1
7529 0
7530 3
7531 3
7532 0
7533 2
7534 2
7535 3
7536 3
7537 3
7538 1
7539 1
7540 1
7541 1
7542 0
7543 2
7544 2
7545 1
7546 3
7547 1
7548 2
7549 2
7550 0
7551 0
7552 0
7553 0
7554 3
7555 3
7556 1
7557 2
7558 1
7559 3
7560 2
7561 3
7562 3
7563 3
7564 3
7565 2
7566 2
7567 2
7568 2
7569 1
7570 3
7571 1
7572 1
7573 1
7574 1
7575 1
7576 1
7577 3
7578 1
7579 3
7580 3
7581 3
7582 3
7583 2
7584 2
7585 9
7586 9
7587 9
7588 9
7589 1
7590 1
7591 0
7592 0
7593 1
7594 3
7595 3
7596 1
7597 1
7598 1
7599 1
7600 3
7601 2
7602 0
7603 1
7604 0
7605 0
7606 1
7607 3
7608 3
7609 1
7610 1
7611 1
7612 1
7613 1
7614 1
7615 1
7616 1
7617 1
7618 2
7619 8
7620 1
7621 1
7622 2
7623 0
7624 3
7625 3
7626 3
7627 3
7628 3
7629 3
7630 3
7631 3
7632 2
7633 1
7634 2
7635 3
7636 3
7637 3
7638 2
7639 3
7640 3
7641 3
7642 3
7643 2
7644 2
7645 2
network of communities computed : Thu Jan  7 08:42:12 2010

network : 10 nodes, 52 links, 66089232 weight.
pass number 1 of -1 : 0.12967 0.129669
communities computed : Thu Jan  7 08:42:12 2010
modularity increased from 0.129669 to 0.12967
0 4
1 0
2 5
3 2
4 1
5 2
6 3
7 4
8 5
9 5
network of communities computed : Thu Jan  7 08:42:12 2010
1e-06 0.12967 114
