Sender: LSF System <lsfadmin@bc09-n08>
Subject: Job 429311: <comm_pct6> Done

Job <comm_pct6> was submitted from host <bc10-n13> by user <jabloche> in cluster <lucky>.
Job was executed on host(s) <bc09-n08>, in queue <week>, as user <jabloche> in cluster <lucky>.
</afs/isis.unc.edu/home/j/a/jabloche> was used as the home directory.
</netscr/jabloche/FirmNetworks/cLouvain> was used as the working directory.
Started at Thu Jan  7 08:40:22 2010
Results reported at Thu Jan  7 08:47:15 2010

Your job looked like:

------------------------------------------------------------
# LSBATCH: User input
/netscr/jabloche/FirmNetworks/cLouvain/community /smallfs/jabloche/fn_edge/el_pct6.bin -l -1 -w
------------------------------------------------------------

Successfully completed.

Resource usage summary:

    CPU time   :    302.81 sec.
    Max Memory :       243 MB
    Max Swap   :       392 MB

    Max Processes  :         4
    Max Threads    :         4

The output (if any) follows:

Your home directory for this job is /netscr/jabloche
start : Thu Jan  7 08:40:27 2010
total : 15558085
file read : Thu Jan  7 08:42:12 2010
network : 8417 nodes, 15558085 links, 231876784 weight.
pass number 1 of -1 : 0.0627258 -0.000213066
pass number 2 of -1 : 0.0708971 0.0627258
pass number 3 of -1 : 0.0725268 0.0708971
pass number 4 of -1 : 0.073372 0.0725268
pass number 5 of -1 : 0.0738468 0.073372
pass number 6 of -1 : 0.0761622 0.0738468
pass number 7 of -1 : 0.0789717 0.0761622
pass number 8 of -1 : 0.0799766 0.0789717
pass number 9 of -1 : 0.0802557 0.0799766
pass number 10 of -1 : 0.0803773 0.0802557
pass number 11 of -1 : 0.0811057 0.0803773
pass number 12 of -1 : 0.0844516 0.0811057
pass number 13 of -1 : 0.0846334 0.0844516
pass number 14 of -1 : 0.0846368 0.0846334
pass number 15 of -1 : 0.0846368 0.0846368
communities computed : Thu Jan  7 08:47:14 2010
modularity increased from -0.000213066 to 0.0846368
0 5
1 0
2 5
3 2
4 5
5 5
6 5
7 2
8 5
9 2
10 5
11 2
12 5
13 5
14 5
15 5
16 5
17 5
18 5
19 5
20 5
21 5
22 0
23 5
24 2
25 5
26 5
27 2
28 5
29 5
30 5
31 2
32 5
33 5
34 2
35 5
36 5
37 5
38 5
39 5
40 5
41 5
42 5
43 5
44 5
45 5
46 5
47 5
48 5
49 2
50 5
51 5
52 5
53 5
54 5
55 5
56 5
57 2
58 2
59 2
60 5
61 5
62 2
63 5
64 2
65 2
66 5
67 5
68 2
69 0
70 5
71 5
72 0
73 2
74 0
75 2
76 5
77 0
78 0
79 2
80 0
81 0
82 0
83 5
84 0
85 0
86 0
87 5
88 5
89 5
90 2
91 2
92 2
93 5
94 5
95 2
96 2
97 2
98 5
99 5
100 2
101 5
102 2
103 2
104 2
105 5
106 5
107 2
108 2
109 2
110 5
111 5
112 5
113 5
114 2
115 5
116 5
117 5
118 2
119 5
120 2
121 2
122 5
123 5
124 5
125 2
126 2
127 2
128 5
129 2
130 5
131 2
132 2
133 2
134 5
135 5
136 5
137 5
138 5
139 2
140 2
141 2
142 5
143 5
144 2
145 2
146 2
147 5
148 5
149 2
150 0
151 2
152 2
153 5
154 2
155 2
156 2
157 5
158 2
159 2
160 5
161 2
162 5
163 2
164 5
165 5
166 2
167 2
168 2
169 5
170 5
171 5
172 0
173 0
174 0
175 2
176 0
177 5
178 5
179 5
180 5
181 5
182 5
183 2
184 5
185 5
186 2
187 0
188 2
189 5
190 2
191 2
192 2
193 2
194 2
195 5
196 2
197 5
198 5
199 2
200 2
201 2
202 5
203 2
204 2
205 5
206 5
207 5
208 2
209 2
210 2
211 2
212 2
213 2
214 5
215 5
216 2
217 5
218 2
219 2
220 19
221 5
222 2
223 5
224 5
225 0
226 2
227 5
228 2
229 2
230 5
231 2
232 5
233 2
234 2
235 2
236 5
237 5
238 5
239 2
240 2
241 0
242 2
243 5
244 2
245 2
246 2
247 2
248 5
249 5
250 5
251 5
252 2
253 0
254 2
255 5
256 2
257 2
258 2
259 2
260 5
261 5
262 5
263 2
264 0
265 2
266 5
267 2
268 5
269 2
270 2
271 5
272 5
273 5
274 5
275 5
276 2
277 5
278 5
279 2
280 2
281 5
282 5
283 2
284 2
285 0
286 2
287 2
288 5
289 5
290 2
291 5
292 2
293 5
294 5
295 2
296 2
297 5
298 5
299 0
300 2
301 5
302 2
303 2
304 0
305 5
306 5
307 5
308 5
309 5
310 5
311 5
312 2
313 5
314 5
315 5
316 2
317 2
318 5
319 5
320 2
321 0
322 2
323 2
324 2
325 2
326 2
327 2
328 5
329 5
330 2
331 2
332 2
333 2
334 5
335 2
336 5
337 2
338 5
339 2
340 5
341 5
342 5
343 5
344 5
345 5
346 5
347 5
348 2
349 2
350 5
351 5
352 5
353 5
354 2
355 5
356 2
357 5
358 2
359 2
360 2
361 5
362 2
363 5
364 5
365 5
366 5
367 2
368 5
369 2
370 5
371 2
372 5
373 2
374 5
375 5
376 2
377 0
378 5
379 5
380 5
381 5
382 5
383 5
384 5
385 5
386 0
387 5
388 5
389 5
390 5
391 5
392 5
393 5
394 5
395 5
396 5
397 2
398 2
399 2
400 2
401 5
402 5
403 2
404 2
405 2
406 5
407 5
408 2
409 5
410 5
411 2
412 5
413 5
414 5
415 0
416 5
417 5
418 5
419 2
420 5
421 2
422 5
423 0
424 2
425 5
426 5
427 5
428 2
429 5
430 5
431 5
432 2
433 5
434 5
435 2
436 2
437 5
438 5
439 5
440 2
441 2
442 2
443 5
444 5
445 5
446 5
447 5
448 2
449 5
450 2
451 5
452 5
453 5
454 5
455 5
456 5
457 2
458 5
459 5
460 2
461 5
462 2
463 2
464 2
465 2
466 5
467 5
468 5
469 5
470 5
471 5
472 2
473 5
474 2
475 5
476 5
477 5
478 2
479 5
480 5
481 5
482 5
483 5
484 5
485 5
486 2
487 2
488 5
489 2
490 2
491 2
492 5
493 5
494 2
495 0
496 5
497 5
498 5
499 2
500 2
501 2
502 5
503 5
504 5
505 2
506 2
507 2
508 5
509 5
510 2
511 5
512 0
513 2
514 5
515 2
516 0
517 2
518 2
519 5
520 2
521 2
522 2
523 2
524 5
525 5
526 0
527 0
528 2
529 5
530 5
531 2
532 5
533 2
534 5
535 5
536 2
537 5
538 2
539 5
540 2
541 2
542 2
543 2
544 5
545 5
546 5
547 5
548 5
549 5
550 5
551 5
552 0
553 5
554 5
555 5
556 5
557 5
558 5
559 5
560 2
561 5
562 2
563 5
564 5
565 5
566 5
567 0
568 2
569 5
570 5
571 2
572 5
573 5
574 2
575 2
576 5
577 0
578 5
579 0
580 5
581 5
582 5
583 5
584 5
585 2
586 5
587 2
588 5
589 5
590 2
591 2
592 2
593 5
594 2
595 5
596 5
597 5
598 5
599 5
600 5
601 2
602 2
603 5
604 5
605 5
606 2
607 5
608 5
609 5
610 5
611 5
612 5
613 5
614 5
615 0
616 5
617 5
618 5
619 5
620 5
621 5
622 2
623 2
624 2
625 5
626 5
627 5
628 2
629 5
630 2
631 2
632 2
633 5
634 5
635 2
636 5
637 2
638 5
639 5
640 0
641 5
642 5
643 5
644 2
645 2
646 2
647 5
648 5
649 0
650 2
651 2
652 2
653 5
654 2
655 2
656 2
657 2
658 2
659 5
660 5
661 2
662 5
663 2
664 5
665 5
666 5
667 2
668 5
669 2
670 5
671 5
672 5
673 5
674 2
675 0
676 0
677 5
678 2
679 2
680 2
681 2
682 2
683 2
684 5
685 5
686 5
687 2
688 5
689 2
690 2
691 2
692 5
693 5
694 5
695 2
696 2
697 2
698 2
699 5
700 2
701 2
702 2
703 2
704 2
705 5
706 5
707 5
708 2
709 2
710 5
711 2
712 2
713 5
714 5
715 5
716 2
717 5
718 5
719 5
720 5
721 2
722 2
723 2
724 2
725 0
726 2
727 2
728 5
729 2
730 2
731 5
732 5
733 5
734 5
735 5
736 5
737 2
738 5
739 5
740 2
741 2
742 2
743 2
744 2
745 2
746 5
747 2
748 2
749 5
750 5
751 2
752 5
753 5
754 5
755 5
756 2
757 5
758 5
759 5
760 5
761 5
762 5
763 2
764 2
765 0
766 5
767 5
768 5
769 2
770 2
771 2
772 5
773 5
774 5
775 5
776 2
777 2
778 5
779 5
780 5
781 2
782 2
783 2
784 2
785 2
786 0
787 2
788 5
789 2
790 2
791 5
792 0
793 2
794 5
795 5
796 2
797 2
798 2
799 5
800 5
801 2
802 5
803 2
804 2
805 2
806 5
807 5
808 5
809 2
810 5
811 0
812 2
813 2
814 2
815 2
816 2
817 0
818 2
819 2
820 2
821 5
822 5
823 2
824 5
825 5
826 2
827 2
828 5
829 2
830 2
831 2
832 2
833 5
834 5
835 5
836 2
837 2
838 5
839 2
840 5
841 5
842 2
843 5
844 2
845 0
846 5
847 0
848 2
849 2
850 2
851 5
852 2
853 2
854 5
855 5
856 0
857 5
858 5
859 5
860 5
861 5
862 5
863 0
864 5
865 5
866 2
867 5
868 2
869 2
870 2
871 5
872 2
873 5
874 5
875 2
876 2
877 5
878 5
879 2
880 5
881 5
882 5
883 5
884 2
885 5
886 2
887 5
888 2
889 5
890 0
891 2
892 5
893 5
894 2
895 5
896 0
897 2
898 5
899 5
900 5
901 5
902 2
903 5
904 5
905 2
906 5
907 5
908 2
909 5
910 2
911 5
912 2
913 0
914 5
915 2
916 5
917 2
918 2
919 2
920 5
921 5
922 5
923 2
924 2
925 2
926 5
927 5
928 5
929 2
930 5
931 5
932 2
933 5
934 0
935 2
936 5
937 2
938 5
939 2
940 5
941 5
942 2
943 5
944 5
945 2
946 5
947 2
948 2
949 5
950 2
951 5
952 5
953 5
954 2
955 2
956 2
957 0
958 5
959 5
960 5
961 5
962 2
963 2
964 2
965 5
966 5
967 2
968 5
969 5
970 5
971 5
972 2
973 5
974 2
975 2
976 5
977 2
978 2
979 2
980 2
981 2
982 5
983 2
984 5
985 2
986 5
987 2
988 5
989 0
990 5
991 5
992 2
993 2
994 5
995 5
996 2
997 2
998 2
999 2
1000 2
1001 2
1002 2
1003 5
1004 2
1005 2
1006 2
1007 2
1008 2
1009 5
1010 5
1011 2
1012 2
1013 2
1014 2
1015 5
1016 2
1017 5
1018 5
1019 5
1020 5
1021 5
1022 5
1023 5
1024 5
1025 2
1026 5
1027 5
1028 5
1029 2
1030 5
1031 2
1032 5
1033 5
1034 5
1035 5
1036 5
1037 5
1038 5
1039 5
1040 5
1041 5
1042 5
1043 5
1044 5
1045 5
1046 2
1047 5
1048 5
1049 5
1050 5
1051 2
1052 5
1053 5
1054 5
1055 5
1056 5
1057 5
1058 5
1059 5
1060 5
1061 5
1062 5
1063 5
1064 5
1065 5
1066 5
1067 5
1068 5
1069 5
1070 5
1071 2
1072 5
1073 2
1074 2
1075 5
1076 5
1077 2
1078 0
1079 5
1080 0
1081 5
1082 2
1083 2
1084 0
1085 0
1086 2
1087 5
1088 0
1089 5
1090 0
1091 0
1092 5
1093 5
1094 5
1095 5
1096 0
1097 2
1098 2
1099 5
1100 5
1101 2
1102 5
1103 5
1104 5
1105 5
1106 2
1107 5
1108 2
1109 5
1110 5
1111 5
1112 0
1113 2
1114 0
1115 5
1116 0
1117 2
1118 2
1119 5
1120 2
1121 0
1122 5
1123 5
1124 5
1125 2
1126 5
1127 0
1128 5
1129 5
1130 5
1131 5
1132 5
1133 5
1134 5
1135 5
1136 5
1137 5
1138 2
1139 2
1140 2
1141 5
1142 0
1143 4
1144 5
1145 5
1146 0
1147 2
1148 0
1149 5
1150 2
1151 2
1152 5
1153 5
1154 2
1155 5
1156 2
1157 5
1158 0
1159 0
1160 5
1161 5
1162 5
1163 5
1164 5
1165 2
1166 2
1167 5
1168 5
1169 0
1170 2
1171 5
1172 5
1173 5
1174 5
1175 5
1176 0
1177 2
1178 5
1179 5
1180 2
1181 5
1182 0
1183 0
1184 5
1185 5
1186 0
1187 0
1188 5
1189 5
1190 5
1191 5
1192 5
1193 2
1194 0
1195 5
1196 5
1197 5
1198 5
1199 0
1200 5
1201 5
1202 5
1203 0
1204 0
1205 2
1206 2
1207 5
1208 5
1209 5
1210 5
1211 0
1212 5
1213 0
1214 2
1215 0
1216 2
1217 2
1218 5
1219 5
1220 5
1221 5
1222 5
1223 0
1224 5
1225 0
1226 5
1227 0
1228 5
1229 0
1230 2
1231 5
1232 2
1233 5
1234 2
1235 5
1236 5
1237 5
1238 0
1239 0
1240 5
1241 5
1242 5
1243 2
1244 5
1245 5
1246 5
1247 5
1248 5
1249 0
1250 2
1251 5
1252 5
1253 2
1254 2
1255 5
1256 0
1257 0
1258 0
1259 5
1260 5
1261 5
1262 0
1263 2
1264 2
1265 2
1266 2
1267 5
1268 5
1269 0
1270 2
1271 0
1272 0
1273 5
1274 2
1275 5
1276 0
1277 5
1278 2
1279 5
1280 5
1281 5
1282 0
1283 0
1284 2
1285 5
1286 2
1287 0
1288 5
1289 5
1290 0
1291 5
1292 5
1293 2
1294 5
1295 5
1296 0
1297 5
1298 2
1299 0
1300 5
1301 2
1302 5
1303 5
1304 2
1305 0
1306 0
1307 5
1308 5
1309 2
1310 2
1311 5
1312 5
1313 2
1314 5
1315 5
1316 5
1317 5
1318 5
1319 5
1320 5
1321 2
1322 2
1323 5
1324 0
1325 2
1326 2
1327 5
1328 5
1329 5
1330 0
1331 5
1332 5
1333 5
1334 5
1335 5
1336 5
1337 5
1338 0
1339 0
1340 5
1341 5
1342 2
1343 5
1344 0
1345 2
1346 5
1347 5
1348 5
1349 2
1350 2
1351 2
1352 5
1353 5
1354 5
1355 5
1356 5
1357 5
1358 5
1359 5
1360 5
1361 2
1362 2
1363 0
1364 5
1365 5
1366 5
1367 5
1368 5
1369 2
1370 2
1371 5
1372 5
1373 0
1374 2
1375 5
1376 2
1377 5
1378 5
1379 5
1380 5
1381 5
1382 2
1383 2
1384 0
1385 5
1386 5
1387 2
1388 5
1389 5
1390 5
1391 2
1392 2
1393 5
1394 2
1395 2
1396 2
1397 2
1398 5
1399 2
1400 5
1401 2
1402 5
1403 2
1404 5
1405 2
1406 2
1407 5
1408 5
1409 5
1410 5
1411 5
1412 2
1413 2
1414 5
1415 5
1416 2
1417 5
1418 2
1419 2
1420 2
1421 0
1422 2
1423 0
1424 5
1425 2
1426 5
1427 2
1428 2
1429 5
1430 2
1431 2
1432 0
1433 5
1434 0
1435 2
1436 0
1437 2
1438 2
1439 2
1440 2
1441 5
1442 5
1443 5
1444 2
1445 2
1446 5
1447 2
1448 0
1449 5
1450 2
1451 2
1452 5
1453 2
1454 5
1455 5
1456 2
1457 2
1458 0
1459 2
1460 2
1461 5
1462 2
1463 5
1464 0
1465 5
1466 0
1467 0
1468 2
1469 2
1470 5
1471 5
1472 5
1473 2
1474 2
1475 2
1476 5
1477 5
1478 5
1479 2
1480 2
1481 5
1482 5
1483 5
1484 2
1485 5
1486 2
1487 2
1488 0
1489 5
1490 5
1491 0
1492 5
1493 5
1494 5
1495 0
1496 2
1497 2
1498 5
1499 2
1500 5
1501 5
1502 2
1503 2
1504 5
1505 2
1506 5
1507 5
1508 5
1509 0
1510 5
1511 5
1512 2
1513 2
1514 0
1515 5
1516 5
1517 2
1518 0
1519 2
1520 2
1521 2
1522 5
1523 2
1524 5
1525 5
1526 2
1527 0
1528 0
1529 2
1530 5
1531 5
1532 2
1533 5
1534 2
1535 5
1536 5
1537 2
1538 2
1539 2
1540 5
1541 2
1542 0
1543 2
1544 5
1545 5
1546 2
1547 2
1548 5
1549 5
1550 2
1551 5
1552 0
1553 0
1554 2
1555 0
1556 5
1557 5
1558 5
1559 0
1560 2
1561 2
1562 5
1563 5
1564 5
1565 5
1566 0
1567 5
1568 2
1569 5
1570 5
1571 5
1572 2
1573 2
1574 5
1575 5
1576 5
1577 2
1578 5
1579 2
1580 5
1581 5
1582 2
1583 5
1584 2
1585 2
1586 5
1587 2
1588 5
1589 5
1590 2
1591 5
1592 5
1593 5
1594 5
1595 0
1596 2
1597 2
1598 19
1599 5
1600 2
1601 5
1602 5
1603 0
1604 5
1605 5
1606 2
1607 5
1608 5
1609 5
1610 5
1611 0
1612 5
1613 5
1614 2
1615 5
1616 5
1617 0
1618 0
1619 2
1620 2
1621 0
1622 2
1623 5
1624 5
1625 5
1626 0
1627 0
1628 5
1629 5
1630 2
1631 5
1632 0
1633 5
1634 2
1635 5
1636 2
1637 2
1638 2
1639 5
1640 0
1641 5
1642 5
1643 0
1644 2
1645 2
1646 0
1647 0
1648 5
1649 5
1650 5
1651 2
1652 5
1653 11
1654 5
1655 2
1656 5
1657 2
1658 2
1659 5
1660 2
1661 2
1662 5
1663 5
1664 2
1665 5
1666 5
1667 5
1668 0
1669 5
1670 5
1671 5
1672 5
1673 2
1674 5
1675 2
1676 5
1677 5
1678 5
1679 5
1680 5
1681 2
1682 5
1683 5
1684 5
1685 0
1686 5
1687 2
1688 5
1689 5
1690 5
1691 2
1692 5
1693 5
1694 2
1695 5
1696 2
1697 0
1698 2
1699 5
1700 0
1701 2
1702 5
1703 5
1704 0
1705 5
1706 2
1707 5
1708 2
1709 5
1710 2
1711 0
1712 5
1713 5
1714 0
1715 5
1716 0
1717 5
1718 2
1719 2
1720 2
1721 5
1722 5
1723 0
1724 5
1725 2
1726 2
1727 0
1728 5
1729 5
1730 2
1731 5
1732 5
1733 5
1734 5
1735 2
1736 2
1737 5
1738 5
1739 2
1740 2
1741 2
1742 5
1743 2
1744 5
1745 0
1746 2
1747 0
1748 2
1749 5
1750 2
1751 5
1752 5
1753 0
1754 2
1755 2
1756 5
1757 2
1758 2
1759 2
1760 5
1761 5
1762 5
1763 5
1764 5
1765 2
1766 5
1767 2
1768 2
1769 5
1770 5
1771 5
1772 0
1773 5
1774 5
1775 5
1776 2
1777 2
1778 2
1779 5
1780 2
1781 2
1782 5
1783 2
1784 5
1785 5
1786 5
1787 2
1788 5
1789 2
1790 5
1791 5
1792 5
1793 2
1794 2
1795 0
1796 5
1797 5
1798 5
1799 5
1800 2
1801 5
1802 5
1803 2
1804 5
1805 2
1806 2
1807 2
1808 5
1809 2
1810 2
1811 2
1812 5
1813 2
1814 2
1815 2
1816 2
1817 0
1818 5
1819 0
1820 5
1821 5
1822 0
1823 0
1824 0
1825 2
1826 2
1827 2
1828 5
1829 5
1830 2
1831 2
1832 2
1833 2
1834 5
1835 2
1836 5
1837 2
1838 5
1839 5
1840 5
1841 5
1842 5
1843 0
1844 2
1845 2
1846 2
1847 5
1848 5
1849 2
1850 5
1851 2
1852 2
1853 5
1854 0
1855 2
1856 2
1857 5
1858 2
1859 2
1860 5
1861 0
1862 0
1863 2
1864 2
1865 2
1866 5
1867 5
1868 5
1869 5
1870 5
1871 2
1872 5
1873 5
1874 2
1875 2
1876 2
1877 2
1878 5
1879 2
1880 5
1881 5
1882 5
1883 5
1884 2
1885 5
1886 5
1887 5
1888 5
1889 5
1890 5
1891 5
1892 2
1893 2
1894 2
1895 2
1896 2
1897 2
1898 5
1899 5
1900 2
1901 5
1902 2
1903 2
1904 2
1905 2
1906 2
1907 5
1908 5
1909 2
1910 2
1911 5
1912 2
1913 5
1914 2
1915 0
1916 2
1917 2
1918 2
1919 5
1920 5
1921 5
1922 2
1923 5
1924 0
1925 0
1926 5
1927 5
1928 2
1929 5
1930 2
1931 5
1932 0
1933 2
1934 0
1935 2
1936 2
1937 2
1938 0
1939 0
1940 0
1941 5
1942 5
1943 2
1944 5
1945 2
1946 0
1947 0
1948 2
1949 2
1950 2
1951 0
1952 0
1953 5
1954 5
1955 0
1956 5
1957 5
1958 2
1959 5
1960 5
1961 5
1962 2
1963 5
1964 2
1965 5
1966 5
1967 5
1968 2
1969 5
1970 0
1971 0
1972 5
1973 0
1974 0
1975 5
1976 2
1977 0
1978 0
1979 0
1980 0
1981 0
1982 0
1983 5
1984 0
1985 0
1986 2
1987 0
1988 0
1989 0
1990 0
1991 0
1992 0
1993 0
1994 0
1995 0
1996 0
1997 5
1998 0
1999 0
2000 0
2001 0
2002 0
2003 0
2004 0
2005 0
2006 0
2007 0
2008 0
2009 0
2010 0
2011 0
2012 0
2013 5
2014 0
2015 5
2016 0
2017 0
2018 0
2019 0
2020 5
2021 0
2022 0
2023 0
2024 0
2025 0
2026 2
2027 0
2028 0
2029 2
2030 2
2031 0
2032 2
2033 0
2034 5
2035 5
2036 0
2037 0
2038 5
2039 5
2040 0
2041 2
2042 0
2043 0
2044 2
2045 2
2046 5
2047 0
2048 0
2049 0
2050 0
2051 5
2052 0
2053 0
2054 0
2055 5
2056 0
2057 5
2058 0
2059 5
2060 2
2061 0
2062 0
2063 0
2064 0
2065 0
2066 0
2067 0
2068 0
2069 0
2070 0
2071 0
2072 2
2073 0
2074 2
2075 5
2076 0
2077 0
2078 2
2079 0
2080 5
2081 5
2082 2
2083 5
2084 5
2085 5
2086 0
2087 2
2088 5
2089 5
2090 2
2091 0
2092 2
2093 5
2094 2
2095 5
2096 5
2097 5
2098 2
2099 2
2100 5
2101 5
2102 5
2103 5
2104 5
2105 5
2106 2
2107 5
2108 5
2109 5
2110 2
2111 5
2112 5
2113 5
2114 5
2115 2
2116 5
2117 5
2118 5
2119 5
2120 5
2121 5
2122 5
2123 5
2124 5
2125 5
2126 5
2127 5
2128 5
2129 5
2130 2
2131 5
2132 5
2133 5
2134 0
2135 5
2136 5
2137 2
2138 5
2139 5
2140 5
2141 5
2142 5
2143 5
2144 5
2145 5
2146 5
2147 5
2148 5
2149 2
2150 5
2151 5
2152 0
2153 5
2154 0
2155 5
2156 5
2157 5
2158 5
2159 5
2160 5
2161 5
2162 2
2163 5
2164 5
2165 5
2166 0
2167 5
2168 5
2169 2
2170 2
2171 2
2172 5
2173 5
2174 5
2175 2
2176 5
2177 2
2178 5
2179 2
2180 2
2181 5
2182 5
2183 5
2184 5
2185 5
2186 5
2187 2
2188 2
2189 5
2190 0
2191 2
2192 5
2193 5
2194 0
2195 5
2196 5
2197 5
2198 5
2199 5
2200 0
2201 5
2202 5
2203 5
2204 5
2205 2
2206 5
2207 5
2208 5
2209 0
2210 5
2211 5
2212 2
2213 5
2214 5
2215 5
2216 5
2217 5
2218 1
2219 0
2220 0
2221 1
2222 5
2223 0
2224 5
2225 0
2226 0
2227 0
2228 5
2229 0
2230 5
2231 2
2232 0
2233 5
2234 5
2235 5
2236 0
2237 5
2238 0
2239 2
2240 5
2241 2
2242 0
2243 5
2244 5
2245 0
2246 2
2247 5
2248 5
2249 0
2250 5
2251 5
2252 0
2253 0
2254 5
2255 5
2256 5
2257 2
2258 2
2259 0
2260 5
2261 0
2262 2
2263 0
2264 0
2265 0
2266 2
2267 5
2268 2
2269 2
2270 0
2271 5
2272 0
2273 5
2274 5
2275 0
2276 0
2277 2
2278 0
2279 0
2280 2
2281 5
2282 5
2283 5
2284 0
2285 5
2286 5
2287 5
2288 2
2289 5
2290 0
2291 0
2292 0
2293 5
2294 2
2295 0
2296 5
2297 5
2298 2
2299 2
2300 2
2301 5
2302 5
2303 5
2304 5
2305 5
2306 5
2307 5
2308 5
2309 2
2310 2
2311 5
2312 5
2313 5
2314 2
2315 5
2316 0
2317 5
2318 2
2319 0
2320 0
2321 2
2322 0
2323 5
2324 2
2325 2
2326 5
2327 5
2328 0
2329 0
2330 0
2331 2
2332 5
2333 5
2334 2
2335 5
2336 5
2337 5
2338 2
2339 2
2340 5
2341 5
2342 5
2343 2
2344 5
2345 5
2346 2
2347 0
2348 0
2349 5
2350 5
2351 0
2352 5
2353 1
2354 2
2355 5
2356 5
2357 5
2358 5
2359 2
2360 5
2361 0
2362 5
2363 5
2364 5
2365 0
2366 0
2367 5
2368 5
2369 2
2370 2
2371 5
2372 0
2373 5
2374 5
2375 2
2376 0
2377 5
2378 0
2379 5
2380 5
2381 5
2382 5
2383 5
2384 2
2385 0
2386 0
2387 5
2388 5
2389 5
2390 5
2391 5
2392 5
2393 5
2394 5
2395 5
2396 5
2397 5
2398 5
2399 5
2400 5
2401 5
2402 5
2403 5
2404 5
2405 5
2406 5
2407 5
2408 5
2409 5
2410 5
2411 5
2412 0
2413 2
2414 5
2415 5
2416 5
2417 5
2418 5
2419 5
2420 5
2421 5
2422 5
2423 5
2424 5
2425 5
2426 5
2427 0
2428 5
2429 5
2430 5
2431 0
2432 5
2433 2
2434 2
2435 5
2436 5
2437 2
2438 5
2439 5
2440 5
2441 5
2442 5
2443 0
2444 5
2445 5
2446 5
2447 5
2448 5
2449 0
2450 5
2451 0
2452 5
2453 5
2454 5
2455 5
2456 0
2457 0
2458 5
2459 0
2460 0
2461 5
2462 5
2463 5
2464 0
2465 0
2466 2
2467 5
2468 5
2469 5
2470 5
2471 0
2472 5
2473 0
2474 0
2475 2
2476 2
2477 5
2478 5
2479 5
2480 5
2481 5
2482 5
2483 5
2484 5
2485 5
2486 5
2487 5
2488 5
2489 5
2490 5
2491 5
2492 5
2493 5
2494 5
2495 5
2496 5
2497 0
2498 0
2499 5
2500 5
2501 2
2502 5
2503 0
2504 5
2505 5
2506 5
2507 2
2508 5
2509 5
2510 5
2511 5
2512 5
2513 5
2514 0
2515 5
2516 2
2517 5
2518 5
2519 2
2520 5
2521 5
2522 2
2523 5
2524 5
2525 5
2526 5
2527 5
2528 5
2529 5
2530 5
2531 5
2532 5
2533 0
2534 5
2535 5
2536 5
2537 5
2538 5
2539 5
2540 5
2541 5
2542 5
2543 5
2544 5
2545 5
2546 5
2547 5
2548 5
2549 5
2550 5
2551 5
2552 5
2553 5
2554 5
2555 5
2556 5
2557 5
2558 2
2559 2
2560 0
2561 5
2562 5
2563 5
2564 5
2565 5
2566 5
2567 5
2568 5
2569 0
2570 5
2571 5
2572 5
2573 5
2574 5
2575 5
2576 5
2577 0
2578 5
2579 2
2580 5
2581 0
2582 5
2583 2
2584 5
2585 0
2586 5
2587 5
2588 5
2589 5
2590 5
2591 5
2592 0
2593 0
2594 5
2595 5
2596 5
2597 0
2598 0
2599 0
2600 0
2601 0
2602 0
2603 0
2604 5
2605 0
2606 0
2607 0
2608 0
2609 5
2610 0
2611 0
2612 0
2613 0
2614 0
2615 0
2616 2
2617 0
2618 5
2619 0
2620 0
2621 0
2622 0
2623 2
2624 0
2625 5
2626 0
2627 0
2628 0
2629 5
2630 0
2631 0
2632 2
2633 5
2634 5
2635 5
2636 0
2637 0
2638 2
2639 0
2640 0
2641 5
2642 0
2643 0
2644 0
2645 0
2646 0
2647 0
2648 0
2649 0
2650 0
2651 2
2652 0
2653 0
2654 5
2655 0
2656 0
2657 0
2658 0
2659 0
2660 0
2661 0
2662 0
2663 5
2664 5
2665 5
2666 0
2667 0
2668 0
2669 0
2670 5
2671 5
2672 0
2673 0
2674 0
2675 5
2676 0
2677 0
2678 5
2679 0
2680 0
2681 2
2682 0
2683 0
2684 0
2685 0
2686 0
2687 0
2688 0
2689 0
2690 5
2691 5
2692 0
2693 0
2694 0
2695 2
2696 0
2697 0
2698 0
2699 0
2700 0
2701 5
2702 0
2703 5
2704 5
2705 2
2706 0
2707 0
2708 0
2709 0
2710 0
2711 0
2712 0
2713 5
2714 0
2715 0
2716 0
2717 5
2718 0
2719 5
2720 0
2721 0
2722 0
2723 2
2724 0
2725 0
2726 0
2727 0
2728 0
2729 5
2730 0
2731 2
2732 0
2733 2
2734 5
2735 0
2736 0
2737 5
2738 5
2739 0
2740 2
2741 5
2742 0
2743 5
2744 5
2745 2
2746 2
2747 2
2748 2
2749 0
2750 5
2751 0
2752 5
2753 5
2754 5
2755 0
2756 5
2757 5
2758 0
2759 2
2760 2
2761 0
2762 0
2763 0
2764 5
2765 2
2766 2
2767 0
2768 0
2769 5
2770 2
2771 5
2772 2
2773 2
2774 5
2775 0
2776 0
2777 2
2778 5
2779 5
2780 5
2781 5
2782 0
2783 0
2784 5
2785 2
2786 5
2787 0
2788 5
2789 2
2790 0
2791 2
2792 0
2793 0
2794 2
2795 2
2796 5
2797 5
2798 5
2799 2
2800 2
2801 0
2802 2
2803 0
2804 2
2805 0
2806 0
2807 2
2808 5
2809 0
2810 5
2811 0
2812 2
2813 0
2814 0
2815 2
2816 0
2817 2
2818 5
2819 0
2820 5
2821 2
2822 5
2823 0
2824 5
2825 2
2826 5
2827 0
2828 5
2829 0
2830 5
2831 5
2832 0
2833 0
2834 0
2835 0
2836 5
2837 0
2838 0
2839 2
2840 5
2841 0
2842 0
2843 5
2844 0
2845 0
2846 0
2847 5
2848 2
2849 5
2850 2
2851 0
2852 5
2853 5
2854 2
2855 5
2856 0
2857 0
2858 2
2859 0
2860 5
2861 2
2862 2
2863 2
2864 5
2865 0
2866 5
2867 5
2868 5
2869 2
2870 2
2871 5
2872 0
2873 0
2874 0
2875 0
2876 2
2877 2
2878 2
2879 5
2880 5
2881 0
2882 0
2883 5
2884 2
2885 2
2886 5
2887 2
2888 5
2889 5
2890 0
2891 5
2892 5
2893 0
2894 0
2895 0
2896 0
2897 5
2898 2
2899 5
2900 0
2901 5
2902 2
2903 5
2904 5
2905 0
2906 5
2907 0
2908 0
2909 0
2910 2
2911 5
2912 5
2913 5
2914 5
2915 5
2916 0
2917 2
2918 0
2919 2
2920 0
2921 0
2922 0
2923 5
2924 2
2925 5
2926 5
2927 5
2928 2
2929 0
2930 2
2931 5
2932 2
2933 0
2934 5
2935 5
2936 0
2937 5
2938 2
2939 0
2940 5
2941 0
2942 5
2943 5
2944 5
2945 2
2946 0
2947 0
2948 2
2949 2
2950 5
2951 2
2952 2
2953 2
2954 2
2955 5
2956 5
2957 5
2958 2
2959 0
2960 0
2961 0
2962 5
2963 5
2964 5
2965 5
2966 5
2967 0
2968 2
2969 0
2970 0
2971 6
2972 2
2973 0
2974 5
2975 0
2976 5
2977 5
2978 0
2979 5
2980 2
2981 2
2982 5
2983 5
2984 0
2985 0
2986 2
2987 5
2988 0
2989 2
2990 2
2991 5
2992 5
2993 5
2994 0
2995 0
2996 0
2997 2
2998 5
2999 0
3000 5
3001 2
3002 0
3003 0
3004 5
3005 0
3006 2
3007 5
3008 2
3009 0
3010 0
3011 2
3012 0
3013 2
3014 5
3015 0
3016 5
3017 5
3018 5
3019 0
3020 0
3021 0
3022 5
3023 2
3024 0
3025 2
3026 2
3027 2
3028 0
3029 2
3030 0
3031 5
3032 5
3033 5
3034 0
3035 0
3036 0
3037 0
3038 5
3039 5
3040 0
3041 0
3042 2
3043 0
3044 2
3045 0
3046 0
3047 2
3048 0
3049 5
3050 5
3051 5
3052 0
3053 2
3054 0
3055 0
3056 2
3057 2
3058 2
3059 0
3060 5
3061 2
3062 0
3063 2
3064 2
3065 2
3066 5
3067 5
3068 2
3069 5
3070 0
3071 0
3072 0
3073 5
3074 5
3075 0
3076 2
3077 0
3078 0
3079 5
3080 0
3081 5
3082 0
3083 5
3084 5
3085 5
3086 0
3087 5
3088 2
3089 0
3090 5
3091 2
3092 0
3093 2
3094 0
3095 2
3096 5
3097 0
3098 5
3099 0
3100 2
3101 0
3102 5
3103 5
3104 0
3105 2
3106 5
3107 5
3108 0
3109 0
3110 5
3111 2
3112 5
3113 5
3114 5
3115 0
3116 5
3117 0
3118 0
3119 5
3120 5
3121 2
3122 0
3123 0
3124 5
3125 5
3126 2
3127 5
3128 5
3129 2
3130 0
3131 5
3132 5
3133 0
3134 2
3135 2
3136 2
3137 5
3138 5
3139 5
3140 5
3141 0
3142 5
3143 5
3144 5
3145 2
3146 5
3147 0
3148 5
3149 0
3150 5
3151 0
3152 2
3153 2
3154 2
3155 0
3156 5
3157 2
3158 0
3159 2
3160 5
3161 5
3162 5
3163 5
3164 0
3165 5
3166 5
3167 5
3168 5
3169 0
3170 5
3171 0
3172 1
3173 0
3174 0
3175 0
3176 5
3177 5
3178 0
3179 1
3180 5
3181 5
3182 0
3183 5
3184 5
3185 5
3186 0
3187 2
3188 5
3189 5
3190 2
3191 0
3192 0
3193 0
3194 5
3195 5
3196 5
3197 0
3198 0
3199 5
3200 5
3201 5
3202 5
3203 5
3204 5
3205 5
3206 0
3207 5
3208 5
3209 5
3210 5
3211 0
3212 5
3213 2
3214 5
3215 2
3216 5
3217 0
3218 0
3219 5
3220 2
3221 0
3222 5
3223 5
3224 0
3225 5
3226 0
3227 5
3228 5
3229 0
3230 5
3231 5
3232 5
3233 2
3234 0
3235 0
3236 2
3237 5
3238 0
3239 2
3240 5
3241 5
3242 5
3243 5
3244 2
3245 5
3246 2
3247 5
3248 5
3249 2
3250 5
3251 2
3252 5
3253 2
3254 2
3255 2
3256 0
3257 5
3258 2
3259 2
3260 5
3261 2
3262 5
3263 2
3264 0
3265 2
3266 0
3267 2
3268 2
3269 0
3270 2
3271 2
3272 0
3273 0
3274 5
3275 0
3276 0
3277 0
3278 0
3279 0
3280 0
3281 5
3282 5
3283 5
3284 0
3285 5
3286 5
3287 2
3288 0
3289 5
3290 5
3291 5
3292 0
3293 0
3294 2
3295 0
3296 5
3297 2
3298 0
3299 0
3300 0
3301 0
3302 0
3303 0
3304 5
3305 0
3306 0
3307 5
3308 5
3309 5
3310 5
3311 5
3312 2
3313 5
3314 5
3315 5
3316 0
3317 5
3318 5
3319 0
3320 2
3321 5
3322 5
3323 5
3324 2
3325 2
3326 5
3327 2
3328 5
3329 5
3330 2
3331 5
3332 5
3333 0
3334 0
3335 5
3336 5
3337 5
3338 5
3339 0
3340 2
3341 0
3342 5
3343 2
3344 5
3345 5
3346 5
3347 5
3348 5
3349 5
3350 5
3351 5
3352 5
3353 5
3354 5
3355 5
3356 5
3357 5
3358 5
3359 5
3360 5
3361 5
3362 5
3363 0
3364 0
3365 0
3366 5
3367 0
3368 0
3369 5
3370 0
3371 2
3372 5
3373 5
3374 0
3375 2
3376 2
3377 5
3378 2
3379 5
3380 5
3381 0
3382 5
3383 0
3384 0
3385 0
3386 2
3387 0
3388 0
3389 0
3390 5
3391 5
3392 0
3393 0
3394 0
3395 2
3396 0
3397 0
3398 5
3399 0
3400 0
3401 0
3402 5
3403 0
3404 0
3405 0
3406 0
3407 0
3408 2
3409 5
3410 0
3411 5
3412 0
3413 2
3414 5
3415 5
3416 2
3417 0
3418 5
3419 5
3420 5
3421 0
3422 5
3423 0
3424 0
3425 2
3426 5
3427 2
3428 2
3429 0
3430 0
3431 5
3432 5
3433 0
3434 0
3435 0
3436 5
3437 5
3438 5
3439 5
3440 5
3441 2
3442 0
3443 2
3444 2
3445 2
3446 5
3447 5
3448 0
3449 0
3450 5
3451 5
3452 0
3453 0
3454 5
3455 5
3456 5
3457 5
3458 5
3459 0
3460 5
3461 5
3462 0
3463 5
3464 0
3465 0
3466 0
3467 5
3468 0
3469 0
3470 0
3471 5
3472 2
3473 5
3474 5
3475 5
3476 5
3477 2
3478 5
3479 5
3480 5
3481 0
3482 5
3483 5
3484 5
3485 2
3486 2
3487 2
3488 0
3489 2
3490 0
3491 2
3492 5
3493 0
3494 5
3495 5
3496 2
3497 0
3498 5
3499 0
3500 2
3501 5
3502 2
3503 2
3504 5
3505 5
3506 5
3507 0
3508 5
3509 0
3510 5
3511 5
3512 0
3513 5
3514 2
3515 5
3516 5
3517 5
3518 0
3519 5
3520 5
3521 0
3522 0
3523 2
3524 0
3525 5
3526 0
3527 5
3528 0
3529 0
3530 0
3531 2
3532 2
3533 0
3534 5
3535 0
3536 2
3537 2
3538 5
3539 0
3540 0
3541 5
3542 0
3543 5
3544 0
3545 0
3546 2
3547 0
3548 0
3549 0
3550 5
3551 0
3552 0
3553 5
3554 0
3555 2
3556 5
3557 5
3558 0
3559 5
3560 5
3561 2
3562 0
3563 2
3564 5
3565 5
3566 2
3567 5
3568 0
3569 2
3570 5
3571 0
3572 0
3573 0
3574 5
3575 5
3576 0
3577 2
3578 5
3579 0
3580 5
3581 5
3582 5
3583 2
3584 2
3585 5
3586 0
3587 0
3588 0
3589 5
3590 2
3591 0
3592 0
3593 0
3594 2
3595 0
3596 0
3597 5
3598 5
3599 0
3600 0
3601 5
3602 5
3603 5
3604 5
3605 5
3606 5
3607 0
3608 5
3609 5
3610 5
3611 5
3612 5
3613 5
3614 0
3615 5
3616 0
3617 5
3618 0
3619 5
3620 0
3621 5
3622 0
3623 5
3624 5
3625 5
3626 5
3627 2
3628 0
3629 0
3630 5
3631 5
3632 0
3633 5
3634 5
3635 5
3636 2
3637 5
3638 5
3639 2
3640 5
3641 5
3642 0
3643 0
3644 2
3645 0
3646 0
3647 2
3648 0
3649 5
3650 5
3651 5
3652 0
3653 2
3654 0
3655 2
3656 2
3657 2
3658 0
3659 5
3660 5
3661 2
3662 0
3663 5
3664 5
3665 0
3666 19
3667 5
3668 0
3669 0
3670 2
3671 0
3672 0
3673 2
3674 5
3675 0
3676 5
3677 5
3678 5
3679 0
3680 5
3681 2
3682 0
3683 2
3684 0
3685 5
3686 5
3687 5
3688 0
3689 2
3690 2
3691 0
3692 2
3693 5
3694 0
3695 5
3696 0
3697 0
3698 5
3699 0
3700 0
3701 0
3702 0
3703 0
3704 2
3705 5
3706 0
3707 0
3708 5
3709 5
3710 5
3711 5
3712 5
3713 0
3714 2
3715 0
3716 5
3717 5
3718 2
3719 2
3720 5
3721 2
3722 5
3723 2
3724 0
3725 5
3726 5
3727 0
3728 0
3729 5
3730 5
3731 2
3732 0
3733 0
3734 2
3735 0
3736 5
3737 0
3738 0
3739 5
3740 0
3741 2
3742 5
3743 5
3744 5
3745 2
3746 5
3747 5
3748 5
3749 0
3750 0
3751 2
3752 5
3753 5
3754 2
3755 0
3756 5
3757 5
3758 0
3759 5
3760 5
3761 5
3762 2
3763 5
3764 5
3765 2
3766 0
3767 2
3768 0
3769 0
3770 0
3771 0
3772 5
3773 5
3774 0
3775 5
3776 0
3777 2
3778 0
3779 2
3780 5
3781 2
3782 2
3783 2
3784 0
3785 5
3786 2
3787 0
3788 0
3789 0
3790 0
3791 0
3792 5
3793 2
3794 5
3795 0
3796 2
3797 5
3798 2
3799 5
3800 0
3801 2
3802 2
3803 0
3804 5
3805 0
3806 0
3807 0
3808 0
3809 0
3810 5
3811 0
3812 2
3813 5
3814 0
3815 2
3816 5
3817 0
3818 0
3819 0
3820 0
3821 0
3822 0
3823 5
3824 5
3825 0
3826 0
3827 0
3828 5
3829 2
3830 0
3831 5
3832 5
3833 2
3834 5
3835 5
3836 5
3837 0
3838 5
3839 5
3840 0
3841 0
3842 2
3843 5
3844 5
3845 0
3846 5
3847 2
3848 2
3849 0
3850 0
3851 5
3852 5
3853 0
3854 5
3855 0
3856 5
3857 5
3858 5
3859 0
3860 5
3861 5
3862 2
3863 0
3864 5
3865 0
3866 5
3867 0
3868 2
3869 0
3870 0
3871 5
3872 5
3873 5
3874 5
3875 5
3876 2
3877 0
3878 5
3879 5
3880 2
3881 2
3882 2
3883 0
3884 0
3885 5
3886 0
3887 2
3888 2
3889 0
3890 5
3891 5
3892 0
3893 2
3894 0
3895 2
3896 5
3897 2
3898 5
3899 0
3900 5
3901 2
3902 0
3903 0
3904 5
3905 0
3906 5
3907 0
3908 0
3909 2
3910 0
3911 2
3912 2
3913 0
3914 5
3915 0
3916 2
3917 5
3918 5
3919 0
3920 5
3921 2
3922 2
3923 2
3924 5
3925 2
3926 0
3927 5
3928 5
3929 0
3930 5
3931 0
3932 0
3933 5
3934 2
3935 5
3936 0
3937 5
3938 2
3939 0
3940 5
3941 0
3942 5
3943 0
3944 5
3945 2
3946 5
3947 0
3948 0
3949 0
3950 0
3951 5
3952 2
3953 0
3954 5
3955 5
3956 2
3957 2
3958 0
3959 5
3960 5
3961 5
3962 2
3963 0
3964 5
3965 5
3966 5
3967 0
3968 2
3969 2
3970 0
3971 0
3972 5
3973 0
3974 5
3975 2
3976 0
3977 5
3978 0
3979 2
3980 2
3981 5
3982 2
3983 5
3984 0
3985 0
3986 2
3987 0
3988 5
3989 0
3990 5
3991 0
3992 2
3993 0
3994 0
3995 2
3996 5
3997 2
3998 5
3999 5
4000 2
4001 2
4002 0
4003 5
4004 5
4005 2
4006 5
4007 0
4008 5
4009 0
4010 0
4011 5
4012 0
4013 0
4014 5
4015 5
4016 5
4017 0
4018 2
4019 5
4020 2
4021 5
4022 0
4023 5
4024 5
4025 5
4026 2
4027 0
4028 5
4029 5
4030 2
4031 0
4032 0
4033 2
4034 0
4035 5
4036 0
4037 5
4038 0
4039 0
4040 5
4041 5
4042 0
4043 2
4044 0
4045 5
4046 5
4047 0
4048 0
4049 5
4050 5
4051 0
4052 5
4053 5
4054 0
4055 5
4056 5
4057 5
4058 5
4059 5
4060 0
4061 0
4062 5
4063 5
4064 5
4065 5
4066 5
4067 2
4068 0
4069 5
4070 0
4071 5
4072 2
4073 2
4074 0
4075 5
4076 5
4077 0
4078 0
4079 2
4080 0
4081 0
4082 0
4083 2
4084 5
4085 0
4086 2
4087 5
4088 2
4089 1
4090 2
4091 0
4092 0
4093 2
4094 5
4095 0
4096 0
4097 5
4098 5
4099 0
4100 5
4101 5
4102 5
4103 5
4104 5
4105 0
4106 5
4107 5
4108 0
4109 5
4110 5
4111 5
4112 5
4113 5
4114 0
4115 5
4116 0
4117 0
4118 5
4119 5
4120 0
4121 5
4122 0
4123 5
4124 2
4125 2
4126 2
4127 2
4128 5
4129 0
4130 5
4131 0
4132 5
4133 5
4134 5
4135 0
4136 0
4137 2
4138 0
4139 0
4140 0
4141 0
4142 0
4143 0
4144 5
4145 0
4146 1
4147 0
4148 0
4149 0
4150 0
4151 2
4152 5
4153 5
4154 8
4155 5
4156 0
4157 5
4158 2
4159 5
4160 0
4161 2
4162 0
4163 0
4164 2
4165 5
4166 5
4167 5
4168 5
4169 5
4170 5
4171 5
4172 2
4173 2
4174 0
4175 5
4176 2
4177 2
4178 2
4179 5
4180 0
4181 2
4182 2
4183 5
4184 5
4185 0
4186 0
4187 0
4188 0
4189 0
4190 2
4191 2
4192 0
4193 0
4194 2
4195 5
4196 5
4197 0
4198 2
4199 0
4200 0
4201 0
4202 5
4203 2
4204 2
4205 0
4206 5
4207 0
4208 0
4209 5
4210 5
4211 5
4212 5
4213 5
4214 5
4215 5
4216 0
4217 0
4218 0
4219 0
4220 5
4221 5
4222 5
4223 5
4224 5
4225 5
4226 5
4227 5
4228 5
4229 5
4230 5
4231 5
4232 5
4233 0
4234 0
4235 2
4236 0
4237 0
4238 0
4239 5
4240 2
4241 5
4242 2
4243 0
4244 0
4245 5
4246 0
4247 0
4248 0
4249 0
4250 6
4251 6
4252 0
4253 0
4254 0
4255 5
4256 0
4257 5
4258 0
4259 5
4260 5
4261 5
4262 0
4263 5
4264 2
4265 2
4266 5
4267 0
4268 0
4269 5
4270 0
4271 5
4272 5
4273 2
4274 0
4275 5
4276 2
4277 2
4278 5
4279 5
4280 5
4281 0
4282 0
4283 0
4284 2
4285 2
4286 5
4287 2
4288 2
4289 2
4290 5
4291 0
4292 2
4293 5
4294 2
4295 5
4296 0
4297 5
4298 5
4299 0
4300 5
4301 0
4302 5
4303 5
4304 0
4305 5
4306 5
4307 0
4308 5
4309 5
4310 5
4311 2
4312 5
4313 5
4314 5
4315 0
4316 2
4317 2
4318 0
4319 0
4320 5
4321 1
4322 0
4323 5
4324 5
4325 5
4326 0
4327 0
4328 2
4329 0
4330 0
4331 0
4332 0
4333 5
4334 2
4335 5
4336 0
4337 0
4338 0
4339 5
4340 0
4341 0
4342 0
4343 0
4344 0
4345 5
4346 2
4347 19
4348 5
4349 0
4350 2
4351 0
4352 5
4353 5
4354 0
4355 5
4356 5
4357 5
4358 0
4359 2
4360 5
4361 5
4362 0
4363 0
4364 2
4365 0
4366 5
4367 5
4368 0
4369 5
4370 0
4371 6
4372 0
4373 0
4374 2
4375 2
4376 0
4377 0
4378 5
4379 5
4380 5
4381 0
4382 0
4383 0
4384 0
4385 0
4386 0
4387 2
4388 2
4389 0
4390 0
4391 0
4392 0
4393 0
4394 2
4395 0
4396 0
4397 2
4398 2
4399 5
4400 0
4401 5
4402 2
4403 0
4404 2
4405 0
4406 0
4407 0
4408 0
4409 0
4410 0
4411 0
4412 0
4413 0
4414 2
4415 0
4416 0
4417 0
4418 0
4419 0
4420 0
4421 0
4422 0
4423 0
4424 5
4425 0
4426 0
4427 5
4428 2
4429 0
4430 0
4431 0
4432 0
4433 2
4434 0
4435 0
4436 0
4437 2
4438 0
4439 0
4440 0
4441 0
4442 2
4443 5
4444 0
4445 0
4446 0
4447 0
4448 0
4449 0
4450 2
4451 5
4452 0
4453 0
4454 0
4455 0
4456 0
4457 0
4458 0
4459 2
4460 1
4461 0
4462 2
4463 0
4464 0
4465 0
4466 0
4467 0
4468 0
4469 0
4470 0
4471 0
4472 0
4473 0
4474 0
4475 2
4476 0
4477 0
4478 2
4479 0
4480 0
4481 5
4482 0
4483 2
4484 0
4485 0
4486 5
4487 5
4488 0
4489 2
4490 0
4491 2
4492 0
4493 2
4494 0
4495 0
4496 2
4497 5
4498 2
4499 0
4500 5
4501 2
4502 0
4503 2
4504 2
4505 0
4506 0
4507 0
4508 0
4509 0
4510 0
4511 5
4512 0
4513 2
4514 0
4515 2
4516 0
4517 0
4518 0
4519 0
4520 0
4521 5
4522 5
4523 2
4524 0
4525 0
4526 5
4527 0
4528 0
4529 5
4530 2
4531 0
4532 0
4533 5
4534 0
4535 2
4536 5
4537 0
4538 2
4539 5
4540 2
4541 2
4542 5
4543 5
4544 2
4545 5
4546 5
4547 5
4548 5
4549 5
4550 5
4551 5
4552 5
4553 5
4554 5
4555 5
4556 5
4557 5
4558 5
4559 5
4560 5
4561 5
4562 5
4563 0
4564 0
4565 0
4566 2
4567 5
4568 5
4569 0
4570 2
4571 0
4572 5
4573 5
4574 5
4575 5
4576 5
4577 0
4578 5
4579 0
4580 5
4581 4
4582 0
4583 1
4584 1
4585 1
4586 0
4587 2
4588 5
4589 1
4590 5
4591 1
4592 5
4593 0
4594 5
4595 5
4596 0
4597 1
4598 1
4599 5
4600 5
4601 1
4602 5
4603 5
4604 5
4605 5
4606 0
4607 0
4608 0
4609 5
4610 0
4611 5
4612 2
4613 0
4614 5
4615 5
4616 5
4617 5
4618 0
4619 0
4620 5
4621 5
4622 0
4623 5
4624 0
4625 5
4626 5
4627 5
4628 5
4629 5
4630 5
4631 5
4632 5
4633 0
4634 5
4635 5
4636 5
4637 5
4638 0
4639 0
4640 0
4641 0
4642 0
4643 0
4644 0
4645 2
4646 0
4647 5
4648 5
4649 5
4650 5
4651 5
4652 5
4653 2
4654 5
4655 0
4656 0
4657 5
4658 5
4659 5
4660 5
4661 0
4662 0
4663 5
4664 5
4665 5
4666 5
4667 5
4668 5
4669 5
4670 2
4671 5
4672 0
4673 5
4674 0
4675 5
4676 5
4677 5
4678 0
4679 5
4680 5
4681 0
4682 5
4683 2
4684 0
4685 0
4686 5
4687 0
4688 5
4689 5
4690 5
4691 5
4692 5
4693 5
4694 5
4695 5
4696 5
4697 5
4698 5
4699 2
4700 0
4701 5
4702 2
4703 0
4704 0
4705 5
4706 0
4707 5
4708 5
4709 0
4710 5
4711 2
4712 5
4713 0
4714 5
4715 2
4716 0
4717 0
4718 5
4719 0
4720 0
4721 5
4722 5
4723 5
4724 5
4725 5
4726 0
4727 0
4728 5
4729 0
4730 0
4731 5
4732 5
4733 5
4734 5
4735 5
4736 5
4737 5
4738 0
4739 5
4740 5
4741 5
4742 5
4743 5
4744 5
4745 5
4746 5
4747 5
4748 5
4749 5
4750 5
4751 5
4752 5
4753 5
4754 5
4755 5
4756 5
4757 5
4758 5
4759 5
4760 5
4761 5
4762 5
4763 5
4764 5
4765 5
4766 5
4767 5
4768 5
4769 5
4770 5
4771 5
4772 5
4773 5
4774 5
4775 0
4776 2
4777 0
4778 5
4779 5
4780 5
4781 0
4782 5
4783 5
4784 5
4785 5
4786 5
4787 5
4788 0
4789 0
4790 2
4791 0
4792 5
4793 5
4794 0
4795 0
4796 2
4797 5
4798 5
4799 5
4800 0
4801 5
4802 5
4803 5
4804 0
4805 5
4806 5
4807 5
4808 0
4809 0
4810 5
4811 0
4812 0
4813 5
4814 5
4815 5
4816 0
4817 5
4818 5
4819 5
4820 4
4821 5
4822 5
4823 2
4824 5
4825 5
4826 5
4827 5
4828 5
4829 5
4830 5
4831 5
4832 5
4833 5
4834 5
4835 5
4836 5
4837 5
4838 0
4839 0
4840 5
4841 0
4842 5
4843 5
4844 5
4845 5
4846 5
4847 0
4848 5
4849 2
4850 5
4851 2
4852 5
4853 5
4854 5
4855 5
4856 5
4857 0
4858 5
4859 5
4860 5
4861 5
4862 5
4863 5
4864 5
4865 5
4866 5
4867 5
4868 5
4869 5
4870 5
4871 5
4872 5
4873 2
4874 2
4875 0
4876 2
4877 2
4878 0
4879 2
4880 2
4881 5
4882 5
4883 0
4884 2
4885 5
4886 5
4887 5
4888 5
4889 2
4890 5
4891 5
4892 2
4893 2
4894 5
4895 2
4896 5
4897 2
4898 2
4899 2
4900 2
4901 5
4902 2
4903 5
4904 2
4905 2
4906 5
4907 5
4908 2
4909 5
4910 5
4911 5
4912 5
4913 2
4914 0
4915 0
4916 0
4917 5
4918 0
4919 2
4920 5
4921 5
4922 5
4923 5
4924 5
4925 2
4926 0
4927 2
4928 0
4929 5
4930 5
4931 2
4932 5
4933 1
4934 5
4935 5
4936 5
4937 5
4938 5
4939 0
4940 5
4941 0
4942 0
4943 5
4944 5
4945 2
4946 0
4947 5
4948 0
4949 5
4950 0
4951 0
4952 5
4953 5
4954 5
4955 5
4956 0
4957 5
4958 5
4959 5
4960 2
4961 0
4962 0
4963 2
4964 0
4965 0
4966 0
4967 0
4968 5
4969 5
4970 5
4971 5
4972 5
4973 0
4974 0
4975 0
4976 0
4977 2
4978 5
4979 5
4980 0
4981 5
4982 0
4983 0
4984 0
4985 5
4986 0
4987 0
4988 0
4989 0
4990 5
4991 5
4992 5
4993 2
4994 2
4995 0
4996 5
4997 5
4998 2
4999 5
5000 5
5001 2
5002 5
5003 5
5004 0
5005 0
5006 5
5007 0
5008 0
5009 5
5010 0
5011 0
5012 5
5013 5
5014 2
5015 0
5016 0
5017 5
5018 0
5019 2
5020 0
5021 0
5022 0
5023 0
5024 0
5025 0
5026 2
5027 0
5028 0
5029 5
5030 5
5031 5
5032 5
5033 5
5034 0
5035 0
5036 5
5037 0
5038 5
5039 0
5040 0
5041 0
5042 2
5043 2
5044 0
5045 5
5046 0
5047 0
5048 0
5049 0
5050 5
5051 5
5052 5
5053 6
5054 0
5055 0
5056 5
5057 2
5058 5
5059 0
5060 5
5061 5
5062 0
5063 0
5064 2
5065 5
5066 0
5067 0
5068 5
5069 5
5070 5
5071 0
5072 0
5073 5
5074 5
5075 0
5076 5
5077 0
5078 5
5079 0
5080 2
5081 5
5082 5
5083 0
5084 5
5085 2
5086 0
5087 0
5088 0
5089 0
5090 5
5091 0
5092 0
5093 0
5094 5
5095 5
5096 5
5097 5
5098 2
5099 0
5100 0
5101 0
5102 5
5103 0
5104 0
5105 0
5106 0
5107 5
5108 0
5109 0
5110 0
5111 5
5112 0
5113 0
5114 0
5115 0
5116 0
5117 0
5118 0
5119 0
5120 0
5121 0
5122 0
5123 5
5124 0
5125 0
5126 0
5127 0
5128 0
5129 2
5130 2
5131 0
5132 5
5133 5
5134 0
5135 0
5136 5
5137 5
5138 0
5139 2
5140 0
5141 5
5142 0
5143 0
5144 0
5145 0
5146 5
5147 0
5148 0
5149 2
5150 5
5151 0
5152 5
5153 0
5154 0
5155 0
5156 0
5157 0
5158 5
5159 0
5160 0
5161 0
5162 2
5163 0
5164 5
5165 0
5166 0
5167 0
5168 5
5169 0
5170 0
5171 0
5172 0
5173 0
5174 0
5175 2
5176 5
5177 0
5178 0
5179 0
5180 0
5181 0
5182 0
5183 5
5184 0
5185 2
5186 0
5187 0
5188 5
5189 0
5190 0
5191 0
5192 0
5193 0
5194 5
5195 5
5196 5
5197 0
5198 5
5199 5
5200 5
5201 0
5202 5
5203 2
5204 2
5205 0
5206 0
5207 5
5208 0
5209 5
5210 5
5211 2
5212 0
5213 5
5214 0
5215 5
5216 0
5217 0
5218 0
5219 5
5220 5
5221 5
5222 0
5223 0
5224 0
5225 0
5226 0
5227 2
5228 5
5229 5
5230 5
5231 5
5232 5
5233 5
5234 5
5235 0
5236 5
5237 5
5238 5
5239 5
5240 5
5241 5
5242 0
5243 5
5244 5
5245 5
5246 5
5247 5
5248 0
5249 5
5250 5
5251 0
5252 5
5253 5
5254 5
5255 0
5256 5
5257 2
5258 5
5259 5
5260 0
5261 5
5262 5
5263 5
5264 5
5265 0
5266 2
5267 5
5268 0
5269 5
5270 5
5271 0
5272 5
5273 5
5274 5
5275 0
5276 2
5277 5
5278 0
5279 5
5280 5
5281 5
5282 5
5283 5
5284 2
5285 5
5286 5
5287 5
5288 5
5289 5
5290 2
5291 5
5292 5
5293 0
5294 5
5295 5
5296 5
5297 5
5298 5
5299 0
5300 0
5301 0
5302 5
5303 5
5304 5
5305 2
5306 0
5307 0
5308 0
5309 0
5310 5
5311 0
5312 5
5313 0
5314 5
5315 0
5316 0
5317 5
5318 5
5319 5
5320 5
5321 5
5322 2
5323 5
5324 5
5325 0
5326 5
5327 5
5328 2
5329 5
5330 5
5331 2
5332 5
5333 5
5334 2
5335 5
5336 5
5337 5
5338 5
5339 2
5340 5
5341 5
5342 5
5343 5
5344 5
5345 0
5346 2
5347 5
5348 5
5349 5
5350 5
5351 5
5352 2
5353 0
5354 5
5355 5
5356 5
5357 2
5358 5
5359 5
5360 5
5361 5
5362 5
5363 5
5364 5
5365 0
5366 5
5367 0
5368 5
5369 5
5370 5
5371 5
5372 0
5373 5
5374 5
5375 0
5376 5
5377 5
5378 5
5379 5
5380 2
5381 5
5382 5
5383 5
5384 5
5385 5
5386 5
5387 5
5388 5
5389 5
5390 5
5391 1
5392 5
5393 5
5394 5
5395 5
5396 5
5397 5
5398 5
5399 5
5400 2
5401 5
5402 0
5403 0
5404 0
5405 5
5406 5
5407 5
5408 5
5409 5
5410 0
5411 5
5412 5
5413 5
5414 0
5415 5
5416 5
5417 0
5418 5
5419 5
5420 0
5421 5
5422 0
5423 0
5424 5
5425 5
5426 0
5427 5
5428 5
5429 5
5430 2
5431 5
5432 5
5433 2
5434 5
5435 0
5436 2
5437 5
5438 5
5439 5
5440 0
5441 5
5442 5
5443 5
5444 5
5445 0
5446 5
5447 0
5448 5
5449 5
5450 5
5451 0
5452 5
5453 5
5454 2
5455 5
5456 5
5457 5
5458 0
5459 0
5460 0
5461 5
5462 0
5463 5
5464 5
5465 5
5466 5
5467 0
5468 5
5469 5
5470 0
5471 5
5472 5
5473 0
5474 1
5475 5
5476 5
5477 5
5478 5
5479 5
5480 0
5481 5
5482 5
5483 5
5484 0
5485 5
5486 2
5487 2
5488 5
5489 5
5490 5
5491 0
5492 5
5493 2
5494 0
5495 0
5496 0
5497 0
5498 0
5499 0
5500 0
5501 0
5502 0
5503 5
5504 0
5505 5
5506 0
5507 5
5508 0
5509 0
5510 5
5511 0
5512 0
5513 5
5514 5
5515 5
5516 2
5517 5
5518 2
5519 5
5520 5
5521 5
5522 5
5523 2
5524 5
5525 5
5526 0
5527 5
5528 5
5529 5
5530 5
5531 5
5532 0
5533 5
5534 5
5535 0
5536 5
5537 0
5538 0
5539 0
5540 0
5541 19
5542 0
5543 5
5544 0
5545 5
5546 5
5547 5
5548 5
5549 0
5550 0
5551 5
5552 2
5553 5
5554 5
5555 0
5556 0
5557 3
5558 3
5559 2
5560 5
5561 5
5562 5
5563 5
5564 2
5565 2
5566 5
5567 5
5568 0
5569 0
5570 5
5571 5
5572 2
5573 2
5574 19
5575 2
5576 0
5577 5
5578 5
5579 5
5580 5
5581 0
5582 0
5583 5
5584 0
5585 5
5586 0
5587 5
5588 0
5589 2
5590 0
5591 0
5592 5
5593 5
5594 2
5595 5
5596 0
5597 5
5598 1
5599 0
5600 0
5601 0
5602 5
5603 0
5604 5
5605 2
5606 0
5607 5
5608 0
5609 0
5610 2
5611 0
5612 2
5613 0
5614 5
5615 5
5616 0
5617 0
5618 0
5619 0
5620 0
5621 0
5622 5
5623 4
5624 5
5625 0
5626 4
5627 4
5628 19
5629 4
5630 0
5631 4
5632 0
5633 5
5634 4
5635 0
5636 4
5637 0
5638 4
5639 4
5640 0
5641 0
5642 5
5643 5
5644 4
5645 4
5646 4
5647 19
5648 0
5649 4
5650 4
5651 19
5652 4
5653 0
5654 4
5655 4
5656 19
5657 4
5658 4
5659 4
5660 5
5661 1
5662 4
5663 0
5664 0
5665 5
5666 5
5667 2
5668 0
5669 5
5670 5
5671 5
5672 5
5673 5
5674 5
5675 0
5676 0
5677 0
5678 5
5679 5
5680 5
5681 0
5682 0
5683 5
5684 0
5685 0
5686 0
5687 0
5688 5
5689 5
5690 5
5691 2
5692 0
5693 5
5694 5
5695 5
5696 5
5697 5
5698 5
5699 5
5700 5
5701 5
5702 5
5703 0
5704 5
5705 0
5706 5
5707 5
5708 5
5709 5
5710 5
5711 5
5712 5
5713 5
5714 0
5715 5
5716 5
5717 5
5718 5
5719 5
5720 0
5721 5
5722 5
5723 5
5724 5
5725 5
5726 5
5727 5
5728 0
5729 5
5730 5
5731 2
5732 5
5733 5
5734 5
5735 2
5736 5
5737 0
5738 0
5739 5
5740 0
5741 2
5742 5
5743 5
5744 5
5745 5
5746 0
5747 5
5748 5
5749 5
5750 5
5751 2
5752 0
5753 0
5754 0
5755 2
5756 2
5757 5
5758 0
5759 5
5760 0
5761 5
5762 0
5763 0
5764 5
5765 0
5766 0
5767 5
5768 5
5769 5
5770 5
5771 5
5772 5
5773 5
5774 2
5775 5
5776 0
5777 5
5778 0
5779 0
5780 5
5781 5
5782 5
5783 5
5784 2
5785 0
5786 5
5787 5
5788 2
5789 5
5790 5
5791 0
5792 0
5793 5
5794 5
5795 5
5796 5
5797 5
5798 0
5799 5
5800 0
5801 2
5802 5
5803 5
5804 5
5805 5
5806 5
5807 5
5808 5
5809 5
5810 5
5811 5
5812 5
5813 5
5814 5
5815 5
5816 5
5817 5
5818 5
5819 5
5820 5
5821 5
5822 5
5823 5
5824 5
5825 5
5826 5
5827 5
5828 5
5829 5
5830 0
5831 5
5832 5
5833 5
5834 5
5835 0
5836 5
5837 0
5838 0
5839 0
5840 0
5841 2
5842 2
5843 2
5844 5
5845 5
5846 5
5847 5
5848 5
5849 5
5850 5
5851 19
5852 2
5853 0
5854 0
5855 5
5856 2
5857 0
5858 5
5859 5
5860 5
5861 0
5862 5
5863 5
5864 5
5865 5
5866 5
5867 0
5868 2
5869 5
5870 2
5871 2
5872 5
5873 0
5874 0
5875 5
5876 5
5877 5
5878 0
5879 5
5880 5
5881 0
5882 5
5883 0
5884 0
5885 0
5886 0
5887 5
5888 0
5889 5
5890 5
5891 5
5892 5
5893 5
5894 2
5895 5
5896 0
5897 0
5898 5
5899 5
5900 0
5901 5
5902 5
5903 0
5904 5
5905 5
5906 5
5907 5
5908 0
5909 5
5910 0
5911 5
5912 5
5913 0
5914 0
5915 5
5916 5
5917 5
5918 0
5919 2
5920 2
5921 0
5922 0
5923 0
5924 5
5925 0
5926 0
5927 5
5928 5
5929 0
5930 0
5931 0
5932 5
5933 0
5934 5
5935 2
5936 0
5937 0
5938 0
5939 0
5940 0
5941 5
5942 5
5943 5
5944 5
5945 5
5946 0
5947 5
5948 5
5949 5
5950 5
5951 5
5952 0
5953 0
5954 5
5955 5
5956 15
5957 5
5958 5
5959 2
5960 0
5961 5
5962 0
5963 5
5964 0
5965 0
5966 0
5967 0
5968 2
5969 5
5970 5
5971 0
5972 0
5973 0
5974 5
5975 2
5976 5
5977 0
5978 5
5979 5
5980 5
5981 0
5982 5
5983 5
5984 5
5985 5
5986 0
5987 5
5988 5
5989 5
5990 5
5991 5
5992 0
5993 0
5994 0
5995 5
5996 0
5997 0
5998 5
5999 0
6000 0
6001 0
6002 0
6003 5
6004 5
6005 5
6006 0
6007 0
6008 0
6009 5
6010 5
6011 5
6012 0
6013 0
6014 5
6015 2
6016 0
6017 5
6018 0
6019 5
6020 0
6021 5
6022 5
6023 0
6024 0
6025 0
6026 0
6027 0
6028 0
6029 5
6030 0
6031 5
6032 5
6033 2
6034 5
6035 5
6036 5
6037 13
6038 0
6039 0
6040 2
6041 0
6042 5
6043 0
6044 0
6045 0
6046 5
6047 5
6048 0
6049 2
6050 0
6051 2
6052 5
6053 0
6054 0
6055 5
6056 0
6057 5
6058 5
6059 5
6060 5
6061 2
6062 2
6063 0
6064 5
6065 0
6066 0
6067 0
6068 0
6069 5
6070 0
6071 5
6072 0
6073 5
6074 0
6075 0
6076 0
6077 5
6078 5
6079 2
6080 2
6081 0
6082 5
6083 5
6084 0
6085 5
6086 5
6087 5
6088 5
6089 5
6090 5
6091 0
6092 5
6093 2
6094 0
6095 0
6096 0
6097 5
6098 2
6099 5
6100 5
6101 0
6102 0
6103 0
6104 5
6105 0
6106 0
6107 2
6108 2
6109 0
6110 5
6111 0
6112 5
6113 0
6114 0
6115 5
6116 5
6117 0
6118 5
6119 0
6120 5
6121 0
6122 5
6123 0
6124 0
6125 5
6126 5
6127 0
6128 0
6129 2
6130 0
6131 0
6132 5
6133 5
6134 0
6135 5
6136 0
6137 0
6138 0
6139 0
6140 5
6141 0
6142 5
6143 0
6144 0
6145 0
6146 5
6147 0
6148 0
6149 5
6150 5
6151 0
6152 5
6153 0
6154 0
6155 5
6156 5
6157 5
6158 0
6159 5
6160 5
6161 5
6162 0
6163 0
6164 0
6165 0
6166 5
6167 0
6168 5
6169 0
6170 2
6171 5
6172 2
6173 2
6174 2
6175 5
6176 5
6177 0
6178 0
6179 0
6180 0
6181 0
6182 0
6183 5
6184 5
6185 0
6186 0
6187 5
6188 0
6189 2
6190 5
6191 0
6192 0
6193 5
6194 0
6195 0
6196 5
6197 0
6198 0
6199 5
6200 0
6201 2
6202 0
6203 0
6204 0
6205 0
6206 0
6207 0
6208 0
6209 0
6210 0
6211 0
6212 5
6213 5
6214 0
6215 5
6216 2
6217 0
6218 0
6219 0
6220 5
6221 5
6222 0
6223 0
6224 0
6225 0
6226 0
6227 0
6228 5
6229 5
6230 0
6231 0
6232 0
6233 0
6234 0
6235 5
6236 2
6237 5
6238 0
6239 5
6240 0
6241 5
6242 5
6243 0
6244 5
6245 0
6246 0
6247 2
6248 0
6249 5
6250 0
6251 5
6252 0
6253 2
6254 5
6255 0
6256 5
6257 5
6258 5
6259 5
6260 5
6261 5
6262 5
6263 5
6264 0
6265 2
6266 5
6267 5
6268 0
6269 0
6270 0
6271 0
6272 5
6273 0
6274 5
6275 5
6276 5
6277 0
6278 5
6279 5
6280 5
6281 0
6282 5
6283 0
6284 0
6285 0
6286 0
6287 0
6288 5
6289 2
6290 5
6291 5
6292 5
6293 0
6294 2
6295 0
6296 5
6297 5
6298 5
6299 5
6300 0
6301 5
6302 5
6303 5
6304 0
6305 0
6306 2
6307 5
6308 5
6309 5
6310 0
6311 0
6312 0
6313 5
6314 0
6315 0
6316 0
6317 0
6318 5
6319 0
6320 2
6321 0
6322 0
6323 5
6324 0
6325 5
6326 5
6327 0
6328 2
6329 5
6330 0
6331 2
6332 0
6333 5
6334 5
6335 5
6336 0
6337 5
6338 5
6339 0
6340 0
6341 5
6342 0
6343 5
6344 5
6345 0
6346 0
6347 5
6348 0
6349 5
6350 5
6351 2
6352 5
6353 5
6354 0
6355 0
6356 0
6357 5
6358 0
6359 0
6360 0
6361 0
6362 0
6363 0
6364 0
6365 0
6366 0
6367 0
6368 0
6369 0
6370 0
6371 5
6372 0
6373 0
6374 0
6375 0
6376 0
6377 5
6378 5
6379 0
6380 5
6381 5
6382 5
6383 5
6384 0
6385 5
6386 0
6387 0
6388 5
6389 0
6390 0
6391 5
6392 2
6393 0
6394 5
6395 0
6396 5
6397 5
6398 5
6399 0
6400 5
6401 5
6402 0
6403 0
6404 5
6405 5
6406 5
6407 5
6408 5
6409 2
6410 5
6411 2
6412 5
6413 5
6414 5
6415 2
6416 5
6417 0
6418 5
6419 5
6420 5
6421 0
6422 5
6423 0
6424 5
6425 5
6426 5
6427 0
6428 5
6429 0
6430 5
6431 2
6432 5
6433 5
6434 0
6435 5
6436 5
6437 0
6438 5
6439 5
6440 0
6441 5
6442 5
6443 5
6444 5
6445 5
6446 5
6447 5
6448 5
6449 5
6450 5
6451 5
6452 5
6453 5
6454 5
6455 5
6456 0
6457 2
6458 5
6459 5
6460 0
6461 5
6462 5
6463 0
6464 0
6465 0
6466 0
6467 0
6468 5
6469 0
6470 1
6471 0
6472 5
6473 5
6474 5
6475 5
6476 5
6477 5
6478 5
6479 5
6480 5
6481 5
6482 5
6483 5
6484 5
6485 5
6486 5
6487 2
6488 0
6489 0
6490 5
6491 5
6492 5
6493 0
6494 0
6495 5
6496 5
6497 5
6498 5
6499 5
6500 5
6501 0
6502 5
6503 5
6504 5
6505 5
6506 2
6507 5
6508 5
6509 5
6510 5
6511 5
6512 5
6513 5
6514 5
6515 5
6516 5
6517 0
6518 0
6519 5
6520 2
6521 2
6522 5
6523 5
6524 5
6525 5
6526 0
6527 0
6528 5
6529 0
6530 0
6531 5
6532 0
6533 2
6534 0
6535 0
6536 2
6537 0
6538 0
6539 0
6540 0
6541 5
6542 0
6543 1
6544 5
6545 5
6546 5
6547 0
6548 0
6549 0
6550 5
6551 0
6552 5
6553 0
6554 0
6555 1
6556 0
6557 0
6558 5
6559 5
6560 5
6561 5
6562 11
6563 0
6564 0
6565 0
6566 0
6567 5
6568 5
6569 5
6570 0
6571 7
6572 7
6573 7
6574 7
6575 7
6576 5
6577 5
6578 0
6579 0
6580 5
6581 5
6582 2
6583 5
6584 5
6585 5
6586 0
6587 5
6588 5
6589 5
6590 5
6591 2
6592 5
6593 5
6594 5
6595 5
6596 0
6597 0
6598 5
6599 5
6600 5
6601 2
6602 5
6603 5
6604 0
6605 2
6606 5
6607 0
6608 5
6609 0
6610 5
6611 5
6612 0
6613 0
6614 0
6615 0
6616 0
6617 5
6618 0
6619 0
6620 0
6621 0
6622 0
6623 0
6624 0
6625 5
6626 2
6627 0
6628 0
6629 2
6630 0
6631 0
6632 0
6633 0
6634 0
6635 2
6636 2
6637 2
6638 2
6639 2
6640 0
6641 2
6642 5
6643 5
6644 2
6645 5
6646 6
6647 6
6648 6
6649 6
6650 6
6651 0
6652 0
6653 5
6654 5
6655 8
6656 0
6657 8
6658 0
6659 8
6660 5
6661 5
6662 5
6663 5
6664 1
6665 5
6666 5
6667 0
6668 19
6669 0
6670 5
6671 0
6672 0
6673 5
6674 0
6675 0
6676 0
6677 0
6678 5
6679 5
6680 0
6681 0
6682 0
6683 0
6684 0
6685 0
6686 2
6687 5
6688 5
6689 5
6690 5
6691 5
6692 0
6693 5
6694 5
6695 5
6696 5
6697 5
6698 2
6699 0
6700 2
6701 2
6702 2
6703 0
6704 0
6705 0
6706 0
6707 0
6708 0
6709 0
6710 2
6711 0
6712 0
6713 0
6714 0
6715 0
6716 0
6717 5
6718 0
6719 0
6720 5
6721 5
6722 5
6723 5
6724 5
6725 0
6726 5
6727 0
6728 5
6729 5
6730 5
6731 0
6732 5
6733 5
6734 5
6735 5
6736 5
6737 5
6738 5
6739 5
6740 5
6741 5
6742 5
6743 5
6744 5
6745 5
6746 5
6747 0
6748 2
6749 0
6750 0
6751 0
6752 0
6753 5
6754 5
6755 5
6756 5
6757 5
6758 5
6759 5
6760 5
6761 5
6762 5
6763 5
6764 0
6765 5
6766 5
6767 5
6768 5
6769 0
6770 0
6771 0
6772 0
6773 0
6774 5
6775 0
6776 0
6777 5
6778 0
6779 0
6780 0
6781 5
6782 0
6783 0
6784 1
6785 2
6786 0
6787 2
6788 0
6789 2
6790 5
6791 19
6792 5
6793 5
6794 0
6795 5
6796 5
6797 5
6798 5
6799 5
6800 5
6801 5
6802 5
6803 5
6804 5
6805 5
6806 5
6807 5
6808 0
6809 5
6810 5
6811 0
6812 5
6813 5
6814 5
6815 5
6816 5
6817 5
6818 5
6819 9
6820 9
6821 9
6822 0
6823 5
6824 0
6825 0
6826 19
6827 0
6828 5
6829 0
6830 0
6831 0
6832 5
6833 5
6834 0
6835 5
6836 5
6837 5
6838 5
6839 5
6840 5
6841 5
6842 5
6843 0
6844 2
6845 0
6846 5
6847 0
6848 5
6849 5
6850 0
6851 5
6852 0
6853 0
6854 0
6855 5
6856 0
6857 0
6858 0
6859 1
6860 5
6861 0
6862 0
6863 0
6864 0
6865 5
6866 5
6867 5
6868 5
6869 5
6870 5
6871 5
6872 5
6873 5
6874 0
6875 5
6876 0
6877 0
6878 0
6879 0
6880 0
6881 0
6882 0
6883 5
6884 0
6885 0
6886 0
6887 0
6888 0
6889 0
6890 0
6891 0
6892 0
6893 0
6894 0
6895 0
6896 0
6897 0
6898 0
6899 0
6900 2
6901 0
6902 5
6903 5
6904 0
6905 0
6906 0
6907 0
6908 5
6909 0
6910 2
6911 0
6912 5
6913 0
6914 0
6915 5
6916 0
6917 0
6918 5
6919 0
6920 5
6921 2
6922 0
6923 0
6924 0
6925 0
6926 0
6927 0
6928 0
6929 0
6930 0
6931 0
6932 5
6933 0
6934 0
6935 0
6936 0
6937 0
6938 5
6939 2
6940 0
6941 0
6942 0
6943 0
6944 0
6945 0
6946 0
6947 0
6948 0
6949 0
6950 0
6951 0
6952 0
6953 0
6954 0
6955 0
6956 0
6957 2
6958 0
6959 5
6960 0
6961 0
6962 0
6963 0
6964 0
6965 0
6966 0
6967 2
6968 0
6969 5
6970 0
6971 0
6972 0
6973 0
6974 0
6975 0
6976 0
6977 5
6978 0
6979 0
6980 0
6981 0
6982 0
6983 0
6984 0
6985 0
6986 0
6987 0
6988 0
6989 0
6990 0
6991 0
6992 0
6993 5
6994 2
6995 0
6996 0
6997 0
6998 0
6999 0
7000 0
7001 0
7002 0
7003 0
7004 0
7005 0
7006 0
7007 5
7008 5
7009 0
7010 0
7011 5
7012 0
7013 0
7014 1
7015 0
7016 5
7017 0
7018 0
7019 0
7020 0
7021 0
7022 5
7023 5
7024 0
7025 0
7026 0
7027 0
7028 0
7029 0
7030 0
7031 0
7032 0
7033 0
7034 2
7035 0
7036 0
7037 0
7038 5
7039 0
7040 0
7041 0
7042 0
7043 0
7044 5
7045 0
7046 5
7047 0
7048 5
7049 0
7050 0
7051 0
7052 5
7053 0
7054 0
7055 0
7056 0
7057 2
7058 0
7059 0
7060 0
7061 0
7062 0
7063 5
7064 0
7065 0
7066 5
7067 0
7068 0
7069 0
7070 5
7071 0
7072 0
7073 0
7074 0
7075 0
7076 0
7077 0
7078 0
7079 0
7080 5
7081 0
7082 0
7083 0
7084 0
7085 0
7086 5
7087 0
7088 0
7089 2
7090 0
7091 0
7092 0
7093 0
7094 0
7095 0
7096 0
7097 0
7098 5
7099 0
7100 0
7101 0
7102 0
7103 5
7104 0
7105 0
7106 0
7107 0
7108 0
7109 0
7110 0
7111 0
7112 0
7113 0
7114 5
7115 0
7116 5
7117 0
7118 0
7119 5
7120 0
7121 0
7122 2
7123 5
7124 5
7125 5
7126 0
7127 5
7128 0
7129 0
7130 0
7131 0
7132 5
7133 0
7134 0
7135 0
7136 0
7137 0
7138 0
7139 5
7140 0
7141 0
7142 0
7143 0
7144 5
7145 0
7146 5
7147 5
7148 0
7149 0
7150 5
7151 0
7152 0
7153 0
7154 0
7155 0
7156 0
7157 0
7158 0
7159 0
7160 0
7161 0
7162 2
7163 0
7164 0
7165 0
7166 0
7167 0
7168 0
7169 0
7170 0
7171 0
7172 0
7173 0
7174 0
7175 0
7176 5
7177 0
7178 0
7179 0
7180 0
7181 0
7182 5
7183 0
7184 0
7185 0
7186 0
7187 0
7188 0
7189 0
7190 0
7191 0
7192 0
7193 0
7194 5
7195 0
7196 0
7197 0
7198 0
7199 0
7200 0
7201 0
7202 0
7203 0
7204 0
7205 0
7206 0
7207 0
7208 0
7209 0
7210 0
7211 0
7212 0
7213 5
7214 0
7215 5
7216 5
7217 5
7218 0
7219 5
7220 0
7221 0
7222 5
7223 0
7224 5
7225 5
7226 0
7227 0
7228 5
7229 5
7230 5
7231 5
7232 5
7233 5
7234 5
7235 5
7236 5
7237 5
7238 5
7239 5
7240 5
7241 5
7242 5
7243 5
7244 5
7245 5
7246 5
7247 5
7248 5
7249 0
7250 5
7251 5
7252 5
7253 5
7254 5
7255 5
7256 5
7257 5
7258 5
7259 5
7260 5
7261 5
7262 5
7263 5
7264 5
7265 5
7266 5
7267 5
7268 5
7269 5
7270 5
7271 5
7272 5
7273 5
7274 5
7275 5
7276 5
7277 0
7278 5
7279 2
7280 0
7281 5
7282 5
7283 5
7284 5
7285 5
7286 5
7287 0
7288 5
7289 5
7290 5
7291 5
7292 5
7293 5
7294 5
7295 0
7296 5
7297 5
7298 5
7299 5
7300 5
7301 0
7302 5
7303 5
7304 5
7305 6
7306 6
7307 5
7308 5
7309 0
7310 0
7311 5
7312 0
7313 5
7314 2
7315 5
7316 5
7317 2
7318 5
7319 5
7320 5
7321 5
7322 5
7323 0
7324 5
7325 5
7326 5
7327 5
7328 20
7329 5
7330 5
7331 19
7332 5
7333 0
7334 0
7335 0
7336 5
7337 5
7338 5
7339 2
7340 5
7341 0
7342 2
7343 0
7344 5
7345 5
7346 5
7347 0
7348 0
7349 19
7350 0
7351 0
7352 0
7353 5
7354 5
7355 5
7356 0
7357 5
7358 5
7359 2
7360 0
7361 0
7362 0
7363 0
7364 0
7365 0
7366 5
7367 2
7368 1
7369 2
7370 5
7371 2
7372 2
7373 0
7374 0
7375 0
7376 0
7377 0
7378 0
7379 0
7380 0
7381 0
7382 0
7383 0
7384 0
7385 0
7386 0
7387 0
7388 0
7389 0
7390 0
7391 0
7392 0
7393 0
7394 0
7395 0
7396 0
7397 0
7398 0
7399 0
7400 0
7401 0
7402 0
7403 0
7404 0
7405 0
7406 0
7407 0
7408 0
7409 0
7410 0
7411 0
7412 0
7413 0
7414 0
7415 0
7416 0
7417 0
7418 0
7419 0
7420 0
7421 0
7422 0
7423 0
7424 0
7425 0
7426 0
7427 0
7428 0
7429 0
7430 0
7431 0
7432 0
7433 0
7434 0
7435 0
7436 0
7437 0
7438 0
7439 0
7440 0
7441 0
7442 0
7443 0
7444 0
7445 0
7446 0
7447 0
7448 0
7449 0
7450 0
7451 0
7452 0
7453 0
7454 0
7455 0
7456 0
7457 0
7458 0
7459 0
7460 0
7461 0
7462 0
7463 0
7464 0
7465 0
7466 0
7467 0
7468 0
7469 5
7470 5
7471 5
7472 0
7473 5
7474 5
7475 11
7476 11
7477 11
7478 0
7479 11
7480 11
7481 11
7482 11
7483 0
7484 11
7485 5
7486 11
7487 11
7488 0
7489 5
7490 5
7491 5
7492 5
7493 5
7494 5
7495 0
7496 19
7497 5
7498 0
7499 5
7500 2
7501 1
7502 5
7503 5
7504 5
7505 5
7506 5
7507 5
7508 5
7509 5
7510 5
7511 5
7512 5
7513 0
7514 5
7515 5
7516 0
7517 0
7518 0
7519 5
7520 0
7521 5
7522 5
7523 5
7524 5
7525 5
7526 5
7527 0
7528 0
7529 5
7530 0
7531 0
7532 0
7533 5
7534 5
7535 5
7536 5
7537 0
7538 1
7539 2
7540 2
7541 2
7542 2
7543 5
7544 1
7545 5
7546 0
7547 2
7548 2
7549 2
7550 5
7551 5
7552 5
7553 5
7554 0
7555 5
7556 5
7557 5
7558 5
7559 2
7560 2
7561 5
7562 5
7563 5
7564 5
7565 5
7566 5
7567 5
7568 5
7569 5
7570 5
7571 5
7572 5
7573 5
7574 5
7575 5
7576 0
7577 0
7578 5
7579 5
7580 5
7581 5
7582 5
7583 5
7584 5
7585 5
7586 0
7587 12
7588 12
7589 5
7590 1
7591 5
7592 14
7593 2
7594 5
7595 5
7596 0
7597 0
7598 5
7599 5
7600 5
7601 0
7602 0
7603 1
7604 0
7605 0
7606 0
7607 0
7608 5
7609 0
7610 0
7611 0
7612 0
7613 0
7614 0
7615 0
7616 0
7617 5
7618 5
7619 5
7620 5
7621 0
7622 5
7623 5
7624 5
7625 5
7626 0
7627 5
7628 5
7629 5
7630 2
7631 0
7632 5
7633 5
7634 2
7635 5
7636 5
7637 5
7638 5
7639 5
7640 5
7641 5
7642 5
7643 5
7644 5
7645 5
7646 5
7647 5
7648 5
7649 5
7650 5
7651 5
7652 5
7653 5
7654 5
7655 5
7656 5
7657 5
7658 5
7659 5
7660 0
7661 5
7662 5
7663 5
7664 5
7665 5
7666 5
7667 2
7668 5
7669 0
7670 0
7671 19
7672 0
7673 2
7674 2
7675 5
7676 5
7677 5
7678 5
7679 5
7680 5
7681 5
7682 5
7683 5
7684 2
7685 5
7686 5
7687 5
7688 5
7689 5
7690 1
7691 0
7692 0
7693 0
7694 0
7695 0
7696 1
7697 5
7698 5
7699 5
7700 0
7701 0
7702 5
7703 1
7704 5
7705 2
7706 2
7707 2
7708 0
7709 0
7710 0
7711 0
7712 0
7713 0
7714 2
7715 2
7716 2
7717 2
7718 5
7719 2
7720 0
7721 2
7722 5
7723 5
7724 5
7725 5
7726 5
7727 5
7728 5
7729 5
7730 0
7731 5
7732 2
7733 1
7734 0
7735 5
7736 13
7737 13
7738 13
7739 13
7740 13
7741 13
7742 13
7743 13
7744 13
7745 5
7746 13
7747 13
7748 19
7749 13
7750 5
7751 13
7752 2
7753 2
7754 5
7755 5
7756 0
7757 19
7758 0
7759 0
7760 0
7761 0
7762 0
7763 0
7764 0
7765 0
7766 0
7767 0
7768 0
7769 0
7770 0
7771 0
7772 2
7773 0
7774 0
7775 0
7776 5
7777 5
7778 5
7779 5
7780 0
7781 1
7782 5
7783 5
7784 5
7785 5
7786 5
7787 5
7788 2
7789 0
7790 5
7791 5
7792 2
7793 2
7794 2
7795 5
7796 5
7797 5
7798 5
7799 5
7800 5
7801 5
7802 5
7803 5
7804 5
7805 0
7806 0
7807 0
7808 0
7809 5
7810 5
7811 5
7812 5
7813 10
7814 10
7815 10
7816 0
7817 0
7818 0
7819 2
7820 0
7821 0
7822 0
7823 2
7824 2
7825 5
7826 5
7827 5
7828 5
7829 0
7830 5
7831 5
7832 5
7833 5
7834 0
7835 0
7836 5
7837 5
7838 5
7839 0
7840 0
7841 0
7842 0
7843 5
7844 0
7845 0
7846 5
7847 5
7848 5
7849 0
7850 0
7851 5
7852 0
7853 2
7854 2
7855 0
7856 5
7857 5
7858 1
7859 2
7860 5
7861 5
7862 5
7863 5
7864 5
7865 5
7866 5
7867 0
7868 5
7869 5
7870 5
7871 5
7872 5
7873 5
7874 5
7875 5
7876 0
7877 5
7878 2
7879 2
7880 5
7881 5
7882 5
7883 5
7884 5
7885 1
7886 5
7887 1
7888 1
7889 1
7890 5
7891 1
7892 1
7893 1
7894 1
7895 5
7896 1
7897 1
7898 5
7899 1
7900 1
7901 1
7902 1
7903 1
7904 1
7905 1
7906 1
7907 1
7908 1
7909 1
7910 1
7911 1
7912 1
7913 5
7914 5
7915 1
7916 1
7917 1
7918 5
7919 1
7920 1
7921 5
7922 0
7923 1
7924 1
7925 1
7926 1
7927 1
7928 1
7929 1
7930 1
7931 1
7932 1
7933 1
7934 1
7935 5
7936 1
7937 1
7938 5
7939 5
7940 1
7941 1
7942 5
7943 1
7944 1
7945 5
7946 1
7947 1
7948 1
7949 1
7950 1
7951 5
7952 1
7953 1
7954 1
7955 1
7956 1
7957 1
7958 1
7959 1
7960 5
7961 5
7962 1
7963 5
7964 1
7965 1
7966 5
7967 1
7968 1
7969 1
7970 1
7971 5
7972 1
7973 1
7974 5
7975 1
7976 1
7977 1
7978 1
7979 1
7980 1
7981 1
7982 1
7983 1
7984 1
7985 1
7986 1
7987 5
7988 0
7989 5
7990 0
7991 5
7992 0
7993 0
7994 5
7995 0
7996 0
7997 0
7998 0
7999 0
8000 0
8001 0
8002 0
8003 0
8004 0
8005 0
8006 14
8007 14
8008 14
8009 5
8010 2
8011 2
8012 2
8013 2
8014 0
8015 5
8016 5
8017 5
8018 0
8019 15
8020 15
8021 15
8022 15
8023 15
8024 5
8025 15
8026 15
8027 15
8028 5
8029 5
8030 5
8031 0
8032 0
8033 0
8034 0
8035 5
8036 0
8037 5
8038 5
8039 0
8040 0
8041 5
8042 5
8043 0
8044 5
8045 5
8046 0
8047 5
8048 0
8049 5
8050 5
8051 5
8052 5
8053 5
8054 5
8055 5
8056 5
8057 5
8058 5
8059 5
8060 5
8061 5
8062 5
8063 0
8064 5
8065 5
8066 5
8067 5
8068 5
8069 5
8070 16
8071 16
8072 5
8073 5
8074 5
8075 0
8076 5
8077 5
8078 5
8079 5
8080 5
8081 5
8082 5
8083 5
8084 0
8085 5
8086 5
8087 5
8088 5
8089 5
8090 5
8091 5
8092 5
8093 5
8094 5
8095 5
8096 5
8097 5
8098 5
8099 5
8100 5
8101 5
8102 5
8103 5
8104 5
8105 5
8106 5
8107 5
8108 5
8109 0
8110 5
8111 0
8112 5
8113 5
8114 5
8115 5
8116 5
8117 5
8118 0
8119 5
8120 5
8121 0
8122 0
8123 19
8124 0
8125 0
8126 5
8127 5
8128 5
8129 5
8130 0
8131 5
8132 5
8133 5
8134 5
8135 5
8136 5
8137 2
8138 0
8139 5
8140 17
8141 17
8142 5
8143 0
8144 5
8145 5
8146 5
8147 5
8148 0
8149 5
8150 0
8151 5
8152 5
8153 0
8154 5
8155 5
8156 5
8157 0
8158 0
8159 5
8160 0
8161 0
8162 5
8163 0
8164 5
8165 0
8166 5
8167 5
8168 0
8169 0
8170 5
8171 5
8172 0
8173 0
8174 5
8175 5
8176 5
8177 5
8178 5
8179 0
8180 5
8181 5
8182 2
8183 2
8184 2
8185 5
8186 0
8187 0
8188 0
8189 0
8190 5
8191 2
8192 5
8193 5
8194 5
8195 5
8196 5
8197 2
8198 0
8199 2
8200 2
8201 2
8202 2
8203 0
8204 0
8205 0
8206 5
8207 0
8208 5
8209 5
8210 5
8211 5
8212 0
8213 5
8214 5
8215 0
8216 0
8217 5
8218 0
8219 0
8220 5
8221 5
8222 18
8223 18
8224 18
8225 18
8226 5
8227 5
8228 5
8229 2
8230 0
8231 0
8232 0
8233 0
8234 0
8235 0
8236 0
8237 0
8238 0
8239 0
8240 0
8241 0
8242 0
8243 0
8244 0
8245 0
8246 0
8247 0
8248 2
8249 2
8250 2
8251 5
8252 5
8253 5
8254 5
8255 2
8256 5
8257 0
8258 19
8259 5
8260 2
8261 5
8262 5
8263 5
8264 5
8265 0
8266 5
8267 5
8268 5
8269 5
8270 5
8271 5
8272 5
8273 2
8274 0
8275 5
8276 5
8277 0
8278 0
8279 2
8280 0
8281 0
8282 19
8283 5
8284 2
8285 0
8286 5
8287 0
8288 5
8289 5
8290 0
8291 5
8292 19
8293 19
8294 19
8295 19
8296 19
8297 19
8298 19
8299 19
8300 19
8301 19
8302 19
8303 19
8304 19
8305 19
8306 19
8307 19
8308 19
8309 19
8310 19
8311 19
8312 19
8313 19
8314 19
8315 19
8316 19
8317 19
8318 19
8319 19
8320 19
8321 19
8322 19
8323 19
8324 19
8325 19
8326 19
8327 19
8328 20
8329 2
8330 5
8331 5
8332 5
8333 0
8334 0
8335 0
8336 5
8337 5
8338 5
8339 2
8340 2
8341 2
8342 2
8343 2
8344 2
8345 0
8346 0
8347 0
8348 5
8349 5
8350 5
8351 5
8352 5
8353 5
8354 5
8355 5
8356 0
8357 0
8358 0
8359 0
8360 5
8361 2
8362 2
8363 5
8364 5
8365 5
8366 5
8367 5
8368 5
8369 5
8370 5
8371 5
8372 2
8373 0
8374 2
8375 0
8376 0
8377 0
8378 0
8379 0
8380 0
8381 0
8382 0
8383 5
8384 5
8385 5
8386 5
8387 2
8388 2
8389 2
8390 21
8391 21
8392 5
8393 0
8394 5
8395 5
8396 0
8397 5
8398 5
8399 5
8400 5
8401 5
8402 0
8403 5
8404 5
8405 5
8406 5
8407 5
8408 0
8409 0
8410 0
8411 5
8412 0
8413 0
8414 5
8415 5
8416 5
network of communities computed : Thu Jan  7 08:47:15 2010

network : 22 nodes, 128 links, 231876784 weight.
pass number 1 of -1 : 0.084755 0.0846368
pass number 2 of -1 : 0.084755 0.084755
communities computed : Thu Jan  7 08:47:15 2010
modularity increased from 0.0846368 to 0.084755
0 4
1 1
2 3
3 0
4 8
5 1
6 1
7 2
8 4
9 3
10 4
11 1
12 5
13 8
14 1
15 1
16 6
17 4
18 7
19 8
20 1
21 9
network of communities computed : Thu Jan  7 08:47:15 2010

network : 10 nodes, 42 links, 231876784 weight.
pass number 1 of -1 : 0.084755 0.084755
communities computed : Thu Jan  7 08:47:15 2010
modularity increased from 0.084755 to 0.084755
0 0
1 1
2 2
3 3
4 4
5 5
6 6
7 7
8 8
9 9
network of communities computed : Thu Jan  7 08:47:15 2010
1e-06 0.084755 408
