Sender: LSF System <lsfadmin@bc01-n09>
Subject: Job 429295: <comm_blk39> Done

Job <comm_blk39> was submitted from host <bc10-n13> by user <jabloche> in cluster <lucky>.
Job was executed on host(s) <bc01-n09>, in queue <week>, as user <jabloche> in cluster <lucky>.
</afs/isis.unc.edu/home/j/a/jabloche> was used as the home directory.
</netscr/jabloche/FirmNetworks/cLouvain> was used as the working directory.
Started at Thu Jan  7 08:40:17 2010
Results reported at Thu Jan  7 08:42:24 2010

Your job looked like:

------------------------------------------------------------
# LSBATCH: User input
/netscr/jabloche/FirmNetworks/cLouvain/community /smallfs/jabloche/fn_edge/el_blk39.bin -l -1 -w
------------------------------------------------------------

Successfully completed.

Resource usage summary:

    CPU time   :     46.97 sec.
    Max Memory :       116 MB
    Max Swap   :       264 MB

    Max Processes  :         4
    Max Threads    :         4

The output (if any) follows:

Your home directory for this job is /netscr/jabloche
start : Thu Jan  7 08:40:17 2010
total : 7180566
file read : Thu Jan  7 08:41:37 2010
network : 7606 nodes, 7180566 links, 65264804 weight.
pass number 1 of -1 : 0.112337 -0.000301627
pass number 2 of -1 : 0.130576 0.112337
pass number 3 of -1 : 0.131379 0.130576
pass number 4 of -1 : 0.131498 0.131379
pass number 5 of -1 : 0.131557 0.131498
pass number 6 of -1 : 0.131623 0.131557
pass number 7 of -1 : 0.13166 0.131623
pass number 8 of -1 : 0.131664 0.13166
pass number 9 of -1 : 0.131665 0.131664
communities computed : Thu Jan  7 08:42:23 2010
modularity increased from -0.000301627 to 0.131665
0 0
1 1
2 0
3 0
4 2
5 0
6 0
7 0
8 0
9 1
10 0
11 0
12 0
13 0
14 0
15 0
16 0
17 0
18 0
19 0
20 0
21 0
22 0
23 0
24 0
25 0
26 0
27 0
28 0
29 0
30 2
31 0
32 2
33 0
34 0
35 0
36 0
37 4
38 0
39 0
40 2
41 0
42 0
43 0
44 0
45 0
46 0
47 0
48 0
49 2
50 0
51 2
52 0
53 0
54 0
55 0
56 0
57 2
58 0
59 2
60 2
61 0
62 0
63 0
64 0
65 0
66 0
67 2
68 0
69 2
70 0
71 0
72 0
73 0
74 0
75 0
76 0
77 4
78 0
79 2
80 0
81 0
82 0
83 0
84 0
85 0
86 0
87 0
88 0
89 0
90 0
91 0
92 0
93 0
94 0
95 0
96 1
97 5
98 1
99 5
100 2
101 1
102 1
103 1
104 5
105 5
106 5
107 2
108 5
109 5
110 1
111 5
112 1
113 4
114 5
115 5
116 5
117 5
118 1
119 5
120 0
121 0
122 5
123 0
124 0
125 1
126 0
127 5
128 0
129 2
130 0
131 0
132 2
133 0
134 5
135 0
136 0
137 2
138 0
139 0
140 5
141 0
142 5
143 0
144 0
145 0
146 0
147 0
148 0
149 0
150 2
151 4
152 0
153 0
154 0
155 0
156 5
157 5
158 0
159 0
160 0
161 0
162 2
163 0
164 0
165 2
166 0
167 0
168 0
169 0
170 0
171 0
172 0
173 2
174 0
175 0
176 0
177 5
178 0
179 5
180 0
181 2
182 0
183 0
184 5
185 5
186 0
187 2
188 0
189 0
190 2
191 5
192 5
193 1
194 0
195 1
196 2
197 2
198 5
199 1
200 2
201 1
202 2
203 2
204 1
205 1
206 1
207 0
208 2
209 0
210 2
211 2
212 2
213 0
214 1
215 2
216 5
217 2
218 2
219 0
220 0
221 0
222 1
223 2
224 5
225 2
226 0
227 2
228 1
229 2
230 2
231 2
232 1
233 0
234 4
235 0
236 1
237 5
238 2
239 1
240 1
241 1
242 1
243 2
244 0
245 0
246 2
247 5
248 1
249 0
250 5
251 1
252 4
253 4
254 4
255 5
256 2
257 2
258 0
259 1
260 2
261 1
262 2
263 1
264 2
265 0
266 5
267 2
268 4
269 2
270 1
271 1
272 1
273 0
274 1
275 4
276 4
277 5
278 0
279 2
280 5
281 1
282 0
283 2
284 1
285 0
286 5
287 1
288 0
289 2
290 0
291 1
292 0
293 1
294 5
295 0
296 2
297 2
298 1
299 0
300 2
301 1
302 1
303 5
304 1
305 5
306 2
307 5
308 0
309 5
310 1
311 2
312 0
313 2
314 5
315 1
316 0
317 5
318 4
319 2
320 1
321 1
322 2
323 5
324 2
325 0
326 2
327 0
328 1
329 2
330 5
331 0
332 0
333 5
334 4
335 0
336 1
337 2
338 5
339 0
340 2
341 5
342 5
343 5
344 2
345 5
346 1
347 4
348 1
349 2
350 5
351 5
352 0
353 5
354 5
355 5
356 2
357 1
358 5
359 1
360 5
361 5
362 4
363 0
364 4
365 0
366 5
367 5
368 4
369 4
370 5
371 5
372 5
373 5
374 5
375 2
376 4
377 5
378 1
379 5
380 0
381 0
382 5
383 5
384 1
385 5
386 5
387 5
388 2
389 5
390 5
391 5
392 5
393 5
394 4
395 5
396 1
397 0
398 4
399 5
400 2
401 0
402 5
403 5
404 5
405 5
406 4
407 5
408 0
409 5
410 4
411 1
412 5
413 5
414 5
415 5
416 5
417 1
418 5
419 5
420 5
421 4
422 4
423 5
424 0
425 5
426 5
427 5
428 1
429 5
430 5
431 5
432 5
433 5
434 5
435 0
436 5
437 5
438 4
439 5
440 5
441 5
442 2
443 5
444 5
445 4
446 5
447 5
448 5
449 5
450 5
451 5
452 5
453 5
454 0
455 5
456 0
457 0
458 0
459 0
460 0
461 2
462 0
463 0
464 0
465 1
466 0
467 0
468 0
469 0
470 2
471 0
472 0
473 0
474 0
475 2
476 1
477 5
478 1
479 5
480 5
481 2
482 1
483 2
484 2
485 5
486 6
487 6
488 5
489 1
490 5
491 1
492 1
493 1
494 6
495 5
496 1
497 1
498 1
499 5
500 1
501 5
502 5
503 2
504 1
505 2
506 1
507 5
508 5
509 2
510 1
511 1
512 5
513 1
514 5
515 2
516 1
517 1
518 1
519 6
520 1
521 1
522 1
523 1
524 1
525 0
526 1
527 6
528 1
529 5
530 6
531 5
532 5
533 5
534 1
535 5
536 6
537 1
538 2
539 2
540 2
541 1
542 5
543 1
544 1
545 5
546 1
547 1
548 5
549 5
550 5
551 5
552 5
553 1
554 0
555 4
556 5
557 1
558 1
559 5
560 5
561 5
562 5
563 1
564 4
565 2
566 1
567 5
568 1
569 1
570 1
571 1
572 2
573 1
574 6
575 1
576 5
577 1
578 1
579 1
580 5
581 5
582 6
583 1
584 5
585 5
586 1
587 1
588 1
589 1
590 1
591 5
592 1
593 5
594 5
595 5
596 6
597 6
598 1
599 5
600 5
601 9
602 5
603 0
604 5
605 1
606 5
607 6
608 1
609 6
610 6
611 5
612 2
613 2
614 2
615 5
616 5
617 6
618 2
619 6
620 6
621 0
622 0
623 0
624 0
625 2
626 0
627 0
628 0
629 0
630 0
631 0
632 0
633 0
634 0
635 0
636 0
637 0
638 0
639 0
640 0
641 0
642 0
643 2
644 0
645 0
646 0
647 0
648 1
649 0
650 0
651 0
652 0
653 0
654 0
655 0
656 0
657 0
658 0
659 0
660 0
661 4
662 0
663 0
664 0
665 0
666 0
667 0
668 0
669 0
670 0
671 0
672 0
673 0
674 0
675 1
676 0
677 0
678 0
679 0
680 0
681 1
682 0
683 0
684 4
685 0
686 0
687 0
688 0
689 0
690 0
691 0
692 0
693 0
694 0
695 0
696 0
697 4
698 0
699 0
700 1
701 0
702 0
703 0
704 1
705 0
706 0
707 0
708 0
709 2
710 0
711 0
712 0
713 0
714 0
715 0
716 0
717 0
718 0
719 5
720 0
721 0
722 0
723 0
724 0
725 0
726 0
727 0
728 0
729 0
730 0
731 0
732 0
733 0
734 0
735 0
736 0
737 0
738 0
739 0
740 0
741 0
742 0
743 0
744 0
745 0
746 0
747 0
748 0
749 0
750 0
751 0
752 4
753 0
754 0
755 0
756 0
757 0
758 0
759 0
760 0
761 0
762 0
763 0
764 0
765 0
766 0
767 0
768 0
769 0
770 0
771 0
772 0
773 0
774 2
775 0
776 0
777 5
778 0
779 0
780 0
781 0
782 0
783 0
784 0
785 0
786 2
787 0
788 0
789 5
790 5
791 0
792 0
793 0
794 0
795 0
796 0
797 0
798 0
799 0
800 0
801 0
802 0
803 0
804 0
805 5
806 0
807 0
808 0
809 0
810 0
811 0
812 0
813 0
814 0
815 4
816 0
817 0
818 0
819 0
820 0
821 0
822 0
823 0
824 0
825 0
826 0
827 0
828 0
829 0
830 0
831 2
832 0
833 0
834 0
835 0
836 0
837 0
838 2
839 2
840 2
841 2
842 2
843 2
844 2
845 2
846 2
847 2
848 2
849 2
850 2
851 2
852 2
853 2
854 2
855 2
856 2
857 2
858 0
859 0
860 0
861 0
862 0
863 0
864 0
865 0
866 0
867 0
868 0
869 0
870 5
871 0
872 0
873 0
874 0
875 0
876 0
877 0
878 0
879 0
880 0
881 0
882 0
883 0
884 0
885 1
886 0
887 0
888 0
889 0
890 0
891 0
892 0
893 0
894 0
895 2
896 0
897 0
898 0
899 4
900 0
901 0
902 0
903 0
904 0
905 0
906 0
907 0
908 0
909 0
910 0
911 4
912 0
913 0
914 0
915 2
916 2
917 0
918 0
919 0
920 0
921 0
922 0
923 0
924 0
925 0
926 0
927 0
928 0
929 0
930 0
931 0
932 0
933 0
934 2
935 0
936 0
937 0
938 0
939 0
940 0
941 0
942 0
943 0
944 0
945 0
946 0
947 0
948 0
949 0
950 0
951 4
952 0
953 0
954 0
955 0
956 0
957 0
958 0
959 0
960 0
961 0
962 0
963 0
964 0
965 4
966 0
967 0
968 2
969 0
970 0
971 4
972 2
973 0
974 0
975 0
976 0
977 1
978 0
979 0
980 0
981 0
982 0
983 0
984 0
985 0
986 0
987 0
988 0
989 0
990 0
991 0
992 2
993 0
994 0
995 2
996 0
997 0
998 0
999 0
1000 0
1001 0
1002 0
1003 0
1004 5
1005 2
1006 0
1007 0
1008 0
1009 0
1010 2
1011 0
1012 0
1013 0
1014 2
1015 2
1016 2
1017 2
1018 2
1019 2
1020 0
1021 0
1022 0
1023 0
1024 0
1025 0
1026 0
1027 0
1028 4
1029 0
1030 4
1031 0
1032 0
1033 0
1034 0
1035 0
1036 0
1037 2
1038 0
1039 0
1040 2
1041 0
1042 0
1043 0
1044 2
1045 0
1046 0
1047 5
1048 0
1049 0
1050 0
1051 0
1052 0
1053 0
1054 2
1055 0
1056 0
1057 0
1058 0
1059 0
1060 0
1061 0
1062 0
1063 2
1064 2
1065 0
1066 2
1067 0
1068 0
1069 0
1070 0
1071 0
1072 0
1073 0
1074 0
1075 0
1076 0
1077 0
1078 2
1079 0
1080 0
1081 0
1082 4
1083 0
1084 0
1085 5
1086 0
1087 0
1088 0
1089 0
1090 0
1091 0
1092 0
1093 0
1094 0
1095 0
1096 4
1097 0
1098 0
1099 0
1100 0
1101 0
1102 0
1103 0
1104 0
1105 0
1106 2
1107 0
1108 2
1109 0
1110 0
1111 0
1112 0
1113 0
1114 1
1115 1
1116 0
1117 0
1118 5
1119 0
1120 0
1121 4
1122 4
1123 0
1124 5
1125 0
1126 0
1127 0
1128 0
1129 5
1130 0
1131 0
1132 0
1133 4
1134 0
1135 0
1136 0
1137 2
1138 2
1139 0
1140 2
1141 2
1142 3
1143 0
1144 2
1145 0
1146 4
1147 4
1148 2
1149 0
1150 0
1151 5
1152 0
1153 2
1154 0
1155 2
1156 5
1157 0
1158 0
1159 0
1160 0
1161 0
1162 5
1163 1
1164 5
1165 2
1166 4
1167 5
1168 5
1169 2
1170 5
1171 5
1172 5
1173 5
1174 5
1175 2
1176 0
1177 4
1178 2
1179 1
1180 4
1181 4
1182 1
1183 4
1184 1
1185 2
1186 4
1187 1
1188 1
1189 5
1190 1
1191 1
1192 1
1193 4
1194 1
1195 1
1196 1
1197 0
1198 2
1199 1
1200 1
1201 5
1202 1
1203 1
1204 4
1205 0
1206 4
1207 2
1208 2
1209 2
1210 1
1211 5
1212 4
1213 1
1214 2
1215 1
1216 0
1217 1
1218 1
1219 0
1220 1
1221 1
1222 4
1223 5
1224 1
1225 1
1226 1
1227 1
1228 4
1229 0
1230 2
1231 1
1232 2
1233 2
1234 1
1235 1
1236 1
1237 2
1238 5
1239 5
1240 4
1241 5
1242 2
1243 1
1244 4
1245 4
1246 4
1247 2
1248 0
1249 2
1250 0
1251 0
1252 1
1253 2
1254 1
1255 1
1256 2
1257 1
1258 5
1259 4
1260 0
1261 5
1262 1
1263 0
1264 4
1265 5
1266 1
1267 1
1268 1
1269 1
1270 1
1271 5
1272 5
1273 1
1274 1
1275 1
1276 1
1277 0
1278 2
1279 2
1280 1
1281 1
1282 5
1283 1
1284 4
1285 4
1286 1
1287 1
1288 1
1289 1
1290 1
1291 0
1292 4
1293 1
1294 1
1295 5
1296 2
1297 2
1298 4
1299 4
1300 4
1301 5
1302 1
1303 1
1304 5
1305 4
1306 1
1307 5
1308 1
1309 2
1310 1
1311 4
1312 5
1313 5
1314 1
1315 1
1316 4
1317 5
1318 5
1319 5
1320 1
1321 2
1322 1
1323 1
1324 5
1325 1
1326 1
1327 1
1328 2
1329 1
1330 2
1331 2
1332 1
1333 5
1334 1
1335 1
1336 4
1337 2
1338 2
1339 1
1340 2
1341 4
1342 1
1343 0
1344 1
1345 2
1346 1
1347 1
1348 4
1349 5
1350 1
1351 1
1352 1
1353 0
1354 4
1355 2
1356 5
1357 1
1358 1
1359 2
1360 1
1361 2
1362 0
1363 2
1364 1
1365 2
1366 2
1367 1
1368 4
1369 1
1370 5
1371 2
1372 2
1373 5
1374 5
1375 4
1376 5
1377 1
1378 5
1379 5
1380 2
1381 4
1382 1
1383 1
1384 4
1385 2
1386 1
1387 1
1388 1
1389 1
1390 1
1391 4
1392 2
1393 2
1394 5
1395 5
1396 1
1397 2
1398 1
1399 4
1400 1
1401 5
1402 2
1403 1
1404 2
1405 5
1406 1
1407 4
1408 1
1409 1
1410 4
1411 4
1412 2
1413 4
1414 1
1415 2
1416 1
1417 1
1418 1
1419 1
1420 1
1421 1
1422 4
1423 2
1424 1
1425 5
1426 0
1427 1
1428 5
1429 5
1430 5
1431 1
1432 2
1433 1
1434 4
1435 1
1436 4
1437 1
1438 1
1439 2
1440 0
1441 5
1442 1
1443 1
1444 1
1445 2
1446 0
1447 2
1448 1
1449 5
1450 4
1451 2
1452 5
1453 0
1454 1
1455 4
1456 4
1457 2
1458 0
1459 0
1460 2
1461 4
1462 1
1463 1
1464 2
1465 1
1466 1
1467 1
1468 4
1469 5
1470 4
1471 5
1472 1
1473 5
1474 1
1475 1
1476 2
1477 1
1478 5
1479 4
1480 2
1481 1
1482 1
1483 4
1484 1
1485 5
1486 1
1487 0
1488 5
1489 5
1490 5
1491 4
1492 2
1493 5
1494 2
1495 0
1496 1
1497 5
1498 1
1499 5
1500 5
1501 5
1502 5
1503 0
1504 5
1505 5
1506 0
1507 2
1508 1
1509 1
1510 1
1511 5
1512 5
1513 2
1514 2
1515 5
1516 5
1517 1
1518 5
1519 5
1520 1
1521 2
1522 5
1523 1
1524 4
1525 4
1526 4
1527 5
1528 4
1529 4
1530 0
1531 4
1532 5
1533 4
1534 4
1535 4
1536 2
1537 4
1538 1
1539 0
1540 5
1541 5
1542 2
1543 2
1544 2
1545 2
1546 0
1547 2
1548 1
1549 4
1550 1
1551 0
1552 4
1553 5
1554 5
1555 4
1556 5
1557 1
1558 4
1559 4
1560 4
1561 5
1562 4
1563 5
1564 4
1565 2
1566 5
1567 1
1568 5
1569 4
1570 0
1571 1
1572 4
1573 1
1574 5
1575 4
1576 1
1577 5
1578 2
1579 2
1580 5
1581 4
1582 1
1583 5
1584 1
1585 4
1586 0
1587 4
1588 4
1589 5
1590 1
1591 2
1592 1
1593 1
1594 1
1595 1
1596 5
1597 2
1598 1
1599 1
1600 1
1601 1
1602 1
1603 2
1604 5
1605 1
1606 5
1607 5
1608 1
1609 5
1610 1
1611 1
1612 1
1613 1
1614 1
1615 2
1616 4
1617 5
1618 5
1619 1
1620 5
1621 2
1622 1
1623 5
1624 4
1625 1
1626 5
1627 0
1628 5
1629 1
1630 2
1631 1
1632 4
1633 1
1634 5
1635 5
1636 2
1637 1
1638 5
1639 5
1640 4
1641 5
1642 5
1643 1
1644 1
1645 2
1646 2
1647 1
1648 5
1649 1
1650 1
1651 4
1652 4
1653 5
1654 1
1655 0
1656 2
1657 4
1658 0
1659 5
1660 1
1661 5
1662 1
1663 1
1664 1
1665 5
1666 2
1667 0
1668 1
1669 4
1670 5
1671 0
1672 5
1673 0
1674 5
1675 5
1676 5
1677 2
1678 1
1679 4
1680 5
1681 4
1682 4
1683 0
1684 1
1685 5
1686 2
1687 0
1688 2
1689 1
1690 4
1691 2
1692 2
1693 2
1694 1
1695 4
1696 5
1697 4
1698 2
1699 2
1700 2
1701 0
1702 2
1703 2
1704 1
1705 1
1706 1
1707 5
1708 1
1709 5
1710 1
1711 5
1712 5
1713 3
1714 1
1715 5
1716 2
1717 1
1718 2
1719 2
1720 1
1721 1
1722 1
1723 4
1724 1
1725 5
1726 1
1727 4
1728 1
1729 1
1730 1
1731 1
1732 4
1733 1
1734 1
1735 1
1736 5
1737 5
1738 1
1739 1
1740 4
1741 5
1742 5
1743 5
1744 1
1745 0
1746 1
1747 1
1748 1
1749 0
1750 1
1751 1
1752 1
1753 5
1754 1
1755 2
1756 2
1757 5
1758 2
1759 4
1760 0
1761 1
1762 1
1763 4
1764 4
1765 5
1766 5
1767 2
1768 1
1769 5
1770 2
1771 5
1772 1
1773 1
1774 1
1775 5
1776 1
1777 1
1778 2
1779 1
1780 1
1781 1
1782 1
1783 2
1784 2
1785 2
1786 1
1787 5
1788 2
1789 0
1790 0
1791 2
1792 2
1793 1
1794 2
1795 2
1796 2
1797 2
1798 1
1799 5
1800 2
1801 2
1802 4
1803 1
1804 3
1805 1
1806 1
1807 2
1808 1
1809 2
1810 1
1811 1
1812 1
1813 1
1814 1
1815 2
1816 5
1817 0
1818 2
1819 1
1820 2
1821 0
1822 2
1823 2
1824 0
1825 1
1826 1
1827 4
1828 1
1829 1
1830 2
1831 1
1832 1
1833 1
1834 1
1835 2
1836 1
1837 2
1838 2
1839 2
1840 1
1841 1
1842 0
1843 1
1844 1
1845 2
1846 1
1847 2
1848 1
1849 1
1850 5
1851 4
1852 5
1853 1
1854 1
1855 1
1856 1
1857 1
1858 2
1859 1
1860 2
1861 1
1862 0
1863 5
1864 4
1865 1
1866 1
1867 2
1868 1
1869 1
1870 1
1871 1
1872 1
1873 5
1874 2
1875 5
1876 5
1877 1
1878 1
1879 5
1880 4
1881 0
1882 1
1883 5
1884 4
1885 5
1886 1
1887 4
1888 4
1889 5
1890 5
1891 5
1892 5
1893 2
1894 2
1895 2
1896 2
1897 5
1898 2
1899 4
1900 5
1901 1
1902 1
1903 1
1904 0
1905 4
1906 2
1907 2
1908 5
1909 2
1910 2
1911 2
1912 2
1913 1
1914 1
1915 0
1916 2
1917 2
1918 5
1919 0
1920 0
1921 2
1922 2
1923 5
1924 2
1925 6
1926 5
1927 2
1928 4
1929 4
1930 4
1931 2
1932 2
1933 4
1934 2
1935 4
1936 4
1937 0
1938 2
1939 2
1940 2
1941 4
1942 4
1943 5
1944 5
1945 2
1946 2
1947 0
1948 4
1949 1
1950 0
1951 2
1952 1
1953 4
1954 2
1955 5
1956 1
1957 2
1958 5
1959 1
1960 1
1961 2
1962 2
1963 2
1964 2
1965 2
1966 2
1967 2
1968 2
1969 2
1970 2
1971 2
1972 2
1973 1
1974 4
1975 1
1976 5
1977 1
1978 2
1979 5
1980 4
1981 2
1982 2
1983 5
1984 1
1985 2
1986 0
1987 0
1988 2
1989 1
1990 1
1991 0
1992 5
1993 2
1994 4
1995 2
1996 2
1997 2
1998 2
1999 2
2000 2
2001 2
2002 2
2003 2
2004 0
2005 1
2006 4
2007 2
2008 2
2009 2
2010 2
2011 2
2012 2
2013 2
2014 2
2015 2
2016 4
2017 2
2018 2
2019 5
2020 2
2021 2
2022 5
2023 4
2024 0
2025 2
2026 2
2027 4
2028 2
2029 5
2030 1
2031 5
2032 2
2033 2
2034 1
2035 5
2036 4
2037 5
2038 1
2039 5
2040 1
2041 2
2042 4
2043 5
2044 2
2045 2
2046 4
2047 5
2048 4
2049 5
2050 5
2051 0
2052 5
2053 1
2054 2
2055 2
2056 1
2057 0
2058 0
2059 5
2060 2
2061 5
2062 5
2063 4
2064 4
2065 5
2066 4
2067 4
2068 5
2069 5
2070 4
2071 5
2072 5
2073 5
2074 2
2075 2
2076 2
2077 2
2078 4
2079 5
2080 5
2081 5
2082 4
2083 1
2084 5
2085 5
2086 2
2087 0
2088 5
2089 5
2090 1
2091 5
2092 0
2093 5
2094 4
2095 1
2096 1
2097 1
2098 1
2099 5
2100 5
2101 5
2102 2
2103 5
2104 5
2105 4
2106 1
2107 5
2108 5
2109 5
2110 5
2111 5
2112 5
2113 5
2114 5
2115 2
2116 5
2117 5
2118 5
2119 5
2120 5
2121 5
2122 2
2123 5
2124 2
2125 5
2126 0
2127 5
2128 4
2129 5
2130 2
2131 5
2132 5
2133 5
2134 1
2135 5
2136 1
2137 4
2138 5
2139 2
2140 5
2141 5
2142 1
2143 5
2144 5
2145 1
2146 5
2147 4
2148 5
2149 2
2150 5
2151 4
2152 5
2153 0
2154 1
2155 5
2156 5
2157 5
2158 1
2159 5
2160 2
2161 5
2162 5
2163 4
2164 5
2165 5
2166 4
2167 5
2168 5
2169 2
2170 0
2171 1
2172 1
2173 5
2174 2
2175 0
2176 5
2177 5
2178 5
2179 1
2180 4
2181 1
2182 5
2183 4
2184 1
2185 1
2186 1
2187 5
2188 2
2189 4
2190 5
2191 1
2192 1
2193 1
2194 1
2195 1
2196 2
2197 1
2198 4
2199 5
2200 1
2201 4
2202 1
2203 1
2204 5
2205 5
2206 1
2207 5
2208 4
2209 2
2210 4
2211 0
2212 2
2213 5
2214 2
2215 1
2216 5
2217 0
2218 1
2219 1
2220 1
2221 5
2222 1
2223 4
2224 0
2225 5
2226 1
2227 1
2228 2
2229 1
2230 2
2231 0
2232 1
2233 1
2234 5
2235 5
2236 4
2237 4
2238 2
2239 1
2240 4
2241 5
2242 4
2243 5
2244 4
2245 5
2246 2
2247 5
2248 4
2249 5
2250 4
2251 0
2252 0
2253 5
2254 1
2255 5
2256 2
2257 5
2258 2
2259 2
2260 5
2261 0
2262 2
2263 2
2264 5
2265 2
2266 2
2267 4
2268 5
2269 4
2270 0
2271 5
2272 5
2273 2
2274 1
2275 2
2276 5
2277 5
2278 4
2279 1
2280 2
2281 5
2282 4
2283 4
2284 4
2285 4
2286 4
2287 4
2288 4
2289 4
2290 4
2291 4
2292 2
2293 4
2294 1
2295 5
2296 4
2297 5
2298 1
2299 0
2300 1
2301 4
2302 4
2303 4
2304 1
2305 1
2306 1
2307 4
2308 1
2309 4
2310 1
2311 4
2312 4
2313 5
2314 1
2315 4
2316 5
2317 4
2318 1
2319 4
2320 1
2321 1
2322 4
2323 4
2324 5
2325 1
2326 4
2327 4
2328 1
2329 1
2330 1
2331 4
2332 1
2333 4
2334 4
2335 1
2336 4
2337 1
2338 1
2339 4
2340 4
2341 5
2342 4
2343 1
2344 1
2345 2
2346 1
2347 4
2348 4
2349 4
2350 1
2351 5
2352 1
2353 1
2354 1
2355 1
2356 1
2357 4
2358 1
2359 1
2360 0
2361 4
2362 4
2363 5
2364 4
2365 2
2366 1
2367 5
2368 4
2369 1
2370 4
2371 4
2372 1
2373 1
2374 5
2375 4
2376 1
2377 4
2378 4
2379 1
2380 4
2381 5
2382 5
2383 1
2384 5
2385 4
2386 1
2387 4
2388 4
2389 4
2390 1
2391 5
2392 4
2393 4
2394 1
2395 5
2396 4
2397 5
2398 4
2399 4
2400 1
2401 5
2402 5
2403 4
2404 4
2405 1
2406 4
2407 1
2408 4
2409 4
2410 1
2411 5
2412 4
2413 4
2414 1
2415 1
2416 1
2417 0
2418 4
2419 4
2420 4
2421 2
2422 1
2423 0
2424 1
2425 1
2426 5
2427 5
2428 4
2429 4
2430 5
2431 4
2432 4
2433 4
2434 2
2435 5
2436 1
2437 2
2438 4
2439 4
2440 5
2441 1
2442 1
2443 4
2444 5
2445 5
2446 1
2447 1
2448 1
2449 4
2450 1
2451 4
2452 1
2453 4
2454 4
2455 4
2456 4
2457 1
2458 5
2459 4
2460 4
2461 2
2462 1
2463 1
2464 2
2465 5
2466 1
2467 4
2468 5
2469 1
2470 1
2471 5
2472 4
2473 4
2474 5
2475 1
2476 1
2477 1
2478 4
2479 1
2480 4
2481 5
2482 4
2483 4
2484 1
2485 5
2486 5
2487 1
2488 1
2489 2
2490 4
2491 1
2492 4
2493 1
2494 1
2495 4
2496 1
2497 1
2498 1
2499 1
2500 5
2501 1
2502 1
2503 4
2504 4
2505 1
2506 5
2507 5
2508 4
2509 1
2510 5
2511 1
2512 4
2513 1
2514 1
2515 0
2516 4
2517 4
2518 4
2519 1
2520 4
2521 4
2522 4
2523 1
2524 4
2525 1
2526 5
2527 4
2528 1
2529 4
2530 1
2531 4
2532 2
2533 5
2534 4
2535 1
2536 4
2537 5
2538 1
2539 1
2540 4
2541 4
2542 4
2543 4
2544 4
2545 5
2546 5
2547 1
2548 4
2549 5
2550 4
2551 1
2552 4
2553 4
2554 4
2555 1
2556 1
2557 4
2558 1
2559 5
2560 1
2561 1
2562 1
2563 1
2564 5
2565 4
2566 5
2567 4
2568 4
2569 4
2570 4
2571 4
2572 1
2573 1
2574 4
2575 4
2576 2
2577 0
2578 4
2579 1
2580 4
2581 1
2582 4
2583 4
2584 2
2585 5
2586 1
2587 4
2588 4
2589 4
2590 1
2591 1
2592 4
2593 1
2594 5
2595 4
2596 4
2597 5
2598 1
2599 1
2600 4
2601 5
2602 4
2603 5
2604 5
2605 4
2606 1
2607 1
2608 1
2609 4
2610 4
2611 4
2612 1
2613 4
2614 4
2615 2
2616 5
2617 4
2618 5
2619 1
2620 1
2621 1
2622 4
2623 4
2624 1
2625 5
2626 1
2627 1
2628 4
2629 4
2630 1
2631 4
2632 1
2633 0
2634 1
2635 1
2636 4
2637 1
2638 1
2639 4
2640 1
2641 1
2642 1
2643 0
2644 4
2645 1
2646 4
2647 4
2648 5
2649 5
2650 1
2651 1
2652 5
2653 4
2654 4
2655 4
2656 5
2657 4
2658 1
2659 5
2660 4
2661 4
2662 1
2663 0
2664 0
2665 4
2666 1
2667 5
2668 1
2669 1
2670 1
2671 0
2672 2
2673 1
2674 1
2675 1
2676 4
2677 4
2678 4
2679 4
2680 1
2681 5
2682 4
2683 5
2684 1
2685 1
2686 1
2687 1
2688 4
2689 4
2690 5
2691 1
2692 1
2693 4
2694 1
2695 4
2696 4
2697 4
2698 1
2699 1
2700 1
2701 5
2702 4
2703 2
2704 1
2705 4
2706 1
2707 5
2708 2
2709 5
2710 5
2711 1
2712 5
2713 1
2714 2
2715 1
2716 2
2717 1
2718 1
2719 2
2720 1
2721 1
2722 1
2723 5
2724 2
2725 1
2726 2
2727 1
2728 2
2729 2
2730 1
2731 2
2732 1
2733 2
2734 1
2735 1
2736 1
2737 2
2738 2
2739 1
2740 2
2741 2
2742 2
2743 2
2744 2
2745 2
2746 2
2747 2
2748 2
2749 2
2750 2
2751 2
2752 5
2753 2
2754 2
2755 0
2756 5
2757 2
2758 2
2759 2
2760 2
2761 2
2762 2
2763 2
2764 2
2765 2
2766 2
2767 2
2768 2
2769 2
2770 2
2771 2
2772 0
2773 5
2774 4
2775 1
2776 5
2777 4
2778 5
2779 0
2780 5
2781 5
2782 2
2783 1
2784 2
2785 5
2786 0
2787 1
2788 0
2789 1
2790 0
2791 2
2792 5
2793 1
2794 1
2795 2
2796 5
2797 1
2798 2
2799 2
2800 2
2801 2
2802 2
2803 2
2804 2
2805 2
2806 2
2807 1
2808 1
2809 1
2810 2
2811 4
2812 5
2813 1
2814 1
2815 4
2816 2
2817 1
2818 5
2819 1
2820 5
2821 5
2822 2
2823 2
2824 2
2825 5
2826 2
2827 4
2828 2
2829 2
2830 5
2831 2
2832 2
2833 5
2834 5
2835 1
2836 1
2837 1
2838 1
2839 5
2840 1
2841 5
2842 5
2843 1
2844 4
2845 1
2846 1
2847 1
2848 1
2849 2
2850 1
2851 2
2852 1
2853 5
2854 5
2855 2
2856 4
2857 0
2858 4
2859 2
2860 2
2861 4
2862 5
2863 5
2864 5
2865 5
2866 1
2867 5
2868 1
2869 5
2870 1
2871 2
2872 1
2873 1
2874 2
2875 5
2876 5
2877 5
2878 5
2879 1
2880 5
2881 0
2882 0
2883 5
2884 1
2885 1
2886 2
2887 5
2888 5
2889 5
2890 2
2891 1
2892 5
2893 1
2894 2
2895 1
2896 5
2897 1
2898 1
2899 5
2900 5
2901 1
2902 1
2903 5
2904 5
2905 0
2906 5
2907 1
2908 5
2909 1
2910 1
2911 1
2912 5
2913 5
2914 5
2915 1
2916 1
2917 5
2918 5
2919 4
2920 2
2921 0
2922 0
2923 2
2924 1
2925 1
2926 2
2927 4
2928 5
2929 0
2930 4
2931 5
2932 5
2933 5
2934 1
2935 5
2936 5
2937 2
2938 5
2939 5
2940 5
2941 1
2942 2
2943 1
2944 1
2945 2
2946 5
2947 4
2948 5
2949 5
2950 2
2951 2
2952 2
2953 2
2954 2
2955 2
2956 2
2957 5
2958 1
2959 1
2960 5
2961 1
2962 1
2963 2
2964 5
2965 5
2966 1
2967 5
2968 2
2969 4
2970 1
2971 0
2972 1
2973 1
2974 2
2975 2
2976 1
2977 1
2978 0
2979 1
2980 1
2981 1
2982 1
2983 1
2984 5
2985 5
2986 1
2987 1
2988 5
2989 2
2990 5
2991 1
2992 1
2993 2
2994 1
2995 1
2996 1
2997 0
2998 5
2999 2
3000 1
3001 0
3002 4
3003 1
3004 5
3005 1
3006 1
3007 1
3008 1
3009 2
3010 5
3011 2
3012 1
3013 5
3014 1
3015 5
3016 0
3017 1
3018 1
3019 5
3020 5
3021 5
3022 1
3023 5
3024 1
3025 2
3026 5
3027 2
3028 1
3029 2
3030 1
3031 1
3032 2
3033 1
3034 1
3035 2
3036 1
3037 1
3038 1
3039 5
3040 1
3041 2
3042 0
3043 1
3044 5
3045 5
3046 0
3047 2
3048 1
3049 2
3050 5
3051 5
3052 2
3053 0
3054 2
3055 2
3056 2
3057 1
3058 5
3059 5
3060 5
3061 2
3062 1
3063 1
3064 1
3065 4
3066 1
3067 5
3068 1
3069 1
3070 2
3071 1
3072 1
3073 4
3074 2
3075 5
3076 5
3077 1
3078 2
3079 5
3080 5
3081 2
3082 1
3083 5
3084 2
3085 2
3086 2
3087 4
3088 1
3089 2
3090 5
3091 1
3092 2
3093 0
3094 5
3095 1
3096 1
3097 1
3098 0
3099 2
3100 2
3101 2
3102 1
3103 5
3104 2
3105 5
3106 5
3107 5
3108 1
3109 5
3110 2
3111 4
3112 2
3113 1
3114 1
3115 1
3116 0
3117 2
3118 2
3119 5
3120 2
3121 5
3122 1
3123 2
3124 4
3125 5
3126 5
3127 5
3128 1
3129 1
3130 5
3131 5
3132 5
3133 2
3134 1
3135 5
3136 2
3137 5
3138 2
3139 5
3140 5
3141 1
3142 1
3143 2
3144 2
3145 0
3146 2
3147 2
3148 2
3149 2
3150 1
3151 5
3152 5
3153 2
3154 1
3155 1
3156 1
3157 1
3158 5
3159 5
3160 4
3161 2
3162 1
3163 2
3164 5
3165 4
3166 5
3167 0
3168 5
3169 1
3170 2
3171 2
3172 1
3173 5
3174 5
3175 0
3176 5
3177 5
3178 2
3179 1
3180 1
3181 1
3182 1
3183 1
3184 1
3185 0
3186 2
3187 5
3188 0
3189 1
3190 2
3191 1
3192 4
3193 5
3194 1
3195 1
3196 0
3197 5
3198 1
3199 1
3200 5
3201 0
3202 1
3203 0
3204 1
3205 1
3206 1
3207 1
3208 5
3209 0
3210 1
3211 2
3212 1
3213 5
3214 2
3215 4
3216 2
3217 5
3218 5
3219 1
3220 2
3221 5
3222 2
3223 1
3224 1
3225 1
3226 5
3227 2
3228 2
3229 2
3230 1
3231 5
3232 5
3233 5
3234 5
3235 2
3236 1
3237 2
3238 1
3239 2
3240 2
3241 5
3242 5
3243 0
3244 5
3245 5
3246 1
3247 2
3248 4
3249 1
3250 5
3251 1
3252 5
3253 5
3254 1
3255 5
3256 5
3257 1
3258 5
3259 2
3260 5
3261 2
3262 2
3263 2
3264 2
3265 1
3266 1
3267 0
3268 1
3269 1
3270 1
3271 1
3272 0
3273 2
3274 1
3275 2
3276 5
3277 1
3278 5
3279 1
3280 1
3281 1
3282 5
3283 5
3284 1
3285 0
3286 5
3287 2
3288 5
3289 5
3290 5
3291 2
3292 1
3293 1
3294 1
3295 5
3296 5
3297 1
3298 4
3299 2
3300 1
3301 5
3302 5
3303 2
3304 2
3305 1
3306 2
3307 1
3308 1
3309 1
3310 5
3311 5
3312 0
3313 1
3314 1
3315 2
3316 5
3317 5
3318 1
3319 0
3320 1
3321 0
3322 5
3323 1
3324 4
3325 1
3326 0
3327 1
3328 1
3329 5
3330 0
3331 1
3332 1
3333 1
3334 1
3335 1
3336 1
3337 5
3338 2
3339 2
3340 0
3341 2
3342 1
3343 5
3344 2
3345 2
3346 2
3347 2
3348 2
3349 2
3350 2
3351 2
3352 2
3353 2
3354 2
3355 2
3356 2
3357 2
3358 2
3359 2
3360 2
3361 2
3362 2
3363 2
3364 2
3365 2
3366 2
3367 2
3368 2
3369 2
3370 2
3371 2
3372 2
3373 2
3374 2
3375 2
3376 1
3377 2
3378 1
3379 1
3380 5
3381 5
3382 5
3383 1
3384 5
3385 5
3386 1
3387 1
3388 5
3389 2
3390 1
3391 1
3392 4
3393 2
3394 1
3395 1
3396 1
3397 5
3398 1
3399 1
3400 1
3401 2
3402 2
3403 1
3404 5
3405 1
3406 0
3407 1
3408 1
3409 5
3410 0
3411 0
3412 5
3413 1
3414 2
3415 0
3416 5
3417 1
3418 1
3419 2
3420 5
3421 1
3422 0
3423 2
3424 1
3425 5
3426 1
3427 1
3428 1
3429 0
3430 2
3431 1
3432 1
3433 1
3434 2
3435 2
3436 2
3437 0
3438 2
3439 1
3440 1
3441 5
3442 2
3443 2
3444 5
3445 1
3446 2
3447 2
3448 1
3449 2
3450 1
3451 1
3452 1
3453 1
3454 5
3455 5
3456 1
3457 1
3458 5
3459 5
3460 4
3461 5
3462 5
3463 1
3464 5
3465 1
3466 1
3467 5
3468 1
3469 5
3470 5
3471 5
3472 0
3473 1
3474 1
3475 1
3476 5
3477 5
3478 2
3479 5
3480 2
3481 1
3482 1
3483 1
3484 5
3485 2
3486 5
3487 1
3488 1
3489 1
3490 5
3491 1
3492 5
3493 5
3494 1
3495 5
3496 0
3497 1
3498 1
3499 5
3500 1
3501 5
3502 5
3503 5
3504 5
3505 5
3506 1
3507 1
3508 5
3509 0
3510 4
3511 2
3512 2
3513 5
3514 5
3515 1
3516 1
3517 2
3518 5
3519 1
3520 1
3521 2
3522 1
3523 5
3524 1
3525 0
3526 1
3527 2
3528 1
3529 1
3530 5
3531 1
3532 5
3533 1
3534 5
3535 1
3536 1
3537 2
3538 5
3539 5
3540 1
3541 5
3542 4
3543 5
3544 4
3545 4
3546 5
3547 1
3548 1
3549 2
3550 1
3551 5
3552 0
3553 2
3554 1
3555 2
3556 5
3557 2
3558 5
3559 2
3560 5
3561 5
3562 1
3563 2
3564 1
3565 2
3566 5
3567 0
3568 1
3569 1
3570 5
3571 1
3572 0
3573 1
3574 1
3575 5
3576 5
3577 1
3578 5
3579 5
3580 5
3581 5
3582 1
3583 5
3584 4
3585 5
3586 1
3587 1
3588 5
3589 1
3590 1
3591 5
3592 5
3593 1
3594 5
3595 5
3596 0
3597 1
3598 2
3599 5
3600 4
3601 1
3602 2
3603 1
3604 1
3605 0
3606 1
3607 0
3608 5
3609 5
3610 1
3611 2
3612 1
3613 5
3614 1
3615 2
3616 4
3617 5
3618 5
3619 1
3620 5
3621 2
3622 5
3623 1
3624 2
3625 5
3626 1
3627 5
3628 2
3629 2
3630 5
3631 5
3632 2
3633 2
3634 2
3635 2
3636 2
3637 2
3638 1
3639 1
3640 4
3641 4
3642 2
3643 5
3644 1
3645 2
3646 1
3647 2
3648 5
3649 1
3650 1
3651 2
3652 2
3653 2
3654 1
3655 5
3656 5
3657 1
3658 2
3659 1
3660 5
3661 1
3662 5
3663 1
3664 1
3665 5
3666 2
3667 4
3668 5
3669 0
3670 1
3671 1
3672 1
3673 2
3674 1
3675 0
3676 5
3677 1
3678 1
3679 1
3680 1
3681 1
3682 2
3683 1
3684 2
3685 1
3686 1
3687 1
3688 2
3689 5
3690 2
3691 2
3692 2
3693 0
3694 2
3695 2
3696 1
3697 2
3698 0
3699 0
3700 1
3701 1
3702 1
3703 1
3704 0
3705 2
3706 1
3707 5
3708 2
3709 5
3710 5
3711 1
3712 5
3713 0
3714 5
3715 5
3716 1
3717 1
3718 1
3719 2
3720 1
3721 5
3722 5
3723 5
3724 0
3725 2
3726 1
3727 1
3728 0
3729 2
3730 1
3731 1
3732 2
3733 1
3734 1
3735 5
3736 5
3737 1
3738 1
3739 2
3740 1
3741 1
3742 5
3743 0
3744 1
3745 5
3746 5
3747 5
3748 1
3749 0
3750 2
3751 1
3752 2
3753 1
3754 1
3755 5
3756 5
3757 0
3758 5
3759 5
3760 1
3761 1
3762 1
3763 1
3764 1
3765 1
3766 1
3767 1
3768 1
3769 1
3770 5
3771 5
3772 1
3773 5
3774 5
3775 2
3776 1
3777 2
3778 2
3779 2
3780 0
3781 0
3782 1
3783 2
3784 5
3785 2
3786 1
3787 1
3788 0
3789 1
3790 1
3791 5
3792 1
3793 1
3794 1
3795 1
3796 5
3797 1
3798 1
3799 4
3800 1
3801 5
3802 5
3803 5
3804 5
3805 5
3806 5
3807 0
3808 2
3809 1
3810 5
3811 5
3812 2
3813 0
3814 5
3815 2
3816 1
3817 5
3818 5
3819 2
3820 2
3821 5
3822 2
3823 1
3824 2
3825 2
3826 0
3827 1
3828 1
3829 5
3830 1
3831 4
3832 5
3833 2
3834 4
3835 5
3836 2
3837 5
3838 4
3839 2
3840 1
3841 1
3842 2
3843 5
3844 5
3845 5
3846 2
3847 1
3848 5
3849 5
3850 2
3851 1
3852 5
3853 1
3854 1
3855 2
3856 5
3857 1
3858 5
3859 1
3860 5
3861 0
3862 1
3863 5
3864 1
3865 1
3866 5
3867 1
3868 5
3869 2
3870 5
3871 1
3872 5
3873 5
3874 2
3875 5
3876 5
3877 5
3878 1
3879 0
3880 2
3881 2
3882 0
3883 0
3884 1
3885 2
3886 2
3887 2
3888 5
3889 1
3890 5
3891 1
3892 1
3893 5
3894 5
3895 5
3896 0
3897 5
3898 5
3899 5
3900 5
3901 5
3902 5
3903 0
3904 2
3905 2
3906 1
3907 5
3908 0
3909 1
3910 5
3911 1
3912 5
3913 4
3914 1
3915 2
3916 0
3917 1
3918 1
3919 1
3920 5
3921 1
3922 1
3923 5
3924 1
3925 1
3926 1
3927 0
3928 5
3929 1
3930 5
3931 2
3932 2
3933 2
3934 1
3935 5
3936 2
3937 2
3938 1
3939 5
3940 1
3941 5
3942 1
3943 4
3944 4
3945 4
3946 2
3947 2
3948 2
3949 2
3950 2
3951 5
3952 1
3953 2
3954 0
3955 0
3956 1
3957 0
3958 2
3959 0
3960 1
3961 2
3962 2
3963 0
3964 2
3965 5
3966 2
3967 0
3968 2
3969 2
3970 2
3971 0
3972 0
3973 0
3974 0
3975 1
3976 0
3977 4
3978 0
3979 5
3980 0
3981 2
3982 0
3983 2
3984 2
3985 5
3986 1
3987 2
3988 2
3989 2
3990 5
3991 0
3992 2
3993 2
3994 2
3995 2
3996 5
3997 5
3998 5
3999 0
4000 5
4001 2
4002 5
4003 1
4004 5
4005 5
4006 0
4007 1
4008 2
4009 1
4010 1
4011 1
4012 1
4013 1
4014 5
4015 5
4016 5
4017 1
4018 0
4019 1
4020 5
4021 0
4022 0
4023 1
4024 1
4025 2
4026 1
4027 5
4028 5
4029 1
4030 5
4031 5
4032 2
4033 5
4034 1
4035 5
4036 1
4037 2
4038 2
4039 2
4040 1
4041 1
4042 2
4043 0
4044 1
4045 2
4046 2
4047 5
4048 2
4049 0
4050 1
4051 5
4052 5
4053 1
4054 5
4055 2
4056 2
4057 1
4058 5
4059 5
4060 1
4061 5
4062 5
4063 1
4064 2
4065 5
4066 1
4067 1
4068 2
4069 5
4070 5
4071 2
4072 2
4073 0
4074 0
4075 5
4076 2
4077 5
4078 1
4079 1
4080 1
4081 1
4082 2
4083 5
4084 5
4085 2
4086 1
4087 2
4088 4
4089 2
4090 2
4091 0
4092 2
4093 0
4094 2
4095 0
4096 2
4097 2
4098 0
4099 1
4100 5
4101 2
4102 2
4103 1
4104 1
4105 5
4106 1
4107 0
4108 5
4109 1
4110 1
4111 5
4112 2
4113 2
4114 1
4115 1
4116 5
4117 0
4118 0
4119 5
4120 0
4121 0
4122 1
4123 0
4124 1
4125 5
4126 2
4127 1
4128 0
4129 1
4130 2
4131 0
4132 5
4133 1
4134 5
4135 1
4136 2
4137 2
4138 4
4139 5
4140 5
4141 5
4142 2
4143 5
4144 0
4145 2
4146 0
4147 2
4148 0
4149 2
4150 2
4151 1
4152 5
4153 2
4154 5
4155 2
4156 2
4157 1
4158 5
4159 2
4160 2
4161 2
4162 5
4163 2
4164 2
4165 2
4166 2
4167 1
4168 2
4169 2
4170 0
4171 2
4172 2
4173 5
4174 5
4175 6
4176 5
4177 2
4178 1
4179 5
4180 1
4181 5
4182 2
4183 5
4184 2
4185 5
4186 1
4187 1
4188 3
4189 1
4190 2
4191 1
4192 2
4193 1
4194 1
4195 1
4196 5
4197 1
4198 2
4199 1
4200 3
4201 1
4202 1
4203 1
4204 1
4205 1
4206 2
4207 1
4208 5
4209 1
4210 1
4211 1
4212 5
4213 0
4214 2
4215 0
4216 2
4217 1
4218 2
4219 2
4220 2
4221 2
4222 2
4223 2
4224 2
4225 2
4226 2
4227 0
4228 0
4229 0
4230 0
4231 5
4232 5
4233 2
4234 2
4235 0
4236 4
4237 2
4238 2
4239 2
4240 2
4241 0
4242 5
4243 5
4244 0
4245 5
4246 2
4247 5
4248 2
4249 2
4250 5
4251 1
4252 5
4253 5
4254 1
4255 5
4256 5
4257 2
4258 5
4259 5
4260 2
4261 2
4262 2
4263 0
4264 1
4265 2
4266 0
4267 2
4268 2
4269 2
4270 2
4271 2
4272 1
4273 2
4274 2
4275 2
4276 1
4277 1
4278 2
4279 2
4280 2
4281 1
4282 5
4283 2
4284 2
4285 1
4286 2
4287 0
4288 2
4289 1
4290 1
4291 1
4292 5
4293 2
4294 5
4295 5
4296 8
4297 5
4298 2
4299 2
4300 0
4301 2
4302 2
4303 2
4304 2
4305 2
4306 2
4307 0
4308 5
4309 2
4310 2
4311 1
4312 2
4313 1
4314 2
4315 1
4316 2
4317 2
4318 2
4319 2
4320 5
4321 1
4322 2
4323 2
4324 0
4325 2
4326 2
4327 1
4328 0
4329 2
4330 2
4331 0
4332 1
4333 2
4334 2
4335 2
4336 1
4337 5
4338 1
4339 5
4340 0
4341 0
4342 1
4343 2
4344 2
4345 1
4346 2
4347 2
4348 2
4349 5
4350 2
4351 2
4352 2
4353 2
4354 2
4355 2
4356 2
4357 2
4358 2
4359 2
4360 2
4361 2
4362 2
4363 2
4364 0
4365 2
4366 2
4367 2
4368 2
4369 2
4370 2
4371 2
4372 2
4373 5
4374 2
4375 2
4376 2
4377 2
4378 0
4379 2
4380 2
4381 2
4382 2
4383 0
4384 2
4385 2
4386 2
4387 0
4388 2
4389 2
4390 1
4391 0
4392 2
4393 2
4394 2
4395 2
4396 2
4397 0
4398 2
4399 2
4400 2
4401 2
4402 0
4403 0
4404 2
4405 1
4406 2
4407 5
4408 0
4409 2
4410 2
4411 2
4412 0
4413 1
4414 5
4415 5
4416 0
4417 2
4418 0
4419 2
4420 2
4421 2
4422 2
4423 2
4424 0
4425 2
4426 2
4427 2
4428 2
4429 0
4430 2
4431 0
4432 0
4433 1
4434 7
4435 7
4436 7
4437 7
4438 2
4439 7
4440 7
4441 7
4442 5
4443 5
4444 5
4445 7
4446 7
4447 1
4448 5
4449 1
4450 1
4451 1
4452 1
4453 2
4454 1
4455 2
4456 2
4457 0
4458 1
4459 1
4460 2
4461 1
4462 2
4463 2
4464 1
4465 1
4466 5
4467 1
4468 1
4469 5
4470 2
4471 1
4472 5
4473 1
4474 5
4475 5
4476 5
4477 1
4478 1
4479 2
4480 5
4481 0
4482 2
4483 1
4484 1
4485 2
4486 2
4487 2
4488 1
4489 1
4490 2
4491 2
4492 0
4493 2
4494 1
4495 5
4496 5
4497 2
4498 5
4499 1
4500 2
4501 2
4502 2
4503 0
4504 1
4505 0
4506 2
4507 0
4508 1
4509 5
4510 1
4511 1
4512 2
4513 2
4514 1
4515 2
4516 1
4517 2
4518 2
4519 2
4520 2
4521 2
4522 1
4523 2
4524 2
4525 2
4526 2
4527 0
4528 2
4529 2
4530 2
4531 2
4532 0
4533 5
4534 2
4535 2
4536 2
4537 5
4538 2
4539 0
4540 2
4541 2
4542 2
4543 5
4544 0
4545 2
4546 5
4547 2
4548 5
4549 5
4550 5
4551 2
4552 2
4553 2
4554 2
4555 5
4556 2
4557 2
4558 5
4559 1
4560 5
4561 1
4562 5
4563 1
4564 5
4565 5
4566 2
4567 5
4568 1
4569 4
4570 1
4571 2
4572 1
4573 1
4574 5
4575 4
4576 1
4577 5
4578 5
4579 1
4580 1
4581 2
4582 0
4583 5
4584 5
4585 1
4586 2
4587 5
4588 1
4589 1
4590 2
4591 1
4592 2
4593 2
4594 5
4595 5
4596 4
4597 1
4598 5
4599 1
4600 5
4601 2
4602 1
4603 1
4604 5
4605 2
4606 1
4607 1
4608 1
4609 1
4610 4
4611 1
4612 1
4613 1
4614 1
4615 1
4616 2
4617 1
4618 1
4619 1
4620 1
4621 1
4622 1
4623 1
4624 1
4625 2
4626 1
4627 2
4628 1
4629 6
4630 1
4631 2
4632 1
4633 1
4634 1
4635 5
4636 1
4637 1
4638 1
4639 1
4640 1
4641 1
4642 1
4643 2
4644 1
4645 1
4646 1
4647 1
4648 1
4649 1
4650 2
4651 1
4652 2
4653 2
4654 2
4655 2
4656 2
4657 2
4658 2
4659 2
4660 2
4661 1
4662 2
4663 2
4664 2
4665 2
4666 2
4667 2
4668 5
4669 2
4670 1
4671 1
4672 1
4673 1
4674 5
4675 5
4676 2
4677 2
4678 2
4679 2
4680 2
4681 2
4682 2
4683 2
4684 2
4685 2
4686 2
4687 2
4688 1
4689 5
4690 1
4691 1
4692 1
4693 1
4694 2
4695 5
4696 2
4697 5
4698 5
4699 5
4700 2
4701 0
4702 1
4703 2
4704 2
4705 2
4706 2
4707 2
4708 2
4709 2
4710 2
4711 2
4712 4
4713 1
4714 1
4715 1
4716 2
4717 5
4718 5
4719 5
4720 2
4721 1
4722 1
4723 2
4724 1
4725 0
4726 1
4727 2
4728 5
4729 1
4730 5
4731 1
4732 5
4733 5
4734 1
4735 1
4736 2
4737 5
4738 1
4739 1
4740 5
4741 2
4742 2
4743 0
4744 1
4745 1
4746 1
4747 5
4748 1
4749 1
4750 1
4751 1
4752 1
4753 5
4754 2
4755 1
4756 1
4757 1
4758 1
4759 1
4760 2
4761 1
4762 2
4763 1
4764 1
4765 2
4766 1
4767 1
4768 5
4769 1
4770 1
4771 1
4772 1
4773 1
4774 1
4775 1
4776 1
4777 5
4778 5
4779 1
4780 2
4781 2
4782 1
4783 2
4784 2
4785 1
4786 2
4787 5
4788 1
4789 1
4790 1
4791 1
4792 5
4793 5
4794 2
4795 1
4796 1
4797 1
4798 5
4799 5
4800 1
4801 1
4802 1
4803 1
4804 2
4805 1
4806 1
4807 2
4808 5
4809 1
4810 0
4811 1
4812 2
4813 1
4814 5
4815 1
4816 2
4817 5
4818 1
4819 1
4820 5
4821 2
4822 1
4823 5
4824 2
4825 1
4826 1
4827 5
4828 1
4829 2
4830 5
4831 5
4832 1
4833 1
4834 1
4835 1
4836 1
4837 1
4838 1
4839 1
4840 2
4841 4
4842 1
4843 2
4844 1
4845 1
4846 1
4847 1
4848 5
4849 1
4850 2
4851 2
4852 1
4853 1
4854 1
4855 1
4856 1
4857 2
4858 1
4859 1
4860 1
4861 1
4862 1
4863 1
4864 1
4865 5
4866 1
4867 5
4868 5
4869 1
4870 2
4871 5
4872 5
4873 5
4874 1
4875 1
4876 5
4877 2
4878 5
4879 1
4880 1
4881 1
4882 1
4883 1
4884 1
4885 1
4886 2
4887 1
4888 2
4889 2
4890 5
4891 1
4892 1
4893 5
4894 1
4895 1
4896 2
4897 1
4898 1
4899 1
4900 1
4901 1
4902 0
4903 2
4904 1
4905 1
4906 1
4907 5
4908 1
4909 2
4910 1
4911 1
4912 1
4913 1
4914 1
4915 0
4916 1
4917 1
4918 1
4919 2
4920 1
4921 1
4922 1
4923 1
4924 5
4925 5
4926 1
4927 2
4928 1
4929 0
4930 1
4931 2
4932 1
4933 1
4934 1
4935 1
4936 1
4937 5
4938 2
4939 1
4940 1
4941 1
4942 5
4943 5
4944 0
4945 5
4946 1
4947 2
4948 2
4949 5
4950 2
4951 2
4952 5
4953 2
4954 2
4955 1
4956 1
4957 1
4958 0
4959 2
4960 5
4961 2
4962 5
4963 0
4964 2
4965 5
4966 1
4967 5
4968 2
4969 5
4970 1
4971 2
4972 2
4973 2
4974 2
4975 2
4976 0
4977 0
4978 0
4979 1
4980 1
4981 1
4982 5
4983 2
4984 2
4985 2
4986 1
4987 1
4988 2
4989 1
4990 1
4991 0
4992 2
4993 0
4994 5
4995 2
4996 2
4997 2
4998 1
4999 2
5000 2
5001 2
5002 2
5003 2
5004 1
5005 5
5006 2
5007 2
5008 2
5009 1
5010 5
5011 1
5012 2
5013 1
5014 2
5015 2
5016 5
5017 2
5018 0
5019 5
5020 1
5021 2
5022 2
5023 1
5024 5
5025 4
5026 5
5027 0
5028 5
5029 1
5030 0
5031 0
5032 1
5033 2
5034 2
5035 1
5036 1
5037 0
5038 1
5039 5
5040 5
5041 2
5042 0
5043 5
5044 2
5045 1
5046 2
5047 2
5048 0
5049 0
5050 1
5051 2
5052 5
5053 2
5054 1
5055 4
5056 5
5057 0
5058 0
5059 2
5060 1
5061 5
5062 2
5063 1
5064 0
5065 2
5066 1
5067 1
5068 1
5069 1
5070 2
5071 2
5072 5
5073 2
5074 2
5075 0
5076 2
5077 5
5078 4
5079 5
5080 1
5081 2
5082 1
5083 1
5084 5
5085 1
5086 5
5087 5
5088 5
5089 5
5090 1
5091 2
5092 1
5093 2
5094 2
5095 1
5096 1
5097 1
5098 0
5099 1
5100 0
5101 2
5102 2
5103 2
5104 2
5105 5
5106 1
5107 1
5108 1
5109 2
5110 1
5111 1
5112 0
5113 2
5114 5
5115 1
5116 1
5117 1
5118 0
5119 5
5120 2
5121 5
5122 0
5123 1
5124 1
5125 2
5126 0
5127 2
5128 2
5129 2
5130 5
5131 0
5132 5
5133 2
5134 2
5135 2
5136 2
5137 2
5138 2
5139 2
5140 2
5141 0
5142 2
5143 1
5144 2
5145 0
5146 1
5147 1
5148 1
5149 1
5150 2
5151 0
5152 5
5153 2
5154 0
5155 1
5156 0
5157 5
5158 0
5159 1
5160 5
5161 0
5162 2
5163 2
5164 2
5165 2
5166 5
5167 5
5168 2
5169 1
5170 1
5171 1
5172 3
5173 1
5174 2
5175 1
5176 5
5177 1
5178 2
5179 2
5180 1
5181 4
5182 2
5183 5
5184 5
5185 1
5186 2
5187 2
5188 0
5189 5
5190 1
5191 2
5192 1
5193 2
5194 1
5195 2
5196 2
5197 5
5198 5
5199 1
5200 1
5201 5
5202 5
5203 2
5204 0
5205 2
5206 2
5207 2
5208 2
5209 2
5210 1
5211 5
5212 1
5213 2
5214 2
5215 2
5216 0
5217 2
5218 1
5219 5
5220 1
5221 1
5222 5
5223 5
5224 5
5225 2
5226 2
5227 1
5228 1
5229 5
5230 2
5231 0
5232 1
5233 2
5234 4
5235 2
5236 0
5237 2
5238 2
5239 2
5240 2
5241 1
5242 2
5243 5
5244 1
5245 2
5246 5
5247 2
5248 0
5249 2
5250 0
5251 2
5252 1
5253 0
5254 2
5255 0
5256 2
5257 5
5258 1
5259 2
5260 5
5261 5
5262 1
5263 1
5264 1
5265 1
5266 5
5267 0
5268 2
5269 0
5270 5
5271 0
5272 5
5273 0
5274 2
5275 2
5276 5
5277 2
5278 8
5279 0
5280 8
5281 2
5282 0
5283 1
5284 2
5285 2
5286 5
5287 2
5288 2
5289 2
5290 2
5291 2
5292 1
5293 5
5294 0
5295 3
5296 1
5297 1
5298 5
5299 1
5300 2
5301 2
5302 4
5303 2
5304 2
5305 2
5306 0
5307 2
5308 5
5309 2
5310 0
5311 5
5312 0
5313 0
5314 0
5315 0
5316 4
5317 0
5318 5
5319 5
5320 0
5321 2
5322 2
5323 2
5324 2
5325 2
5326 1
5327 5
5328 2
5329 2
5330 5
5331 0
5332 0
5333 0
5334 5
5335 5
5336 0
5337 2
5338 1
5339 2
5340 1
5341 2
5342 2
5343 0
5344 2
5345 2
5346 2
5347 2
5348 2
5349 5
5350 5
5351 5
5352 2
5353 1
5354 2
5355 1
5356 2
5357 5
5358 2
5359 1
5360 1
5361 1
5362 5
5363 1
5364 1
5365 2
5366 5
5367 2
5368 2
5369 2
5370 5
5371 5
5372 2
5373 1
5374 2
5375 1
5376 1
5377 4
5378 5
5379 2
5380 1
5381 0
5382 0
5383 0
5384 5
5385 0
5386 2
5387 5
5388 5
5389 1
5390 2
5391 2
5392 2
5393 1
5394 11
5395 5
5396 2
5397 9
5398 9
5399 9
5400 5
5401 9
5402 2
5403 9
5404 2
5405 9
5406 2
5407 2
5408 6
5409 9
5410 0
5411 9
5412 1
5413 9
5414 2
5415 2
5416 9
5417 2
5418 1
5419 2
5420 2
5421 0
5422 9
5423 2
5424 2
5425 1
5426 2
5427 2
5428 1
5429 1
5430 2
5431 2
5432 2
5433 0
5434 0
5435 0
5436 5
5437 1
5438 2
5439 2
5440 2
5441 2
5442 0
5443 5
5444 2
5445 2
5446 2
5447 2
5448 2
5449 5
5450 2
5451 2
5452 2
5453 2
5454 2
5455 5
5456 2
5457 2
5458 0
5459 2
5460 2
5461 2
5462 5
5463 2
5464 5
5465 0
5466 2
5467 2
5468 0
5469 4
5470 2
5471 2
5472 0
5473 2
5474 0
5475 2
5476 0
5477 5
5478 2
5479 2
5480 2
5481 2
5482 2
5483 2
5484 2
5485 2
5486 2
5487 2
5488 2
5489 2
5490 2
5491 2
5492 2
5493 2
5494 2
5495 2
5496 2
5497 2
5498 1
5499 5
5500 1
5501 2
5502 2
5503 2
5504 5
5505 2
5506 2
5507 2
5508 2
5509 2
5510 2
5511 2
5512 2
5513 2
5514 5
5515 2
5516 2
5517 0
5518 2
5519 1
5520 2
5521 0
5522 2
5523 2
5524 2
5525 2
5526 2
5527 5
5528 1
5529 3
5530 2
5531 2
5532 2
5533 2
5534 2
5535 0
5536 5
5537 2
5538 5
5539 0
5540 2
5541 2
5542 2
5543 0
5544 2
5545 2
5546 2
5547 4
5548 5
5549 2
5550 2
5551 1
5552 5
5553 2
5554 2
5555 2
5556 5
5557 2
5558 2
5559 2
5560 2
5561 5
5562 1
5563 1
5564 2
5565 2
5566 2
5567 2
5568 1
5569 5
5570 5
5571 2
5572 2
5573 2
5574 2
5575 2
5576 2
5577 5
5578 5
5579 2
5580 2
5581 1
5582 2
5583 1
5584 1
5585 2
5586 2
5587 2
5588 2
5589 1
5590 2
5591 2
5592 0
5593 2
5594 2
5595 2
5596 5
5597 2
5598 2
5599 1
5600 2
5601 0
5602 1
5603 2
5604 5
5605 5
5606 5
5607 5
5608 5
5609 2
5610 2
5611 2
5612 2
5613 0
5614 6
5615 1
5616 5
5617 2
5618 2
5619 5
5620 2
5621 1
5622 2
5623 0
5624 2
5625 5
5626 2
5627 5
5628 1
5629 1
5630 1
5631 1
5632 1
5633 1
5634 1
5635 1
5636 0
5637 1
5638 1
5639 1
5640 5
5641 1
5642 1
5643 5
5644 2
5645 4
5646 1
5647 5
5648 5
5649 2
5650 1
5651 2
5652 2
5653 2
5654 1
5655 1
5656 1
5657 0
5658 0
5659 2
5660 2
5661 0
5662 0
5663 0
5664 0
5665 0
5666 2
5667 0
5668 2
5669 0
5670 0
5671 0
5672 0
5673 0
5674 0
5675 0
5676 1
5677 0
5678 0
5679 0
5680 0
5681 0
5682 0
5683 0
5684 0
5685 0
5686 1
5687 0
5688 0
5689 0
5690 0
5691 0
5692 0
5693 0
5694 1
5695 1
5696 5
5697 1
5698 5
5699 1
5700 1
5701 1
5702 5
5703 1
5704 2
5705 2
5706 5
5707 5
5708 1
5709 2
5710 2
5711 0
5712 2
5713 1
5714 1
5715 2
5716 1
5717 0
5718 5
5719 2
5720 5
5721 1
5722 1
5723 0
5724 4
5725 2
5726 5
5727 2
5728 1
5729 1
5730 1
5731 1
5732 5
5733 5
5734 2
5735 2
5736 2
5737 2
5738 2
5739 5
5740 5
5741 5
5742 4
5743 5
5744 1
5745 1
5746 2
5747 5
5748 5
5749 4
5750 1
5751 2
5752 0
5753 2
5754 1
5755 2
5756 2
5757 2
5758 1
5759 1
5760 1
5761 1
5762 5
5763 1
5764 1
5765 1
5766 0
5767 0
5768 1
5769 0
5770 1
5771 0
5772 1
5773 5
5774 5
5775 1
5776 1
5777 0
5778 1
5779 2
5780 1
5781 1
5782 0
5783 5
5784 1
5785 2
5786 1
5787 1
5788 1
5789 5
5790 1
5791 1
5792 5
5793 1
5794 1
5795 1
5796 5
5797 1
5798 5
5799 1
5800 0
5801 1
5802 2
5803 1
5804 1
5805 2
5806 2
5807 2
5808 1
5809 2
5810 1
5811 0
5812 2
5813 1
5814 1
5815 5
5816 4
5817 0
5818 1
5819 1
5820 0
5821 1
5822 1
5823 1
5824 2
5825 5
5826 1
5827 1
5828 4
5829 1
5830 4
5831 2
5832 1
5833 1
5834 5
5835 4
5836 5
5837 1
5838 5
5839 2
5840 5
5841 5
5842 1
5843 1
5844 1
5845 5
5846 1
5847 2
5848 2
5849 0
5850 2
5851 2
5852 2
5853 2
5854 5
5855 1
5856 2
5857 5
5858 2
5859 1
5860 1
5861 5
5862 1
5863 1
5864 1
5865 1
5866 2
5867 1
5868 2
5869 4
5870 5
5871 2
5872 2
5873 2
5874 1
5875 5
5876 1
5877 5
5878 0
5879 1
5880 2
5881 1
5882 5
5883 1
5884 1
5885 0
5886 0
5887 0
5888 1
5889 1
5890 1
5891 1
5892 1
5893 4
5894 1
5895 0
5896 1
5897 5
5898 1
5899 1
5900 1
5901 1
5902 2
5903 1
5904 1
5905 2
5906 1
5907 0
5908 0
5909 1
5910 5
5911 0
5912 5
5913 2
5914 3
5915 0
5916 1
5917 2
5918 1
5919 1
5920 2
5921 5
5922 5
5923 5
5924 2
5925 5
5926 1
5927 1
5928 5
5929 4
5930 1
5931 2
5932 2
5933 1
5934 2
5935 2
5936 1
5937 1
5938 1
5939 5
5940 1
5941 2
5942 5
5943 2
5944 0
5945 5
5946 1
5947 1
5948 2
5949 5
5950 1
5951 2
5952 1
5953 5
5954 1
5955 5
5956 5
5957 1
5958 1
5959 1
5960 2
5961 5
5962 1
5963 0
5964 1
5965 2
5966 2
5967 1
5968 4
5969 2
5970 1
5971 5
5972 2
5973 0
5974 2
5975 0
5976 1
5977 2
5978 5
5979 2
5980 0
5981 2
5982 2
5983 5
5984 2
5985 5
5986 2
5987 5
5988 1
5989 2
5990 2
5991 1
5992 1
5993 5
5994 2
5995 1
5996 2
5997 0
5998 1
5999 2
6000 1
6001 2
6002 2
6003 0
6004 2
6005 1
6006 1
6007 1
6008 0
6009 5
6010 5
6011 2
6012 1
6013 5
6014 4
6015 1
6016 4
6017 5
6018 5
6019 0
6020 1
6021 2
6022 1
6023 2
6024 2
6025 0
6026 0
6027 0
6028 0
6029 2
6030 2
6031 2
6032 2
6033 2
6034 5
6035 1
6036 4
6037 1
6038 2
6039 2
6040 0
6041 2
6042 5
6043 5
6044 2
6045 2
6046 2
6047 2
6048 2
6049 4
6050 2
6051 5
6052 2
6053 2
6054 1
6055 2
6056 5
6057 5
6058 1
6059 1
6060 1
6061 4
6062 5
6063 5
6064 5
6065 5
6066 5
6067 0
6068 5
6069 5
6070 5
6071 0
6072 2
6073 1
6074 2
6075 0
6076 1
6077 4
6078 0
6079 1
6080 1
6081 5
6082 1
6083 0
6084 0
6085 5
6086 0
6087 0
6088 0
6089 2
6090 1
6091 2
6092 0
6093 0
6094 0
6095 2
6096 0
6097 0
6098 2
6099 2
6100 0
6101 2
6102 4
6103 1
6104 2
6105 2
6106 2
6107 2
6108 2
6109 2
6110 2
6111 2
6112 2
6113 2
6114 2
6115 2
6116 2
6117 2
6118 2
6119 2
6120 2
6121 2
6122 2
6123 2
6124 2
6125 2
6126 2
6127 2
6128 2
6129 2
6130 2
6131 2
6132 2
6133 2
6134 2
6135 1
6136 2
6137 0
6138 2
6139 5
6140 1
6141 2
6142 1
6143 1
6144 0
6145 1
6146 1
6147 2
6148 2
6149 1
6150 1
6151 5
6152 2
6153 1
6154 1
6155 5
6156 1
6157 2
6158 2
6159 5
6160 2
6161 1
6162 2
6163 2
6164 2
6165 1
6166 2
6167 2
6168 2
6169 4
6170 2
6171 2
6172 2
6173 4
6174 2
6175 1
6176 2
6177 2
6178 2
6179 5
6180 2
6181 1
6182 4
6183 5
6184 2
6185 5
6186 1
6187 5
6188 2
6189 5
6190 2
6191 2
6192 2
6193 5
6194 1
6195 1
6196 1
6197 1
6198 1
6199 5
6200 1
6201 5
6202 1
6203 1
6204 1
6205 5
6206 2
6207 5
6208 2
6209 1
6210 1
6211 5
6212 3
6213 4
6214 5
6215 4
6216 1
6217 0
6218 5
6219 4
6220 4
6221 1
6222 2
6223 5
6224 0
6225 6
6226 11
6227 1
6228 5
6229 5
6230 2
6231 5
6232 5
6233 2
6234 2
6235 2
6236 5
6237 2
6238 0
6239 5
6240 0
6241 1
6242 1
6243 4
6244 2
6245 0
6246 2
6247 5
6248 4
6249 5
6250 2
6251 5
6252 2
6253 2
6254 2
6255 0
6256 0
6257 2
6258 2
6259 2
6260 5
6261 2
6262 4
6263 5
6264 5
6265 0
6266 5
6267 0
6268 0
6269 0
6270 5
6271 2
6272 4
6273 0
6274 2
6275 0
6276 2
6277 2
6278 2
6279 0
6280 0
6281 2
6282 2
6283 2
6284 2
6285 1
6286 4
6287 0
6288 0
6289 0
6290 2
6291 5
6292 10
6293 10
6294 10
6295 10
6296 10
6297 2
6298 11
6299 10
6300 10
6301 10
6302 10
6303 4
6304 2
6305 5
6306 0
6307 0
6308 1
6309 2
6310 2
6311 2
6312 2
6313 2
6314 2
6315 2
6316 0
6317 2
6318 2
6319 2
6320 2
6321 2
6322 1
6323 2
6324 2
6325 2
6326 2
6327 2
6328 2
6329 2
6330 2
6331 2
6332 2
6333 2
6334 2
6335 2
6336 2
6337 2
6338 2
6339 2
6340 2
6341 0
6342 5
6343 2
6344 2
6345 1
6346 0
6347 5
6348 2
6349 5
6350 0
6351 0
6352 1
6353 5
6354 2
6355 1
6356 5
6357 0
6358 0
6359 2
6360 2
6361 0
6362 5
6363 2
6364 0
6365 0
6366 1
6367 4
6368 1
6369 4
6370 1
6371 0
6372 4
6373 0
6374 0
6375 2
6376 5
6377 3
6378 2
6379 2
6380 2
6381 2
6382 2
6383 0
6384 1
6385 0
6386 2
6387 2
6388 4
6389 0
6390 4
6391 0
6392 1
6393 2
6394 5
6395 4
6396 2
6397 2
6398 5
6399 4
6400 2
6401 1
6402 2
6403 2
6404 2
6405 0
6406 2
6407 2
6408 1
6409 2
6410 2
6411 2
6412 2
6413 2
6414 1
6415 5
6416 2
6417 2
6418 2
6419 2
6420 2
6421 5
6422 2
6423 2
6424 2
6425 2
6426 3
6427 2
6428 2
6429 1
6430 5
6431 5
6432 2
6433 2
6434 0
6435 2
6436 5
6437 2
6438 2
6439 2
6440 2
6441 2
6442 0
6443 2
6444 2
6445 0
6446 2
6447 2
6448 2
6449 2
6450 2
6451 1
6452 4
6453 1
6454 2
6455 2
6456 2
6457 2
6458 0
6459 1
6460 1
6461 2
6462 1
6463 5
6464 5
6465 5
6466 0
6467 0
6468 5
6469 2
6470 3
6471 2
6472 2
6473 2
6474 5
6475 5
6476 2
6477 2
6478 5
6479 5
6480 0
6481 2
6482 2
6483 2
6484 5
6485 2
6486 1
6487 0
6488 1
6489 5
6490 0
6491 2
6492 2
6493 1
6494 2
6495 2
6496 2
6497 2
6498 2
6499 2
6500 2
6501 0
6502 1
6503 2
6504 1
6505 2
6506 5
6507 5
6508 1
6509 1
6510 3
6511 5
6512 5
6513 2
6514 2
6515 4
6516 1
6517 4
6518 2
6519 5
6520 5
6521 2
6522 2
6523 0
6524 0
6525 0
6526 2
6527 4
6528 5
6529 2
6530 2
6531 2
6532 2
6533 2
6534 2
6535 0
6536 0
6537 1
6538 1
6539 1
6540 1
6541 2
6542 2
6543 0
6544 2
6545 2
6546 2
6547 2
6548 2
6549 2
6550 5
6551 2
6552 1
6553 2
6554 2
6555 2
6556 1
6557 2
6558 5
6559 2
6560 2
6561 1
6562 0
6563 2
6564 2
6565 2
6566 2
6567 2
6568 2
6569 5
6570 0
6571 2
6572 5
6573 5
6574 0
6575 0
6576 2
6577 2
6578 2
6579 2
6580 2
6581 2
6582 2
6583 2
6584 2
6585 2
6586 2
6587 2
6588 2
6589 2
6590 2
6591 2
6592 2
6593 2
6594 2
6595 2
6596 2
6597 2
6598 2
6599 2
6600 2
6601 2
6602 2
6603 2
6604 2
6605 2
6606 1
6607 0
6608 0
6609 2
6610 2
6611 0
6612 2
6613 2
6614 2
6615 2
6616 2
6617 2
6618 2
6619 2
6620 1
6621 1
6622 5
6623 5
6624 2
6625 2
6626 2
6627 1
6628 0
6629 0
6630 0
6631 2
6632 2
6633 1
6634 2
6635 0
6636 2
6637 2
6638 0
6639 5
6640 4
6641 4
6642 4
6643 4
6644 4
6645 0
6646 0
6647 2
6648 0
6649 3
6650 3
6651 5
6652 5
6653 1
6654 5
6655 0
6656 1
6657 2
6658 5
6659 5
6660 2
6661 5
6662 2
6663 0
6664 0
6665 1
6666 6
6667 2
6668 6
6669 6
6670 4
6671 6
6672 5
6673 5
6674 5
6675 6
6676 6
6677 1
6678 6
6679 6
6680 6
6681 5
6682 6
6683 2
6684 6
6685 6
6686 6
6687 6
6688 6
6689 4
6690 5
6691 6
6692 6
6693 5
6694 0
6695 6
6696 0
6697 2
6698 2
6699 0
6700 0
6701 2
6702 5
6703 5
6704 2
6705 5
6706 2
6707 2
6708 2
6709 5
6710 2
6711 2
6712 2
6713 2
6714 4
6715 5
6716 2
6717 5
6718 5
6719 2
6720 2
6721 5
6722 2
6723 1
6724 2
6725 0
6726 0
6727 2
6728 0
6729 2
6730 2
6731 0
6732 2
6733 2
6734 2
6735 4
6736 2
6737 2
6738 2
6739 2
6740 2
6741 2
6742 1
6743 2
6744 2
6745 2
6746 5
6747 2
6748 2
6749 2
6750 2
6751 0
6752 1
6753 0
6754 1
6755 0
6756 2
6757 4
6758 2
6759 2
6760 2
6761 2
6762 1
6763 3
6764 0
6765 2
6766 0
6767 1
6768 5
6769 5
6770 1
6771 1
6772 1
6773 1
6774 1
6775 5
6776 2
6777 5
6778 1
6779 5
6780 1
6781 5
6782 4
6783 2
6784 0
6785 1
6786 1
6787 1
6788 1
6789 1
6790 2
6791 0
6792 1
6793 1
6794 1
6795 5
6796 2
6797 1
6798 3
6799 1
6800 5
6801 1
6802 1
6803 0
6804 1
6805 0
6806 1
6807 1
6808 2
6809 1
6810 5
6811 2
6812 1
6813 1
6814 1
6815 1
6816 1
6817 2
6818 0
6819 0
6820 4
6821 4
6822 1
6823 1
6824 2
6825 1
6826 0
6827 5
6828 1
6829 3
6830 5
6831 1
6832 4
6833 1
6834 5
6835 1
6836 1
6837 5
6838 0
6839 4
6840 1
6841 1
6842 1
6843 5
6844 1
6845 1
6846 1
6847 2
6848 1
6849 2
6850 5
6851 2
6852 0
6853 4
6854 4
6855 2
6856 2
6857 0
6858 2
6859 5
6860 4
6861 2
6862 2
6863 2
6864 2
6865 2
6866 2
6867 2
6868 2
6869 2
6870 2
6871 2
6872 1
6873 2
6874 0
6875 0
6876 0
6877 2
6878 0
6879 3
6880 0
6881 0
6882 0
6883 2
6884 2
6885 2
6886 0
6887 5
6888 2
6889 2
6890 2
6891 0
6892 2
6893 2
6894 2
6895 2
6896 2
6897 0
6898 0
6899 2
6900 2
6901 2
6902 0
6903 3
6904 2
6905 2
6906 2
6907 2
6908 0
6909 0
6910 0
6911 0
6912 0
6913 0
6914 2
6915 2
6916 5
6917 1
6918 1
6919 5
6920 0
6921 0
6922 5
6923 5
6924 5
6925 2
6926 2
6927 2
6928 1
6929 2
6930 2
6931 2
6932 0
6933 5
6934 5
6935 0
6936 2
6937 4
6938 2
6939 2
6940 2
6941 2
6942 2
6943 2
6944 2
6945 0
6946 2
6947 0
6948 2
6949 0
6950 0
6951 0
6952 2
6953 2
6954 2
6955 2
6956 2
6957 2
6958 2
6959 2
6960 2
6961 2
6962 2
6963 2
6964 2
6965 2
6966 2
6967 2
6968 2
6969 5
6970 2
6971 5
6972 2
6973 2
6974 2
6975 2
6976 0
6977 2
6978 0
6979 2
6980 2
6981 2
6982 2
6983 0
6984 0
6985 2
6986 5
6987 2
6988 5
6989 5
6990 0
6991 5
6992 5
6993 5
6994 1
6995 1
6996 0
6997 5
6998 2
6999 1
7000 2
7001 4
7002 1
7003 2
7004 0
7005 1
7006 5
7007 1
7008 2
7009 5
7010 1
7011 2
7012 1
7013 2
7014 0
7015 2
7016 2
7017 1
7018 2
7019 2
7020 0
7021 1
7022 1
7023 1
7024 2
7025 5
7026 4
7027 4
7028 2
7029 5
7030 0
7031 2
7032 2
7033 2
7034 2
7035 2
7036 2
7037 2
7038 2
7039 2
7040 1
7041 2
7042 1
7043 5
7044 0
7045 0
7046 0
7047 0
7048 0
7049 0
7050 2
7051 3
7052 2
7053 1
7054 2
7055 5
7056 5
7057 5
7058 3
7059 1
7060 2
7061 2
7062 2
7063 4
7064 2
7065 2
7066 2
7067 0
7068 0
7069 2
7070 0
7071 0
7072 2
7073 0
7074 0
7075 0
7076 0
7077 2
7078 2
7079 2
7080 0
7081 2
7082 0
7083 0
7084 0
7085 2
7086 2
7087 0
7088 0
7089 2
7090 2
7091 0
7092 0
7093 3
7094 3
7095 3
7096 3
7097 3
7098 3
7099 3
7100 5
7101 3
7102 3
7103 3
7104 3
7105 3
7106 5
7107 3
7108 3
7109 0
7110 3
7111 3
7112 0
7113 0
7114 0
7115 0
7116 4
7117 2
7118 2
7119 1
7120 2
7121 2
7122 2
7123 5
7124 2
7125 2
7126 2
7127 2
7128 2
7129 0
7130 2
7131 0
7132 5
7133 0
7134 2
7135 2
7136 2
7137 2
7138 2
7139 2
7140 2
7141 2
7142 2
7143 0
7144 1
7145 0
7146 0
7147 2
7148 0
7149 2
7150 2
7151 0
7152 4
7153 4
7154 0
7155 0
7156 5
7157 4
7158 1
7159 5
7160 5
7161 5
7162 5
7163 2
7164 2
7165 2
7166 5
7167 2
7168 5
7169 5
7170 5
7171 5
7172 5
7173 5
7174 5
7175 1
7176 5
7177 5
7178 5
7179 1
7180 5
7181 1
7182 5
7183 5
7184 5
7185 5
7186 2
7187 2
7188 2
7189 2
7190 2
7191 2
7192 2
7193 2
7194 2
7195 2
7196 2
7197 2
7198 2
7199 4
7200 4
7201 4
7202 4
7203 4
7204 4
7205 4
7206 4
7207 4
7208 4
7209 4
7210 4
7211 5
7212 5
7213 5
7214 5
7215 4
7216 5
7217 2
7218 5
7219 0
7220 0
7221 5
7222 5
7223 2
7224 4
7225 2
7226 0
7227 0
7228 1
7229 4
7230 4
7231 0
7232 0
7233 2
7234 2
7235 2
7236 2
7237 0
7238 0
7239 0
7240 0
7241 2
7242 2
7243 1
7244 1
7245 2
7246 0
7247 0
7248 1
7249 2
7250 2
7251 11
7252 1
7253 5
7254 11
7255 11
7256 0
7257 2
7258 2
7259 5
7260 0
7261 1
7262 0
7263 0
7264 0
7265 2
7266 2
7267 0
7268 0
7269 2
7270 2
7271 0
7272 0
7273 0
7274 2
7275 2
7276 2
7277 2
7278 2
7279 2
7280 2
7281 2
7282 2
7283 2
7284 2
7285 2
7286 2
7287 2
7288 2
7289 2
7290 2
7291 2
7292 2
7293 2
7294 2
7295 2
7296 2
7297 2
7298 2
7299 2
7300 2
7301 2
7302 2
7303 2
7304 2
7305 2
7306 2
7307 2
7308 2
7309 2
7310 2
7311 2
7312 2
7313 2
7314 2
7315 2
7316 2
7317 2
7318 2
7319 2
7320 2
7321 2
7322 0
7323 2
7324 2
7325 2
7326 2
7327 2
7328 2
7329 2
7330 2
7331 2
7332 2
7333 2
7334 2
7335 2
7336 4
7337 4
7338 2
7339 2
7340 5
7341 1
7342 0
7343 0
7344 0
7345 0
7346 0
7347 0
7348 0
7349 5
7350 4
7351 4
7352 0
7353 0
7354 5
7355 0
7356 0
7357 0
7358 2
7359 5
7360 5
7361 5
7362 2
7363 2
7364 2
7365 2
7366 2
7367 2
7368 2
7369 2
7370 2
7371 2
7372 2
7373 2
7374 2
7375 2
7376 2
7377 0
7378 0
7379 2
7380 2
7381 2
7382 2
7383 2
7384 5
7385 2
7386 0
7387 0
7388 2
7389 2
7390 0
7391 2
7392 5
7393 2
7394 1
7395 0
7396 12
7397 12
7398 0
7399 0
7400 2
7401 5
7402 2
7403 2
7404 2
7405 5
7406 0
7407 0
7408 0
7409 5
7410 5
7411 0
7412 0
7413 0
7414 2
7415 2
7416 2
7417 2
7418 2
7419 2
7420 2
7421 0
7422 0
7423 0
7424 0
7425 2
7426 2
7427 2
7428 2
7429 2
7430 2
7431 2
7432 0
7433 0
7434 2
7435 2
7436 2
7437 2
7438 2
7439 2
7440 2
7441 2
7442 5
7443 5
7444 5
7445 5
7446 2
7447 2
7448 2
7449 2
7450 2
7451 2
7452 2
7453 2
7454 2
7455 1
7456 1
7457 1
7458 1
7459 1
7460 0
7461 1
7462 4
7463 4
7464 0
7465 1
7466 1
7467 1
7468 1
7469 1
7470 1
7471 1
7472 2
7473 2
7474 5
7475 5
7476 4
7477 2
7478 2
7479 2
7480 2
7481 2
7482 2
7483 2
7484 0
7485 0
7486 0
7487 0
7488 5
7489 5
7490 5
7491 0
7492 2
7493 4
7494 1
7495 5
7496 5
7497 5
7498 5
7499 2
7500 5
7501 0
7502 2
7503 5
7504 5
7505 2
7506 2
7507 2
7508 2
7509 2
7510 5
7511 2
7512 2
7513 2
7514 2
7515 2
7516 2
7517 1
7518 2
7519 0
7520 0
7521 0
7522 0
7523 0
7524 0
7525 0
7526 0
7527 2
7528 0
7529 0
7530 0
7531 0
7532 0
7533 0
7534 0
7535 1
7536 5
7537 5
7538 0
7539 0
7540 1
7541 5
7542 0
7543 2
7544 2
7545 2
7546 2
7547 2
7548 2
7549 2
7550 0
7551 0
7552 0
7553 1
7554 2
7555 2
7556 0
7557 2
7558 2
7559 0
7560 0
7561 0
7562 5
7563 0
7564 0
7565 0
7566 0
7567 5
7568 5
7569 5
7570 0
7571 0
7572 0
7573 5
7574 2
7575 2
7576 2
7577 2
7578 2
7579 2
7580 2
7581 2
7582 2
7583 2
7584 2
7585 1
7586 0
7587 0
7588 2
7589 2
7590 2
7591 2
7592 2
7593 2
7594 5
7595 5
7596 5
7597 1
7598 1
7599 1
7600 0
7601 0
7602 0
7603 0
7604 0
7605 0
network of communities computed : Thu Jan  7 08:42:24 2010

network : 13 nodes, 85 links, 65264804 weight.
pass number 1 of -1 : 0.132445 0.131665
pass number 2 of -1 : 0.132445 0.132445
communities computed : Thu Jan  7 08:42:24 2010
modularity increased from 0.131665 to 0.132445
0 4
1 2
2 0
3 2
4 1
5 2
6 2
7 3
8 0
9 5
10 6
11 7
12 2
network of communities computed : Thu Jan  7 08:42:24 2010

network : 8 nodes, 34 links, 65264804 weight.
pass number 1 of -1 : 0.132445 0.132445
communities computed : Thu Jan  7 08:42:24 2010
modularity increased from 0.132445 to 0.132445
0 0
1 1
2 2
3 3
4 4
5 5
6 6
7 7
network of communities computed : Thu Jan  7 08:42:24 2010
1e-06 0.132445 127
