Sender: LSF System <lsfadmin@bc09-n03>
Subject: Job 429345: <comm_cor64> Done

Job <comm_cor64> was submitted from host <bc10-n13> by user <jabloche> in cluster <lucky>.
Job was executed on host(s) <bc09-n03>, in queue <week>, as user <jabloche> in cluster <lucky>.
</afs/isis.unc.edu/home/j/a/jabloche> was used as the home directory.
</netscr/jabloche/FirmNetworks/cLouvain> was used as the working directory.
Started at Thu Jan  7 08:40:37 2010
Results reported at Thu Jan  7 08:41:36 2010

Your job looked like:

------------------------------------------------------------
# LSBATCH: User input
/netscr/jabloche/FirmNetworks/cLouvain/community /smallfs/jabloche/fn_edge/el_cor64.bin -l -1 -w
------------------------------------------------------------

Successfully completed.

Resource usage summary:

    CPU time   :     28.86 sec.
    Max Memory :        56 MB
    Max Swap   :       205 MB

    Max Processes  :         4
    Max Threads    :         4

The output (if any) follows:

Your home directory for this job is /netscr/jabloche
start : Thu Jan  7 08:40:37 2010
total : 3311322
file read : Thu Jan  7 08:41:07 2010
network : 6657 nodes, 3311322 links, 484337960 weight.
pass number 1 of -1 : 0.110437 -0.000294786
pass number 2 of -1 : 0.128084 0.110437
pass number 3 of -1 : 0.132196 0.128084
pass number 4 of -1 : 0.13416 0.132196
pass number 5 of -1 : 0.135194 0.13416
pass number 6 of -1 : 0.135447 0.135194
pass number 7 of -1 : 0.135512 0.135447
pass number 8 of -1 : 0.135544 0.135512
pass number 9 of -1 : 0.135573 0.135544
pass number 10 of -1 : 0.135601 0.135573
pass number 11 of -1 : 0.135615 0.135601
pass number 12 of -1 : 0.135622 0.135615
pass number 13 of -1 : 0.135629 0.135622
pass number 14 of -1 : 0.135633 0.135629
pass number 15 of -1 : 0.135635 0.135633
pass number 16 of -1 : 0.135646 0.135635
pass number 17 of -1 : 0.135653 0.135646
pass number 18 of -1 : 0.135656 0.135653
pass number 19 of -1 : 0.135659 0.135656
pass number 20 of -1 : 0.135665 0.135659
pass number 21 of -1 : 0.135678 0.135665
pass number 22 of -1 : 0.135685 0.135678
pass number 23 of -1 : 0.1357 0.135685
pass number 24 of -1 : 0.135729 0.1357
pass number 25 of -1 : 0.135813 0.135729
pass number 26 of -1 : 0.136045 0.135813
pass number 27 of -1 : 0.136209 0.136045
pass number 28 of -1 : 0.136222 0.136209
pass number 29 of -1 : 0.136237 0.136222
pass number 30 of -1 : 0.136241 0.136237
pass number 31 of -1 : 0.136241 0.136241
communities computed : Thu Jan  7 08:41:36 2010
modularity increased from -0.000294786 to 0.136241
0 2
1 2
2 0
3 2
4 1
5 2
6 1
7 1
8 1
9 2
10 1
11 1
12 2
13 0
14 3
15 2
16 2
17 0
18 0
19 1
20 3
21 0
22 2
23 1
24 1
25 3
26 2
27 2
28 1
29 1
30 0
31 1
32 1
33 1
34 1
35 2
36 0
37 1
38 0
39 1
40 1
41 2
42 1
43 0
44 2
45 1
46 0
47 2
48 2
49 0
50 1
51 1
52 2
53 2
54 2
55 1
56 1
57 1
58 1
59 1
60 2
61 1
62 1
63 0
64 2
65 0
66 2
67 1
68 1
69 1
70 1
71 0
72 1
73 2
74 1
75 1
76 1
77 2
78 1
79 2
80 2
81 2
82 2
83 2
84 2
85 1
86 2
87 0
88 0
89 1
90 1
91 1
92 2
93 1
94 1
95 2
96 2
97 0
98 1
99 1
100 1
101 1
102 2
103 2
104 1
105 0
106 1
107 0
108 2
109 2
110 2
111 1
112 1
113 1
114 2
115 0
116 1
117 1
118 1
119 2
120 2
121 2
122 2
123 2
124 1
125 2
126 0
127 2
128 2
129 3
130 0
131 2
132 2
133 1
134 2
135 1
136 2
137 1
138 2
139 0
140 0
141 1
142 2
143 1
144 1
145 2
146 2
147 2
148 2
149 0
150 2
151 0
152 0
153 0
154 1
155 1
156 3
157 3
158 1
159 2
160 1
161 2
162 2
163 2
164 1
165 1
166 1
167 0
168 3
169 2
170 0
171 3
172 1
173 2
174 1
175 1
176 2
177 1
178 2
179 0
180 1
181 1
182 2
183 2
184 2
185 1
186 2
187 1
188 1
189 1
190 1
191 1
192 1
193 1
194 2
195 3
196 2
197 0
198 2
199 2
200 1
201 1
202 2
203 1
204 1
205 1
206 2
207 1
208 0
209 1
210 0
211 0
212 1
213 2
214 2
215 2
216 2
217 1
218 0
219 0
220 1
221 2
222 2
223 1
224 1
225 1
226 1
227 3
228 0
229 2
230 2
231 1
232 1
233 1
234 2
235 1
236 1
237 1
238 2
239 2
240 1
241 2
242 1
243 2
244 2
245 2
246 2
247 1
248 1
249 2
250 0
251 2
252 1
253 1
254 1
255 1
256 1
257 1
258 0
259 2
260 1
261 1
262 1
263 0
264 1
265 1
266 1
267 1
268 2
269 1
270 1
271 1
272 1
273 0
274 1
275 1
276 3
277 2
278 2
279 2
280 1
281 1
282 3
283 2
284 2
285 1
286 2
287 1
288 2
289 0
290 0
291 2
292 1
293 1
294 0
295 0
296 0
297 1
298 1
299 2
300 1
301 2
302 0
303 2
304 1
305 2
306 2
307 1
308 1
309 0
310 2
311 0
312 3
313 1
314 1
315 0
316 1
317 0
318 1
319 1
320 0
321 1
322 1
323 2
324 2
325 2
326 1
327 3
328 3
329 2
330 2
331 0
332 1
333 3
334 2
335 1
336 1
337 0
338 2
339 1
340 2
341 2
342 1
343 1
344 1
345 1
346 0
347 2
348 0
349 1
350 1
351 2
352 1
353 2
354 1
355 2
356 2
357 1
358 2
359 1
360 2
361 0
362 0
363 0
364 3
365 2
366 0
367 1
368 2
369 2
370 0
371 2
372 1
373 1
374 2
375 2
376 1
377 1
378 3
379 1
380 2
381 2
382 2
383 2
384 0
385 1
386 2
387 1
388 2
389 1
390 2
391 1
392 0
393 3
394 1
395 1
396 1
397 1
398 1
399 0
400 1
401 2
402 3
403 1
404 0
405 1
406 2
407 1
408 1
409 0
410 1
411 2
412 1
413 1
414 1
415 1
416 1
417 0
418 1
419 0
420 0
421 1
422 0
423 1
424 2
425 2
426 1
427 1
428 0
429 0
430 2
431 1
432 2
433 2
434 2
435 0
436 3
437 1
438 0
439 0
440 0
441 2
442 2
443 1
444 1
445 2
446 1
447 2
448 0
449 2
450 2
451 1
452 2
453 1
454 2
455 1
456 2
457 1
458 1
459 1
460 1
461 2
462 2
463 1
464 0
465 2
466 3
467 0
468 0
469 1
470 3
471 1
472 1
473 1
474 1
475 1
476 3
477 1
478 1
479 2
480 2
481 0
482 2
483 1
484 1
485 0
486 2
487 2
488 2
489 2
490 1
491 0
492 3
493 1
494 2
495 2
496 2
497 0
498 1
499 3
500 1
501 1
502 2
503 1
504 2
505 1
506 1
507 2
508 1
509 2
510 2
511 1
512 1
513 1
514 2
515 2
516 2
517 1
518 1
519 2
520 2
521 2
522 2
523 1
524 1
525 1
526 1
527 2
528 0
529 0
530 1
531 1
532 0
533 1
534 1
535 1
536 2
537 1
538 0
539 2
540 1
541 0
542 1
543 2
544 0
545 1
546 1
547 1
548 2
549 2
550 2
551 1
552 0
553 0
554 1
555 1
556 1
557 2
558 0
559 2
560 2
561 1
562 1
563 1
564 1
565 2
566 1
567 2
568 2
569 2
570 0
571 2
572 3
573 1
574 0
575 2
576 2
577 2
578 2
579 2
580 0
581 1
582 0
583 1
584 1
585 2
586 1
587 1
588 1
589 1
590 2
591 1
592 1
593 1
594 2
595 1
596 0
597 3
598 0
599 2
600 0
601 1
602 1
603 1
604 0
605 1
606 1
607 1
608 1
609 1
610 1
611 1
612 1
613 1
614 1
615 2
616 1
617 1
618 1
619 1
620 1
621 1
622 1
623 1
624 1
625 1
626 1
627 1
628 1
629 1
630 1
631 1
632 1
633 1
634 1
635 1
636 1
637 1
638 1
639 1
640 1
641 1
642 1
643 1
644 1
645 1
646 1
647 1
648 1
649 1
650 1
651 1
652 1
653 1
654 1
655 1
656 1
657 1
658 1
659 1
660 1
661 1
662 1
663 1
664 1
665 1
666 1
667 1
668 1
669 1
670 1
671 1
672 1
673 1
674 1
675 1
676 1
677 0
678 0
679 0
680 0
681 1
682 1
683 1
684 2
685 3
686 3
687 0
688 1
689 1
690 1
691 0
692 0
693 2
694 2
695 0
696 0
697 1
698 1
699 2
700 1
701 3
702 2
703 2
704 2
705 1
706 2
707 3
708 1
709 2
710 1
711 3
712 1
713 2
714 2
715 2
716 2
717 3
718 3
719 1
720 2
721 0
722 2
723 0
724 3
725 0
726 1
727 1
728 0
729 1
730 0
731 1
732 1
733 2
734 3
735 1
736 1
737 1
738 3
739 0
740 3
741 2
742 2
743 2
744 1
745 2
746 2
747 0
748 1
749 2
750 0
751 1
752 1
753 1
754 0
755 2
756 2
757 2
758 1
759 2
760 2
761 2
762 1
763 1
764 1
765 2
766 3
767 1
768 1
769 1
770 1
771 3
772 2
773 2
774 1
775 1
776 0
777 1
778 1
779 0
780 2
781 2
782 1
783 2
784 2
785 2
786 2
787 2
788 1
789 1
790 2
791 1
792 1
793 2
794 2
795 1
796 2
797 0
798 2
799 1
800 0
801 2
802 1
803 2
804 1
805 0
806 1
807 2
808 2
809 1
810 2
811 1
812 1
813 1
814 2
815 0
816 2
817 2
818 2
819 1
820 2
821 2
822 1
823 1
824 1
825 1
826 1
827 2
828 1
829 0
830 0
831 1
832 0
833 2
834 2
835 1
836 2
837 0
838 1
839 0
840 1
841 2
842 3
843 0
844 0
845 1
846 1
847 0
848 0
849 0
850 0
851 0
852 1
853 1
854 1
855 1
856 0
857 1
858 2
859 1
860 2
861 1
862 2
863 1
864 2
865 1
866 2
867 2
868 0
869 0
870 1
871 0
872 2
873 0
874 1
875 2
876 1
877 1
878 2
879 1
880 2
881 2
882 1
883 2
884 1
885 1
886 0
887 1
888 2
889 1
890 0
891 1
892 1
893 2
894 0
895 1
896 2
897 2
898 0
899 2
900 1
901 1
902 2
903 0
904 2
905 0
906 1
907 1
908 1
909 1
910 0
911 2
912 1
913 2
914 1
915 1
916 2
917 3
918 0
919 2
920 2
921 1
922 1
923 2
924 1
925 1
926 0
927 1
928 0
929 1
930 2
931 2
932 2
933 2
934 1
935 1
936 2
937 1
938 0
939 0
940 1
941 0
942 2
943 2
944 0
945 1
946 2
947 1
948 0
949 1
950 1
951 2
952 2
953 1
954 0
955 0
956 1
957 1
958 2
959 2
960 1
961 1
962 2
963 1
964 1
965 1
966 2
967 2
968 2
969 2
970 1
971 2
972 0
973 0
974 1
975 1
976 2
977 1
978 2
979 0
980 2
981 1
982 0
983 2
984 2
985 0
986 1
987 0
988 0
989 1
990 2
991 1
992 2
993 3
994 2
995 2
996 2
997 0
998 1
999 1
1000 1
1001 3
1002 2
1003 2
1004 1
1005 1
1006 1
1007 3
1008 1
1009 2
1010 2
1011 2
1012 1
1013 2
1014 2
1015 0
1016 1
1017 2
1018 1
1019 3
1020 2
1021 2
1022 3
1023 2
1024 2
1025 2
1026 1
1027 2
1028 1
1029 1
1030 1
1031 2
1032 0
1033 2
1034 2
1035 1
1036 3
1037 2
1038 1
1039 1
1040 2
1041 1
1042 1
1043 0
1044 1
1045 2
1046 0
1047 0
1048 1
1049 2
1050 2
1051 1
1052 2
1053 1
1054 1
1055 3
1056 1
1057 1
1058 0
1059 2
1060 2
1061 2
1062 1
1063 2
1064 2
1065 3
1066 3
1067 3
1068 3
1069 1
1070 2
1071 2
1072 2
1073 3
1074 1
1075 1
1076 1
1077 2
1078 2
1079 1
1080 3
1081 0
1082 2
1083 2
1084 1
1085 0
1086 0
1087 0
1088 1
1089 1
1090 2
1091 2
1092 2
1093 1
1094 1
1095 2
1096 2
1097 2
1098 1
1099 0
1100 1
1101 1
1102 1
1103 2
1104 0
1105 1
1106 1
1107 2
1108 2
1109 1
1110 1
1111 2
1112 1
1113 1
1114 1
1115 2
1116 1
1117 0
1118 0
1119 0
1120 1
1121 2
1122 1
1123 1
1124 1
1125 0
1126 1
1127 2
1128 1
1129 0
1130 1
1131 0
1132 1
1133 1
1134 2
1135 1
1136 0
1137 3
1138 2
1139 1
1140 1
1141 0
1142 0
1143 0
1144 1
1145 2
1146 0
1147 3
1148 1
1149 2
1150 1
1151 1
1152 1
1153 0
1154 0
1155 1
1156 2
1157 1
1158 2
1159 1
1160 1
1161 1
1162 1
1163 1
1164 0
1165 2
1166 1
1167 1
1168 1
1169 2
1170 1
1171 1
1172 1
1173 1
1174 1
1175 1
1176 1
1177 1
1178 2
1179 0
1180 1
1181 1
1182 1
1183 2
1184 2
1185 2
1186 3
1187 2
1188 1
1189 2
1190 1
1191 2
1192 0
1193 2
1194 2
1195 0
1196 2
1197 2
1198 1
1199 2
1200 2
1201 3
1202 0
1203 1
1204 2
1205 3
1206 1
1207 1
1208 1
1209 2
1210 2
1211 1
1212 1
1213 2
1214 0
1215 0
1216 1
1217 1
1218 2
1219 2
1220 2
1221 0
1222 2
1223 1
1224 1
1225 1
1226 3
1227 1
1228 1
1229 1
1230 2
1231 0
1232 1
1233 2
1234 2
1235 0
1236 0
1237 1
1238 0
1239 2
1240 2
1241 2
1242 1
1243 1
1244 2
1245 2
1246 0
1247 1
1248 2
1249 1
1250 1
1251 1
1252 2
1253 3
1254 1
1255 1
1256 2
1257 0
1258 2
1259 0
1260 1
1261 1
1262 1
1263 2
1264 1
1265 1
1266 2
1267 1
1268 1
1269 2
1270 2
1271 0
1272 1
1273 2
1274 2
1275 1
1276 1
1277 0
1278 1
1279 3
1280 1
1281 1
1282 1
1283 1
1284 1
1285 1
1286 1
1287 0
1288 0
1289 1
1290 1
1291 2
1292 2
1293 2
1294 1
1295 1
1296 1
1297 1
1298 2
1299 1
1300 1
1301 0
1302 1
1303 3
1304 1
1305 2
1306 1
1307 2
1308 1
1309 1
1310 1
1311 0
1312 0
1313 3
1314 1
1315 1
1316 1
1317 1
1318 1
1319 0
1320 1
1321 1
1322 2
1323 1
1324 1
1325 1
1326 1
1327 1
1328 2
1329 0
1330 0
1331 1
1332 2
1333 2
1334 3
1335 0
1336 2
1337 2
1338 0
1339 1
1340 1
1341 1
1342 1
1343 1
1344 1
1345 3
1346 0
1347 2
1348 1
1349 1
1350 2
1351 1
1352 2
1353 0
1354 2
1355 2
1356 2
1357 1
1358 0
1359 2
1360 3
1361 0
1362 1
1363 1
1364 1
1365 1
1366 2
1367 2
1368 1
1369 2
1370 2
1371 2
1372 1
1373 0
1374 1
1375 0
1376 1
1377 1
1378 2
1379 1
1380 1
1381 0
1382 1
1383 1
1384 3
1385 2
1386 1
1387 2
1388 0
1389 0
1390 1
1391 1
1392 0
1393 2
1394 2
1395 1
1396 1
1397 1
1398 1
1399 1
1400 0
1401 2
1402 2
1403 1
1404 2
1405 2
1406 2
1407 1
1408 1
1409 2
1410 0
1411 1
1412 1
1413 1
1414 1
1415 0
1416 2
1417 1
1418 2
1419 1
1420 1
1421 1
1422 1
1423 3
1424 1
1425 2
1426 2
1427 1
1428 1
1429 1
1430 2
1431 1
1432 2
1433 0
1434 1
1435 1
1436 0
1437 1
1438 1
1439 1
1440 1
1441 1
1442 1
1443 1
1444 2
1445 1
1446 0
1447 3
1448 2
1449 0
1450 0
1451 0
1452 1
1453 2
1454 1
1455 1
1456 2
1457 1
1458 1
1459 1
1460 2
1461 1
1462 1
1463 1
1464 1
1465 0
1466 0
1467 2
1468 1
1469 2
1470 1
1471 1
1472 1
1473 3
1474 2
1475 2
1476 1
1477 1
1478 0
1479 2
1480 0
1481 1
1482 1
1483 1
1484 1
1485 1
1486 1
1487 1
1488 1
1489 1
1490 1
1491 1
1492 1
1493 1
1494 1
1495 1
1496 1
1497 1
1498 1
1499 1
1500 1
1501 1
1502 2
1503 1
1504 2
1505 2
1506 2
1507 1
1508 0
1509 1
1510 1
1511 0
1512 3
1513 1
1514 3
1515 1
1516 2
1517 2
1518 2
1519 3
1520 0
1521 3
1522 1
1523 0
1524 2
1525 2
1526 0
1527 1
1528 0
1529 1
1530 2
1531 2
1532 1
1533 2
1534 1
1535 0
1536 0
1537 1
1538 1
1539 1
1540 1
1541 0
1542 1
1543 0
1544 1
1545 0
1546 0
1547 0
1548 1
1549 2
1550 2
1551 1
1552 1
1553 2
1554 2
1555 0
1556 0
1557 1
1558 0
1559 1
1560 2
1561 1
1562 1
1563 0
1564 0
1565 0
1566 0
1567 1
1568 1
1569 0
1570 0
1571 1
1572 1
1573 1
1574 0
1575 2
1576 2
1577 0
1578 1
1579 1
1580 3
1581 1
1582 1
1583 0
1584 1
1585 1
1586 0
1587 0
1588 1
1589 1
1590 2
1591 0
1592 1
1593 2
1594 0
1595 1
1596 2
1597 3
1598 2
1599 1
1600 0
1601 2
1602 1
1603 1
1604 2
1605 1
1606 2
1607 0
1608 1
1609 2
1610 2
1611 1
1612 1
1613 2
1614 1
1615 2
1616 0
1617 0
1618 1
1619 3
1620 3
1621 3
1622 3
1623 2
1624 3
1625 2
1626 0
1627 1
1628 2
1629 1
1630 1
1631 2
1632 1
1633 0
1634 3
1635 2
1636 1
1637 2
1638 0
1639 2
1640 2
1641 1
1642 1
1643 1
1644 0
1645 0
1646 1
1647 1
1648 1
1649 1
1650 2
1651 1
1652 1
1653 1
1654 0
1655 1
1656 2
1657 2
1658 2
1659 2
1660 2
1661 0
1662 0
1663 2
1664 2
1665 1
1666 2
1667 2
1668 0
1669 0
1670 1
1671 2
1672 1
1673 0
1674 1
1675 1
1676 0
1677 2
1678 0
1679 2
1680 2
1681 1
1682 2
1683 1
1684 0
1685 2
1686 1
1687 1
1688 2
1689 2
1690 1
1691 2
1692 1
1693 2
1694 2
1695 2
1696 2
1697 3
1698 2
1699 1
1700 2
1701 0
1702 1
1703 2
1704 3
1705 1
1706 0
1707 1
1708 1
1709 1
1710 1
1711 2
1712 2
1713 1
1714 1
1715 2
1716 2
1717 2
1718 2
1719 1
1720 2
1721 2
1722 1
1723 3
1724 1
1725 1
1726 2
1727 1
1728 1
1729 2
1730 2
1731 2
1732 1
1733 1
1734 2
1735 1
1736 0
1737 2
1738 2
1739 1
1740 2
1741 1
1742 0
1743 2
1744 1
1745 2
1746 0
1747 2
1748 1
1749 1
1750 2
1751 0
1752 2
1753 1
1754 3
1755 2
1756 1
1757 1
1758 1
1759 0
1760 1
1761 2
1762 2
1763 1
1764 2
1765 1
1766 1
1767 2
1768 2
1769 0
1770 2
1771 2
1772 2
1773 1
1774 1
1775 1
1776 1
1777 1
1778 1
1779 2
1780 2
1781 2
1782 2
1783 2
1784 1
1785 1
1786 1
1787 1
1788 1
1789 0
1790 1
1791 3
1792 1
1793 1
1794 2
1795 1
1796 0
1797 0
1798 2
1799 2
1800 0
1801 2
1802 1
1803 1
1804 1
1805 2
1806 1
1807 1
1808 3
1809 3
1810 1
1811 0
1812 1
1813 1
1814 2
1815 1
1816 2
1817 1
1818 1
1819 2
1820 1
1821 2
1822 3
1823 2
1824 1
1825 1
1826 1
1827 1
1828 1
1829 0
1830 0
1831 1
1832 2
1833 1
1834 1
1835 2
1836 0
1837 3
1838 1
1839 1
1840 2
1841 1
1842 1
1843 1
1844 2
1845 2
1846 2
1847 0
1848 1
1849 1
1850 0
1851 2
1852 1
1853 1
1854 2
1855 2
1856 1
1857 2
1858 1
1859 2
1860 2
1861 0
1862 2
1863 2
1864 1
1865 1
1866 1
1867 2
1868 1
1869 2
1870 1
1871 1
1872 3
1873 2
1874 1
1875 1
1876 0
1877 1
1878 2
1879 1
1880 1
1881 0
1882 1
1883 2
1884 2
1885 1
1886 0
1887 0
1888 1
1889 2
1890 1
1891 2
1892 2
1893 2
1894 1
1895 1
1896 3
1897 1
1898 1
1899 3
1900 2
1901 2
1902 2
1903 2
1904 1
1905 3
1906 1
1907 2
1908 1
1909 2
1910 0
1911 2
1912 1
1913 0
1914 0
1915 2
1916 1
1917 2
1918 1
1919 0
1920 1
1921 1
1922 2
1923 2
1924 2
1925 1
1926 2
1927 1
1928 3
1929 2
1930 0
1931 0
1932 1
1933 2
1934 3
1935 2
1936 2
1937 2
1938 1
1939 1
1940 1
1941 3
1942 0
1943 1
1944 2
1945 1
1946 1
1947 2
1948 3
1949 0
1950 1
1951 0
1952 0
1953 0
1954 1
1955 0
1956 1
1957 0
1958 2
1959 1
1960 1
1961 0
1962 2
1963 0
1964 1
1965 2
1966 1
1967 1
1968 0
1969 0
1970 2
1971 1
1972 2
1973 1
1974 1
1975 0
1976 2
1977 2
1978 2
1979 2
1980 0
1981 2
1982 0
1983 1
1984 0
1985 1
1986 2
1987 1
1988 2
1989 1
1990 1
1991 1
1992 0
1993 1
1994 0
1995 1
1996 2
1997 2
1998 2
1999 0
2000 1
2001 2
2002 1
2003 2
2004 1
2005 1
2006 1
2007 1
2008 0
2009 1
2010 1
2011 1
2012 0
2013 1
2014 1
2015 1
2016 1
2017 2
2018 2
2019 0
2020 0
2021 2
2022 1
2023 2
2024 1
2025 2
2026 1
2027 0
2028 1
2029 1
2030 1
2031 2
2032 1
2033 1
2034 2
2035 1
2036 3
2037 0
2038 1
2039 1
2040 2
2041 3
2042 1
2043 0
2044 1
2045 1
2046 1
2047 1
2048 2
2049 0
2050 2
2051 1
2052 3
2053 1
2054 3
2055 1
2056 1
2057 1
2058 1
2059 1
2060 2
2061 2
2062 2
2063 1
2064 0
2065 2
2066 2
2067 1
2068 1
2069 1
2070 0
2071 2
2072 2
2073 1
2074 2
2075 2
2076 0
2077 1
2078 3
2079 1
2080 0
2081 1
2082 0
2083 0
2084 1
2085 2
2086 1
2087 1
2088 2
2089 0
2090 1
2091 1
2092 1
2093 1
2094 2
2095 1
2096 1
2097 1
2098 1
2099 1
2100 1
2101 2
2102 1
2103 2
2104 1
2105 0
2106 3
2107 1
2108 1
2109 2
2110 2
2111 1
2112 1
2113 2
2114 2
2115 1
2116 0
2117 2
2118 2
2119 2
2120 1
2121 1
2122 1
2123 1
2124 0
2125 1
2126 0
2127 1
2128 2
2129 1
2130 2
2131 0
2132 1
2133 0
2134 3
2135 2
2136 1
2137 1
2138 0
2139 1
2140 2
2141 2
2142 0
2143 1
2144 2
2145 2
2146 1
2147 1
2148 1
2149 0
2150 3
2151 2
2152 1
2153 3
2154 1
2155 1
2156 1
2157 2
2158 0
2159 1
2160 1
2161 0
2162 1
2163 3
2164 1
2165 2
2166 2
2167 1
2168 1
2169 2
2170 1
2171 2
2172 1
2173 0
2174 2
2175 2
2176 3
2177 1
2178 0
2179 1
2180 1
2181 2
2182 1
2183 1
2184 0
2185 2
2186 1
2187 0
2188 1
2189 2
2190 1
2191 2
2192 2
2193 1
2194 2
2195 1
2196 0
2197 0
2198 0
2199 2
2200 2
2201 2
2202 1
2203 0
2204 0
2205 1
2206 2
2207 2
2208 1
2209 1
2210 1
2211 0
2212 1
2213 2
2214 1
2215 1
2216 1
2217 1
2218 1
2219 1
2220 1
2221 3
2222 1
2223 2
2224 1
2225 2
2226 1
2227 2
2228 1
2229 2
2230 0
2231 1
2232 0
2233 2
2234 1
2235 2
2236 2
2237 2
2238 1
2239 2
2240 2
2241 1
2242 1
2243 2
2244 2
2245 1
2246 1
2247 1
2248 0
2249 1
2250 1
2251 1
2252 1
2253 1
2254 1
2255 1
2256 2
2257 1
2258 2
2259 0
2260 1
2261 1
2262 1
2263 1
2264 0
2265 0
2266 0
2267 2
2268 1
2269 2
2270 2
2271 2
2272 0
2273 2
2274 1
2275 1
2276 1
2277 1
2278 1
2279 2
2280 0
2281 2
2282 1
2283 1
2284 1
2285 1
2286 2
2287 1
2288 1
2289 2
2290 2
2291 1
2292 2
2293 2
2294 2
2295 1
2296 1
2297 2
2298 1
2299 1
2300 2
2301 3
2302 1
2303 2
2304 2
2305 3
2306 1
2307 1
2308 1
2309 1
2310 0
2311 1
2312 2
2313 1
2314 1
2315 1
2316 2
2317 1
2318 2
2319 1
2320 1
2321 1
2322 2
2323 2
2324 1
2325 1
2326 2
2327 2
2328 2
2329 1
2330 1
2331 2
2332 2
2333 2
2334 2
2335 1
2336 1
2337 1
2338 1
2339 1
2340 1
2341 3
2342 2
2343 2
2344 1
2345 2
2346 2
2347 0
2348 1
2349 2
2350 1
2351 1
2352 2
2353 2
2354 0
2355 2
2356 2
2357 2
2358 0
2359 2
2360 2
2361 0
2362 1
2363 2
2364 1
2365 1
2366 0
2367 1
2368 1
2369 2
2370 2
2371 2
2372 1
2373 1
2374 1
2375 2
2376 1
2377 3
2378 1
2379 2
2380 1
2381 1
2382 2
2383 1
2384 3
2385 0
2386 1
2387 0
2388 1
2389 0
2390 1
2391 1
2392 1
2393 2
2394 1
2395 2
2396 1
2397 1
2398 0
2399 2
2400 0
2401 0
2402 2
2403 0
2404 1
2405 0
2406 0
2407 0
2408 1
2409 1
2410 2
2411 0
2412 2
2413 2
2414 0
2415 1
2416 1
2417 1
2418 2
2419 2
2420 1
2421 2
2422 2
2423 2
2424 2
2425 2
2426 0
2427 0
2428 1
2429 0
2430 2
2431 1
2432 1
2433 1
2434 2
2435 2
2436 2
2437 2
2438 0
2439 2
2440 2
2441 2
2442 2
2443 2
2444 3
2445 2
2446 2
2447 2
2448 0
2449 2
2450 2
2451 2
2452 2
2453 2
2454 2
2455 2
2456 2
2457 1
2458 2
2459 2
2460 2
2461 3
2462 2
2463 2
2464 2
2465 2
2466 0
2467 2
2468 2
2469 0
2470 2
2471 2
2472 2
2473 0
2474 1
2475 2
2476 1
2477 3
2478 1
2479 1
2480 2
2481 1
2482 0
2483 3
2484 2
2485 1
2486 0
2487 2
2488 1
2489 2
2490 2
2491 3
2492 2
2493 1
2494 1
2495 1
2496 1
2497 0
2498 1
2499 1
2500 1
2501 2
2502 1
2503 1
2504 2
2505 2
2506 1
2507 1
2508 0
2509 2
2510 1
2511 1
2512 1
2513 2
2514 1
2515 2
2516 2
2517 2
2518 0
2519 0
2520 0
2521 2
2522 0
2523 1
2524 2
2525 0
2526 2
2527 1
2528 1
2529 2
2530 1
2531 2
2532 2
2533 3
2534 0
2535 2
2536 0
2537 1
2538 0
2539 2
2540 1
2541 3
2542 1
2543 2
2544 2
2545 3
2546 1
2547 0
2548 2
2549 2
2550 1
2551 2
2552 1
2553 1
2554 0
2555 2
2556 0
2557 1
2558 2
2559 2
2560 1
2561 3
2562 2
2563 3
2564 0
2565 1
2566 0
2567 0
2568 3
2569 1
2570 0
2571 1
2572 2
2573 2
2574 2
2575 0
2576 2
2577 1
2578 0
2579 2
2580 1
2581 2
2582 2
2583 0
2584 0
2585 0
2586 1
2587 0
2588 1
2589 1
2590 1
2591 2
2592 1
2593 2
2594 1
2595 2
2596 0
2597 2
2598 1
2599 0
2600 1
2601 1
2602 1
2603 0
2604 3
2605 1
2606 3
2607 0
2608 1
2609 2
2610 1
2611 1
2612 1
2613 2
2614 3
2615 2
2616 2
2617 1
2618 1
2619 2
2620 1
2621 2
2622 2
2623 1
2624 2
2625 1
2626 0
2627 2
2628 2
2629 1
2630 2
2631 2
2632 2
2633 2
2634 2
2635 1
2636 1
2637 2
2638 2
2639 0
2640 2
2641 0
2642 1
2643 1
2644 0
2645 1
2646 2
2647 1
2648 0
2649 0
2650 2
2651 1
2652 2
2653 3
2654 2
2655 0
2656 1
2657 1
2658 2
2659 2
2660 1
2661 0
2662 2
2663 2
2664 2
2665 2
2666 1
2667 2
2668 1
2669 1
2670 2
2671 1
2672 2
2673 3
2674 3
2675 1
2676 2
2677 2
2678 3
2679 1
2680 1
2681 2
2682 1
2683 1
2684 0
2685 3
2686 1
2687 0
2688 2
2689 2
2690 2
2691 1
2692 1
2693 0
2694 2
2695 0
2696 2
2697 1
2698 2
2699 1
2700 2
2701 3
2702 1
2703 1
2704 2
2705 2
2706 3
2707 2
2708 2
2709 0
2710 1
2711 1
2712 1
2713 0
2714 2
2715 2
2716 0
2717 0
2718 1
2719 1
2720 2
2721 2
2722 2
2723 2
2724 0
2725 1
2726 1
2727 1
2728 0
2729 1
2730 1
2731 2
2732 2
2733 2
2734 2
2735 1
2736 1
2737 0
2738 1
2739 0
2740 1
2741 3
2742 1
2743 1
2744 1
2745 2
2746 1
2747 1
2748 1
2749 1
2750 3
2751 2
2752 2
2753 0
2754 1
2755 1
2756 0
2757 2
2758 2
2759 1
2760 0
2761 2
2762 2
2763 2
2764 1
2765 1
2766 1
2767 2
2768 2
2769 2
2770 1
2771 1
2772 1
2773 1
2774 2
2775 2
2776 1
2777 3
2778 3
2779 2
2780 1
2781 2
2782 1
2783 3
2784 2
2785 1
2786 0
2787 1
2788 1
2789 2
2790 1
2791 0
2792 0
2793 1
2794 0
2795 1
2796 2
2797 1
2798 1
2799 1
2800 1
2801 1
2802 1
2803 1
2804 0
2805 1
2806 0
2807 0
2808 2
2809 1
2810 2
2811 2
2812 0
2813 3
2814 0
2815 2
2816 3
2817 1
2818 2
2819 1
2820 2
2821 0
2822 2
2823 1
2824 2
2825 0
2826 0
2827 0
2828 0
2829 0
2830 1
2831 3
2832 0
2833 1
2834 1
2835 0
2836 2
2837 1
2838 0
2839 1
2840 0
2841 0
2842 1
2843 2
2844 2
2845 2
2846 0
2847 1
2848 2
2849 1
2850 3
2851 2
2852 1
2853 1
2854 2
2855 1
2856 2
2857 2
2858 0
2859 2
2860 2
2861 3
2862 3
2863 0
2864 2
2865 2
2866 0
2867 1
2868 1
2869 0
2870 1
2871 1
2872 2
2873 2
2874 1
2875 1
2876 2
2877 2
2878 1
2879 2
2880 1
2881 2
2882 1
2883 0
2884 1
2885 1
2886 2
2887 1
2888 0
2889 1
2890 0
2891 0
2892 3
2893 1
2894 2
2895 1
2896 2
2897 3
2898 2
2899 2
2900 1
2901 2
2902 1
2903 1
2904 1
2905 1
2906 2
2907 2
2908 2
2909 1
2910 2
2911 0
2912 0
2913 0
2914 1
2915 1
2916 3
2917 2
2918 1
2919 1
2920 1
2921 2
2922 1
2923 1
2924 0
2925 1
2926 1
2927 1
2928 0
2929 1
2930 0
2931 2
2932 0
2933 2
2934 1
2935 1
2936 0
2937 1
2938 0
2939 1
2940 1
2941 1
2942 1
2943 1
2944 1
2945 1
2946 2
2947 2
2948 2
2949 1
2950 2
2951 2
2952 1
2953 2
2954 1
2955 1
2956 2
2957 1
2958 1
2959 3
2960 1
2961 1
2962 2
2963 2
2964 1
2965 2
2966 1
2967 0
2968 2
2969 1
2970 0
2971 2
2972 1
2973 1
2974 1
2975 1
2976 1
2977 1
2978 1
2979 2
2980 0
2981 1
2982 1
2983 2
2984 2
2985 1
2986 2
2987 1
2988 0
2989 1
2990 1
2991 0
2992 1
2993 1
2994 1
2995 1
2996 1
2997 0
2998 2
2999 1
3000 2
3001 0
3002 2
3003 3
3004 1
3005 0
3006 3
3007 3
3008 1
3009 2
3010 2
3011 1
3012 1
3013 1
3014 2
3015 2
3016 1
3017 1
3018 2
3019 1
3020 0
3021 0
3022 2
3023 2
3024 1
3025 2
3026 0
3027 2
3028 1
3029 1
3030 2
3031 3
3032 1
3033 1
3034 1
3035 1
3036 1
3037 1
3038 1
3039 1
3040 1
3041 1
3042 1
3043 1
3044 1
3045 1
3046 1
3047 1
3048 1
3049 1
3050 2
3051 2
3052 1
3053 2
3054 1
3055 2
3056 1
3057 0
3058 1
3059 1
3060 2
3061 1
3062 0
3063 1
3064 1
3065 2
3066 2
3067 2
3068 2
3069 2
3070 1
3071 0
3072 2
3073 1
3074 0
3075 1
3076 2
3077 1
3078 1
3079 0
3080 1
3081 0
3082 2
3083 1
3084 2
3085 0
3086 2
3087 1
3088 3
3089 0
3090 2
3091 1
3092 1
3093 2
3094 2
3095 2
3096 1
3097 0
3098 0
3099 2
3100 0
3101 0
3102 1
3103 0
3104 2
3105 1
3106 1
3107 2
3108 0
3109 1
3110 2
3111 1
3112 0
3113 1
3114 1
3115 1
3116 0
3117 2
3118 3
3119 1
3120 2
3121 0
3122 2
3123 1
3124 2
3125 2
3126 2
3127 1
3128 1
3129 0
3130 1
3131 2
3132 1
3133 1
3134 2
3135 1
3136 2
3137 1
3138 0
3139 1
3140 1
3141 2
3142 1
3143 1
3144 0
3145 1
3146 0
3147 2
3148 1
3149 2
3150 0
3151 2
3152 0
3153 3
3154 1
3155 1
3156 3
3157 1
3158 2
3159 1
3160 1
3161 3
3162 1
3163 1
3164 1
3165 1
3166 1
3167 1
3168 1
3169 1
3170 1
3171 0
3172 2
3173 1
3174 0
3175 1
3176 1
3177 1
3178 1
3179 1
3180 2
3181 3
3182 2
3183 2
3184 1
3185 2
3186 1
3187 0
3188 0
3189 0
3190 2
3191 2
3192 1
3193 0
3194 0
3195 0
3196 1
3197 1
3198 2
3199 1
3200 2
3201 0
3202 2
3203 2
3204 1
3205 1
3206 1
3207 1
3208 0
3209 1
3210 1
3211 2
3212 0
3213 1
3214 1
3215 2
3216 2
3217 1
3218 1
3219 1
3220 1
3221 2
3222 0
3223 1
3224 2
3225 1
3226 0
3227 2
3228 1
3229 1
3230 0
3231 1
3232 1
3233 2
3234 1
3235 0
3236 1
3237 1
3238 0
3239 2
3240 2
3241 3
3242 1
3243 2
3244 1
3245 0
3246 1
3247 2
3248 2
3249 2
3250 0
3251 0
3252 1
3253 2
3254 0
3255 1
3256 0
3257 2
3258 1
3259 2
3260 0
3261 1
3262 0
3263 1
3264 1
3265 1
3266 1
3267 1
3268 1
3269 1
3270 1
3271 1
3272 1
3273 1
3274 1
3275 1
3276 1
3277 1
3278 1
3279 1
3280 1
3281 1
3282 1
3283 1
3284 1
3285 1
3286 1
3287 1
3288 1
3289 1
3290 1
3291 1
3292 1
3293 1
3294 0
3295 1
3296 1
3297 1
3298 1
3299 1
3300 2
3301 1
3302 1
3303 1
3304 1
3305 0
3306 1
3307 1
3308 1
3309 1
3310 1
3311 1
3312 1
3313 1
3314 1
3315 1
3316 1
3317 1
3318 1
3319 1
3320 1
3321 1
3322 1
3323 1
3324 1
3325 1
3326 1
3327 1
3328 1
3329 3
3330 1
3331 1
3332 1
3333 1
3334 1
3335 1
3336 1
3337 1
3338 1
3339 1
3340 1
3341 1
3342 1
3343 1
3344 1
3345 1
3346 1
3347 1
3348 1
3349 1
3350 2
3351 0
3352 2
3353 3
3354 1
3355 0
3356 2
3357 1
3358 1
3359 1
3360 1
3361 1
3362 1
3363 1
3364 1
3365 1
3366 1
3367 1
3368 1
3369 1
3370 1
3371 1
3372 1
3373 1
3374 1
3375 1
3376 1
3377 1
3378 1
3379 2
3380 1
3381 0
3382 1
3383 2
3384 0
3385 1
3386 1
3387 0
3388 2
3389 2
3390 0
3391 1
3392 2
3393 2
3394 2
3395 1
3396 1
3397 1
3398 0
3399 0
3400 2
3401 2
3402 1
3403 2
3404 2
3405 2
3406 0
3407 2
3408 0
3409 2
3410 1
3411 1
3412 2
3413 1
3414 0
3415 2
3416 3
3417 2
3418 2
3419 1
3420 1
3421 1
3422 1
3423 1
3424 1
3425 1
3426 0
3427 1
3428 2
3429 1
3430 1
3431 0
3432 1
3433 0
3434 2
3435 2
3436 2
3437 1
3438 1
3439 1
3440 1
3441 0
3442 2
3443 1
3444 2
3445 2
3446 0
3447 2
3448 1
3449 2
3450 1
3451 1
3452 0
3453 2
3454 2
3455 1
3456 1
3457 2
3458 1
3459 1
3460 1
3461 2
3462 3
3463 2
3464 0
3465 2
3466 1
3467 0
3468 1
3469 2
3470 0
3471 2
3472 1
3473 1
3474 1
3475 2
3476 1
3477 1
3478 1
3479 1
3480 2
3481 3
3482 2
3483 1
3484 0
3485 2
3486 2
3487 0
3488 0
3489 0
3490 2
3491 1
3492 1
3493 2
3494 2
3495 1
3496 1
3497 0
3498 2
3499 2
3500 1
3501 1
3502 1
3503 3
3504 1
3505 2
3506 3
3507 0
3508 2
3509 2
3510 0
3511 2
3512 1
3513 0
3514 0
3515 2
3516 0
3517 2
3518 0
3519 1
3520 2
3521 0
3522 0
3523 2
3524 1
3525 1
3526 2
3527 1
3528 1
3529 2
3530 1
3531 2
3532 1
3533 0
3534 1
3535 1
3536 2
3537 0
3538 0
3539 2
3540 1
3541 2
3542 1
3543 0
3544 0
3545 1
3546 1
3547 2
3548 2
3549 1
3550 0
3551 0
3552 0
3553 2
3554 1
3555 2
3556 1
3557 1
3558 2
3559 1
3560 2
3561 1
3562 1
3563 3
3564 1
3565 0
3566 1
3567 2
3568 2
3569 0
3570 1
3571 1
3572 1
3573 1
3574 1
3575 1
3576 1
3577 2
3578 2
3579 1
3580 1
3581 1
3582 3
3583 0
3584 0
3585 2
3586 2
3587 0
3588 0
3589 1
3590 3
3591 2
3592 3
3593 2
3594 1
3595 2
3596 1
3597 0
3598 1
3599 2
3600 1
3601 0
3602 2
3603 1
3604 0
3605 1
3606 1
3607 0
3608 1
3609 2
3610 2
3611 2
3612 1
3613 1
3614 0
3615 0
3616 1
3617 1
3618 0
3619 2
3620 2
3621 0
3622 1
3623 0
3624 0
3625 0
3626 0
3627 0
3628 0
3629 0
3630 0
3631 2
3632 3
3633 1
3634 1
3635 1
3636 0
3637 1
3638 1
3639 2
3640 1
3641 3
3642 2
3643 1
3644 2
3645 2
3646 1
3647 3
3648 1
3649 2
3650 2
3651 2
3652 1
3653 2
3654 1
3655 1
3656 1
3657 1
3658 1
3659 1
3660 1
3661 1
3662 1
3663 1
3664 0
3665 1
3666 1
3667 1
3668 1
3669 2
3670 2
3671 1
3672 0
3673 1
3674 1
3675 0
3676 2
3677 1
3678 0
3679 1
3680 0
3681 0
3682 1
3683 2
3684 1
3685 1
3686 2
3687 0
3688 1
3689 0
3690 3
3691 2
3692 0
3693 1
3694 2
3695 2
3696 1
3697 2
3698 2
3699 2
3700 1
3701 1
3702 1
3703 2
3704 1
3705 1
3706 1
3707 1
3708 1
3709 1
3710 3
3711 2
3712 2
3713 2
3714 2
3715 2
3716 0
3717 3
3718 1
3719 2
3720 2
3721 2
3722 1
3723 1
3724 1
3725 1
3726 2
3727 1
3728 1
3729 0
3730 1
3731 2
3732 2
3733 2
3734 0
3735 2
3736 2
3737 0
3738 1
3739 1
3740 2
3741 1
3742 1
3743 0
3744 2
3745 2
3746 2
3747 2
3748 1
3749 2
3750 2
3751 1
3752 1
3753 3
3754 0
3755 1
3756 1
3757 2
3758 2
3759 2
3760 2
3761 1
3762 0
3763 1
3764 2
3765 1
3766 1
3767 2
3768 2
3769 1
3770 1
3771 1
3772 1
3773 0
3774 3
3775 1
3776 1
3777 1
3778 1
3779 1
3780 1
3781 1
3782 1
3783 1
3784 1
3785 1
3786 1
3787 1
3788 1
3789 1
3790 1
3791 1
3792 1
3793 0
3794 2
3795 0
3796 2
3797 1
3798 1
3799 1
3800 1
3801 1
3802 2
3803 0
3804 1
3805 0
3806 0
3807 0
3808 2
3809 1
3810 1
3811 0
3812 0
3813 2
3814 0
3815 1
3816 1
3817 0
3818 2
3819 2
3820 1
3821 1
3822 1
3823 1
3824 3
3825 1
3826 2
3827 1
3828 2
3829 1
3830 2
3831 0
3832 1
3833 1
3834 2
3835 2
3836 0
3837 0
3838 0
3839 1
3840 1
3841 2
3842 2
3843 2
3844 2
3845 2
3846 2
3847 1
3848 2
3849 1
3850 1
3851 1
3852 2
3853 2
3854 1
3855 1
3856 0
3857 0
3858 2
3859 0
3860 2
3861 2
3862 1
3863 1
3864 0
3865 0
3866 2
3867 3
3868 1
3869 1
3870 1
3871 1
3872 0
3873 2
3874 0
3875 0
3876 1
3877 2
3878 2
3879 3
3880 1
3881 2
3882 2
3883 1
3884 2
3885 1
3886 2
3887 0
3888 1
3889 1
3890 0
3891 3
3892 1
3893 1
3894 2
3895 2
3896 1
3897 2
3898 0
3899 1
3900 0
3901 2
3902 2
3903 1
3904 1
3905 2
3906 0
3907 2
3908 2
3909 1
3910 1
3911 2
3912 2
3913 1
3914 2
3915 3
3916 3
3917 1
3918 2
3919 2
3920 1
3921 1
3922 2
3923 1
3924 0
3925 1
3926 1
3927 2
3928 1
3929 0
3930 1
3931 1
3932 1
3933 1
3934 1
3935 3
3936 1
3937 0
3938 1
3939 1
3940 2
3941 1
3942 1
3943 2
3944 1
3945 3
3946 2
3947 1
3948 1
3949 1
3950 2
3951 1
3952 0
3953 0
3954 2
3955 0
3956 1
3957 2
3958 2
3959 1
3960 1
3961 0
3962 2
3963 1
3964 0
3965 1
3966 0
3967 1
3968 2
3969 0
3970 1
3971 2
3972 2
3973 3
3974 1
3975 1
3976 3
3977 0
3978 1
3979 2
3980 2
3981 2
3982 0
3983 1
3984 2
3985 1
3986 1
3987 2
3988 2
3989 1
3990 2
3991 1
3992 0
3993 2
3994 2
3995 1
3996 3
3997 1
3998 1
3999 0
4000 1
4001 2
4002 2
4003 3
4004 2
4005 2
4006 2
4007 2
4008 2
4009 2
4010 2
4011 2
4012 3
4013 2
4014 2
4015 1
4016 3
4017 1
4018 1
4019 2
4020 2
4021 0
4022 1
4023 2
4024 2
4025 0
4026 1
4027 2
4028 2
4029 2
4030 2
4031 1
4032 1
4033 1
4034 1
4035 0
4036 2
4037 0
4038 2
4039 0
4040 1
4041 2
4042 1
4043 0
4044 1
4045 1
4046 1
4047 2
4048 1
4049 2
4050 1
4051 3
4052 2
4053 1
4054 1
4055 0
4056 2
4057 2
4058 1
4059 1
4060 0
4061 1
4062 2
4063 1
4064 2
4065 1
4066 0
4067 2
4068 2
4069 1
4070 2
4071 2
4072 2
4073 1
4074 0
4075 1
4076 0
4077 2
4078 2
4079 2
4080 2
4081 2
4082 1
4083 1
4084 1
4085 1
4086 2
4087 1
4088 2
4089 0
4090 1
4091 2
4092 2
4093 0
4094 2
4095 1
4096 0
4097 2
4098 2
4099 2
4100 0
4101 2
4102 2
4103 2
4104 1
4105 3
4106 2
4107 1
4108 2
4109 1
4110 2
4111 1
4112 1
4113 2
4114 1
4115 2
4116 1
4117 2
4118 1
4119 1
4120 3
4121 1
4122 2
4123 2
4124 1
4125 2
4126 0
4127 3
4128 3
4129 1
4130 1
4131 1
4132 1
4133 3
4134 1
4135 1
4136 2
4137 2
4138 2
4139 1
4140 2
4141 1
4142 2
4143 1
4144 2
4145 1
4146 2
4147 2
4148 1
4149 1
4150 1
4151 0
4152 0
4153 2
4154 1
4155 1
4156 2
4157 0
4158 2
4159 2
4160 0
4161 0
4162 1
4163 1
4164 2
4165 3
4166 2
4167 1
4168 2
4169 3
4170 1
4171 0
4172 1
4173 1
4174 0
4175 1
4176 0
4177 0
4178 2
4179 1
4180 1
4181 2
4182 2
4183 2
4184 1
4185 1
4186 2
4187 1
4188 1
4189 1
4190 2
4191 0
4192 2
4193 1
4194 0
4195 1
4196 2
4197 2
4198 2
4199 2
4200 1
4201 1
4202 1
4203 1
4204 2
4205 2
4206 1
4207 2
4208 0
4209 0
4210 1
4211 2
4212 2
4213 1
4214 1
4215 2
4216 2
4217 2
4218 2
4219 1
4220 2
4221 1
4222 3
4223 0
4224 0
4225 0
4226 2
4227 2
4228 1
4229 1
4230 1
4231 0
4232 1
4233 0
4234 2
4235 2
4236 2
4237 2
4238 1
4239 2
4240 0
4241 1
4242 2
4243 1
4244 0
4245 1
4246 2
4247 1
4248 2
4249 0
4250 1
4251 0
4252 2
4253 2
4254 1
4255 1
4256 1
4257 0
4258 1
4259 2
4260 2
4261 1
4262 1
4263 1
4264 1
4265 1
4266 1
4267 1
4268 1
4269 2
4270 3
4271 2
4272 2
4273 1
4274 1
4275 2
4276 2
4277 2
4278 2
4279 2
4280 1
4281 1
4282 1
4283 2
4284 1
4285 2
4286 2
4287 1
4288 2
4289 1
4290 0
4291 0
4292 2
4293 0
4294 0
4295 0
4296 1
4297 2
4298 2
4299 2
4300 2
4301 1
4302 2
4303 3
4304 2
4305 2
4306 2
4307 2
4308 0
4309 2
4310 2
4311 2
4312 2
4313 2
4314 0
4315 2
4316 1
4317 1
4318 0
4319 1
4320 1
4321 1
4322 2
4323 1
4324 1
4325 1
4326 2
4327 1
4328 1
4329 1
4330 2
4331 1
4332 2
4333 1
4334 1
4335 1
4336 1
4337 1
4338 2
4339 2
4340 2
4341 2
4342 1
4343 2
4344 2
4345 0
4346 1
4347 0
4348 1
4349 0
4350 0
4351 2
4352 2
4353 1
4354 2
4355 1
4356 1
4357 2
4358 0
4359 2
4360 1
4361 1
4362 3
4363 1
4364 1
4365 0
4366 2
4367 3
4368 2
4369 1
4370 1
4371 0
4372 1
4373 1
4374 1
4375 2
4376 2
4377 2
4378 2
4379 0
4380 0
4381 0
4382 0
4383 2
4384 1
4385 2
4386 1
4387 1
4388 1
4389 1
4390 1
4391 1
4392 2
4393 1
4394 3
4395 1
4396 1
4397 1
4398 2
4399 1
4400 1
4401 2
4402 1
4403 1
4404 1
4405 2
4406 2
4407 1
4408 1
4409 1
4410 1
4411 0
4412 2
4413 1
4414 1
4415 2
4416 1
4417 1
4418 1
4419 1
4420 0
4421 1
4422 1
4423 0
4424 1
4425 1
4426 2
4427 0
4428 1
4429 1
4430 0
4431 0
4432 3
4433 2
4434 2
4435 0
4436 1
4437 1
4438 1
4439 1
4440 3
4441 1
4442 1
4443 1
4444 2
4445 1
4446 0
4447 1
4448 0
4449 2
4450 1
4451 0
4452 3
4453 2
4454 1
4455 1
4456 1
4457 1
4458 2
4459 1
4460 1
4461 1
4462 2
4463 0
4464 2
4465 1
4466 1
4467 1
4468 2
4469 1
4470 2
4471 2
4472 2
4473 1
4474 1
4475 2
4476 3
4477 2
4478 2
4479 1
4480 1
4481 0
4482 0
4483 1
4484 1
4485 1
4486 0
4487 1
4488 2
4489 1
4490 1
4491 1
4492 1
4493 2
4494 3
4495 3
4496 1
4497 1
4498 0
4499 1
4500 0
4501 2
4502 0
4503 2
4504 3
4505 2
4506 3
4507 2
4508 0
4509 0
4510 2
4511 0
4512 2
4513 0
4514 2
4515 1
4516 2
4517 0
4518 0
4519 2
4520 1
4521 1
4522 2
4523 0
4524 1
4525 1
4526 1
4527 0
4528 1
4529 1
4530 1
4531 2
4532 2
4533 2
4534 2
4535 2
4536 2
4537 2
4538 2
4539 0
4540 2
4541 2
4542 1
4543 0
4544 2
4545 2
4546 0
4547 0
4548 1
4549 0
4550 1
4551 1
4552 1
4553 1
4554 1
4555 1
4556 2
4557 2
4558 2
4559 1
4560 0
4561 2
4562 0
4563 2
4564 1
4565 0
4566 1
4567 2
4568 0
4569 2
4570 2
4571 1
4572 2
4573 1
4574 1
4575 2
4576 1
4577 1
4578 2
4579 1
4580 1
4581 1
4582 1
4583 1
4584 1
4585 1
4586 0
4587 2
4588 1
4589 1
4590 0
4591 0
4592 2
4593 2
4594 1
4595 2
4596 2
4597 1
4598 2
4599 2
4600 2
4601 2
4602 3
4603 1
4604 1
4605 0
4606 1
4607 1
4608 0
4609 2
4610 0
4611 1
4612 2
4613 2
4614 2
4615 1
4616 1
4617 2
4618 1
4619 1
4620 2
4621 1
4622 2
4623 1
4624 1
4625 1
4626 1
4627 2
4628 1
4629 2
4630 3
4631 2
4632 1
4633 2
4634 2
4635 1
4636 2
4637 3
4638 1
4639 3
4640 2
4641 2
4642 2
4643 0
4644 2
4645 1
4646 3
4647 2
4648 1
4649 1
4650 0
4651 2
4652 3
4653 0
4654 0
4655 1
4656 1
4657 1
4658 2
4659 0
4660 2
4661 1
4662 0
4663 2
4664 2
4665 1
4666 1
4667 2
4668 1
4669 2
4670 2
4671 0
4672 2
4673 2
4674 0
4675 1
4676 0
4677 1
4678 1
4679 2
4680 2
4681 2
4682 1
4683 1
4684 1
4685 2
4686 1
4687 1
4688 0
4689 2
4690 2
4691 2
4692 2
4693 2
4694 1
4695 1
4696 2
4697 2
4698 1
4699 0
4700 0
4701 2
4702 0
4703 2
4704 0
4705 1
4706 1
4707 1
4708 1
4709 2
4710 1
4711 1
4712 0
4713 2
4714 0
4715 2
4716 2
4717 2
4718 1
4719 0
4720 1
4721 1
4722 2
4723 2
4724 0
4725 0
4726 1
4727 2
4728 2
4729 1
4730 1
4731 1
4732 1
4733 3
4734 1
4735 2
4736 1
4737 0
4738 1
4739 0
4740 3
4741 0
4742 1
4743 1
4744 2
4745 1
4746 0
4747 2
4748 2
4749 0
4750 1
4751 3
4752 0
4753 1
4754 0
4755 1
4756 1
4757 1
4758 1
4759 1
4760 1
4761 1
4762 1
4763 1
4764 1
4765 1
4766 1
4767 1
4768 1
4769 1
4770 1
4771 1
4772 1
4773 2
4774 2
4775 2
4776 1
4777 2
4778 1
4779 1
4780 2
4781 0
4782 2
4783 1
4784 1
4785 3
4786 2
4787 0
4788 2
4789 1
4790 1
4791 1
4792 0
4793 1
4794 2
4795 1
4796 1
4797 1
4798 1
4799 1
4800 1
4801 1
4802 1
4803 2
4804 3
4805 2
4806 2
4807 1
4808 1
4809 1
4810 2
4811 1
4812 2
4813 0
4814 2
4815 1
4816 1
4817 1
4818 1
4819 2
4820 1
4821 0
4822 1
4823 0
4824 0
4825 2
4826 2
4827 2
4828 1
4829 2
4830 2
4831 2
4832 1
4833 1
4834 1
4835 1
4836 2
4837 0
4838 0
4839 3
4840 0
4841 0
4842 2
4843 2
4844 1
4845 2
4846 2
4847 0
4848 1
4849 1
4850 1
4851 2
4852 1
4853 2
4854 1
4855 1
4856 2
4857 0
4858 2
4859 1
4860 2
4861 1
4862 2
4863 2
4864 1
4865 0
4866 1
4867 1
4868 2
4869 2
4870 1
4871 3
4872 2
4873 2
4874 3
4875 2
4876 2
4877 2
4878 1
4879 0
4880 0
4881 1
4882 2
4883 0
4884 2
4885 1
4886 1
4887 1
4888 1
4889 1
4890 2
4891 2
4892 2
4893 2
4894 1
4895 1
4896 3
4897 2
4898 1
4899 1
4900 1
4901 2
4902 0
4903 0
4904 2
4905 2
4906 2
4907 1
4908 2
4909 2
4910 2
4911 2
4912 2
4913 1
4914 1
4915 2
4916 3
4917 2
4918 1
4919 1
4920 1
4921 1
4922 1
4923 1
4924 1
4925 1
4926 1
4927 1
4928 1
4929 0
4930 1
4931 1
4932 1
4933 1
4934 1
4935 1
4936 0
4937 1
4938 0
4939 0
4940 3
4941 1
4942 2
4943 1
4944 2
4945 2
4946 3
4947 1
4948 1
4949 1
4950 1
4951 1
4952 2
4953 2
4954 1
4955 1
4956 0
4957 0
4958 0
4959 1
4960 0
4961 1
4962 2
4963 2
4964 2
4965 1
4966 1
4967 2
4968 1
4969 1
4970 2
4971 0
4972 0
4973 2
4974 2
4975 1
4976 1
4977 2
4978 1
4979 0
4980 1
4981 1
4982 2
4983 2
4984 1
4985 1
4986 2
4987 0
4988 1
4989 0
4990 0
4991 2
4992 1
4993 2
4994 2
4995 1
4996 2
4997 0
4998 1
4999 1
5000 1
5001 2
5002 2
5003 1
5004 2
5005 1
5006 0
5007 1
5008 2
5009 2
5010 1
5011 1
5012 1
5013 0
5014 2
5015 2
5016 1
5017 1
5018 1
5019 0
5020 1
5021 2
5022 2
5023 1
5024 1
5025 2
5026 2
5027 3
5028 2
5029 0
5030 1
5031 1
5032 2
5033 1
5034 2
5035 0
5036 1
5037 2
5038 2
5039 3
5040 1
5041 0
5042 2
5043 1
5044 2
5045 0
5046 1
5047 1
5048 1
5049 1
5050 0
5051 1
5052 0
5053 1
5054 0
5055 0
5056 1
5057 2
5058 0
5059 1
5060 0
5061 2
5062 1
5063 0
5064 1
5065 0
5066 1
5067 3
5068 2
5069 2
5070 1
5071 0
5072 1
5073 0
5074 1
5075 1
5076 0
5077 0
5078 0
5079 3
5080 3
5081 2
5082 1
5083 1
5084 2
5085 1
5086 2
5087 3
5088 1
5089 1
5090 0
5091 2
5092 1
5093 0
5094 0
5095 2
5096 1
5097 0
5098 0
5099 2
5100 2
5101 1
5102 2
5103 1
5104 0
5105 0
5106 2
5107 1
5108 2
5109 1
5110 1
5111 0
5112 1
5113 0
5114 1
5115 0
5116 1
5117 1
5118 0
5119 2
5120 1
5121 1
5122 1
5123 1
5124 1
5125 1
5126 1
5127 0
5128 1
5129 2
5130 1
5131 1
5132 1
5133 0
5134 1
5135 3
5136 1
5137 1
5138 1
5139 1
5140 1
5141 1
5142 2
5143 1
5144 1
5145 1
5146 2
5147 1
5148 1
5149 1
5150 1
5151 1
5152 0
5153 0
5154 1
5155 1
5156 1
5157 2
5158 1
5159 2
5160 2
5161 2
5162 0
5163 1
5164 2
5165 1
5166 1
5167 3
5168 1
5169 2
5170 1
5171 3
5172 2
5173 0
5174 2
5175 0
5176 2
5177 0
5178 2
5179 1
5180 1
5181 0
5182 2
5183 0
5184 0
5185 0
5186 1
5187 2
5188 1
5189 0
5190 0
5191 0
5192 2
5193 0
5194 1
5195 2
5196 2
5197 2
5198 1
5199 1
5200 2
5201 3
5202 2
5203 0
5204 2
5205 0
5206 0
5207 1
5208 1
5209 1
5210 1
5211 1
5212 1
5213 1
5214 1
5215 1
5216 0
5217 0
5218 1
5219 1
5220 0
5221 2
5222 3
5223 0
5224 1
5225 2
5226 2
5227 0
5228 2
5229 0
5230 0
5231 1
5232 1
5233 2
5234 1
5235 0
5236 1
5237 1
5238 1
5239 1
5240 1
5241 2
5242 2
5243 0
5244 3
5245 1
5246 1
5247 2
5248 0
5249 3
5250 1
5251 1
5252 3
5253 1
5254 1
5255 2
5256 0
5257 2
5258 1
5259 1
5260 0
5261 1
5262 2
5263 1
5264 1
5265 0
5266 1
5267 1
5268 1
5269 1
5270 1
5271 1
5272 1
5273 1
5274 2
5275 1
5276 2
5277 2
5278 1
5279 2
5280 1
5281 1
5282 1
5283 2
5284 2
5285 0
5286 1
5287 1
5288 3
5289 3
5290 2
5291 1
5292 1
5293 1
5294 1
5295 1
5296 0
5297 0
5298 0
5299 1
5300 0
5301 0
5302 0
5303 1
5304 0
5305 0
5306 0
5307 1
5308 1
5309 1
5310 1
5311 2
5312 2
5313 1
5314 1
5315 1
5316 1
5317 1
5318 1
5319 1
5320 1
5321 1
5322 1
5323 1
5324 2
5325 2
5326 1
5327 2
5328 1
5329 1
5330 1
5331 1
5332 3
5333 2
5334 0
5335 1
5336 1
5337 3
5338 1
5339 1
5340 1
5341 1
5342 3
5343 2
5344 1
5345 1
5346 1
5347 1
5348 1
5349 1
5350 2
5351 0
5352 1
5353 0
5354 2
5355 2
5356 2
5357 1
5358 1
5359 1
5360 1
5361 3
5362 1
5363 0
5364 0
5365 2
5366 1
5367 1
5368 1
5369 2
5370 1
5371 2
5372 0
5373 0
5374 2
5375 1
5376 0
5377 1
5378 1
5379 2
5380 0
5381 1
5382 1
5383 0
5384 1
5385 2
5386 0
5387 3
5388 1
5389 2
5390 0
5391 2
5392 3
5393 1
5394 1
5395 1
5396 2
5397 2
5398 1
5399 1
5400 2
5401 3
5402 1
5403 2
5404 3
5405 2
5406 0
5407 2
5408 2
5409 2
5410 1
5411 1
5412 2
5413 1
5414 0
5415 1
5416 1
5417 1
5418 2
5419 2
5420 0
5421 0
5422 3
5423 3
5424 1
5425 2
5426 1
5427 1
5428 1
5429 2
5430 2
5431 2
5432 2
5433 2
5434 0
5435 1
5436 0
5437 2
5438 0
5439 2
5440 2
5441 2
5442 2
5443 0
5444 2
5445 3
5446 1
5447 2
5448 2
5449 3
5450 1
5451 0
5452 3
5453 1
5454 2
5455 1
5456 1
5457 1
5458 2
5459 2
5460 2
5461 1
5462 1
5463 1
5464 1
5465 0
5466 1
5467 1
5468 3
5469 1
5470 3
5471 1
5472 0
5473 0
5474 1
5475 2
5476 1
5477 1
5478 0
5479 1
5480 1
5481 1
5482 1
5483 1
5484 1
5485 1
5486 1
5487 1
5488 0
5489 3
5490 1
5491 1
5492 1
5493 0
5494 1
5495 0
5496 0
5497 0
5498 1
5499 1
5500 2
5501 1
5502 0
5503 1
5504 3
5505 1
5506 1
5507 1
5508 2
5509 1
5510 2
5511 2
5512 0
5513 2
5514 1
5515 0
5516 2
5517 1
5518 2
5519 0
5520 1
5521 1
5522 0
5523 1
5524 3
5525 2
5526 1
5527 2
5528 1
5529 1
5530 1
5531 3
5532 0
5533 1
5534 1
5535 1
5536 1
5537 1
5538 1
5539 1
5540 1
5541 1
5542 1
5543 0
5544 2
5545 1
5546 0
5547 0
5548 1
5549 1
5550 2
5551 0
5552 1
5553 1
5554 1
5555 0
5556 2
5557 1
5558 2
5559 3
5560 1
5561 1
5562 1
5563 2
5564 1
5565 1
5566 1
5567 0
5568 1
5569 1
5570 1
5571 1
5572 1
5573 1
5574 1
5575 2
5576 1
5577 1
5578 0
5579 1
5580 1
5581 1
5582 1
5583 1
5584 0
5585 1
5586 0
5587 0
5588 2
5589 2
5590 1
5591 0
5592 0
5593 2
5594 2
5595 1
5596 1
5597 3
5598 2
5599 2
5600 1
5601 1
5602 1
5603 1
5604 1
5605 1
5606 2
5607 0
5608 1
5609 1
5610 2
5611 2
5612 0
5613 2
5614 0
5615 2
5616 2
5617 0
5618 2
5619 1
5620 1
5621 1
5622 2
5623 1
5624 1
5625 0
5626 2
5627 3
5628 2
5629 1
5630 2
5631 1
5632 2
5633 2
5634 1
5635 1
5636 2
5637 1
5638 1
5639 2
5640 0
5641 1
5642 0
5643 1
5644 1
5645 2
5646 1
5647 3
5648 1
5649 0
5650 2
5651 2
5652 0
5653 2
5654 1
5655 2
5656 3
5657 1
5658 1
5659 1
5660 1
5661 2
5662 2
5663 2
5664 3
5665 1
5666 3
5667 0
5668 3
5669 1
5670 2
5671 2
5672 1
5673 1
5674 1
5675 1
5676 1
5677 1
5678 1
5679 0
5680 1
5681 1
5682 2
5683 0
5684 1
5685 0
5686 2
5687 1
5688 0
5689 1
5690 1
5691 0
5692 2
5693 0
5694 1
5695 1
5696 0
5697 2
5698 2
5699 3
5700 0
5701 0
5702 3
5703 1
5704 2
5705 1
5706 1
5707 1
5708 2
5709 1
5710 1
5711 2
5712 1
5713 1
5714 2
5715 2
5716 1
5717 2
5718 0
5719 2
5720 1
5721 1
5722 1
5723 1
5724 1
5725 1
5726 0
5727 1
5728 1
5729 3
5730 1
5731 3
5732 2
5733 1
5734 2
5735 1
5736 0
5737 0
5738 1
5739 1
5740 1
5741 1
5742 2
5743 2
5744 1
5745 1
5746 2
5747 0
5748 2
5749 3
5750 0
5751 1
5752 1
5753 1
5754 0
5755 0
5756 1
5757 2
5758 0
5759 0
5760 1
5761 0
5762 2
5763 1
5764 1
5765 3
5766 1
5767 2
5768 2
5769 2
5770 1
5771 1
5772 2
5773 1
5774 1
5775 2
5776 0
5777 1
5778 2
5779 1
5780 1
5781 0
5782 3
5783 2
5784 1
5785 2
5786 1
5787 1
5788 0
5789 3
5790 0
5791 0
5792 2
5793 3
5794 3
5795 0
5796 0
5797 2
5798 1
5799 1
5800 1
5801 0
5802 3
5803 1
5804 1
5805 1
5806 1
5807 2
5808 3
5809 1
5810 2
5811 1
5812 0
5813 1
5814 0
5815 1
5816 1
5817 2
5818 2
5819 1
5820 1
5821 0
5822 0
5823 1
5824 1
5825 2
5826 0
5827 2
5828 1
5829 1
5830 1
5831 0
5832 1
5833 0
5834 1
5835 0
5836 0
5837 0
5838 2
5839 1
5840 0
5841 3
5842 2
5843 0
5844 1
5845 1
5846 3
5847 1
5848 1
5849 0
5850 0
5851 0
5852 2
5853 2
5854 0
5855 1
5856 2
5857 1
5858 2
5859 1
5860 1
5861 1
5862 3
5863 2
5864 3
5865 1
5866 2
5867 0
5868 0
5869 1
5870 1
5871 1
5872 3
5873 2
5874 2
5875 1
5876 3
5877 1
5878 1
5879 0
5880 1
5881 1
5882 0
5883 1
5884 2
5885 0
5886 1
5887 1
5888 1
5889 1
5890 1
5891 2
5892 1
5893 1
5894 1
5895 3
5896 1
5897 0
5898 0
5899 2
5900 2
5901 0
5902 2
5903 2
5904 2
5905 1
5906 2
5907 0
5908 1
5909 2
5910 1
5911 1
5912 1
5913 1
5914 0
5915 2
5916 0
5917 0
5918 1
5919 1
5920 1
5921 2
5922 0
5923 1
5924 1
5925 1
5926 1
5927 1
5928 1
5929 1
5930 1
5931 1
5932 2
5933 2
5934 1
5935 0
5936 3
5937 0
5938 1
5939 0
5940 1
5941 1
5942 1
5943 1
5944 0
5945 2
5946 0
5947 1
5948 1
5949 1
5950 3
5951 1
5952 1
5953 1
5954 2
5955 0
5956 0
5957 1
5958 2
5959 1
5960 0
5961 1
5962 0
5963 1
5964 1
5965 2
5966 1
5967 3
5968 0
5969 1
5970 2
5971 0
5972 1
5973 2
5974 1
5975 2
5976 2
5977 1
5978 3
5979 3
5980 0
5981 1
5982 1
5983 0
5984 1
5985 0
5986 1
5987 1
5988 1
5989 2
5990 2
5991 1
5992 1
5993 1
5994 1
5995 3
5996 2
5997 3
5998 1
5999 2
6000 1
6001 1
6002 0
6003 1
6004 1
6005 1
6006 0
6007 2
6008 2
6009 2
6010 2
6011 2
6012 2
6013 2
6014 2
6015 2
6016 2
6017 0
6018 2
6019 2
6020 1
6021 1
6022 1
6023 1
6024 1
6025 1
6026 0
6027 1
6028 1
6029 0
6030 1
6031 1
6032 2
6033 1
6034 0
6035 1
6036 1
6037 0
6038 2
6039 1
6040 2
6041 1
6042 1
6043 0
6044 1
6045 2
6046 1
6047 1
6048 1
6049 1
6050 2
6051 1
6052 1
6053 1
6054 1
6055 1
6056 1
6057 0
6058 2
6059 2
6060 2
6061 2
6062 1
6063 0
6064 2
6065 1
6066 2
6067 2
6068 0
6069 3
6070 1
6071 0
6072 1
6073 0
6074 2
6075 0
6076 0
6077 1
6078 1
6079 0
6080 1
6081 0
6082 0
6083 1
6084 1
6085 2
6086 1
6087 1
6088 1
6089 1
6090 0
6091 1
6092 1
6093 2
6094 0
6095 0
6096 2
6097 0
6098 1
6099 1
6100 1
6101 1
6102 0
6103 2
6104 3
6105 0
6106 1
6107 2
6108 1
6109 1
6110 0
6111 2
6112 2
6113 1
6114 0
6115 2
6116 1
6117 2
6118 2
6119 0
6120 1
6121 1
6122 0
6123 1
6124 1
6125 1
6126 1
6127 1
6128 1
6129 2
6130 1
6131 3
6132 1
6133 1
6134 0
6135 2
6136 2
6137 0
6138 2
6139 1
6140 1
6141 0
6142 1
6143 0
6144 1
6145 0
6146 1
6147 1
6148 1
6149 2
6150 2
6151 1
6152 1
6153 1
6154 1
6155 0
6156 1
6157 1
6158 1
6159 2
6160 1
6161 2
6162 0
6163 2
6164 2
6165 0
6166 1
6167 2
6168 1
6169 1
6170 1
6171 1
6172 0
6173 1
6174 0
6175 2
6176 2
6177 0
6178 1
6179 1
6180 1
6181 0
6182 1
6183 1
6184 1
6185 3
6186 2
6187 0
6188 0
6189 2
6190 0
6191 0
6192 2
6193 1
6194 1
6195 3
6196 1
6197 0
6198 1
6199 1
6200 1
6201 1
6202 1
6203 1
6204 1
6205 2
6206 3
6207 1
6208 1
6209 3
6210 1
6211 0
6212 2
6213 2
6214 3
6215 1
6216 1
6217 2
6218 1
6219 1
6220 2
6221 2
6222 2
6223 2
6224 2
6225 0
6226 3
6227 2
6228 2
6229 1
6230 1
6231 0
6232 1
6233 2
6234 1
6235 1
6236 3
6237 0
6238 1
6239 0
6240 0
6241 0
6242 1
6243 1
6244 1
6245 0
6246 1
6247 1
6248 1
6249 0
6250 0
6251 0
6252 0
6253 2
6254 2
6255 2
6256 1
6257 1
6258 1
6259 0
6260 0
6261 1
6262 2
6263 1
6264 1
6265 1
6266 0
6267 1
6268 1
6269 0
6270 1
6271 2
6272 1
6273 2
6274 1
6275 1
6276 1
6277 1
6278 1
6279 1
6280 1
6281 2
6282 0
6283 1
6284 1
6285 0
6286 1
6287 1
6288 2
6289 1
6290 1
6291 1
6292 1
6293 1
6294 2
6295 2
6296 1
6297 1
6298 0
6299 0
6300 0
6301 1
6302 0
6303 0
6304 1
6305 1
6306 1
6307 2
6308 0
6309 2
6310 1
6311 1
6312 0
6313 1
6314 1
6315 1
6316 1
6317 2
6318 1
6319 0
6320 1
6321 2
6322 2
6323 1
6324 3
6325 2
6326 1
6327 1
6328 0
6329 3
6330 2
6331 2
6332 2
6333 1
6334 2
6335 0
6336 0
6337 1
6338 0
6339 1
6340 1
6341 1
6342 0
6343 0
6344 2
6345 0
6346 0
6347 2
6348 3
6349 1
6350 0
6351 2
6352 0
6353 1
6354 0
6355 1
6356 2
6357 2
6358 2
6359 2
6360 2
6361 0
6362 0
6363 1
6364 1
6365 1
6366 0
6367 1
6368 1
6369 2
6370 1
6371 1
6372 2
6373 2
6374 0
6375 2
6376 0
6377 1
6378 1
6379 0
6380 0
6381 1
6382 1
6383 1
6384 1
6385 0
6386 0
6387 1
6388 1
6389 1
6390 1
6391 1
6392 1
6393 1
6394 0
6395 2
6396 2
6397 1
6398 2
6399 3
6400 0
6401 3
6402 1
6403 1
6404 2
6405 3
6406 1
6407 1
6408 1
6409 0
6410 1
6411 2
6412 2
6413 1
6414 0
6415 1
6416 1
6417 2
6418 1
6419 1
6420 0
6421 0
6422 1
6423 1
6424 1
6425 1
6426 0
6427 1
6428 1
6429 2
6430 2
6431 2
6432 2
6433 2
6434 1
6435 2
6436 0
6437 0
6438 2
6439 0
6440 0
6441 3
6442 3
6443 2
6444 1
6445 1
6446 0
6447 1
6448 1
6449 1
6450 1
6451 1
6452 1
6453 1
6454 1
6455 1
6456 3
6457 0
6458 0
6459 1
6460 2
6461 1
6462 3
6463 1
6464 1
6465 1
6466 1
6467 1
6468 1
6469 3
6470 1
6471 1
6472 1
6473 1
6474 1
6475 1
6476 0
6477 1
6478 0
6479 1
6480 1
6481 1
6482 0
6483 1
6484 2
6485 1
6486 1
6487 2
6488 2
6489 2
6490 2
6491 2
6492 2
6493 0
6494 1
6495 0
6496 2
6497 2
6498 2
6499 0
6500 0
6501 1
6502 1
6503 2
6504 1
6505 2
6506 2
6507 1
6508 1
6509 1
6510 0
6511 0
6512 2
6513 2
6514 2
6515 2
6516 1
6517 1
6518 1
6519 1
6520 1
6521 0
6522 2
6523 2
6524 2
6525 0
6526 0
6527 0
6528 2
6529 2
6530 2
6531 1
6532 1
6533 1
6534 1
6535 1
6536 1
6537 0
6538 1
6539 0
6540 1
6541 2
6542 1
6543 1
6544 1
6545 1
6546 0
6547 1
6548 1
6549 0
6550 1
6551 1
6552 1
6553 1
6554 1
6555 1
6556 0
6557 2
6558 1
6559 1
6560 1
6561 1
6562 1
6563 1
6564 1
6565 1
6566 1
6567 2
6568 1
6569 1
6570 1
6571 1
6572 0
6573 1
6574 2
6575 1
6576 2
6577 1
6578 1
6579 1
6580 2
6581 0
6582 1
6583 1
6584 1
6585 1
6586 1
6587 1
6588 2
6589 1
6590 1
6591 1
6592 1
6593 1
6594 2
6595 1
6596 1
6597 1
6598 1
6599 1
6600 0
6601 3
6602 0
6603 0
6604 1
6605 1
6606 1
6607 1
6608 1
6609 1
6610 1
6611 1
6612 1
6613 1
6614 2
6615 1
6616 2
6617 2
6618 1
6619 2
6620 2
6621 0
6622 0
6623 2
6624 1
6625 0
6626 0
6627 0
6628 0
6629 0
6630 1
6631 0
6632 1
6633 0
6634 2
6635 2
6636 0
6637 1
6638 0
6639 1
6640 0
6641 1
6642 1
6643 1
6644 1
6645 1
6646 1
6647 0
6648 1
6649 1
6650 0
6651 0
6652 1
6653 1
6654 1
6655 1
6656 1
network of communities computed : Thu Jan  7 08:41:36 2010

network : 4 nodes, 16 links, 484337960 weight.
pass number 1 of -1 : 0.136241 0.136241
communities computed : Thu Jan  7 08:41:36 2010
modularity increased from 0.136241 to 0.136241
0 0
1 1
2 2
3 3
network of communities computed : Thu Jan  7 08:41:36 2010
1e-06 0.136241 59
