Sender: LSF System <lsfadmin@bc01-n02>
Subject: Job 429320: <comm_pct15> Done

Job <comm_pct15> was submitted from host <bc10-n13> by user <jabloche> in cluster <lucky>.
Job was executed on host(s) <bc01-n02>, in queue <week>, as user <jabloche> in cluster <lucky>.
</afs/isis.unc.edu/home/j/a/jabloche> was used as the home directory.
</netscr/jabloche/FirmNetworks/cLouvain> was used as the working directory.
Started at Thu Jan  7 08:40:27 2010
Results reported at Thu Jan  7 08:44:00 2010

Your job looked like:

------------------------------------------------------------
# LSBATCH: User input
/netscr/jabloche/FirmNetworks/cLouvain/community /smallfs/jabloche/fn_edge/el_pct15.bin -l -1 -w
------------------------------------------------------------

Successfully completed.

Resource usage summary:

    CPU time   :    159.29 sec.
    Max Memory :       247 MB
    Max Swap   :       396 MB

    Max Processes  :         4
    Max Threads    :         4

The output (if any) follows:

Your home directory for this job is /netscr/jabloche
start : Thu Jan  7 08:40:27 2010
total : 15767102
file read : Thu Jan  7 08:41:21 2010
network : 8598 nodes, 15767102 links, 222993556 weight.
pass number 1 of -1 : 0.0989425 -0.000208063
pass number 2 of -1 : 0.106405 0.0989425
pass number 3 of -1 : 0.106591 0.106405
pass number 4 of -1 : 0.106611 0.106591
pass number 5 of -1 : 0.106613 0.106611
pass number 6 of -1 : 0.106615 0.106613
pass number 7 of -1 : 0.106615 0.106615
communities computed : Thu Jan  7 08:43:59 2010
modularity increased from -0.000208063 to 0.106615
0 1
1 0
2 1
3 5
4 5
5 1
6 5
7 5
8 5
9 5
10 5
11 1
12 5
13 5
14 5
15 5
16 1
17 5
18 5
19 5
20 5
21 5
22 5
23 5
24 5
25 5
26 5
27 5
28 1
29 1
30 5
31 5
32 5
33 5
34 5
35 5
36 5
37 1
38 5
39 5
40 5
41 1
42 1
43 1
44 5
45 5
46 5
47 1
48 5
49 1
50 5
51 1
52 5
53 5
54 5
55 5
56 1
57 5
58 5
59 5
60 5
61 5
62 5
63 5
64 5
65 1
66 1
67 1
68 5
69 5
70 5
71 1
72 5
73 5
74 5
75 5
76 5
77 1
78 5
79 5
80 5
81 1
82 5
83 1
84 5
85 1
86 5
87 5
88 1
89 5
90 5
91 1
92 5
93 1
94 5
95 5
96 5
97 0
98 1
99 0
100 1
101 0
102 0
103 0
104 0
105 0
106 1
107 0
108 1
109 1
110 0
111 0
112 0
113 1
114 0
115 1
116 1
117 0
118 0
119 0
120 1
121 5
122 5
123 5
124 5
125 5
126 5
127 5
128 5
129 5
130 5
131 5
132 1
133 1
134 1
135 5
136 1
137 5
138 5
139 1
140 1
141 5
142 5
143 5
144 1
145 1
146 5
147 5
148 5
149 5
150 5
151 5
152 5
153 5
154 5
155 5
156 1
157 5
158 5
159 5
160 5
161 5
162 5
163 0
164 5
165 5
166 5
167 5
168 5
169 5
170 5
171 5
172 5
173 5
174 5
175 5
176 5
177 5
178 5
179 1
180 5
181 5
182 5
183 5
184 1
185 5
186 1
187 5
188 5
189 1
190 1
191 5
192 0
193 1
194 0
195 5
196 0
197 5
198 5
199 0
200 0
201 5
202 1
203 5
204 0
205 0
206 0
207 0
208 5
209 5
210 1
211 1
212 5
213 0
214 5
215 0
216 5
217 1
218 5
219 5
220 5
221 5
222 0
223 1
224 0
225 5
226 0
227 0
228 1
229 5
230 5
231 5
232 1
233 0
234 5
235 1
236 5
237 5
238 5
239 0
240 5
241 5
242 0
243 5
244 1
245 1
246 1
247 1
248 5
249 0
250 5
251 0
252 5
253 5
254 0
255 5
256 5
257 0
258 0
259 5
260 5
261 1
262 1
263 5
264 0
265 0
266 5
267 5
268 5
269 5
270 5
271 5
272 0
273 5
274 0
275 0
276 0
277 5
278 5
279 5
280 5
281 0
282 1
283 5
284 1
285 5
286 5
287 5
288 0
289 5
290 0
291 0
292 5
293 5
294 5
295 0
296 0
297 0
298 0
299 1
300 0
301 5
302 1
303 5
304 1
305 0
306 0
307 1
308 0
309 5
310 0
311 5
312 5
313 1
314 0
315 1
316 5
317 0
318 5
319 0
320 1
321 1
322 5
323 5
324 1
325 0
326 0
327 0
328 5
329 5
330 0
331 5
332 0
333 5
334 0
335 1
336 5
337 1
338 0
339 5
340 5
341 5
342 0
343 1
344 5
345 0
346 0
347 5
348 5
349 5
350 5
351 5
352 5
353 5
354 5
355 5
356 1
357 5
358 1
359 1
360 1
361 1
362 1
363 1
364 1
365 5
366 5
367 1
368 1
369 5
370 1
371 1
372 5
373 1
374 0
375 1
376 1
377 1
378 1
379 5
380 5
381 1
382 5
383 1
384 5
385 1
386 1
387 1
388 5
389 5
390 1
391 5
392 1
393 5
394 1
395 1
396 5
397 1
398 1
399 5
400 5
401 5
402 1
403 1
404 5
405 1
406 0
407 5
408 1
409 1
410 5
411 5
412 1
413 0
414 1
415 1
416 1
417 1
418 1
419 1
420 5
421 1
422 5
423 5
424 5
425 0
426 1
427 1
428 1
429 5
430 1
431 1
432 0
433 5
434 1
435 1
436 5
437 1
438 1
439 5
440 1
441 1
442 1
443 5
444 5
445 1
446 0
447 0
448 1
449 5
450 1
451 1
452 1
453 1
454 1
455 1
456 5
457 1
458 1
459 1
460 1
461 1
462 5
463 1
464 5
465 1
466 5
467 5
468 5
469 5
470 5
471 5
472 5
473 5
474 5
475 5
476 5
477 5
478 1
479 5
480 0
481 0
482 0
483 1
484 0
485 0
486 5
487 0
488 0
489 0
490 1
491 0
492 0
493 0
494 0
495 0
496 0
497 0
498 0
499 0
500 0
501 0
502 0
503 0
504 0
505 0
506 0
507 1
508 0
509 0
510 0
511 0
512 5
513 0
514 0
515 0
516 0
517 0
518 0
519 0
520 0
521 0
522 0
523 0
524 0
525 0
526 1
527 0
528 0
529 0
530 0
531 0
532 0
533 0
534 0
535 0
536 0
537 0
538 5
539 5
540 0
541 0
542 0
543 0
544 0
545 0
546 0
547 0
548 0
549 0
550 0
551 0
552 0
553 1
554 0
555 0
556 1
557 0
558 0
559 0
560 0
561 0
562 0
563 0
564 0
565 0
566 0
567 0
568 0
569 1
570 0
571 0
572 1
573 0
574 16
575 0
576 0
577 0
578 0
579 0
580 1
581 0
582 0
583 0
584 0
585 0
586 0
587 0
588 0
589 0
590 0
591 0
592 0
593 1
594 0
595 0
596 0
597 0
598 0
599 0
600 0
601 0
602 1
603 0
604 0
605 0
606 0
607 0
608 0
609 0
610 0
611 0
612 1
613 0
614 0
615 0
616 0
617 0
618 0
619 0
620 1
621 0
622 0
623 0
624 5
625 0
626 0
627 0
628 5
629 0
630 0
631 0
632 1
633 0
634 0
635 5
636 1
637 1
638 5
639 5
640 5
641 5
642 5
643 1
644 1
645 5
646 1
647 5
648 1
649 1
650 5
651 1
652 1
653 5
654 1
655 5
656 5
657 5
658 5
659 1
660 5
661 5
662 0
663 5
664 1
665 5
666 5
667 1
668 1
669 5
670 5
671 1
672 1
673 5
674 1
675 1
676 1
677 5
678 1
679 5
680 5
681 1
682 5
683 5
684 1
685 5
686 5
687 5
688 5
689 1
690 1
691 5
692 5
693 1
694 5
695 1
696 0
697 5
698 5
699 5
700 1
701 1
702 5
703 5
704 1
705 1
706 1
707 1
708 1
709 1
710 5
711 5
712 5
713 1
714 1
715 5
716 5
717 1
718 5
719 5
720 5
721 1
722 1
723 5
724 5
725 1
726 1
727 5
728 5
729 5
730 5
731 5
732 5
733 1
734 5
735 0
736 5
737 1
738 5
739 1
740 5
741 1
742 5
743 5
744 1
745 5
746 1
747 5
748 5
749 1
750 5
751 1
752 5
753 1
754 5
755 5
756 1
757 5
758 5
759 5
760 5
761 1
762 5
763 1
764 5
765 5
766 1
767 5
768 1
769 5
770 1
771 5
772 1
773 1
774 5
775 5
776 1
777 1
778 5
779 5
780 5
781 1
782 5
783 1
784 5
785 1
786 5
787 5
788 1
789 5
790 5
791 1
792 5
793 1
794 5
795 1
796 5
797 5
798 1
799 5
800 5
801 5
802 5
803 1
804 5
805 5
806 5
807 0
808 1
809 5
810 5
811 5
812 5
813 5
814 1
815 5
816 5
817 5
818 5
819 5
820 5
821 5
822 5
823 1
824 5
825 5
826 5
827 1
828 5
829 1
830 5
831 1
832 1
833 1
834 5
835 1
836 5
837 5
838 5
839 1
840 1
841 1
842 5
843 1
844 5
845 1
846 5
847 5
848 1
849 5
850 5
851 1
852 5
853 5
854 1
855 5
856 5
857 5
858 5
859 5
860 5
861 5
862 5
863 5
864 5
865 5
866 5
867 5
868 5
869 5
870 5
871 5
872 5
873 5
874 5
875 1
876 5
877 5
878 5
879 1
880 1
881 1
882 5
883 5
884 5
885 5
886 1
887 1
888 5
889 5
890 5
891 5
892 1
893 1
894 5
895 5
896 5
897 5
898 5
899 5
900 1
901 1
902 1
903 1
904 5
905 5
906 5
907 1
908 1
909 5
910 5
911 5
912 1
913 5
914 5
915 5
916 5
917 1
918 5
919 1
920 1
921 5
922 5
923 5
924 5
925 1
926 5
927 1
928 5
929 5
930 5
931 5
932 5
933 5
934 1
935 1
936 5
937 5
938 5
939 1
940 1
941 5
942 1
943 5
944 1
945 1
946 1
947 1
948 1
949 1
950 1
951 1
952 5
953 5
954 5
955 1
956 5
957 1
958 1
959 5
960 1
961 5
962 5
963 5
964 1
965 5
966 1
967 1
968 5
969 5
970 5
971 1
972 5
973 5
974 5
975 1
976 1
977 5
978 1
979 1
980 5
981 5
982 5
983 5
984 5
985 1
986 5
987 5
988 1
989 5
990 1
991 5
992 5
993 5
994 5
995 1
996 5
997 5
998 1
999 1
1000 1
1001 1
1002 5
1003 5
1004 5
1005 1
1006 1
1007 1
1008 5
1009 5
1010 1
1011 5
1012 1
1013 5
1014 1
1015 5
1016 1
1017 5
1018 1
1019 5
1020 5
1021 0
1022 1
1023 1
1024 5
1025 5
1026 1
1027 5
1028 5
1029 5
1030 5
1031 5
1032 5
1033 5
1034 5
1035 5
1036 5
1037 5
1038 5
1039 1
1040 5
1041 5
1042 5
1043 5
1044 1
1045 5
1046 1
1047 5
1048 5
1049 1
1050 1
1051 5
1052 1
1053 1
1054 1
1055 1
1056 5
1057 5
1058 1
1059 5
1060 5
1061 5
1062 5
1063 5
1064 5
1065 1
1066 1
1067 5
1068 1
1069 1
1070 5
1071 1
1072 5
1073 5
1074 5
1075 5
1076 1
1077 5
1078 5
1079 1
1080 5
1081 5
1082 5
1083 5
1084 5
1085 1
1086 5
1087 5
1088 5
1089 5
1090 5
1091 5
1092 5
1093 5
1094 5
1095 1
1096 5
1097 1
1098 5
1099 5
1100 1
1101 1
1102 5
1103 5
1104 1
1105 1
1106 5
1107 5
1108 1
1109 5
1110 5
1111 5
1112 5
1113 5
1114 1
1115 1
1116 5
1117 5
1118 5
1119 5
1120 5
1121 1
1122 5
1123 5
1124 1
1125 5
1126 5
1127 1
1128 5
1129 1
1130 1
1131 1
1132 5
1133 1
1134 5
1135 5
1136 1
1137 1
1138 1
1139 1
1140 5
1141 5
1142 1
1143 1
1144 5
1145 5
1146 1
1147 5
1148 1
1149 1
1150 1
1151 1
1152 5
1153 5
1154 5
1155 5
1156 1
1157 1
1158 1
1159 5
1160 5
1161 5
1162 5
1163 5
1164 5
1165 5
1166 1
1167 5
1168 5
1169 1
1170 1
1171 1
1172 1
1173 5
1174 5
1175 5
1176 5
1177 5
1178 1
1179 5
1180 1
1181 1
1182 5
1183 1
1184 5
1185 5
1186 5
1187 5
1188 0
1189 5
1190 5
1191 16
1192 1
1193 1
1194 1
1195 5
1196 5
1197 5
1198 5
1199 5
1200 5
1201 5
1202 0
1203 0
1204 1
1205 5
1206 1
1207 0
1208 0
1209 0
1210 5
1211 0
1212 1
1213 5
1214 1
1215 5
1216 5
1217 1
1218 1
1219 1
1220 1
1221 5
1222 0
1223 0
1224 0
1225 5
1226 1
1227 5
1228 0
1229 1
1230 1
1231 0
1232 1
1233 5
1234 1
1235 1
1236 0
1237 1
1238 5
1239 0
1240 0
1241 5
1242 1
1243 5
1244 1
1245 5
1246 5
1247 5
1248 1
1249 5
1250 1
1251 1
1252 0
1253 1
1254 1
1255 5
1256 5
1257 1
1258 5
1259 0
1260 0
1261 5
1262 5
1263 1
1264 5
1265 5
1266 1
1267 5
1268 1
1269 1
1270 5
1271 1
1272 0
1273 5
1274 5
1275 0
1276 1
1277 1
1278 1
1279 0
1280 0
1281 1
1282 0
1283 1
1284 5
1285 0
1286 5
1287 0
1288 1
1289 5
1290 1
1291 5
1292 1
1293 5
1294 5
1295 5
1296 5
1297 5
1298 1
1299 5
1300 5
1301 0
1302 0
1303 1
1304 5
1305 1
1306 1
1307 5
1308 5
1309 1
1310 1
1311 1
1312 1
1313 5
1314 5
1315 1
1316 0
1317 5
1318 1
1319 0
1320 0
1321 1
1322 5
1323 5
1324 5
1325 5
1326 5
1327 5
1328 5
1329 5
1330 0
1331 1
1332 5
1333 5
1334 1
1335 0
1336 0
1337 1
1338 5
1339 1
1340 5
1341 0
1342 1
1343 1
1344 1
1345 5
1346 1
1347 5
1348 5
1349 5
1350 1
1351 1
1352 5
1353 5
1354 5
1355 0
1356 1
1357 5
1358 5
1359 0
1360 1
1361 1
1362 1
1363 1
1364 5
1365 5
1366 1
1367 1
1368 5
1369 5
1370 5
1371 1
1372 0
1373 1
1374 1
1375 5
1376 0
1377 0
1378 1
1379 0
1380 5
1381 5
1382 1
1383 1
1384 0
1385 5
1386 1
1387 1
1388 5
1389 1
1390 5
1391 1
1392 0
1393 5
1394 0
1395 5
1396 0
1397 0
1398 1
1399 1
1400 0
1401 1
1402 5
1403 5
1404 1
1405 1
1406 5
1407 1
1408 0
1409 0
1410 5
1411 5
1412 0
1413 5
1414 0
1415 5
1416 5
1417 5
1418 0
1419 5
1420 1
1421 5
1422 1
1423 5
1424 5
1425 1
1426 5
1427 1
1428 1
1429 1
1430 5
1431 1
1432 5
1433 0
1434 0
1435 1
1436 1
1437 5
1438 0
1439 1
1440 1
1441 0
1442 5
1443 5
1444 1
1445 5
1446 1
1447 0
1448 5
1449 0
1450 5
1451 5
1452 0
1453 1
1454 5
1455 0
1456 5
1457 0
1458 5
1459 0
1460 0
1461 0
1462 1
1463 1
1464 5
1465 5
1466 5
1467 1
1468 5
1469 0
1470 5
1471 0
1472 0
1473 0
1474 1
1475 5
1476 1
1477 1
1478 5
1479 1
1480 0
1481 5
1482 1
1483 1
1484 1
1485 0
1486 1
1487 0
1488 1
1489 5
1490 0
1491 5
1492 0
1493 0
1494 5
1495 5
1496 0
1497 5
1498 1
1499 1
1500 1
1501 5
1502 1
1503 0
1504 5
1505 5
1506 1
1507 5
1508 1
1509 1
1510 5
1511 5
1512 5
1513 5
1514 5
1515 0
1516 5
1517 5
1518 1
1519 5
1520 0
1521 0
1522 0
1523 5
1524 0
1525 5
1526 5
1527 5
1528 5
1529 1
1530 5
1531 0
1532 1
1533 0
1534 1
1535 1
1536 5
1537 1
1538 1
1539 5
1540 5
1541 5
1542 1
1543 0
1544 5
1545 1
1546 1
1547 5
1548 1
1549 1
1550 1
1551 1
1552 1
1553 1
1554 1
1555 5
1556 1
1557 1
1558 1
1559 1
1560 1
1561 1
1562 1
1563 1
1564 5
1565 1
1566 1
1567 1
1568 5
1569 1
1570 1
1571 1
1572 1
1573 5
1574 5
1575 1
1576 5
1577 0
1578 5
1579 1
1580 0
1581 0
1582 0
1583 0
1584 1
1585 5
1586 1
1587 0
1588 1
1589 0
1590 5
1591 1
1592 1
1593 1
1594 5
1595 1
1596 5
1597 1
1598 5
1599 0
1600 1
1601 0
1602 0
1603 5
1604 5
1605 5
1606 5
1607 0
1608 5
1609 5
1610 5
1611 1
1612 1
1613 1
1614 1
1615 1
1616 1
1617 1
1618 1
1619 5
1620 1
1621 1
1622 1
1623 5
1624 5
1625 1
1626 5
1627 1
1628 1
1629 5
1630 0
1631 5
1632 1
1633 5
1634 5
1635 5
1636 5
1637 1
1638 0
1639 5
1640 5
1641 5
1642 1
1643 5
1644 5
1645 1
1646 1
1647 5
1648 5
1649 1
1650 5
1651 1
1652 1
1653 5
1654 5
1655 1
1656 0
1657 1
1658 1
1659 1
1660 1
1661 5
1662 5
1663 0
1664 1
1665 0
1666 1
1667 0
1668 1
1669 1
1670 1
1671 1
1672 1
1673 5
1674 0
1675 0
1676 0
1677 5
1678 1
1679 5
1680 1
1681 0
1682 5
1683 5
1684 1
1685 1
1686 5
1687 5
1688 1
1689 5
1690 5
1691 5
1692 1
1693 0
1694 1
1695 1
1696 1
1697 1
1698 1
1699 5
1700 0
1701 1
1702 1
1703 1
1704 0
1705 1
1706 1
1707 5
1708 5
1709 5
1710 0
1711 0
1712 0
1713 1
1714 5
1715 1
1716 1
1717 5
1718 5
1719 1
1720 5
1721 1
1722 1
1723 1
1724 0
1725 0
1726 5
1727 0
1728 1
1729 0
1730 5
1731 5
1732 5
1733 5
1734 1
1735 1
1736 1
1737 0
1738 1
1739 1
1740 1
1741 5
1742 1
1743 1
1744 1
1745 0
1746 1
1747 1
1748 5
1749 1
1750 1
1751 0
1752 5
1753 5
1754 1
1755 1
1756 1
1757 1
1758 1
1759 0
1760 1
1761 1
1762 1
1763 1
1764 5
1765 1
1766 5
1767 5
1768 0
1769 0
1770 1
1771 5
1772 0
1773 1
1774 0
1775 0
1776 1
1777 0
1778 0
1779 0
1780 5
1781 5
1782 0
1783 0
1784 5
1785 0
1786 0
1787 0
1788 0
1789 0
1790 5
1791 1
1792 0
1793 0
1794 5
1795 0
1796 0
1797 0
1798 0
1799 0
1800 1
1801 5
1802 1
1803 0
1804 5
1805 0
1806 0
1807 1
1808 0
1809 0
1810 1
1811 0
1812 0
1813 0
1814 0
1815 1
1816 5
1817 0
1818 1
1819 0
1820 5
1821 5
1822 0
1823 5
1824 5
1825 5
1826 0
1827 0
1828 0
1829 5
1830 0
1831 1
1832 5
1833 0
1834 5
1835 0
1836 0
1837 0
1838 0
1839 0
1840 1
1841 0
1842 0
1843 5
1844 0
1845 5
1846 0
1847 0
1848 5
1849 5
1850 5
1851 0
1852 0
1853 0
1854 0
1855 1
1856 5
1857 5
1858 5
1859 1
1860 5
1861 5
1862 5
1863 0
1864 0
1865 5
1866 0
1867 1
1868 0
1869 0
1870 0
1871 0
1872 5
1873 1
1874 5
1875 0
1876 0
1877 0
1878 0
1879 0
1880 5
1881 0
1882 0
1883 0
1884 5
1885 0
1886 0
1887 5
1888 5
1889 5
1890 5
1891 5
1892 0
1893 0
1894 1
1895 0
1896 0
1897 0
1898 5
1899 0
1900 0
1901 0
1902 0
1903 5
1904 0
1905 0
1906 1
1907 5
1908 0
1909 0
1910 1
1911 0
1912 0
1913 0
1914 5
1915 0
1916 0
1917 5
1918 0
1919 0
1920 0
1921 5
1922 0
1923 0
1924 0
1925 0
1926 0
1927 0
1928 5
1929 0
1930 0
1931 0
1932 5
1933 0
1934 5
1935 0
1936 1
1937 1
1938 0
1939 0
1940 0
1941 0
1942 0
1943 1
1944 1
1945 0
1946 1
1947 0
1948 0
1949 0
1950 1
1951 0
1952 0
1953 0
1954 1
1955 0
1956 5
1957 1
1958 0
1959 1
1960 1
1961 1
1962 1
1963 1
1964 5
1965 5
1966 0
1967 5
1968 5
1969 1
1970 1
1971 1
1972 5
1973 5
1974 1
1975 1
1976 0
1977 0
1978 1
1979 5
1980 5
1981 5
1982 5
1983 5
1984 5
1985 5
1986 0
1987 1
1988 5
1989 5
1990 0
1991 0
1992 0
1993 0
1994 5
1995 0
1996 5
1997 1
1998 1
1999 5
2000 5
2001 5
2002 0
2003 0
2004 5
2005 1
2006 0
2007 5
2008 5
2009 5
2010 5
2011 0
2012 1
2013 5
2014 0
2015 0
2016 5
2017 5
2018 5
2019 5
2020 1
2021 0
2022 5
2023 0
2024 0
2025 5
2026 5
2027 0
2028 0
2029 0
2030 0
2031 0
2032 0
2033 5
2034 5
2035 5
2036 5
2037 5
2038 5
2039 5
2040 5
2041 5
2042 5
2043 5
2044 0
2045 0
2046 1
2047 1
2048 5
2049 0
2050 0
2051 5
2052 1
2053 0
2054 5
2055 0
2056 1
2057 1
2058 5
2059 5
2060 15
2061 5
2062 5
2063 0
2064 5
2065 1
2066 5
2067 1
2068 1
2069 5
2070 5
2071 5
2072 5
2073 5
2074 5
2075 5
2076 0
2077 0
2078 5
2079 0
2080 0
2081 5
2082 5
2083 5
2084 0
2085 5
2086 5
2087 0
2088 0
2089 5
2090 5
2091 0
2092 5
2093 0
2094 0
2095 5
2096 0
2097 1
2098 5
2099 5
2100 5
2101 0
2102 5
2103 5
2104 0
2105 5
2106 0
2107 5
2108 0
2109 0
2110 5
2111 0
2112 5
2113 5
2114 1
2115 5
2116 5
2117 1
2118 5
2119 1
2120 0
2121 0
2122 1
2123 0
2124 5
2125 1
2126 5
2127 5
2128 1
2129 1
2130 1
2131 5
2132 1
2133 5
2134 1
2135 1
2136 1
2137 5
2138 5
2139 0
2140 1
2141 1
2142 1
2143 1
2144 1
2145 1
2146 5
2147 1
2148 5
2149 1
2150 5
2151 5
2152 5
2153 5
2154 5
2155 5
2156 1
2157 1
2158 1
2159 0
2160 5
2161 0
2162 1
2163 1
2164 1
2165 1
2166 0
2167 0
2168 1
2169 0
2170 5
2171 0
2172 1
2173 5
2174 5
2175 5
2176 1
2177 0
2178 1
2179 5
2180 1
2181 1
2182 5
2183 5
2184 1
2185 1
2186 16
2187 5
2188 1
2189 1
2190 1
2191 1
2192 5
2193 5
2194 0
2195 1
2196 5
2197 1
2198 5
2199 0
2200 5
2201 5
2202 1
2203 1
2204 5
2205 1
2206 1
2207 1
2208 1
2209 0
2210 1
2211 5
2212 1
2213 1
2214 1
2215 5
2216 1
2217 1
2218 5
2219 5
2220 5
2221 1
2222 1
2223 5
2224 1
2225 0
2226 1
2227 1
2228 5
2229 1
2230 5
2231 1
2232 1
2233 1
2234 1
2235 1
2236 1
2237 5
2238 5
2239 1
2240 1
2241 1
2242 5
2243 1
2244 5
2245 5
2246 0
2247 5
2248 1
2249 5
2250 5
2251 0
2252 5
2253 0
2254 5
2255 5
2256 1
2257 0
2258 5
2259 5
2260 5
2261 1
2262 0
2263 0
2264 1
2265 0
2266 5
2267 1
2268 1
2269 0
2270 5
2271 0
2272 1
2273 1
2274 0
2275 5
2276 5
2277 0
2278 0
2279 0
2280 5
2281 5
2282 5
2283 1
2284 1
2285 1
2286 1
2287 0
2288 1
2289 0
2290 5
2291 0
2292 1
2293 5
2294 0
2295 5
2296 1
2297 0
2298 0
2299 0
2300 5
2301 0
2302 5
2303 5
2304 0
2305 0
2306 1
2307 0
2308 0
2309 1
2310 5
2311 0
2312 5
2313 1
2314 1
2315 1
2316 0
2317 5
2318 0
2319 16
2320 1
2321 0
2322 5
2323 5
2324 1
2325 0
2326 5
2327 0
2328 0
2329 0
2330 1
2331 1
2332 1
2333 5
2334 1
2335 0
2336 5
2337 5
2338 5
2339 1
2340 5
2341 5
2342 1
2343 1
2344 5
2345 5
2346 0
2347 5
2348 5
2349 0
2350 5
2351 0
2352 1
2353 5
2354 0
2355 0
2356 1
2357 1
2358 5
2359 1
2360 1
2361 5
2362 1
2363 1
2364 5
2365 5
2366 5
2367 5
2368 1
2369 5
2370 1
2371 1
2372 5
2373 5
2374 5
2375 5
2376 5
2377 0
2378 0
2379 1
2380 5
2381 5
2382 0
2383 0
2384 1
2385 0
2386 1
2387 5
2388 1
2389 5
2390 1
2391 0
2392 1
2393 0
2394 0
2395 0
2396 0
2397 1
2398 0
2399 5
2400 1
2401 1
2402 0
2403 1
2404 1
2405 0
2406 5
2407 0
2408 5
2409 0
2410 5
2411 1
2412 5
2413 1
2414 1
2415 0
2416 5
2417 0
2418 0
2419 1
2420 1
2421 1
2422 5
2423 1
2424 0
2425 1
2426 0
2427 0
2428 1
2429 1
2430 5
2431 1
2432 0
2433 1
2434 5
2435 0
2436 1
2437 0
2438 5
2439 5
2440 1
2441 0
2442 5
2443 0
2444 1
2445 5
2446 5
2447 5
2448 1
2449 0
2450 0
2451 1
2452 1
2453 5
2454 1
2455 0
2456 0
2457 1
2458 1
2459 1
2460 0
2461 5
2462 1
2463 0
2464 5
2465 1
2466 0
2467 0
2468 5
2469 1
2470 5
2471 0
2472 0
2473 1
2474 1
2475 5
2476 1
2477 1
2478 1
2479 1
2480 1
2481 5
2482 0
2483 5
2484 0
2485 1
2486 1
2487 5
2488 0
2489 0
2490 1
2491 0
2492 0
2493 0
2494 1
2495 0
2496 5
2497 0
2498 5
2499 0
2500 5
2501 1
2502 0
2503 1
2504 1
2505 1
2506 1
2507 1
2508 1
2509 0
2510 0
2511 5
2512 5
2513 0
2514 0
2515 5
2516 5
2517 5
2518 0
2519 0
2520 1
2521 5
2522 1
2523 1
2524 0
2525 0
2526 5
2527 0
2528 0
2529 1
2530 5
2531 5
2532 0
2533 5
2534 0
2535 1
2536 5
2537 0
2538 1
2539 1
2540 0
2541 5
2542 5
2543 1
2544 1
2545 1
2546 0
2547 0
2548 1
2549 1
2550 5
2551 1
2552 1
2553 5
2554 0
2555 5
2556 1
2557 1
2558 1
2559 5
2560 1
2561 1
2562 0
2563 5
2564 0
2565 1
2566 0
2567 5
2568 5
2569 1
2570 0
2571 1
2572 1
2573 0
2574 0
2575 0
2576 0
2577 0
2578 0
2579 0
2580 0
2581 5
2582 1
2583 1
2584 1
2585 0
2586 5
2587 1
2588 0
2589 0
2590 0
2591 0
2592 5
2593 0
2594 5
2595 5
2596 5
2597 1
2598 0
2599 5
2600 0
2601 5
2602 0
2603 1
2604 0
2605 0
2606 1
2607 5
2608 5
2609 1
2610 5
2611 0
2612 1
2613 5
2614 5
2615 0
2616 0
2617 5
2618 5
2619 0
2620 0
2621 5
2622 1
2623 1
2624 0
2625 1
2626 0
2627 1
2628 5
2629 0
2630 0
2631 5
2632 0
2633 5
2634 5
2635 1
2636 1
2637 1
2638 0
2639 1
2640 0
2641 0
2642 1
2643 5
2644 5
2645 1
2646 5
2647 5
2648 5
2649 0
2650 0
2651 5
2652 5
2653 5
2654 5
2655 1
2656 0
2657 1
2658 1
2659 5
2660 5
2661 5
2662 1
2663 1
2664 1
2665 0
2666 1
2667 5
2668 0
2669 1
2670 1
2671 5
2672 1
2673 1
2674 1
2675 0
2676 0
2677 5
2678 1
2679 5
2680 1
2681 1
2682 5
2683 0
2684 0
2685 5
2686 0
2687 1
2688 0
2689 1
2690 5
2691 1
2692 5
2693 1
2694 0
2695 5
2696 0
2697 1
2698 5
2699 0
2700 0
2701 1
2702 1
2703 1
2704 1
2705 5
2706 0
2707 1
2708 1
2709 0
2710 1
2711 0
2712 0
2713 5
2714 0
2715 1
2716 0
2717 0
2718 5
2719 0
2720 5
2721 5
2722 5
2723 5
2724 5
2725 1
2726 1
2727 0
2728 5
2729 0
2730 5
2731 1
2732 5
2733 5
2734 5
2735 0
2736 1
2737 0
2738 0
2739 1
2740 5
2741 0
2742 5
2743 1
2744 5
2745 0
2746 0
2747 5
2748 5
2749 1
2750 5
2751 0
2752 5
2753 1
2754 5
2755 1
2756 5
2757 0
2758 0
2759 1
2760 0
2761 0
2762 0
2763 1
2764 5
2765 5
2766 1
2767 5
2768 0
2769 5
2770 5
2771 0
2772 0
2773 5
2774 1
2775 1
2776 0
2777 5
2778 1
2779 5
2780 5
2781 0
2782 1
2783 0
2784 1
2785 0
2786 0
2787 0
2788 1
2789 1
2790 0
2791 5
2792 5
2793 5
2794 0
2795 5
2796 5
2797 0
2798 0
2799 0
2800 5
2801 0
2802 5
2803 1
2804 1
2805 5
2806 5
2807 5
2808 0
2809 1
2810 5
2811 5
2812 0
2813 0
2814 5
2815 5
2816 1
2817 0
2818 5
2819 5
2820 5
2821 5
2822 5
2823 5
2824 5
2825 5
2826 5
2827 5
2828 5
2829 5
2830 0
2831 5
2832 1
2833 5
2834 5
2835 5
2836 5
2837 5
2838 5
2839 5
2840 5
2841 5
2842 5
2843 5
2844 5
2845 5
2846 5
2847 5
2848 0
2849 1
2850 1
2851 5
2852 0
2853 0
2854 0
2855 0
2856 1
2857 0
2858 5
2859 5
2860 1
2861 0
2862 5
2863 1
2864 0
2865 5
2866 5
2867 5
2868 5
2869 5
2870 1
2871 5
2872 5
2873 1
2874 1
2875 5
2876 5
2877 0
2878 5
2879 5
2880 5
2881 1
2882 0
2883 1
2884 1
2885 0
2886 5
2887 5
2888 5
2889 5
2890 5
2891 5
2892 1
2893 5
2894 5
2895 0
2896 1
2897 1
2898 5
2899 0
2900 0
2901 0
2902 0
2903 0
2904 5
2905 0
2906 5
2907 5
2908 1
2909 0
2910 5
2911 0
2912 0
2913 1
2914 1
2915 5
2916 5
2917 0
2918 0
2919 0
2920 5
2921 1
2922 0
2923 0
2924 1
2925 0
2926 0
2927 5
2928 5
2929 1
2930 5
2931 0
2932 5
2933 1
2934 5
2935 1
2936 0
2937 1
2938 5
2939 1
2940 1
2941 0
2942 5
2943 1
2944 5
2945 0
2946 5
2947 5
2948 5
2949 0
2950 0
2951 1
2952 1
2953 5
2954 1
2955 0
2956 5
2957 0
2958 0
2959 1
2960 5
2961 5
2962 0
2963 5
2964 5
2965 0
2966 0
2967 0
2968 0
2969 5
2970 5
2971 0
2972 1
2973 0
2974 0
2975 1
2976 0
2977 5
2978 0
2979 5
2980 5
2981 5
2982 5
2983 5
2984 1
2985 1
2986 5
2987 0
2988 1
2989 1
2990 0
2991 0
2992 5
2993 0
2994 0
2995 1
2996 1
2997 1
2998 1
2999 0
3000 0
3001 1
3002 1
3003 0
3004 0
3005 0
3006 1
3007 5
3008 5
3009 5
3010 0
3011 1
3012 0
3013 0
3014 0
3015 5
3016 5
3017 0
3018 5
3019 0
3020 1
3021 0
3022 1
3023 0
3024 0
3025 1
3026 1
3027 5
3028 5
3029 5
3030 0
3031 1
3032 5
3033 0
3034 1
3035 0
3036 1
3037 1
3038 1
3039 5
3040 5
3041 5
3042 5
3043 5
3044 5
3045 1
3046 1
3047 0
3048 5
3049 5
3050 0
3051 0
3052 5
3053 5
3054 1
3055 0
3056 5
3057 5
3058 0
3059 0
3060 0
3061 0
3062 1
3063 5
3064 1
3065 0
3066 1
3067 0
3068 5
3069 0
3070 0
3071 0
3072 0
3073 1
3074 0
3075 0
3076 0
3077 0
3078 5
3079 0
3080 0
3081 0
3082 0
3083 0
3084 0
3085 0
3086 0
3087 0
3088 5
3089 1
3090 0
3091 0
3092 0
3093 0
3094 0
3095 1
3096 0
3097 0
3098 1
3099 0
3100 5
3101 0
3102 1
3103 0
3104 1
3105 5
3106 0
3107 1
3108 5
3109 5
3110 1
3111 0
3112 5
3113 1
3114 5
3115 1
3116 0
3117 0
3118 1
3119 0
3120 5
3121 1
3122 1
3123 5
3124 0
3125 0
3126 0
3127 1
3128 0
3129 1
3130 5
3131 5
3132 0
3133 0
3134 1
3135 1
3136 0
3137 0
3138 1
3139 5
3140 0
3141 5
3142 1
3143 0
3144 5
3145 5
3146 5
3147 1
3148 1
3149 5
3150 1
3151 1
3152 0
3153 1
3154 0
3155 5
3156 1
3157 0
3158 0
3159 1
3160 0
3161 0
3162 5
3163 1
3164 1
3165 5
3166 5
3167 0
3168 0
3169 1
3170 1
3171 0
3172 1
3173 1
3174 1
3175 5
3176 0
3177 5
3178 5
3179 0
3180 1
3181 5
3182 0
3183 1
3184 0
3185 1
3186 0
3187 0
3188 0
3189 1
3190 5
3191 5
3192 0
3193 0
3194 1
3195 1
3196 1
3197 5
3198 5
3199 1
3200 0
3201 5
3202 5
3203 5
3204 0
3205 0
3206 0
3207 1
3208 5
3209 5
3210 0
3211 0
3212 5
3213 0
3214 5
3215 1
3216 1
3217 5
3218 5
3219 0
3220 1
3221 1
3222 0
3223 1
3224 5
3225 5
3226 1
3227 5
3228 0
3229 5
3230 0
3231 1
3232 0
3233 1
3234 0
3235 5
3236 5
3237 5
3238 5
3239 5
3240 5
3241 0
3242 1
3243 0
3244 1
3245 0
3246 0
3247 5
3248 5
3249 1
3250 0
3251 1
3252 0
3253 0
3254 5
3255 1
3256 5
3257 5
3258 0
3259 0
3260 5
3261 0
3262 0
3263 0
3264 0
3265 1
3266 0
3267 0
3268 0
3269 5
3270 1
3271 0
3272 0
3273 0
3274 0
3275 0
3276 5
3277 0
3278 0
3279 0
3280 5
3281 1
3282 5
3283 1
3284 5
3285 0
3286 5
3287 0
3288 0
3289 5
3290 0
3291 0
3292 0
3293 0
3294 0
3295 0
3296 0
3297 0
3298 0
3299 5
3300 0
3301 0
3302 0
3303 5
3304 0
3305 0
3306 0
3307 5
3308 5
3309 0
3310 1
3311 0
3312 5
3313 0
3314 1
3315 0
3316 1
3317 0
3318 1
3319 5
3320 1
3321 5
3322 0
3323 0
3324 5
3325 0
3326 5
3327 5
3328 0
3329 0
3330 0
3331 5
3332 5
3333 1
3334 5
3335 5
3336 1
3337 1
3338 0
3339 5
3340 5
3341 0
3342 1
3343 0
3344 1
3345 1
3346 0
3347 0
3348 5
3349 0
3350 0
3351 0
3352 5
3353 1
3354 5
3355 5
3356 5
3357 5
3358 0
3359 0
3360 0
3361 1
3362 0
3363 0
3364 0
3365 0
3366 0
3367 0
3368 0
3369 5
3370 0
3371 5
3372 1
3373 0
3374 5
3375 5
3376 1
3377 5
3378 0
3379 1
3380 5
3381 1
3382 1
3383 5
3384 5
3385 5
3386 0
3387 0
3388 1
3389 5
3390 5
3391 0
3392 0
3393 5
3394 0
3395 5
3396 5
3397 1
3398 5
3399 0
3400 5
3401 1
3402 0
3403 1
3404 0
3405 0
3406 0
3407 0
3408 0
3409 0
3410 1
3411 1
3412 0
3413 1
3414 1
3415 0
3416 5
3417 5
3418 0
3419 0
3420 0
3421 0
3422 0
3423 1
3424 1
3425 1
3426 0
3427 0
3428 0
3429 1
3430 0
3431 1
3432 1
3433 5
3434 5
3435 0
3436 5
3437 1
3438 1
3439 5
3440 5
3441 5
3442 5
3443 5
3444 5
3445 5
3446 5
3447 5
3448 5
3449 5
3450 5
3451 5
3452 5
3453 5
3454 5
3455 5
3456 5
3457 5
3458 5
3459 5
3460 5
3461 5
3462 5
3463 5
3464 5
3465 5
3466 5
3467 5
3468 5
3469 5
3470 0
3471 5
3472 5
3473 0
3474 0
3475 5
3476 5
3477 5
3478 1
3479 0
3480 1
3481 1
3482 0
3483 0
3484 5
3485 5
3486 5
3487 0
3488 5
3489 5
3490 0
3491 0
3492 1
3493 0
3494 1
3495 0
3496 0
3497 5
3498 1
3499 0
3500 0
3501 1
3502 0
3503 5
3504 1
3505 0
3506 0
3507 0
3508 0
3509 0
3510 0
3511 0
3512 0
3513 0
3514 5
3515 0
3516 5
3517 1
3518 0
3519 0
3520 0
3521 1
3522 1
3523 5
3524 5
3525 1
3526 0
3527 1
3528 5
3529 0
3530 0
3531 0
3532 0
3533 5
3534 5
3535 0
3536 5
3537 0
3538 0
3539 5
3540 5
3541 0
3542 0
3543 0
3544 5
3545 5
3546 0
3547 0
3548 5
3549 0
3550 0
3551 0
3552 1
3553 1
3554 1
3555 0
3556 1
3557 1
3558 0
3559 1
3560 1
3561 0
3562 0
3563 0
3564 0
3565 0
3566 0
3567 0
3568 0
3569 1
3570 5
3571 0
3572 0
3573 1
3574 5
3575 0
3576 5
3577 5
3578 5
3579 1
3580 1
3581 0
3582 1
3583 1
3584 1
3585 1
3586 0
3587 1
3588 5
3589 0
3590 0
3591 0
3592 1
3593 1
3594 5
3595 5
3596 5
3597 1
3598 5
3599 1
3600 1
3601 5
3602 5
3603 1
3604 0
3605 0
3606 5
3607 0
3608 1
3609 5
3610 5
3611 0
3612 0
3613 0
3614 0
3615 0
3616 0
3617 0
3618 0
3619 5
3620 1
3621 1
3622 1
3623 0
3624 1
3625 0
3626 0
3627 1
3628 5
3629 1
3630 1
3631 1
3632 1
3633 0
3634 0
3635 5
3636 1
3637 0
3638 5
3639 0
3640 0
3641 5
3642 1
3643 0
3644 0
3645 0
3646 1
3647 0
3648 5
3649 1
3650 0
3651 5
3652 0
3653 5
3654 0
3655 1
3656 0
3657 5
3658 5
3659 5
3660 0
3661 5
3662 0
3663 0
3664 0
3665 0
3666 0
3667 0
3668 1
3669 0
3670 0
3671 0
3672 0
3673 0
3674 0
3675 0
3676 0
3677 1
3678 1
3679 1
3680 1
3681 0
3682 1
3683 0
3684 1
3685 1
3686 1
3687 5
3688 1
3689 0
3690 0
3691 0
3692 5
3693 5
3694 5
3695 0
3696 1
3697 0
3698 0
3699 0
3700 1
3701 5
3702 0
3703 5
3704 0
3705 1
3706 1
3707 0
3708 0
3709 5
3710 0
3711 1
3712 0
3713 5
3714 5
3715 1
3716 1
3717 1
3718 1
3719 5
3720 0
3721 5
3722 5
3723 5
3724 0
3725 1
3726 5
3727 1
3728 0
3729 0
3730 5
3731 5
3732 5
3733 5
3734 5
3735 5
3736 1
3737 5
3738 0
3739 0
3740 5
3741 5
3742 0
3743 0
3744 5
3745 5
3746 1
3747 0
3748 0
3749 5
3750 5
3751 5
3752 0
3753 0
3754 0
3755 0
3756 5
3757 1
3758 5
3759 0
3760 0
3761 0
3762 0
3763 1
3764 5
3765 5
3766 5
3767 5
3768 1
3769 0
3770 0
3771 0
3772 1
3773 0
3774 5
3775 1
3776 0
3777 0
3778 5
3779 0
3780 1
3781 1
3782 1
3783 0
3784 0
3785 5
3786 0
3787 5
3788 0
3789 5
3790 5
3791 5
3792 5
3793 5
3794 5
3795 0
3796 5
3797 0
3798 0
3799 0
3800 0
3801 0
3802 0
3803 1
3804 1
3805 0
3806 0
3807 5
3808 5
3809 0
3810 0
3811 0
3812 1
3813 5
3814 5
3815 0
3816 0
3817 0
3818 0
3819 0
3820 1
3821 0
3822 0
3823 0
3824 5
3825 5
3826 0
3827 0
3828 5
3829 0
3830 0
3831 1
3832 0
3833 5
3834 0
3835 0
3836 0
3837 0
3838 0
3839 0
3840 5
3841 0
3842 0
3843 0
3844 1
3845 5
3846 5
3847 1
3848 0
3849 0
3850 5
3851 0
3852 1
3853 0
3854 0
3855 0
3856 0
3857 0
3858 0
3859 1
3860 0
3861 0
3862 1
3863 0
3864 5
3865 1
3866 0
3867 0
3868 0
3869 0
3870 0
3871 1
3872 0
3873 0
3874 0
3875 0
3876 0
3877 5
3878 0
3879 5
3880 5
3881 5
3882 0
3883 0
3884 0
3885 1
3886 1
3887 5
3888 0
3889 0
3890 1
3891 1
3892 0
3893 5
3894 0
3895 0
3896 0
3897 0
3898 5
3899 0
3900 0
3901 0
3902 1
3903 0
3904 5
3905 0
3906 5
3907 5
3908 1
3909 1
3910 0
3911 0
3912 1
3913 5
3914 5
3915 1
3916 1
3917 5
3918 5
3919 0
3920 0
3921 1
3922 5
3923 1
3924 1
3925 1
3926 0
3927 5
3928 1
3929 1
3930 0
3931 0
3932 5
3933 5
3934 1
3935 1
3936 0
3937 5
3938 5
3939 5
3940 0
3941 0
3942 0
3943 0
3944 0
3945 0
3946 0
3947 0
3948 1
3949 5
3950 5
3951 0
3952 0
3953 0
3954 0
3955 1
3956 1
3957 1
3958 5
3959 5
3960 1
3961 1
3962 0
3963 0
3964 1
3965 1
3966 0
3967 5
3968 0
3969 0
3970 0
3971 5
3972 0
3973 0
3974 1
3975 1
3976 1
3977 0
3978 5
3979 1
3980 0
3981 0
3982 0
3983 0
3984 5
3985 0
3986 5
3987 0
3988 0
3989 5
3990 5
3991 5
3992 5
3993 1
3994 1
3995 0
3996 0
3997 5
3998 1
3999 0
4000 5
4001 5
4002 1
4003 1
4004 5
4005 5
4006 1
4007 1
4008 0
4009 1
4010 5
4011 1
4012 0
4013 0
4014 0
4015 1
4016 0
4017 0
4018 0
4019 0
4020 0
4021 0
4022 0
4023 5
4024 0
4025 0
4026 1
4027 0
4028 0
4029 0
4030 1
4031 5
4032 5
4033 0
4034 0
4035 1
4036 5
4037 5
4038 0
4039 1
4040 0
4041 5
4042 0
4043 1
4044 0
4045 1
4046 0
4047 5
4048 1
4049 0
4050 5
4051 5
4052 5
4053 5
4054 5
4055 5
4056 1
4057 5
4058 1
4059 5
4060 0
4061 5
4062 5
4063 5
4064 1
4065 0
4066 5
4067 1
4068 0
4069 5
4070 0
4071 5
4072 5
4073 5
4074 5
4075 0
4076 5
4077 5
4078 1
4079 5
4080 5
4081 5
4082 5
4083 5
4084 5
4085 5
4086 5
4087 5
4088 0
4089 5
4090 5
4091 5
4092 1
4093 5
4094 1
4095 0
4096 5
4097 5
4098 1
4099 1
4100 5
4101 1
4102 5
4103 5
4104 1
4105 5
4106 5
4107 0
4108 5
4109 5
4110 5
4111 0
4112 1
4113 1
4114 0
4115 1
4116 5
4117 0
4118 0
4119 1
4120 0
4121 5
4122 5
4123 0
4124 0
4125 0
4126 0
4127 0
4128 0
4129 1
4130 0
4131 1
4132 5
4133 0
4134 1
4135 1
4136 5
4137 1
4138 5
4139 1
4140 5
4141 0
4142 0
4143 0
4144 0
4145 5
4146 1
4147 1
4148 5
4149 0
4150 1
4151 0
4152 5
4153 0
4154 0
4155 5
4156 1
4157 0
4158 5
4159 5
4160 1
4161 5
4162 5
4163 5
4164 5
4165 1
4166 0
4167 0
4168 0
4169 0
4170 0
4171 0
4172 0
4173 0
4174 0
4175 1
4176 0
4177 0
4178 0
4179 5
4180 0
4181 1
4182 0
4183 0
4184 0
4185 1
4186 0
4187 1
4188 5
4189 0
4190 0
4191 0
4192 5
4193 5
4194 1
4195 0
4196 0
4197 1
4198 1
4199 1
4200 5
4201 1
4202 1
4203 5
4204 5
4205 0
4206 5
4207 0
4208 5
4209 5
4210 5
4211 0
4212 5
4213 5
4214 5
4215 1
4216 5
4217 5
4218 5
4219 1
4220 5
4221 6
4222 0
4223 5
4224 0
4225 0
4226 1
4227 0
4228 0
4229 0
4230 0
4231 0
4232 0
4233 5
4234 0
4235 1
4236 5
4237 5
4238 0
4239 1
4240 1
4241 5
4242 5
4243 0
4244 0
4245 1
4246 0
4247 0
4248 0
4249 0
4250 5
4251 5
4252 0
4253 1
4254 0
4255 1
4256 5
4257 5
4258 1
4259 0
4260 5
4261 1
4262 5
4263 0
4264 5
4265 5
4266 6
4267 0
4268 0
4269 0
4270 0
4271 1
4272 0
4273 5
4274 0
4275 0
4276 0
4277 5
4278 5
4279 5
4280 5
4281 0
4282 5
4283 0
4284 0
4285 5
4286 5
4287 1
4288 5
4289 5
4290 5
4291 5
4292 5
4293 0
4294 5
4295 5
4296 5
4297 5
4298 5
4299 5
4300 0
4301 5
4302 0
4303 5
4304 0
4305 0
4306 0
4307 0
4308 5
4309 0
4310 1
4311 5
4312 1
4313 5
4314 1
4315 0
4316 0
4317 0
4318 0
4319 0
4320 0
4321 5
4322 5
4323 0
4324 5
4325 0
4326 0
4327 0
4328 0
4329 0
4330 0
4331 1
4332 5
4333 0
4334 0
4335 0
4336 0
4337 0
4338 0
4339 5
4340 1
4341 5
4342 5
4343 5
4344 5
4345 0
4346 5
4347 5
4348 5
4349 5
4350 5
4351 5
4352 5
4353 5
4354 5
4355 5
4356 1
4357 5
4358 1
4359 5
4360 5
4361 5
4362 0
4363 0
4364 5
4365 5
4366 0
4367 5
4368 5
4369 5
4370 5
4371 5
4372 0
4373 0
4374 5
4375 0
4376 1
4377 5
4378 0
4379 5
4380 16
4381 0
4382 0
4383 0
4384 5
4385 0
4386 1
4387 0
4388 5
4389 5
4390 5
4391 0
4392 0
4393 5
4394 16
4395 2
4396 5
4397 5
4398 5
4399 5
4400 2
4401 16
4402 0
4403 5
4404 0
4405 2
4406 1
4407 2
4408 2
4409 0
4410 2
4411 0
4412 5
4413 5
4414 5
4415 5
4416 0
4417 2
4418 0
4419 1
4420 0
4421 5
4422 0
4423 0
4424 0
4425 5
4426 1
4427 0
4428 0
4429 1
4430 0
4431 1
4432 1
4433 0
4434 0
4435 0
4436 5
4437 5
4438 5
4439 5
4440 5
4441 0
4442 1
4443 1
4444 5
4445 5
4446 5
4447 5
4448 5
4449 1
4450 5
4451 0
4452 5
4453 0
4454 5
4455 5
4456 1
4457 5
4458 5
4459 1
4460 5
4461 1
4462 0
4463 5
4464 5
4465 1
4466 5
4467 5
4468 0
4469 5
4470 0
4471 5
4472 5
4473 0
4474 5
4475 0
4476 5
4477 1
4478 1
4479 1
4480 0
4481 5
4482 0
4483 5
4484 0
4485 5
4486 0
4487 5
4488 5
4489 5
4490 5
4491 5
4492 0
4493 0
4494 5
4495 5
4496 5
4497 5
4498 5
4499 5
4500 5
4501 5
4502 5
4503 0
4504 5
4505 5
4506 5
4507 5
4508 0
4509 0
4510 5
4511 5
4512 5
4513 5
4514 5
4515 5
4516 5
4517 0
4518 5
4519 5
4520 5
4521 5
4522 5
4523 0
4524 5
4525 5
4526 5
4527 5
4528 5
4529 5
4530 5
4531 0
4532 5
4533 5
4534 0
4535 0
4536 5
4537 5
4538 5
4539 0
4540 5
4541 5
4542 5
4543 5
4544 1
4545 1
4546 1
4547 5
4548 5
4549 5
4550 1
4551 5
4552 1
4553 5
4554 5
4555 5
4556 0
4557 1
4558 5
4559 1
4560 5
4561 5
4562 5
4563 5
4564 5
4565 0
4566 0
4567 5
4568 0
4569 5
4570 1
4571 5
4572 5
4573 5
4574 5
4575 5
4576 5
4577 5
4578 0
4579 5
4580 5
4581 5
4582 5
4583 5
4584 5
4585 0
4586 1
4587 0
4588 3
4589 3
4590 3
4591 5
4592 5
4593 5
4594 1
4595 5
4596 3
4597 3
4598 0
4599 3
4600 5
4601 1
4602 5
4603 0
4604 3
4605 5
4606 3
4607 5
4608 5
4609 3
4610 0
4611 0
4612 5
4613 5
4614 0
4615 5
4616 5
4617 0
4618 1
4619 5
4620 0
4621 5
4622 5
4623 1
4624 5
4625 5
4626 5
4627 0
4628 1
4629 1
4630 0
4631 0
4632 1
4633 0
4634 0
4635 0
4636 0
4637 0
4638 0
4639 1
4640 0
4641 0
4642 0
4643 1
4644 0
4645 0
4646 0
4647 1
4648 5
4649 1
4650 5
4651 1
4652 1
4653 1
4654 1
4655 0
4656 0
4657 5
4658 1
4659 5
4660 0
4661 0
4662 0
4663 1
4664 5
4665 5
4666 0
4667 5
4668 5
4669 5
4670 5
4671 0
4672 1
4673 5
4674 5
4675 5
4676 5
4677 1
4678 0
4679 0
4680 0
4681 0
4682 0
4683 0
4684 0
4685 0
4686 0
4687 5
4688 5
4689 0
4690 5
4691 5
4692 0
4693 0
4694 5
4695 5
4696 5
4697 5
4698 5
4699 0
4700 5
4701 5
4702 5
4703 5
4704 1
4705 5
4706 5
4707 5
4708 5
4709 5
4710 0
4711 5
4712 5
4713 5
4714 0
4715 5
4716 5
4717 1
4718 5
4719 0
4720 5
4721 5
4722 0
4723 5
4724 5
4725 5
4726 5
4727 0
4728 5
4729 1
4730 5
4731 5
4732 5
4733 5
4734 5
4735 5
4736 1
4737 5
4738 5
4739 1
4740 5
4741 1
4742 5
4743 0
4744 0
4745 0
4746 0
4747 5
4748 1
4749 5
4750 5
4751 0
4752 0
4753 0
4754 1
4755 5
4756 0
4757 5
4758 1
4759 5
4760 0
4761 0
4762 1
4763 0
4764 5
4765 5
4766 5
4767 0
4768 5
4769 5
4770 5
4771 1
4772 5
4773 1
4774 0
4775 0
4776 0
4777 5
4778 0
4779 5
4780 0
4781 5
4782 5
4783 0
4784 5
4785 5
4786 5
4787 0
4788 5
4789 0
4790 0
4791 5
4792 5
4793 0
4794 0
4795 0
4796 0
4797 0
4798 0
4799 0
4800 0
4801 0
4802 0
4803 0
4804 0
4805 0
4806 5
4807 0
4808 0
4809 0
4810 0
4811 0
4812 0
4813 1
4814 0
4815 0
4816 5
4817 0
4818 0
4819 0
4820 0
4821 0
4822 1
4823 0
4824 0
4825 0
4826 1
4827 5
4828 0
4829 0
4830 0
4831 5
4832 0
4833 0
4834 0
4835 0
4836 0
4837 0
4838 0
4839 0
4840 0
4841 1
4842 0
4843 0
4844 5
4845 5
4846 0
4847 5
4848 5
4849 5
4850 5
4851 0
4852 0
4853 1
4854 5
4855 5
4856 5
4857 1
4858 5
4859 0
4860 0
4861 0
4862 0
4863 0
4864 0
4865 0
4866 0
4867 0
4868 5
4869 5
4870 5
4871 5
4872 0
4873 5
4874 5
4875 5
4876 5
4877 5
4878 5
4879 5
4880 5
4881 0
4882 1
4883 0
4884 5
4885 0
4886 0
4887 0
4888 0
4889 5
4890 0
4891 0
4892 1
4893 0
4894 5
4895 5
4896 5
4897 0
4898 5
4899 5
4900 5
4901 5
4902 5
4903 5
4904 0
4905 5
4906 0
4907 1
4908 5
4909 0
4910 0
4911 1
4912 1
4913 0
4914 5
4915 0
4916 0
4917 0
4918 0
4919 5
4920 0
4921 0
4922 0
4923 5
4924 0
4925 0
4926 5
4927 0
4928 1
4929 0
4930 5
4931 0
4932 5
4933 0
4934 0
4935 0
4936 0
4937 5
4938 0
4939 0
4940 0
4941 0
4942 0
4943 0
4944 1
4945 1
4946 0
4947 1
4948 1
4949 5
4950 0
4951 0
4952 0
4953 0
4954 0
4955 0
4956 0
4957 0
4958 5
4959 0
4960 0
4961 5
4962 0
4963 0
4964 0
4965 0
4966 5
4967 1
4968 0
4969 0
4970 0
4971 1
4972 0
4973 1
4974 0
4975 0
4976 5
4977 0
4978 5
4979 0
4980 0
4981 0
4982 0
4983 0
4984 0
4985 5
4986 0
4987 0
4988 0
4989 0
4990 0
4991 1
4992 5
4993 0
4994 0
4995 0
4996 0
4997 1
4998 0
4999 0
5000 0
5001 0
5002 0
5003 1
5004 5
5005 0
5006 0
5007 5
5008 0
5009 1
5010 0
5011 0
5012 0
5013 0
5014 0
5015 0
5016 0
5017 5
5018 0
5019 1
5020 1
5021 0
5022 0
5023 0
5024 0
5025 5
5026 0
5027 5
5028 1
5029 0
5030 5
5031 0
5032 16
5033 0
5034 1
5035 0
5036 0
5037 0
5038 0
5039 0
5040 0
5041 0
5042 5
5043 0
5044 0
5045 5
5046 0
5047 0
5048 0
5049 0
5050 1
5051 0
5052 1
5053 5
5054 0
5055 1
5056 1
5057 0
5058 1
5059 0
5060 0
5061 0
5062 0
5063 0
5064 1
5065 0
5066 0
5067 1
5068 0
5069 5
5070 5
5071 0
5072 0
5073 0
5074 0
5075 0
5076 0
5077 0
5078 0
5079 5
5080 1
5081 5
5082 0
5083 0
5084 0
5085 0
5086 0
5087 0
5088 0
5089 5
5090 1
5091 5
5092 5
5093 5
5094 1
5095 0
5096 1
5097 0
5098 0
5099 1
5100 0
5101 0
5102 0
5103 0
5104 0
5105 0
5106 0
5107 1
5108 5
5109 5
5110 1
5111 0
5112 1
5113 1
5114 1
5115 0
5116 0
5117 0
5118 0
5119 0
5120 1
5121 0
5122 0
5123 0
5124 0
5125 0
5126 0
5127 0
5128 1
5129 0
5130 0
5131 1
5132 0
5133 0
5134 0
5135 1
5136 0
5137 5
5138 0
5139 16
5140 0
5141 0
5142 0
5143 0
5144 1
5145 0
5146 0
5147 0
5148 0
5149 0
5150 1
5151 0
5152 5
5153 1
5154 5
5155 5
5156 1
5157 5
5158 5
5159 0
5160 5
5161 5
5162 5
5163 5
5164 5
5165 5
5166 0
5167 0
5168 0
5169 0
5170 0
5171 1
5172 0
5173 5
5174 5
5175 5
5176 5
5177 0
5178 0
5179 5
5180 0
5181 0
5182 0
5183 5
5184 5
5185 5
5186 5
5187 0
5188 5
5189 0
5190 5
5191 0
5192 1
5193 1
5194 5
5195 0
5196 5
5197 5
5198 1
5199 0
5200 5
5201 0
5202 0
5203 5
5204 0
5205 0
5206 0
5207 5
5208 5
5209 0
5210 0
5211 16
5212 5
5213 0
5214 0
5215 0
5216 0
5217 0
5218 5
5219 5
5220 5
5221 5
5222 0
5223 5
5224 0
5225 1
5226 0
5227 0
5228 5
5229 0
5230 0
5231 5
5232 0
5233 0
5234 0
5235 5
5236 0
5237 0
5238 1
5239 0
5240 5
5241 5
5242 1
5243 5
5244 5
5245 5
5246 5
5247 0
5248 5
5249 5
5250 5
5251 0
5252 5
5253 1
5254 5
5255 5
5256 5
5257 1
5258 0
5259 1
5260 0
5261 5
5262 5
5263 0
5264 0
5265 0
5266 5
5267 0
5268 0
5269 0
5270 0
5271 1
5272 0
5273 5
5274 0
5275 0
5276 1
5277 5
5278 0
5279 0
5280 5
5281 0
5282 5
5283 0
5284 0
5285 0
5286 0
5287 5
5288 0
5289 5
5290 0
5291 0
5292 5
5293 5
5294 0
5295 1
5296 0
5297 5
5298 5
5299 1
5300 0
5301 5
5302 0
5303 1
5304 0
5305 0
5306 0
5307 5
5308 1
5309 5
5310 0
5311 5
5312 5
5313 0
5314 5
5315 0
5316 0
5317 0
5318 0
5319 0
5320 5
5321 0
5322 5
5323 5
5324 0
5325 0
5326 0
5327 1
5328 0
5329 5
5330 0
5331 1
5332 0
5333 0
5334 1
5335 0
5336 0
5337 5
5338 0
5339 5
5340 0
5341 5
5342 0
5343 5
5344 1
5345 1
5346 5
5347 5
5348 5
5349 5
5350 5
5351 5
5352 5
5353 5
5354 5
5355 5
5356 5
5357 5
5358 5
5359 5
5360 5
5361 5
5362 5
5363 5
5364 5
5365 0
5366 5
5367 0
5368 0
5369 1
5370 5
5371 5
5372 5
5373 0
5374 5
5375 0
5376 0
5377 0
5378 0
5379 5
5380 0
5381 0
5382 0
5383 0
5384 5
5385 5
5386 5
5387 5
5388 5
5389 0
5390 5
5391 0
5392 0
5393 0
5394 5
5395 0
5396 5
5397 0
5398 1
5399 0
5400 5
5401 0
5402 0
5403 0
5404 5
5405 5
5406 5
5407 0
5408 0
5409 1
5410 0
5411 0
5412 0
5413 1
5414 0
5415 5
5416 5
5417 5
5418 0
5419 5
5420 0
5421 5
5422 5
5423 1
5424 1
5425 0
5426 0
5427 1
5428 0
5429 5
5430 5
5431 5
5432 5
5433 5
5434 5
5435 5
5436 0
5437 5
5438 0
5439 5
5440 5
5441 5
5442 0
5443 5
5444 0
5445 1
5446 1
5447 5
5448 0
5449 0
5450 0
5451 1
5452 5
5453 0
5454 0
5455 0
5456 0
5457 0
5458 0
5459 5
5460 0
5461 5
5462 5
5463 5
5464 5
5465 5
5466 5
5467 0
5468 5
5469 1
5470 0
5471 5
5472 5
5473 5
5474 5
5475 0
5476 5
5477 5
5478 0
5479 0
5480 5
5481 0
5482 5
5483 5
5484 0
5485 0
5486 5
5487 0
5488 0
5489 0
5490 0
5491 0
5492 0
5493 0
5494 0
5495 5
5496 5
5497 0
5498 1
5499 5
5500 1
5501 5
5502 5
5503 5
5504 5
5505 5
5506 5
5507 0
5508 5
5509 1
5510 16
5511 5
5512 5
5513 5
5514 5
5515 0
5516 0
5517 0
5518 0
5519 5
5520 0
5521 5
5522 0
5523 6
5524 0
5525 0
5526 0
5527 0
5528 0
5529 0
5530 0
5531 5
5532 0
5533 0
5534 0
5535 0
5536 0
5537 5
5538 0
5539 5
5540 0
5541 0
5542 0
5543 0
5544 0
5545 1
5546 0
5547 1
5548 5
5549 5
5550 5
5551 0
5552 5
5553 5
5554 5
5555 5
5556 5
5557 5
5558 5
5559 5
5560 5
5561 5
5562 5
5563 5
5564 0
5565 0
5566 5
5567 5
5568 5
5569 5
5570 5
5571 5
5572 5
5573 0
5574 0
5575 0
5576 0
5577 5
5578 5
5579 5
5580 5
5581 5
5582 5
5583 5
5584 5
5585 1
5586 1
5587 5
5588 0
5589 0
5590 1
5591 5
5592 0
5593 0
5594 5
5595 0
5596 5
5597 0
5598 0
5599 0
5600 0
5601 5
5602 1
5603 1
5604 5
5605 5
5606 0
5607 1
5608 5
5609 5
5610 5
5611 5
5612 1
5613 0
5614 0
5615 0
5616 0
5617 0
5618 5
5619 0
5620 5
5621 5
5622 0
5623 5
5624 0
5625 0
5626 0
5627 0
5628 1
5629 0
5630 0
5631 0
5632 5
5633 0
5634 0
5635 0
5636 5
5637 5
5638 1
5639 5
5640 0
5641 0
5642 5
5643 0
5644 0
5645 1
5646 1
5647 0
5648 1
5649 5
5650 5
5651 5
5652 1
5653 5
5654 1
5655 1
5656 1
5657 0
5658 0
5659 5
5660 1
5661 0
5662 5
5663 1
5664 5
5665 5
5666 0
5667 4
5668 1
5669 4
5670 4
5671 4
5672 0
5673 4
5674 4
5675 4
5676 4
5677 4
5678 4
5679 5
5680 4
5681 0
5682 4
5683 6
5684 4
5685 4
5686 0
5687 4
5688 4
5689 5
5690 0
5691 4
5692 4
5693 4
5694 4
5695 0
5696 0
5697 4
5698 4
5699 0
5700 4
5701 4
5702 4
5703 4
5704 4
5705 0
5706 0
5707 4
5708 4
5709 4
5710 4
5711 4
5712 0
5713 4
5714 4
5715 0
5716 4
5717 0
5718 4
5719 4
5720 4
5721 5
5722 5
5723 0
5724 5
5725 5
5726 5
5727 0
5728 0
5729 5
5730 5
5731 5
5732 5
5733 5
5734 5
5735 0
5736 0
5737 5
5738 5
5739 5
5740 5
5741 0
5742 5
5743 5
5744 5
5745 5
5746 5
5747 5
5748 5
5749 5
5750 5
5751 1
5752 5
5753 5
5754 5
5755 5
5756 5
5757 5
5758 5
5759 5
5760 5
5761 0
5762 5
5763 5
5764 5
5765 0
5766 5
5767 5
5768 5
5769 5
5770 5
5771 5
5772 5
5773 5
5774 5
5775 5
5776 5
5777 5
5778 0
5779 5
5780 5
5781 5
5782 0
5783 0
5784 5
5785 5
5786 5
5787 5
5788 5
5789 5
5790 5
5791 0
5792 5
5793 5
5794 5
5795 5
5796 5
5797 5
5798 5
5799 5
5800 5
5801 5
5802 0
5803 5
5804 5
5805 0
5806 5
5807 5
5808 5
5809 5
5810 5
5811 5
5812 5
5813 5
5814 0
5815 1
5816 0
5817 5
5818 0
5819 5
5820 0
5821 5
5822 0
5823 5
5824 5
5825 0
5826 5
5827 5
5828 5
5829 5
5830 5
5831 5
5832 5
5833 5
5834 0
5835 0
5836 5
5837 5
5838 0
5839 5
5840 5
5841 5
5842 0
5843 5
5844 5
5845 5
5846 5
5847 5
5848 5
5849 5
5850 5
5851 5
5852 5
5853 5
5854 5
5855 1
5856 0
5857 0
5858 5
5859 5
5860 5
5861 5
5862 5
5863 5
5864 5
5865 1
5866 5
5867 1
5868 0
5869 5
5870 5
5871 5
5872 5
5873 5
5874 5
5875 1
5876 0
5877 0
5878 5
5879 0
5880 5
5881 5
5882 0
5883 5
5884 5
5885 5
5886 5
5887 5
5888 5
5889 5
5890 5
5891 5
5892 5
5893 5
5894 0
5895 1
5896 0
5897 5
5898 5
5899 5
5900 5
5901 0
5902 0
5903 5
5904 5
5905 5
5906 5
5907 5
5908 5
5909 5
5910 5
5911 5
5912 5
5913 5
5914 1
5915 5
5916 5
5917 5
5918 5
5919 5
5920 0
5921 5
5922 0
5923 5
5924 0
5925 1
5926 0
5927 5
5928 0
5929 0
5930 5
5931 5
5932 5
5933 5
5934 5
5935 5
5936 0
5937 5
5938 5
5939 5
5940 5
5941 0
5942 1
5943 5
5944 0
5945 1
5946 5
5947 5
5948 5
5949 1
5950 5
5951 1
5952 5
5953 5
5954 1
5955 1
5956 5
5957 5
5958 5
5959 5
5960 16
5961 0
5962 0
5963 0
5964 0
5965 0
5966 5
5967 5
5968 0
5969 0
5970 5
5971 5
5972 5
5973 0
5974 5
5975 0
5976 0
5977 0
5978 0
5979 0
5980 0
5981 0
5982 0
5983 0
5984 0
5985 0
5986 0
5987 0
5988 0
5989 0
5990 0
5991 0
5992 0
5993 1
5994 0
5995 0
5996 5
5997 5
5998 5
5999 0
6000 0
6001 0
6002 1
6003 5
6004 5
6005 5
6006 0
6007 0
6008 0
6009 0
6010 0
6011 5
6012 1
6013 0
6014 5
6015 16
6016 5
6017 1
6018 1
6019 0
6020 0
6021 0
6022 5
6023 5
6024 0
6025 0
6026 0
6027 1
6028 0
6029 5
6030 0
6031 5
6032 5
6033 5
6034 0
6035 5
6036 5
6037 5
6038 5
6039 0
6040 0
6041 0
6042 0
6043 5
6044 0
6045 0
6046 0
6047 0
6048 0
6049 0
6050 0
6051 0
6052 5
6053 0
6054 5
6055 5
6056 0
6057 1
6058 0
6059 0
6060 5
6061 0
6062 5
6063 0
6064 5
6065 5
6066 5
6067 5
6068 5
6069 5
6070 0
6071 5
6072 1
6073 0
6074 0
6075 0
6076 0
6077 0
6078 5
6079 1
6080 0
6081 0
6082 1
6083 5
6084 5
6085 5
6086 5
6087 5
6088 0
6089 1
6090 0
6091 0
6092 0
6093 0
6094 0
6095 0
6096 5
6097 0
6098 5
6099 0
6100 0
6101 0
6102 11
6103 0
6104 0
6105 0
6106 0
6107 0
6108 0
6109 5
6110 5
6111 0
6112 0
6113 0
6114 0
6115 5
6116 0
6117 0
6118 0
6119 0
6120 0
6121 0
6122 0
6123 0
6124 5
6125 5
6126 0
6127 0
6128 1
6129 0
6130 0
6131 0
6132 1
6133 5
6134 0
6135 0
6136 5
6137 0
6138 0
6139 0
6140 0
6141 1
6142 0
6143 5
6144 0
6145 1
6146 0
6147 0
6148 0
6149 0
6150 1
6151 5
6152 5
6153 0
6154 0
6155 1
6156 0
6157 0
6158 0
6159 0
6160 0
6161 0
6162 0
6163 5
6164 0
6165 0
6166 0
6167 0
6168 0
6169 0
6170 0
6171 0
6172 0
6173 0
6174 0
6175 0
6176 0
6177 0
6178 0
6179 0
6180 5
6181 1
6182 0
6183 0
6184 0
6185 0
6186 0
6187 0
6188 5
6189 0
6190 0
6191 5
6192 0
6193 0
6194 0
6195 0
6196 1
6197 0
6198 5
6199 0
6200 5
6201 0
6202 0
6203 5
6204 0
6205 1
6206 1
6207 0
6208 1
6209 0
6210 0
6211 0
6212 0
6213 0
6214 1
6215 5
6216 0
6217 5
6218 5
6219 0
6220 0
6221 5
6222 0
6223 0
6224 5
6225 0
6226 0
6227 0
6228 0
6229 5
6230 0
6231 0
6232 0
6233 0
6234 0
6235 0
6236 0
6237 0
6238 0
6239 0
6240 5
6241 11
6242 0
6243 0
6244 0
6245 5
6246 0
6247 0
6248 0
6249 0
6250 0
6251 0
6252 0
6253 0
6254 0
6255 0
6256 0
6257 0
6258 0
6259 5
6260 5
6261 0
6262 0
6263 0
6264 0
6265 0
6266 0
6267 5
6268 0
6269 0
6270 1
6271 0
6272 0
6273 0
6274 0
6275 0
6276 0
6277 5
6278 1
6279 5
6280 0
6281 1
6282 0
6283 0
6284 5
6285 0
6286 1
6287 0
6288 0
6289 0
6290 0
6291 0
6292 0
6293 0
6294 5
6295 0
6296 0
6297 0
6298 0
6299 0
6300 0
6301 5
6302 0
6303 0
6304 1
6305 0
6306 0
6307 5
6308 0
6309 0
6310 5
6311 0
6312 0
6313 5
6314 0
6315 0
6316 0
6317 0
6318 0
6319 0
6320 0
6321 0
6322 0
6323 0
6324 0
6325 0
6326 0
6327 0
6328 0
6329 5
6330 0
6331 0
6332 5
6333 0
6334 1
6335 1
6336 1
6337 5
6338 0
6339 0
6340 0
6341 0
6342 0
6343 0
6344 0
6345 0
6346 0
6347 0
6348 0
6349 0
6350 0
6351 0
6352 0
6353 0
6354 0
6355 0
6356 5
6357 0
6358 0
6359 0
6360 0
6361 0
6362 0
6363 5
6364 5
6365 5
6366 0
6367 0
6368 0
6369 0
6370 0
6371 5
6372 0
6373 0
6374 0
6375 0
6376 1
6377 5
6378 0
6379 1
6380 5
6381 0
6382 0
6383 0
6384 5
6385 1
6386 0
6387 0
6388 5
6389 5
6390 0
6391 0
6392 0
6393 16
6394 0
6395 0
6396 0
6397 0
6398 0
6399 0
6400 1
6401 0
6402 5
6403 0
6404 0
6405 0
6406 0
6407 0
6408 0
6409 5
6410 0
6411 0
6412 5
6413 5
6414 0
6415 5
6416 0
6417 0
6418 1
6419 0
6420 5
6421 5
6422 1
6423 0
6424 5
6425 0
6426 5
6427 0
6428 0
6429 0
6430 0
6431 5
6432 5
6433 5
6434 5
6435 5
6436 0
6437 0
6438 0
6439 0
6440 8
6441 5
6442 5
6443 16
6444 0
6445 0
6446 0
6447 5
6448 5
6449 5
6450 5
6451 5
6452 0
6453 5
6454 5
6455 1
6456 1
6457 5
6458 0
6459 0
6460 0
6461 0
6462 0
6463 0
6464 0
6465 1
6466 0
6467 0
6468 1
6469 1
6470 1
6471 1
6472 1
6473 1
6474 1
6475 16
6476 5
6477 1
6478 1
6479 5
6480 0
6481 1
6482 5
6483 1
6484 1
6485 1
6486 1
6487 1
6488 0
6489 16
6490 1
6491 1
6492 5
6493 1
6494 5
6495 5
6496 5
6497 5
6498 5
6499 5
6500 0
6501 5
6502 0
6503 0
6504 0
6505 1
6506 0
6507 0
6508 0
6509 0
6510 5
6511 0
6512 5
6513 5
6514 5
6515 5
6516 5
6517 5
6518 5
6519 5
6520 5
6521 5
6522 5
6523 5
6524 5
6525 0
6526 0
6527 5
6528 5
6529 5
6530 5
6531 5
6532 5
6533 0
6534 5
6535 5
6536 5
6537 5
6538 5
6539 5
6540 5
6541 5
6542 5
6543 5
6544 5
6545 5
6546 5
6547 5
6548 5
6549 5
6550 5
6551 5
6552 5
6553 5
6554 5
6555 5
6556 5
6557 5
6558 5
6559 5
6560 0
6561 5
6562 5
6563 5
6564 5
6565 0
6566 0
6567 5
6568 5
6569 5
6570 0
6571 0
6572 0
6573 0
6574 1
6575 0
6576 5
6577 0
6578 0
6579 0
6580 0
6581 0
6582 0
6583 0
6584 5
6585 5
6586 5
6587 5
6588 5
6589 0
6590 5
6591 5
6592 5
6593 1
6594 5
6595 5
6596 1
6597 5
6598 1
6599 0
6600 0
6601 0
6602 5
6603 1
6604 1
6605 0
6606 0
6607 0
6608 0
6609 0
6610 1
6611 0
6612 0
6613 0
6614 0
6615 0
6616 0
6617 0
6618 0
6619 0
6620 0
6621 5
6622 0
6623 0
6624 0
6625 5
6626 0
6627 0
6628 0
6629 0
6630 0
6631 0
6632 0
6633 0
6634 0
6635 0
6636 0
6637 0
6638 0
6639 0
6640 0
6641 0
6642 0
6643 0
6644 5
6645 0
6646 5
6647 5
6648 5
6649 0
6650 0
6651 5
6652 0
6653 0
6654 5
6655 0
6656 0
6657 5
6658 5
6659 0
6660 5
6661 5
6662 5
6663 5
6664 0
6665 5
6666 0
6667 0
6668 0
6669 0
6670 0
6671 0
6672 0
6673 0
6674 0
6675 0
6676 0
6677 0
6678 0
6679 0
6680 1
6681 0
6682 0
6683 0
6684 0
6685 0
6686 0
6687 0
6688 0
6689 5
6690 5
6691 0
6692 0
6693 5
6694 5
6695 0
6696 5
6697 0
6698 0
6699 0
6700 0
6701 0
6702 0
6703 0
6704 5
6705 0
6706 5
6707 5
6708 0
6709 0
6710 5
6711 5
6712 0
6713 0
6714 5
6715 5
6716 0
6717 0
6718 0
6719 0
6720 0
6721 0
6722 0
6723 5
6724 5
6725 5
6726 0
6727 5
6728 5
6729 5
6730 1
6731 5
6732 0
6733 5
6734 5
6735 0
6736 5
6737 0
6738 5
6739 5
6740 5
6741 5
6742 5
6743 5
6744 5
6745 5
6746 0
6747 5
6748 0
6749 0
6750 1
6751 5
6752 5
6753 5
6754 5
6755 6
6756 6
6757 6
6758 6
6759 6
6760 6
6761 6
6762 6
6763 6
6764 6
6765 6
6766 6
6767 6
6768 6
6769 6
6770 6
6771 6
6772 6
6773 0
6774 6
6775 6
6776 6
6777 6
6778 6
6779 6
6780 6
6781 6
6782 6
6783 6
6784 6
6785 6
6786 6
6787 6
6788 6
6789 6
6790 5
6791 0
6792 5
6793 5
6794 5
6795 0
6796 0
6797 0
6798 0
6799 0
6800 0
6801 0
6802 5
6803 5
6804 5
6805 5
6806 0
6807 5
6808 5
6809 1
6810 0
6811 0
6812 5
6813 5
6814 5
6815 5
6816 5
6817 5
6818 5
6819 5
6820 5
6821 5
6822 5
6823 0
6824 5
6825 0
6826 0
6827 5
6828 5
6829 5
6830 5
6831 5
6832 5
6833 5
6834 5
6835 0
6836 5
6837 5
6838 0
6839 5
6840 0
6841 0
6842 0
6843 0
6844 0
6845 5
6846 5
6847 5
6848 5
6849 0
6850 0
6851 5
6852 5
6853 5
6854 5
6855 5
6856 5
6857 0
6858 5
6859 5
6860 0
6861 16
6862 16
6863 0
6864 5
6865 0
6866 5
6867 0
6868 0
6869 5
6870 5
6871 0
6872 18
6873 5
6874 0
6875 0
6876 1
6877 5
6878 5
6879 5
6880 5
6881 5
6882 5
6883 5
6884 5
6885 5
6886 0
6887 5
6888 10
6889 0
6890 5
6891 5
6892 5
6893 5
6894 5
6895 0
6896 5
6897 0
6898 5
6899 0
6900 0
6901 5
6902 5
6903 5
6904 5
6905 5
6906 5
6907 0
6908 5
6909 5
6910 5
6911 5
6912 5
6913 1
6914 0
6915 5
6916 5
6917 5
6918 5
6919 5
6920 5
6921 5
6922 5
6923 1
6924 0
6925 0
6926 0
6927 0
6928 1
6929 0
6930 0
6931 1
6932 1
6933 0
6934 5
6935 5
6936 5
6937 0
6938 1
6939 0
6940 5
6941 5
6942 5
6943 5
6944 5
6945 5
6946 5
6947 5
6948 0
6949 5
6950 5
6951 5
6952 5
6953 5
6954 5
6955 5
6956 5
6957 5
6958 5
6959 5
6960 5
6961 1
6962 5
6963 5
6964 0
6965 0
6966 0
6967 0
6968 5
6969 0
6970 5
6971 1
6972 5
6973 1
6974 1
6975 1
6976 5
6977 1
6978 5
6979 1
6980 5
6981 0
6982 0
6983 5
6984 5
6985 0
6986 5
6987 5
6988 1
6989 1
6990 5
6991 5
6992 5
6993 5
6994 0
6995 0
6996 1
6997 1
6998 5
6999 5
7000 8
7001 5
7002 5
7003 5
7004 5
7005 5
7006 16
7007 0
7008 5
7009 5
7010 5
7011 5
7012 5
7013 0
7014 5
7015 1
7016 0
7017 1
7018 0
7019 0
7020 0
7021 5
7022 5
7023 5
7024 5
7025 0
7026 5
7027 5
7028 5
7029 5
7030 5
7031 5
7032 5
7033 16
7034 5
7035 0
7036 5
7037 5
7038 0
7039 5
7040 1
7041 0
7042 5
7043 0
7044 5
7045 0
7046 0
7047 1
7048 0
7049 0
7050 0
7051 1
7052 1
7053 0
7054 1
7055 5
7056 5
7057 5
7058 5
7059 5
7060 5
7061 0
7062 5
7063 0
7064 5
7065 5
7066 0
7067 5
7068 5
7069 5
7070 0
7071 0
7072 0
7073 5
7074 0
7075 5
7076 0
7077 5
7078 5
7079 5
7080 0
7081 0
7082 5
7083 5
7084 0
7085 0
7086 0
7087 5
7088 0
7089 5
7090 5
7091 5
7092 5
7093 5
7094 5
7095 5
7096 5
7097 5
7098 5
7099 5
7100 5
7101 5
7102 0
7103 0
7104 0
7105 5
7106 0
7107 5
7108 5
7109 5
7110 0
7111 5
7112 5
7113 5
7114 5
7115 0
7116 0
7117 0
7118 0
7119 5
7120 0
7121 0
7122 5
7123 0
7124 0
7125 0
7126 5
7127 0
7128 5
7129 0
7130 5
7131 0
7132 5
7133 0
7134 5
7135 5
7136 16
7137 0
7138 5
7139 5
7140 5
7141 5
7142 5
7143 5
7144 0
7145 5
7146 0
7147 5
7148 5
7149 5
7150 0
7151 5
7152 5
7153 5
7154 5
7155 5
7156 5
7157 5
7158 5
7159 5
7160 5
7161 5
7162 5
7163 5
7164 5
7165 5
7166 5
7167 5
7168 5
7169 5
7170 0
7171 5
7172 5
7173 5
7174 0
7175 5
7176 5
7177 5
7178 5
7179 5
7180 5
7181 5
7182 5
7183 5
7184 5
7185 0
7186 0
7187 0
7188 0
7189 0
7190 0
7191 0
7192 0
7193 0
7194 5
7195 5
7196 5
7197 5
7198 16
7199 0
7200 5
7201 23
7202 5
7203 5
7204 0
7205 16
7206 0
7207 0
7208 0
7209 0
7210 5
7211 0
7212 5
7213 5
7214 0
7215 0
7216 0
7217 0
7218 1
7219 0
7220 1
7221 7
7222 7
7223 0
7224 7
7225 7
7226 0
7227 0
7228 0
7229 5
7230 5
7231 0
7232 0
7233 5
7234 0
7235 0
7236 0
7237 16
7238 0
7239 0
7240 5
7241 0
7242 0
7243 1
7244 0
7245 0
7246 0
7247 0
7248 0
7249 5
7250 0
7251 0
7252 0
7253 0
7254 0
7255 0
7256 0
7257 0
7258 0
7259 0
7260 5
7261 0
7262 0
7263 0
7264 0
7265 0
7266 0
7267 0
7268 8
7269 0
7270 0
7271 0
7272 0
7273 0
7274 0
7275 0
7276 5
7277 5
7278 1
7279 0
7280 19
7281 0
7282 0
7283 0
7284 0
7285 0
7286 5
7287 5
7288 0
7289 0
7290 0
7291 5
7292 5
7293 0
7294 1
7295 0
7296 0
7297 0
7298 0
7299 0
7300 0
7301 0
7302 0
7303 0
7304 0
7305 0
7306 0
7307 0
7308 0
7309 0
7310 0
7311 0
7312 0
7313 0
7314 5
7315 0
7316 0
7317 0
7318 0
7319 0
7320 0
7321 0
7322 0
7323 0
7324 0
7325 0
7326 0
7327 0
7328 0
7329 0
7330 0
7331 0
7332 5
7333 0
7334 5
7335 0
7336 5
7337 0
7338 16
7339 16
7340 5
7341 5
7342 0
7343 5
7344 1
7345 8
7346 8
7347 8
7348 8
7349 8
7350 8
7351 0
7352 8
7353 8
7354 8
7355 8
7356 8
7357 0
7358 0
7359 8
7360 8
7361 8
7362 8
7363 8
7364 8
7365 8
7366 8
7367 8
7368 8
7369 5
7370 8
7371 8
7372 8
7373 8
7374 8
7375 8
7376 8
7377 0
7378 0
7379 0
7380 5
7381 5
7382 5
7383 5
7384 0
7385 5
7386 5
7387 5
7388 5
7389 0
7390 0
7391 0
7392 0
7393 0
7394 0
7395 0
7396 0
7397 0
7398 0
7399 0
7400 0
7401 0
7402 5
7403 1
7404 0
7405 0
7406 0
7407 0
7408 0
7409 0
7410 0
7411 0
7412 0
7413 5
7414 0
7415 0
7416 5
7417 0
7418 0
7419 0
7420 0
7421 1
7422 0
7423 0
7424 0
7425 0
7426 0
7427 0
7428 5
7429 0
7430 5
7431 0
7432 0
7433 0
7434 0
7435 0
7436 0
7437 0
7438 0
7439 0
7440 0
7441 0
7442 0
7443 0
7444 0
7445 0
7446 5
7447 0
7448 0
7449 0
7450 0
7451 0
7452 0
7453 0
7454 0
7455 0
7456 1
7457 1
7458 0
7459 5
7460 5
7461 5
7462 0
7463 5
7464 1
7465 0
7466 0
7467 0
7468 0
7469 0
7470 0
7471 0
7472 0
7473 0
7474 0
7475 0
7476 0
7477 0
7478 0
7479 5
7480 0
7481 0
7482 0
7483 0
7484 0
7485 0
7486 0
7487 0
7488 0
7489 5
7490 0
7491 0
7492 0
7493 0
7494 5
7495 0
7496 0
7497 0
7498 0
7499 0
7500 1
7501 0
7502 0
7503 0
7504 0
7505 0
7506 1
7507 0
7508 0
7509 0
7510 1
7511 0
7512 0
7513 0
7514 0
7515 0
7516 0
7517 5
7518 0
7519 0
7520 1
7521 0
7522 0
7523 0
7524 0
7525 0
7526 0
7527 0
7528 0
7529 0
7530 0
7531 0
7532 0
7533 0
7534 0
7535 0
7536 0
7537 0
7538 1
7539 0
7540 0
7541 0
7542 0
7543 0
7544 0
7545 0
7546 0
7547 5
7548 0
7549 5
7550 0
7551 0
7552 0
7553 0
7554 0
7555 0
7556 16
7557 1
7558 0
7559 5
7560 0
7561 5
7562 0
7563 5
7564 0
7565 0
7566 0
7567 5
7568 5
7569 5
7570 0
7571 0
7572 5
7573 0
7574 0
7575 0
7576 5
7577 5
7578 0
7579 0
7580 0
7581 0
7582 0
7583 0
7584 0
7585 0
7586 0
7587 0
7588 0
7589 0
7590 0
7591 0
7592 0
7593 0
7594 0
7595 0
7596 0
7597 0
7598 0
7599 0
7600 0
7601 0
7602 0
7603 0
7604 0
7605 0
7606 0
7607 0
7608 0
7609 0
7610 0
7611 0
7612 0
7613 0
7614 0
7615 0
7616 0
7617 0
7618 0
7619 0
7620 0
7621 0
7622 0
7623 0
7624 0
7625 0
7626 5
7627 5
7628 5
7629 16
7630 1
7631 0
7632 5
7633 5
7634 5
7635 5
7636 5
7637 5
7638 0
7639 5
7640 0
7641 0
7642 5
7643 5
7644 5
7645 0
7646 16
7647 0
7648 0
7649 5
7650 5
7651 0
7652 5
7653 0
7654 0
7655 5
7656 5
7657 5
7658 5
7659 0
7660 9
7661 9
7662 9
7663 5
7664 5
7665 5
7666 5
7667 5
7668 5
7669 5
7670 5
7671 0
7672 0
7673 5
7674 5
7675 5
7676 5
7677 5
7678 5
7679 5
7680 5
7681 0
7682 5
7683 5
7684 5
7685 5
7686 5
7687 5
7688 5
7689 5
7690 5
7691 5
7692 5
7693 5
7694 5
7695 5
7696 5
7697 5
7698 5
7699 5
7700 5
7701 5
7702 5
7703 5
7704 5
7705 5
7706 5
7707 5
7708 5
7709 5
7710 5
7711 5
7712 1
7713 0
7714 0
7715 0
7716 5
7717 0
7718 1
7719 0
7720 0
7721 0
7722 0
7723 0
7724 0
7725 0
7726 0
7727 0
7728 0
7729 0
7730 0
7731 0
7732 0
7733 0
7734 0
7735 0
7736 0
7737 0
7738 0
7739 0
7740 0
7741 0
7742 0
7743 0
7744 0
7745 0
7746 0
7747 0
7748 0
7749 0
7750 0
7751 0
7752 0
7753 0
7754 0
7755 0
7756 0
7757 0
7758 0
7759 0
7760 0
7761 0
7762 0
7763 0
7764 0
7765 0
7766 0
7767 0
7768 0
7769 0
7770 0
7771 0
7772 0
7773 0
7774 0
7775 0
7776 0
7777 0
7778 0
7779 0
7780 0
7781 0
7782 0
7783 0
7784 1
7785 0
7786 0
7787 0
7788 0
7789 5
7790 5
7791 5
7792 5
7793 5
7794 5
7795 5
7796 5
7797 5
7798 5
7799 5
7800 5
7801 0
7802 5
7803 5
7804 5
7805 5
7806 5
7807 5
7808 5
7809 5
7810 1
7811 1
7812 5
7813 0
7814 0
7815 0
7816 1
7817 1
7818 1
7819 5
7820 5
7821 5
7822 5
7823 5
7824 5
7825 5
7826 0
7827 5
7828 5
7829 0
7830 5
7831 0
7832 0
7833 5
7834 0
7835 0
7836 0
7837 0
7838 0
7839 5
7840 0
7841 0
7842 1
7843 5
7844 5
7845 5
7846 5
7847 5
7848 5
7849 5
7850 5
7851 5
7852 5
7853 5
7854 5
7855 5
7856 5
7857 0
7858 5
7859 5
7860 5
7861 0
7862 0
7863 5
7864 5
7865 5
7866 5
7867 5
7868 5
7869 0
7870 5
7871 5
7872 5
7873 5
7874 0
7875 0
7876 0
7877 0
7878 0
7879 0
7880 0
7881 0
7882 0
7883 0
7884 0
7885 0
7886 0
7887 0
7888 0
7889 0
7890 0
7891 0
7892 0
7893 0
7894 0
7895 0
7896 0
7897 0
7898 0
7899 0
7900 0
7901 0
7902 0
7903 0
7904 0
7905 0
7906 0
7907 0
7908 0
7909 0
7910 0
7911 0
7912 0
7913 10
7914 0
7915 10
7916 10
7917 5
7918 0
7919 0
7920 0
7921 0
7922 0
7923 0
7924 0
7925 0
7926 0
7927 0
7928 0
7929 0
7930 0
7931 0
7932 0
7933 0
7934 0
7935 5
7936 5
7937 5
7938 1
7939 5
7940 5
7941 5
7942 5
7943 5
7944 5
7945 5
7946 5
7947 0
7948 5
7949 5
7950 5
7951 5
7952 5
7953 5
7954 5
7955 5
7956 5
7957 5
7958 0
7959 0
7960 5
7961 0
7962 15
7963 0
7964 0
7965 0
7966 0
7967 0
7968 0
7969 0
7970 0
7971 5
7972 5
7973 5
7974 5
7975 5
7976 5
7977 5
7978 5
7979 5
7980 5
7981 5
7982 5
7983 5
7984 5
7985 5
7986 5
7987 5
7988 5
7989 5
7990 5
7991 5
7992 5
7993 5
7994 5
7995 5
7996 5
7997 5
7998 5
7999 5
8000 5
8001 5
8002 0
8003 0
8004 0
8005 0
8006 0
8007 0
8008 0
8009 5
8010 1
8011 5
8012 1
8013 1
8014 5
8015 5
8016 1
8017 0
8018 1
8019 1
8020 1
8021 1
8022 1
8023 0
8024 1
8025 0
8026 0
8027 1
8028 1
8029 0
8030 0
8031 5
8032 0
8033 1
8034 0
8035 0
8036 16
8037 5
8038 5
8039 5
8040 5
8041 5
8042 5
8043 5
8044 5
8045 5
8046 5
8047 5
8048 0
8049 0
8050 1
8051 0
8052 0
8053 5
8054 11
8055 11
8056 11
8057 11
8058 11
8059 11
8060 11
8061 11
8062 11
8063 11
8064 11
8065 11
8066 11
8067 11
8068 11
8069 0
8070 1
8071 0
8072 0
8073 0
8074 0
8075 0
8076 0
8077 0
8078 0
8079 0
8080 0
8081 0
8082 0
8083 0
8084 0
8085 0
8086 0
8087 12
8088 12
8089 12
8090 0
8091 5
8092 5
8093 13
8094 13
8095 5
8096 5
8097 5
8098 5
8099 5
8100 16
8101 5
8102 5
8103 0
8104 5
8105 5
8106 0
8107 1
8108 5
8109 5
8110 5
8111 5
8112 5
8113 5
8114 5
8115 5
8116 5
8117 5
8118 5
8119 5
8120 5
8121 5
8122 14
8123 1
8124 14
8125 5
8126 5
8127 0
8128 0
8129 5
8130 5
8131 5
8132 5
8133 5
8134 1
8135 0
8136 5
8137 5
8138 0
8139 15
8140 0
8141 15
8142 15
8143 15
8144 5
8145 0
8146 5
8147 5
8148 1
8149 5
8150 0
8151 0
8152 5
8153 5
8154 5
8155 5
8156 5
8157 1
8158 5
8159 5
8160 5
8161 5
8162 5
8163 5
8164 5
8165 5
8166 0
8167 5
8168 5
8169 5
8170 5
8171 0
8172 0
8173 0
8174 0
8175 0
8176 0
8177 0
8178 0
8179 0
8180 1
8181 1
8182 5
8183 5
8184 5
8185 5
8186 16
8187 16
8188 16
8189 16
8190 16
8191 16
8192 16
8193 16
8194 16
8195 16
8196 16
8197 16
8198 16
8199 1
8200 16
8201 16
8202 16
8203 16
8204 16
8205 16
8206 0
8207 16
8208 16
8209 16
8210 16
8211 16
8212 16
8213 16
8214 16
8215 16
8216 16
8217 16
8218 16
8219 16
8220 16
8221 16
8222 16
8223 16
8224 16
8225 16
8226 16
8227 16
8228 16
8229 16
8230 16
8231 16
8232 16
8233 5
8234 16
8235 16
8236 16
8237 16
8238 16
8239 16
8240 16
8241 16
8242 16
8243 16
8244 16
8245 16
8246 16
8247 16
8248 16
8249 16
8250 16
8251 16
8252 16
8253 16
8254 16
8255 16
8256 16
8257 16
8258 16
8259 16
8260 16
8261 16
8262 16
8263 16
8264 16
8265 16
8266 5
8267 0
8268 0
8269 0
8270 0
8271 1
8272 1
8273 1
8274 1
8275 0
8276 5
8277 0
8278 0
8279 1
8280 0
8281 5
8282 1
8283 5
8284 5
8285 5
8286 0
8287 0
8288 5
8289 5
8290 5
8291 5
8292 1
8293 5
8294 5
8295 5
8296 5
8297 5
8298 5
8299 5
8300 5
8301 5
8302 5
8303 5
8304 5
8305 5
8306 5
8307 5
8308 5
8309 5
8310 5
8311 5
8312 5
8313 5
8314 5
8315 5
8316 5
8317 0
8318 0
8319 0
8320 5
8321 5
8322 5
8323 5
8324 5
8325 5
8326 5
8327 5
8328 5
8329 17
8330 17
8331 5
8332 5
8333 5
8334 5
8335 5
8336 5
8337 5
8338 0
8339 5
8340 5
8341 5
8342 5
8343 5
8344 5
8345 0
8346 5
8347 5
8348 0
8349 0
8350 0
8351 5
8352 0
8353 5
8354 5
8355 5
8356 0
8357 5
8358 0
8359 0
8360 18
8361 1
8362 0
8363 5
8364 5
8365 5
8366 0
8367 0
8368 5
8369 5
8370 5
8371 5
8372 5
8373 5
8374 5
8375 19
8376 19
8377 19
8378 19
8379 19
8380 19
8381 0
8382 0
8383 5
8384 5
8385 5
8386 5
8387 5
8388 5
8389 5
8390 5
8391 5
8392 5
8393 5
8394 0
8395 0
8396 0
8397 0
8398 0
8399 0
8400 0
8401 0
8402 0
8403 0
8404 0
8405 0
8406 0
8407 0
8408 0
8409 20
8410 0
8411 0
8412 20
8413 5
8414 5
8415 0
8416 0
8417 0
8418 0
8419 0
8420 0
8421 0
8422 0
8423 0
8424 0
8425 0
8426 0
8427 0
8428 0
8429 0
8430 0
8431 0
8432 0
8433 0
8434 0
8435 0
8436 0
8437 0
8438 0
8439 0
8440 0
8441 0
8442 0
8443 0
8444 0
8445 0
8446 0
8447 0
8448 1
8449 5
8450 5
8451 5
8452 5
8453 5
8454 5
8455 5
8456 5
8457 1
8458 5
8459 5
8460 5
8461 5
8462 1
8463 5
8464 5
8465 5
8466 5
8467 5
8468 5
8469 5
8470 5
8471 5
8472 5
8473 5
8474 5
8475 1
8476 1
8477 1
8478 0
8479 1
8480 1
8481 0
8482 0
8483 0
8484 0
8485 5
8486 1
8487 5
8488 0
8489 0
8490 1
8491 5
8492 0
8493 5
8494 0
8495 0
8496 0
8497 5
8498 0
8499 0
8500 0
8501 0
8502 0
8503 0
8504 1
8505 0
8506 5
8507 5
8508 5
8509 5
8510 5
8511 5
8512 5
8513 5
8514 5
8515 5
8516 5
8517 5
8518 5
8519 5
8520 5
8521 1
8522 0
8523 0
8524 1
8525 1
8526 1
8527 5
8528 0
8529 1
8530 5
8531 1
8532 5
8533 1
8534 1
8535 0
8536 5
8537 5
8538 5
8539 5
8540 5
8541 5
8542 5
8543 5
8544 5
8545 5
8546 5
8547 5
8548 0
8549 0
8550 21
8551 21
8552 0
8553 0
8554 0
8555 5
8556 5
8557 0
8558 0
8559 0
8560 0
8561 0
8562 5
8563 16
8564 16
8565 22
8566 22
8567 5
8568 5
8569 23
8570 5
8571 5
8572 5
8573 5
8574 5
8575 5
8576 0
8577 0
8578 1
8579 5
8580 0
8581 0
8582 0
8583 0
8584 5
8585 5
8586 5
8587 5
8588 5
8589 5
8590 5
8591 5
8592 0
8593 0
8594 0
8595 0
8596 5
8597 5
network of communities computed : Thu Jan  7 08:43:59 2010

network : 24 nodes, 146 links, 222993556 weight.
pass number 1 of -1 : 0.106616 0.106615
pass number 2 of -1 : 0.106616 0.106616
communities computed : Thu Jan  7 08:43:59 2010
modularity increased from 0.106615 to 0.106616
0 3
1 5
2 4
3 0
4 0
5 1
6 0
7 0
8 0
9 3
10 1
11 0
12 2
13 3
14 3
15 3
16 4
17 5
18 6
19 4
20 1
21 7
22 3
23 8
network of communities computed : Thu Jan  7 08:43:59 2010

network : 9 nodes, 37 links, 222993556 weight.
pass number 1 of -1 : 0.106616 0.106616
communities computed : Thu Jan  7 08:43:59 2010
modularity increased from 0.106616 to 0.106616
0 0
1 1
2 2
3 3
4 4
5 5
6 6
7 7
8 8
network of communities computed : Thu Jan  7 08:43:59 2010
1e-06 0.106616 212
