Sender: LSF System <lsfadmin@bc01-n06>
Subject: Job 429332: <comm_cor51> Done

Job <comm_cor51> was submitted from host <bc10-n13> by user <jabloche> in cluster <lucky>.
Job was executed on host(s) <bc01-n06>, in queue <week>, as user <jabloche> in cluster <lucky>.
</afs/isis.unc.edu/home/j/a/jabloche> was used as the home directory.
</netscr/jabloche/FirmNetworks/cLouvain> was used as the working directory.
Started at Thu Jan  7 08:40:32 2010
Results reported at Thu Jan  7 08:41:44 2010

Your job looked like:

------------------------------------------------------------
# LSBATCH: User input
/netscr/jabloche/FirmNetworks/cLouvain/community /smallfs/jabloche/fn_edge/el_cor51.bin -l -1 -w
------------------------------------------------------------

Successfully completed.

Resource usage summary:

    CPU time   :     13.35 sec.
    Max Memory :        28 MB
    Max Swap   :       179 MB

    Max Processes  :         4
    Max Threads    :         4

The output (if any) follows:

Your home directory for this job is /netscr/jabloche
start : Thu Jan  7 08:40:33 2010
total : 3208066
file read : Thu Jan  7 08:41:30 2010
network : 6435 nodes, 3208066 links, 449306684 weight.
pass number 1 of -1 : 0.0891261 -0.000284265
pass number 2 of -1 : 0.1086 0.0891261
pass number 3 of -1 : 0.112853 0.1086
pass number 4 of -1 : 0.11498 0.112853
pass number 5 of -1 : 0.116501 0.11498
pass number 6 of -1 : 0.117828 0.116501
pass number 7 of -1 : 0.120497 0.117828
pass number 8 of -1 : 0.12273 0.120497
pass number 9 of -1 : 0.124063 0.12273
pass number 10 of -1 : 0.124376 0.124063
pass number 11 of -1 : 0.124434 0.124376
pass number 12 of -1 : 0.124458 0.124434
pass number 13 of -1 : 0.124461 0.124458
pass number 14 of -1 : 0.124464 0.124461
pass number 15 of -1 : 0.124467 0.124464
pass number 16 of -1 : 0.124472 0.124467
pass number 17 of -1 : 0.124473 0.124472
communities computed : Thu Jan  7 08:41:43 2010
modularity increased from -0.000284265 to 0.124473
0 0
1 0
2 2
3 0
4 1
5 2
6 0
7 2
8 2
9 1
10 2
11 2
12 2
13 1
14 2
15 2
16 2
17 1
18 2
19 1
20 2
21 2
22 1
23 0
24 1
25 2
26 0
27 2
28 2
29 1
30 2
31 0
32 2
33 2
34 1
35 2
36 0
37 0
38 2
39 2
40 0
41 2
42 0
43 2
44 1
45 0
46 2
47 0
48 2
49 2
50 0
51 2
52 2
53 1
54 1
55 0
56 0
57 2
58 0
59 0
60 0
61 1
62 2
63 0
64 2
65 2
66 1
67 0
68 2
69 2
70 2
71 2
72 0
73 2
74 2
75 1
76 2
77 2
78 0
79 2
80 2
81 1
82 1
83 2
84 0
85 2
86 2
87 2
88 2
89 0
90 0
91 2
92 2
93 0
94 0
95 2
96 1
97 1
98 2
99 2
100 2
101 0
102 2
103 2
104 0
105 2
106 1
107 1
108 1
109 1
110 0
111 1
112 0
113 2
114 0
115 0
116 2
117 0
118 2
119 0
120 1
121 2
122 1
123 0
124 1
125 0
126 0
127 2
128 0
129 1
130 2
131 2
132 2
133 2
134 2
135 0
136 2
137 0
138 0
139 2
140 0
141 1
142 0
143 2
144 0
145 0
146 0
147 2
148 2
149 0
150 0
151 0
152 0
153 0
154 0
155 0
156 2
157 0
158 2
159 2
160 0
161 2
162 1
163 2
164 1
165 2
166 2
167 0
168 2
169 1
170 0
171 1
172 1
173 2
174 1
175 1
176 2
177 0
178 0
179 2
180 1
181 0
182 1
183 2
184 1
185 1
186 2
187 2
188 2
189 1
190 1
191 1
192 2
193 1
194 1
195 2
196 1
197 0
198 1
199 0
200 2
201 0
202 2
203 2
204 1
205 1
206 0
207 2
208 1
209 1
210 0
211 2
212 2
213 2
214 2
215 0
216 1
217 2
218 2
219 2
220 1
221 0
222 2
223 2
224 2
225 1
226 1
227 1
228 2
229 1
230 1
231 0
232 2
233 2
234 2
235 2
236 2
237 2
238 2
239 0
240 2
241 0
242 1
243 2
244 1
245 1
246 0
247 2
248 2
249 1
250 2
251 2
252 2
253 0
254 2
255 0
256 2
257 2
258 1
259 0
260 2
261 0
262 1
263 1
264 2
265 2
266 2
267 0
268 2
269 1
270 2
271 2
272 1
273 2
274 2
275 2
276 1
277 2
278 2
279 0
280 0
281 1
282 0
283 2
284 2
285 2
286 2
287 2
288 2
289 2
290 2
291 2
292 1
293 0
294 2
295 1
296 0
297 1
298 2
299 2
300 2
301 2
302 2
303 2
304 1
305 0
306 2
307 2
308 0
309 1
310 1
311 2
312 2
313 1
314 2
315 2
316 2
317 2
318 2
319 0
320 2
321 0
322 2
323 2
324 2
325 2
326 0
327 2
328 2
329 1
330 0
331 2
332 2
333 2
334 2
335 2
336 2
337 0
338 2
339 0
340 0
341 0
342 2
343 2
344 1
345 0
346 2
347 2
348 1
349 2
350 2
351 2
352 2
353 1
354 2
355 0
356 1
357 2
358 0
359 2
360 2
361 0
362 2
363 0
364 2
365 2
366 1
367 2
368 2
369 0
370 2
371 0
372 2
373 0
374 0
375 2
376 2
377 0
378 1
379 2
380 2
381 0
382 2
383 2
384 1
385 1
386 2
387 2
388 1
389 0
390 0
391 1
392 1
393 1
394 2
395 2
396 0
397 1
398 2
399 0
400 0
401 2
402 0
403 1
404 2
405 2
406 1
407 0
408 0
409 0
410 0
411 0
412 0
413 2
414 1
415 1
416 2
417 1
418 0
419 1
420 2
421 1
422 0
423 0
424 2
425 0
426 0
427 2
428 2
429 2
430 1
431 0
432 1
433 2
434 2
435 1
436 1
437 2
438 1
439 0
440 2
441 1
442 2
443 2
444 1
445 1
446 0
447 2
448 1
449 1
450 0
451 0
452 2
453 2
454 1
455 0
456 0
457 2
458 2
459 0
460 2
461 0
462 2
463 2
464 2
465 0
466 2
467 0
468 0
469 0
470 0
471 0
472 2
473 0
474 0
475 2
476 0
477 0
478 2
479 2
480 1
481 0
482 0
483 2
484 1
485 0
486 2
487 0
488 0
489 0
490 0
491 2
492 0
493 0
494 1
495 0
496 0
497 2
498 2
499 1
500 2
501 2
502 2
503 0
504 0
505 0
506 0
507 2
508 2
509 2
510 1
511 2
512 2
513 0
514 1
515 0
516 1
517 2
518 2
519 0
520 0
521 2
522 2
523 2
524 0
525 0
526 0
527 2
528 1
529 1
530 0
531 0
532 1
533 2
534 2
535 1
536 2
537 0
538 2
539 1
540 2
541 1
542 0
543 0
544 2
545 0
546 1
547 2
548 2
549 0
550 0
551 1
552 1
553 0
554 0
555 2
556 2
557 2
558 1
559 2
560 1
561 2
562 2
563 2
564 1
565 0
566 2
567 0
568 2
569 2
570 0
571 2
572 1
573 2
574 2
575 2
576 1
577 2
578 2
579 1
580 2
581 2
582 2
583 2
584 2
585 2
586 0
587 2
588 2
589 2
590 2
591 2
592 2
593 2
594 1
595 2
596 0
597 2
598 1
599 0
600 0
601 0
602 2
603 2
604 0
605 2
606 1
607 2
608 1
609 1
610 2
611 1
612 2
613 2
614 1
615 1
616 1
617 2
618 1
619 1
620 2
621 2
622 2
623 2
624 0
625 1
626 2
627 1
628 2
629 1
630 1
631 2
632 1
633 0
634 1
635 1
636 2
637 1
638 1
639 1
640 1
641 2
642 2
643 0
644 0
645 2
646 2
647 2
648 1
649 1
650 1
651 2
652 0
653 0
654 0
655 0
656 1
657 0
658 0
659 1
660 1
661 1
662 1
663 1
664 1
665 0
666 0
667 0
668 2
669 2
670 0
671 1
672 2
673 1
674 2
675 1
676 0
677 0
678 2
679 2
680 2
681 2
682 2
683 2
684 1
685 2
686 2
687 2
688 2
689 0
690 1
691 2
692 1
693 1
694 2
695 1
696 1
697 2
698 2
699 2
700 2
701 0
702 2
703 0
704 2
705 2
706 1
707 2
708 0
709 0
710 2
711 2
712 2
713 0
714 0
715 0
716 2
717 2
718 2
719 0
720 0
721 2
722 2
723 1
724 1
725 0
726 1
727 2
728 2
729 2
730 2
731 2
732 2
733 2
734 2
735 2
736 2
737 2
738 2
739 2
740 2
741 2
742 2
743 2
744 2
745 2
746 2
747 2
748 2
749 2
750 2
751 2
752 2
753 2
754 2
755 2
756 2
757 2
758 2
759 2
760 2
761 2
762 2
763 2
764 2
765 2
766 2
767 2
768 2
769 2
770 2
771 2
772 2
773 2
774 2
775 2
776 2
777 2
778 2
779 2
780 2
781 2
782 2
783 2
784 2
785 2
786 2
787 2
788 2
789 2
790 2
791 2
792 2
793 2
794 2
795 2
796 2
797 2
798 2
799 2
800 2
801 2
802 2
803 2
804 2
805 1
806 0
807 2
808 2
809 1
810 2
811 2
812 1
813 2
814 0
815 0
816 0
817 2
818 2
819 2
820 2
821 2
822 2
823 2
824 0
825 2
826 0
827 0
828 1
829 2
830 2
831 0
832 0
833 2
834 2
835 2
836 2
837 1
838 1
839 0
840 2
841 0
842 0
843 1
844 1
845 2
846 2
847 2
848 2
849 2
850 1
851 2
852 2
853 1
854 1
855 0
856 1
857 1
858 2
859 2
860 2
861 2
862 2
863 2
864 2
865 1
866 2
867 2
868 0
869 0
870 2
871 0
872 1
873 0
874 1
875 1
876 1
877 2
878 2
879 1
880 2
881 0
882 0
883 0
884 0
885 2
886 2
887 0
888 2
889 1
890 1
891 0
892 2
893 2
894 1
895 1
896 1
897 2
898 1
899 2
900 1
901 2
902 0
903 1
904 2
905 2
906 1
907 1
908 1
909 2
910 2
911 1
912 1
913 2
914 2
915 2
916 0
917 2
918 2
919 0
920 2
921 2
922 1
923 0
924 1
925 1
926 1
927 2
928 0
929 2
930 0
931 0
932 0
933 0
934 0
935 2
936 2
937 2
938 0
939 2
940 1
941 1
942 2
943 2
944 2
945 0
946 2
947 1
948 2
949 1
950 0
951 2
952 0
953 2
954 0
955 1
956 0
957 0
958 2
959 2
960 2
961 0
962 2
963 2
964 0
965 2
966 1
967 1
968 2
969 1
970 0
971 0
972 0
973 1
974 2
975 1
976 0
977 1
978 0
979 0
980 0
981 1
982 2
983 0
984 2
985 0
986 2
987 0
988 1
989 2
990 0
991 2
992 2
993 2
994 2
995 0
996 2
997 2
998 0
999 2
1000 0
1001 1
1002 2
1003 1
1004 2
1005 2
1006 0
1007 2
1008 2
1009 2
1010 2
1011 1
1012 0
1013 1
1014 2
1015 2
1016 1
1017 2
1018 0
1019 0
1020 2
1021 0
1022 2
1023 0
1024 2
1025 1
1026 2
1027 2
1028 2
1029 2
1030 2
1031 1
1032 1
1033 2
1034 0
1035 2
1036 0
1037 2
1038 2
1039 2
1040 1
1041 1
1042 2
1043 1
1044 2
1045 0
1046 2
1047 0
1048 2
1049 2
1050 2
1051 2
1052 2
1053 0
1054 2
1055 2
1056 1
1057 0
1058 0
1059 2
1060 2
1061 0
1062 2
1063 2
1064 1
1065 1
1066 2
1067 0
1068 0
1069 2
1070 2
1071 1
1072 2
1073 2
1074 1
1075 0
1076 0
1077 0
1078 2
1079 2
1080 2
1081 2
1082 2
1083 2
1084 1
1085 2
1086 2
1087 0
1088 2
1089 0
1090 1
1091 1
1092 1
1093 2
1094 1
1095 2
1096 1
1097 1
1098 2
1099 2
1100 0
1101 0
1102 2
1103 0
1104 2
1105 2
1106 2
1107 0
1108 0
1109 2
1110 2
1111 1
1112 2
1113 0
1114 0
1115 2
1116 1
1117 1
1118 1
1119 1
1120 1
1121 2
1122 2
1123 0
1124 1
1125 0
1126 2
1127 2
1128 0
1129 2
1130 1
1131 2
1132 2
1133 0
1134 1
1135 0
1136 0
1137 1
1138 2
1139 2
1140 1
1141 1
1142 2
1143 2
1144 2
1145 1
1146 0
1147 0
1148 0
1149 0
1150 2
1151 1
1152 2
1153 1
1154 0
1155 0
1156 2
1157 2
1158 0
1159 2
1160 0
1161 2
1162 1
1163 2
1164 1
1165 2
1166 1
1167 2
1168 1
1169 1
1170 2
1171 2
1172 2
1173 2
1174 0
1175 0
1176 0
1177 1
1178 0
1179 1
1180 1
1181 2
1182 1
1183 1
1184 2
1185 0
1186 2
1187 0
1188 1
1189 2
1190 2
1191 0
1192 2
1193 2
1194 0
1195 0
1196 0
1197 0
1198 0
1199 0
1200 1
1201 2
1202 0
1203 0
1204 0
1205 0
1206 1
1207 1
1208 1
1209 2
1210 1
1211 2
1212 0
1213 1
1214 2
1215 1
1216 2
1217 0
1218 0
1219 0
1220 2
1221 2
1222 2
1223 1
1224 1
1225 2
1226 1
1227 0
1228 0
1229 0
1230 1
1231 1
1232 1
1233 2
1234 1
1235 2
1236 2
1237 1
1238 2
1239 0
1240 2
1241 1
1242 2
1243 1
1244 0
1245 0
1246 0
1247 2
1248 2
1249 2
1250 2
1251 2
1252 2
1253 0
1254 1
1255 2
1256 2
1257 2
1258 2
1259 1
1260 2
1261 0
1262 1
1263 2
1264 2
1265 1
1266 2
1267 1
1268 2
1269 2
1270 2
1271 2
1272 2
1273 2
1274 2
1275 2
1276 2
1277 0
1278 0
1279 0
1280 0
1281 2
1282 2
1283 2
1284 2
1285 2
1286 0
1287 1
1288 0
1289 1
1290 2
1291 2
1292 1
1293 2
1294 2
1295 1
1296 1
1297 2
1298 1
1299 2
1300 2
1301 1
1302 2
1303 1
1304 1
1305 1
1306 1
1307 0
1308 1
1309 0
1310 2
1311 2
1312 2
1313 1
1314 1
1315 1
1316 2
1317 2
1318 1
1319 1
1320 1
1321 2
1322 2
1323 0
1324 2
1325 1
1326 1
1327 2
1328 2
1329 2
1330 2
1331 0
1332 0
1333 2
1334 0
1335 0
1336 2
1337 0
1338 1
1339 2
1340 2
1341 2
1342 2
1343 2
1344 2
1345 2
1346 1
1347 1
1348 2
1349 2
1350 2
1351 1
1352 2
1353 2
1354 2
1355 1
1356 1
1357 2
1358 1
1359 1
1360 2
1361 0
1362 0
1363 0
1364 2
1365 2
1366 0
1367 0
1368 0
1369 2
1370 0
1371 2
1372 2
1373 2
1374 0
1375 0
1376 1
1377 1
1378 1
1379 0
1380 0
1381 0
1382 0
1383 1
1384 0
1385 0
1386 0
1387 0
1388 2
1389 1
1390 2
1391 2
1392 2
1393 2
1394 1
1395 2
1396 2
1397 1
1398 2
1399 2
1400 2
1401 0
1402 2
1403 2
1404 1
1405 2
1406 2
1407 2
1408 0
1409 1
1410 2
1411 2
1412 1
1413 2
1414 1
1415 0
1416 1
1417 0
1418 0
1419 2
1420 0
1421 2
1422 1
1423 0
1424 0
1425 2
1426 1
1427 2
1428 1
1429 2
1430 1
1431 0
1432 2
1433 0
1434 2
1435 2
1436 1
1437 2
1438 2
1439 2
1440 2
1441 1
1442 2
1443 0
1444 0
1445 0
1446 2
1447 0
1448 2
1449 1
1450 0
1451 2
1452 2
1453 2
1454 2
1455 0
1456 2
1457 1
1458 2
1459 2
1460 1
1461 2
1462 2
1463 2
1464 0
1465 0
1466 2
1467 1
1468 2
1469 2
1470 1
1471 1
1472 2
1473 2
1474 0
1475 2
1476 2
1477 2
1478 0
1479 2
1480 1
1481 2
1482 0
1483 2
1484 0
1485 2
1486 2
1487 1
1488 2
1489 0
1490 2
1491 2
1492 2
1493 2
1494 0
1495 2
1496 2
1497 2
1498 2
1499 2
1500 0
1501 0
1502 0
1503 0
1504 2
1505 1
1506 0
1507 2
1508 0
1509 0
1510 1
1511 2
1512 1
1513 1
1514 2
1515 0
1516 0
1517 2
1518 1
1519 1
1520 0
1521 2
1522 2
1523 1
1524 2
1525 0
1526 2
1527 0
1528 1
1529 0
1530 2
1531 1
1532 2
1533 2
1534 0
1535 0
1536 0
1537 2
1538 2
1539 2
1540 0
1541 2
1542 2
1543 2
1544 1
1545 2
1546 1
1547 1
1548 0
1549 0
1550 2
1551 2
1552 1
1553 2
1554 2
1555 2
1556 2
1557 2
1558 2
1559 2
1560 2
1561 2
1562 2
1563 0
1564 2
1565 0
1566 1
1567 2
1568 0
1569 1
1570 0
1571 0
1572 2
1573 2
1574 2
1575 0
1576 2
1577 0
1578 0
1579 2
1580 2
1581 0
1582 1
1583 2
1584 2
1585 2
1586 0
1587 0
1588 0
1589 2
1590 2
1591 1
1592 0
1593 2
1594 2
1595 2
1596 2
1597 2
1598 2
1599 2
1600 2
1601 2
1602 2
1603 1
1604 1
1605 0
1606 1
1607 1
1608 0
1609 2
1610 2
1611 2
1612 1
1613 2
1614 2
1615 2
1616 2
1617 1
1618 2
1619 2
1620 2
1621 2
1622 1
1623 2
1624 2
1625 2
1626 2
1627 2
1628 0
1629 2
1630 1
1631 2
1632 1
1633 2
1634 0
1635 2
1636 2
1637 2
1638 1
1639 2
1640 0
1641 2
1642 0
1643 2
1644 1
1645 2
1646 2
1647 1
1648 2
1649 0
1650 0
1651 0
1652 2
1653 2
1654 0
1655 2
1656 0
1657 0
1658 1
1659 2
1660 1
1661 1
1662 1
1663 1
1664 0
1665 1
1666 2
1667 2
1668 0
1669 1
1670 1
1671 2
1672 2
1673 0
1674 2
1675 2
1676 0
1677 0
1678 2
1679 2
1680 2
1681 0
1682 1
1683 0
1684 1
1685 1
1686 2
1687 1
1688 0
1689 0
1690 1
1691 2
1692 1
1693 2
1694 2
1695 2
1696 2
1697 0
1698 2
1699 0
1700 2
1701 1
1702 0
1703 0
1704 1
1705 1
1706 1
1707 2
1708 2
1709 1
1710 1
1711 2
1712 2
1713 2
1714 2
1715 2
1716 2
1717 2
1718 0
1719 2
1720 2
1721 1
1722 0
1723 2
1724 2
1725 0
1726 2
1727 1
1728 1
1729 1
1730 0
1731 0
1732 2
1733 1
1734 2
1735 2
1736 2
1737 2
1738 2
1739 1
1740 2
1741 0
1742 0
1743 2
1744 2
1745 2
1746 2
1747 2
1748 2
1749 1
1750 2
1751 2
1752 2
1753 2
1754 2
1755 2
1756 1
1757 2
1758 2
1759 2
1760 1
1761 1
1762 1
1763 2
1764 2
1765 2
1766 0
1767 1
1768 2
1769 2
1770 1
1771 0
1772 1
1773 2
1774 1
1775 1
1776 2
1777 2
1778 2
1779 2
1780 0
1781 2
1782 0
1783 2
1784 2
1785 1
1786 2
1787 2
1788 1
1789 1
1790 0
1791 2
1792 2
1793 1
1794 1
1795 2
1796 2
1797 2
1798 2
1799 2
1800 2
1801 2
1802 2
1803 2
1804 2
1805 2
1806 2
1807 2
1808 2
1809 2
1810 2
1811 2
1812 2
1813 2
1814 2
1815 2
1816 2
1817 0
1818 2
1819 0
1820 0
1821 0
1822 1
1823 2
1824 0
1825 2
1826 2
1827 2
1828 2
1829 2
1830 1
1831 2
1832 0
1833 1
1834 2
1835 1
1836 1
1837 1
1838 2
1839 2
1840 2
1841 2
1842 1
1843 2
1844 2
1845 0
1846 2
1847 0
1848 0
1849 2
1850 0
1851 0
1852 2
1853 1
1854 0
1855 1
1856 2
1857 1
1858 1
1859 0
1860 2
1861 2
1862 2
1863 2
1864 2
1865 2
1866 0
1867 2
1868 2
1869 2
1870 0
1871 2
1872 2
1873 0
1874 2
1875 1
1876 2
1877 0
1878 0
1879 0
1880 2
1881 0
1882 2
1883 1
1884 0
1885 0
1886 2
1887 2
1888 2
1889 2
1890 2
1891 2
1892 1
1893 0
1894 2
1895 2
1896 1
1897 0
1898 2
1899 0
1900 1
1901 2
1902 1
1903 1
1904 2
1905 2
1906 2
1907 2
1908 2
1909 2
1910 2
1911 2
1912 1
1913 0
1914 2
1915 2
1916 2
1917 2
1918 2
1919 0
1920 2
1921 0
1922 2
1923 0
1924 0
1925 0
1926 2
1927 1
1928 2
1929 1
1930 2
1931 0
1932 0
1933 0
1934 2
1935 0
1936 2
1937 2
1938 0
1939 0
1940 0
1941 0
1942 2
1943 0
1944 2
1945 0
1946 2
1947 1
1948 2
1949 2
1950 2
1951 1
1952 1
1953 2
1954 1
1955 2
1956 1
1957 2
1958 1
1959 0
1960 0
1961 1
1962 2
1963 2
1964 0
1965 2
1966 0
1967 0
1968 2
1969 2
1970 2
1971 1
1972 0
1973 2
1974 0
1975 2
1976 0
1977 1
1978 1
1979 2
1980 2
1981 2
1982 2
1983 2
1984 2
1985 2
1986 2
1987 0
1988 0
1989 0
1990 0
1991 2
1992 0
1993 2
1994 1
1995 1
1996 0
1997 2
1998 0
1999 0
2000 2
2001 2
2002 1
2003 0
2004 2
2005 1
2006 0
2007 2
2008 1
2009 1
2010 2
2011 0
2012 2
2013 1
2014 2
2015 0
2016 0
2017 2
2018 1
2019 0
2020 1
2021 2
2022 0
2023 1
2024 2
2025 0
2026 2
2027 2
2028 1
2029 2
2030 2
2031 0
2032 2
2033 2
2034 0
2035 1
2036 0
2037 2
2038 2
2039 0
2040 0
2041 2
2042 2
2043 0
2044 2
2045 1
2046 0
2047 1
2048 2
2049 2
2050 2
2051 2
2052 0
2053 1
2054 1
2055 1
2056 2
2057 0
2058 2
2059 1
2060 2
2061 2
2062 1
2063 0
2064 2
2065 1
2066 0
2067 2
2068 2
2069 2
2070 1
2071 2
2072 1
2073 1
2074 2
2075 2
2076 1
2077 1
2078 2
2079 0
2080 1
2081 2
2082 1
2083 0
2084 1
2085 1
2086 2
2087 2
2088 2
2089 2
2090 2
2091 2
2092 1
2093 2
2094 2
2095 2
2096 1
2097 1
2098 0
2099 2
2100 1
2101 0
2102 1
2103 2
2104 1
2105 0
2106 2
2107 2
2108 0
2109 0
2110 2
2111 0
2112 1
2113 1
2114 1
2115 1
2116 2
2117 1
2118 2
2119 1
2120 1
2121 2
2122 1
2123 2
2124 1
2125 0
2126 2
2127 2
2128 2
2129 2
2130 0
2131 1
2132 2
2133 0
2134 1
2135 2
2136 2
2137 2
2138 2
2139 1
2140 1
2141 1
2142 2
2143 0
2144 1
2145 2
2146 2
2147 1
2148 0
2149 2
2150 1
2151 0
2152 1
2153 2
2154 2
2155 0
2156 2
2157 2
2158 2
2159 2
2160 1
2161 0
2162 2
2163 1
2164 1
2165 1
2166 2
2167 2
2168 0
2169 2
2170 1
2171 2
2172 0
2173 2
2174 2
2175 2
2176 1
2177 2
2178 2
2179 2
2180 2
2181 1
2182 1
2183 1
2184 1
2185 0
2186 2
2187 0
2188 0
2189 2
2190 2
2191 0
2192 2
2193 2
2194 2
2195 2
2196 0
2197 2
2198 0
2199 0
2200 1
2201 2
2202 2
2203 2
2204 2
2205 2
2206 2
2207 0
2208 2
2209 1
2210 2
2211 0
2212 2
2213 0
2214 2
2215 2
2216 0
2217 2
2218 1
2219 0
2220 2
2221 0
2222 2
2223 1
2224 1
2225 2
2226 2
2227 2
2228 0
2229 2
2230 2
2231 1
2232 2
2233 2
2234 0
2235 0
2236 2
2237 1
2238 0
2239 2
2240 2
2241 2
2242 0
2243 2
2244 0
2245 1
2246 2
2247 0
2248 1
2249 1
2250 2
2251 2
2252 2
2253 2
2254 2
2255 1
2256 1
2257 1
2258 2
2259 0
2260 2
2261 1
2262 1
2263 0
2264 2
2265 0
2266 1
2267 2
2268 0
2269 2
2270 2
2271 2
2272 2
2273 0
2274 2
2275 0
2276 2
2277 2
2278 1
2279 0
2280 2
2281 2
2282 1
2283 2
2284 2
2285 2
2286 1
2287 2
2288 2
2289 0
2290 2
2291 2
2292 0
2293 1
2294 1
2295 2
2296 1
2297 0
2298 1
2299 1
2300 0
2301 2
2302 2
2303 2
2304 0
2305 0
2306 1
2307 2
2308 0
2309 0
2310 2
2311 1
2312 0
2313 1
2314 2
2315 0
2316 0
2317 1
2318 1
2319 1
2320 1
2321 2
2322 1
2323 0
2324 2
2325 1
2326 0
2327 2
2328 2
2329 0
2330 2
2331 1
2332 2
2333 1
2334 0
2335 1
2336 0
2337 2
2338 2
2339 1
2340 2
2341 0
2342 1
2343 1
2344 0
2345 1
2346 0
2347 0
2348 0
2349 0
2350 2
2351 0
2352 2
2353 1
2354 1
2355 2
2356 0
2357 2
2358 2
2359 1
2360 2
2361 2
2362 2
2363 1
2364 1
2365 1
2366 2
2367 0
2368 2
2369 2
2370 2
2371 0
2372 1
2373 0
2374 0
2375 2
2376 2
2377 0
2378 2
2379 2
2380 2
2381 2
2382 2
2383 2
2384 2
2385 0
2386 1
2387 2
2388 1
2389 2
2390 2
2391 2
2392 2
2393 0
2394 2
2395 1
2396 2
2397 0
2398 0
2399 2
2400 0
2401 0
2402 0
2403 1
2404 2
2405 2
2406 2
2407 0
2408 2
2409 0
2410 0
2411 2
2412 0
2413 0
2414 1
2415 0
2416 1
2417 0
2418 2
2419 2
2420 1
2421 1
2422 2
2423 0
2424 0
2425 0
2426 2
2427 0
2428 2
2429 2
2430 2
2431 0
2432 1
2433 0
2434 2
2435 0
2436 2
2437 2
2438 0
2439 2
2440 0
2441 0
2442 2
2443 2
2444 2
2445 2
2446 2
2447 2
2448 2
2449 2
2450 1
2451 2
2452 2
2453 1
2454 1
2455 2
2456 0
2457 2
2458 2
2459 2
2460 2
2461 0
2462 2
2463 2
2464 2
2465 1
2466 2
2467 2
2468 2
2469 0
2470 0
2471 0
2472 0
2473 2
2474 2
2475 2
2476 1
2477 1
2478 2
2479 2
2480 2
2481 2
2482 0
2483 2
2484 0
2485 2
2486 2
2487 1
2488 2
2489 0
2490 2
2491 2
2492 2
2493 0
2494 2
2495 2
2496 2
2497 0
2498 2
2499 1
2500 0
2501 1
2502 2
2503 2
2504 2
2505 2
2506 2
2507 2
2508 2
2509 2
2510 2
2511 1
2512 2
2513 0
2514 1
2515 0
2516 0
2517 2
2518 2
2519 1
2520 2
2521 1
2522 1
2523 2
2524 0
2525 2
2526 1
2527 1
2528 2
2529 0
2530 0
2531 2
2532 1
2533 0
2534 2
2535 0
2536 1
2537 1
2538 2
2539 1
2540 1
2541 2
2542 2
2543 2
2544 2
2545 2
2546 1
2547 2
2548 2
2549 2
2550 2
2551 0
2552 0
2553 1
2554 2
2555 2
2556 0
2557 1
2558 0
2559 0
2560 1
2561 2
2562 2
2563 1
2564 2
2565 2
2566 2
2567 2
2568 2
2569 2
2570 2
2571 0
2572 2
2573 2
2574 2
2575 1
2576 0
2577 0
2578 1
2579 2
2580 2
2581 2
2582 1
2583 0
2584 0
2585 2
2586 2
2587 2
2588 0
2589 1
2590 0
2591 0
2592 0
2593 1
2594 0
2595 2
2596 1
2597 2
2598 0
2599 2
2600 0
2601 1
2602 1
2603 1
2604 2
2605 0
2606 1
2607 1
2608 2
2609 2
2610 0
2611 2
2612 2
2613 2
2614 2
2615 1
2616 1
2617 1
2618 1
2619 2
2620 2
2621 2
2622 1
2623 2
2624 0
2625 0
2626 2
2627 0
2628 2
2629 1
2630 2
2631 2
2632 2
2633 1
2634 0
2635 1
2636 1
2637 1
2638 2
2639 2
2640 1
2641 2
2642 0
2643 2
2644 2
2645 2
2646 2
2647 1
2648 2
2649 2
2650 0
2651 0
2652 2
2653 1
2654 0
2655 2
2656 2
2657 0
2658 1
2659 1
2660 1
2661 2
2662 2
2663 2
2664 0
2665 2
2666 0
2667 0
2668 2
2669 2
2670 0
2671 0
2672 1
2673 2
2674 1
2675 2
2676 2
2677 2
2678 2
2679 2
2680 1
2681 2
2682 0
2683 2
2684 0
2685 1
2686 2
2687 2
2688 0
2689 1
2690 0
2691 0
2692 2
2693 0
2694 2
2695 2
2696 0
2697 0
2698 1
2699 0
2700 1
2701 2
2702 2
2703 2
2704 1
2705 2
2706 2
2707 2
2708 2
2709 2
2710 0
2711 2
2712 0
2713 1
2714 0
2715 1
2716 2
2717 2
2718 2
2719 2
2720 2
2721 2
2722 1
2723 0
2724 2
2725 1
2726 0
2727 2
2728 2
2729 0
2730 0
2731 1
2732 2
2733 2
2734 2
2735 0
2736 0
2737 2
2738 2
2739 0
2740 2
2741 0
2742 2
2743 2
2744 1
2745 2
2746 2
2747 0
2748 2
2749 2
2750 0
2751 2
2752 0
2753 0
2754 2
2755 2
2756 2
2757 2
2758 0
2759 2
2760 0
2761 1
2762 2
2763 0
2764 1
2765 1
2766 1
2767 1
2768 2
2769 0
2770 2
2771 2
2772 1
2773 2
2774 0
2775 0
2776 2
2777 0
2778 2
2779 0
2780 2
2781 2
2782 0
2783 0
2784 0
2785 2
2786 2
2787 2
2788 0
2789 2
2790 1
2791 2
2792 1
2793 0
2794 2
2795 2
2796 0
2797 0
2798 2
2799 2
2800 1
2801 2
2802 2
2803 2
2804 0
2805 1
2806 2
2807 1
2808 2
2809 0
2810 2
2811 2
2812 0
2813 2
2814 0
2815 2
2816 2
2817 2
2818 2
2819 2
2820 1
2821 2
2822 0
2823 0
2824 0
2825 2
2826 0
2827 0
2828 1
2829 1
2830 2
2831 2
2832 0
2833 2
2834 2
2835 0
2836 2
2837 1
2838 0
2839 0
2840 2
2841 2
2842 1
2843 0
2844 0
2845 0
2846 0
2847 0
2848 2
2849 2
2850 1
2851 0
2852 2
2853 2
2854 0
2855 2
2856 2
2857 1
2858 1
2859 2
2860 2
2861 2
2862 1
2863 1
2864 0
2865 2
2866 1
2867 1
2868 0
2869 0
2870 1
2871 0
2872 0
2873 1
2874 0
2875 0
2876 0
2877 0
2878 0
2879 2
2880 2
2881 2
2882 2
2883 2
2884 2
2885 2
2886 1
2887 0
2888 2
2889 2
2890 0
2891 2
2892 0
2893 2
2894 2
2895 1
2896 1
2897 2
2898 2
2899 2
2900 2
2901 1
2902 2
2903 2
2904 1
2905 2
2906 0
2907 1
2908 1
2909 2
2910 2
2911 2
2912 1
2913 0
2914 0
2915 0
2916 0
2917 1
2918 2
2919 2
2920 2
2921 2
2922 2
2923 2
2924 1
2925 2
2926 0
2927 2
2928 2
2929 2
2930 1
2931 2
2932 1
2933 1
2934 1
2935 1
2936 1
2937 1
2938 2
2939 1
2940 1
2941 0
2942 1
2943 1
2944 0
2945 1
2946 1
2947 1
2948 1
2949 2
2950 0
2951 1
2952 1
2953 1
2954 2
2955 2
2956 2
2957 1
2958 2
2959 2
2960 2
2961 1
2962 1
2963 0
2964 1
2965 0
2966 0
2967 0
2968 0
2969 0
2970 0
2971 1
2972 1
2973 1
2974 1
2975 0
2976 1
2977 1
2978 0
2979 0
2980 0
2981 1
2982 1
2983 1
2984 1
2985 1
2986 1
2987 0
2988 1
2989 1
2990 1
2991 1
2992 1
2993 2
2994 0
2995 1
2996 1
2997 1
2998 1
2999 0
3000 0
3001 0
3002 2
3003 1
3004 2
3005 2
3006 2
3007 2
3008 0
3009 2
3010 2
3011 0
3012 2
3013 2
3014 2
3015 0
3016 2
3017 0
3018 0
3019 0
3020 0
3021 0
3022 0
3023 2
3024 2
3025 2
3026 2
3027 2
3028 1
3029 1
3030 0
3031 1
3032 2
3033 2
3034 2
3035 2
3036 0
3037 0
3038 0
3039 0
3040 2
3041 2
3042 2
3043 2
3044 1
3045 1
3046 1
3047 1
3048 1
3049 1
3050 2
3051 2
3052 2
3053 0
3054 2
3055 0
3056 0
3057 0
3058 2
3059 1
3060 1
3061 2
3062 1
3063 1
3064 2
3065 1
3066 1
3067 2
3068 0
3069 2
3070 2
3071 1
3072 2
3073 2
3074 0
3075 1
3076 2
3077 0
3078 1
3079 2
3080 2
3081 0
3082 0
3083 0
3084 1
3085 1
3086 0
3087 2
3088 1
3089 1
3090 2
3091 0
3092 0
3093 1
3094 2
3095 0
3096 1
3097 1
3098 1
3099 1
3100 0
3101 2
3102 0
3103 2
3104 0
3105 2
3106 2
3107 2
3108 0
3109 2
3110 2
3111 1
3112 1
3113 1
3114 1
3115 2
3116 1
3117 0
3118 1
3119 1
3120 1
3121 1
3122 2
3123 1
3124 2
3125 2
3126 1
3127 2
3128 1
3129 2
3130 0
3131 2
3132 2
3133 2
3134 1
3135 1
3136 0
3137 1
3138 2
3139 2
3140 0
3141 2
3142 0
3143 0
3144 0
3145 0
3146 0
3147 0
3148 0
3149 2
3150 2
3151 1
3152 2
3153 0
3154 2
3155 1
3156 2
3157 0
3158 2
3159 0
3160 1
3161 1
3162 2
3163 0
3164 2
3165 2
3166 0
3167 1
3168 2
3169 2
3170 2
3171 2
3172 2
3173 1
3174 2
3175 2
3176 0
3177 0
3178 1
3179 0
3180 0
3181 2
3182 1
3183 0
3184 0
3185 0
3186 1
3187 1
3188 2
3189 2
3190 0
3191 0
3192 1
3193 0
3194 0
3195 0
3196 0
3197 0
3198 0
3199 2
3200 1
3201 0
3202 2
3203 2
3204 2
3205 0
3206 1
3207 2
3208 0
3209 1
3210 2
3211 0
3212 1
3213 2
3214 2
3215 2
3216 2
3217 0
3218 2
3219 0
3220 2
3221 2
3222 0
3223 1
3224 2
3225 0
3226 2
3227 0
3228 2
3229 0
3230 0
3231 2
3232 2
3233 1
3234 0
3235 2
3236 0
3237 2
3238 1
3239 0
3240 1
3241 1
3242 1
3243 1
3244 0
3245 2
3246 0
3247 1
3248 2
3249 0
3250 1
3251 0
3252 1
3253 0
3254 0
3255 0
3256 0
3257 2
3258 2
3259 0
3260 0
3261 1
3262 2
3263 0
3264 2
3265 1
3266 2
3267 1
3268 2
3269 0
3270 0
3271 2
3272 2
3273 2
3274 2
3275 1
3276 1
3277 1
3278 0
3279 2
3280 0
3281 2
3282 1
3283 2
3284 1
3285 0
3286 0
3287 2
3288 2
3289 2
3290 2
3291 2
3292 2
3293 0
3294 2
3295 2
3296 1
3297 1
3298 1
3299 2
3300 1
3301 1
3302 2
3303 2
3304 1
3305 2
3306 2
3307 0
3308 2
3309 0
3310 1
3311 2
3312 0
3313 1
3314 0
3315 2
3316 2
3317 1
3318 0
3319 2
3320 1
3321 2
3322 1
3323 2
3324 0
3325 0
3326 0
3327 0
3328 2
3329 1
3330 0
3331 2
3332 1
3333 1
3334 1
3335 1
3336 1
3337 1
3338 2
3339 2
3340 1
3341 2
3342 2
3343 2
3344 0
3345 2
3346 2
3347 2
3348 1
3349 2
3350 2
3351 2
3352 2
3353 2
3354 1
3355 1
3356 1
3357 2
3358 1
3359 2
3360 1
3361 0
3362 2
3363 1
3364 0
3365 0
3366 2
3367 0
3368 1
3369 2
3370 0
3371 0
3372 2
3373 2
3374 1
3375 1
3376 1
3377 2
3378 2
3379 2
3380 2
3381 0
3382 0
3383 2
3384 1
3385 1
3386 2
3387 2
3388 0
3389 2
3390 1
3391 1
3392 0
3393 2
3394 2
3395 2
3396 2
3397 2
3398 0
3399 2
3400 0
3401 2
3402 2
3403 2
3404 2
3405 0
3406 1
3407 2
3408 1
3409 0
3410 2
3411 2
3412 2
3413 1
3414 2
3415 2
3416 2
3417 2
3418 2
3419 1
3420 0
3421 2
3422 0
3423 0
3424 2
3425 1
3426 0
3427 2
3428 0
3429 0
3430 2
3431 2
3432 1
3433 1
3434 2
3435 2
3436 1
3437 2
3438 0
3439 2
3440 0
3441 0
3442 1
3443 2
3444 2
3445 0
3446 1
3447 2
3448 2
3449 1
3450 1
3451 0
3452 2
3453 0
3454 1
3455 2
3456 0
3457 1
3458 2
3459 2
3460 2
3461 1
3462 2
3463 2
3464 2
3465 0
3466 2
3467 2
3468 0
3469 0
3470 2
3471 0
3472 1
3473 1
3474 0
3475 1
3476 2
3477 0
3478 2
3479 0
3480 2
3481 2
3482 0
3483 2
3484 1
3485 1
3486 2
3487 2
3488 2
3489 0
3490 2
3491 2
3492 1
3493 0
3494 1
3495 1
3496 1
3497 0
3498 0
3499 0
3500 1
3501 2
3502 1
3503 1
3504 1
3505 2
3506 2
3507 2
3508 2
3509 2
3510 1
3511 2
3512 2
3513 0
3514 2
3515 0
3516 2
3517 2
3518 1
3519 2
3520 2
3521 2
3522 0
3523 2
3524 2
3525 0
3526 1
3527 0
3528 2
3529 2
3530 2
3531 0
3532 2
3533 0
3534 1
3535 2
3536 2
3537 2
3538 1
3539 0
3540 0
3541 2
3542 0
3543 2
3544 1
3545 1
3546 2
3547 1
3548 1
3549 2
3550 1
3551 1
3552 0
3553 0
3554 0
3555 0
3556 0
3557 2
3558 2
3559 0
3560 0
3561 2
3562 2
3563 0
3564 1
3565 2
3566 2
3567 2
3568 0
3569 2
3570 2
3571 2
3572 1
3573 2
3574 0
3575 1
3576 2
3577 0
3578 2
3579 2
3580 1
3581 1
3582 0
3583 2
3584 1
3585 2
3586 2
3587 0
3588 0
3589 0
3590 0
3591 0
3592 2
3593 2
3594 2
3595 2
3596 2
3597 2
3598 2
3599 0
3600 0
3601 2
3602 0
3603 1
3604 0
3605 0
3606 2
3607 0
3608 2
3609 2
3610 0
3611 0
3612 2
3613 0
3614 2
3615 2
3616 1
3617 2
3618 2
3619 1
3620 0
3621 1
3622 2
3623 0
3624 1
3625 2
3626 1
3627 2
3628 2
3629 2
3630 1
3631 2
3632 2
3633 2
3634 2
3635 0
3636 1
3637 1
3638 2
3639 2
3640 2
3641 0
3642 2
3643 0
3644 1
3645 2
3646 0
3647 1
3648 2
3649 2
3650 2
3651 0
3652 0
3653 2
3654 2
3655 1
3656 2
3657 0
3658 2
3659 2
3660 1
3661 0
3662 2
3663 2
3664 2
3665 1
3666 1
3667 0
3668 2
3669 2
3670 1
3671 0
3672 0
3673 1
3674 2
3675 1
3676 0
3677 0
3678 1
3679 0
3680 2
3681 2
3682 2
3683 0
3684 2
3685 2
3686 0
3687 0
3688 2
3689 1
3690 0
3691 2
3692 2
3693 1
3694 1
3695 1
3696 0
3697 2
3698 0
3699 0
3700 2
3701 1
3702 0
3703 2
3704 2
3705 2
3706 0
3707 2
3708 2
3709 2
3710 2
3711 2
3712 2
3713 2
3714 2
3715 2
3716 2
3717 2
3718 2
3719 2
3720 2
3721 2
3722 2
3723 2
3724 2
3725 2
3726 2
3727 0
3728 0
3729 1
3730 0
3731 0
3732 0
3733 2
3734 2
3735 1
3736 2
3737 2
3738 2
3739 2
3740 2
3741 2
3742 1
3743 1
3744 0
3745 0
3746 0
3747 2
3748 0
3749 0
3750 1
3751 0
3752 2
3753 0
3754 2
3755 2
3756 1
3757 0
3758 1
3759 2
3760 2
3761 1
3762 2
3763 1
3764 0
3765 2
3766 2
3767 2
3768 1
3769 1
3770 2
3771 2
3772 0
3773 2
3774 0
3775 0
3776 2
3777 2
3778 2
3779 2
3780 2
3781 1
3782 0
3783 0
3784 2
3785 2
3786 1
3787 1
3788 2
3789 2
3790 0
3791 1
3792 0
3793 1
3794 1
3795 2
3796 0
3797 1
3798 2
3799 2
3800 1
3801 2
3802 0
3803 2
3804 2
3805 2
3806 1
3807 1
3808 2
3809 2
3810 2
3811 1
3812 2
3813 0
3814 2
3815 2
3816 0
3817 2
3818 2
3819 2
3820 1
3821 1
3822 2
3823 2
3824 2
3825 2
3826 2
3827 2
3828 2
3829 2
3830 2
3831 1
3832 2
3833 0
3834 2
3835 0
3836 2
3837 0
3838 0
3839 1
3840 1
3841 2
3842 2
3843 2
3844 2
3845 2
3846 2
3847 2
3848 2
3849 1
3850 0
3851 0
3852 2
3853 2
3854 0
3855 0
3856 0
3857 0
3858 0
3859 2
3860 1
3861 2
3862 2
3863 2
3864 0
3865 1
3866 0
3867 0
3868 0
3869 0
3870 0
3871 1
3872 2
3873 2
3874 2
3875 2
3876 2
3877 0
3878 2
3879 2
3880 2
3881 2
3882 2
3883 2
3884 2
3885 1
3886 1
3887 0
3888 2
3889 1
3890 0
3891 2
3892 1
3893 1
3894 2
3895 1
3896 2
3897 2
3898 1
3899 2
3900 1
3901 1
3902 2
3903 2
3904 2
3905 2
3906 0
3907 2
3908 2
3909 1
3910 0
3911 1
3912 2
3913 2
3914 2
3915 1
3916 0
3917 2
3918 2
3919 2
3920 0
3921 2
3922 2
3923 2
3924 2
3925 1
3926 0
3927 2
3928 2
3929 1
3930 1
3931 2
3932 2
3933 1
3934 2
3935 2
3936 2
3937 0
3938 2
3939 2
3940 0
3941 1
3942 1
3943 0
3944 1
3945 2
3946 2
3947 2
3948 0
3949 0
3950 2
3951 2
3952 2
3953 2
3954 2
3955 2
3956 2
3957 2
3958 1
3959 0
3960 1
3961 2
3962 1
3963 1
3964 0
3965 1
3966 2
3967 2
3968 1
3969 2
3970 1
3971 2
3972 1
3973 2
3974 2
3975 2
3976 2
3977 0
3978 2
3979 2
3980 2
3981 2
3982 2
3983 2
3984 1
3985 2
3986 0
3987 0
3988 0
3989 2
3990 2
3991 2
3992 2
3993 2
3994 1
3995 0
3996 1
3997 1
3998 2
3999 2
4000 2
4001 2
4002 2
4003 2
4004 2
4005 2
4006 2
4007 2
4008 2
4009 2
4010 2
4011 2
4012 2
4013 2
4014 2
4015 2
4016 2
4017 2
4018 2
4019 2
4020 2
4021 2
4022 2
4023 2
4024 2
4025 2
4026 2
4027 2
4028 2
4029 2
4030 2
4031 2
4032 2
4033 2
4034 2
4035 2
4036 2
4037 0
4038 2
4039 2
4040 2
4041 2
4042 2
4043 2
4044 2
4045 2
4046 2
4047 2
4048 2
4049 2
4050 2
4051 2
4052 2
4053 2
4054 2
4055 2
4056 2
4057 2
4058 2
4059 2
4060 2
4061 2
4062 2
4063 2
4064 0
4065 2
4066 2
4067 2
4068 2
4069 2
4070 2
4071 2
4072 2
4073 2
4074 2
4075 2
4076 2
4077 2
4078 2
4079 2
4080 2
4081 2
4082 2
4083 2
4084 2
4085 2
4086 2
4087 2
4088 0
4089 2
4090 2
4091 0
4092 2
4093 0
4094 0
4095 2
4096 2
4097 2
4098 2
4099 2
4100 2
4101 2
4102 2
4103 2
4104 2
4105 2
4106 2
4107 2
4108 2
4109 2
4110 2
4111 2
4112 2
4113 2
4114 2
4115 2
4116 0
4117 2
4118 1
4119 2
4120 2
4121 0
4122 2
4123 2
4124 2
4125 2
4126 2
4127 1
4128 0
4129 1
4130 0
4131 2
4132 0
4133 2
4134 1
4135 2
4136 2
4137 1
4138 2
4139 2
4140 2
4141 2
4142 2
4143 2
4144 0
4145 1
4146 1
4147 1
4148 1
4149 1
4150 2
4151 2
4152 1
4153 2
4154 2
4155 2
4156 0
4157 2
4158 2
4159 0
4160 1
4161 2
4162 2
4163 2
4164 2
4165 0
4166 2
4167 2
4168 2
4169 0
4170 0
4171 2
4172 0
4173 1
4174 2
4175 2
4176 2
4177 2
4178 2
4179 0
4180 2
4181 2
4182 0
4183 2
4184 0
4185 0
4186 1
4187 2
4188 0
4189 2
4190 1
4191 2
4192 0
4193 0
4194 1
4195 0
4196 0
4197 1
4198 2
4199 0
4200 2
4201 2
4202 2
4203 0
4204 0
4205 0
4206 0
4207 2
4208 0
4209 2
4210 2
4211 0
4212 1
4213 2
4214 0
4215 0
4216 2
4217 1
4218 2
4219 0
4220 1
4221 1
4222 0
4223 1
4224 0
4225 2
4226 0
4227 1
4228 2
4229 0
4230 1
4231 0
4232 2
4233 0
4234 2
4235 2
4236 1
4237 1
4238 1
4239 2
4240 2
4241 0
4242 1
4243 2
4244 2
4245 0
4246 1
4247 0
4248 0
4249 2
4250 2
4251 0
4252 0
4253 2
4254 0
4255 1
4256 2
4257 2
4258 0
4259 1
4260 2
4261 1
4262 1
4263 1
4264 1
4265 2
4266 1
4267 0
4268 2
4269 0
4270 2
4271 0
4272 2
4273 1
4274 2
4275 0
4276 2
4277 2
4278 1
4279 2
4280 2
4281 2
4282 2
4283 1
4284 1
4285 2
4286 2
4287 0
4288 2
4289 0
4290 2
4291 0
4292 1
4293 2
4294 0
4295 1
4296 0
4297 2
4298 2
4299 2
4300 1
4301 1
4302 0
4303 0
4304 2
4305 1
4306 2
4307 1
4308 1
4309 2
4310 1
4311 0
4312 0
4313 2
4314 1
4315 2
4316 2
4317 2
4318 2
4319 1
4320 0
4321 2
4322 0
4323 2
4324 2
4325 2
4326 2
4327 1
4328 2
4329 2
4330 1
4331 2
4332 2
4333 1
4334 2
4335 1
4336 2
4337 2
4338 2
4339 2
4340 0
4341 2
4342 2
4343 1
4344 2
4345 2
4346 2
4347 0
4348 1
4349 2
4350 1
4351 0
4352 2
4353 0
4354 2
4355 2
4356 2
4357 2
4358 2
4359 2
4360 2
4361 2
4362 2
4363 0
4364 2
4365 2
4366 0
4367 0
4368 0
4369 0
4370 2
4371 2
4372 2
4373 2
4374 0
4375 1
4376 2
4377 1
4378 1
4379 2
4380 1
4381 0
4382 1
4383 2
4384 2
4385 1
4386 2
4387 2
4388 2
4389 1
4390 2
4391 2
4392 1
4393 1
4394 0
4395 1
4396 0
4397 1
4398 2
4399 1
4400 2
4401 2
4402 1
4403 2
4404 2
4405 0
4406 0
4407 0
4408 0
4409 2
4410 2
4411 0
4412 1
4413 2
4414 2
4415 0
4416 1
4417 2
4418 2
4419 0
4420 2
4421 2
4422 2
4423 2
4424 1
4425 2
4426 2
4427 2
4428 1
4429 2
4430 2
4431 1
4432 1
4433 0
4434 1
4435 1
4436 2
4437 2
4438 0
4439 2
4440 1
4441 0
4442 2
4443 1
4444 2
4445 1
4446 2
4447 0
4448 2
4449 2
4450 0
4451 0
4452 2
4453 1
4454 0
4455 1
4456 2
4457 2
4458 2
4459 2
4460 2
4461 2
4462 2
4463 2
4464 2
4465 2
4466 2
4467 2
4468 2
4469 2
4470 2
4471 1
4472 2
4473 0
4474 1
4475 2
4476 1
4477 2
4478 2
4479 2
4480 2
4481 2
4482 1
4483 2
4484 0
4485 0
4486 2
4487 2
4488 2
4489 2
4490 1
4491 0
4492 0
4493 1
4494 0
4495 0
4496 0
4497 2
4498 0
4499 2
4500 1
4501 2
4502 2
4503 2
4504 2
4505 2
4506 0
4507 1
4508 2
4509 1
4510 2
4511 1
4512 1
4513 2
4514 0
4515 1
4516 2
4517 1
4518 0
4519 2
4520 2
4521 0
4522 1
4523 0
4524 1
4525 0
4526 0
4527 0
4528 0
4529 2
4530 0
4531 2
4532 1
4533 0
4534 1
4535 2
4536 2
4537 0
4538 2
4539 2
4540 2
4541 0
4542 0
4543 1
4544 1
4545 2
4546 2
4547 0
4548 2
4549 1
4550 0
4551 1
4552 1
4553 1
4554 2
4555 2
4556 2
4557 0
4558 2
4559 2
4560 2
4561 0
4562 1
4563 0
4564 2
4565 2
4566 1
4567 1
4568 2
4569 0
4570 0
4571 0
4572 2
4573 1
4574 1
4575 0
4576 0
4577 1
4578 2
4579 0
4580 0
4581 2
4582 2
4583 2
4584 1
4585 2
4586 0
4587 2
4588 2
4589 2
4590 0
4591 2
4592 1
4593 2
4594 2
4595 1
4596 0
4597 1
4598 2
4599 2
4600 0
4601 1
4602 1
4603 1
4604 2
4605 1
4606 1
4607 2
4608 0
4609 2
4610 1
4611 1
4612 2
4613 1
4614 2
4615 0
4616 1
4617 2
4618 2
4619 0
4620 2
4621 2
4622 2
4623 2
4624 2
4625 2
4626 2
4627 2
4628 2
4629 2
4630 2
4631 2
4632 2
4633 2
4634 2
4635 2
4636 1
4637 0
4638 2
4639 0
4640 1
4641 2
4642 0
4643 1
4644 2
4645 1
4646 2
4647 0
4648 2
4649 1
4650 0
4651 2
4652 1
4653 2
4654 2
4655 1
4656 0
4657 1
4658 2
4659 2
4660 2
4661 1
4662 2
4663 0
4664 2
4665 2
4666 2
4667 2
4668 2
4669 1
4670 1
4671 2
4672 1
4673 2
4674 0
4675 2
4676 2
4677 2
4678 2
4679 2
4680 1
4681 0
4682 1
4683 0
4684 2
4685 0
4686 2
4687 0
4688 2
4689 0
4690 1
4691 0
4692 2
4693 0
4694 0
4695 0
4696 0
4697 2
4698 2
4699 0
4700 2
4701 0
4702 2
4703 2
4704 0
4705 0
4706 1
4707 2
4708 0
4709 2
4710 2
4711 2
4712 2
4713 2
4714 0
4715 0
4716 1
4717 1
4718 2
4719 1
4720 2
4721 1
4722 0
4723 1
4724 1
4725 1
4726 2
4727 0
4728 0
4729 2
4730 0
4731 2
4732 1
4733 1
4734 2
4735 2
4736 2
4737 1
4738 1
4739 1
4740 1
4741 0
4742 0
4743 1
4744 1
4745 0
4746 1
4747 0
4748 2
4749 2
4750 0
4751 2
4752 2
4753 0
4754 1
4755 2
4756 0
4757 2
4758 0
4759 2
4760 0
4761 1
4762 0
4763 2
4764 1
4765 2
4766 2
4767 2
4768 1
4769 1
4770 2
4771 2
4772 2
4773 2
4774 2
4775 0
4776 0
4777 2
4778 0
4779 1
4780 1
4781 0
4782 1
4783 1
4784 0
4785 2
4786 0
4787 2
4788 2
4789 0
4790 2
4791 2
4792 2
4793 0
4794 2
4795 0
4796 2
4797 2
4798 2
4799 2
4800 1
4801 0
4802 2
4803 1
4804 1
4805 2
4806 0
4807 2
4808 2
4809 1
4810 2
4811 2
4812 2
4813 0
4814 2
4815 2
4816 0
4817 0
4818 2
4819 2
4820 2
4821 1
4822 2
4823 1
4824 1
4825 0
4826 2
4827 2
4828 0
4829 0
4830 0
4831 2
4832 2
4833 1
4834 1
4835 2
4836 2
4837 0
4838 2
4839 1
4840 2
4841 1
4842 2
4843 1
4844 2
4845 2
4846 1
4847 2
4848 2
4849 1
4850 2
4851 1
4852 2
4853 0
4854 1
4855 0
4856 2
4857 1
4858 1
4859 0
4860 2
4861 2
4862 2
4863 2
4864 2
4865 1
4866 1
4867 1
4868 1
4869 1
4870 1
4871 2
4872 1
4873 0
4874 2
4875 2
4876 2
4877 1
4878 1
4879 2
4880 0
4881 2
4882 0
4883 0
4884 2
4885 2
4886 1
4887 1
4888 1
4889 1
4890 2
4891 0
4892 1
4893 0
4894 2
4895 0
4896 0
4897 1
4898 1
4899 0
4900 1
4901 1
4902 1
4903 1
4904 0
4905 0
4906 2
4907 0
4908 2
4909 0
4910 2
4911 1
4912 0
4913 2
4914 1
4915 0
4916 2
4917 0
4918 1
4919 1
4920 0
4921 1
4922 0
4923 2
4924 2
4925 2
4926 1
4927 1
4928 0
4929 2
4930 2
4931 1
4932 0
4933 2
4934 1
4935 1
4936 2
4937 2
4938 1
4939 0
4940 0
4941 1
4942 2
4943 0
4944 2
4945 1
4946 0
4947 0
4948 0
4949 2
4950 2
4951 0
4952 2
4953 1
4954 0
4955 0
4956 1
4957 1
4958 2
4959 2
4960 2
4961 2
4962 2
4963 1
4964 1
4965 2
4966 2
4967 1
4968 2
4969 0
4970 1
4971 2
4972 0
4973 2
4974 1
4975 2
4976 1
4977 2
4978 2
4979 2
4980 2
4981 0
4982 2
4983 2
4984 0
4985 1
4986 1
4987 0
4988 0
4989 1
4990 2
4991 2
4992 2
4993 2
4994 2
4995 2
4996 0
4997 1
4998 2
4999 0
5000 2
5001 2
5002 2
5003 1
5004 1
5005 1
5006 1
5007 1
5008 1
5009 1
5010 0
5011 0
5012 1
5013 1
5014 1
5015 1
5016 2
5017 1
5018 1
5019 0
5020 1
5021 0
5022 0
5023 2
5024 2
5025 2
5026 2
5027 0
5028 2
5029 2
5030 1
5031 2
5032 2
5033 0
5034 2
5035 0
5036 1
5037 0
5038 2
5039 2
5040 2
5041 2
5042 2
5043 1
5044 1
5045 2
5046 0
5047 1
5048 2
5049 2
5050 2
5051 0
5052 0
5053 0
5054 1
5055 2
5056 0
5057 2
5058 2
5059 0
5060 0
5061 2
5062 2
5063 2
5064 2
5065 2
5066 2
5067 1
5068 2
5069 1
5070 2
5071 2
5072 0
5073 2
5074 0
5075 2
5076 0
5077 2
5078 0
5079 0
5080 2
5081 1
5082 2
5083 2
5084 0
5085 1
5086 0
5087 0
5088 2
5089 2
5090 2
5091 0
5092 0
5093 1
5094 0
5095 1
5096 0
5097 1
5098 2
5099 2
5100 1
5101 1
5102 0
5103 2
5104 0
5105 1
5106 2
5107 0
5108 2
5109 2
5110 0
5111 0
5112 2
5113 1
5114 2
5115 1
5116 2
5117 2
5118 2
5119 1
5120 1
5121 0
5122 0
5123 2
5124 0
5125 1
5126 2
5127 2
5128 2
5129 2
5130 2
5131 0
5132 2
5133 2
5134 2
5135 2
5136 2
5137 2
5138 1
5139 1
5140 1
5141 0
5142 2
5143 2
5144 2
5145 2
5146 1
5147 1
5148 0
5149 0
5150 0
5151 2
5152 2
5153 0
5154 0
5155 2
5156 2
5157 1
5158 0
5159 2
5160 2
5161 0
5162 0
5163 1
5164 2
5165 1
5166 2
5167 1
5168 1
5169 1
5170 1
5171 0
5172 0
5173 0
5174 0
5175 2
5176 1
5177 0
5178 2
5179 2
5180 1
5181 2
5182 2
5183 0
5184 0
5185 2
5186 2
5187 2
5188 1
5189 1
5190 1
5191 1
5192 1
5193 1
5194 2
5195 1
5196 2
5197 1
5198 1
5199 2
5200 1
5201 2
5202 2
5203 0
5204 2
5205 0
5206 2
5207 2
5208 2
5209 2
5210 2
5211 2
5212 0
5213 2
5214 2
5215 2
5216 0
5217 2
5218 1
5219 2
5220 2
5221 2
5222 0
5223 2
5224 2
5225 2
5226 2
5227 0
5228 2
5229 1
5230 0
5231 0
5232 2
5233 0
5234 1
5235 1
5236 0
5237 1
5238 0
5239 0
5240 1
5241 1
5242 1
5243 2
5244 1
5245 0
5246 2
5247 2
5248 2
5249 0
5250 1
5251 2
5252 2
5253 2
5254 0
5255 1
5256 0
5257 1
5258 1
5259 2
5260 1
5261 0
5262 1
5263 2
5264 1
5265 1
5266 2
5267 0
5268 2
5269 1
5270 0
5271 0
5272 0
5273 0
5274 2
5275 1
5276 1
5277 0
5278 0
5279 0
5280 1
5281 0
5282 0
5283 1
5284 0
5285 2
5286 2
5287 0
5288 2
5289 2
5290 2
5291 2
5292 0
5293 1
5294 0
5295 2
5296 0
5297 2
5298 2
5299 2
5300 0
5301 0
5302 0
5303 2
5304 2
5305 2
5306 0
5307 0
5308 1
5309 1
5310 2
5311 2
5312 1
5313 2
5314 1
5315 0
5316 0
5317 2
5318 0
5319 2
5320 2
5321 1
5322 1
5323 1
5324 1
5325 2
5326 1
5327 1
5328 2
5329 2
5330 0
5331 1
5332 0
5333 2
5334 2
5335 2
5336 1
5337 2
5338 2
5339 2
5340 1
5341 0
5342 2
5343 2
5344 2
5345 2
5346 1
5347 2
5348 2
5349 0
5350 1
5351 0
5352 0
5353 1
5354 1
5355 1
5356 2
5357 2
5358 0
5359 2
5360 2
5361 2
5362 0
5363 0
5364 0
5365 1
5366 2
5367 0
5368 0
5369 0
5370 2
5371 1
5372 2
5373 1
5374 0
5375 2
5376 0
5377 2
5378 2
5379 2
5380 0
5381 1
5382 1
5383 0
5384 1
5385 2
5386 2
5387 0
5388 1
5389 0
5390 1
5391 2
5392 2
5393 2
5394 1
5395 2
5396 1
5397 2
5398 1
5399 2
5400 1
5401 2
5402 1
5403 2
5404 0
5405 1
5406 0
5407 2
5408 2
5409 1
5410 2
5411 2
5412 2
5413 2
5414 0
5415 2
5416 2
5417 2
5418 2
5419 2
5420 2
5421 2
5422 0
5423 2
5424 1
5425 2
5426 1
5427 0
5428 0
5429 0
5430 0
5431 2
5432 1
5433 0
5434 2
5435 2
5436 0
5437 0
5438 2
5439 1
5440 2
5441 1
5442 2
5443 2
5444 2
5445 2
5446 2
5447 2
5448 2
5449 2
5450 2
5451 1
5452 2
5453 0
5454 2
5455 2
5456 0
5457 2
5458 0
5459 2
5460 2
5461 2
5462 2
5463 1
5464 2
5465 2
5466 1
5467 1
5468 0
5469 1
5470 2
5471 1
5472 0
5473 1
5474 1
5475 2
5476 1
5477 2
5478 1
5479 2
5480 1
5481 1
5482 2
5483 2
5484 2
5485 2
5486 2
5487 0
5488 1
5489 0
5490 0
5491 2
5492 2
5493 1
5494 2
5495 2
5496 0
5497 0
5498 2
5499 2
5500 1
5501 2
5502 2
5503 2
5504 0
5505 0
5506 2
5507 2
5508 0
5509 0
5510 0
5511 2
5512 2
5513 2
5514 2
5515 2
5516 0
5517 1
5518 2
5519 0
5520 2
5521 1
5522 0
5523 2
5524 0
5525 2
5526 1
5527 1
5528 1
5529 1
5530 0
5531 0
5532 2
5533 0
5534 1
5535 1
5536 2
5537 2
5538 2
5539 0
5540 0
5541 0
5542 0
5543 2
5544 1
5545 2
5546 0
5547 1
5548 0
5549 2
5550 1
5551 1
5552 1
5553 0
5554 2
5555 2
5556 2
5557 0
5558 1
5559 2
5560 2
5561 2
5562 2
5563 2
5564 0
5565 2
5566 2
5567 1
5568 0
5569 2
5570 0
5571 1
5572 2
5573 1
5574 2
5575 2
5576 2
5577 1
5578 2
5579 1
5580 2
5581 1
5582 2
5583 0
5584 2
5585 1
5586 2
5587 1
5588 1
5589 0
5590 0
5591 2
5592 0
5593 2
5594 2
5595 0
5596 1
5597 2
5598 2
5599 2
5600 2
5601 2
5602 1
5603 2
5604 2
5605 0
5606 2
5607 2
5608 0
5609 2
5610 2
5611 2
5612 1
5613 2
5614 1
5615 0
5616 1
5617 1
5618 1
5619 1
5620 1
5621 0
5622 0
5623 1
5624 2
5625 0
5626 0
5627 1
5628 2
5629 2
5630 2
5631 2
5632 0
5633 0
5634 0
5635 0
5636 2
5637 2
5638 0
5639 0
5640 0
5641 2
5642 2
5643 2
5644 0
5645 2
5646 2
5647 2
5648 2
5649 0
5650 2
5651 1
5652 1
5653 1
5654 1
5655 0
5656 2
5657 0
5658 1
5659 0
5660 0
5661 2
5662 2
5663 1
5664 0
5665 2
5666 1
5667 0
5668 1
5669 0
5670 0
5671 2
5672 2
5673 1
5674 0
5675 2
5676 1
5677 1
5678 2
5679 2
5680 1
5681 1
5682 1
5683 0
5684 2
5685 2
5686 2
5687 2
5688 1
5689 2
5690 2
5691 2
5692 2
5693 0
5694 0
5695 1
5696 1
5697 2
5698 2
5699 1
5700 0
5701 2
5702 1
5703 0
5704 2
5705 2
5706 2
5707 0
5708 1
5709 2
5710 1
5711 2
5712 0
5713 1
5714 1
5715 0
5716 2
5717 2
5718 1
5719 1
5720 1
5721 1
5722 0
5723 2
5724 2
5725 2
5726 2
5727 1
5728 1
5729 1
5730 2
5731 2
5732 2
5733 0
5734 2
5735 1
5736 0
5737 0
5738 0
5739 0
5740 0
5741 2
5742 1
5743 0
5744 2
5745 0
5746 2
5747 1
5748 2
5749 2
5750 2
5751 1
5752 0
5753 1
5754 1
5755 0
5756 2
5757 2
5758 2
5759 0
5760 2
5761 2
5762 1
5763 2
5764 2
5765 0
5766 2
5767 1
5768 1
5769 1
5770 0
5771 1
5772 1
5773 2
5774 1
5775 2
5776 0
5777 2
5778 1
5779 1
5780 1
5781 1
5782 0
5783 2
5784 0
5785 2
5786 0
5787 2
5788 2
5789 2
5790 1
5791 0
5792 0
5793 1
5794 2
5795 2
5796 2
5797 2
5798 0
5799 2
5800 1
5801 0
5802 1
5803 2
5804 2
5805 1
5806 1
5807 1
5808 1
5809 0
5810 1
5811 2
5812 2
5813 2
5814 2
5815 2
5816 2
5817 2
5818 2
5819 2
5820 2
5821 2
5822 2
5823 2
5824 2
5825 2
5826 2
5827 2
5828 2
5829 2
5830 2
5831 2
5832 2
5833 2
5834 2
5835 2
5836 0
5837 2
5838 2
5839 2
5840 2
5841 2
5842 2
5843 2
5844 2
5845 2
5846 2
5847 1
5848 0
5849 1
5850 2
5851 0
5852 2
5853 2
5854 0
5855 2
5856 1
5857 2
5858 1
5859 1
5860 0
5861 2
5862 2
5863 0
5864 2
5865 0
5866 1
5867 2
5868 0
5869 2
5870 0
5871 0
5872 0
5873 1
5874 1
5875 0
5876 0
5877 2
5878 2
5879 2
5880 2
5881 2
5882 2
5883 2
5884 0
5885 2
5886 2
5887 0
5888 2
5889 2
5890 0
5891 0
5892 0
5893 0
5894 2
5895 1
5896 0
5897 1
5898 2
5899 0
5900 2
5901 2
5902 2
5903 2
5904 1
5905 2
5906 2
5907 0
5908 1
5909 0
5910 2
5911 2
5912 2
5913 2
5914 0
5915 0
5916 0
5917 2
5918 0
5919 1
5920 2
5921 0
5922 0
5923 1
5924 2
5925 1
5926 0
5927 0
5928 2
5929 1
5930 0
5931 1
5932 1
5933 1
5934 1
5935 0
5936 2
5937 2
5938 2
5939 1
5940 1
5941 2
5942 2
5943 2
5944 2
5945 2
5946 0
5947 0
5948 2
5949 1
5950 2
5951 2
5952 0
5953 1
5954 1
5955 2
5956 1
5957 2
5958 1
5959 1
5960 2
5961 2
5962 2
5963 1
5964 1
5965 2
5966 1
5967 1
5968 1
5969 1
5970 0
5971 0
5972 2
5973 1
5974 2
5975 0
5976 2
5977 2
5978 0
5979 2
5980 1
5981 0
5982 2
5983 1
5984 1
5985 2
5986 2
5987 2
5988 2
5989 1
5990 2
5991 2
5992 0
5993 2
5994 0
5995 0
5996 2
5997 1
5998 2
5999 2
6000 1
6001 1
6002 2
6003 2
6004 2
6005 2
6006 1
6007 2
6008 2
6009 2
6010 1
6011 0
6012 1
6013 2
6014 2
6015 0
6016 1
6017 1
6018 0
6019 0
6020 0
6021 2
6022 2
6023 1
6024 1
6025 2
6026 0
6027 2
6028 2
6029 2
6030 1
6031 2
6032 2
6033 2
6034 2
6035 2
6036 2
6037 2
6038 2
6039 2
6040 2
6041 2
6042 2
6043 2
6044 2
6045 0
6046 0
6047 2
6048 2
6049 2
6050 0
6051 0
6052 2
6053 2
6054 2
6055 2
6056 2
6057 0
6058 2
6059 1
6060 1
6061 2
6062 1
6063 1
6064 0
6065 1
6066 2
6067 0
6068 0
6069 0
6070 0
6071 2
6072 2
6073 2
6074 2
6075 2
6076 1
6077 2
6078 1
6079 1
6080 2
6081 2
6082 2
6083 2
6084 0
6085 2
6086 2
6087 2
6088 0
6089 0
6090 0
6091 2
6092 2
6093 1
6094 2
6095 2
6096 0
6097 1
6098 2
6099 2
6100 2
6101 2
6102 2
6103 1
6104 2
6105 0
6106 1
6107 2
6108 0
6109 0
6110 2
6111 2
6112 0
6113 0
6114 2
6115 0
6116 1
6117 2
6118 1
6119 1
6120 2
6121 2
6122 0
6123 0
6124 2
6125 2
6126 1
6127 2
6128 0
6129 2
6130 1
6131 2
6132 2
6133 1
6134 1
6135 0
6136 1
6137 0
6138 0
6139 1
6140 2
6141 2
6142 2
6143 2
6144 0
6145 0
6146 1
6147 2
6148 2
6149 2
6150 2
6151 2
6152 2
6153 0
6154 0
6155 2
6156 2
6157 2
6158 2
6159 1
6160 2
6161 1
6162 2
6163 2
6164 2
6165 2
6166 2
6167 1
6168 2
6169 2
6170 2
6171 0
6172 2
6173 1
6174 1
6175 2
6176 2
6177 2
6178 2
6179 2
6180 2
6181 2
6182 2
6183 2
6184 2
6185 0
6186 2
6187 2
6188 2
6189 2
6190 0
6191 2
6192 0
6193 2
6194 2
6195 2
6196 1
6197 2
6198 1
6199 2
6200 0
6201 0
6202 2
6203 2
6204 2
6205 2
6206 2
6207 1
6208 2
6209 1
6210 0
6211 0
6212 2
6213 1
6214 0
6215 2
6216 1
6217 2
6218 2
6219 2
6220 2
6221 1
6222 2
6223 0
6224 2
6225 2
6226 2
6227 2
6228 2
6229 2
6230 1
6231 0
6232 2
6233 2
6234 0
6235 2
6236 1
6237 0
6238 1
6239 1
6240 1
6241 2
6242 2
6243 0
6244 2
6245 1
6246 0
6247 1
6248 2
6249 1
6250 2
6251 1
6252 2
6253 2
6254 2
6255 0
6256 2
6257 2
6258 0
6259 0
6260 2
6261 1
6262 0
6263 2
6264 2
6265 2
6266 2
6267 2
6268 2
6269 0
6270 0
6271 2
6272 0
6273 2
6274 2
6275 0
6276 2
6277 2
6278 2
6279 2
6280 2
6281 0
6282 0
6283 2
6284 0
6285 2
6286 0
6287 2
6288 2
6289 2
6290 2
6291 2
6292 2
6293 0
6294 2
6295 2
6296 0
6297 0
6298 2
6299 2
6300 2
6301 2
6302 0
6303 1
6304 2
6305 1
6306 1
6307 2
6308 2
6309 2
6310 2
6311 2
6312 2
6313 2
6314 2
6315 2
6316 0
6317 2
6318 0
6319 0
6320 0
6321 2
6322 2
6323 2
6324 0
6325 0
6326 1
6327 2
6328 2
6329 2
6330 2
6331 2
6332 2
6333 2
6334 0
6335 0
6336 2
6337 0
6338 0
6339 1
6340 0
6341 2
6342 2
6343 0
6344 0
6345 0
6346 2
6347 2
6348 1
6349 0
6350 0
6351 2
6352 2
6353 1
6354 2
6355 2
6356 2
6357 2
6358 0
6359 2
6360 2
6361 2
6362 0
6363 1
6364 2
6365 2
6366 2
6367 1
6368 2
6369 0
6370 2
6371 2
6372 0
6373 0
6374 1
6375 2
6376 0
6377 2
6378 2
6379 2
6380 2
6381 2
6382 2
6383 2
6384 2
6385 2
6386 0
6387 2
6388 0
6389 2
6390 2
6391 1
6392 2
6393 1
6394 2
6395 2
6396 0
6397 2
6398 2
6399 2
6400 1
6401 2
6402 1
6403 0
6404 2
6405 2
6406 2
6407 2
6408 2
6409 0
6410 0
6411 2
6412 2
6413 2
6414 2
6415 2
6416 2
6417 2
6418 2
6419 0
6420 2
6421 2
6422 2
6423 2
6424 2
6425 2
6426 2
6427 2
6428 2
6429 2
6430 2
6431 2
6432 2
6433 2
6434 2
network of communities computed : Thu Jan  7 08:41:43 2010

network : 3 nodes, 9 links, 449306684 weight.
pass number 1 of -1 : 0.124473 0.124473
communities computed : Thu Jan  7 08:41:43 2010
modularity increased from 0.124473 to 0.124473
0 0
1 1
2 2
network of communities computed : Thu Jan  7 08:41:43 2010
1e-06 0.124473 70
