Sender: LSF System <lsfadmin@bc09-n12>
Subject: Job 429314: <comm_pct9> Done

Job <comm_pct9> was submitted from host <bc10-n13> by user <jabloche> in cluster <lucky>.
Job was executed on host(s) <bc09-n12>, in queue <week>, as user <jabloche> in cluster <lucky>.
</afs/isis.unc.edu/home/j/a/jabloche> was used as the home directory.
</netscr/jabloche/FirmNetworks/cLouvain> was used as the working directory.
Started at Thu Jan  7 08:40:22 2010
Results reported at Thu Jan  7 08:46:15 2010

Your job looked like:

------------------------------------------------------------
# LSBATCH: User input
/netscr/jabloche/FirmNetworks/cLouvain/community /smallfs/jabloche/fn_edge/el_pct9.bin -l -1 -w
------------------------------------------------------------

Successfully completed.

Resource usage summary:

    CPU time   :    300.02 sec.
    Max Memory :       231 MB
    Max Swap   :       379 MB

    Max Processes  :         4
    Max Threads    :         4

The output (if any) follows:

Your home directory for this job is /netscr/jabloche
start : Thu Jan  7 08:40:27 2010
total : 14720824
file read : Thu Jan  7 08:41:15 2010
network : 7962 nodes, 14720824 links, 228146292 weight.
pass number 1 of -1 : 0.0548572 -0.000217279
pass number 2 of -1 : 0.0640467 0.0548572
pass number 3 of -1 : 0.0660641 0.0640467
pass number 4 of -1 : 0.0670972 0.0660641
pass number 5 of -1 : 0.0675307 0.0670972
pass number 6 of -1 : 0.0680286 0.0675307
pass number 7 of -1 : 0.0684073 0.0680286
pass number 8 of -1 : 0.068456 0.0684073
pass number 9 of -1 : 0.0684821 0.068456
pass number 10 of -1 : 0.0684891 0.0684821
pass number 11 of -1 : 0.0685077 0.0684891
pass number 12 of -1 : 0.0685362 0.0685077
pass number 13 of -1 : 0.0685941 0.0685362
pass number 14 of -1 : 0.0687745 0.0685941
pass number 15 of -1 : 0.0699759 0.0687745
pass number 16 of -1 : 0.0737529 0.0699759
pass number 17 of -1 : 0.0747462 0.0737529
pass number 18 of -1 : 0.0748925 0.0747462
pass number 19 of -1 : 0.0749179 0.0748925
pass number 20 of -1 : 0.074926 0.0749179
pass number 21 of -1 : 0.0749337 0.074926
pass number 22 of -1 : 0.0749461 0.0749337
pass number 23 of -1 : 0.0750117 0.0749461
pass number 24 of -1 : 0.0752354 0.0750117
pass number 25 of -1 : 0.0772731 0.0752354
pass number 26 of -1 : 0.0776025 0.0772731
pass number 27 of -1 : 0.0776322 0.0776025
pass number 28 of -1 : 0.0776586 0.0776322
pass number 29 of -1 : 0.0776727 0.0776586
pass number 30 of -1 : 0.0776749 0.0776727
pass number 31 of -1 : 0.077675 0.0776749
communities computed : Thu Jan  7 08:46:14 2010
modularity increased from -0.000217279 to 0.077675
0 3
1 0
2 3
3 3
4 3
5 1
6 3
7 1
8 1
9 3
10 3
11 3
12 3
13 3
14 3
15 3
16 3
17 3
18 3
19 1
20 3
21 3
22 3
23 3
24 3
25 3
26 3
27 3
28 1
29 3
30 3
31 3
32 3
33 3
34 3
35 3
36 1
37 3
38 1
39 3
40 3
41 1
42 3
43 1
44 3
45 3
46 3
47 3
48 3
49 3
50 3
51 3
52 3
53 3
54 3
55 3
56 3
57 3
58 3
59 3
60 3
61 3
62 3
63 1
64 3
65 3
66 3
67 3
68 3
69 1
70 3
71 3
72 1
73 1
74 3
75 3
76 3
77 3
78 3
79 3
80 3
81 3
82 1
83 3
84 3
85 3
86 3
87 1
88 1
89 3
90 3
91 0
92 3
93 3
94 0
95 3
96 0
97 0
98 0
99 0
100 3
101 1
102 0
103 0
104 1
105 0
106 0
107 11
108 0
109 0
110 1
111 3
112 3
113 1
114 1
115 3
116 3
117 1
118 3
119 0
120 3
121 3
122 3
123 3
124 3
125 3
126 3
127 3
128 1
129 3
130 3
131 3
132 1
133 3
134 1
135 1
136 1
137 3
138 3
139 1
140 3
141 1
142 3
143 3
144 3
145 3
146 1
147 1
148 3
149 3
150 3
151 3
152 1
153 3
154 3
155 1
156 3
157 3
158 1
159 3
160 3
161 1
162 1
163 3
164 1
165 3
166 1
167 1
168 1
169 3
170 3
171 1
172 1
173 1
174 3
175 3
176 1
177 3
178 3
179 0
180 0
181 3
182 1
183 0
184 3
185 1
186 3
187 1
188 3
189 3
190 3
191 3
192 1
193 1
194 3
195 1
196 1
197 3
198 1
199 1
200 3
201 1
202 3
203 3
204 1
205 1
206 3
207 1
208 1
209 3
210 3
211 1
212 3
213 3
214 1
215 3
216 1
217 3
218 3
219 1
220 3
221 3
222 3
223 3
224 3
225 1
226 3
227 3
228 1
229 3
230 1
231 3
232 1
233 1
234 1
235 1
236 3
237 3
238 3
239 3
240 3
241 1
242 1
243 3
244 1
245 3
246 0
247 3
248 3
249 1
250 1
251 3
252 3
253 3
254 1
255 1
256 3
257 3
258 3
259 3
260 1
261 3
262 1
263 3
264 1
265 3
266 1
267 1
268 0
269 3
270 1
271 1
272 1
273 1
274 3
275 1
276 1
277 3
278 1
279 3
280 1
281 3
282 3
283 3
284 3
285 3
286 1
287 1
288 3
289 3
290 1
291 3
292 3
293 1
294 1
295 1
296 3
297 3
298 3
299 3
300 1
301 3
302 3
303 1
304 3
305 3
306 1
307 1
308 1
309 3
310 1
311 3
312 1
313 3
314 1
315 1
316 3
317 1
318 3
319 3
320 3
321 3
322 3
323 3
324 3
325 1
326 3
327 3
328 1
329 3
330 1
331 0
332 1
333 1
334 1
335 1
336 1
337 3
338 1
339 1
340 1
341 1
342 1
343 1
344 0
345 3
346 3
347 1
348 1
349 3
350 3
351 1
352 3
353 3
354 3
355 3
356 1
357 3
358 3
359 3
360 0
361 3
362 3
363 1
364 3
365 1
366 3
367 1
368 1
369 3
370 1
371 3
372 1
373 3
374 3
375 3
376 1
377 3
378 3
379 3
380 3
381 0
382 0
383 1
384 3
385 3
386 3
387 3
388 3
389 3
390 3
391 3
392 3
393 3
394 1
395 3
396 3
397 3
398 3
399 3
400 1
401 1
402 3
403 3
404 1
405 3
406 3
407 3
408 1
409 3
410 3
411 0
412 3
413 3
414 3
415 0
416 1
417 3
418 3
419 1
420 1
421 3
422 1
423 3
424 1
425 3
426 3
427 1
428 0
429 3
430 1
431 0
432 3
433 1
434 3
435 1
436 3
437 3
438 1
439 3
440 3
441 3
442 1
443 3
444 3
445 1
446 3
447 3
448 1
449 1
450 1
451 3
452 3
453 1
454 3
455 3
456 3
457 1
458 3
459 3
460 3
461 1
462 3
463 1
464 3
465 1
466 1
467 3
468 1
469 3
470 3
471 3
472 1
473 3
474 3
475 3
476 3
477 3
478 3
479 3
480 1
481 3
482 3
483 3
484 3
485 3
486 3
487 3
488 3
489 3
490 1
491 3
492 3
493 3
494 1
495 3
496 3
497 3
498 3
499 3
500 1
501 1
502 1
503 1
504 1
505 1
506 3
507 1
508 3
509 3
510 1
511 3
512 1
513 1
514 3
515 1
516 1
517 3
518 1
519 3
520 3
521 3
522 3
523 3
524 3
525 3
526 3
527 3
528 3
529 1
530 1
531 0
532 1
533 3
534 1
535 1
536 1
537 0
538 1
539 3
540 3
541 1
542 1
543 3
544 3
545 3
546 0
547 1
548 0
549 1
550 3
551 3
552 3
553 1
554 3
555 3
556 1
557 3
558 1
559 1
560 3
561 1
562 1
563 3
564 3
565 3
566 1
567 3
568 3
569 3
570 3
571 3
572 3
573 3
574 1
575 3
576 1
577 3
578 1
579 3
580 1
581 1
582 3
583 3
584 3
585 3
586 1
587 1
588 0
589 1
590 0
591 3
592 3
593 1
594 0
595 3
596 3
597 1
598 3
599 3
600 1
601 1
602 3
603 3
604 3
605 3
606 3
607 1
608 3
609 3
610 3
611 1
612 3
613 3
614 3
615 3
616 1
617 3
618 3
619 3
620 3
621 3
622 3
623 3
624 1
625 1
626 3
627 1
628 3
629 1
630 3
631 3
632 3
633 1
634 1
635 3
636 1
637 3
638 3
639 1
640 1
641 3
642 3
643 3
644 1
645 3
646 1
647 1
648 3
649 3
650 1
651 1
652 3
653 1
654 3
655 1
656 1
657 1
658 3
659 3
660 3
661 1
662 1
663 1
664 1
665 1
666 3
667 1
668 1
669 3
670 3
671 3
672 3
673 1
674 1
675 3
676 1
677 3
678 1
679 1
680 1
681 3
682 3
683 0
684 3
685 1
686 1
687 1
688 3
689 3
690 3
691 3
692 3
693 1
694 1
695 1
696 1
697 3
698 3
699 1
700 3
701 1
702 1
703 1
704 3
705 1
706 3
707 3
708 3
709 3
710 3
711 1
712 1
713 3
714 1
715 1
716 3
717 3
718 1
719 1
720 3
721 3
722 3
723 3
724 3
725 1
726 3
727 1
728 0
729 3
730 3
731 0
732 1
733 3
734 0
735 1
736 0
737 3
738 3
739 3
740 3
741 3
742 1
743 1
744 1
745 1
746 1
747 3
748 3
749 1
750 3
751 3
752 3
753 3
754 1
755 3
756 3
757 3
758 3
759 1
760 3
761 3
762 1
763 3
764 1
765 1
766 1
767 0
768 3
769 3
770 1
771 3
772 1
773 3
774 1
775 3
776 1
777 3
778 1
779 1
780 1
781 3
782 1
783 3
784 0
785 1
786 3
787 1
788 1
789 3
790 3
791 1
792 3
793 3
794 3
795 1
796 3
797 1
798 3
799 3
800 3
801 3
802 1
803 1
804 3
805 1
806 3
807 3
808 3
809 3
810 1
811 1
812 1
813 1
814 0
815 3
816 1
817 3
818 3
819 3
820 3
821 1
822 1
823 3
824 1
825 3
826 1
827 3
828 1
829 1
830 3
831 3
832 3
833 3
834 1
835 3
836 1
837 1
838 1
839 3
840 3
841 3
842 1
843 1
844 3
845 0
846 3
847 1
848 1
849 3
850 1
851 3
852 1
853 3
854 0
855 3
856 0
857 1
858 3
859 3
860 3
861 3
862 3
863 1
864 3
865 3
866 3
867 3
868 1
869 1
870 3
871 3
872 3
873 3
874 3
875 1
876 3
877 1
878 3
879 3
880 1
881 1
882 3
883 3
884 1
885 3
886 3
887 3
888 3
889 3
890 3
891 1
892 1
893 3
894 1
895 3
896 1
897 0
898 3
899 3
900 1
901 3
902 3
903 1
904 1
905 3
906 3
907 3
908 3
909 3
910 3
911 3
912 3
913 3
914 1
915 1
916 1
917 3
918 1
919 1
920 1
921 3
922 3
923 1
924 3
925 3
926 1
927 1
928 3
929 3
930 1
931 1
932 3
933 0
934 1
935 0
936 3
937 3
938 1
939 1
940 1
941 1
942 3
943 1
944 3
945 3
946 1
947 3
948 3
949 3
950 1
951 1
952 3
953 3
954 3
955 1
956 1
957 3
958 3
959 3
960 3
961 3
962 1
963 3
964 3
965 1
966 3
967 3
968 3
969 3
970 1
971 1
972 3
973 1
974 1
975 3
976 1
977 1
978 1
979 3
980 3
981 3
982 1
983 3
984 1
985 1
986 3
987 3
988 1
989 1
990 1
991 1
992 1
993 1
994 3
995 3
996 3
997 1
998 3
999 1
1000 1
1001 3
1002 3
1003 3
1004 3
1005 3
1006 3
1007 3
1008 3
1009 1
1010 3
1011 3
1012 3
1013 0
1014 3
1015 3
1016 0
1017 1
1018 1
1019 1
1020 3
1021 1
1022 3
1023 0
1024 1
1025 3
1026 3
1027 3
1028 3
1029 3
1030 1
1031 1
1032 3
1033 1
1034 3
1035 3
1036 0
1037 0
1038 3
1039 3
1040 0
1041 1
1042 3
1043 0
1044 3
1045 0
1046 3
1047 1
1048 1
1049 5
1050 3
1051 3
1052 3
1053 3
1054 3
1055 3
1056 3
1057 3
1058 3
1059 1
1060 1
1061 0
1062 3
1063 0
1064 3
1065 1
1066 1
1067 3
1068 3
1069 3
1070 0
1071 3
1072 0
1073 1
1074 1
1075 3
1076 0
1077 0
1078 3
1079 3
1080 0
1081 3
1082 1
1083 0
1084 3
1085 3
1086 1
1087 1
1088 0
1089 0
1090 3
1091 0
1092 1
1093 1
1094 1
1095 0
1096 1
1097 3
1098 3
1099 0
1100 3
1101 1
1102 3
1103 1
1104 3
1105 1
1106 0
1107 3
1108 3
1109 3
1110 3
1111 3
1112 0
1113 1
1114 3
1115 1
1116 3
1117 3
1118 1
1119 0
1120 1
1121 3
1122 1
1123 0
1124 3
1125 3
1126 0
1127 3
1128 3
1129 1
1130 3
1131 3
1132 3
1133 3
1134 1
1135 0
1136 1
1137 0
1138 3
1139 0
1140 0
1141 0
1142 0
1143 1
1144 1
1145 1
1146 3
1147 0
1148 3
1149 0
1150 3
1151 0
1152 3
1153 1
1154 0
1155 1
1156 1
1157 3
1158 0
1159 3
1160 3
1161 0
1162 0
1163 1
1164 0
1165 1
1166 0
1167 1
1168 3
1169 0
1170 1
1171 3
1172 3
1173 0
1174 1
1175 3
1176 3
1177 3
1178 0
1179 1
1180 3
1181 0
1182 1
1183 1
1184 1
1185 3
1186 0
1187 3
1188 3
1189 3
1190 0
1191 3
1192 1
1193 0
1194 3
1195 3
1196 3
1197 3
1198 3
1199 0
1200 1
1201 1
1202 0
1203 0
1204 1
1205 1
1206 3
1207 3
1208 1
1209 1
1210 1
1211 3
1212 3
1213 3
1214 3
1215 1
1216 0
1217 1
1218 1
1219 3
1220 1
1221 1
1222 3
1223 3
1224 1
1225 0
1226 0
1227 1
1228 1
1229 3
1230 1
1231 1
1232 3
1233 1
1234 0
1235 3
1236 1
1237 1
1238 3
1239 3
1240 0
1241 3
1242 1
1243 1
1244 3
1245 1
1246 3
1247 1
1248 1
1249 3
1250 3
1251 3
1252 0
1253 0
1254 3
1255 1
1256 3
1257 1
1258 0
1259 0
1260 3
1261 0
1262 0
1263 3
1264 3
1265 1
1266 0
1267 0
1268 1
1269 0
1270 0
1271 0
1272 0
1273 3
1274 0
1275 0
1276 0
1277 1
1278 0
1279 0
1280 0
1281 0
1282 0
1283 0
1284 0
1285 0
1286 0
1287 0
1288 0
1289 0
1290 0
1291 0
1292 0
1293 3
1294 0
1295 0
1296 0
1297 0
1298 0
1299 0
1300 0
1301 0
1302 0
1303 3
1304 0
1305 0
1306 1
1307 0
1308 1
1309 0
1310 0
1311 1
1312 0
1313 1
1314 0
1315 3
1316 0
1317 0
1318 3
1319 3
1320 0
1321 0
1322 0
1323 0
1324 0
1325 3
1326 0
1327 3
1328 0
1329 0
1330 1
1331 0
1332 0
1333 1
1334 3
1335 1
1336 0
1337 0
1338 0
1339 0
1340 3
1341 0
1342 0
1343 0
1344 3
1345 3
1346 1
1347 0
1348 0
1349 1
1350 0
1351 0
1352 0
1353 1
1354 0
1355 0
1356 0
1357 0
1358 0
1359 3
1360 0
1361 1
1362 0
1363 0
1364 1
1365 0
1366 3
1367 1
1368 3
1369 3
1370 3
1371 0
1372 3
1373 3
1374 1
1375 3
1376 3
1377 3
1378 3
1379 3
1380 3
1381 3
1382 1
1383 0
1384 3
1385 3
1386 1
1387 3
1388 1
1389 3
1390 3
1391 3
1392 3
1393 1
1394 3
1395 0
1396 3
1397 1
1398 1
1399 3
1400 3
1401 1
1402 3
1403 3
1404 3
1405 3
1406 3
1407 1
1408 3
1409 3
1410 1
1411 3
1412 3
1413 3
1414 3
1415 3
1416 3
1417 3
1418 3
1419 1
1420 3
1421 3
1422 3
1423 1
1424 3
1425 1
1426 3
1427 1
1428 3
1429 3
1430 3
1431 3
1432 3
1433 3
1434 1
1435 3
1436 3
1437 3
1438 3
1439 1
1440 1
1441 3
1442 3
1443 3
1444 3
1445 3
1446 1
1447 3
1448 3
1449 3
1450 3
1451 3
1452 3
1453 3
1454 3
1455 3
1456 3
1457 3
1458 1
1459 3
1460 3
1461 3
1462 3
1463 3
1464 3
1465 3
1466 1
1467 3
1468 1
1469 1
1470 3
1471 3
1472 3
1473 3
1474 3
1475 3
1476 0
1477 1
1478 3
1479 3
1480 1
1481 3
1482 3
1483 3
1484 1
1485 3
1486 3
1487 3
1488 3
1489 3
1490 3
1491 3
1492 3
1493 3
1494 3
1495 1
1496 3
1497 3
1498 3
1499 1
1500 3
1501 3
1502 3
1503 3
1504 3
1505 3
1506 3
1507 3
1508 3
1509 3
1510 3
1511 3
1512 1
1513 3
1514 3
1515 3
1516 3
1517 3
1518 3
1519 3
1520 0
1521 3
1522 3
1523 0
1524 1
1525 3
1526 3
1527 1
1528 0
1529 0
1530 3
1531 3
1532 1
1533 3
1534 3
1535 3
1536 0
1537 3
1538 3
1539 1
1540 3
1541 1
1542 0
1543 3
1544 3
1545 1
1546 1
1547 3
1548 0
1549 3
1550 11
1551 0
1552 0
1553 1
1554 0
1555 3
1556 1
1557 0
1558 0
1559 3
1560 3
1561 0
1562 1
1563 1
1564 3
1565 0
1566 1
1567 1
1568 3
1569 0
1570 3
1571 3
1572 3
1573 1
1574 1
1575 3
1576 3
1577 1
1578 3
1579 1
1580 3
1581 1
1582 3
1583 3
1584 0
1585 3
1586 1
1587 1
1588 0
1589 3
1590 3
1591 3
1592 1
1593 3
1594 3
1595 3
1596 3
1597 1
1598 3
1599 0
1600 1
1601 3
1602 3
1603 3
1604 3
1605 3
1606 1
1607 3
1608 0
1609 0
1610 0
1611 1
1612 1
1613 3
1614 1
1615 3
1616 3
1617 0
1618 1
1619 3
1620 0
1621 3
1622 3
1623 0
1624 3
1625 1
1626 0
1627 0
1628 3
1629 3
1630 3
1631 1
1632 0
1633 3
1634 3
1635 3
1636 3
1637 3
1638 1
1639 1
1640 0
1641 1
1642 3
1643 3
1644 1
1645 3
1646 3
1647 0
1648 1
1649 1
1650 1
1651 0
1652 3
1653 0
1654 0
1655 1
1656 3
1657 3
1658 3
1659 1
1660 3
1661 3
1662 3
1663 1
1664 3
1665 0
1666 3
1667 3
1668 3
1669 1
1670 3
1671 0
1672 0
1673 3
1674 1
1675 1
1676 0
1677 0
1678 3
1679 3
1680 3
1681 1
1682 3
1683 0
1684 1
1685 0
1686 1
1687 1
1688 0
1689 0
1690 0
1691 3
1692 3
1693 1
1694 11
1695 3
1696 1
1697 1
1698 3
1699 1
1700 0
1701 1
1702 3
1703 0
1704 3
1705 0
1706 1
1707 3
1708 3
1709 3
1710 3
1711 3
1712 0
1713 3
1714 3
1715 3
1716 1
1717 1
1718 3
1719 3
1720 1
1721 3
1722 1
1723 0
1724 11
1725 3
1726 1
1727 1
1728 0
1729 1
1730 0
1731 1
1732 1
1733 3
1734 1
1735 3
1736 3
1737 0
1738 1
1739 3
1740 0
1741 1
1742 3
1743 3
1744 1
1745 1
1746 1
1747 1
1748 3
1749 3
1750 0
1751 3
1752 1
1753 1
1754 1
1755 1
1756 0
1757 1
1758 1
1759 3
1760 0
1761 3
1762 3
1763 3
1764 3
1765 0
1766 0
1767 3
1768 3
1769 0
1770 3
1771 0
1772 3
1773 1
1774 3
1775 3
1776 1
1777 3
1778 1
1779 3
1780 0
1781 1
1782 3
1783 0
1784 0
1785 0
1786 0
1787 0
1788 3
1789 0
1790 0
1791 0
1792 0
1793 0
1794 0
1795 0
1796 0
1797 3
1798 0
1799 0
1800 0
1801 0
1802 1
1803 0
1804 3
1805 3
1806 1
1807 0
1808 0
1809 3
1810 0
1811 0
1812 0
1813 3
1814 1
1815 0
1816 0
1817 3
1818 3
1819 3
1820 0
1821 3
1822 0
1823 0
1824 1
1825 1
1826 0
1827 0
1828 0
1829 0
1830 0
1831 3
1832 0
1833 0
1834 3
1835 1
1836 3
1837 1
1838 0
1839 0
1840 0
1841 0
1842 0
1843 0
1844 1
1845 0
1846 0
1847 0
1848 3
1849 3
1850 0
1851 3
1852 3
1853 0
1854 0
1855 3
1856 0
1857 0
1858 0
1859 3
1860 1
1861 0
1862 0
1863 0
1864 0
1865 0
1866 0
1867 3
1868 0
1869 0
1870 3
1871 0
1872 0
1873 0
1874 1
1875 1
1876 3
1877 3
1878 0
1879 0
1880 0
1881 3
1882 0
1883 0
1884 3
1885 0
1886 3
1887 0
1888 0
1889 0
1890 1
1891 0
1892 0
1893 0
1894 0
1895 3
1896 0
1897 0
1898 3
1899 3
1900 0
1901 3
1902 0
1903 0
1904 0
1905 0
1906 0
1907 1
1908 0
1909 0
1910 0
1911 3
1912 0
1913 0
1914 1
1915 0
1916 0
1917 0
1918 3
1919 0
1920 1
1921 1
1922 3
1923 3
1924 0
1925 3
1926 1
1927 3
1928 3
1929 1
1930 0
1931 1
1932 0
1933 1
1934 3
1935 3
1936 3
1937 0
1938 1
1939 1
1940 0
1941 3
1942 0
1943 3
1944 3
1945 1
1946 3
1947 1
1948 1
1949 1
1950 0
1951 0
1952 1
1953 0
1954 0
1955 0
1956 3
1957 1
1958 3
1959 0
1960 0
1961 3
1962 3
1963 1
1964 0
1965 3
1966 1
1967 3
1968 0
1969 3
1970 1
1971 3
1972 1
1973 1
1974 3
1975 3
1976 3
1977 1
1978 1
1979 0
1980 3
1981 0
1982 0
1983 3
1984 0
1985 1
1986 3
1987 1
1988 1
1989 3
1990 1
1991 3
1992 3
1993 3
1994 3
1995 3
1996 0
1997 3
1998 0
1999 0
2000 1
2001 0
2002 0
2003 1
2004 3
2005 0
2006 0
2007 3
2008 3
2009 1
2010 3
2011 3
2012 3
2013 0
2014 0
2015 0
2016 3
2017 1
2018 0
2019 3
2020 0
2021 0
2022 3
2023 3
2024 1
2025 3
2026 3
2027 0
2028 3
2029 3
2030 1
2031 0
2032 3
2033 3
2034 1
2035 0
2036 1
2037 0
2038 0
2039 1
2040 1
2041 1
2042 0
2043 3
2044 0
2045 0
2046 3
2047 0
2048 0
2049 1
2050 3
2051 0
2052 0
2053 0
2054 3
2055 3
2056 1
2057 3
2058 3
2059 3
2060 1
2061 3
2062 0
2063 1
2064 3
2065 1
2066 0
2067 0
2068 3
2069 1
2070 1
2071 1
2072 3
2073 0
2074 0
2075 3
2076 1
2077 3
2078 3
2079 3
2080 3
2081 0
2082 0
2083 1
2084 1
2085 1
2086 0
2087 1
2088 3
2089 3
2090 1
2091 3
2092 3
2093 3
2094 3
2095 3
2096 0
2097 3
2098 1
2099 1
2100 0
2101 1
2102 1
2103 0
2104 1
2105 3
2106 1
2107 0
2108 3
2109 0
2110 1
2111 3
2112 3
2113 0
2114 3
2115 3
2116 1
2117 3
2118 3
2119 0
2120 0
2121 0
2122 3
2123 3
2124 1
2125 3
2126 3
2127 3
2128 1
2129 0
2130 1
2131 3
2132 3
2133 3
2134 1
2135 0
2136 1
2137 3
2138 3
2139 3
2140 1
2141 3
2142 3
2143 3
2144 3
2145 0
2146 0
2147 3
2148 0
2149 1
2150 3
2151 3
2152 3
2153 0
2154 3
2155 1
2156 0
2157 3
2158 0
2159 3
2160 0
2161 0
2162 1
2163 1
2164 3
2165 3
2166 0
2167 3
2168 0
2169 0
2170 3
2171 1
2172 1
2173 0
2174 3
2175 1
2176 0
2177 3
2178 3
2179 0
2180 1
2181 0
2182 3
2183 0
2184 3
2185 1
2186 0
2187 0
2188 3
2189 1
2190 1
2191 1
2192 0
2193 3
2194 3
2195 3
2196 1
2197 0
2198 1
2199 0
2200 3
2201 3
2202 0
2203 1
2204 1
2205 1
2206 0
2207 1
2208 3
2209 3
2210 3
2211 0
2212 0
2213 3
2214 3
2215 3
2216 3
2217 0
2218 3
2219 3
2220 0
2221 1
2222 1
2223 1
2224 3
2225 1
2226 1
2227 0
2228 3
2229 0
2230 3
2231 0
2232 1
2233 3
2234 0
2235 3
2236 1
2237 0
2238 3
2239 3
2240 3
2241 0
2242 1
2243 0
2244 1
2245 1
2246 0
2247 1
2248 1
2249 0
2250 0
2251 3
2252 3
2253 0
2254 1
2255 1
2256 3
2257 1
2258 0
2259 0
2260 0
2261 3
2262 3
2263 1
2264 0
2265 1
2266 3
2267 3
2268 3
2269 3
2270 1
2271 0
2272 0
2273 0
2274 3
2275 3
2276 0
2277 0
2278 1
2279 1
2280 1
2281 3
2282 3
2283 3
2284 3
2285 1
2286 3
2287 1
2288 1
2289 0
2290 1
2291 0
2292 1
2293 1
2294 3
2295 1
2296 3
2297 3
2298 1
2299 3
2300 1
2301 0
2302 1
2303 0
2304 0
2305 0
2306 0
2307 3
2308 0
2309 3
2310 3
2311 3
2312 3
2313 0
2314 0
2315 0
2316 3
2317 0
2318 0
2319 3
2320 3
2321 1
2322 1
2323 0
2324 3
2325 1
2326 3
2327 0
2328 3
2329 3
2330 3
2331 0
2332 0
2333 3
2334 1
2335 0
2336 0
2337 3
2338 3
2339 0
2340 1
2341 3
2342 1
2343 1
2344 3
2345 3
2346 3
2347 3
2348 1
2349 3
2350 3
2351 3
2352 0
2353 0
2354 3
2355 3
2356 3
2357 1
2358 3
2359 3
2360 1
2361 0
2362 3
2363 1
2364 3
2365 1
2366 3
2367 3
2368 1
2369 3
2370 1
2371 1
2372 0
2373 3
2374 3
2375 3
2376 3
2377 0
2378 3
2379 1
2380 1
2381 1
2382 0
2383 3
2384 3
2385 3
2386 1
2387 3
2388 3
2389 11
2390 3
2391 0
2392 0
2393 1
2394 3
2395 3
2396 3
2397 3
2398 0
2399 0
2400 11
2401 0
2402 3
2403 0
2404 3
2405 3
2406 0
2407 0
2408 3
2409 3
2410 1
2411 1
2412 3
2413 3
2414 3
2415 1
2416 0
2417 0
2418 3
2419 3
2420 0
2421 3
2422 3
2423 3
2424 3
2425 3
2426 3
2427 3
2428 3
2429 3
2430 3
2431 3
2432 11
2433 1
2434 0
2435 0
2436 3
2437 3
2438 3
2439 0
2440 3
2441 3
2442 3
2443 3
2444 3
2445 3
2446 3
2447 3
2448 3
2449 3
2450 0
2451 1
2452 3
2453 3
2454 0
2455 3
2456 3
2457 0
2458 3
2459 3
2460 1
2461 0
2462 1
2463 0
2464 3
2465 1
2466 3
2467 3
2468 0
2469 3
2470 11
2471 0
2472 11
2473 3
2474 0
2475 3
2476 0
2477 1
2478 3
2479 3
2480 1
2481 1
2482 0
2483 3
2484 0
2485 0
2486 3
2487 0
2488 3
2489 0
2490 1
2491 1
2492 0
2493 0
2494 3
2495 1
2496 3
2497 3
2498 1
2499 1
2500 1
2501 3
2502 3
2503 3
2504 3
2505 3
2506 3
2507 1
2508 0
2509 1
2510 1
2511 3
2512 3
2513 1
2514 3
2515 1
2516 3
2517 1
2518 3
2519 1
2520 3
2521 3
2522 3
2523 3
2524 1
2525 1
2526 1
2527 1
2528 1
2529 3
2530 1
2531 0
2532 1
2533 1
2534 1
2535 1
2536 3
2537 3
2538 3
2539 3
2540 3
2541 3
2542 3
2543 3
2544 3
2545 3
2546 3
2547 3
2548 3
2549 3
2550 3
2551 3
2552 3
2553 3
2554 3
2555 3
2556 3
2557 3
2558 1
2559 3
2560 1
2561 1
2562 3
2563 3
2564 0
2565 1
2566 0
2567 3
2568 0
2569 3
2570 3
2571 0
2572 0
2573 0
2574 1
2575 3
2576 3
2577 0
2578 0
2579 3
2580 1
2581 3
2582 3
2583 3
2584 0
2585 1
2586 0
2587 3
2588 0
2589 3
2590 0
2591 3
2592 3
2593 1
2594 3
2595 3
2596 3
2597 3
2598 0
2599 3
2600 1
2601 0
2602 1
2603 0
2604 0
2605 3
2606 3
2607 3
2608 3
2609 3
2610 3
2611 3
2612 3
2613 0
2614 3
2615 1
2616 3
2617 1
2618 0
2619 0
2620 1
2621 3
2622 3
2623 3
2624 1
2625 0
2626 1
2627 3
2628 3
2629 1
2630 0
2631 3
2632 0
2633 3
2634 0
2635 0
2636 0
2637 0
2638 3
2639 0
2640 0
2641 3
2642 1
2643 1
2644 1
2645 3
2646 3
2647 0
2648 3
2649 3
2650 0
2651 3
2652 3
2653 0
2654 1
2655 3
2656 0
2657 3
2658 1
2659 3
2660 0
2661 0
2662 1
2663 1
2664 0
2665 3
2666 3
2667 3
2668 3
2669 1
2670 3
2671 3
2672 3
2673 3
2674 3
2675 3
2676 3
2677 3
2678 3
2679 3
2680 3
2681 3
2682 3
2683 3
2684 3
2685 3
2686 3
2687 3
2688 3
2689 3
2690 3
2691 3
2692 1
2693 3
2694 0
2695 3
2696 3
2697 3
2698 3
2699 3
2700 3
2701 3
2702 3
2703 3
2704 3
2705 3
2706 3
2707 3
2708 3
2709 3
2710 3
2711 3
2712 3
2713 3
2714 1
2715 3
2716 3
2717 3
2718 3
2719 3
2720 3
2721 3
2722 3
2723 3
2724 3
2725 3
2726 3
2727 3
2728 3
2729 3
2730 0
2731 3
2732 0
2733 3
2734 3
2735 1
2736 0
2737 1
2738 3
2739 3
2740 0
2741 3
2742 1
2743 1
2744 0
2745 0
2746 1
2747 1
2748 1
2749 0
2750 3
2751 0
2752 1
2753 0
2754 1
2755 0
2756 0
2757 1
2758 1
2759 3
2760 3
2761 3
2762 3
2763 0
2764 3
2765 1
2766 0
2767 1
2768 3
2769 1
2770 0
2771 0
2772 1
2773 3
2774 0
2775 1
2776 0
2777 0
2778 1
2779 1
2780 0
2781 0
2782 1
2783 11
2784 3
2785 0
2786 0
2787 1
2788 0
2789 3
2790 0
2791 1
2792 3
2793 0
2794 0
2795 0
2796 3
2797 0
2798 3
2799 3
2800 3
2801 0
2802 1
2803 1
2804 3
2805 1
2806 0
2807 3
2808 1
2809 3
2810 1
2811 0
2812 3
2813 3
2814 1
2815 3
2816 0
2817 0
2818 1
2819 1
2820 1
2821 3
2822 1
2823 1
2824 0
2825 3
2826 1
2827 3
2828 0
2829 0
2830 0
2831 3
2832 0
2833 3
2834 0
2835 3
2836 3
2837 0
2838 3
2839 3
2840 1
2841 1
2842 1
2843 0
2844 3
2845 1
2846 1
2847 1
2848 0
2849 3
2850 3
2851 3
2852 1
2853 1
2854 1
2855 0
2856 1
2857 3
2858 1
2859 3
2860 1
2861 3
2862 0
2863 0
2864 0
2865 0
2866 1
2867 0
2868 3
2869 3
2870 3
2871 3
2872 0
2873 0
2874 3
2875 0
2876 1
2877 3
2878 0
2879 0
2880 3
2881 3
2882 0
2883 0
2884 0
2885 1
2886 3
2887 0
2888 3
2889 3
2890 1
2891 0
2892 0
2893 3
2894 3
2895 1
2896 1
2897 3
2898 3
2899 3
2900 3
2901 0
2902 0
2903 0
2904 1
2905 1
2906 0
2907 1
2908 3
2909 3
2910 1
2911 3
2912 3
2913 0
2914 1
2915 0
2916 0
2917 3
2918 3
2919 0
2920 3
2921 3
2922 1
2923 3
2924 3
2925 0
2926 3
2927 3
2928 0
2929 1
2930 3
2931 0
2932 3
2933 0
2934 0
2935 3
2936 0
2937 0
2938 1
2939 0
2940 3
2941 1
2942 3
2943 0
2944 1
2945 3
2946 3
2947 0
2948 3
2949 3
2950 3
2951 1
2952 0
2953 0
2954 3
2955 3
2956 3
2957 0
2958 1
2959 3
2960 3
2961 3
2962 3
2963 3
2964 0
2965 1
2966 1
2967 3
2968 0
2969 0
2970 0
2971 0
2972 3
2973 0
2974 3
2975 1
2976 3
2977 0
2978 3
2979 0
2980 1
2981 0
2982 0
2983 0
2984 3
2985 3
2986 0
2987 1
2988 3
2989 1
2990 0
2991 1
2992 3
2993 3
2994 1
2995 3
2996 3
2997 1
2998 1
2999 1
3000 0
3001 1
3002 3
3003 0
3004 1
3005 3
3006 0
3007 0
3008 0
3009 3
3010 0
3011 0
3012 1
3013 0
3014 0
3015 3
3016 0
3017 0
3018 0
3019 1
3020 3
3021 0
3022 1
3023 3
3024 0
3025 0
3026 3
3027 0
3028 1
3029 0
3030 3
3031 0
3032 3
3033 3
3034 0
3035 3
3036 0
3037 3
3038 1
3039 3
3040 1
3041 3
3042 0
3043 1
3044 0
3045 3
3046 0
3047 0
3048 3
3049 0
3050 0
3051 3
3052 1
3053 1
3054 3
3055 3
3056 1
3057 0
3058 3
3059 0
3060 0
3061 3
3062 3
3063 0
3064 3
3065 3
3066 0
3067 3
3068 3
3069 3
3070 0
3071 3
3072 0
3073 0
3074 3
3075 0
3076 3
3077 0
3078 1
3079 3
3080 0
3081 3
3082 0
3083 3
3084 3
3085 3
3086 1
3087 0
3088 0
3089 3
3090 3
3091 0
3092 3
3093 0
3094 3
3095 3
3096 3
3097 3
3098 0
3099 3
3100 3
3101 0
3102 3
3103 3
3104 0
3105 1
3106 3
3107 0
3108 0
3109 1
3110 0
3111 3
3112 3
3113 3
3114 0
3115 1
3116 1
3117 0
3118 0
3119 0
3120 1
3121 1
3122 1
3123 0
3124 0
3125 3
3126 0
3127 3
3128 3
3129 3
3130 3
3131 0
3132 0
3133 0
3134 3
3135 1
3136 1
3137 1
3138 0
3139 0
3140 0
3141 1
3142 3
3143 0
3144 3
3145 3
3146 1
3147 0
3148 3
3149 3
3150 0
3151 0
3152 3
3153 0
3154 1
3155 3
3156 3
3157 1
3158 0
3159 0
3160 3
3161 3
3162 3
3163 1
3164 1
3165 1
3166 3
3167 0
3168 1
3169 3
3170 0
3171 0
3172 3
3173 0
3174 3
3175 0
3176 3
3177 0
3178 3
3179 3
3180 3
3181 3
3182 1
3183 3
3184 3
3185 0
3186 0
3187 1
3188 3
3189 3
3190 3
3191 3
3192 3
3193 3
3194 0
3195 1
3196 0
3197 1
3198 3
3199 1
3200 3
3201 1
3202 0
3203 3
3204 3
3205 3
3206 3
3207 3
3208 1
3209 0
3210 0
3211 3
3212 3
3213 3
3214 3
3215 3
3216 1
3217 0
3218 3
3219 3
3220 3
3221 0
3222 0
3223 0
3224 0
3225 3
3226 3
3227 0
3228 3
3229 0
3230 3
3231 3
3232 0
3233 0
3234 1
3235 0
3236 0
3237 0
3238 0
3239 1
3240 3
3241 1
3242 3
3243 0
3244 3
3245 0
3246 1
3247 3
3248 3
3249 0
3250 0
3251 1
3252 3
3253 3
3254 1
3255 3
3256 1
3257 3
3258 3
3259 3
3260 0
3261 0
3262 0
3263 1
3264 1
3265 11
3266 1
3267 3
3268 1
3269 3
3270 1
3271 1
3272 0
3273 1
3274 3
3275 0
3276 0
3277 0
3278 0
3279 3
3280 3
3281 0
3282 1
3283 1
3284 3
3285 1
3286 0
3287 3
3288 3
3289 3
3290 0
3291 1
3292 1
3293 0
3294 0
3295 0
3296 0
3297 3
3298 0
3299 0
3300 0
3301 0
3302 1
3303 3
3304 1
3305 1
3306 3
3307 0
3308 3
3309 1
3310 3
3311 1
3312 0
3313 1
3314 3
3315 1
3316 3
3317 3
3318 3
3319 3
3320 0
3321 0
3322 0
3323 3
3324 0
3325 3
3326 0
3327 0
3328 1
3329 0
3330 0
3331 3
3332 1
3333 3
3334 3
3335 0
3336 1
3337 1
3338 0
3339 3
3340 0
3341 3
3342 0
3343 0
3344 0
3345 1
3346 0
3347 0
3348 0
3349 3
3350 1
3351 3
3352 1
3353 0
3354 3
3355 3
3356 1
3357 1
3358 0
3359 3
3360 3
3361 3
3362 1
3363 3
3364 1
3365 3
3366 0
3367 0
3368 1
3369 0
3370 0
3371 1
3372 3
3373 3
3374 3
3375 3
3376 0
3377 3
3378 0
3379 0
3380 1
3381 1
3382 3
3383 0
3384 3
3385 0
3386 0
3387 1
3388 3
3389 1
3390 1
3391 0
3392 3
3393 0
3394 3
3395 0
3396 0
3397 0
3398 3
3399 3
3400 3
3401 0
3402 0
3403 3
3404 0
3405 0
3406 1
3407 0
3408 3
3409 0
3410 0
3411 0
3412 0
3413 3
3414 3
3415 3
3416 3
3417 3
3418 1
3419 3
3420 3
3421 1
3422 1
3423 3
3424 1
3425 3
3426 3
3427 3
3428 1
3429 1
3430 0
3431 0
3432 0
3433 0
3434 3
3435 3
3436 0
3437 0
3438 1
3439 3
3440 1
3441 3
3442 3
3443 0
3444 1
3445 0
3446 0
3447 0
3448 0
3449 3
3450 1
3451 3
3452 3
3453 1
3454 0
3455 3
3456 1
3457 0
3458 0
3459 3
3460 3
3461 0
3462 1
3463 3
3464 0
3465 0
3466 3
3467 0
3468 1
3469 3
3470 1
3471 0
3472 1
3473 0
3474 1
3475 3
3476 0
3477 3
3478 0
3479 0
3480 3
3481 3
3482 3
3483 0
3484 3
3485 1
3486 1
3487 3
3488 3
3489 1
3490 1
3491 3
3492 0
3493 3
3494 0
3495 3
3496 3
3497 0
3498 0
3499 0
3500 3
3501 0
3502 3
3503 0
3504 3
3505 1
3506 1
3507 3
3508 0
3509 0
3510 3
3511 3
3512 0
3513 3
3514 3
3515 1
3516 0
3517 0
3518 3
3519 0
3520 0
3521 3
3522 3
3523 0
3524 3
3525 1
3526 3
3527 0
3528 3
3529 3
3530 3
3531 1
3532 0
3533 1
3534 3
3535 0
3536 3
3537 3
3538 1
3539 3
3540 3
3541 0
3542 1
3543 1
3544 3
3545 0
3546 3
3547 0
3548 0
3549 0
3550 1
3551 3
3552 0
3553 1
3554 1
3555 3
3556 1
3557 3
3558 1
3559 0
3560 0
3561 0
3562 3
3563 0
3564 0
3565 3
3566 0
3567 1
3568 0
3569 0
3570 1
3571 3
3572 1
3573 3
3574 1
3575 1
3576 3
3577 3
3578 3
3579 1
3580 3
3581 1
3582 0
3583 1
3584 1
3585 3
3586 1
3587 0
3588 1
3589 1
3590 3
3591 0
3592 3
3593 1
3594 0
3595 3
3596 0
3597 3
3598 1
3599 3
3600 3
3601 3
3602 3
3603 3
3604 3
3605 0
3606 0
3607 3
3608 0
3609 0
3610 3
3611 0
3612 3
3613 1
3614 1
3615 0
3616 1
3617 1
3618 0
3619 1
3620 0
3621 3
3622 3
3623 0
3624 3
3625 0
3626 0
3627 1
3628 3
3629 1
3630 0
3631 1
3632 0
3633 1
3634 3
3635 3
3636 1
3637 0
3638 0
3639 3
3640 3
3641 0
3642 3
3643 3
3644 0
3645 3
3646 3
3647 3
3648 3
3649 0
3650 3
3651 1
3652 0
3653 3
3654 3
3655 0
3656 0
3657 0
3658 0
3659 1
3660 0
3661 3
3662 3
3663 3
3664 3
3665 1
3666 0
3667 1
3668 0
3669 3
3670 0
3671 1
3672 0
3673 3
3674 0
3675 0
3676 1
3677 0
3678 3
3679 0
3680 0
3681 3
3682 3
3683 3
3684 3
3685 3
3686 3
3687 3
3688 3
3689 3
3690 3
3691 3
3692 3
3693 1
3694 3
3695 3
3696 3
3697 1
3698 0
3699 3
3700 0
3701 3
3702 3
3703 3
3704 3
3705 3
3706 3
3707 0
3708 0
3709 11
3710 3
3711 3
3712 3
3713 3
3714 3
3715 3
3716 3
3717 3
3718 3
3719 3
3720 0
3721 3
3722 3
3723 3
3724 3
3725 3
3726 3
3727 3
3728 3
3729 3
3730 3
3731 0
3732 1
3733 3
3734 3
3735 3
3736 1
3737 1
3738 3
3739 1
3740 1
3741 1
3742 0
3743 3
3744 1
3745 3
3746 3
3747 1
3748 0
3749 3
3750 3
3751 3
3752 0
3753 3
3754 11
3755 1
3756 0
3757 0
3758 1
3759 0
3760 0
3761 0
3762 0
3763 0
3764 0
3765 0
3766 0
3767 3
3768 1
3769 0
3770 0
3771 3
3772 3
3773 1
3774 1
3775 3
3776 1
3777 0
3778 3
3779 3
3780 0
3781 3
3782 3
3783 3
3784 3
3785 3
3786 3
3787 1
3788 3
3789 1
3790 1
3791 1
3792 1
3793 3
3794 3
3795 0
3796 0
3797 0
3798 1
3799 1
3800 3
3801 1
3802 0
3803 0
3804 0
3805 0
3806 0
3807 3
3808 0
3809 0
3810 0
3811 1
3812 0
3813 1
3814 0
3815 1
3816 3
3817 1
3818 0
3819 1
3820 3
3821 0
3822 0
3823 0
3824 1
3825 3
3826 1
3827 1
3828 0
3829 0
3830 3
3831 3
3832 3
3833 3
3834 3
3835 3
3836 3
3837 3
3838 0
3839 1
3840 3
3841 3
3842 0
3843 3
3844 3
3845 3
3846 3
3847 3
3848 1
3849 3
3850 3
3851 3
3852 3
3853 3
3854 0
3855 3
3856 3
3857 0
3858 0
3859 0
3860 0
3861 0
3862 1
3863 3
3864 0
3865 3
3866 0
3867 0
3868 0
3869 11
3870 1
3871 1
3872 0
3873 3
3874 0
3875 3
3876 3
3877 3
3878 3
3879 0
3880 0
3881 1
3882 0
3883 1
3884 0
3885 0
3886 0
3887 3
3888 0
3889 1
3890 0
3891 3
3892 3
3893 0
3894 3
3895 3
3896 3
3897 3
3898 0
3899 3
3900 0
3901 0
3902 1
3903 3
3904 1
3905 3
3906 0
3907 1
3908 3
3909 3
3910 3
3911 3
3912 3
3913 0
3914 0
3915 3
3916 3
3917 0
3918 1
3919 3
3920 3
3921 0
3922 3
3923 3
3924 3
3925 3
3926 1
3927 3
3928 3
3929 4
3930 3
3931 0
3932 1
3933 1
3934 0
3935 1
3936 1
3937 0
3938 3
3939 1
3940 0
3941 3
3942 3
3943 0
3944 3
3945 1
3946 0
3947 3
3948 1
3949 0
3950 3
3951 3
3952 3
3953 0
3954 0
3955 3
3956 3
3957 3
3958 1
3959 0
3960 0
3961 3
3962 1
3963 3
3964 3
3965 3
3966 3
3967 1
3968 0
3969 1
3970 3
3971 3
3972 3
3973 1
3974 3
3975 3
3976 3
3977 0
3978 1
3979 1
3980 2
3981 0
3982 3
3983 2
3984 2
3985 0
3986 3
3987 0
3988 11
3989 0
3990 1
3991 1
3992 3
3993 3
3994 2
3995 0
3996 3
3997 3
3998 1
3999 11
4000 3
4001 2
4002 2
4003 0
4004 0
4005 0
4006 0
4007 0
4008 1
4009 3
4010 1
4011 1
4012 3
4013 3
4014 3
4015 3
4016 0
4017 0
4018 0
4019 0
4020 0
4021 3
4022 0
4023 1
4024 3
4025 1
4026 0
4027 0
4028 3
4029 0
4030 0
4031 0
4032 0
4033 0
4034 0
4035 3
4036 1
4037 0
4038 0
4039 1
4040 1
4041 0
4042 3
4043 0
4044 0
4045 3
4046 1
4047 0
4048 0
4049 1
4050 0
4051 0
4052 0
4053 0
4054 0
4055 1
4056 0
4057 3
4058 0
4059 1
4060 0
4061 1
4062 1
4063 0
4064 0
4065 0
4066 1
4067 0
4068 3
4069 0
4070 0
4071 0
4072 0
4073 0
4074 0
4075 0
4076 3
4077 0
4078 0
4079 3
4080 3
4081 11
4082 0
4083 0
4084 0
4085 0
4086 0
4087 0
4088 1
4089 0
4090 0
4091 0
4092 0
4093 1
4094 0
4095 0
4096 0
4097 3
4098 0
4099 0
4100 1
4101 0
4102 0
4103 0
4104 3
4105 0
4106 3
4107 3
4108 0
4109 0
4110 0
4111 0
4112 0
4113 6
4114 0
4115 0
4116 0
4117 3
4118 0
4119 0
4120 1
4121 11
4122 1
4123 0
4124 1
4125 0
4126 0
4127 0
4128 0
4129 0
4130 0
4131 0
4132 0
4133 0
4134 0
4135 0
4136 3
4137 0
4138 0
4139 0
4140 0
4141 1
4142 0
4143 0
4144 0
4145 1
4146 0
4147 0
4148 0
4149 3
4150 0
4151 1
4152 1
4153 0
4154 1
4155 1
4156 0
4157 0
4158 0
4159 0
4160 1
4161 0
4162 3
4163 1
4164 0
4165 1
4166 0
4167 1
4168 0
4169 0
4170 0
4171 0
4172 3
4173 3
4174 0
4175 3
4176 0
4177 0
4178 1
4179 0
4180 1
4181 0
4182 1
4183 0
4184 0
4185 0
4186 0
4187 0
4188 0
4189 0
4190 0
4191 0
4192 3
4193 3
4194 1
4195 0
4196 0
4197 3
4198 0
4199 1
4200 0
4201 3
4202 0
4203 0
4204 3
4205 1
4206 11
4207 11
4208 3
4209 1
4210 3
4211 0
4212 3
4213 3
4214 3
4215 3
4216 3
4217 3
4218 3
4219 3
4220 3
4221 0
4222 3
4223 3
4224 3
4225 1
4226 3
4227 0
4228 0
4229 0
4230 1
4231 3
4232 0
4233 3
4234 3
4235 3
4236 0
4237 3
4238 3
4239 0
4240 3
4241 0
4242 0
4243 3
4244 3
4245 3
4246 3
4247 3
4248 3
4249 3
4250 3
4251 3
4252 3
4253 1
4254 3
4255 3
4256 3
4257 3
4258 3
4259 0
4260 3
4261 3
4262 3
4263 11
4264 3
4265 0
4266 3
4267 11
4268 3
4269 1
4270 3
4271 0
4272 11
4273 3
4274 0
4275 3
4276 3
4277 3
4278 3
4279 0
4280 3
4281 3
4282 3
4283 3
4284 3
4285 0
4286 3
4287 3
4288 0
4289 3
4290 1
4291 1
4292 0
4293 3
4294 1
4295 3
4296 3
4297 3
4298 1
4299 1
4300 1
4301 3
4302 1
4303 1
4304 3
4305 1
4306 1
4307 3
4308 3
4309 3
4310 0
4311 3
4312 3
4313 0
4314 3
4315 5
4316 3
4317 3
4318 3
4319 3
4320 3
4321 3
4322 3
4323 3
4324 3
4325 0
4326 3
4327 3
4328 3
4329 3
4330 3
4331 0
4332 3
4333 3
4334 0
4335 3
4336 3
4337 3
4338 3
4339 3
4340 5
4341 3
4342 3
4343 3
4344 3
4345 3
4346 3
4347 3
4348 3
4349 3
4350 3
4351 11
4352 3
4353 3
4354 3
4355 3
4356 3
4357 3
4358 3
4359 3
4360 0
4361 3
4362 3
4363 0
4364 3
4365 3
4366 3
4367 5
4368 3
4369 3
4370 1
4371 1
4372 1
4373 1
4374 1
4375 1
4376 1
4377 1
4378 1
4379 1
4380 3
4381 3
4382 3
4383 3
4384 3
4385 1
4386 0
4387 3
4388 3
4389 3
4390 0
4391 0
4392 3
4393 0
4394 1
4395 0
4396 1
4397 3
4398 0
4399 0
4400 0
4401 0
4402 0
4403 0
4404 1
4405 0
4406 3
4407 3
4408 3
4409 0
4410 3
4411 3
4412 3
4413 3
4414 3
4415 0
4416 0
4417 3
4418 3
4419 3
4420 3
4421 3
4422 3
4423 0
4424 0
4425 3
4426 3
4427 3
4428 3
4429 3
4430 3
4431 3
4432 3
4433 0
4434 3
4435 3
4436 0
4437 1
4438 0
4439 3
4440 3
4441 3
4442 0
4443 3
4444 3
4445 11
4446 3
4447 1
4448 0
4449 3
4450 0
4451 3
4452 1
4453 1
4454 0
4455 1
4456 0
4457 3
4458 3
4459 3
4460 3
4461 0
4462 0
4463 3
4464 0
4465 3
4466 0
4467 0
4468 0
4469 0
4470 0
4471 0
4472 0
4473 3
4474 3
4475 1
4476 1
4477 3
4478 3
4479 3
4480 0
4481 0
4482 0
4483 0
4484 0
4485 3
4486 0
4487 3
4488 0
4489 0
4490 0
4491 0
4492 0
4493 0
4494 3
4495 3
4496 3
4497 3
4498 0
4499 0
4500 3
4501 3
4502 3
4503 0
4504 0
4505 3
4506 3
4507 0
4508 1
4509 3
4510 3
4511 1
4512 3
4513 0
4514 0
4515 0
4516 0
4517 0
4518 3
4519 3
4520 3
4521 0
4522 3
4523 0
4524 0
4525 0
4526 0
4527 3
4528 0
4529 1
4530 0
4531 0
4532 0
4533 3
4534 0
4535 0
4536 0
4537 1
4538 3
4539 3
4540 3
4541 0
4542 1
4543 0
4544 3
4545 3
4546 0
4547 3
4548 0
4549 3
4550 0
4551 3
4552 3
4553 0
4554 0
4555 1
4556 1
4557 11
4558 0
4559 1
4560 3
4561 3
4562 1
4563 3
4564 3
4565 3
4566 0
4567 3
4568 0
4569 0
4570 0
4571 0
4572 0
4573 3
4574 3
4575 3
4576 3
4577 3
4578 3
4579 3
4580 3
4581 3
4582 3
4583 3
4584 3
4585 0
4586 3
4587 0
4588 1
4589 3
4590 0
4591 0
4592 0
4593 1
4594 3
4595 0
4596 0
4597 1
4598 3
4599 0
4600 3
4601 3
4602 0
4603 3
4604 3
4605 3
4606 3
4607 3
4608 1
4609 0
4610 0
4611 0
4612 0
4613 0
4614 3
4615 0
4616 3
4617 0
4618 0
4619 0
4620 0
4621 3
4622 0
4623 0
4624 0
4625 0
4626 0
4627 3
4628 0
4629 0
4630 0
4631 3
4632 0
4633 0
4634 0
4635 1
4636 0
4637 0
4638 0
4639 3
4640 3
4641 0
4642 0
4643 0
4644 3
4645 0
4646 0
4647 0
4648 3
4649 3
4650 0
4651 0
4652 0
4653 3
4654 1
4655 0
4656 0
4657 3
4658 1
4659 1
4660 3
4661 0
4662 0
4663 3
4664 0
4665 3
4666 0
4667 0
4668 1
4669 0
4670 0
4671 0
4672 0
4673 0
4674 3
4675 0
4676 0
4677 0
4678 0
4679 1
4680 0
4681 11
4682 3
4683 0
4684 3
4685 0
4686 0
4687 0
4688 0
4689 1
4690 0
4691 0
4692 0
4693 0
4694 0
4695 3
4696 0
4697 0
4698 3
4699 0
4700 0
4701 0
4702 0
4703 0
4704 0
4705 0
4706 0
4707 0
4708 1
4709 0
4710 0
4711 0
4712 0
4713 0
4714 0
4715 0
4716 0
4717 1
4718 0
4719 1
4720 0
4721 0
4722 0
4723 0
4724 3
4725 0
4726 3
4727 0
4728 0
4729 1
4730 3
4731 3
4732 3
4733 3
4734 3
4735 0
4736 3
4737 3
4738 3
4739 3
4740 3
4741 3
4742 3
4743 3
4744 3
4745 3
4746 3
4747 1
4748 1
4749 0
4750 0
4751 3
4752 3
4753 0
4754 3
4755 3
4756 1
4757 0
4758 0
4759 0
4760 0
4761 3
4762 3
4763 3
4764 0
4765 3
4766 0
4767 0
4768 3
4769 3
4770 3
4771 0
4772 0
4773 0
4774 1
4775 0
4776 3
4777 3
4778 0
4779 0
4780 3
4781 3
4782 3
4783 0
4784 3
4785 11
4786 3
4787 3
4788 0
4789 3
4790 3
4791 3
4792 3
4793 3
4794 1
4795 0
4796 3
4797 0
4798 0
4799 3
4800 3
4801 3
4802 0
4803 3
4804 1
4805 3
4806 0
4807 3
4808 0
4809 3
4810 0
4811 3
4812 3
4813 3
4814 3
4815 1
4816 3
4817 3
4818 1
4819 3
4820 3
4821 1
4822 3
4823 0
4824 3
4825 0
4826 0
4827 0
4828 0
4829 0
4830 3
4831 3
4832 1
4833 3
4834 3
4835 0
4836 0
4837 0
4838 3
4839 0
4840 0
4841 1
4842 0
4843 0
4844 11
4845 3
4846 3
4847 3
4848 3
4849 0
4850 3
4851 1
4852 1
4853 3
4854 1
4855 3
4856 3
4857 3
4858 3
4859 0
4860 0
4861 3
4862 0
4863 3
4864 3
4865 3
4866 3
4867 1
4868 0
4869 3
4870 3
4871 0
4872 0
4873 0
4874 0
4875 3
4876 0
4877 3
4878 3
4879 3
4880 3
4881 3
4882 3
4883 3
4884 3
4885 3
4886 3
4887 3
4888 3
4889 11
4890 3
4891 3
4892 3
4893 3
4894 11
4895 3
4896 3
4897 0
4898 1
4899 3
4900 3
4901 3
4902 3
4903 3
4904 0
4905 3
4906 1
4907 3
4908 3
4909 3
4910 0
4911 0
4912 0
4913 0
4914 0
4915 0
4916 3
4917 0
4918 3
4919 3
4920 3
4921 3
4922 0
4923 3
4924 0
4925 0
4926 3
4927 0
4928 0
4929 3
4930 3
4931 0
4932 3
4933 3
4934 0
4935 1
4936 0
4937 0
4938 0
4939 3
4940 3
4941 3
4942 3
4943 3
4944 3
4945 0
4946 3
4947 0
4948 3
4949 0
4950 3
4951 3
4952 3
4953 1
4954 0
4955 3
4956 3
4957 0
4958 3
4959 0
4960 0
4961 0
4962 3
4963 3
4964 3
4965 3
4966 0
4967 3
4968 0
4969 1
4970 3
4971 3
4972 0
4973 0
4974 0
4975 3
4976 1
4977 3
4978 3
4979 3
4980 0
4981 3
4982 3
4983 0
4984 3
4985 3
4986 0
4987 11
4988 0
4989 3
4990 3
4991 0
4992 0
4993 0
4994 1
4995 0
4996 3
4997 3
4998 3
4999 0
5000 0
5001 1
5002 1
5003 0
5004 0
5005 3
5006 3
5007 1
5008 3
5009 3
5010 3
5011 3
5012 3
5013 0
5014 4
5015 4
5016 0
5017 3
5018 4
5019 4
5020 4
5021 4
5022 3
5023 1
5024 4
5025 4
5026 3
5027 0
5028 3
5029 3
5030 0
5031 0
5032 3
5033 3
5034 1
5035 3
5036 3
5037 3
5038 3
5039 0
5040 3
5041 3
5042 3
5043 0
5044 3
5045 3
5046 3
5047 11
5048 11
5049 0
5050 1
5051 0
5052 0
5053 3
5054 1
5055 3
5056 3
5057 3
5058 3
5059 3
5060 0
5061 0
5062 3
5063 3
5064 3
5065 0
5066 1
5067 3
5068 1
5069 5
5070 1
5071 0
5072 3
5073 3
5074 3
5075 3
5076 0
5077 0
5078 3
5079 0
5080 0
5081 0
5082 0
5083 1
5084 0
5085 0
5086 0
5087 3
5088 0
5089 0
5090 1
5091 0
5092 3
5093 3
5094 1
5095 3
5096 3
5097 3
5098 3
5099 0
5100 3
5101 3
5102 3
5103 0
5104 1
5105 0
5106 0
5107 0
5108 3
5109 0
5110 0
5111 0
5112 0
5113 0
5114 0
5115 1
5116 3
5117 3
5118 0
5119 3
5120 0
5121 0
5122 0
5123 0
5124 3
5125 3
5126 5
5127 0
5128 0
5129 3
5130 0
5131 0
5132 5
5133 5
5134 5
5135 5
5136 5
5137 5
5138 5
5139 5
5140 0
5141 5
5142 5
5143 0
5144 0
5145 5
5146 5
5147 0
5148 5
5149 5
5150 5
5151 5
5152 5
5153 3
5154 5
5155 0
5156 5
5157 5
5158 5
5159 5
5160 0
5161 3
5162 5
5163 5
5164 5
5165 5
5166 3
5167 5
5168 5
5169 11
5170 5
5171 5
5172 5
5173 0
5174 5
5175 5
5176 5
5177 5
5178 5
5179 3
5180 5
5181 0
5182 5
5183 5
5184 5
5185 0
5186 3
5187 3
5188 3
5189 3
5190 0
5191 3
5192 3
5193 3
5194 3
5195 3
5196 3
5197 3
5198 3
5199 3
5200 0
5201 3
5202 3
5203 3
5204 3
5205 3
5206 3
5207 3
5208 3
5209 3
5210 3
5211 3
5212 3
5213 3
5214 3
5215 3
5216 3
5217 3
5218 0
5219 3
5220 3
5221 3
5222 3
5223 3
5224 3
5225 3
5226 0
5227 3
5228 3
5229 0
5230 3
5231 1
5232 3
5233 3
5234 0
5235 3
5236 3
5237 3
5238 3
5239 0
5240 3
5241 3
5242 3
5243 3
5244 3
5245 3
5246 3
5247 3
5248 3
5249 3
5250 1
5251 0
5252 0
5253 3
5254 3
5255 0
5256 3
5257 3
5258 3
5259 3
5260 3
5261 3
5262 3
5263 0
5264 3
5265 3
5266 3
5267 3
5268 3
5269 3
5270 0
5271 3
5272 3
5273 3
5274 0
5275 3
5276 3
5277 3
5278 3
5279 3
5280 0
5281 0
5282 11
5283 3
5284 3
5285 3
5286 3
5287 0
5288 0
5289 0
5290 3
5291 3
5292 1
5293 3
5294 3
5295 3
5296 3
5297 3
5298 3
5299 3
5300 3
5301 3
5302 3
5303 3
5304 3
5305 0
5306 11
5307 3
5308 3
5309 3
5310 3
5311 3
5312 3
5313 3
5314 3
5315 3
5316 3
5317 11
5318 3
5319 3
5320 3
5321 3
5322 3
5323 3
5324 3
5325 3
5326 3
5327 3
5328 3
5329 3
5330 1
5331 3
5332 3
5333 3
5334 3
5335 3
5336 3
5337 3
5338 3
5339 3
5340 3
5341 3
5342 3
5343 3
5344 3
5345 3
5346 3
5347 3
5348 3
5349 3
5350 3
5351 0
5352 0
5353 0
5354 3
5355 3
5356 3
5357 3
5358 3
5359 3
5360 3
5361 3
5362 3
5363 0
5364 3
5365 3
5366 3
5367 3
5368 3
5369 3
5370 3
5371 0
5372 3
5373 0
5374 0
5375 3
5376 3
5377 3
5378 3
5379 3
5380 3
5381 3
5382 3
5383 3
5384 3
5385 3
5386 3
5387 3
5388 1
5389 0
5390 0
5391 3
5392 3
5393 3
5394 3
5395 0
5396 0
5397 3
5398 3
5399 0
5400 3
5401 3
5402 0
5403 3
5404 0
5405 3
5406 3
5407 3
5408 3
5409 3
5410 3
5411 3
5412 3
5413 3
5414 3
5415 3
5416 3
5417 3
5418 3
5419 0
5420 3
5421 3
5422 3
5423 3
5424 3
5425 3
5426 3
5427 3
5428 3
5429 3
5430 3
5431 3
5432 3
5433 3
5434 3
5435 3
5436 3
5437 3
5438 3
5439 3
5440 3
5441 3
5442 3
5443 3
5444 3
5445 3
5446 3
5447 3
5448 3
5449 3
5450 3
5451 3
5452 3
5453 3
5454 3
5455 3
5456 3
5457 3
5458 3
5459 3
5460 1
5461 1
5462 1
5463 0
5464 3
5465 3
5466 3
5467 0
5468 0
5469 0
5470 3
5471 3
5472 0
5473 3
5474 3
5475 0
5476 0
5477 0
5478 0
5479 3
5480 3
5481 3
5482 3
5483 0
5484 0
5485 0
5486 0
5487 0
5488 0
5489 3
5490 0
5491 3
5492 1
5493 0
5494 1
5495 1
5496 1
5497 1
5498 0
5499 0
5500 3
5501 0
5502 1
5503 3
5504 11
5505 11
5506 0
5507 3
5508 0
5509 3
5510 0
5511 3
5512 0
5513 11
5514 0
5515 11
5516 3
5517 3
5518 3
5519 11
5520 3
5521 0
5522 0
5523 0
5524 3
5525 3
5526 0
5527 3
5528 0
5529 0
5530 0
5531 0
5532 0
5533 0
5534 3
5535 0
5536 0
5537 0
5538 3
5539 3
5540 0
5541 3
5542 3
5543 0
5544 3
5545 0
5546 3
5547 0
5548 0
5549 3
5550 3
5551 0
5552 0
5553 0
5554 3
5555 0
5556 3
5557 0
5558 11
5559 3
5560 3
5561 0
5562 3
5563 3
5564 3
5565 1
5566 0
5567 3
5568 3
5569 0
5570 3
5571 3
5572 0
5573 11
5574 0
5575 3
5576 3
5577 0
5578 3
5579 3
5580 3
5581 1
5582 1
5583 3
5584 3
5585 0
5586 3
5587 0
5588 0
5589 0
5590 0
5591 1
5592 3
5593 0
5594 0
5595 0
5596 0
5597 0
5598 0
5599 3
5600 0
5601 3
5602 0
5603 0
5604 0
5605 3
5606 1
5607 3
5608 0
5609 0
5610 3
5611 3
5612 3
5613 3
5614 3
5615 3
5616 0
5617 3
5618 0
5619 0
5620 0
5621 3
5622 3
5623 3
5624 0
5625 0
5626 0
5627 3
5628 3
5629 11
5630 3
5631 3
5632 3
5633 3
5634 3
5635 1
5636 3
5637 0
5638 0
5639 0
5640 1
5641 0
5642 0
5643 3
5644 3
5645 3
5646 0
5647 0
5648 3
5649 3
5650 1
5651 0
5652 0
5653 3
5654 3
5655 3
5656 0
5657 3
5658 3
5659 0
5660 3
5661 1
5662 0
5663 3
5664 3
5665 3
5666 0
5667 0
5668 1
5669 1
5670 3
5671 3
5672 3
5673 1
5674 3
5675 0
5676 3
5677 0
5678 0
5679 0
5680 3
5681 1
5682 1
5683 3
5684 0
5685 0
5686 3
5687 3
5688 3
5689 0
5690 1
5691 3
5692 3
5693 3
5694 3
5695 3
5696 1
5697 0
5698 0
5699 0
5700 0
5701 0
5702 3
5703 0
5704 3
5705 0
5706 1
5707 3
5708 0
5709 3
5710 0
5711 3
5712 3
5713 0
5714 0
5715 3
5716 3
5717 0
5718 0
5719 1
5720 0
5721 3
5722 3
5723 0
5724 0
5725 3
5726 3
5727 3
5728 0
5729 3
5730 3
5731 3
5732 0
5733 3
5734 3
5735 3
5736 3
5737 0
5738 3
5739 3
5740 3
5741 0
5742 0
5743 0
5744 0
5745 3
5746 1
5747 3
5748 0
5749 3
5750 0
5751 0
5752 0
5753 0
5754 3
5755 3
5756 3
5757 0
5758 3
5759 3
5760 0
5761 0
5762 0
5763 3
5764 3
5765 0
5766 3
5767 0
5768 3
5769 3
5770 0
5771 3
5772 3
5773 3
5774 3
5775 0
5776 0
5777 3
5778 0
5779 3
5780 0
5781 3
5782 0
5783 0
5784 0
5785 0
5786 0
5787 0
5788 3
5789 0
5790 0
5791 3
5792 0
5793 0
5794 0
5795 1
5796 0
5797 0
5798 0
5799 0
5800 0
5801 0
5802 0
5803 0
5804 0
5805 3
5806 0
5807 0
5808 0
5809 0
5810 3
5811 0
5812 0
5813 3
5814 3
5815 3
5816 3
5817 0
5818 3
5819 0
5820 0
5821 0
5822 0
5823 0
5824 0
5825 0
5826 0
5827 3
5828 0
5829 3
5830 0
5831 0
5832 3
5833 0
5834 3
5835 0
5836 0
5837 0
5838 0
5839 0
5840 0
5841 3
5842 0
5843 0
5844 0
5845 0
5846 0
5847 3
5848 0
5849 1
5850 0
5851 3
5852 3
5853 0
5854 3
5855 3
5856 0
5857 0
5858 3
5859 0
5860 3
5861 3
5862 0
5863 1
5864 3
5865 0
5866 3
5867 0
5868 0
5869 3
5870 0
5871 3
5872 3
5873 0
5874 11
5875 3
5876 3
5877 0
5878 0
5879 3
5880 3
5881 3
5882 11
5883 3
5884 3
5885 3
5886 3
5887 3
5888 1
5889 3
5890 0
5891 0
5892 3
5893 3
5894 3
5895 3
5896 3
5897 3
5898 3
5899 3
5900 0
5901 3
5902 3
5903 0
5904 3
5905 1
5906 3
5907 3
5908 3
5909 3
5910 0
5911 0
5912 3
5913 3
5914 0
5915 0
5916 1
5917 3
5918 1
5919 3
5920 1
5921 0
5922 0
5923 0
5924 0
5925 3
5926 0
5927 0
5928 0
5929 0
5930 0
5931 3
5932 3
5933 0
5934 0
5935 0
5936 1
5937 3
5938 3
5939 3
5940 0
5941 3
5942 0
5943 0
5944 3
5945 0
5946 1
5947 3
5948 3
5949 3
5950 0
5951 0
5952 3
5953 0
5954 3
5955 0
5956 3
5957 3
5958 0
5959 0
5960 0
5961 0
5962 1
5963 3
5964 0
5965 0
5966 3
5967 0
5968 3
5969 1
5970 3
5971 0
5972 3
5973 3
5974 3
5975 3
5976 3
5977 0
5978 3
5979 3
5980 3
5981 0
5982 0
5983 0
5984 0
5985 0
5986 3
5987 0
5988 3
5989 3
5990 0
5991 0
5992 3
5993 3
5994 0
5995 3
5996 3
5997 3
5998 3
5999 3
6000 0
6001 0
6002 0
6003 0
6004 0
6005 3
6006 0
6007 3
6008 0
6009 3
6010 3
6011 0
6012 1
6013 3
6014 0
6015 3
6016 0
6017 0
6018 0
6019 3
6020 11
6021 3
6022 3
6023 3
6024 3
6025 3
6026 3
6027 3
6028 3
6029 3
6030 3
6031 3
6032 0
6033 3
6034 11
6035 0
6036 3
6037 0
6038 3
6039 3
6040 3
6041 0
6042 3
6043 3
6044 0
6045 0
6046 0
6047 3
6048 0
6049 3
6050 3
6051 3
6052 3
6053 3
6054 0
6055 3
6056 0
6057 3
6058 3
6059 3
6060 3
6061 3
6062 3
6063 3
6064 3
6065 0
6066 3
6067 3
6068 3
6069 0
6070 3
6071 3
6072 3
6073 3
6074 3
6075 3
6076 3
6077 3
6078 0
6079 0
6080 0
6081 3
6082 3
6083 3
6084 0
6085 3
6086 0
6087 3
6088 3
6089 3
6090 3
6091 0
6092 3
6093 11
6094 3
6095 3
6096 3
6097 3
6098 3
6099 3
6100 3
6101 0
6102 0
6103 3
6104 3
6105 3
6106 3
6107 3
6108 3
6109 3
6110 3
6111 3
6112 3
6113 3
6114 3
6115 0
6116 3
6117 3
6118 3
6119 0
6120 3
6121 0
6122 0
6123 3
6124 3
6125 3
6126 0
6127 3
6128 3
6129 0
6130 0
6131 3
6132 3
6133 3
6134 3
6135 0
6136 0
6137 3
6138 0
6139 3
6140 0
6141 0
6142 0
6143 0
6144 3
6145 1
6146 0
6147 0
6148 0
6149 11
6150 3
6151 3
6152 1
6153 1
6154 1
6155 0
6156 1
6157 0
6158 3
6159 0
6160 0
6161 11
6162 0
6163 3
6164 1
6165 1
6166 1
6167 11
6168 1
6169 0
6170 0
6171 0
6172 0
6173 1
6174 3
6175 1
6176 0
6177 3
6178 3
6179 9
6180 0
6181 0
6182 1
6183 0
6184 0
6185 3
6186 3
6187 7
6188 7
6189 7
6190 3
6191 0
6192 0
6193 3
6194 3
6195 3
6196 3
6197 3
6198 3
6199 0
6200 3
6201 3
6202 3
6203 3
6204 0
6205 3
6206 3
6207 3
6208 3
6209 3
6210 3
6211 3
6212 0
6213 0
6214 0
6215 3
6216 0
6217 0
6218 0
6219 3
6220 1
6221 0
6222 0
6223 0
6224 0
6225 0
6226 0
6227 3
6228 0
6229 0
6230 0
6231 3
6232 0
6233 0
6234 0
6235 0
6236 0
6237 0
6238 0
6239 0
6240 1
6241 1
6242 0
6243 0
6244 0
6245 0
6246 0
6247 0
6248 3
6249 0
6250 0
6251 3
6252 1
6253 3
6254 3
6255 11
6256 1
6257 0
6258 0
6259 0
6260 0
6261 0
6262 1
6263 0
6264 0
6265 0
6266 0
6267 3
6268 1
6269 0
6270 0
6271 0
6272 0
6273 0
6274 8
6275 0
6276 0
6277 0
6278 0
6279 1
6280 3
6281 3
6282 3
6283 3
6284 3
6285 3
6286 0
6287 3
6288 3
6289 3
6290 3
6291 3
6292 0
6293 0
6294 1
6295 0
6296 3
6297 0
6298 0
6299 0
6300 0
6301 0
6302 0
6303 0
6304 0
6305 0
6306 0
6307 0
6308 3
6309 0
6310 0
6311 3
6312 3
6313 1
6314 0
6315 3
6316 3
6317 0
6318 0
6319 3
6320 3
6321 3
6322 3
6323 3
6324 3
6325 3
6326 3
6327 3
6328 3
6329 3
6330 3
6331 3
6332 3
6333 3
6334 3
6335 3
6336 3
6337 3
6338 3
6339 3
6340 3
6341 3
6342 3
6343 3
6344 3
6345 3
6346 3
6347 3
6348 3
6349 3
6350 3
6351 3
6352 0
6353 3
6354 3
6355 3
6356 11
6357 0
6358 3
6359 0
6360 0
6361 0
6362 0
6363 0
6364 0
6365 3
6366 3
6367 3
6368 3
6369 3
6370 3
6371 1
6372 3
6373 3
6374 0
6375 3
6376 3
6377 1
6378 3
6379 0
6380 0
6381 1
6382 3
6383 0
6384 0
6385 0
6386 0
6387 0
6388 3
6389 0
6390 0
6391 0
6392 3
6393 3
6394 0
6395 0
6396 0
6397 0
6398 6
6399 0
6400 1
6401 0
6402 0
6403 0
6404 0
6405 3
6406 3
6407 3
6408 3
6409 3
6410 0
6411 3
6412 0
6413 3
6414 8
6415 8
6416 8
6417 8
6418 8
6419 8
6420 8
6421 8
6422 0
6423 0
6424 0
6425 0
6426 3
6427 0
6428 3
6429 0
6430 3
6431 3
6432 3
6433 3
6434 3
6435 3
6436 3
6437 3
6438 3
6439 3
6440 0
6441 3
6442 3
6443 0
6444 0
6445 0
6446 3
6447 3
6448 3
6449 3
6450 3
6451 3
6452 3
6453 3
6454 0
6455 1
6456 12
6457 1
6458 3
6459 3
6460 3
6461 3
6462 3
6463 3
6464 3
6465 0
6466 0
6467 0
6468 0
6469 0
6470 0
6471 14
6472 0
6473 0
6474 0
6475 0
6476 0
6477 0
6478 3
6479 0
6480 3
6481 3
6482 3
6483 3
6484 11
6485 3
6486 3
6487 1
6488 1
6489 0
6490 1
6491 0
6492 3
6493 3
6494 3
6495 0
6496 3
6497 0
6498 0
6499 0
6500 0
6501 3
6502 0
6503 3
6504 3
6505 0
6506 3
6507 0
6508 0
6509 0
6510 0
6511 0
6512 9
6513 0
6514 3
6515 0
6516 3
6517 3
6518 1
6519 1
6520 1
6521 3
6522 3
6523 0
6524 3
6525 0
6526 3
6527 0
6528 1
6529 0
6530 0
6531 3
6532 3
6533 0
6534 0
6535 1
6536 3
6537 3
6538 3
6539 3
6540 3
6541 3
6542 0
6543 3
6544 3
6545 0
6546 3
6547 3
6548 0
6549 3
6550 0
6551 0
6552 0
6553 0
6554 3
6555 3
6556 3
6557 0
6558 3
6559 11
6560 11
6561 11
6562 11
6563 11
6564 11
6565 11
6566 11
6567 11
6568 0
6569 11
6570 3
6571 3
6572 11
6573 0
6574 0
6575 0
6576 0
6577 1
6578 3
6579 3
6580 0
6581 0
6582 3
6583 0
6584 3
6585 0
6586 0
6587 3
6588 0
6589 3
6590 3
6591 3
6592 0
6593 0
6594 0
6595 3
6596 0
6597 3
6598 3
6599 0
6600 3
6601 3
6602 3
6603 3
6604 3
6605 0
6606 0
6607 0
6608 0
6609 0
6610 0
6611 0
6612 3
6613 0
6614 3
6615 3
6616 3
6617 0
6618 3
6619 3
6620 3
6621 3
6622 0
6623 3
6624 0
6625 0
6626 0
6627 11
6628 3
6629 0
6630 3
6631 0
6632 0
6633 3
6634 3
6635 0
6636 0
6637 0
6638 0
6639 0
6640 0
6641 0
6642 0
6643 0
6644 0
6645 3
6646 0
6647 0
6648 0
6649 0
6650 0
6651 3
6652 0
6653 3
6654 1
6655 0
6656 0
6657 0
6658 0
6659 3
6660 0
6661 0
6662 0
6663 0
6664 0
6665 3
6666 0
6667 3
6668 0
6669 0
6670 0
6671 0
6672 3
6673 0
6674 0
6675 3
6676 3
6677 0
6678 0
6679 3
6680 0
6681 0
6682 3
6683 0
6684 0
6685 3
6686 0
6687 0
6688 0
6689 0
6690 1
6691 3
6692 0
6693 0
6694 0
6695 0
6696 0
6697 0
6698 0
6699 3
6700 0
6701 0
6702 3
6703 0
6704 0
6705 11
6706 0
6707 0
6708 0
6709 3
6710 1
6711 0
6712 0
6713 0
6714 3
6715 0
6716 0
6717 0
6718 3
6719 0
6720 0
6721 0
6722 0
6723 1
6724 1
6725 3
6726 1
6727 0
6728 3
6729 0
6730 0
6731 0
6732 0
6733 0
6734 3
6735 0
6736 11
6737 0
6738 3
6739 0
6740 0
6741 0
6742 3
6743 3
6744 0
6745 0
6746 0
6747 0
6748 3
6749 0
6750 0
6751 0
6752 0
6753 0
6754 0
6755 0
6756 0
6757 1
6758 0
6759 0
6760 0
6761 0
6762 3
6763 0
6764 3
6765 3
6766 0
6767 0
6768 3
6769 0
6770 0
6771 0
6772 3
6773 0
6774 0
6775 3
6776 3
6777 0
6778 0
6779 0
6780 0
6781 3
6782 0
6783 0
6784 3
6785 0
6786 0
6787 1
6788 0
6789 0
6790 3
6791 0
6792 0
6793 0
6794 0
6795 0
6796 0
6797 0
6798 0
6799 3
6800 0
6801 0
6802 0
6803 3
6804 3
6805 0
6806 0
6807 0
6808 0
6809 0
6810 3
6811 0
6812 0
6813 11
6814 0
6815 1
6816 0
6817 0
6818 0
6819 3
6820 0
6821 0
6822 0
6823 0
6824 0
6825 3
6826 0
6827 0
6828 0
6829 3
6830 3
6831 0
6832 0
6833 0
6834 0
6835 0
6836 0
6837 0
6838 0
6839 0
6840 1
6841 0
6842 0
6843 3
6844 0
6845 0
6846 0
6847 0
6848 0
6849 0
6850 0
6851 0
6852 3
6853 0
6854 0
6855 0
6856 0
6857 3
6858 3
6859 0
6860 0
6861 0
6862 0
6863 0
6864 0
6865 3
6866 0
6867 0
6868 0
6869 3
6870 0
6871 0
6872 1
6873 0
6874 0
6875 0
6876 3
6877 0
6878 3
6879 3
6880 0
6881 3
6882 0
6883 3
6884 6
6885 3
6886 0
6887 3
6888 0
6889 3
6890 1
6891 3
6892 3
6893 3
6894 3
6895 0
6896 0
6897 0
6898 3
6899 3
6900 3
6901 3
6902 3
6903 3
6904 3
6905 3
6906 3
6907 3
6908 3
6909 3
6910 3
6911 3
6912 0
6913 3
6914 3
6915 3
6916 3
6917 3
6918 3
6919 3
6920 3
6921 3
6922 3
6923 3
6924 3
6925 3
6926 3
6927 3
6928 3
6929 3
6930 3
6931 3
6932 3
6933 3
6934 3
6935 3
6936 3
6937 3
6938 3
6939 1
6940 1
6941 3
6942 3
6943 3
6944 3
6945 3
6946 1
6947 0
6948 0
6949 3
6950 3
6951 0
6952 0
6953 3
6954 3
6955 3
6956 0
6957 0
6958 3
6959 3
6960 3
6961 0
6962 1
6963 0
6964 3
6965 0
6966 3
6967 3
6968 3
6969 3
6970 3
6971 3
6972 3
6973 3
6974 3
6975 3
6976 0
6977 11
6978 3
6979 3
6980 0
6981 3
6982 11
6983 3
6984 1
6985 3
6986 0
6987 3
6988 0
6989 11
6990 0
6991 3
6992 3
6993 0
6994 13
6995 0
6996 3
6997 3
6998 3
6999 3
7000 1
7001 1
7002 1
7003 0
7004 1
7005 3
7006 3
7007 11
7008 3
7009 0
7010 3
7011 1
7012 0
7013 0
7014 0
7015 0
7016 0
7017 0
7018 0
7019 0
7020 0
7021 0
7022 0
7023 0
7024 0
7025 0
7026 0
7027 0
7028 0
7029 0
7030 0
7031 0
7032 0
7033 0
7034 0
7035 0
7036 0
7037 0
7038 0
7039 0
7040 0
7041 0
7042 0
7043 0
7044 0
7045 0
7046 0
7047 0
7048 1
7049 0
7050 0
7051 0
7052 0
7053 0
7054 0
7055 0
7056 0
7057 0
7058 0
7059 0
7060 0
7061 0
7062 0
7063 0
7064 0
7065 0
7066 0
7067 0
7068 0
7069 0
7070 0
7071 0
7072 0
7073 0
7074 3
7075 0
7076 3
7077 0
7078 1
7079 1
7080 11
7081 9
7082 9
7083 9
7084 9
7085 9
7086 0
7087 9
7088 9
7089 9
7090 3
7091 3
7092 3
7093 1
7094 1
7095 0
7096 1
7097 3
7098 3
7099 3
7100 3
7101 3
7102 3
7103 3
7104 0
7105 11
7106 0
7107 0
7108 0
7109 1
7110 3
7111 3
7112 3
7113 3
7114 3
7115 3
7116 3
7117 1
7118 3
7119 3
7120 3
7121 3
7122 0
7123 0
7124 3
7125 3
7126 0
7127 3
7128 1
7129 3
7130 3
7131 3
7132 3
7133 3
7134 3
7135 0
7136 3
7137 3
7138 3
7139 3
7140 3
7141 1
7142 3
7143 1
7144 1
7145 0
7146 3
7147 1
7148 1
7149 1
7150 3
7151 3
7152 3
7153 3
7154 3
7155 3
7156 3
7157 3
7158 0
7159 3
7160 3
7161 0
7162 3
7163 3
7164 3
7165 3
7166 3
7167 0
7168 3
7169 3
7170 0
7171 3
7172 3
7173 3
7174 3
7175 3
7176 3
7177 3
7178 0
7179 0
7180 0
7181 3
7182 0
7183 3
7184 0
7185 0
7186 3
7187 0
7188 0
7189 0
7190 0
7191 0
7192 0
7193 0
7194 0
7195 0
7196 0
7197 0
7198 3
7199 3
7200 0
7201 0
7202 3
7203 0
7204 0
7205 0
7206 0
7207 0
7208 3
7209 3
7210 3
7211 0
7212 0
7213 0
7214 0
7215 0
7216 0
7217 0
7218 3
7219 0
7220 0
7221 3
7222 0
7223 0
7224 0
7225 0
7226 0
7227 0
7228 0
7229 0
7230 0
7231 1
7232 1
7233 3
7234 1
7235 3
7236 3
7237 3
7238 3
7239 3
7240 3
7241 3
7242 3
7243 3
7244 3
7245 0
7246 3
7247 3
7248 0
7249 0
7250 0
7251 0
7252 1
7253 0
7254 0
7255 1
7256 3
7257 0
7258 1
7259 1
7260 3
7261 1
7262 3
7263 1
7264 1
7265 3
7266 1
7267 3
7268 0
7269 3
7270 3
7271 1
7272 3
7273 0
7274 0
7275 3
7276 3
7277 1
7278 3
7279 0
7280 0
7281 3
7282 3
7283 3
7284 3
7285 11
7286 11
7287 3
7288 3
7289 0
7290 0
7291 0
7292 0
7293 3
7294 0
7295 11
7296 3
7297 0
7298 0
7299 0
7300 0
7301 3
7302 11
7303 3
7304 3
7305 3
7306 0
7307 11
7308 0
7309 0
7310 0
7311 0
7312 3
7313 3
7314 3
7315 3
7316 3
7317 3
7318 1
7319 0
7320 0
7321 1
7322 1
7323 1
7324 1
7325 0
7326 3
7327 1
7328 3
7329 1
7330 3
7331 0
7332 1
7333 3
7334 3
7335 3
7336 3
7337 3
7338 3
7339 3
7340 3
7341 3
7342 3
7343 3
7344 0
7345 0
7346 0
7347 0
7348 0
7349 0
7350 3
7351 10
7352 10
7353 10
7354 10
7355 10
7356 10
7357 10
7358 10
7359 10
7360 10
7361 10
7362 10
7363 10
7364 10
7365 10
7366 10
7367 3
7368 0
7369 0
7370 13
7371 0
7372 0
7373 0
7374 0
7375 0
7376 0
7377 0
7378 0
7379 0
7380 0
7381 0
7382 0
7383 0
7384 0
7385 0
7386 1
7387 3
7388 3
7389 0
7390 3
7391 3
7392 3
7393 3
7394 3
7395 3
7396 3
7397 0
7398 3
7399 1
7400 3
7401 3
7402 11
7403 3
7404 1
7405 3
7406 0
7407 3
7408 0
7409 0
7410 0
7411 0
7412 0
7413 0
7414 0
7415 0
7416 3
7417 0
7418 3
7419 3
7420 0
7421 0
7422 0
7423 0
7424 0
7425 0
7426 0
7427 0
7428 3
7429 3
7430 0
7431 3
7432 3
7433 3
7434 3
7435 3
7436 1
7437 3
7438 3
7439 3
7440 3
7441 0
7442 3
7443 3
7444 3
7445 3
7446 3
7447 3
7448 3
7449 3
7450 3
7451 3
7452 3
7453 0
7454 3
7455 1
7456 3
7457 3
7458 0
7459 0
7460 0
7461 1
7462 0
7463 1
7464 3
7465 0
7466 3
7467 3
7468 3
7469 3
7470 3
7471 3
7472 3
7473 3
7474 3
7475 3
7476 3
7477 3
7478 3
7479 3
7480 3
7481 3
7482 3
7483 11
7484 11
7485 11
7486 11
7487 11
7488 11
7489 11
7490 11
7491 11
7492 11
7493 11
7494 11
7495 11
7496 11
7497 11
7498 11
7499 11
7500 11
7501 11
7502 11
7503 11
7504 11
7505 11
7506 11
7507 11
7508 11
7509 11
7510 11
7511 11
7512 11
7513 11
7514 11
7515 11
7516 11
7517 11
7518 11
7519 11
7520 11
7521 11
7522 11
7523 11
7524 11
7525 11
7526 11
7527 11
7528 11
7529 11
7530 11
7531 11
7532 11
7533 11
7534 11
7535 11
7536 11
7537 11
7538 11
7539 11
7540 11
7541 11
7542 11
7543 11
7544 11
7545 11
7546 11
7547 11
7548 11
7549 11
7550 11
7551 11
7552 11
7553 11
7554 11
7555 11
7556 11
7557 11
7558 11
7559 11
7560 11
7561 11
7562 11
7563 11
7564 11
7565 11
7566 11
7567 11
7568 11
7569 11
7570 11
7571 11
7572 11
7573 11
7574 11
7575 11
7576 11
7577 11
7578 11
7579 11
7580 11
7581 11
7582 11
7583 11
7584 11
7585 11
7586 11
7587 11
7588 11
7589 11
7590 11
7591 11
7592 11
7593 11
7594 11
7595 11
7596 11
7597 3
7598 0
7599 3
7600 3
7601 0
7602 0
7603 0
7604 0
7605 0
7606 0
7607 0
7608 0
7609 0
7610 0
7611 0
7612 0
7613 0
7614 0
7615 0
7616 0
7617 0
7618 3
7619 3
7620 15
7621 1
7622 3
7623 3
7624 3
7625 0
7626 0
7627 3
7628 3
7629 3
7630 3
7631 3
7632 3
7633 3
7634 0
7635 0
7636 11
7637 3
7638 3
7639 0
7640 3
7641 3
7642 3
7643 3
7644 3
7645 3
7646 3
7647 3
7648 3
7649 3
7650 3
7651 3
7652 3
7653 3
7654 3
7655 3
7656 0
7657 3
7658 3
7659 3
7660 3
7661 3
7662 3
7663 3
7664 0
7665 0
7666 3
7667 3
7668 0
7669 0
7670 3
7671 3
7672 3
7673 3
7674 3
7675 3
7676 3
7677 3
7678 0
7679 3
7680 0
7681 0
7682 3
7683 3
7684 3
7685 0
7686 3
7687 0
7688 3
7689 3
7690 3
7691 3
7692 0
7693 3
7694 1
7695 3
7696 3
7697 3
7698 0
7699 1
7700 3
7701 3
7702 3
7703 3
7704 12
7705 0
7706 3
7707 3
7708 3
7709 3
7710 3
7711 3
7712 3
7713 3
7714 3
7715 0
7716 1
7717 3
7718 3
7719 13
7720 3
7721 13
7722 3
7723 1
7724 3
7725 3
7726 3
7727 3
7728 3
7729 3
7730 0
7731 0
7732 3
7733 1
7734 1
7735 1
7736 0
7737 0
7738 0
7739 0
7740 0
7741 3
7742 3
7743 3
7744 3
7745 3
7746 3
7747 3
7748 3
7749 14
7750 0
7751 14
7752 14
7753 3
7754 3
7755 3
7756 1
7757 0
7758 0
7759 0
7760 0
7761 0
7762 0
7763 0
7764 0
7765 0
7766 0
7767 0
7768 0
7769 0
7770 0
7771 0
7772 0
7773 0
7774 0
7775 0
7776 0
7777 15
7778 3
7779 3
7780 0
7781 3
7782 3
7783 3
7784 3
7785 3
7786 0
7787 0
7788 3
7789 3
7790 3
7791 3
7792 1
7793 1
7794 3
7795 3
7796 3
7797 3
7798 3
7799 3
7800 3
7801 3
7802 0
7803 3
7804 3
7805 3
7806 3
7807 3
7808 3
7809 3
7810 3
7811 3
7812 3
7813 3
7814 3
7815 3
7816 3
7817 3
7818 3
7819 3
7820 0
7821 0
7822 0
7823 0
7824 3
7825 3
7826 3
7827 3
7828 3
7829 0
7830 3
7831 0
7832 1
7833 3
7834 1
7835 3
7836 0
7837 0
7838 0
7839 0
7840 0
7841 3
7842 0
7843 3
7844 1
7845 3
7846 3
7847 1
7848 1
7849 3
7850 3
7851 3
7852 3
7853 6
7854 6
7855 6
7856 6
7857 6
7858 6
7859 1
7860 3
7861 1
7862 1
7863 0
7864 0
7865 0
7866 0
7867 0
7868 0
7869 3
7870 0
7871 0
7872 0
7873 0
7874 0
7875 0
7876 0
7877 3
7878 3
7879 3
7880 11
7881 3
7882 3
7883 3
7884 3
7885 3
7886 3
7887 3
7888 3
7889 3
7890 3
7891 3
7892 3
7893 3
7894 3
7895 3
7896 3
7897 3
7898 3
7899 3
7900 3
7901 3
7902 3
7903 3
7904 3
7905 3
7906 3
7907 3
7908 3
7909 3
7910 3
7911 3
7912 3
7913 3
7914 3
7915 3
7916 3
7917 3
7918 3
7919 3
7920 3
7921 3
7922 3
7923 3
7924 3
7925 3
7926 3
7927 3
7928 3
7929 3
7930 3
7931 3
7932 3
7933 3
7934 3
7935 3
7936 3
7937 3
7938 3
7939 3
7940 3
7941 3
7942 3
7943 3
7944 1
7945 6
7946 0
7947 3
7948 0
7949 0
7950 3
7951 0
7952 3
7953 3
7954 3
7955 3
7956 3
7957 0
7958 0
7959 0
7960 16
7961 16
network of communities computed : Thu Jan  7 08:46:15 2010

network : 17 nodes, 107 links, 228146292 weight.
pass number 1 of -1 : 0.0776761 0.077675
pass number 2 of -1 : 0.0776762 0.0776761
communities computed : Thu Jan  7 08:46:15 2010
modularity increased from 0.077675 to 0.0776762
0 1
1 0
2 4
3 6
4 4
5 4
6 1
7 1
8 2
9 6
10 3
11 4
12 5
13 6
14 7
15 1
16 8
network of communities computed : Thu Jan  7 08:46:15 2010

network : 9 nodes, 41 links, 228146292 weight.
pass number 1 of -1 : 0.0776762 0.0776762
communities computed : Thu Jan  7 08:46:15 2010
modularity increased from 0.0776762 to 0.0776762
0 0
1 1
2 2
3 3
4 4
5 5
6 6
7 7
8 8
network of communities computed : Thu Jan  7 08:46:15 2010
1e-06 0.0776762 348
