Sender: LSF System <lsfadmin@bc09-n14>
Subject: Job 429310: <comm_pct5> Done

Job <comm_pct5> was submitted from host <bc10-n13> by user <jabloche> in cluster <lucky>.
Job was executed on host(s) <bc09-n14>, in queue <week>, as user <jabloche> in cluster <lucky>.
</afs/isis.unc.edu/home/j/a/jabloche> was used as the home directory.
</netscr/jabloche/FirmNetworks/cLouvain> was used as the working directory.
Started at Thu Jan  7 08:40:22 2010
Results reported at Thu Jan  7 08:46:56 2010

Your job looked like:

------------------------------------------------------------
# LSBATCH: User input
/netscr/jabloche/FirmNetworks/cLouvain/community /smallfs/jabloche/fn_edge/el_pct5.bin -l -1 -w
------------------------------------------------------------

Successfully completed.

Resource usage summary:

    CPU time   :    291.91 sec.
    Max Memory :       242 MB
    Max Swap   :       391 MB

    Max Processes  :         4
    Max Threads    :         4

The output (if any) follows:

Your home directory for this job is /netscr/jabloche
start : Thu Jan  7 08:40:27 2010
total : 15487586
file read : Thu Jan  7 08:42:05 2010
network : 8479 nodes, 15487586 links, 226141444 weight.
pass number 1 of -1 : 0.0754567 -0.000211894
pass number 2 of -1 : 0.0845113 0.0754567
pass number 3 of -1 : 0.0856944 0.0845113
pass number 4 of -1 : 0.0863931 0.0856944
pass number 5 of -1 : 0.0866007 0.0863931
pass number 6 of -1 : 0.0866888 0.0866007
pass number 7 of -1 : 0.086712 0.0866888
pass number 8 of -1 : 0.0867189 0.086712
pass number 9 of -1 : 0.0867201 0.0867189
pass number 10 of -1 : 0.0867209 0.0867201
communities computed : Thu Jan  7 08:46:55 2010
modularity increased from -0.000211894 to 0.0867209
0 3
1 0
2 0
3 1
4 2
5 0
6 0
7 0
8 1
9 0
10 0
11 0
12 3
13 1
14 0
15 0
16 1
17 1
18 3
19 0
20 0
21 0
22 2
23 1
24 3
25 1
26 1
27 3
28 3
29 1
30 1
31 1
32 3
33 3
34 1
35 1
36 3
37 3
38 1
39 3
40 3
41 1
42 1
43 3
44 1
45 1
46 3
47 3
48 3
49 3
50 1
51 3
52 2
53 3
54 1
55 3
56 1
57 1
58 3
59 3
60 1
61 1
62 1
63 3
64 3
65 1
66 1
67 3
68 1
69 1
70 3
71 3
72 3
73 3
74 3
75 1
76 3
77 3
78 1
79 3
80 2
81 1
82 1
83 1
84 1
85 1
86 3
87 3
88 1
89 0
90 0
91 2
92 1
93 3
94 1
95 1
96 1
97 3
98 1
99 3
100 1
101 3
102 3
103 3
104 1
105 1
106 1
107 3
108 1
109 3
110 1
111 3
112 0
113 1
114 0
115 1
116 0
117 3
118 3
119 3
120 3
121 1
122 3
123 0
124 1
125 3
126 1
127 1
128 1
129 1
130 1
131 1
132 1
133 1
134 1
135 1
136 1
137 3
138 1
139 3
140 3
141 1
142 1
143 1
144 1
145 1
146 1
147 3
148 1
149 1
150 3
151 3
152 1
153 1
154 1
155 3
156 1
157 1
158 2
159 3
160 3
161 3
162 0
163 3
164 1
165 3
166 3
167 1
168 1
169 3
170 3
171 3
172 3
173 2
174 0
175 1
176 3
177 1
178 1
179 1
180 3
181 1
182 3
183 1
184 1
185 1
186 1
187 3
188 3
189 1
190 1
191 3
192 2
193 1
194 1
195 3
196 1
197 3
198 3
199 3
200 3
201 1
202 3
203 1
204 3
205 3
206 0
207 3
208 1
209 1
210 1
211 1
212 3
213 3
214 3
215 1
216 1
217 3
218 1
219 2
220 1
221 1
222 3
223 0
224 3
225 3
226 0
227 3
228 3
229 3
230 3
231 1
232 1
233 1
234 3
235 3
236 3
237 1
238 1
239 0
240 1
241 1
242 3
243 2
244 1
245 3
246 3
247 3
248 3
249 1
250 1
251 3
252 3
253 0
254 1
255 1
256 3
257 1
258 1
259 0
260 3
261 3
262 3
263 3
264 3
265 3
266 3
267 1
268 3
269 3
270 3
271 1
272 1
273 3
274 3
275 1
276 1
277 2
278 3
279 1
280 1
281 3
282 1
283 1
284 3
285 1
286 1
287 0
288 1
289 3
290 1
291 3
292 1
293 1
294 3
295 1
296 3
297 3
298 2
299 3
300 1
301 1
302 1
303 1
304 1
305 1
306 3
307 3
308 3
309 3
310 1
311 1
312 3
313 0
314 1
315 3
316 1
317 1
318 1
319 3
320 3
321 3
322 1
323 1
324 10
325 3
326 1
327 3
328 3
329 3
330 3
331 3
332 1
333 1
334 0
335 3
336 3
337 3
338 2
339 3
340 3
341 3
342 1
343 3
344 3
345 3
346 0
347 3
348 3
349 3
350 3
351 3
352 1
353 1
354 3
355 3
356 1
357 2
358 0
359 1
360 3
361 1
362 3
363 3
364 1
365 3
366 3
367 3
368 1
369 1
370 3
371 0
372 3
373 1
374 3
375 1
376 1
377 3
378 1
379 1
380 3
381 3
382 3
383 1
384 1
385 1
386 3
387 1
388 3
389 1
390 3
391 3
392 3
393 1
394 3
395 1
396 3
397 3
398 3
399 3
400 3
401 1
402 1
403 1
404 1
405 3
406 1
407 1
408 1
409 3
410 0
411 2
412 1
413 1
414 3
415 3
416 3
417 2
418 3
419 3
420 1
421 3
422 1
423 3
424 1
425 3
426 1
427 1
428 3
429 1
430 3
431 1
432 3
433 1
434 3
435 1
436 3
437 3
438 3
439 3
440 3
441 1
442 3
443 1
444 3
445 0
446 3
447 3
448 1
449 1
450 3
451 3
452 0
453 1
454 3
455 3
456 3
457 3
458 3
459 1
460 3
461 3
462 1
463 1
464 1
465 3
466 3
467 1
468 0
469 3
470 3
471 3
472 1
473 1
474 1
475 3
476 1
477 3
478 3
479 1
480 1
481 1
482 1
483 1
484 2
485 3
486 1
487 3
488 0
489 3
490 1
491 3
492 1
493 0
494 1
495 3
496 3
497 1
498 1
499 1
500 3
501 0
502 3
503 0
504 1
505 1
506 1
507 1
508 2
509 1
510 3
511 1
512 3
513 1
514 2
515 1
516 1
517 1
518 1
519 1
520 2
521 3
522 3
523 3
524 3
525 3
526 3
527 3
528 0
529 1
530 2
531 3
532 3
533 3
534 1
535 1
536 3
537 1
538 1
539 3
540 1
541 1
542 3
543 3
544 3
545 1
546 3
547 3
548 1
549 3
550 1
551 0
552 3
553 0
554 3
555 1
556 0
557 3
558 3
559 3
560 1
561 0
562 1
563 3
564 1
565 3
566 1
567 1
568 1
569 3
570 1
571 3
572 3
573 3
574 1
575 3
576 1
577 1
578 1
579 3
580 3
581 1
582 3
583 3
584 1
585 1
586 3
587 3
588 3
589 3
590 3
591 3
592 3
593 3
594 3
595 3
596 0
597 3
598 1
599 3
600 1
601 2
602 3
603 2
604 1
605 1
606 1
607 1
608 3
609 0
610 3
611 1
612 1
613 1
614 1
615 0
616 1
617 3
618 3
619 1
620 3
621 1
622 3
623 3
624 2
625 1
626 2
627 3
628 3
629 1
630 1
631 1
632 1
633 1
634 3
635 3
636 2
637 0
638 1
639 1
640 0
641 1
642 1
643 3
644 1
645 3
646 1
647 1
648 1
649 1
650 1
651 2
652 1
653 3
654 1
655 3
656 3
657 1
658 3
659 1
660 1
661 3
662 3
663 3
664 1
665 1
666 3
667 3
668 1
669 0
670 1
671 1
672 1
673 1
674 1
675 1
676 1
677 3
678 3
679 3
680 3
681 1
682 3
683 1
684 1
685 1
686 3
687 3
688 3
689 1
690 1
691 3
692 3
693 3
694 1
695 1
696 3
697 1
698 1
699 1
700 1
701 0
702 0
703 3
704 3
705 3
706 3
707 3
708 3
709 3
710 3
711 1
712 3
713 1
714 3
715 1
716 1
717 1
718 0
719 1
720 1
721 3
722 1
723 3
724 3
725 3
726 3
727 0
728 3
729 3
730 1
731 3
732 3
733 1
734 1
735 1
736 1
737 1
738 3
739 1
740 0
741 1
742 0
743 3
744 1
745 3
746 3
747 3
748 1
749 1
750 3
751 3
752 3
753 3
754 1
755 1
756 1
757 0
758 3
759 3
760 1
761 3
762 1
763 1
764 3
765 3
766 3
767 1
768 1
769 1
770 1
771 3
772 3
773 1
774 1
775 1
776 1
777 1
778 3
779 0
780 1
781 3
782 1
783 1
784 3
785 1
786 3
787 3
788 1
789 1
790 0
791 1
792 3
793 1
794 1
795 3
796 3
797 1
798 3
799 3
800 1
801 1
802 3
803 3
804 1
805 1
806 3
807 1
808 3
809 1
810 1
811 1
812 1
813 0
814 1
815 3
816 1
817 1
818 3
819 1
820 3
821 3
822 1
823 3
824 1
825 1
826 1
827 1
828 1
829 3
830 3
831 3
832 1
833 1
834 1
835 1
836 3
837 3
838 3
839 3
840 1
841 0
842 1
843 1
844 3
845 1
846 3
847 1
848 1
849 0
850 3
851 3
852 0
853 0
854 1
855 3
856 1
857 3
858 3
859 3
860 0
861 3
862 2
863 1
864 3
865 1
866 1
867 1
868 3
869 1
870 3
871 1
872 1
873 3
874 1
875 3
876 3
877 3
878 3
879 1
880 3
881 1
882 1
883 3
884 1
885 1
886 1
887 0
888 1
889 3
890 0
891 1
892 3
893 3
894 3
895 1
896 3
897 1
898 3
899 1
900 1
901 3
902 1
903 1
904 3
905 2
906 1
907 0
908 1
909 3
910 1
911 3
912 1
913 2
914 1
915 3
916 0
917 3
918 1
919 1
920 1
921 1
922 3
923 3
924 3
925 3
926 1
927 3
928 1
929 1
930 3
931 3
932 1
933 3
934 3
935 1
936 2
937 3
938 0
939 1
940 1
941 1
942 1
943 1
944 3
945 1
946 3
947 3
948 1
949 3
950 3
951 3
952 3
953 3
954 1
955 1
956 3
957 1
958 3
959 3
960 0
961 3
962 1
963 1
964 3
965 3
966 3
967 1
968 1
969 1
970 3
971 1
972 3
973 1
974 3
975 1
976 3
977 1
978 3
979 1
980 1
981 3
982 1
983 1
984 3
985 3
986 1
987 1
988 3
989 1
990 1
991 3
992 3
993 1
994 1
995 3
996 2
997 1
998 1
999 1
1000 1
1001 1
1002 1
1003 1
1004 1
1005 1
1006 3
1007 1
1008 1
1009 1
1010 1
1011 3
1012 1
1013 1
1014 2
1015 3
1016 1
1017 1
1018 1
1019 1
1020 1
1021 1
1022 2
1023 3
1024 1
1025 3
1026 3
1027 3
1028 3
1029 3
1030 3
1031 3
1032 3
1033 3
1034 1
1035 1
1036 3
1037 3
1038 3
1039 1
1040 3
1041 3
1042 1
1043 3
1044 3
1045 3
1046 1
1047 2
1048 3
1049 3
1050 3
1051 3
1052 3
1053 3
1054 3
1055 3
1056 3
1057 3
1058 3
1059 3
1060 3
1061 3
1062 3
1063 3
1064 2
1065 1
1066 3
1067 1
1068 3
1069 3
1070 3
1071 3
1072 3
1073 3
1074 3
1075 3
1076 3
1077 3
1078 3
1079 3
1080 3
1081 3
1082 3
1083 1
1084 3
1085 1
1086 1
1087 1
1088 2
1089 3
1090 0
1091 1
1092 1
1093 1
1094 1
1095 1
1096 0
1097 0
1098 0
1099 3
1100 3
1101 3
1102 3
1103 2
1104 3
1105 3
1106 1
1107 0
1108 3
1109 3
1110 1
1111 3
1112 3
1113 1
1114 3
1115 3
1116 3
1117 3
1118 3
1119 3
1120 3
1121 1
1122 0
1123 3
1124 1
1125 3
1126 3
1127 1
1128 1
1129 3
1130 3
1131 3
1132 0
1133 1
1134 3
1135 3
1136 3
1137 3
1138 3
1139 0
1140 1
1141 3
1142 3
1143 3
1144 3
1145 0
1146 3
1147 1
1148 3
1149 1
1150 1
1151 3
1152 2
1153 3
1154 0
1155 2
1156 0
1157 0
1158 1
1159 3
1160 3
1161 3
1162 3
1163 3
1164 3
1165 1
1166 3
1167 3
1168 3
1169 1
1170 2
1171 3
1172 3
1173 2
1174 3
1175 0
1176 0
1177 2
1178 3
1179 1
1180 1
1181 2
1182 3
1183 0
1184 1
1185 3
1186 0
1187 1
1188 1
1189 3
1190 3
1191 3
1192 0
1193 3
1194 0
1195 0
1196 0
1197 3
1198 3
1199 1
1200 1
1201 1
1202 3
1203 3
1204 2
1205 3
1206 0
1207 3
1208 1
1209 3
1210 1
1211 1
1212 3
1213 1
1214 3
1215 3
1216 1
1217 3
1218 3
1219 2
1220 3
1221 1
1222 0
1223 0
1224 3
1225 3
1226 3
1227 1
1228 0
1229 3
1230 1
1231 0
1232 2
1233 3
1234 3
1235 1
1236 1
1237 3
1238 1
1239 3
1240 1
1241 3
1242 3
1243 3
1244 3
1245 0
1246 0
1247 0
1248 0
1249 0
1250 0
1251 0
1252 0
1253 3
1254 2
1255 1
1256 0
1257 0
1258 1
1259 0
1260 1
1261 3
1262 3
1263 3
1264 2
1265 3
1266 3
1267 0
1268 3
1269 2
1270 3
1271 1
1272 1
1273 3
1274 3
1275 1
1276 3
1277 0
1278 0
1279 1
1280 1
1281 3
1282 0
1283 1
1284 0
1285 3
1286 3
1287 0
1288 3
1289 1
1290 3
1291 3
1292 3
1293 3
1294 2
1295 3
1296 3
1297 1
1298 2
1299 1
1300 1
1301 1
1302 3
1303 3
1304 2
1305 1
1306 3
1307 3
1308 2
1309 1
1310 0
1311 1
1312 1
1313 1
1314 2
1315 3
1316 0
1317 3
1318 3
1319 0
1320 3
1321 1
1322 3
1323 3
1324 0
1325 3
1326 2
1327 1
1328 0
1329 3
1330 3
1331 1
1332 0
1333 0
1334 3
1335 1
1336 1
1337 1
1338 3
1339 3
1340 3
1341 2
1342 3
1343 3
1344 3
1345 3
1346 1
1347 3
1348 2
1349 1
1350 3
1351 1
1352 2
1353 3
1354 3
1355 3
1356 3
1357 3
1358 3
1359 1
1360 1
1361 3
1362 1
1363 3
1364 2
1365 3
1366 3
1367 3
1368 3
1369 1
1370 1
1371 3
1372 3
1373 1
1374 1
1375 3
1376 1
1377 3
1378 1
1379 1
1380 1
1381 1
1382 1
1383 3
1384 1
1385 1
1386 1
1387 1
1388 2
1389 1
1390 2
1391 1
1392 3
1393 1
1394 3
1395 0
1396 1
1397 3
1398 2
1399 1
1400 3
1401 1
1402 3
1403 1
1404 3
1405 2
1406 1
1407 3
1408 1
1409 1
1410 1
1411 0
1412 1
1413 0
1414 3
1415 1
1416 3
1417 1
1418 3
1419 1
1420 3
1421 0
1422 1
1423 1
1424 0
1425 3
1426 1
1427 1
1428 1
1429 1
1430 3
1431 3
1432 3
1433 1
1434 1
1435 3
1436 1
1437 3
1438 2
1439 3
1440 1
1441 1
1442 3
1443 3
1444 1
1445 1
1446 3
1447 1
1448 1
1449 3
1450 1
1451 3
1452 3
1453 0
1454 0
1455 1
1456 3
1457 3
1458 1
1459 2
1460 1
1461 2
1462 3
1463 1
1464 3
1465 3
1466 2
1467 1
1468 1
1469 1
1470 3
1471 2
1472 3
1473 1
1474 3
1475 3
1476 3
1477 3
1478 0
1479 2
1480 2
1481 3
1482 3
1483 0
1484 0
1485 1
1486 1
1487 3
1488 3
1489 3
1490 3
1491 3
1492 1
1493 1
1494 1
1495 3
1496 3
1497 3
1498 3
1499 3
1500 3
1501 3
1502 3
1503 0
1504 2
1505 1
1506 2
1507 0
1508 1
1509 1
1510 1
1511 1
1512 1
1513 0
1514 3
1515 3
1516 2
1517 1
1518 1
1519 0
1520 0
1521 2
1522 3
1523 3
1524 1
1525 3
1526 1
1527 1
1528 3
1529 1
1530 1
1531 1
1532 0
1533 1
1534 3
1535 0
1536 3
1537 1
1538 1
1539 3
1540 1
1541 2
1542 1
1543 2
1544 3
1545 0
1546 3
1547 0
1548 1
1549 1
1550 3
1551 3
1552 3
1553 1
1554 1
1555 1
1556 1
1557 2
1558 1
1559 1
1560 3
1561 3
1562 1
1563 3
1564 3
1565 0
1566 3
1567 1
1568 3
1569 3
1570 1
1571 1
1572 2
1573 0
1574 3
1575 1
1576 3
1577 3
1578 1
1579 3
1580 1
1581 1
1582 3
1583 1
1584 1
1585 1
1586 1
1587 1
1588 3
1589 3
1590 1
1591 3
1592 1
1593 3
1594 3
1595 3
1596 3
1597 1
1598 0
1599 1
1600 1
1601 1
1602 3
1603 1
1604 1
1605 3
1606 3
1607 0
1608 1
1609 3
1610 2
1611 1
1612 3
1613 3
1614 3
1615 3
1616 3
1617 3
1618 3
1619 0
1620 3
1621 1
1622 3
1623 3
1624 1
1625 0
1626 1
1627 1
1628 0
1629 3
1630 0
1631 3
1632 3
1633 3
1634 3
1635 2
1636 0
1637 3
1638 3
1639 3
1640 0
1641 1
1642 0
1643 1
1644 3
1645 3
1646 3
1647 0
1648 2
1649 1
1650 1
1651 3
1652 1
1653 3
1654 1
1655 0
1656 0
1657 3
1658 3
1659 3
1660 0
1661 1
1662 1
1663 3
1664 3
1665 3
1666 1
1667 3
1668 1
1669 1
1670 0
1671 3
1672 0
1673 2
1674 1
1675 1
1676 2
1677 3
1678 3
1679 1
1680 1
1681 3
1682 3
1683 3
1684 2
1685 3
1686 1
1687 3
1688 1
1689 1
1690 3
1691 2
1692 2
1693 2
1694 1
1695 3
1696 3
1697 3
1698 1
1699 3
1700 2
1701 1
1702 3
1703 3
1704 1
1705 1
1706 3
1707 3
1708 3
1709 0
1710 3
1711 3
1712 1
1713 1
1714 2
1715 1
1716 3
1717 1
1718 0
1719 1
1720 1
1721 1
1722 0
1723 0
1724 3
1725 0
1726 2
1727 1
1728 3
1729 1
1730 3
1731 1
1732 1
1733 0
1734 3
1735 3
1736 3
1737 3
1738 1
1739 2
1740 1
1741 3
1742 3
1743 3
1744 0
1745 1
1746 3
1747 2
1748 0
1749 1
1750 1
1751 3
1752 3
1753 1
1754 3
1755 1
1756 3
1757 3
1758 1
1759 3
1760 1
1761 2
1762 2
1763 3
1764 3
1765 3
1766 1
1767 3
1768 1
1769 3
1770 1
1771 2
1772 3
1773 1
1774 3
1775 1
1776 3
1777 1
1778 3
1779 1
1780 0
1781 3
1782 1
1783 3
1784 3
1785 1
1786 3
1787 2
1788 1
1789 1
1790 3
1791 3
1792 3
1793 3
1794 3
1795 3
1796 2
1797 3
1798 3
1799 1
1800 2
1801 1
1802 2
1803 3
1804 3
1805 2
1806 1
1807 3
1808 2
1809 3
1810 3
1811 1
1812 0
1813 1
1814 1
1815 3
1816 3
1817 1
1818 3
1819 3
1820 3
1821 3
1822 1
1823 1
1824 1
1825 3
1826 3
1827 3
1828 3
1829 1
1830 2
1831 3
1832 1
1833 1
1834 3
1835 0
1836 1
1837 3
1838 2
1839 1
1840 3
1841 1
1842 3
1843 1
1844 3
1845 1
1846 1
1847 1
1848 1
1849 3
1850 1
1851 1
1852 0
1853 1
1854 3
1855 3
1856 1
1857 1
1858 0
1859 1
1860 3
1861 3
1862 0
1863 1
1864 3
1865 0
1866 3
1867 1
1868 1
1869 1
1870 1
1871 3
1872 3
1873 0
1874 3
1875 3
1876 1
1877 1
1878 1
1879 3
1880 3
1881 1
1882 3
1883 1
1884 1
1885 3
1886 3
1887 2
1888 3
1889 1
1890 3
1891 1
1892 3
1893 3
1894 1
1895 1
1896 3
1897 2
1898 1
1899 3
1900 1
1901 3
1902 3
1903 0
1904 3
1905 2
1906 1
1907 3
1908 3
1909 1
1910 2
1911 0
1912 0
1913 1
1914 1
1915 3
1916 3
1917 2
1918 0
1919 1
1920 1
1921 3
1922 1
1923 1
1924 1
1925 3
1926 1
1927 1
1928 3
1929 1
1930 3
1931 3
1932 1
1933 3
1934 3
1935 1
1936 1
1937 3
1938 3
1939 3
1940 3
1941 0
1942 3
1943 1
1944 1
1945 1
1946 2
1947 1
1948 1
1949 1
1950 1
1951 1
1952 1
1953 1
1954 1
1955 2
1956 1
1957 1
1958 3
1959 1
1960 1
1961 1
1962 3
1963 1
1964 3
1965 1
1966 1
1967 1
1968 1
1969 0
1970 3
1971 1
1972 0
1973 0
1974 2
1975 2
1976 1
1977 3
1978 1
1979 0
1980 3
1981 1
1982 0
1983 1
1984 0
1985 3
1986 0
1987 1
1988 1
1989 0
1990 0
1991 3
1992 0
1993 1
1994 1
1995 1
1996 3
1997 0
1998 1
1999 0
2000 0
2001 2
2002 0
2003 2
2004 3
2005 1
2006 3
2007 1
2008 3
2009 3
2010 3
2011 3
2012 3
2013 0
2014 0
2015 2
2016 3
2017 0
2018 0
2019 0
2020 0
2021 0
2022 0
2023 0
2024 2
2025 3
2026 0
2027 1
2028 0
2029 0
2030 0
2031 0
2032 3
2033 0
2034 1
2035 0
2036 3
2037 1
2038 0
2039 0
2040 0
2041 0
2042 0
2043 0
2044 0
2045 0
2046 0
2047 0
2048 0
2049 0
2050 0
2051 0
2052 2
2053 0
2054 3
2055 0
2056 0
2057 0
2058 0
2059 0
2060 0
2061 3
2062 0
2063 0
2064 0
2065 1
2066 3
2067 0
2068 1
2069 1
2070 0
2071 1
2072 0
2073 3
2074 3
2075 0
2076 0
2077 3
2078 0
2079 0
2080 1
2081 1
2082 3
2083 0
2084 0
2085 3
2086 0
2087 3
2088 0
2089 3
2090 3
2091 0
2092 0
2093 0
2094 0
2095 3
2096 0
2097 0
2098 0
2099 0
2100 0
2101 0
2102 0
2103 0
2104 0
2105 1
2106 0
2107 2
2108 0
2109 0
2110 2
2111 3
2112 1
2113 2
2114 2
2115 0
2116 0
2117 1
2118 0
2119 1
2120 3
2121 2
2122 3
2123 1
2124 1
2125 3
2126 3
2127 3
2128 3
2129 3
2130 3
2131 3
2132 3
2133 1
2134 3
2135 3
2136 3
2137 2
2138 3
2139 3
2140 3
2141 2
2142 3
2143 1
2144 3
2145 2
2146 3
2147 0
2148 3
2149 3
2150 3
2151 3
2152 1
2153 0
2154 2
2155 2
2156 3
2157 1
2158 3
2159 3
2160 1
2161 3
2162 3
2163 3
2164 2
2165 2
2166 3
2167 3
2168 2
2169 3
2170 3
2171 2
2172 2
2173 2
2174 3
2175 2
2176 0
2177 2
2178 1
2179 2
2180 3
2181 1
2182 3
2183 2
2184 3
2185 1
2186 3
2187 3
2188 3
2189 2
2190 2
2191 1
2192 1
2193 3
2194 3
2195 2
2196 3
2197 2
2198 2
2199 2
2200 3
2201 2
2202 3
2203 2
2204 0
2205 3
2206 3
2207 1
2208 3
2209 1
2210 3
2211 3
2212 0
2213 3
2214 0
2215 2
2216 2
2217 1
2218 3
2219 3
2220 0
2221 2
2222 3
2223 1
2224 2
2225 3
2226 3
2227 2
2228 2
2229 2
2230 0
2231 2
2232 1
2233 3
2234 0
2235 2
2236 1
2237 0
2238 1
2239 3
2240 1
2241 1
2242 1
2243 1
2244 3
2245 1
2246 3
2247 3
2248 0
2249 3
2250 1
2251 3
2252 1
2253 3
2254 3
2255 3
2256 0
2257 3
2258 1
2259 2
2260 1
2261 1
2262 3
2263 3
2264 0
2265 0
2266 2
2267 2
2268 1
2269 0
2270 0
2271 3
2272 3
2273 3
2274 1
2275 1
2276 0
2277 3
2278 0
2279 1
2280 3
2281 2
2282 2
2283 0
2284 3
2285 0
2286 3
2287 1
2288 0
2289 3
2290 2
2291 0
2292 0
2293 1
2294 0
2295 0
2296 0
2297 3
2298 3
2299 3
2300 0
2301 3
2302 2
2303 3
2304 3
2305 3
2306 3
2307 0
2308 0
2309 1
2310 3
2311 1
2312 1
2313 0
2314 0
2315 2
2316 0
2317 3
2318 1
2319 1
2320 1
2321 3
2322 3
2323 1
2324 3
2325 1
2326 3
2327 3
2328 3
2329 3
2330 3
2331 3
2332 3
2333 3
2334 0
2335 0
2336 1
2337 1
2338 0
2339 3
2340 1
2341 1
2342 0
2343 3
2344 0
2345 1
2346 1
2347 1
2348 0
2349 1
2350 1
2351 3
2352 1
2353 0
2354 3
2355 3
2356 1
2357 3
2358 1
2359 1
2360 3
2361 1
2362 3
2363 0
2364 2
2365 2
2366 1
2367 3
2368 2
2369 3
2370 2
2371 3
2372 0
2373 1
2374 3
2375 3
2376 3
2377 3
2378 3
2379 3
2380 2
2381 2
2382 2
2383 2
2384 2
2385 3
2386 2
2387 2
2388 3
2389 3
2390 3
2391 2
2392 3
2393 3
2394 0
2395 3
2396 3
2397 3
2398 3
2399 2
2400 2
2401 2
2402 2
2403 2
2404 2
2405 2
2406 0
2407 3
2408 3
2409 0
2410 3
2411 1
2412 1
2413 3
2414 3
2415 3
2416 1
2417 2
2418 2
2419 0
2420 2
2421 2
2422 2
2423 2
2424 3
2425 3
2426 2
2427 2
2428 3
2429 2
2430 3
2431 2
2432 3
2433 3
2434 2
2435 0
2436 2
2437 2
2438 2
2439 2
2440 3
2441 2
2442 2
2443 2
2444 2
2445 2
2446 2
2447 3
2448 3
2449 0
2450 3
2451 2
2452 2
2453 2
2454 2
2455 2
2456 2
2457 2
2458 2
2459 2
2460 1
2461 1
2462 3
2463 0
2464 3
2465 3
2466 2
2467 2
2468 2
2469 2
2470 1
2471 1
2472 3
2473 3
2474 3
2475 2
2476 2
2477 2
2478 1
2479 2
2480 3
2481 3
2482 1
2483 3
2484 2
2485 3
2486 2
2487 0
2488 2
2489 0
2490 3
2491 3
2492 3
2493 1
2494 1
2495 3
2496 3
2497 3
2498 1
2499 2
2500 3
2501 3
2502 3
2503 2
2504 1
2505 0
2506 0
2507 0
2508 0
2509 0
2510 0
2511 0
2512 2
2513 0
2514 0
2515 0
2516 0
2517 2
2518 0
2519 0
2520 0
2521 3
2522 1
2523 0
2524 0
2525 0
2526 0
2527 0
2528 2
2529 1
2530 0
2531 3
2532 3
2533 3
2534 0
2535 3
2536 0
2537 0
2538 1
2539 0
2540 3
2541 1
2542 0
2543 0
2544 1
2545 3
2546 0
2547 0
2548 3
2549 0
2550 0
2551 0
2552 0
2553 0
2554 3
2555 1
2556 0
2557 0
2558 3
2559 0
2560 0
2561 0
2562 0
2563 0
2564 0
2565 0
2566 0
2567 0
2568 0
2569 0
2570 0
2571 3
2572 0
2573 0
2574 3
2575 0
2576 0
2577 0
2578 0
2579 3
2580 0
2581 0
2582 1
2583 0
2584 0
2585 0
2586 0
2587 0
2588 0
2589 0
2590 3
2591 0
2592 1
2593 0
2594 3
2595 0
2596 3
2597 2
2598 0
2599 2
2600 0
2601 3
2602 0
2603 0
2604 0
2605 0
2606 0
2607 0
2608 0
2609 2
2610 0
2611 0
2612 3
2613 0
2614 3
2615 3
2616 0
2617 0
2618 0
2619 1
2620 0
2621 0
2622 1
2623 0
2624 3
2625 0
2626 0
2627 1
2628 0
2629 1
2630 3
2631 0
2632 3
2633 3
2634 3
2635 0
2636 1
2637 3
2638 3
2639 3
2640 3
2641 3
2642 1
2643 1
2644 1
2645 1
2646 1
2647 0
2648 0
2649 0
2650 0
2651 1
2652 3
2653 0
2654 1
2655 3
2656 3
2657 0
2658 1
2659 1
2660 0
2661 0
2662 0
2663 3
2664 2
2665 0
2666 0
2667 3
2668 3
2669 0
2670 1
2671 0
2672 0
2673 1
2674 0
2675 3
2676 0
2677 0
2678 1
2679 3
2680 3
2681 3
2682 3
2683 3
2684 0
2685 0
2686 0
2687 2
2688 3
2689 0
2690 3
2691 1
2692 3
2693 1
2694 0
2695 1
2696 0
2697 0
2698 0
2699 1
2700 3
2701 3
2702 1
2703 1
2704 3
2705 0
2706 0
2707 3
2708 2
2709 3
2710 1
2711 0
2712 2
2713 3
2714 0
2715 0
2716 1
2717 3
2718 3
2719 3
2720 1
2721 3
2722 1
2723 0
2724 0
2725 1
2726 0
2727 3
2728 2
2729 3
2730 3
2731 3
2732 0
2733 0
2734 1
2735 3
2736 3
2737 0
2738 3
2739 0
2740 3
2741 0
2742 0
2743 0
2744 1
2745 0
2746 1
2747 1
2748 0
2749 3
2750 0
2751 3
2752 3
2753 2
2754 2
2755 0
2756 0
2757 1
2758 3
2759 2
2760 0
2761 0
2762 3
2763 0
2764 1
2765 3
2766 0
2767 0
2768 0
2769 3
2770 1
2771 3
2772 0
2773 3
2774 0
2775 1
2776 1
2777 3
2778 0
2779 0
2780 0
2781 1
2782 1
2783 0
2784 1
2785 3
2786 2
2787 3
2788 0
2789 0
2790 0
2791 3
2792 3
2793 3
2794 1
2795 3
2796 3
2797 0
2798 3
2799 1
2800 0
2801 3
2802 3
2803 1
2804 3
2805 3
2806 0
2807 0
2808 0
2809 0
2810 1
2811 2
2812 3
2813 1
2814 3
2815 3
2816 2
2817 2
2818 3
2819 3
2820 1
2821 0
2822 1
2823 1
2824 0
2825 0
2826 0
2827 3
2828 3
2829 1
2830 3
2831 1
2832 3
2833 3
2834 3
2835 0
2836 3
2837 1
2838 1
2839 0
2840 2
2841 3
2842 1
2843 0
2844 3
2845 1
2846 0
2847 0
2848 3
2849 3
2850 3
2851 0
2852 0
2853 0
2854 0
2855 2
2856 1
2857 3
2858 3
2859 1
2860 1
2861 3
2862 1
2863 1
2864 0
2865 1
2866 3
2867 1
2868 0
2869 0
2870 2
2871 0
2872 0
2873 1
2874 1
2875 3
2876 3
2877 0
2878 3
2879 0
2880 0
2881 3
2882 3
2883 0
2884 3
2885 3
2886 0
2887 0
2888 3
2889 1
2890 0
2891 1
2892 3
2893 0
2894 0
2895 3
2896 1
2897 0
2898 3
2899 1
2900 1
2901 0
2902 0
2903 0
2904 1
2905 3
2906 0
2907 3
2908 1
2909 0
2910 1
2911 0
2912 3
2913 0
2914 3
2915 1
2916 1
2917 0
2918 1
2919 0
2920 2
2921 3
2922 0
2923 1
2924 3
2925 1
2926 0
2927 3
2928 3
2929 3
2930 3
2931 0
2932 0
2933 0
2934 3
2935 0
2936 0
2937 3
2938 1
2939 0
2940 1
2941 0
2942 3
2943 3
2944 1
2945 3
2946 0
2947 0
2948 3
2949 3
2950 3
2951 0
2952 0
2953 1
2954 0
2955 1
2956 0
2957 0
2958 1
2959 0
2960 0
2961 3
2962 2
2963 0
2964 2
2965 0
2966 1
2967 1
2968 0
2969 3
2970 3
2971 0
2972 1
2973 1
2974 3
2975 3
2976 1
2977 1
2978 3
2979 3
2980 2
2981 0
2982 0
2983 3
2984 3
2985 3
2986 0
2987 1
2988 0
2989 0
2990 3
2991 1
2992 0
2993 2
2994 3
2995 1
2996 3
2997 3
2998 3
2999 2
3000 1
3001 1
3002 3
3003 2
3004 1
3005 3
3006 0
3007 2
3008 0
3009 1
3010 0
3011 3
3012 0
3013 3
3014 0
3015 2
3016 3
3017 3
3018 1
3019 3
3020 3
3021 1
3022 0
3023 3
3024 0
3025 0
3026 0
3027 0
3028 10
3029 3
3030 1
3031 1
3032 0
3033 0
3034 3
3035 3
3036 3
3037 3
3038 3
3039 0
3040 0
3041 3
3042 0
3043 0
3044 3
3045 3
3046 1
3047 1
3048 1
3049 3
3050 1
3051 3
3052 3
3053 0
3054 3
3055 1
3056 0
3057 3
3058 2
3059 3
3060 3
3061 3
3062 3
3063 3
3064 1
3065 0
3066 0
3067 3
3068 0
3069 0
3070 3
3071 3
3072 3
3073 1
3074 1
3075 3
3076 0
3077 3
3078 1
3079 0
3080 1
3081 3
3082 0
3083 3
3084 3
3085 0
3086 0
3087 3
3088 2
3089 3
3090 0
3091 0
3092 0
3093 2
3094 0
3095 2
3096 2
3097 0
3098 3
3099 0
3100 0
3101 12
3102 3
3103 0
3104 3
3105 3
3106 2
3107 1
3108 0
3109 0
3110 2
3111 0
3112 0
3113 3
3114 2
3115 2
3116 0
3117 3
3118 0
3119 2
3120 3
3121 0
3122 2
3123 1
3124 3
3125 1
3126 2
3127 0
3128 0
3129 0
3130 3
3131 3
3132 3
3133 3
3134 3
3135 1
3136 1
3137 3
3138 0
3139 0
3140 1
3141 1
3142 2
3143 3
3144 3
3145 2
3146 0
3147 2
3148 3
3149 2
3150 1
3151 0
3152 0
3153 1
3154 3
3155 1
3156 1
3157 1
3158 1
3159 3
3160 3
3161 2
3162 3
3163 1
3164 3
3165 3
3166 0
3167 1
3168 1
3169 0
3170 0
3171 1
3172 3
3173 3
3174 1
3175 0
3176 1
3177 0
3178 1
3179 0
3180 0
3181 3
3182 0
3183 0
3184 1
3185 0
3186 2
3187 1
3188 0
3189 3
3190 0
3191 0
3192 3
3193 3
3194 3
3195 3
3196 3
3197 3
3198 2
3199 3
3200 1
3201 3
3202 0
3203 0
3204 0
3205 0
3206 0
3207 0
3208 3
3209 2
3210 3
3211 2
3212 2
3213 3
3214 2
3215 3
3216 0
3217 3
3218 2
3219 0
3220 2
3221 3
3222 0
3223 3
3224 3
3225 1
3226 2
3227 3
3228 2
3229 1
3230 3
3231 2
3232 0
3233 3
3234 3
3235 3
3236 1
3237 3
3238 2
3239 1
3240 3
3241 0
3242 1
3243 0
3244 0
3245 3
3246 3
3247 2
3248 2
3249 2
3250 2
3251 2
3252 2
3253 2
3254 2
3255 3
3256 3
3257 3
3258 2
3259 3
3260 2
3261 2
3262 2
3263 2
3264 1
3265 2
3266 2
3267 2
3268 2
3269 2
3270 2
3271 2
3272 1
3273 2
3274 0
3275 3
3276 0
3277 2
3278 0
3279 0
3280 3
3281 3
3282 0
3283 2
3284 0
3285 3
3286 1
3287 3
3288 3
3289 1
3290 2
3291 3
3292 0
3293 0
3294 1
3295 0
3296 0
3297 0
3298 3
3299 3
3300 0
3301 0
3302 0
3303 0
3304 0
3305 0
3306 3
3307 0
3308 0
3309 0
3310 0
3311 3
3312 0
3313 0
3314 0
3315 1
3316 3
3317 0
3318 1
3319 3
3320 3
3321 0
3322 1
3323 3
3324 3
3325 1
3326 0
3327 3
3328 2
3329 3
3330 0
3331 0
3332 0
3333 3
3334 2
3335 3
3336 0
3337 1
3338 3
3339 3
3340 0
3341 3
3342 3
3343 0
3344 3
3345 3
3346 3
3347 1
3348 0
3349 0
3350 3
3351 1
3352 2
3353 3
3354 0
3355 1
3356 3
3357 3
3358 3
3359 0
3360 3
3361 0
3362 0
3363 3
3364 3
3365 3
3366 3
3367 0
3368 3
3369 3
3370 3
3371 0
3372 0
3373 3
3374 0
3375 3
3376 3
3377 0
3378 3
3379 0
3380 3
3381 3
3382 1
3383 1
3384 1
3385 3
3386 3
3387 3
3388 3
3389 3
3390 0
3391 1
3392 1
3393 1
3394 0
3395 0
3396 3
3397 3
3398 1
3399 3
3400 3
3401 3
3402 0
3403 3
3404 3
3405 1
3406 0
3407 3
3408 3
3409 0
3410 0
3411 3
3412 3
3413 0
3414 3
3415 3
3416 3
3417 0
3418 0
3419 0
3420 1
3421 3
3422 3
3423 0
3424 0
3425 3
3426 3
3427 3
3428 3
3429 3
3430 0
3431 3
3432 3
3433 0
3434 0
3435 3
3436 3
3437 0
3438 1
3439 1
3440 3
3441 0
3442 1
3443 0
3444 0
3445 3
3446 2
3447 0
3448 3
3449 0
3450 3
3451 3
3452 0
3453 3
3454 3
3455 0
3456 3
3457 0
3458 1
3459 0
3460 0
3461 3
3462 1
3463 0
3464 1
3465 2
3466 1
3467 1
3468 0
3469 1
3470 0
3471 3
3472 0
3473 0
3474 3
3475 3
3476 0
3477 3
3478 1
3479 0
3480 0
3481 1
3482 0
3483 1
3484 0
3485 0
3486 3
3487 0
3488 3
3489 0
3490 0
3491 1
3492 2
3493 3
3494 0
3495 0
3496 3
3497 3
3498 3
3499 0
3500 2
3501 0
3502 3
3503 0
3504 3
3505 3
3506 1
3507 3
3508 1
3509 0
3510 0
3511 3
3512 3
3513 3
3514 3
3515 3
3516 0
3517 3
3518 3
3519 3
3520 3
3521 0
3522 3
3523 3
3524 0
3525 3
3526 3
3527 0
3528 3
3529 3
3530 3
3531 0
3532 3
3533 3
3534 3
3535 0
3536 3
3537 0
3538 2
3539 3
3540 1
3541 3
3542 3
3543 1
3544 0
3545 0
3546 3
3547 0
3548 0
3549 3
3550 3
3551 3
3552 3
3553 3
3554 3
3555 2
3556 1
3557 0
3558 0
3559 3
3560 1
3561 3
3562 1
3563 0
3564 3
3565 3
3566 1
3567 0
3568 0
3569 0
3570 1
3571 1
3572 1
3573 0
3574 3
3575 0
3576 3
3577 0
3578 1
3579 0
3580 0
3581 3
3582 0
3583 0
3584 0
3585 0
3586 0
3587 3
3588 3
3589 0
3590 3
3591 3
3592 1
3593 0
3594 0
3595 1
3596 1
3597 2
3598 1
3599 0
3600 3
3601 3
3602 3
3603 0
3604 1
3605 0
3606 1
3607 1
3608 0
3609 0
3610 0
3611 0
3612 0
3613 0
3614 3
3615 0
3616 0
3617 3
3618 0
3619 0
3620 0
3621 3
3622 2
3623 2
3624 3
3625 3
3626 1
3627 0
3628 2
3629 0
3630 1
3631 3
3632 1
3633 3
3634 1
3635 0
3636 1
3637 3
3638 0
3639 3
3640 0
3641 3
3642 3
3643 3
3644 3
3645 0
3646 0
3647 1
3648 3
3649 0
3650 3
3651 0
3652 1
3653 1
3654 2
3655 3
3656 3
3657 1
3658 3
3659 0
3660 3
3661 2
3662 3
3663 1
3664 2
3665 3
3666 1
3667 2
3668 1
3669 3
3670 3
3671 0
3672 2
3673 1
3674 0
3675 3
3676 0
3677 3
3678 3
3679 0
3680 3
3681 0
3682 3
3683 3
3684 1
3685 0
3686 3
3687 3
3688 0
3689 0
3690 0
3691 1
3692 1
3693 0
3694 1
3695 0
3696 0
3697 3
3698 1
3699 3
3700 3
3701 0
3702 0
3703 1
3704 0
3705 3
3706 2
3707 3
3708 3
3709 3
3710 0
3711 3
3712 0
3713 0
3714 0
3715 3
3716 3
3717 1
3718 3
3719 1
3720 3
3721 0
3722 1
3723 3
3724 0
3725 0
3726 1
3727 3
3728 1
3729 0
3730 0
3731 0
3732 0
3733 0
3734 3
3735 1
3736 0
3737 0
3738 3
3739 3
3740 3
3741 1
3742 3
3743 3
3744 3
3745 3
3746 0
3747 3
3748 3
3749 3
3750 0
3751 0
3752 1
3753 3
3754 0
3755 3
3756 3
3757 1
3758 0
3759 0
3760 3
3761 1
3762 3
3763 3
3764 3
3765 3
3766 0
3767 0
3768 3
3769 3
3770 0
3771 0
3772 3
3773 3
3774 0
3775 1
3776 1
3777 1
3778 0
3779 3
3780 3
3781 3
3782 3
3783 1
3784 3
3785 0
3786 0
3787 1
3788 1
3789 0
3790 1
3791 1
3792 1
3793 3
3794 0
3795 3
3796 0
3797 1
3798 3
3799 3
3800 0
3801 3
3802 0
3803 2
3804 1
3805 0
3806 1
3807 1
3808 3
3809 1
3810 1
3811 0
3812 0
3813 3
3814 0
3815 2
3816 0
3817 3
3818 0
3819 3
3820 0
3821 0
3822 0
3823 3
3824 3
3825 0
3826 0
3827 3
3828 3
3829 1
3830 1
3831 0
3832 1
3833 0
3834 3
3835 1
3836 3
3837 3
3838 0
3839 3
3840 1
3841 1
3842 1
3843 1
3844 3
3845 3
3846 0
3847 0
3848 3
3849 3
3850 0
3851 3
3852 0
3853 3
3854 1
3855 2
3856 3
3857 1
3858 3
3859 3
3860 3
3861 0
3862 3
3863 3
3864 1
3865 1
3866 0
3867 0
3868 3
3869 2
3870 0
3871 3
3872 1
3873 1
3874 1
3875 3
3876 3
3877 1
3878 0
3879 0
3880 3
3881 3
3882 1
3883 1
3884 3
3885 3
3886 3
3887 0
3888 3
3889 1
3890 0
3891 0
3892 3
3893 0
3894 1
3895 1
3896 0
3897 1
3898 2
3899 3
3900 3
3901 0
3902 1
3903 0
3904 3
3905 3
3906 3
3907 3
3908 0
3909 1
3910 0
3911 0
3912 0
3913 0
3914 2
3915 3
3916 1
3917 1
3918 0
3919 3
3920 1
3921 0
3922 0
3923 1
3924 3
3925 0
3926 3
3927 3
3928 3
3929 0
3930 3
3931 2
3932 3
3933 3
3934 0
3935 0
3936 3
3937 3
3938 0
3939 3
3940 1
3941 1
3942 0
3943 0
3944 3
3945 0
3946 3
3947 0
3948 0
3949 3
3950 3
3951 0
3952 1
3953 0
3954 3
3955 0
3956 3
3957 3
3958 3
3959 3
3960 0
3961 1
3962 3
3963 3
3964 3
3965 3
3966 0
3967 3
3968 1
3969 2
3970 3
3971 0
3972 3
3973 3
3974 3
3975 0
3976 3
3977 3
3978 3
3979 0
3980 0
3981 3
3982 3
3983 0
3984 0
3985 1
3986 3
3987 3
3988 3
3989 0
3990 0
3991 2
3992 3
3993 0
3994 3
3995 0
3996 2
3997 3
3998 1
3999 1
4000 1
4001 2
4002 0
4003 0
4004 0
4005 1
4006 0
4007 3
4008 2
4009 2
4010 0
4011 1
4012 0
4013 0
4014 2
4015 0
4016 2
4017 3
4018 3
4019 2
4020 2
4021 2
4022 0
4023 1
4024 2
4025 3
4026 2
4027 2
4028 2
4029 2
4030 2
4031 2
4032 2
4033 2
4034 0
4035 0
4036 3
4037 2
4038 0
4039 2
4040 2
4041 2
4042 1
4043 3
4044 0
4045 1
4046 1
4047 2
4048 0
4049 1
4050 0
4051 0
4052 1
4053 0
4054 1
4055 0
4056 0
4057 2
4058 0
4059 3
4060 0
4061 0
4062 2
4063 3
4064 1
4065 2
4066 1
4067 1
4068 0
4069 0
4070 0
4071 0
4072 0
4073 1
4074 3
4075 1
4076 1
4077 0
4078 0
4079 1
4080 0
4081 3
4082 2
4083 1
4084 0
4085 0
4086 0
4087 1
4088 0
4089 2
4090 0
4091 0
4092 0
4093 0
4094 1
4095 3
4096 0
4097 0
4098 3
4099 3
4100 0
4101 0
4102 0
4103 0
4104 1
4105 2
4106 1
4107 2
4108 0
4109 3
4110 0
4111 0
4112 1
4113 3
4114 3
4115 0
4116 0
4117 0
4118 1
4119 2
4120 3
4121 0
4122 1
4123 2
4124 2
4125 2
4126 2
4127 2
4128 3
4129 1
4130 1
4131 1
4132 2
4133 3
4134 2
4135 0
4136 2
4137 3
4138 3
4139 3
4140 0
4141 0
4142 0
4143 0
4144 0
4145 0
4146 0
4147 0
4148 1
4149 3
4150 0
4151 3
4152 3
4153 0
4154 0
4155 2
4156 2
4157 1
4158 3
4159 2
4160 1
4161 1
4162 2
4163 3
4164 0
4165 0
4166 2
4167 2
4168 1
4169 2
4170 2
4171 2
4172 3
4173 2
4174 2
4175 2
4176 0
4177 2
4178 2
4179 3
4180 2
4181 3
4182 3
4183 2
4184 2
4185 2
4186 3
4187 2
4188 3
4189 2
4190 2
4191 2
4192 2
4193 0
4194 2
4195 0
4196 0
4197 1
4198 0
4199 3
4200 3
4201 3
4202 1
4203 2
4204 2
4205 1
4206 3
4207 2
4208 2
4209 0
4210 0
4211 3
4212 2
4213 0
4214 0
4215 0
4216 1
4217 0
4218 3
4219 0
4220 2
4221 0
4222 0
4223 3
4224 0
4225 0
4226 3
4227 0
4228 0
4229 3
4230 0
4231 2
4232 3
4233 0
4234 0
4235 3
4236 3
4237 3
4238 0
4239 0
4240 3
4241 1
4242 2
4243 3
4244 3
4245 0
4246 3
4247 2
4248 0
4249 0
4250 0
4251 3
4252 3
4253 3
4254 0
4255 1
4256 2
4257 0
4258 3
4259 0
4260 2
4261 3
4262 0
4263 3
4264 2
4265 2
4266 0
4267 1
4268 2
4269 0
4270 2
4271 3
4272 3
4273 1
4274 1
4275 1
4276 1
4277 2
4278 0
4279 1
4280 0
4281 0
4282 2
4283 2
4284 0
4285 3
4286 2
4287 1
4288 2
4289 0
4290 0
4291 1
4292 1
4293 0
4294 0
4295 0
4296 1
4297 3
4298 0
4299 2
4300 0
4301 0
4302 0
4303 0
4304 0
4305 1
4306 3
4307 1
4308 10
4309 2
4310 2
4311 0
4312 0
4313 0
4314 2
4315 0
4316 2
4317 3
4318 1
4319 1
4320 2
4321 0
4322 0
4323 1
4324 0
4325 3
4326 0
4327 0
4328 2
4329 0
4330 3
4331 0
4332 1
4333 0
4334 0
4335 2
4336 2
4337 2
4338 3
4339 0
4340 3
4341 0
4342 0
4343 0
4344 0
4345 0
4346 1
4347 0
4348 0
4349 0
4350 0
4351 1
4352 0
4353 1
4354 0
4355 0
4356 3
4357 1
4358 1
4359 0
4360 0
4361 0
4362 2
4363 1
4364 1
4365 0
4366 0
4367 3
4368 1
4369 0
4370 0
4371 0
4372 0
4373 1
4374 0
4375 0
4376 0
4377 0
4378 0
4379 0
4380 1
4381 0
4382 0
4383 2
4384 0
4385 0
4386 0
4387 0
4388 2
4389 0
4390 0
4391 0
4392 0
4393 1
4394 0
4395 1
4396 1
4397 0
4398 0
4399 3
4400 0
4401 1
4402 3
4403 0
4404 0
4405 0
4406 0
4407 0
4408 0
4409 1
4410 2
4411 0
4412 0
4413 0
4414 0
4415 0
4416 0
4417 3
4418 0
4419 0
4420 1
4421 2
4422 0
4423 1
4424 0
4425 0
4426 0
4427 0
4428 0
4429 0
4430 0
4431 3
4432 0
4433 0
4434 1
4435 3
4436 0
4437 0
4438 0
4439 2
4440 0
4441 0
4442 0
4443 3
4444 2
4445 0
4446 1
4447 0
4448 1
4449 3
4450 0
4451 1
4452 0
4453 0
4454 0
4455 3
4456 0
4457 3
4458 1
4459 3
4460 0
4461 1
4462 0
4463 0
4464 0
4465 0
4466 0
4467 0
4468 2
4469 0
4470 1
4471 0
4472 1
4473 0
4474 0
4475 0
4476 0
4477 3
4478 2
4479 0
4480 3
4481 0
4482 0
4483 1
4484 0
4485 0
4486 0
4487 3
4488 1
4489 0
4490 1
4491 2
4492 1
4493 2
4494 1
4495 1
4496 2
4497 2
4498 2
4499 2
4500 2
4501 3
4502 3
4503 2
4504 2
4505 3
4506 2
4507 2
4508 2
4509 2
4510 2
4511 2
4512 2
4513 2
4514 2
4515 2
4516 1
4517 1
4518 2
4519 0
4520 0
4521 1
4522 1
4523 3
4524 3
4525 3
4526 0
4527 1
4528 0
4529 3
4530 3
4531 0
4532 2
4533 3
4534 3
4535 0
4536 2
4537 2
4538 2
4539 0
4540 1
4541 3
4542 2
4543 3
4544 0
4545 0
4546 2
4547 2
4548 2
4549 2
4550 2
4551 0
4552 0
4553 2
4554 2
4555 2
4556 2
4557 2
4558 2
4559 2
4560 0
4561 2
4562 3
4563 2
4564 0
4565 2
4566 1
4567 0
4568 2
4569 2
4570 2
4571 3
4572 0
4573 0
4574 0
4575 0
4576 0
4577 3
4578 3
4579 2
4580 2
4581 2
4582 2
4583 2
4584 2
4585 3
4586 2
4587 3
4588 3
4589 0
4590 0
4591 0
4592 3
4593 0
4594 0
4595 2
4596 3
4597 3
4598 2
4599 2
4600 3
4601 3
4602 2
4603 1
4604 2
4605 0
4606 3
4607 2
4608 2
4609 3
4610 3
4611 0
4612 0
4613 2
4614 2
4615 3
4616 0
4617 2
4618 2
4619 2
4620 0
4621 3
4622 0
4623 0
4624 2
4625 2
4626 0
4627 2
4628 3
4629 0
4630 2
4631 1
4632 2
4633 2
4634 2
4635 2
4636 2
4637 3
4638 2
4639 2
4640 2
4641 2
4642 2
4643 2
4644 2
4645 1
4646 3
4647 3
4648 2
4649 0
4650 3
4651 0
4652 2
4653 2
4654 2
4655 2
4656 2
4657 2
4658 2
4659 2
4660 0
4661 3
4662 2
4663 3
4664 0
4665 3
4666 1
4667 0
4668 2
4669 0
4670 2
4671 0
4672 3
4673 2
4674 2
4675 3
4676 2
4677 3
4678 0
4679 0
4680 0
4681 3
4682 3
4683 2
4684 2
4685 3
4686 3
4687 2
4688 2
4689 2
4690 0
4691 3
4692 3
4693 0
4694 2
4695 2
4696 3
4697 0
4698 2
4699 2
4700 2
4701 2
4702 3
4703 2
4704 2
4705 2
4706 2
4707 3
4708 2
4709 2
4710 2
4711 2
4712 2
4713 2
4714 2
4715 2
4716 3
4717 3
4718 2
4719 3
4720 2
4721 0
4722 3
4723 0
4724 2
4725 3
4726 2
4727 2
4728 2
4729 2
4730 2
4731 2
4732 3
4733 0
4734 0
4735 3
4736 2
4737 0
4738 0
4739 3
4740 2
4741 0
4742 3
4743 2
4744 0
4745 0
4746 1
4747 2
4748 0
4749 2
4750 2
4751 2
4752 0
4753 2
4754 2
4755 2
4756 0
4757 3
4758 2
4759 2
4760 0
4761 2
4762 3
4763 2
4764 3
4765 3
4766 2
4767 3
4768 2
4769 2
4770 2
4771 3
4772 2
4773 2
4774 2
4775 2
4776 2
4777 2
4778 0
4779 0
4780 2
4781 3
4782 2
4783 3
4784 3
4785 3
4786 3
4787 3
4788 3
4789 3
4790 2
4791 2
4792 1
4793 3
4794 2
4795 3
4796 3
4797 3
4798 1
4799 2
4800 1
4801 2
4802 3
4803 0
4804 2
4805 0
4806 1
4807 0
4808 1
4809 1
4810 1
4811 0
4812 1
4813 1
4814 1
4815 1
4816 1
4817 2
4818 1
4819 2
4820 0
4821 3
4822 2
4823 2
4824 3
4825 2
4826 0
4827 2
4828 0
4829 0
4830 2
4831 2
4832 0
4833 0
4834 2
4835 2
4836 0
4837 2
4838 0
4839 2
4840 0
4841 2
4842 2
4843 2
4844 0
4845 0
4846 2
4847 2
4848 2
4849 3
4850 2
4851 0
4852 10
4853 3
4854 2
4855 2
4856 2
4857 2
4858 0
4859 0
4860 2
4861 0
4862 0
4863 0
4864 3
4865 2
4866 0
4867 0
4868 2
4869 2
4870 2
4871 2
4872 0
4873 0
4874 2
4875 0
4876 1
4877 3
4878 2
4879 3
4880 2
4881 2
4882 0
4883 2
4884 3
4885 1
4886 2
4887 2
4888 2
4889 2
4890 2
4891 2
4892 2
4893 2
4894 2
4895 0
4896 2
4897 2
4898 1
4899 2
4900 0
4901 3
4902 0
4903 1
4904 3
4905 0
4906 0
4907 0
4908 0
4909 1
4910 1
4911 1
4912 3
4913 2
4914 3
4915 2
4916 3
4917 0
4918 0
4919 0
4920 1
4921 3
4922 0
4923 1
4924 0
4925 0
4926 0
4927 0
4928 3
4929 3
4930 0
4931 0
4932 1
4933 2
4934 2
4935 1
4936 0
4937 0
4938 0
4939 1
4940 0
4941 2
4942 2
4943 3
4944 0
4945 3
4946 0
4947 0
4948 0
4949 0
4950 0
4951 0
4952 0
4953 0
4954 0
4955 3
4956 0
4957 3
4958 0
4959 0
4960 3
4961 0
4962 1
4963 1
4964 1
4965 3
4966 2
4967 2
4968 0
4969 0
4970 3
4971 3
4972 0
4973 2
4974 2
4975 3
4976 3
4977 1
4978 0
4979 1
4980 0
4981 1
4982 0
4983 0
4984 0
4985 0
4986 0
4987 0
4988 0
4989 2
4990 2
4991 3
4992 0
4993 0
4994 0
4995 0
4996 2
4997 1
4998 0
4999 3
5000 3
5001 3
5002 0
5003 0
5004 0
5005 0
5006 1
5007 0
5008 1
5009 0
5010 1
5011 0
5012 0
5013 0
5014 3
5015 2
5016 2
5017 2
5018 2
5019 2
5020 0
5021 2
5022 3
5023 1
5024 0
5025 0
5026 2
5027 2
5028 1
5029 3
5030 2
5031 2
5032 0
5033 2
5034 0
5035 3
5036 1
5037 0
5038 0
5039 3
5040 0
5041 0
5042 2
5043 2
5044 1
5045 1
5046 0
5047 0
5048 0
5049 3
5050 0
5051 3
5052 0
5053 0
5054 3
5055 0
5056 0
5057 3
5058 1
5059 0
5060 0
5061 1
5062 0
5063 3
5064 0
5065 0
5066 3
5067 0
5068 1
5069 0
5070 0
5071 0
5072 0
5073 0
5074 0
5075 3
5076 0
5077 0
5078 0
5079 0
5080 3
5081 0
5082 1
5083 1
5084 0
5085 0
5086 0
5087 0
5088 0
5089 0
5090 0
5091 0
5092 0
5093 0
5094 3
5095 2
5096 0
5097 0
5098 0
5099 0
5100 0
5101 0
5102 0
5103 2
5104 0
5105 0
5106 1
5107 0
5108 0
5109 0
5110 0
5111 1
5112 3
5113 0
5114 0
5115 1
5116 0
5117 3
5118 2
5119 0
5120 0
5121 0
5122 3
5123 0
5124 3
5125 0
5126 1
5127 0
5128 3
5129 0
5130 0
5131 0
5132 0
5133 0
5134 0
5135 0
5136 10
5137 0
5138 0
5139 1
5140 2
5141 2
5142 0
5143 0
5144 0
5145 0
5146 0
5147 3
5148 0
5149 1
5150 0
5151 0
5152 3
5153 2
5154 3
5155 2
5156 3
5157 1
5158 3
5159 0
5160 0
5161 0
5162 3
5163 0
5164 2
5165 3
5166 0
5167 0
5168 0
5169 3
5170 0
5171 0
5172 3
5173 2
5174 2
5175 0
5176 0
5177 0
5178 3
5179 0
5180 0
5181 0
5182 0
5183 0
5184 3
5185 0
5186 3
5187 1
5188 2
5189 3
5190 1
5191 3
5192 2
5193 3
5194 2
5195 2
5196 0
5197 3
5198 0
5199 2
5200 2
5201 3
5202 2
5203 2
5204 2
5205 3
5206 2
5207 3
5208 2
5209 2
5210 3
5211 3
5212 3
5213 1
5214 2
5215 0
5216 2
5217 3
5218 3
5219 0
5220 3
5221 2
5222 2
5223 2
5224 2
5225 0
5226 2
5227 0
5228 3
5229 2
5230 2
5231 3
5232 3
5233 0
5234 1
5235 0
5236 3
5237 0
5238 2
5239 0
5240 3
5241 2
5242 3
5243 2
5244 2
5245 0
5246 0
5247 2
5248 2
5249 2
5250 2
5251 2
5252 0
5253 2
5254 0
5255 2
5256 3
5257 2
5258 2
5259 2
5260 0
5261 2
5262 2
5263 2
5264 2
5265 0
5266 0
5267 3
5268 2
5269 1
5270 0
5271 3
5272 0
5273 2
5274 0
5275 2
5276 2
5277 2
5278 3
5279 3
5280 3
5281 2
5282 3
5283 3
5284 3
5285 3
5286 3
5287 2
5288 1
5289 2
5290 2
5291 3
5292 3
5293 3
5294 3
5295 2
5296 3
5297 2
5298 2
5299 2
5300 2
5301 2
5302 3
5303 2
5304 2
5305 2
5306 3
5307 2
5308 2
5309 2
5310 2
5311 0
5312 3
5313 0
5314 2
5315 1
5316 3
5317 1
5318 1
5319 3
5320 2
5321 3
5322 0
5323 2
5324 3
5325 2
5326 3
5327 2
5328 2
5329 2
5330 0
5331 0
5332 2
5333 2
5334 2
5335 0
5336 2
5337 1
5338 2
5339 1
5340 1
5341 2
5342 2
5343 2
5344 2
5345 2
5346 3
5347 2
5348 2
5349 0
5350 2
5351 0
5352 2
5353 2
5354 2
5355 2
5356 2
5357 1
5358 3
5359 1
5360 0
5361 2
5362 0
5363 0
5364 2
5365 1
5366 2
5367 3
5368 0
5369 3
5370 2
5371 0
5372 3
5373 2
5374 0
5375 2
5376 2
5377 0
5378 1
5379 3
5380 3
5381 2
5382 3
5383 2
5384 0
5385 2
5386 0
5387 2
5388 2
5389 2
5390 2
5391 3
5392 3
5393 2
5394 3
5395 1
5396 3
5397 0
5398 1
5399 3
5400 3
5401 3
5402 3
5403 3
5404 2
5405 2
5406 0
5407 3
5408 0
5409 3
5410 3
5411 3
5412 2
5413 0
5414 2
5415 2
5416 3
5417 2
5418 3
5419 1
5420 3
5421 0
5422 2
5423 2
5424 0
5425 2
5426 0
5427 0
5428 0
5429 3
5430 0
5431 2
5432 0
5433 3
5434 3
5435 2
5436 2
5437 3
5438 0
5439 2
5440 2
5441 2
5442 2
5443 1
5444 2
5445 2
5446 3
5447 2
5448 3
5449 0
5450 3
5451 0
5452 3
5453 3
5454 1
5455 1
5456 2
5457 3
5458 3
5459 1
5460 0
5461 2
5462 0
5463 3
5464 2
5465 1
5466 0
5467 0
5468 0
5469 0
5470 3
5471 3
5472 0
5473 3
5474 0
5475 0
5476 3
5477 1
5478 3
5479 3
5480 3
5481 1
5482 2
5483 3
5484 2
5485 3
5486 3
5487 2
5488 3
5489 1
5490 0
5491 2
5492 3
5493 3
5494 0
5495 0
5496 3
5497 3
5498 0
5499 0
5500 0
5501 10
5502 0
5503 0
5504 2
5505 3
5506 2
5507 0
5508 0
5509 3
5510 1
5511 2
5512 0
5513 0
5514 1
5515 3
5516 0
5517 3
5518 3
5519 3
5520 2
5521 0
5522 0
5523 0
5524 2
5525 1
5526 2
5527 2
5528 0
5529 0
5530 3
5531 10
5532 3
5533 0
5534 2
5535 3
5536 0
5537 2
5538 3
5539 3
5540 1
5541 1
5542 0
5543 2
5544 0
5545 0
5546 3
5547 0
5548 3
5549 3
5550 0
5551 3
5552 3
5553 3
5554 3
5555 3
5556 2
5557 0
5558 0
5559 0
5560 3
5561 0
5562 0
5563 3
5564 0
5565 0
5566 3
5567 2
5568 0
5569 0
5570 2
5571 1
5572 3
5573 0
5574 0
5575 8
5576 1
5577 3
5578 1
5579 0
5580 3
5581 0
5582 0
5583 0
5584 0
5585 0
5586 0
5587 0
5588 0
5589 0
5590 0
5591 0
5592 0
5593 0
5594 0
5595 0
5596 0
5597 10
5598 0
5599 0
5600 0
5601 0
5602 0
5603 0
5604 0
5605 10
5606 0
5607 0
5608 0
5609 0
5610 0
5611 3
5612 0
5613 0
5614 2
5615 0
5616 3
5617 3
5618 0
5619 3
5620 3
5621 0
5622 1
5623 2
5624 3
5625 3
5626 0
5627 0
5628 3
5629 2
5630 2
5631 0
5632 0
5633 3
5634 3
5635 0
5636 0
5637 3
5638 2
5639 0
5640 3
5641 3
5642 2
5643 3
5644 2
5645 2
5646 1
5647 3
5648 3
5649 2
5650 0
5651 2
5652 0
5653 3
5654 2
5655 0
5656 2
5657 2
5658 3
5659 2
5660 3
5661 2
5662 3
5663 3
5664 2
5665 1
5666 1
5667 0
5668 0
5669 0
5670 1
5671 0
5672 3
5673 2
5674 3
5675 1
5676 3
5677 3
5678 2
5679 2
5680 1
5681 3
5682 2
5683 0
5684 3
5685 0
5686 2
5687 0
5688 3
5689 2
5690 0
5691 2
5692 0
5693 3
5694 1
5695 2
5696 1
5697 1
5698 2
5699 1
5700 0
5701 3
5702 0
5703 0
5704 3
5705 2
5706 3
5707 3
5708 0
5709 3
5710 2
5711 2
5712 2
5713 2
5714 2
5715 0
5716 1
5717 2
5718 0
5719 0
5720 3
5721 3
5722 3
5723 3
5724 2
5725 2
5726 2
5727 3
5728 0
5729 2
5730 2
5731 2
5732 2
5733 2
5734 2
5735 3
5736 0
5737 2
5738 2
5739 2
5740 3
5741 2
5742 2
5743 2
5744 2
5745 2
5746 2
5747 3
5748 2
5749 0
5750 3
5751 3
5752 2
5753 1
5754 0
5755 3
5756 0
5757 1
5758 3
5759 1
5760 3
5761 1
5762 3
5763 0
5764 2
5765 2
5766 0
5767 1
5768 1
5769 1
5770 0
5771 0
5772 2
5773 1
5774 0
5775 2
5776 2
5777 0
5778 3
5779 2
5780 2
5781 2
5782 2
5783 3
5784 3
5785 3
5786 3
5787 1
5788 1
5789 3
5790 0
5791 2
5792 0
5793 3
5794 0
5795 0
5796 2
5797 0
5798 3
5799 0
5800 3
5801 3
5802 2
5803 0
5804 0
5805 3
5806 3
5807 3
5808 3
5809 2
5810 2
5811 3
5812 3
5813 3
5814 1
5815 0
5816 2
5817 3
5818 0
5819 3
5820 3
5821 3
5822 2
5823 3
5824 0
5825 3
5826 2
5827 3
5828 2
5829 3
5830 3
5831 1
5832 2
5833 3
5834 1
5835 3
5836 3
5837 0
5838 3
5839 3
5840 3
5841 0
5842 1
5843 1
5844 0
5845 3
5846 0
5847 3
5848 0
5849 0
5850 0
5851 0
5852 0
5853 0
5854 2
5855 3
5856 1
5857 0
5858 3
5859 3
5860 3
5861 0
5862 0
5863 2
5864 3
5865 0
5866 0
5867 0
5868 0
5869 3
5870 0
5871 1
5872 0
5873 1
5874 1
5875 0
5876 2
5877 2
5878 1
5879 0
5880 3
5881 3
5882 0
5883 2
5884 0
5885 2
5886 3
5887 3
5888 2
5889 2
5890 0
5891 3
5892 1
5893 3
5894 0
5895 2
5896 0
5897 3
5898 0
5899 1
5900 3
5901 0
5902 3
5903 2
5904 3
5905 3
5906 3
5907 1
5908 3
5909 3
5910 0
5911 3
5912 3
5913 3
5914 3
5915 3
5916 3
5917 2
5918 0
5919 3
5920 2
5921 0
5922 3
5923 0
5924 0
5925 0
5926 0
5927 0
5928 3
5929 3
5930 0
5931 3
5932 1
5933 0
5934 2
5935 3
5936 0
5937 0
5938 0
5939 3
5940 3
5941 3
5942 3
5943 0
5944 3
5945 3
5946 1
5947 0
5948 0
5949 3
5950 0
5951 3
5952 3
5953 3
5954 0
5955 0
5956 0
5957 0
5958 0
5959 0
5960 0
5961 3
5962 3
5963 0
5964 0
5965 3
5966 1
5967 3
5968 3
5969 2
5970 7
5971 2
5972 0
5973 1
5974 0
5975 3
5976 0
5977 0
5978 3
5979 0
5980 3
5981 3
5982 0
5983 0
5984 3
5985 0
5986 1
5987 3
5988 0
5989 3
5990 3
5991 0
5992 3
5993 3
5994 2
5995 3
5996 0
5997 1
5998 1
5999 0
6000 3
6001 2
6002 3
6003 0
6004 0
6005 3
6006 3
6007 0
6008 0
6009 3
6010 3
6011 0
6012 3
6013 3
6014 1
6015 1
6016 3
6017 0
6018 3
6019 3
6020 3
6021 0
6022 3
6023 3
6024 3
6025 3
6026 3
6027 1
6028 0
6029 0
6030 0
6031 3
6032 1
6033 3
6034 0
6035 3
6036 3
6037 3
6038 3
6039 0
6040 0
6041 0
6042 0
6043 0
6044 0
6045 1
6046 0
6047 3
6048 3
6049 0
6050 3
6051 2
6052 0
6053 0
6054 0
6055 3
6056 0
6057 3
6058 0
6059 3
6060 2
6061 3
6062 0
6063 3
6064 3
6065 0
6066 3
6067 3
6068 0
6069 0
6070 2
6071 3
6072 2
6073 2
6074 0
6075 3
6076 0
6077 0
6078 0
6079 0
6080 0
6081 0
6082 3
6083 0
6084 3
6085 3
6086 3
6087 3
6088 3
6089 0
6090 3
6091 3
6092 0
6093 3
6094 0
6095 0
6096 3
6097 3
6098 2
6099 3
6100 0
6101 0
6102 2
6103 3
6104 3
6105 3
6106 3
6107 0
6108 0
6109 0
6110 3
6111 1
6112 0
6113 1
6114 2
6115 3
6116 3
6117 2
6118 2
6119 2
6120 1
6121 1
6122 2
6123 3
6124 3
6125 0
6126 3
6127 1
6128 0
6129 0
6130 3
6131 3
6132 0
6133 0
6134 2
6135 3
6136 3
6137 0
6138 0
6139 1
6140 3
6141 0
6142 0
6143 0
6144 3
6145 2
6146 1
6147 0
6148 0
6149 3
6150 3
6151 0
6152 1
6153 0
6154 0
6155 0
6156 0
6157 0
6158 0
6159 0
6160 3
6161 0
6162 0
6163 3
6164 3
6165 0
6166 1
6167 0
6168 3
6169 1
6170 3
6171 3
6172 0
6173 0
6174 0
6175 0
6176 0
6177 3
6178 2
6179 2
6180 0
6181 0
6182 3
6183 0
6184 0
6185 1
6186 0
6187 3
6188 3
6189 0
6190 3
6191 3
6192 1
6193 3
6194 3
6195 0
6196 0
6197 3
6198 0
6199 0
6200 2
6201 0
6202 0
6203 0
6204 1
6205 3
6206 3
6207 3
6208 3
6209 0
6210 1
6211 0
6212 0
6213 0
6214 3
6215 3
6216 3
6217 3
6218 3
6219 0
6220 3
6221 3
6222 3
6223 3
6224 3
6225 3
6226 2
6227 0
6228 3
6229 0
6230 0
6231 0
6232 0
6233 3
6234 0
6235 0
6236 3
6237 0
6238 3
6239 3
6240 0
6241 0
6242 3
6243 3
6244 0
6245 3
6246 3
6247 0
6248 0
6249 0
6250 3
6251 0
6252 0
6253 0
6254 3
6255 3
6256 1
6257 3
6258 3
6259 3
6260 3
6261 1
6262 3
6263 3
6264 3
6265 3
6266 0
6267 0
6268 3
6269 3
6270 0
6271 0
6272 1
6273 1
6274 3
6275 3
6276 0
6277 0
6278 0
6279 0
6280 2
6281 2
6282 3
6283 2
6284 0
6285 0
6286 0
6287 3
6288 0
6289 3
6290 0
6291 3
6292 3
6293 0
6294 0
6295 0
6296 1
6297 0
6298 3
6299 1
6300 0
6301 0
6302 3
6303 3
6304 3
6305 2
6306 2
6307 0
6308 3
6309 2
6310 0
6311 3
6312 0
6313 3
6314 0
6315 0
6316 3
6317 3
6318 0
6319 2
6320 0
6321 3
6322 3
6323 3
6324 0
6325 1
6326 1
6327 3
6328 0
6329 3
6330 3
6331 0
6332 0
6333 0
6334 0
6335 0
6336 0
6337 0
6338 0
6339 0
6340 2
6341 0
6342 2
6343 0
6344 0
6345 3
6346 3
6347 0
6348 0
6349 3
6350 0
6351 0
6352 3
6353 3
6354 0
6355 3
6356 3
6357 3
6358 2
6359 3
6360 0
6361 2
6362 0
6363 0
6364 3
6365 2
6366 0
6367 0
6368 3
6369 2
6370 3
6371 0
6372 0
6373 0
6374 2
6375 3
6376 0
6377 0
6378 3
6379 3
6380 0
6381 3
6382 3
6383 3
6384 1
6385 0
6386 3
6387 3
6388 0
6389 1
6390 0
6391 1
6392 0
6393 0
6394 2
6395 2
6396 1
6397 3
6398 0
6399 3
6400 0
6401 0
6402 3
6403 2
6404 2
6405 2
6406 3
6407 3
6408 0
6409 2
6410 0
6411 3
6412 1
6413 0
6414 3
6415 0
6416 1
6417 3
6418 0
6419 0
6420 0
6421 2
6422 2
6423 0
6424 2
6425 2
6426 0
6427 0
6428 2
6429 2
6430 2
6431 2
6432 3
6433 3
6434 2
6435 3
6436 3
6437 2
6438 0
6439 3
6440 2
6441 0
6442 2
6443 3
6444 2
6445 3
6446 0
6447 0
6448 0
6449 0
6450 2
6451 0
6452 2
6453 2
6454 3
6455 2
6456 2
6457 2
6458 2
6459 3
6460 2
6461 2
6462 2
6463 2
6464 2
6465 1
6466 2
6467 0
6468 2
6469 2
6470 0
6471 2
6472 2
6473 2
6474 2
6475 0
6476 3
6477 0
6478 3
6479 2
6480 2
6481 2
6482 2
6483 2
6484 2
6485 0
6486 2
6487 2
6488 2
6489 2
6490 2
6491 0
6492 0
6493 0
6494 3
6495 3
6496 0
6497 0
6498 0
6499 2
6500 3
6501 3
6502 3
6503 3
6504 3
6505 0
6506 3
6507 0
6508 2
6509 0
6510 0
6511 1
6512 0
6513 1
6514 0
6515 0
6516 1
6517 1
6518 0
6519 2
6520 1
6521 0
6522 0
6523 3
6524 1
6525 3
6526 0
6527 1
6528 0
6529 1
6530 0
6531 3
6532 1
6533 1
6534 1
6535 1
6536 0
6537 0
6538 2
6539 1
6540 0
6541 1
6542 1
6543 1
6544 1
6545 3
6546 1
6547 2
6548 3
6549 2
6550 0
6551 0
6552 2
6553 2
6554 2
6555 2
6556 4
6557 0
6558 4
6559 4
6560 4
6561 4
6562 3
6563 2
6564 0
6565 3
6566 0
6567 2
6568 3
6569 2
6570 2
6571 2
6572 0
6573 0
6574 2
6575 2
6576 0
6577 2
6578 2
6579 2
6580 3
6581 3
6582 3
6583 0
6584 3
6585 0
6586 3
6587 2
6588 1
6589 1
6590 3
6591 3
6592 0
6593 3
6594 2
6595 3
6596 3
6597 0
6598 0
6599 0
6600 0
6601 0
6602 3
6603 0
6604 3
6605 0
6606 0
6607 0
6608 0
6609 3
6610 3
6611 1
6612 0
6613 0
6614 0
6615 0
6616 0
6617 0
6618 3
6619 1
6620 1
6621 1
6622 1
6623 1
6624 2
6625 1
6626 10
6627 1
6628 1
6629 0
6630 0
6631 1
6632 1
6633 1
6634 2
6635 3
6636 1
6637 1
6638 0
6639 1
6640 0
6641 0
6642 0
6643 2
6644 0
6645 2
6646 3
6647 2
6648 2
6649 1
6650 2
6651 3
6652 1
6653 1
6654 0
6655 0
6656 0
6657 0
6658 0
6659 2
6660 0
6661 1
6662 1
6663 1
6664 0
6665 0
6666 0
6667 1
6668 1
6669 2
6670 3
6671 2
6672 3
6673 3
6674 0
6675 3
6676 3
6677 3
6678 3
6679 5
6680 1
6681 5
6682 0
6683 5
6684 5
6685 0
6686 0
6687 3
6688 0
6689 0
6690 0
6691 0
6692 0
6693 0
6694 0
6695 0
6696 2
6697 3
6698 3
6699 3
6700 3
6701 3
6702 3
6703 3
6704 3
6705 3
6706 3
6707 2
6708 0
6709 3
6710 3
6711 0
6712 2
6713 2
6714 2
6715 0
6716 2
6717 0
6718 2
6719 2
6720 2
6721 2
6722 2
6723 2
6724 2
6725 2
6726 2
6727 2
6728 2
6729 2
6730 0
6731 0
6732 0
6733 0
6734 0
6735 2
6736 3
6737 3
6738 3
6739 3
6740 1
6741 2
6742 2
6743 2
6744 3
6745 0
6746 3
6747 0
6748 0
6749 0
6750 3
6751 0
6752 0
6753 3
6754 1
6755 0
6756 0
6757 0
6758 3
6759 0
6760 0
6761 0
6762 2
6763 0
6764 0
6765 0
6766 0
6767 1
6768 1
6769 0
6770 3
6771 3
6772 0
6773 3
6774 3
6775 0
6776 0
6777 0
6778 2
6779 2
6780 2
6781 2
6782 2
6783 2
6784 2
6785 2
6786 2
6787 2
6788 3
6789 3
6790 3
6791 0
6792 2
6793 0
6794 3
6795 3
6796 0
6797 0
6798 0
6799 1
6800 2
6801 2
6802 0
6803 0
6804 1
6805 0
6806 2
6807 2
6808 0
6809 1
6810 0
6811 3
6812 0
6813 3
6814 0
6815 0
6816 0
6817 0
6818 3
6819 2
6820 0
6821 0
6822 0
6823 2
6824 2
6825 2
6826 2
6827 0
6828 0
6829 0
6830 2
6831 3
6832 2
6833 2
6834 2
6835 2
6836 0
6837 0
6838 0
6839 0
6840 3
6841 0
6842 0
6843 0
6844 0
6845 0
6846 0
6847 0
6848 0
6849 0
6850 0
6851 0
6852 0
6853 0
6854 0
6855 0
6856 0
6857 0
6858 0
6859 0
6860 0
6861 0
6862 0
6863 0
6864 0
6865 0
6866 1
6867 0
6868 3
6869 0
6870 0
6871 0
6872 0
6873 0
6874 0
6875 0
6876 0
6877 0
6878 0
6879 0
6880 1
6881 0
6882 0
6883 0
6884 0
6885 0
6886 3
6887 0
6888 0
6889 0
6890 0
6891 0
6892 0
6893 0
6894 0
6895 3
6896 0
6897 0
6898 0
6899 0
6900 0
6901 0
6902 0
6903 0
6904 0
6905 0
6906 0
6907 0
6908 3
6909 1
6910 0
6911 0
6912 0
6913 0
6914 0
6915 0
6916 0
6917 0
6918 0
6919 0
6920 0
6921 0
6922 0
6923 0
6924 0
6925 0
6926 0
6927 0
6928 1
6929 0
6930 0
6931 0
6932 0
6933 0
6934 0
6935 2
6936 1
6937 0
6938 0
6939 0
6940 0
6941 0
6942 0
6943 3
6944 0
6945 0
6946 0
6947 0
6948 0
6949 0
6950 0
6951 0
6952 0
6953 0
6954 0
6955 0
6956 0
6957 0
6958 3
6959 0
6960 3
6961 0
6962 0
6963 0
6964 0
6965 0
6966 0
6967 0
6968 0
6969 3
6970 3
6971 3
6972 0
6973 0
6974 3
6975 1
6976 0
6977 0
6978 0
6979 0
6980 0
6981 0
6982 0
6983 1
6984 0
6985 0
6986 0
6987 0
6988 0
6989 0
6990 0
6991 0
6992 0
6993 0
6994 0
6995 3
6996 0
6997 0
6998 0
6999 0
7000 0
7001 0
7002 0
7003 0
7004 2
7005 0
7006 2
7007 0
7008 3
7009 0
7010 3
7011 0
7012 0
7013 0
7014 0
7015 3
7016 3
7017 3
7018 3
7019 0
7020 0
7021 0
7022 0
7023 0
7024 0
7025 0
7026 0
7027 0
7028 0
7029 3
7030 0
7031 0
7032 1
7033 0
7034 0
7035 3
7036 0
7037 0
7038 0
7039 0
7040 0
7041 0
7042 0
7043 0
7044 0
7045 0
7046 0
7047 0
7048 3
7049 0
7050 0
7051 0
7052 0
7053 0
7054 2
7055 0
7056 0
7057 0
7058 0
7059 0
7060 0
7061 0
7062 0
7063 0
7064 3
7065 3
7066 0
7067 0
7068 0
7069 0
7070 0
7071 0
7072 0
7073 3
7074 0
7075 0
7076 0
7077 0
7078 0
7079 0
7080 0
7081 0
7082 3
7083 0
7084 0
7085 0
7086 0
7087 3
7088 0
7089 0
7090 0
7091 3
7092 0
7093 0
7094 1
7095 0
7096 0
7097 0
7098 0
7099 1
7100 0
7101 0
7102 0
7103 0
7104 0
7105 3
7106 0
7107 2
7108 3
7109 0
7110 0
7111 0
7112 0
7113 0
7114 0
7115 3
7116 0
7117 3
7118 3
7119 0
7120 0
7121 0
7122 0
7123 0
7124 0
7125 0
7126 0
7127 0
7128 3
7129 0
7130 0
7131 3
7132 0
7133 0
7134 0
7135 0
7136 3
7137 0
7138 0
7139 0
7140 0
7141 0
7142 1
7143 0
7144 0
7145 3
7146 0
7147 0
7148 0
7149 3
7150 0
7151 0
7152 0
7153 0
7154 0
7155 0
7156 0
7157 0
7158 3
7159 0
7160 0
7161 0
7162 0
7163 0
7164 0
7165 0
7166 3
7167 0
7168 0
7169 0
7170 0
7171 0
7172 0
7173 0
7174 0
7175 3
7176 3
7177 0
7178 12
7179 0
7180 0
7181 0
7182 0
7183 0
7184 0
7185 0
7186 2
7187 0
7188 0
7189 0
7190 0
7191 0
7192 0
7193 0
7194 0
7195 0
7196 0
7197 0
7198 0
7199 1
7200 0
7201 0
7202 0
7203 0
7204 0
7205 0
7206 0
7207 0
7208 0
7209 0
7210 0
7211 0
7212 0
7213 0
7214 2
7215 0
7216 0
7217 0
7218 0
7219 0
7220 2
7221 0
7222 0
7223 0
7224 0
7225 3
7226 2
7227 0
7228 0
7229 0
7230 0
7231 0
7232 0
7233 0
7234 0
7235 0
7236 0
7237 0
7238 2
7239 0
7240 0
7241 3
7242 7
7243 3
7244 3
7245 0
7246 0
7247 0
7248 0
7249 0
7250 0
7251 0
7252 0
7253 0
7254 0
7255 0
7256 0
7257 0
7258 0
7259 0
7260 0
7261 0
7262 0
7263 1
7264 3
7265 3
7266 1
7267 0
7268 1
7269 1
7270 3
7271 1
7272 0
7273 3
7274 0
7275 3
7276 3
7277 3
7278 0
7279 3
7280 3
7281 0
7282 2
7283 0
7284 3
7285 0
7286 0
7287 0
7288 2
7289 3
7290 3
7291 3
7292 3
7293 3
7294 3
7295 2
7296 3
7297 3
7298 3
7299 3
7300 3
7301 3
7302 3
7303 3
7304 3
7305 3
7306 3
7307 3
7308 3
7309 0
7310 3
7311 3
7312 3
7313 3
7314 3
7315 3
7316 3
7317 3
7318 3
7319 3
7320 3
7321 3
7322 3
7323 3
7324 3
7325 3
7326 3
7327 3
7328 3
7329 3
7330 3
7331 3
7332 3
7333 0
7334 2
7335 2
7336 3
7337 1
7338 2
7339 2
7340 2
7341 2
7342 3
7343 3
7344 3
7345 3
7346 2
7347 3
7348 3
7349 0
7350 3
7351 3
7352 3
7353 3
7354 3
7355 3
7356 3
7357 3
7358 0
7359 0
7360 0
7361 3
7362 3
7363 3
7364 3
7365 3
7366 3
7367 3
7368 3
7369 2
7370 3
7371 3
7372 3
7373 2
7374 1
7375 2
7376 2
7377 2
7378 2
7379 0
7380 2
7381 3
7382 2
7383 2
7384 2
7385 0
7386 0
7387 2
7388 10
7389 0
7390 0
7391 1
7392 2
7393 2
7394 3
7395 0
7396 1
7397 2
7398 0
7399 10
7400 0
7401 10
7402 3
7403 1
7404 3
7405 1
7406 3
7407 3
7408 3
7409 3
7410 0
7411 3
7412 2
7413 1
7414 1
7415 1
7416 3
7417 1
7418 1
7419 0
7420 0
7421 0
7422 0
7423 0
7424 0
7425 0
7426 0
7427 0
7428 0
7429 0
7430 0
7431 0
7432 0
7433 0
7434 0
7435 0
7436 0
7437 0
7438 0
7439 0
7440 0
7441 0
7442 0
7443 0
7444 0
7445 0
7446 0
7447 0
7448 0
7449 3
7450 0
7451 2
7452 3
7453 3
7454 0
7455 2
7456 1
7457 0
7458 2
7459 2
7460 2
7461 2
7462 0
7463 2
7464 2
7465 2
7466 2
7467 2
7468 2
7469 3
7470 2
7471 0
7472 2
7473 1
7474 1
7475 0
7476 10
7477 1
7478 2
7479 3
7480 2
7481 2
7482 3
7483 3
7484 2
7485 3
7486 3
7487 3
7488 3
7489 3
7490 3
7491 3
7492 3
7493 3
7494 3
7495 3
7496 3
7497 3
7498 3
7499 3
7500 3
7501 3
7502 3
7503 3
7504 3
7505 3
7506 3
7507 1
7508 3
7509 2
7510 1
7511 2
7512 3
7513 2
7514 1
7515 2
7516 2
7517 2
7518 0
7519 2
7520 1
7521 1
7522 1
7523 2
7524 2
7525 0
7526 2
7527 2
7528 2
7529 2
7530 2
7531 2
7532 2
7533 2
7534 2
7535 1
7536 2
7537 0
7538 2
7539 2
7540 2
7541 2
7542 2
7543 2
7544 2
7545 0
7546 2
7547 2
7548 0
7549 3
7550 3
7551 2
7552 2
7553 3
7554 3
7555 0
7556 2
7557 2
7558 0
7559 6
7560 6
7561 6
7562 3
7563 3
7564 3
7565 0
7566 3
7567 3
7568 3
7569 1
7570 0
7571 3
7572 3
7573 0
7574 3
7575 3
7576 3
7577 10
7578 3
7579 3
7580 3
7581 0
7582 3
7583 3
7584 3
7585 3
7586 3
7587 3
7588 2
7589 3
7590 3
7591 3
7592 3
7593 2
7594 3
7595 3
7596 3
7597 3
7598 3
7599 3
7600 0
7601 0
7602 0
7603 0
7604 0
7605 2
7606 2
7607 2
7608 2
7609 2
7610 2
7611 2
7612 2
7613 2
7614 2
7615 2
7616 0
7617 2
7618 2
7619 2
7620 2
7621 2
7622 3
7623 3
7624 2
7625 0
7626 0
7627 0
7628 1
7629 0
7630 0
7631 0
7632 2
7633 2
7634 2
7635 2
7636 2
7637 2
7638 2
7639 2
7640 3
7641 2
7642 2
7643 2
7644 2
7645 2
7646 2
7647 2
7648 2
7649 2
7650 0
7651 2
7652 2
7653 2
7654 2
7655 3
7656 1
7657 3
7658 0
7659 0
7660 3
7661 2
7662 0
7663 3
7664 0
7665 0
7666 3
7667 0
7668 3
7669 0
7670 2
7671 0
7672 3
7673 2
7674 0
7675 0
7676 3
7677 0
7678 3
7679 2
7680 3
7681 3
7682 3
7683 0
7684 3
7685 0
7686 3
7687 12
7688 0
7689 0
7690 3
7691 0
7692 3
7693 0
7694 3
7695 0
7696 0
7697 3
7698 10
7699 1
7700 1
7701 1
7702 1
7703 3
7704 1
7705 1
7706 2
7707 0
7708 1
7709 2
7710 3
7711 1
7712 1
7713 0
7714 0
7715 1
7716 3
7717 3
7718 3
7719 0
7720 1
7721 3
7722 0
7723 3
7724 0
7725 0
7726 0
7727 3
7728 3
7729 3
7730 3
7731 3
7732 1
7733 1
7734 2
7735 3
7736 3
7737 3
7738 10
7739 1
7740 0
7741 1
7742 3
7743 10
7744 7
7745 3
7746 1
7747 1
7748 1
7749 3
7750 0
7751 0
7752 2
7753 2
7754 2
7755 2
7756 2
7757 2
7758 2
7759 2
7760 2
7761 2
7762 2
7763 2
7764 0
7765 0
7766 0
7767 0
7768 0
7769 0
7770 7
7771 7
7772 7
7773 7
7774 7
7775 7
7776 7
7777 3
7778 7
7779 7
7780 7
7781 3
7782 7
7783 0
7784 1
7785 1
7786 2
7787 10
7788 0
7789 0
7790 0
7791 0
7792 0
7793 0
7794 0
7795 0
7796 0
7797 0
7798 10
7799 0
7800 0
7801 1
7802 0
7803 2
7804 3
7805 2
7806 0
7807 3
7808 0
7809 3
7810 3
7811 2
7812 0
7813 0
7814 0
7815 3
7816 3
7817 1
7818 2
7819 1
7820 1
7821 1
7822 1
7823 3
7824 3
7825 3
7826 2
7827 10
7828 2
7829 3
7830 3
7831 0
7832 3
7833 0
7834 0
7835 0
7836 0
7837 0
7838 1
7839 3
7840 2
7841 0
7842 0
7843 0
7844 0
7845 0
7846 0
7847 2
7848 0
7849 2
7850 1
7851 3
7852 1
7853 0
7854 0
7855 0
7856 0
7857 0
7858 2
7859 1
7860 3
7861 2
7862 2
7863 2
7864 0
7865 3
7866 0
7867 0
7868 0
7869 3
7870 3
7871 3
7872 3
7873 3
7874 3
7875 3
7876 3
7877 0
7878 0
7879 0
7880 0
7881 3
7882 3
7883 0
7884 0
7885 0
7886 3
7887 3
7888 0
7889 2
7890 2
7891 3
7892 2
7893 3
7894 3
7895 2
7896 2
7897 3
7898 3
7899 3
7900 2
7901 3
7902 3
7903 2
7904 2
7905 3
7906 3
7907 3
7908 2
7909 3
7910 2
7911 2
7912 2
7913 2
7914 2
7915 2
7916 2
7917 2
7918 2
7919 2
7920 2
7921 2
7922 2
7923 2
7924 2
7925 2
7926 2
7927 2
7928 2
7929 2
7930 2
7931 2
7932 2
7933 2
7934 2
7935 2
7936 2
7937 2
7938 2
7939 2
7940 2
7941 2
7942 2
7943 2
7944 2
7945 2
7946 2
7947 2
7948 2
7949 2
7950 2
7951 2
7952 2
7953 2
7954 2
7955 2
7956 2
7957 2
7958 2
7959 2
7960 0
7961 2
7962 2
7963 2
7964 2
7965 2
7966 2
7967 2
7968 2
7969 2
7970 2
7971 2
7972 2
7973 2
7974 2
7975 2
7976 2
7977 2
7978 2
7979 3
7980 2
7981 2
7982 2
7983 2
7984 2
7985 2
7986 2
7987 2
7988 2
7989 2
7990 2
7991 2
7992 2
7993 2
7994 2
7995 2
7996 2
7997 2
7998 2
7999 2
8000 2
8001 2
8002 2
8003 2
8004 2
8005 2
8006 2
8007 2
8008 2
8009 2
8010 2
8011 2
8012 2
8013 2
8014 2
8015 2
8016 2
8017 2
8018 2
8019 2
8020 2
8021 2
8022 2
8023 2
8024 2
8025 2
8026 2
8027 2
8028 2
8029 0
8030 0
8031 2
8032 0
8033 2
8034 0
8035 0
8036 0
8037 0
8038 0
8039 2
8040 0
8041 0
8042 0
8043 0
8044 0
8045 0
8046 3
8047 3
8048 3
8049 3
8050 3
8051 3
8052 3
8053 3
8054 1
8055 3
8056 3
8057 3
8058 0
8059 3
8060 3
8061 3
8062 3
8063 0
8064 0
8065 0
8066 0
8067 0
8068 0
8069 1
8070 1
8071 0
8072 0
8073 1
8074 0
8075 0
8076 0
8077 1
8078 1
8079 0
8080 0
8081 3
8082 3
8083 0
8084 0
8085 2
8086 3
8087 3
8088 3
8089 0
8090 2
8091 2
8092 2
8093 2
8094 2
8095 2
8096 2
8097 2
8098 2
8099 2
8100 2
8101 2
8102 2
8103 3
8104 2
8105 3
8106 1
8107 3
8108 2
8109 2
8110 2
8111 2
8112 0
8113 3
8114 3
8115 3
8116 3
8117 3
8118 3
8119 3
8120 3
8121 3
8122 0
8123 3
8124 3
8125 3
8126 2
8127 3
8128 3
8129 3
8130 3
8131 3
8132 3
8133 3
8134 3
8135 3
8136 2
8137 3
8138 3
8139 3
8140 2
8141 3
8142 3
8143 3
8144 3
8145 3
8146 3
8147 2
8148 3
8149 3
8150 3
8151 3
8152 3
8153 3
8154 3
8155 3
8156 3
8157 3
8158 3
8159 3
8160 3
8161 3
8162 3
8163 3
8164 3
8165 3
8166 3
8167 1
8168 2
8169 3
8170 0
8171 1
8172 1
8173 2
8174 2
8175 3
8176 3
8177 3
8178 3
8179 0
8180 2
8181 2
8182 2
8183 2
8184 2
8185 3
8186 2
8187 3
8188 3
8189 0
8190 2
8191 0
8192 2
8193 0
8194 2
8195 3
8196 3
8197 8
8198 8
8199 8
8200 8
8201 3
8202 3
8203 1
8204 0
8205 2
8206 2
8207 2
8208 1
8209 2
8210 0
8211 2
8212 2
8213 2
8214 2
8215 2
8216 2
8217 2
8218 0
8219 1
8220 2
8221 0
8222 0
8223 0
8224 1
8225 0
8226 3
8227 3
8228 1
8229 1
8230 3
8231 1
8232 1
8233 0
8234 1
8235 1
8236 1
8237 1
8238 1
8239 1
8240 0
8241 0
8242 0
8243 0
8244 10
8245 3
8246 3
8247 2
8248 0
8249 0
8250 3
8251 9
8252 9
8253 9
8254 9
8255 0
8256 1
8257 3
8258 3
8259 3
8260 0
8261 0
8262 0
8263 0
8264 0
8265 0
8266 0
8267 0
8268 0
8269 0
8270 0
8271 0
8272 0
8273 0
8274 0
8275 0
8276 0
8277 0
8278 1
8279 1
8280 3
8281 2
8282 0
8283 2
8284 0
8285 3
8286 3
8287 2
8288 1
8289 3
8290 3
8291 3
8292 3
8293 3
8294 3
8295 3
8296 3
8297 3
8298 3
8299 3
8300 3
8301 3
8302 0
8303 1
8304 0
8305 0
8306 10
8307 3
8308 0
8309 0
8310 0
8311 0
8312 0
8313 3
8314 2
8315 2
8316 2
8317 0
8318 0
8319 10
8320 3
8321 2
8322 0
8323 0
8324 2
8325 0
8326 1
8327 2
8328 2
8329 3
8330 10
8331 10
8332 10
8333 10
8334 10
8335 10
8336 10
8337 10
8338 10
8339 10
8340 10
8341 10
8342 10
8343 10
8344 10
8345 10
8346 10
8347 10
8348 10
8349 10
8350 10
8351 10
8352 10
8353 10
8354 10
8355 10
8356 10
8357 10
8358 10
8359 10
8360 10
8361 10
8362 10
8363 10
8364 10
8365 1
8366 2
8367 0
8368 0
8369 1
8370 2
8371 3
8372 1
8373 1
8374 1
8375 1
8376 1
8377 1
8378 0
8379 0
8380 0
8381 3
8382 3
8383 3
8384 1
8385 1
8386 1
8387 1
8388 3
8389 3
8390 3
8391 1
8392 10
8393 3
8394 10
8395 3
8396 0
8397 0
8398 1
8399 1
8400 1
8401 3
8402 1
8403 2
8404 2
8405 2
8406 2
8407 2
8408 2
8409 2
8410 2
8411 2
8412 0
8413 3
8414 3
8415 3
8416 3
8417 3
8418 3
8419 3
8420 3
8421 3
8422 3
8423 3
8424 3
8425 3
8426 3
8427 3
8428 3
8429 3
8430 3
8431 3
8432 3
8433 3
8434 3
8435 3
8436 3
8437 3
8438 3
8439 3
8440 3
8441 3
8442 3
8443 3
8444 3
8445 3
8446 3
8447 3
8448 1
8449 1
8450 2
8451 11
8452 11
8453 1
8454 3
8455 2
8456 3
8457 3
8458 3
8459 3
8460 2
8461 2
8462 0
8463 2
8464 2
8465 2
8466 2
8467 2
8468 2
8469 0
8470 0
8471 0
8472 0
8473 12
8474 12
8475 12
8476 12
8477 12
8478 12
network of communities computed : Thu Jan  7 08:46:56 2010

network : 13 nodes, 79 links, 226141444 weight.
pass number 1 of -1 : 0.0877035 0.0867209
pass number 2 of -1 : 0.0877035 0.0877035
communities computed : Thu Jan  7 08:46:56 2010
modularity increased from 0.0867209 to 0.0877035
0 3
1 0
2 1
3 1
4 2
5 1
6 3
7 4
8 1
9 5
10 6
11 7
12 1
network of communities computed : Thu Jan  7 08:46:56 2010

network : 8 nodes, 36 links, 226141444 weight.
pass number 1 of -1 : 0.0877035 0.0877035
communities computed : Thu Jan  7 08:46:56 2010
modularity increased from 0.0877035 to 0.0877035
0 0
1 1
2 2
3 3
4 4
5 5
6 6
7 7
network of communities computed : Thu Jan  7 08:46:56 2010
1e-06 0.0877035 389
