Sender: LSF System <lsfadmin@bc09-n11>
Subject: Job 429315: <comm_pct10> Done

Job <comm_pct10> was submitted from host <bc10-n13> by user <jabloche> in cluster <lucky>.
Job was executed on host(s) <bc09-n11>, in queue <week>, as user <jabloche> in cluster <lucky>.
</afs/isis.unc.edu/home/j/a/jabloche> was used as the home directory.
</netscr/jabloche/FirmNetworks/cLouvain> was used as the working directory.
Started at Thu Jan  7 08:40:22 2010
Results reported at Thu Jan  7 08:46:32 2010

Your job looked like:

------------------------------------------------------------
# LSBATCH: User input
/netscr/jabloche/FirmNetworks/cLouvain/community /smallfs/jabloche/fn_edge/el_pct10.bin -l -1 -w
------------------------------------------------------------

Successfully completed.

Resource usage summary:

    CPU time   :    271.62 sec.
    Max Memory :       232 MB
    Max Swap   :       381 MB

    Max Processes  :         4
    Max Threads    :         4

The output (if any) follows:

Your home directory for this job is /netscr/jabloche
start : Thu Jan  7 08:40:27 2010
total : 14791421
file read : Thu Jan  7 08:42:01 2010
network : 8186 nodes, 14791421 links, 228806108 weight.
pass number 1 of -1 : 0.0601829 -0.000219133
pass number 2 of -1 : 0.0706911 0.0601829
pass number 3 of -1 : 0.0754824 0.0706911
pass number 4 of -1 : 0.080132 0.0754824
pass number 5 of -1 : 0.0817475 0.080132
pass number 6 of -1 : 0.0819392 0.0817475
pass number 7 of -1 : 0.0819586 0.0819392
pass number 8 of -1 : 0.0819588 0.0819586
communities computed : Thu Jan  7 08:46:31 2010
modularity increased from -0.000219133 to 0.0819588
0 12
1 1
2 12
3 12
4 12
5 8
6 12
7 12
8 12
9 12
10 8
11 12
12 12
13 12
14 12
15 12
16 12
17 12
18 12
19 8
20 12
21 12
22 12
23 12
24 8
25 12
26 12
27 12
28 12
29 12
30 8
31 12
32 12
33 8
34 12
35 12
36 12
37 8
38 0
39 8
40 12
41 12
42 8
43 12
44 8
45 12
46 12
47 12
48 12
49 12
50 12
51 12
52 12
53 12
54 12
55 12
56 12
57 12
58 12
59 12
60 12
61 12
62 12
63 12
64 12
65 8
66 12
67 12
68 12
69 8
70 12
71 12
72 12
73 8
74 8
75 12
76 12
77 12
78 12
79 12
80 12
81 12
82 12
83 12
84 12
85 12
86 12
87 1
88 8
89 1
90 8
91 12
92 1
93 0
94 1
95 12
96 12
97 12
98 12
99 1
100 12
101 1
102 12
103 1
104 1
105 1
106 12
107 1
108 0
109 1
110 12
111 1
112 1
113 1
114 8
115 1
116 1
117 1
118 1
119 1
120 1
121 8
122 12
123 8
124 12
125 12
126 8
127 8
128 12
129 0
130 0
131 8
132 12
133 0
134 1
135 12
136 12
137 12
138 8
139 8
140 8
141 12
142 8
143 12
144 12
145 8
146 8
147 12
148 8
149 8
150 8
151 12
152 12
153 12
154 12
155 12
156 12
157 12
158 12
159 12
160 8
161 8
162 12
163 12
164 0
165 12
166 12
167 8
168 12
169 8
170 12
171 8
172 12
173 12
174 8
175 8
176 12
177 12
178 8
179 8
180 12
181 8
182 12
183 8
184 8
185 12
186 12
187 8
188 8
189 8
190 8
191 8
192 12
193 12
194 12
195 8
196 12
197 12
198 8
199 1
200 12
201 8
202 1
203 12
204 8
205 12
206 8
207 12
208 12
209 12
210 12
211 12
212 8
213 8
214 8
215 8
216 8
217 12
218 8
219 8
220 12
221 8
222 12
223 12
224 12
225 8
226 8
227 8
228 8
229 0
230 12
231 8
232 12
233 8
234 8
235 8
236 12
237 12
238 12
239 12
240 12
241 12
242 12
243 12
244 8
245 12
246 8
247 8
248 8
249 12
250 8
251 8
252 8
253 8
254 12
255 12
256 8
257 12
258 8
259 12
260 8
261 12
262 12
263 8
264 1
265 12
266 12
267 8
268 12
269 12
270 12
271 0
272 8
273 8
274 12
275 12
276 12
277 12
278 12
279 1
280 12
281 12
282 12
283 8
284 12
285 8
286 8
287 12
288 12
289 0
290 8
291 8
292 8
293 12
294 12
295 8
296 8
297 12
298 8
299 12
300 8
301 12
302 12
303 1
304 12
305 12
306 8
307 8
308 12
309 12
310 12
311 8
312 12
313 8
314 8
315 8
316 12
317 8
318 12
319 12
320 12
321 12
322 8
323 12
324 8
325 12
326 8
327 12
328 8
329 12
330 8
331 12
332 8
333 8
334 1
335 8
336 12
337 8
338 12
339 12
340 12
341 8
342 12
343 12
344 8
345 12
346 1
347 8
348 8
349 8
350 8
351 12
352 8
353 8
354 8
355 8
356 8
357 8
358 1
359 12
360 12
361 12
362 8
363 12
364 12
365 0
366 12
367 12
368 12
369 8
370 0
371 12
372 12
373 12
374 12
375 12
376 1
377 12
378 12
379 8
380 12
381 8
382 8
383 8
384 8
385 12
386 12
387 8
388 12
389 8
390 12
391 8
392 12
393 12
394 12
395 12
396 8
397 1
398 0
399 12
400 12
401 12
402 0
403 12
404 12
405 12
406 12
407 12
408 8
409 12
410 12
411 12
412 12
413 12
414 8
415 8
416 12
417 8
418 0
419 12
420 8
421 12
422 12
423 8
424 12
425 8
426 12
427 8
428 1
429 12
430 12
431 1
432 12
433 12
434 8
435 8
436 12
437 8
438 0
439 8
440 12
441 12
442 8
443 8
444 8
445 12
446 8
447 12
448 8
449 1
450 1
451 8
452 12
453 8
454 12
455 12
456 8
457 0
458 12
459 8
460 12
461 12
462 8
463 12
464 8
465 8
466 8
467 12
468 8
469 12
470 12
471 8
472 12
473 8
474 12
475 12
476 8
477 12
478 12
479 12
480 8
481 12
482 8
483 12
484 8
485 12
486 8
487 12
488 8
489 12
490 12
491 8
492 12
493 8
494 12
495 12
496 12
497 12
498 12
499 12
500 12
501 8
502 8
503 12
504 8
505 12
506 12
507 12
508 8
509 12
510 12
511 0
512 12
513 8
514 12
515 0
516 12
517 8
518 12
519 12
520 12
521 12
522 0
523 12
524 8
525 0
526 12
527 12
528 12
529 8
530 8
531 12
532 8
533 12
534 8
535 12
536 12
537 8
538 12
539 12
540 8
541 12
542 8
543 8
544 12
545 8
546 8
547 12
548 12
549 12
550 12
551 0
552 12
553 12
554 8
555 8
556 8
557 12
558 8
559 8
560 12
561 8
562 8
563 8
564 1
565 8
566 12
567 1
568 1
569 12
570 0
571 12
572 8
573 0
574 12
575 12
576 8
577 12
578 12
579 12
580 12
581 8
582 8
583 8
584 8
585 12
586 12
587 8
588 12
589 12
590 12
591 12
592 12
593 12
594 12
595 12
596 12
597 8
598 12
599 8
600 12
601 12
602 12
603 8
604 12
605 0
606 12
607 12
608 12
609 8
610 8
611 1
612 1
613 8
614 1
615 12
616 12
617 8
618 12
619 8
620 12
621 12
622 8
623 12
624 12
625 12
626 12
627 12
628 8
629 12
630 12
631 12
632 8
633 12
634 12
635 12
636 12
637 8
638 12
639 12
640 12
641 8
642 12
643 12
644 0
645 12
646 8
647 8
648 8
649 1
650 12
651 12
652 8
653 12
654 0
655 12
656 0
657 8
658 12
659 8
660 12
661 8
662 8
663 12
664 12
665 12
666 8
667 12
668 12
669 8
670 8
671 12
672 12
673 12
674 8
675 8
676 12
677 8
678 12
679 12
680 12
681 8
682 8
683 12
684 12
685 12
686 8
687 8
688 8
689 12
690 0
691 8
692 12
693 12
694 12
695 12
696 8
697 12
698 8
699 12
700 8
701 12
702 12
703 8
704 12
705 8
706 12
707 1
708 12
709 1
710 12
711 8
712 8
713 12
714 12
715 12
716 12
717 12
718 8
719 8
720 12
721 8
722 8
723 12
724 12
725 12
726 0
727 8
728 12
729 8
730 8
731 8
732 12
733 12
734 8
735 12
736 12
737 0
738 12
739 8
740 12
741 12
742 8
743 8
744 8
745 12
746 12
747 12
748 8
749 12
750 12
751 12
752 12
753 12
754 12
755 8
756 12
757 8
758 1
759 12
760 12
761 1
762 0
763 12
764 1
765 8
766 12
767 1
768 12
769 12
770 12
771 8
772 12
773 8
774 8
775 8
776 8
777 8
778 8
779 12
780 12
781 8
782 12
783 12
784 12
785 12
786 12
787 8
788 8
789 12
790 12
791 12
792 12
793 8
794 12
795 8
796 12
797 8
798 8
799 8
800 8
801 12
802 12
803 12
804 8
805 1
806 12
807 8
808 12
809 8
810 8
811 8
812 12
813 12
814 8
815 0
816 12
817 8
818 12
819 8
820 8
821 8
822 12
823 12
824 0
825 8
826 12
827 12
828 8
829 8
830 12
831 8
832 12
833 8
834 12
835 8
836 12
837 8
838 12
839 12
840 8
841 12
842 12
843 8
844 12
845 12
846 12
847 12
848 12
849 8
850 8
851 8
852 8
853 1
854 12
855 12
856 12
857 0
858 12
859 12
860 8
861 8
862 12
863 8
864 12
865 8
866 8
867 12
868 12
869 12
870 8
871 8
872 12
873 8
874 8
875 8
876 12
877 12
878 8
879 8
880 12
881 8
882 12
883 12
884 0
885 8
886 8
887 12
888 8
889 12
890 8
891 12
892 8
893 1
894 12
895 0
896 8
897 12
898 12
899 12
900 12
901 8
902 12
903 12
904 12
905 12
906 8
907 8
908 12
909 12
910 12
911 8
912 8
913 8
914 8
915 12
916 8
917 8
918 12
919 12
920 8
921 8
922 12
923 8
924 8
925 12
926 8
927 12
928 8
929 12
930 12
931 8
932 8
933 12
934 12
935 8
936 1
937 12
938 12
939 8
940 12
941 8
942 1
943 8
944 12
945 12
946 8
947 12
948 8
949 12
950 12
951 8
952 8
953 12
954 8
955 12
956 12
957 12
958 8
959 8
960 8
961 12
962 8
963 8
964 12
965 8
966 12
967 12
968 8
969 8
970 12
971 12
972 8
973 8
974 12
975 8
976 1
977 12
978 12
979 8
980 8
981 8
982 8
983 12
984 0
985 8
986 12
987 12
988 12
989 12
990 12
991 12
992 8
993 8
994 0
995 0
996 12
997 12
998 12
999 8
1000 12
1001 12
1002 1
1003 12
1004 12
1005 12
1006 8
1007 12
1008 0
1009 8
1010 12
1011 12
1012 12
1013 12
1014 8
1015 8
1016 12
1017 8
1018 8
1019 12
1020 8
1021 8
1022 8
1023 12
1024 12
1025 8
1026 8
1027 0
1028 12
1029 8
1030 12
1031 12
1032 0
1033 8
1034 8
1035 8
1036 8
1037 8
1038 12
1039 8
1040 12
1041 12
1042 12
1043 8
1044 12
1045 8
1046 8
1047 12
1048 12
1049 12
1050 12
1051 12
1052 12
1053 12
1054 12
1055 12
1056 12
1057 12
1058 12
1059 12
1060 12
1061 1
1062 1
1063 8
1064 8
1065 12
1066 12
1067 8
1068 0
1069 8
1070 1
1071 1
1072 12
1073 1
1074 12
1075 8
1076 12
1077 0
1078 12
1079 1
1080 1
1081 12
1082 0
1083 12
1084 12
1085 8
1086 3
1087 12
1088 12
1089 1
1090 8
1091 12
1092 12
1093 8
1094 12
1095 8
1096 0
1097 8
1098 12
1099 8
1100 12
1101 8
1102 12
1103 8
1104 1
1105 1
1106 12
1107 12
1108 12
1109 12
1110 8
1111 12
1112 8
1113 12
1114 8
1115 8
1116 1
1117 8
1118 12
1119 1
1120 1
1121 12
1122 12
1123 12
1124 1
1125 12
1126 8
1127 12
1128 8
1129 1
1130 1
1131 12
1132 12
1133 12
1134 8
1135 8
1136 8
1137 12
1138 1
1139 1
1140 8
1141 1
1142 12
1143 0
1144 8
1145 8
1146 8
1147 12
1148 1
1149 8
1150 1
1151 12
1152 8
1153 8
1154 12
1155 8
1156 8
1157 12
1158 12
1159 12
1160 8
1161 8
1162 12
1163 1
1164 8
1165 8
1166 1
1167 8
1168 1
1169 8
1170 12
1171 12
1172 12
1173 12
1174 1
1175 12
1176 8
1177 12
1178 12
1179 1
1180 12
1181 12
1182 0
1183 12
1184 12
1185 8
1186 12
1187 12
1188 12
1189 1
1190 12
1191 8
1192 12
1193 12
1194 8
1195 0
1196 0
1197 0
1198 12
1199 8
1200 8
1201 12
1202 1
1203 8
1204 8
1205 12
1206 12
1207 12
1208 8
1209 1
1210 8
1211 8
1212 1
1213 8
1214 8
1215 8
1216 8
1217 8
1218 0
1219 8
1220 12
1221 12
1222 1
1223 8
1224 12
1225 8
1226 8
1227 0
1228 8
1229 8
1230 8
1231 1
1232 0
1233 12
1234 12
1235 8
1236 8
1237 8
1238 8
1239 8
1240 1
1241 8
1242 8
1243 8
1244 12
1245 8
1246 8
1247 12
1248 8
1249 0
1250 8
1251 8
1252 8
1253 8
1254 12
1255 0
1256 12
1257 12
1258 1
1259 1
1260 8
1261 1
1262 8
1263 1
1264 1
1265 1
1266 8
1267 1
1268 8
1269 12
1270 8
1271 1
1272 8
1273 1
1274 1
1275 8
1276 1
1277 0
1278 0
1279 1
1280 1
1281 12
1282 1
1283 8
1284 1
1285 1
1286 1
1287 1
1288 1
1289 1
1290 1
1291 1
1292 8
1293 1
1294 1
1295 1
1296 1
1297 1
1298 8
1299 1
1300 1
1301 12
1302 1
1303 1
1304 1
1305 1
1306 1
1307 12
1308 1
1309 1
1310 1
1311 1
1312 8
1313 1
1314 1
1315 8
1316 1
1317 1
1318 1
1319 1
1320 1
1321 1
1322 8
1323 1
1324 1
1325 0
1326 1
1327 1
1328 12
1329 12
1330 1
1331 1
1332 1
1333 8
1334 1
1335 1
1336 8
1337 1
1338 8
1339 1
1340 1
1341 1
1342 1
1343 1
1344 1
1345 1
1346 1
1347 0
1348 8
1349 1
1350 1
1351 1
1352 1
1353 1
1354 0
1355 12
1356 8
1357 1
1358 1
1359 1
1360 1
1361 1
1362 1
1363 1
1364 1
1365 1
1366 1
1367 1
1368 1
1369 8
1370 1
1371 1
1372 8
1373 1
1374 12
1375 12
1376 0
1377 1
1378 12
1379 1
1380 8
1381 12
1382 12
1383 12
1384 12
1385 12
1386 12
1387 1
1388 8
1389 1
1390 12
1391 8
1392 12
1393 8
1394 12
1395 12
1396 12
1397 8
1398 12
1399 1
1400 12
1401 12
1402 8
1403 8
1404 12
1405 12
1406 12
1407 12
1408 12
1409 8
1410 12
1411 12
1412 12
1413 8
1414 12
1415 12
1416 12
1417 12
1418 12
1419 12
1420 12
1421 12
1422 12
1423 8
1424 12
1425 12
1426 12
1427 8
1428 12
1429 12
1430 12
1431 12
1432 8
1433 12
1434 12
1435 12
1436 12
1437 8
1438 12
1439 12
1440 12
1441 8
1442 12
1443 12
1444 12
1445 8
1446 12
1447 12
1448 12
1449 12
1450 12
1451 12
1452 12
1453 12
1454 12
1455 12
1456 12
1457 12
1458 12
1459 12
1460 12
1461 8
1462 12
1463 12
1464 12
1465 0
1466 12
1467 12
1468 8
1469 12
1470 8
1471 8
1472 12
1473 12
1474 8
1475 12
1476 12
1477 12
1478 12
1479 12
1480 0
1481 12
1482 12
1483 8
1484 8
1485 12
1486 12
1487 12
1488 8
1489 8
1490 8
1491 12
1492 12
1493 12
1494 8
1495 8
1496 12
1497 0
1498 12
1499 12
1500 12
1501 12
1502 8
1503 12
1504 12
1505 12
1506 8
1507 12
1508 12
1509 8
1510 12
1511 12
1512 12
1513 12
1514 12
1515 12
1516 12
1517 12
1518 8
1519 12
1520 12
1521 12
1522 12
1523 12
1524 8
1525 12
1526 12
1527 12
1528 12
1529 12
1530 12
1531 1
1532 12
1533 12
1534 1
1535 12
1536 8
1537 1
1538 8
1539 1
1540 12
1541 8
1542 1
1543 12
1544 8
1545 12
1546 1
1547 12
1548 1
1549 12
1550 8
1551 12
1552 12
1553 8
1554 12
1555 1
1556 12
1557 12
1558 0
1559 8
1560 8
1561 8
1562 12
1563 1
1564 0
1565 8
1566 7
1567 1
1568 0
1569 1
1570 1
1571 8
1572 1
1573 12
1574 12
1575 1
1576 1
1577 8
1578 8
1579 1
1580 8
1581 12
1582 0
1583 8
1584 8
1585 12
1586 12
1587 8
1588 12
1589 12
1590 1
1591 12
1592 8
1593 12
1594 8
1595 8
1596 1
1597 12
1598 12
1599 8
1600 8
1601 0
1602 12
1603 0
1604 12
1605 8
1606 8
1607 1
1608 12
1609 12
1610 12
1611 8
1612 1
1613 12
1614 12
1615 12
1616 12
1617 12
1618 12
1619 8
1620 0
1621 12
1622 12
1623 1
1624 8
1625 8
1626 8
1627 12
1628 12
1629 1
1630 12
1631 12
1632 12
1633 12
1634 1
1635 8
1636 12
1637 1
1638 12
1639 12
1640 12
1641 1
1642 12
1643 12
1644 8
1645 1
1646 1
1647 12
1648 1
1649 12
1650 12
1651 8
1652 12
1653 8
1654 8
1655 8
1656 12
1657 12
1658 12
1659 0
1660 1
1661 8
1662 0
1663 8
1664 1
1665 0
1666 12
1667 0
1668 1
1669 1
1670 1
1671 8
1672 8
1673 1
1674 12
1675 1
1676 1
1677 12
1678 8
1679 8
1680 12
1681 12
1682 12
1683 0
1684 12
1685 12
1686 8
1687 12
1688 12
1689 1
1690 8
1691 12
1692 12
1693 1
1694 12
1695 1
1696 1
1697 0
1698 8
1699 1
1700 0
1701 1
1702 8
1703 1
1704 1
1705 12
1706 1
1707 12
1708 12
1709 1
1710 0
1711 1
1712 1
1713 8
1714 12
1715 8
1716 12
1717 12
1718 0
1719 1
1720 1
1721 12
1722 8
1723 8
1724 1
1725 8
1726 1
1727 12
1728 12
1729 12
1730 12
1731 12
1732 8
1733 8
1734 12
1735 0
1736 12
1737 12
1738 12
1739 8
1740 1
1741 8
1742 8
1743 8
1744 1
1745 12
1746 8
1747 1
1748 8
1749 8
1750 8
1751 1
1752 12
1753 1
1754 8
1755 1
1756 12
1757 1
1758 12
1759 12
1760 1
1761 8
1762 12
1763 8
1764 12
1765 12
1766 1
1767 0
1768 8
1769 0
1770 8
1771 1
1772 8
1773 8
1774 1
1775 8
1776 12
1777 12
1778 8
1779 12
1780 1
1781 0
1782 8
1783 8
1784 12
1785 8
1786 12
1787 1
1788 1
1789 8
1790 1
1791 8
1792 12
1793 8
1794 12
1795 12
1796 8
1797 0
1798 8
1799 8
1800 8
1801 0
1802 12
1803 12
1804 12
1805 1
1806 12
1807 1
1808 1
1809 8
1810 12
1811 12
1812 1
1813 0
1814 1
1815 8
1816 1
1817 1
1818 8
1819 1
1820 8
1821 1
1822 1
1823 1
1824 12
1825 1
1826 1
1827 1
1828 1
1829 1
1830 1
1831 12
1832 1
1833 12
1834 1
1835 1
1836 1
1837 12
1838 8
1839 12
1840 12
1841 8
1842 12
1843 1
1844 0
1845 1
1846 1
1847 1
1848 1
1849 12
1850 8
1851 12
1852 1
1853 1
1854 12
1855 0
1856 0
1857 1
1858 12
1859 1
1860 1
1861 8
1862 12
1863 1
1864 1
1865 8
1866 1
1867 1
1868 1
1869 12
1870 1
1871 1
1872 1
1873 8
1874 12
1875 1
1876 1
1877 1
1878 1
1879 1
1880 1
1881 8
1882 1
1883 1
1884 1
1885 12
1886 1
1887 12
1888 0
1889 0
1890 1
1891 0
1892 1
1893 1
1894 1
1895 1
1896 1
1897 8
1898 1
1899 1
1900 1
1901 1
1902 1
1903 1
1904 0
1905 1
1906 12
1907 1
1908 1
1909 8
1910 8
1911 12
1912 12
1913 1
1914 0
1915 1
1916 12
1917 1
1918 1
1919 12
1920 1
1921 1
1922 12
1923 1
1924 1
1925 1
1926 8
1927 1
1928 1
1929 1
1930 1
1931 12
1932 1
1933 1
1934 12
1935 1
1936 1
1937 1
1938 1
1939 0
1940 0
1941 1
1942 12
1943 1
1944 1
1945 1
1946 1
1947 1
1948 0
1949 1
1950 12
1951 1
1952 8
1953 8
1954 12
1955 1
1956 8
1957 12
1958 12
1959 12
1960 12
1961 8
1962 0
1963 12
1964 8
1965 8
1966 0
1967 12
1968 12
1969 1
1970 12
1971 1
1972 8
1973 8
1974 1
1975 12
1976 8
1977 12
1978 8
1979 0
1980 0
1981 12
1982 8
1983 12
1984 8
1985 8
1986 1
1987 12
1988 12
1989 8
1990 1
1991 1
1992 1
1993 12
1994 8
1995 12
1996 1
1997 1
1998 0
1999 12
2000 12
2001 8
2002 1
2003 8
2004 12
2005 1
2006 12
2007 8
2008 12
2009 8
2010 8
2011 1
2012 12
2013 1
2014 0
2015 8
2016 8
2017 1
2018 1
2019 12
2020 12
2021 12
2022 1
2023 8
2024 8
2025 12
2026 8
2027 12
2028 8
2029 12
2030 8
2031 8
2032 12
2033 1
2034 12
2035 0
2036 12
2037 1
2038 12
2039 1
2040 1
2041 8
2042 1
2043 8
2044 12
2045 8
2046 1
2047 8
2048 12
2049 12
2050 12
2051 0
2052 1
2053 12
2054 12
2055 0
2056 12
2057 1
2058 1
2059 8
2060 8
2061 1
2062 12
2063 12
2064 1
2065 12
2066 1
2067 1
2068 12
2069 12
2070 8
2071 12
2072 1
2073 12
2074 1
2075 12
2076 0
2077 1
2078 12
2079 12
2080 1
2081 12
2082 12
2083 1
2084 8
2085 8
2086 1
2087 12
2088 0
2089 1
2090 12
2091 12
2092 8
2093 8
2094 12
2095 0
2096 1
2097 1
2098 12
2099 12
2100 8
2101 12
2102 12
2103 8
2104 1
2105 8
2106 12
2107 12
2108 8
2109 12
2110 12
2111 1
2112 12
2113 12
2114 8
2115 8
2116 8
2117 8
2118 8
2119 8
2120 1
2121 1
2122 8
2123 12
2124 12
2125 8
2126 12
2127 12
2128 1
2129 1
2130 1
2131 12
2132 12
2133 8
2134 1
2135 1
2136 12
2137 12
2138 12
2139 12
2140 0
2141 12
2142 12
2143 1
2144 1
2145 12
2146 8
2147 8
2148 1
2149 8
2150 8
2151 1
2152 12
2153 1
2154 12
2155 8
2156 0
2157 12
2158 8
2159 1
2160 8
2161 12
2162 12
2163 1
2164 12
2165 12
2166 8
2167 12
2168 12
2169 12
2170 1
2171 1
2172 1
2173 12
2174 12
2175 8
2176 12
2177 12
2178 1
2179 8
2180 12
2181 8
2182 1
2183 12
2184 12
2185 12
2186 8
2187 1
2188 8
2189 12
2190 12
2191 12
2192 8
2193 12
2194 12
2195 12
2196 0
2197 12
2198 1
2199 1
2200 12
2201 8
2202 12
2203 8
2204 12
2205 12
2206 1
2207 8
2208 12
2209 12
2210 1
2211 1
2212 1
2213 12
2214 1
2215 1
2216 1
2217 12
2218 8
2219 12
2220 12
2221 12
2222 1
2223 12
2224 1
2225 12
2226 1
2227 8
2228 12
2229 12
2230 12
2231 8
2232 12
2233 8
2234 12
2235 12
2236 1
2237 8
2238 1
2239 12
2240 1
2241 12
2242 8
2243 1
2244 8
2245 12
2246 1
2247 8
2248 0
2249 8
2250 8
2251 1
2252 12
2253 8
2254 1
2255 1
2256 8
2257 0
2258 0
2259 1
2260 8
2261 8
2262 1
2263 8
2264 12
2265 12
2266 12
2267 0
2268 1
2269 1
2270 12
2271 8
2272 12
2273 12
2274 12
2275 12
2276 1
2277 0
2278 8
2279 12
2280 8
2281 8
2282 12
2283 8
2284 8
2285 1
2286 1
2287 1
2288 1
2289 8
2290 12
2291 0
2292 1
2293 1
2294 1
2295 1
2296 0
2297 12
2298 8
2299 8
2300 0
2301 8
2302 1
2303 8
2304 1
2305 8
2306 8
2307 8
2308 1
2309 1
2310 1
2311 12
2312 12
2313 12
2314 1
2315 8
2316 8
2317 12
2318 12
2319 1
2320 1
2321 1
2322 0
2323 12
2324 8
2325 1
2326 8
2327 1
2328 12
2329 12
2330 1
2331 8
2332 1
2333 1
2334 12
2335 1
2336 1
2337 1
2338 8
2339 8
2340 8
2341 12
2342 12
2343 8
2344 12
2345 12
2346 0
2347 12
2348 12
2349 1
2350 12
2351 1
2352 12
2353 0
2354 12
2355 12
2356 0
2357 1
2358 8
2359 8
2360 8
2361 12
2362 12
2363 1
2364 1
2365 12
2366 12
2367 1
2368 1
2369 1
2370 0
2371 1
2372 12
2373 12
2374 12
2375 12
2376 1
2377 1
2378 1
2379 1
2380 0
2381 1
2382 12
2383 8
2384 0
2385 8
2386 1
2387 12
2388 12
2389 0
2390 8
2391 12
2392 1
2393 12
2394 12
2395 12
2396 1
2397 1
2398 12
2399 1
2400 12
2401 12
2402 1
2403 1
2404 12
2405 12
2406 12
2407 0
2408 12
2409 0
2410 12
2411 8
2412 1
2413 12
2414 1
2415 12
2416 12
2417 8
2418 12
2419 12
2420 1
2421 0
2422 1
2423 12
2424 12
2425 12
2426 8
2427 12
2428 12
2429 8
2430 12
2431 8
2432 0
2433 1
2434 12
2435 12
2436 12
2437 8
2438 1
2439 1
2440 12
2441 12
2442 12
2443 12
2444 12
2445 1
2446 12
2447 12
2448 12
2449 12
2450 12
2451 12
2452 12
2453 12
2454 12
2455 12
2456 12
2457 12
2458 12
2459 12
2460 12
2461 12
2462 12
2463 1
2464 12
2465 8
2466 12
2467 8
2468 12
2469 1
2470 1
2471 1
2472 0
2473 1
2474 8
2475 12
2476 1
2477 1
2478 12
2479 8
2480 12
2481 12
2482 12
2483 12
2484 1
2485 12
2486 12
2487 7
2488 12
2489 1
2490 1
2491 8
2492 1
2493 12
2494 12
2495 8
2496 12
2497 1
2498 12
2499 12
2500 7
2501 12
2502 1
2503 12
2504 1
2505 1
2506 0
2507 12
2508 8
2509 12
2510 8
2511 0
2512 0
2513 12
2514 12
2515 12
2516 8
2517 12
2518 1
2519 1
2520 12
2521 1
2522 12
2523 12
2524 12
2525 12
2526 12
2527 12
2528 12
2529 12
2530 12
2531 7
2532 8
2533 1
2534 1
2535 8
2536 1
2537 12
2538 12
2539 8
2540 1
2541 12
2542 1
2543 12
2544 12
2545 12
2546 12
2547 12
2548 12
2549 12
2550 1
2551 12
2552 12
2553 12
2554 12
2555 1
2556 0
2557 12
2558 12
2559 12
2560 12
2561 8
2562 1
2563 12
2564 8
2565 1
2566 12
2567 1
2568 12
2569 8
2570 12
2571 7
2572 12
2573 12
2574 7
2575 1
2576 12
2577 12
2578 1
2579 12
2580 8
2581 12
2582 8
2583 12
2584 12
2585 8
2586 1
2587 8
2588 8
2589 1
2590 12
2591 8
2592 12
2593 8
2594 12
2595 8
2596 12
2597 12
2598 1
2599 12
2600 1
2601 0
2602 12
2603 8
2604 12
2605 12
2606 8
2607 8
2608 8
2609 8
2610 8
2611 1
2612 8
2613 0
2614 8
2615 12
2616 12
2617 12
2618 8
2619 12
2620 12
2621 0
2622 8
2623 8
2624 8
2625 8
2626 12
2627 1
2628 12
2629 8
2630 1
2631 0
2632 8
2633 0
2634 12
2635 0
2636 12
2637 0
2638 8
2639 8
2640 12
2641 12
2642 8
2643 12
2644 8
2645 12
2646 12
2647 8
2648 8
2649 8
2650 12
2651 1
2652 12
2653 12
2654 1
2655 8
2656 1
2657 1
2658 8
2659 12
2660 12
2661 0
2662 1
2663 8
2664 12
2665 1
2666 12
2667 12
2668 1
2669 12
2670 0
2671 12
2672 0
2673 1
2674 8
2675 12
2676 12
2677 12
2678 1
2679 8
2680 12
2681 1
2682 12
2683 8
2684 1
2685 12
2686 1
2687 12
2688 12
2689 12
2690 12
2691 12
2692 12
2693 12
2694 1
2695 12
2696 8
2697 8
2698 1
2699 8
2700 0
2701 12
2702 1
2703 8
2704 1
2705 12
2706 8
2707 1
2708 12
2709 12
2710 12
2711 8
2712 1
2713 0
2714 1
2715 1
2716 1
2717 12
2718 1
2719 1
2720 1
2721 8
2722 1
2723 12
2724 8
2725 12
2726 12
2727 1
2728 12
2729 12
2730 12
2731 8
2732 8
2733 8
2734 12
2735 12
2736 12
2737 8
2738 1
2739 12
2740 1
2741 1
2742 8
2743 8
2744 1
2745 1
2746 8
2747 12
2748 8
2749 1
2750 8
2751 0
2752 0
2753 0
2754 0
2755 12
2756 12
2757 12
2758 12
2759 12
2760 12
2761 12
2762 12
2763 0
2764 12
2765 12
2766 12
2767 12
2768 12
2769 12
2770 12
2771 12
2772 12
2773 8
2774 12
2775 12
2776 12
2777 12
2778 12
2779 12
2780 12
2781 12
2782 12
2783 12
2784 12
2785 12
2786 12
2787 12
2788 0
2789 12
2790 12
2791 8
2792 1
2793 12
2794 12
2795 12
2796 12
2797 1
2798 8
2799 8
2800 1
2801 8
2802 8
2803 1
2804 12
2805 8
2806 1
2807 1
2808 1
2809 8
2810 8
2811 1
2812 8
2813 1
2814 12
2815 1
2816 8
2817 1
2818 1
2819 12
2820 1
2821 0
2822 8
2823 1
2824 8
2825 12
2826 12
2827 1
2828 0
2829 12
2830 12
2831 8
2832 12
2833 12
2834 12
2835 8
2836 1
2837 12
2838 12
2839 8
2840 8
2841 12
2842 1
2843 8
2844 1
2845 1
2846 1
2847 8
2848 1
2849 12
2850 8
2851 1
2852 1
2853 8
2854 1
2855 8
2856 1
2857 0
2858 12
2859 1
2860 0
2861 8
2862 1
2863 12
2864 12
2865 0
2866 12
2867 12
2868 8
2869 1
2870 12
2871 8
2872 12
2873 12
2874 8
2875 8
2876 1
2877 12
2878 0
2879 1
2880 0
2881 1
2882 1
2883 8
2884 12
2885 12
2886 8
2887 12
2888 0
2889 0
2890 12
2891 12
2892 12
2893 12
2894 1
2895 1
2896 1
2897 0
2898 12
2899 0
2900 12
2901 12
2902 8
2903 8
2904 8
2905 1
2906 12
2907 1
2908 8
2909 8
2910 12
2911 0
2912 1
2913 8
2914 8
2915 0
2916 1
2917 1
2918 8
2919 0
2920 1
2921 8
2922 12
2923 1
2924 1
2925 8
2926 1
2927 8
2928 12
2929 12
2930 12
2931 0
2932 12
2933 1
2934 1
2935 8
2936 8
2937 12
2938 1
2939 12
2940 1
2941 1
2942 1
2943 1
2944 12
2945 12
2946 1
2947 1
2948 1
2949 12
2950 8
2951 1
2952 8
2953 12
2954 0
2955 8
2956 8
2957 12
2958 0
2959 1
2960 1
2961 8
2962 8
2963 1
2964 1
2965 8
2966 1
2967 12
2968 12
2969 12
2970 12
2971 1
2972 8
2973 1
2974 1
2975 12
2976 1
2977 8
2978 12
2979 8
2980 1
2981 12
2982 8
2983 0
2984 1
2985 8
2986 12
2987 12
2988 12
2989 1
2990 12
2991 12
2992 1
2993 8
2994 12
2995 12
2996 12
2997 8
2998 1
2999 8
3000 12
3001 12
3002 8
3003 12
3004 0
3005 8
3006 12
3007 1
3008 12
3009 12
3010 12
3011 12
3012 8
3013 12
3014 1
3015 12
3016 12
3017 12
3018 12
3019 0
3020 1
3021 8
3022 12
3023 1
3024 8
3025 12
3026 8
3027 1
3028 1
3029 1
3030 1
3031 12
3032 12
3033 12
3034 12
3035 8
3036 1
3037 12
3038 1
3039 12
3040 12
3041 1
3042 12
3043 1
3044 1
3045 12
3046 12
3047 12
3048 12
3049 8
3050 12
3051 1
3052 1
3053 12
3054 12
3055 0
3056 1
3057 8
3058 12
3059 1
3060 12
3061 1
3062 1
3063 8
3064 1
3065 1
3066 8
3067 8
3068 1
3069 8
3070 0
3071 1
3072 1
3073 1
3074 1
3075 1
3076 8
3077 12
3078 1
3079 1
3080 12
3081 1
3082 0
3083 1
3084 12
3085 1
3086 12
3087 1
3088 12
3089 1
3090 8
3091 8
3092 12
3093 12
3094 1
3095 8
3096 0
3097 12
3098 1
3099 12
3100 12
3101 12
3102 1
3103 1
3104 1
3105 12
3106 8
3107 12
3108 8
3109 0
3110 12
3111 0
3112 8
3113 1
3114 12
3115 1
3116 12
3117 1
3118 0
3119 12
3120 1
3121 1
3122 12
3123 12
3124 12
3125 1
3126 12
3127 1
3128 12
3129 1
3130 1
3131 0
3132 12
3133 12
3134 1
3135 12
3136 1
3137 8
3138 1
3139 12
3140 12
3141 12
3142 12
3143 12
3144 8
3145 8
3146 1
3147 1
3148 1
3149 12
3150 1
3151 12
3152 1
3153 1
3154 12
3155 12
3156 1
3157 0
3158 12
3159 8
3160 1
3161 8
3162 12
3163 0
3164 1
3165 1
3166 8
3167 1
3168 0
3169 12
3170 12
3171 12
3172 1
3173 8
3174 1
3175 1
3176 8
3177 8
3178 8
3179 1
3180 1
3181 12
3182 1
3183 12
3184 0
3185 12
3186 12
3187 1
3188 1
3189 0
3190 1
3191 12
3192 8
3193 1
3194 12
3195 8
3196 1
3197 1
3198 12
3199 12
3200 8
3201 12
3202 0
3203 1
3204 12
3205 12
3206 12
3207 1
3208 12
3209 1
3210 1
3211 1
3212 0
3213 1
3214 0
3215 12
3216 1
3217 1
3218 12
3219 12
3220 8
3221 1
3222 1
3223 1
3224 1
3225 1
3226 12
3227 1
3228 12
3229 12
3230 8
3231 12
3232 12
3233 12
3234 1
3235 12
3236 12
3237 1
3238 8
3239 1
3240 8
3241 1
3242 12
3243 8
3244 12
3245 12
3246 8
3247 1
3248 12
3249 12
3250 12
3251 8
3252 12
3253 8
3254 12
3255 12
3256 0
3257 12
3258 0
3259 12
3260 8
3261 1
3262 12
3263 8
3264 12
3265 12
3266 12
3267 8
3268 8
3269 1
3270 1
3271 12
3272 0
3273 1
3274 1
3275 1
3276 0
3277 12
3278 1
3279 0
3280 1
3281 12
3282 12
3283 1
3284 1
3285 1
3286 8
3287 1
3288 1
3289 8
3290 0
3291 0
3292 12
3293 1
3294 8
3295 12
3296 1
3297 8
3298 12
3299 12
3300 1
3301 12
3302 12
3303 12
3304 8
3305 12
3306 12
3307 12
3308 0
3309 12
3310 1
3311 8
3312 1
3313 12
3314 8
3315 12
3316 8
3317 8
3318 8
3319 8
3320 12
3321 12
3322 1
3323 1
3324 12
3325 0
3326 12
3327 1
3328 8
3329 8
3330 8
3331 0
3332 12
3333 12
3334 12
3335 8
3336 8
3337 8
3338 1
3339 8
3340 1
3341 1
3342 1
3343 1
3344 8
3345 8
3346 12
3347 12
3348 8
3349 12
3350 8
3351 8
3352 12
3353 8
3354 12
3355 12
3356 12
3357 12
3358 1
3359 1
3360 1
3361 0
3362 1
3363 0
3364 1
3365 1
3366 8
3367 8
3368 1
3369 12
3370 8
3371 12
3372 1
3373 8
3374 8
3375 1
3376 8
3377 1
3378 12
3379 1
3380 8
3381 1
3382 1
3383 12
3384 1
3385 12
3386 0
3387 12
3388 1
3389 1
3390 8
3391 8
3392 1
3393 8
3394 1
3395 12
3396 8
3397 1
3398 1
3399 12
3400 1
3401 1
3402 1
3403 1
3404 1
3405 8
3406 1
3407 1
3408 8
3409 12
3410 8
3411 12
3412 12
3413 1
3414 0
3415 8
3416 8
3417 8
3418 12
3419 1
3420 12
3421 12
3422 12
3423 8
3424 12
3425 12
3426 1
3427 1
3428 1
3429 12
3430 12
3431 12
3432 8
3433 1
3434 1
3435 12
3436 8
3437 12
3438 12
3439 1
3440 12
3441 1
3442 12
3443 1
3444 8
3445 12
3446 1
3447 1
3448 1
3449 12
3450 0
3451 1
3452 12
3453 12
3454 8
3455 1
3456 8
3457 12
3458 8
3459 12
3460 0
3461 12
3462 8
3463 12
3464 8
3465 12
3466 12
3467 8
3468 12
3469 1
3470 1
3471 12
3472 12
3473 1
3474 12
3475 1
3476 1
3477 12
3478 12
3479 12
3480 1
3481 1
3482 1
3483 12
3484 12
3485 12
3486 12
3487 12
3488 8
3489 1
3490 1
3491 8
3492 12
3493 12
3494 1
3495 1
3496 8
3497 12
3498 1
3499 8
3500 12
3501 8
3502 1
3503 8
3504 12
3505 1
3506 1
3507 8
3508 0
3509 8
3510 1
3511 1
3512 1
3513 12
3514 12
3515 0
3516 1
3517 0
3518 8
3519 12
3520 8
3521 12
3522 0
3523 8
3524 8
3525 1
3526 1
3527 0
3528 0
3529 1
3530 8
3531 1
3532 12
3533 1
3534 0
3535 0
3536 8
3537 8
3538 12
3539 1
3540 12
3541 1
3542 8
3543 12
3544 1
3545 0
3546 0
3547 1
3548 1
3549 12
3550 0
3551 1
3552 8
3553 12
3554 8
3555 8
3556 1
3557 1
3558 12
3559 12
3560 8
3561 1
3562 8
3563 0
3564 1
3565 12
3566 1
3567 8
3568 12
3569 1
3570 12
3571 1
3572 1
3573 12
3574 1
3575 8
3576 12
3577 1
3578 8
3579 12
3580 8
3581 8
3582 12
3583 12
3584 1
3585 0
3586 12
3587 1
3588 1
3589 12
3590 12
3591 1
3592 8
3593 1
3594 1
3595 12
3596 1
3597 8
3598 8
3599 1
3600 12
3601 1
3602 12
3603 8
3604 12
3605 8
3606 12
3607 0
3608 1
3609 1
3610 12
3611 1
3612 8
3613 1
3614 8
3615 8
3616 8
3617 8
3618 8
3619 1
3620 8
3621 1
3622 0
3623 1
3624 8
3625 8
3626 12
3627 1
3628 8
3629 12
3630 8
3631 12
3632 1
3633 12
3634 12
3635 1
3636 1
3637 0
3638 0
3639 0
3640 1
3641 12
3642 1
3643 1
3644 12
3645 0
3646 8
3647 1
3648 12
3649 12
3650 8
3651 8
3652 12
3653 8
3654 1
3655 12
3656 1
3657 12
3658 1
3659 1
3660 1
3661 12
3662 12
3663 12
3664 1
3665 8
3666 1
3667 8
3668 12
3669 12
3670 8
3671 0
3672 1
3673 12
3674 12
3675 0
3676 12
3677 0
3678 8
3679 8
3680 12
3681 8
3682 1
3683 12
3684 1
3685 8
3686 8
3687 1
3688 0
3689 8
3690 0
3691 12
3692 1
3693 1
3694 8
3695 1
3696 8
3697 1
3698 1
3699 1
3700 1
3701 12
3702 12
3703 0
3704 8
3705 1
3706 8
3707 0
3708 12
3709 0
3710 8
3711 8
3712 12
3713 12
3714 8
3715 12
3716 1
3717 8
3718 8
3719 1
3720 12
3721 1
3722 1
3723 12
3724 12
3725 12
3726 12
3727 12
3728 12
3729 12
3730 1
3731 12
3732 12
3733 8
3734 1
3735 12
3736 12
3737 12
3738 12
3739 12
3740 12
3741 12
3742 12
3743 12
3744 7
3745 12
3746 12
3747 12
3748 12
3749 12
3750 12
3751 12
3752 12
3753 0
3754 12
3755 1
3756 12
3757 12
3758 12
3759 12
3760 12
3761 12
3762 12
3763 12
3764 1
3765 12
3766 12
3767 1
3768 12
3769 8
3770 8
3771 8
3772 8
3773 12
3774 1
3775 12
3776 1
3777 12
3778 12
3779 12
3780 1
3781 12
3782 7
3783 1
3784 1
3785 1
3786 1
3787 1
3788 1
3789 8
3790 1
3791 1
3792 1
3793 1
3794 1
3795 12
3796 1
3797 1
3798 1
3799 8
3800 1
3801 1
3802 12
3803 8
3804 0
3805 8
3806 12
3807 12
3808 1
3809 12
3810 12
3811 12
3812 12
3813 12
3814 12
3815 12
3816 12
3817 12
3818 8
3819 8
3820 8
3821 12
3822 12
3823 12
3824 12
3825 1
3826 1
3827 1
3828 1
3829 8
3830 12
3831 8
3832 1
3833 1
3834 1
3835 1
3836 1
3837 0
3838 1
3839 8
3840 1
3841 1
3842 1
3843 12
3844 12
3845 8
3846 8
3847 12
3848 1
3849 1
3850 1
3851 1
3852 8
3853 8
3854 1
3855 1
3856 8
3857 8
3858 1
3859 1
3860 12
3861 12
3862 12
3863 8
3864 12
3865 0
3866 12
3867 12
3868 12
3869 1
3870 8
3871 12
3872 12
3873 1
3874 12
3875 12
3876 12
3877 12
3878 12
3879 12
3880 12
3881 12
3882 12
3883 12
3884 1
3885 8
3886 1
3887 8
3888 12
3889 1
3890 1
3891 1
3892 1
3893 12
3894 1
3895 12
3896 12
3897 12
3898 12
3899 1
3900 1
3901 8
3902 12
3903 1
3904 12
3905 12
3906 12
3907 1
3908 1
3909 1
3910 12
3911 1
3912 12
3913 12
3914 1
3915 1
3916 1
3917 12
3918 1
3919 12
3920 0
3921 1
3922 12
3923 8
3924 12
3925 12
3926 12
3927 12
3928 12
3929 0
3930 12
3931 1
3932 8
3933 0
3934 0
3935 8
3936 12
3937 12
3938 1
3939 8
3940 12
3941 12
3942 1
3943 12
3944 12
3945 0
3946 12
3947 12
3948 12
3949 1
3950 12
3951 8
3952 1
3953 12
3954 12
3955 8
3956 8
3957 8
3958 8
3959 1
3960 8
3961 8
3962 8
3963 12
3964 12
3965 12
3966 1
3967 8
3968 1
3969 12
3970 8
3971 12
3972 0
3973 12
3974 1
3975 12
3976 7
3977 12
3978 1
3979 1
3980 12
3981 12
3982 8
3983 1
3984 12
3985 12
3986 1
3987 8
3988 12
3989 12
3990 12
3991 12
3992 1
3993 8
3994 8
3995 1
3996 1
3997 8
3998 12
3999 12
4000 12
4001 12
4002 12
4003 12
4004 12
4005 1
4006 1
4007 12
4008 12
4009 1
4010 12
4011 12
4012 12
4013 1
4014 1
4015 7
4016 1
4017 8
4018 12
4019 12
4020 1
4021 1
4022 12
4023 8
4024 8
4025 12
4026 7
4027 12
4028 1
4029 12
4030 12
4031 12
4032 1
4033 12
4034 1
4035 1
4036 1
4037 8
4038 1
4039 8
4040 1
4041 12
4042 8
4043 1
4044 1
4045 1
4046 1
4047 8
4048 12
4049 1
4050 12
4051 12
4052 0
4053 1
4054 0
4055 12
4056 1
4057 12
4058 12
4059 12
4060 12
4061 12
4062 0
4063 12
4064 1
4065 8
4066 1
4067 8
4068 1
4069 0
4070 12
4071 1
4072 1
4073 1
4074 1
4075 1
4076 8
4077 1
4078 1
4079 8
4080 8
4081 1
4082 12
4083 1
4084 1
4085 12
4086 8
4087 1
4088 1
4089 1
4090 1
4091 8
4092 1
4093 1
4094 1
4095 12
4096 1
4097 8
4098 1
4099 1
4100 1
4101 12
4102 1
4103 1
4104 0
4105 1
4106 8
4107 1
4108 1
4109 8
4110 1
4111 1
4112 1
4113 12
4114 1
4115 1
4116 12
4117 10
4118 12
4119 1
4120 1
4121 1
4122 1
4123 1
4124 8
4125 8
4126 1
4127 1
4128 1
4129 1
4130 8
4131 0
4132 1
4133 1
4134 1
4135 1
4136 1
4137 1
4138 1
4139 1
4140 12
4141 0
4142 12
4143 0
4144 1
4145 1
4146 1
4147 0
4148 1
4149 1
4150 1
4151 12
4152 1
4153 1
4154 8
4155 7
4156 1
4157 1
4158 8
4159 1
4160 8
4161 1
4162 1
4163 1
4164 1
4165 1
4166 1
4167 0
4168 7
4169 1
4170 1
4171 1
4172 8
4173 1
4174 1
4175 12
4176 8
4177 1
4178 1
4179 1
4180 12
4181 1
4182 8
4183 1
4184 1
4185 8
4186 8
4187 1
4188 1
4189 1
4190 1
4191 8
4192 1
4193 8
4194 0
4195 12
4196 8
4197 8
4198 1
4199 8
4200 1
4201 0
4202 1
4203 1
4204 12
4205 1
4206 12
4207 0
4208 8
4209 1
4210 1
4211 12
4212 8
4213 1
4214 1
4215 1
4216 1
4217 1
4218 12
4219 8
4220 1
4221 1
4222 1
4223 1
4224 0
4225 0
4226 12
4227 1
4228 12
4229 8
4230 1
4231 12
4232 1
4233 1
4234 12
4235 8
4236 7
4237 12
4238 12
4239 12
4240 1
4241 12
4242 12
4243 12
4244 12
4245 12
4246 12
4247 1
4248 12
4249 12
4250 12
4251 12
4252 1
4253 12
4254 12
4255 1
4256 8
4257 1
4258 12
4259 12
4260 12
4261 12
4262 12
4263 12
4264 12
4265 1
4266 12
4267 12
4268 12
4269 12
4270 12
4271 12
4272 12
4273 8
4274 12
4275 12
4276 12
4277 12
4278 1
4279 8
4280 12
4281 12
4282 12
4283 0
4284 12
4285 7
4286 12
4287 0
4288 12
4289 1
4290 12
4291 8
4292 12
4293 12
4294 12
4295 1
4296 1
4297 12
4298 0
4299 12
4300 1
4301 1
4302 0
4303 12
4304 12
4305 12
4306 12
4307 12
4308 12
4309 12
4310 12
4311 0
4312 12
4313 8
4314 8
4315 12
4316 8
4317 12
4318 8
4319 12
4320 12
4321 12
4322 0
4323 1
4324 0
4325 12
4326 1
4327 12
4328 3
4329 1
4330 12
4331 12
4332 12
4333 12
4334 12
4335 12
4336 0
4337 12
4338 1
4339 12
4340 12
4341 12
4342 12
4343 12
4344 12
4345 1
4346 12
4347 12
4348 1
4349 12
4350 12
4351 12
4352 12
4353 12
4354 12
4355 12
4356 12
4357 12
4358 12
4359 12
4360 12
4361 7
4362 12
4363 7
4364 12
4365 12
4366 12
4367 12
4368 12
4369 12
4370 7
4371 12
4372 12
4373 12
4374 7
4375 12
4376 1
4377 12
4378 12
4379 12
4380 12
4381 12
4382 3
4383 12
4384 8
4385 8
4386 8
4387 8
4388 8
4389 8
4390 8
4391 8
4392 8
4393 8
4394 8
4395 1
4396 12
4397 12
4398 8
4399 1
4400 12
4401 12
4402 0
4403 12
4404 12
4405 12
4406 1
4407 8
4408 1
4409 12
4410 1
4411 1
4412 1
4413 8
4414 1
4415 1
4416 1
4417 1
4418 1
4419 8
4420 0
4421 12
4422 1
4423 1
4424 1
4425 1
4426 12
4427 12
4428 12
4429 12
4430 12
4431 12
4432 12
4433 1
4434 12
4435 1
4436 1
4437 12
4438 1
4439 8
4440 12
4441 8
4442 12
4443 1
4444 12
4445 1
4446 12
4447 12
4448 12
4449 1
4450 1
4451 12
4452 1
4453 1
4454 1
4455 12
4456 12
4457 8
4458 1
4459 1
4460 1
4461 0
4462 8
4463 8
4464 1
4465 1
4466 1
4467 12
4468 1
4469 1
4470 1
4471 1
4472 1
4473 1
4474 1
4475 12
4476 12
4477 12
4478 12
4479 12
4480 12
4481 0
4482 2
4483 12
4484 12
4485 12
4486 8
4487 1
4488 8
4489 1
4490 12
4491 1
4492 0
4493 12
4494 1
4495 1
4496 8
4497 8
4498 1
4499 1
4500 8
4501 12
4502 0
4503 8
4504 1
4505 1
4506 1
4507 1
4508 1
4509 8
4510 1
4511 1
4512 1
4513 8
4514 1
4515 1
4516 0
4517 1
4518 1
4519 1
4520 1
4521 1
4522 1
4523 1
4524 1
4525 12
4526 1
4527 1
4528 12
4529 12
4530 8
4531 1
4532 1
4533 8
4534 7
4535 1
4536 1
4537 8
4538 8
4539 12
4540 12
4541 1
4542 1
4543 1
4544 1
4545 1
4546 12
4547 12
4548 12
4549 12
4550 12
4551 12
4552 12
4553 1
4554 12
4555 1
4556 1
4557 8
4558 1
4559 12
4560 7
4561 12
4562 8
4563 12
4564 8
4565 0
4566 1
4567 1
4568 8
4569 12
4570 12
4571 12
4572 12
4573 12
4574 1
4575 1
4576 1
4577 12
4578 1
4579 1
4580 1
4581 1
4582 1
4583 1
4584 1
4585 12
4586 12
4587 12
4588 12
4589 1
4590 12
4591 1
4592 1
4593 1
4594 1
4595 1
4596 1
4597 0
4598 1
4599 12
4600 1
4601 1
4602 8
4603 1
4604 1
4605 12
4606 1
4607 1
4608 1
4609 0
4610 1
4611 1
4612 1
4613 8
4614 1
4615 1
4616 12
4617 0
4618 1
4619 1
4620 1
4621 1
4622 12
4623 1
4624 1
4625 1
4626 8
4627 1
4628 12
4629 8
4630 1
4631 0
4632 12
4633 12
4634 12
4635 1
4636 8
4637 1
4638 1
4639 1
4640 1
4641 1
4642 1
4643 1
4644 1
4645 1
4646 1
4647 12
4648 1
4649 1
4650 1
4651 12
4652 1
4653 1
4654 8
4655 7
4656 12
4657 1
4658 1
4659 1
4660 0
4661 1
4662 8
4663 1
4664 1
4665 1
4666 1
4667 1
4668 12
4669 8
4670 1
4671 1
4672 1
4673 1
4674 1
4675 1
4676 1
4677 1
4678 8
4679 1
4680 1
4681 12
4682 1
4683 1
4684 1
4685 1
4686 1
4687 1
4688 8
4689 8
4690 12
4691 1
4692 1
4693 1
4694 12
4695 1
4696 12
4697 1
4698 8
4699 0
4700 12
4701 1
4702 0
4703 1
4704 12
4705 1
4706 12
4707 12
4708 12
4709 12
4710 12
4711 12
4712 12
4713 1
4714 12
4715 8
4716 1
4717 8
4718 1
4719 1
4720 12
4721 12
4722 8
4723 1
4724 12
4725 1
4726 12
4727 1
4728 1
4729 1
4730 1
4731 12
4732 1
4733 8
4734 1
4735 1
4736 1
4737 12
4738 12
4739 8
4740 12
4741 12
4742 12
4743 12
4744 1
4745 1
4746 8
4747 1
4748 8
4749 8
4750 1
4751 12
4752 1
4753 8
4754 12
4755 1
4756 1
4757 1
4758 12
4759 8
4760 12
4761 1
4762 1
4763 8
4764 8
4765 8
4766 12
4767 12
4768 12
4769 0
4770 1
4771 1
4772 12
4773 12
4774 12
4775 12
4776 1
4777 12
4778 12
4779 12
4780 12
4781 12
4782 1
4783 12
4784 12
4785 12
4786 12
4787 0
4788 12
4789 12
4790 12
4791 12
4792 1
4793 12
4794 12
4795 12
4796 12
4797 12
4798 12
4799 0
4800 12
4801 12
4802 12
4803 12
4804 12
4805 12
4806 12
4807 1
4808 12
4809 12
4810 12
4811 12
4812 12
4813 1
4814 12
4815 12
4816 12
4817 12
4818 12
4819 12
4820 12
4821 12
4822 12
4823 12
4824 12
4825 12
4826 12
4827 12
4828 12
4829 12
4830 12
4831 12
4832 12
4833 1
4834 0
4835 12
4836 12
4837 1
4838 12
4839 0
4840 8
4841 12
4842 12
4843 0
4844 12
4845 12
4846 12
4847 12
4848 1
4849 12
4850 12
4851 12
4852 12
4853 12
4854 12
4855 12
4856 1
4857 1
4858 12
4859 12
4860 12
4861 1
4862 12
4863 12
4864 12
4865 12
4866 12
4867 12
4868 12
4869 12
4870 12
4871 12
4872 12
4873 8
4874 12
4875 1
4876 8
4877 0
4878 12
4879 12
4880 0
4881 12
4882 12
4883 8
4884 12
4885 12
4886 12
4887 1
4888 12
4889 12
4890 1
4891 12
4892 12
4893 12
4894 0
4895 1
4896 1
4897 1
4898 12
4899 12
4900 12
4901 12
4902 8
4903 0
4904 1
4905 1
4906 1
4907 0
4908 12
4909 12
4910 12
4911 12
4912 1
4913 1
4914 12
4915 8
4916 12
4917 1
4918 12
4919 1
4920 12
4921 12
4922 12
4923 0
4924 12
4925 12
4926 12
4927 12
4928 12
4929 12
4930 12
4931 0
4932 12
4933 12
4934 12
4935 12
4936 12
4937 12
4938 1
4939 12
4940 12
4941 8
4942 12
4943 12
4944 12
4945 12
4946 12
4947 12
4948 12
4949 12
4950 12
4951 12
4952 12
4953 12
4954 12
4955 12
4956 12
4957 12
4958 12
4959 12
4960 1
4961 12
4962 12
4963 1
4964 12
4965 12
4966 1
4967 12
4968 12
4969 12
4970 12
4971 12
4972 12
4973 12
4974 12
4975 1
4976 12
4977 12
4978 12
4979 12
4980 12
4981 0
4982 12
4983 12
4984 12
4985 12
4986 1
4987 12
4988 12
4989 8
4990 12
4991 12
4992 12
4993 12
4994 1
4995 1
4996 1
4997 12
4998 12
4999 12
5000 12
5001 12
5002 1
5003 1
5004 12
5005 12
5006 1
5007 12
5008 12
5009 12
5010 1
5011 12
5012 12
5013 12
5014 12
5015 12
5016 12
5017 12
5018 12
5019 12
5020 12
5021 12
5022 0
5023 12
5024 12
5025 12
5026 12
5027 12
5028 12
5029 12
5030 12
5031 12
5032 12
5033 12
5034 12
5035 12
5036 12
5037 12
5038 12
5039 12
5040 12
5041 8
5042 12
5043 12
5044 7
5045 0
5046 12
5047 0
5048 12
5049 12
5050 12
5051 12
5052 8
5053 1
5054 8
5055 12
5056 12
5057 12
5058 12
5059 1
5060 12
5061 12
5062 12
5063 12
5064 12
5065 12
5066 12
5067 12
5068 12
5069 1
5070 12
5071 12
5072 12
5073 1
5074 12
5075 1
5076 12
5077 12
5078 1
5079 12
5080 1
5081 1
5082 12
5083 12
5084 12
5085 1
5086 12
5087 12
5088 12
5089 12
5090 12
5091 1
5092 12
5093 12
5094 12
5095 12
5096 12
5097 12
5098 12
5099 12
5100 12
5101 12
5102 12
5103 12
5104 12
5105 12
5106 12
5107 12
5108 12
5109 12
5110 12
5111 12
5112 12
5113 12
5114 12
5115 12
5116 1
5117 8
5118 12
5119 12
5120 12
5121 12
5122 8
5123 8
5124 1
5125 12
5126 12
5127 12
5128 12
5129 12
5130 1
5131 12
5132 12
5133 1
5134 12
5135 12
5136 12
5137 12
5138 12
5139 12
5140 12
5141 1
5142 12
5143 12
5144 12
5145 1
5146 12
5147 12
5148 12
5149 12
5150 12
5151 12
5152 12
5153 12
5154 12
5155 12
5156 12
5157 0
5158 12
5159 1
5160 12
5161 12
5162 12
5163 12
5164 12
5165 12
5166 1
5167 1
5168 12
5169 1
5170 8
5171 12
5172 12
5173 12
5174 12
5175 12
5176 12
5177 12
5178 12
5179 12
5180 12
5181 12
5182 12
5183 1
5184 1
5185 1
5186 12
5187 12
5188 1
5189 12
5190 1
5191 12
5192 12
5193 12
5194 12
5195 12
5196 12
5197 12
5198 0
5199 1
5200 0
5201 1
5202 12
5203 1
5204 0
5205 1
5206 1
5207 0
5208 1
5209 12
5210 12
5211 12
5212 12
5213 12
5214 1
5215 1
5216 1
5217 8
5218 12
5219 12
5220 1
5221 1
5222 12
5223 1
5224 8
5225 12
5226 12
5227 0
5228 1
5229 12
5230 1
5231 12
5232 12
5233 1
5234 7
5235 1
5236 1
5237 1
5238 0
5239 1
5240 8
5241 8
5242 1
5243 12
5244 12
5245 12
5246 8
5247 12
5248 12
5249 12
5250 12
5251 0
5252 12
5253 2
5254 7
5255 2
5256 2
5257 1
5258 12
5259 2
5260 1
5261 2
5262 2
5263 2
5264 8
5265 2
5266 2
5267 2
5268 12
5269 8
5270 12
5271 12
5272 1
5273 12
5274 1
5275 0
5276 12
5277 12
5278 12
5279 12
5280 12
5281 12
5282 12
5283 0
5284 12
5285 12
5286 8
5287 1
5288 7
5289 1
5290 1
5291 12
5292 8
5293 8
5294 1
5295 1
5296 8
5297 8
5298 12
5299 12
5300 12
5301 12
5302 1
5303 12
5304 1
5305 12
5306 1
5307 1
5308 1
5309 7
5310 12
5311 8
5312 1
5313 8
5314 12
5315 12
5316 1
5317 8
5318 1
5319 1
5320 1
5321 8
5322 1
5323 1
5324 1
5325 1
5326 8
5327 12
5328 12
5329 1
5330 1
5331 8
5332 0
5333 0
5334 12
5335 1
5336 12
5337 12
5338 12
5339 1
5340 8
5341 1
5342 1
5343 1
5344 1
5345 1
5346 0
5347 1
5348 1
5349 1
5350 8
5351 12
5352 12
5353 12
5354 1
5355 12
5356 1
5357 12
5358 1
5359 1
5360 12
5361 3
5362 1
5363 3
5364 1
5365 3
5366 3
5367 3
5368 3
5369 1
5370 3
5371 1
5372 3
5373 3
5374 3
5375 1
5376 3
5377 3
5378 1
5379 1
5380 3
5381 3
5382 3
5383 3
5384 3
5385 3
5386 3
5387 3
5388 12
5389 3
5390 3
5391 3
5392 3
5393 1
5394 3
5395 3
5396 3
5397 3
5398 3
5399 1
5400 3
5401 1
5402 1
5403 3
5404 3
5405 3
5406 3
5407 3
5408 3
5409 1
5410 12
5411 12
5412 12
5413 1
5414 12
5415 1
5416 12
5417 12
5418 12
5419 12
5420 12
5421 12
5422 12
5423 1
5424 1
5425 12
5426 12
5427 12
5428 12
5429 12
5430 12
5431 12
5432 12
5433 1
5434 12
5435 12
5436 0
5437 12
5438 0
5439 12
5440 12
5441 12
5442 1
5443 12
5444 12
5445 12
5446 12
5447 12
5448 12
5449 12
5450 8
5451 12
5452 1
5453 12
5454 1
5455 12
5456 12
5457 12
5458 12
5459 8
5460 1
5461 12
5462 12
5463 12
5464 1
5465 12
5466 1
5467 1
5468 12
5469 12
5470 12
5471 12
5472 12
5473 12
5474 12
5475 12
5476 12
5477 12
5478 12
5479 12
5480 12
5481 12
5482 12
5483 12
5484 12
5485 1
5486 1
5487 12
5488 12
5489 1
5490 1
5491 12
5492 12
5493 1
5494 1
5495 1
5496 12
5497 12
5498 1
5499 12
5500 12
5501 12
5502 12
5503 12
5504 12
5505 12
5506 12
5507 12
5508 12
5509 12
5510 12
5511 12
5512 12
5513 12
5514 12
5515 12
5516 7
5517 12
5518 12
5519 12
5520 12
5521 12
5522 8
5523 12
5524 1
5525 12
5526 12
5527 1
5528 12
5529 12
5530 12
5531 12
5532 12
5533 12
5534 12
5535 1
5536 1
5537 12
5538 12
5539 12
5540 12
5541 1
5542 1
5543 12
5544 12
5545 12
5546 12
5547 12
5548 12
5549 12
5550 1
5551 12
5552 12
5553 12
5554 0
5555 1
5556 12
5557 12
5558 12
5559 12
5560 12
5561 12
5562 12
5563 1
5564 12
5565 12
5566 12
5567 12
5568 1
5569 12
5570 12
5571 12
5572 12
5573 12
5574 12
5575 12
5576 12
5577 1
5578 12
5579 12
5580 12
5581 12
5582 12
5583 12
5584 12
5585 12
5586 12
5587 12
5588 12
5589 12
5590 12
5591 12
5592 12
5593 12
5594 12
5595 12
5596 12
5597 12
5598 12
5599 12
5600 12
5601 12
5602 12
5603 12
5604 12
5605 12
5606 12
5607 12
5608 12
5609 12
5610 12
5611 12
5612 12
5613 12
5614 12
5615 12
5616 12
5617 12
5618 12
5619 12
5620 12
5621 12
5622 12
5623 12
5624 12
5625 12
5626 12
5627 12
5628 12
5629 12
5630 12
5631 12
5632 12
5633 12
5634 12
5635 12
5636 12
5637 12
5638 1
5639 12
5640 8
5641 8
5642 8
5643 1
5644 12
5645 8
5646 12
5647 12
5648 1
5649 1
5650 12
5651 7
5652 1
5653 8
5654 1
5655 1
5656 1
5657 12
5658 8
5659 1
5660 1
5661 0
5662 12
5663 1
5664 1
5665 12
5666 1
5667 12
5668 7
5669 7
5670 12
5671 12
5672 12
5673 12
5674 12
5675 1
5676 7
5677 1
5678 0
5679 12
5680 0
5681 1
5682 1
5683 12
5684 12
5685 12
5686 0
5687 0
5688 1
5689 0
5690 0
5691 1
5692 1
5693 1
5694 12
5695 12
5696 0
5697 1
5698 1
5699 1
5700 0
5701 1
5702 1
5703 0
5704 0
5705 1
5706 1
5707 12
5708 0
5709 0
5710 0
5711 1
5712 12
5713 1
5714 8
5715 12
5716 12
5717 1
5718 12
5719 12
5720 12
5721 12
5722 1
5723 1
5724 1
5725 12
5726 1
5727 0
5728 1
5729 12
5730 12
5731 12
5732 12
5733 8
5734 12
5735 12
5736 12
5737 8
5738 1
5739 12
5740 12
5741 1
5742 1
5743 12
5744 1
5745 1
5746 1
5747 8
5748 1
5749 1
5750 0
5751 1
5752 1
5753 12
5754 1
5755 1
5756 12
5757 1
5758 1
5759 12
5760 1
5761 1
5762 12
5763 12
5764 1
5765 1
5766 12
5767 12
5768 12
5769 12
5770 1
5771 1
5772 1
5773 1
5774 12
5775 12
5776 12
5777 1
5778 1
5779 12
5780 1
5781 12
5782 12
5783 12
5784 12
5785 12
5786 12
5787 8
5788 12
5789 1
5790 12
5791 8
5792 1
5793 1
5794 12
5795 12
5796 12
5797 12
5798 1
5799 0
5800 12
5801 8
5802 1
5803 1
5804 12
5805 12
5806 12
5807 12
5808 1
5809 1
5810 1
5811 12
5812 12
5813 12
5814 1
5815 1
5816 1
5817 8
5818 8
5819 12
5820 1
5821 12
5822 8
5823 12
5824 1
5825 12
5826 1
5827 1
5828 1
5829 12
5830 8
5831 8
5832 1
5833 1
5834 12
5835 12
5836 0
5837 1
5838 1
5839 12
5840 12
5841 0
5842 0
5843 12
5844 1
5845 1
5846 1
5847 12
5848 1
5849 1
5850 8
5851 12
5852 1
5853 12
5854 1
5855 1
5856 1
5857 12
5858 12
5859 1
5860 1
5861 1
5862 12
5863 12
5864 1
5865 1
5866 8
5867 1
5868 1
5869 12
5870 12
5871 1
5872 12
5873 1
5874 12
5875 12
5876 12
5877 12
5878 1
5879 1
5880 12
5881 12
5882 1
5883 1
5884 12
5885 12
5886 12
5887 12
5888 12
5889 12
5890 1
5891 12
5892 12
5893 1
5894 8
5895 1
5896 0
5897 12
5898 1
5899 12
5900 7
5901 1
5902 1
5903 0
5904 12
5905 1
5906 1
5907 12
5908 12
5909 8
5910 12
5911 1
5912 12
5913 1
5914 1
5915 12
5916 1
5917 0
5918 12
5919 12
5920 1
5921 1
5922 12
5923 1
5924 1
5925 12
5926 1
5927 1
5928 12
5929 1
5930 1
5931 1
5932 1
5933 1
5934 1
5935 12
5936 0
5937 12
5938 1
5939 1
5940 1
5941 12
5942 1
5943 1
5944 1
5945 1
5946 12
5947 1
5948 1
5949 1
5950 1
5951 12
5952 1
5953 1
5954 1
5955 1
5956 1
5957 1
5958 12
5959 12
5960 1
5961 12
5962 1
5963 1
5964 1
5965 1
5966 1
5967 1
5968 0
5969 12
5970 1
5971 1
5972 12
5973 1
5974 12
5975 1
5976 1
5977 12
5978 12
5979 1
5980 12
5981 1
5982 1
5983 12
5984 1
5985 1
5986 12
5987 12
5988 1
5989 8
5990 1
5991 12
5992 12
5993 12
5994 1
5995 1
5996 12
5997 12
5998 12
5999 12
6000 1
6001 8
6002 12
6003 1
6004 12
6005 1
6006 1
6007 12
6008 1
6009 12
6010 1
6011 12
6012 12
6013 12
6014 1
6015 1
6016 12
6017 12
6018 12
6019 12
6020 12
6021 1
6022 12
6023 1
6024 1
6025 8
6026 12
6027 1
6028 1
6029 12
6030 12
6031 12
6032 12
6033 12
6034 12
6035 12
6036 12
6037 1
6038 12
6039 1
6040 1
6041 12
6042 1
6043 8
6044 12
6045 0
6046 0
6047 1
6048 1
6049 12
6050 1
6051 1
6052 8
6053 8
6054 12
6055 8
6056 1
6057 0
6058 1
6059 1
6060 1
6061 1
6062 1
6063 1
6064 1
6065 12
6066 12
6067 1
6068 1
6069 1
6070 8
6071 12
6072 1
6073 12
6074 1
6075 1
6076 1
6077 1
6078 12
6079 1
6080 12
6081 12
6082 1
6083 12
6084 1
6085 12
6086 8
6087 12
6088 1
6089 0
6090 12
6091 12
6092 1
6093 1
6094 1
6095 1
6096 1
6097 12
6098 1
6099 1
6100 12
6101 1
6102 8
6103 12
6104 12
6105 1
6106 12
6107 1
6108 12
6109 12
6110 12
6111 12
6112 1
6113 7
6114 12
6115 1
6116 1
6117 1
6118 12
6119 1
6120 12
6121 1
6122 12
6123 12
6124 1
6125 1
6126 12
6127 12
6128 0
6129 12
6130 12
6131 7
6132 1
6133 1
6134 1
6135 1
6136 1
6137 1
6138 12
6139 8
6140 1
6141 12
6142 12
6143 0
6144 12
6145 12
6146 1
6147 1
6148 1
6149 1
6150 12
6151 12
6152 12
6153 12
6154 12
6155 1
6156 12
6157 12
6158 12
6159 12
6160 12
6161 12
6162 12
6163 12
6164 12
6165 12
6166 12
6167 1
6168 12
6169 12
6170 12
6171 1
6172 12
6173 12
6174 1
6175 12
6176 1
6177 1
6178 12
6179 12
6180 1
6181 12
6182 1
6183 1
6184 0
6185 12
6186 12
6187 12
6188 12
6189 12
6190 12
6191 0
6192 1
6193 12
6194 1
6195 12
6196 12
6197 1
6198 12
6199 1
6200 12
6201 12
6202 1
6203 12
6204 12
6205 12
6206 1
6207 12
6208 12
6209 12
6210 12
6211 12
6212 0
6213 0
6214 1
6215 12
6216 12
6217 12
6218 1
6219 12
6220 12
6221 12
6222 12
6223 12
6224 1
6225 1
6226 12
6227 12
6228 12
6229 12
6230 0
6231 12
6232 12
6233 12
6234 1
6235 0
6236 12
6237 1
6238 1
6239 8
6240 12
6241 12
6242 12
6243 1
6244 7
6245 12
6246 1
6247 1
6248 1
6249 12
6250 1
6251 12
6252 1
6253 12
6254 12
6255 12
6256 12
6257 12
6258 12
6259 7
6260 12
6261 12
6262 1
6263 12
6264 12
6265 12
6266 12
6267 12
6268 12
6269 12
6270 12
6271 12
6272 12
6273 12
6274 12
6275 12
6276 1
6277 7
6278 12
6279 12
6280 0
6281 1
6282 1
6283 0
6284 12
6285 12
6286 12
6287 12
6288 12
6289 12
6290 12
6291 12
6292 12
6293 1
6294 12
6295 12
6296 12
6297 12
6298 12
6299 12
6300 1
6301 12
6302 12
6303 12
6304 12
6305 12
6306 12
6307 12
6308 12
6309 12
6310 12
6311 12
6312 12
6313 12
6314 12
6315 1
6316 1
6317 12
6318 12
6319 12
6320 12
6321 12
6322 12
6323 12
6324 12
6325 0
6326 1
6327 12
6328 12
6329 12
6330 12
6331 12
6332 12
6333 12
6334 12
6335 12
6336 12
6337 0
6338 12
6339 12
6340 12
6341 1
6342 12
6343 12
6344 0
6345 12
6346 12
6347 12
6348 12
6349 12
6350 12
6351 12
6352 12
6353 12
6354 12
6355 1
6356 12
6357 12
6358 12
6359 1
6360 0
6361 0
6362 0
6363 1
6364 1
6365 1
6366 12
6367 12
6368 0
6369 12
6370 1
6371 1
6372 12
6373 12
6374 8
6375 1
6376 12
6377 1
6378 1
6379 1
6380 1
6381 0
6382 1
6383 1
6384 7
6385 12
6386 12
6387 12
6388 12
6389 8
6390 1
6391 8
6392 8
6393 8
6394 12
6395 12
6396 1
6397 1
6398 12
6399 8
6400 12
6401 12
6402 8
6403 0
6404 0
6405 7
6406 0
6407 8
6408 0
6409 12
6410 12
6411 8
6412 12
6413 0
6414 0
6415 8
6416 12
6417 12
6418 12
6419 1
6420 1
6421 1
6422 1
6423 1
6424 1
6425 12
6426 4
6427 0
6428 4
6429 4
6430 4
6431 12
6432 0
6433 0
6434 12
6435 12
6436 12
6437 12
6438 12
6439 1
6440 1
6441 12
6442 12
6443 12
6444 1
6445 12
6446 12
6447 12
6448 12
6449 12
6450 12
6451 12
6452 12
6453 1
6454 12
6455 12
6456 1
6457 1
6458 8
6459 1
6460 12
6461 1
6462 1
6463 1
6464 1
6465 12
6466 1
6467 12
6468 1
6469 1
6470 1
6471 1
6472 8
6473 1
6474 1
6475 1
6476 1
6477 1
6478 8
6479 1
6480 1
6481 8
6482 8
6483 1
6484 12
6485 8
6486 8
6487 8
6488 7
6489 1
6490 12
6491 8
6492 1
6493 1
6494 1
6495 1
6496 1
6497 12
6498 8
6499 1
6500 1
6501 1
6502 1
6503 1
6504 0
6505 1
6506 8
6507 1
6508 12
6509 1
6510 1
6511 12
6512 5
6513 12
6514 12
6515 1
6516 12
6517 12
6518 12
6519 0
6520 0
6521 0
6522 0
6523 0
6524 0
6525 0
6526 0
6527 0
6528 12
6529 12
6530 12
6531 1
6532 1
6533 1
6534 1
6535 1
6536 1
6537 1
6538 1
6539 1
6540 12
6541 1
6542 1
6543 1
6544 0
6545 0
6546 0
6547 8
6548 12
6549 12
6550 12
6551 0
6552 1
6553 0
6554 12
6555 12
6556 12
6557 12
6558 12
6559 12
6560 12
6561 12
6562 12
6563 12
6564 1
6565 12
6566 12
6567 12
6568 12
6569 12
6570 1
6571 12
6572 12
6573 12
6574 12
6575 12
6576 12
6577 12
6578 12
6579 12
6580 12
6581 12
6582 12
6583 12
6584 12
6585 12
6586 12
6587 7
6588 1
6589 12
6590 1
6591 1
6592 1
6593 1
6594 1
6595 0
6596 0
6597 0
6598 0
6599 0
6600 0
6601 0
6602 0
6603 0
6604 1
6605 12
6606 1
6607 12
6608 8
6609 8
6610 0
6611 1
6612 13
6613 1
6614 8
6615 12
6616 1
6617 1
6618 1
6619 1
6620 0
6621 12
6622 1
6623 12
6624 1
6625 12
6626 8
6627 12
6628 12
6629 12
6630 12
6631 12
6632 1
6633 1
6634 1
6635 12
6636 12
6637 1
6638 12
6639 5
6640 5
6641 5
6642 5
6643 5
6644 5
6645 5
6646 5
6647 5
6648 5
6649 0
6650 1
6651 1
6652 1
6653 1
6654 1
6655 12
6656 1
6657 12
6658 12
6659 1
6660 8
6661 12
6662 12
6663 8
6664 7
6665 12
6666 1
6667 12
6668 12
6669 12
6670 12
6671 0
6672 12
6673 12
6674 12
6675 1
6676 1
6677 12
6678 12
6679 12
6680 12
6681 12
6682 12
6683 12
6684 1
6685 12
6686 12
6687 12
6688 12
6689 12
6690 1
6691 1
6692 1
6693 12
6694 12
6695 1
6696 1
6697 7
6698 16
6699 1
6700 1
6701 12
6702 1
6703 1
6704 1
6705 1
6706 12
6707 12
6708 6
6709 1
6710 0
6711 12
6712 6
6713 12
6714 8
6715 12
6716 0
6717 1
6718 1
6719 1
6720 1
6721 12
6722 12
6723 1
6724 1
6725 1
6726 0
6727 12
6728 12
6729 1
6730 1
6731 12
6732 12
6733 0
6734 12
6735 8
6736 12
6737 1
6738 1
6739 1
6740 1
6741 1
6742 12
6743 12
6744 12
6745 0
6746 0
6747 12
6748 1
6749 8
6750 12
6751 8
6752 8
6753 8
6754 8
6755 12
6756 8
6757 0
6758 1
6759 1
6760 12
6761 12
6762 1
6763 8
6764 1
6765 0
6766 12
6767 1
6768 12
6769 1
6770 1
6771 1
6772 12
6773 12
6774 12
6775 12
6776 12
6777 12
6778 12
6779 12
6780 1
6781 0
6782 12
6783 0
6784 0
6785 12
6786 1
6787 12
6788 8
6789 12
6790 12
6791 12
6792 12
6793 0
6794 7
6795 7
6796 12
6797 12
6798 12
6799 12
6800 12
6801 7
6802 7
6803 7
6804 7
6805 7
6806 1
6807 7
6808 7
6809 1
6810 1
6811 12
6812 12
6813 1
6814 1
6815 1
6816 0
6817 12
6818 12
6819 0
6820 1
6821 12
6822 12
6823 0
6824 12
6825 12
6826 12
6827 1
6828 12
6829 12
6830 12
6831 12
6832 1
6833 1
6834 12
6835 12
6836 12
6837 8
6838 12
6839 8
6840 12
6841 12
6842 12
6843 1
6844 1
6845 1
6846 12
6847 1
6848 1
6849 12
6850 1
6851 1
6852 1
6853 12
6854 12
6855 12
6856 12
6857 1
6858 12
6859 12
6860 1
6861 1
6862 12
6863 12
6864 1
6865 1
6866 12
6867 12
6868 12
6869 12
6870 12
6871 12
6872 12
6873 12
6874 12
6875 12
6876 12
6877 12
6878 12
6879 1
6880 1
6881 1
6882 1
6883 1
6884 1
6885 12
6886 1
6887 12
6888 12
6889 8
6890 1
6891 1
6892 1
6893 1
6894 1
6895 0
6896 1
6897 1
6898 1
6899 1
6900 1
6901 1
6902 1
6903 1
6904 1
6905 0
6906 8
6907 1
6908 1
6909 12
6910 1
6911 12
6912 1
6913 12
6914 1
6915 1
6916 8
6917 1
6918 1
6919 1
6920 1
6921 0
6922 12
6923 0
6924 1
6925 1
6926 12
6927 1
6928 1
6929 1
6930 12
6931 12
6932 1
6933 1
6934 1
6935 12
6936 1
6937 12
6938 1
6939 1
6940 1
6941 1
6942 1
6943 1
6944 1
6945 12
6946 1
6947 1
6948 8
6949 0
6950 1
6951 1
6952 1
6953 1
6954 1
6955 0
6956 1
6957 1
6958 12
6959 1
6960 1
6961 1
6962 1
6963 1
6964 12
6965 8
6966 1
6967 1
6968 1
6969 1
6970 1
6971 1
6972 1
6973 1
6974 1
6975 12
6976 1
6977 1
6978 0
6979 0
6980 1
6981 12
6982 1
6983 8
6984 1
6985 1
6986 1
6987 12
6988 1
6989 1
6990 12
6991 1
6992 12
6993 12
6994 1
6995 1
6996 1
6997 12
6998 12
6999 1
7000 1
7001 1
7002 1
7003 1
7004 1
7005 1
7006 1
7007 1
7008 1
7009 1
7010 7
7011 1
7012 1
7013 1
7014 1
7015 1
7016 1
7017 1
7018 1
7019 1
7020 0
7021 1
7022 1
7023 12
7024 1
7025 1
7026 1
7027 12
7028 1
7029 12
7030 1
7031 8
7032 1
7033 0
7034 1
7035 1
7036 12
7037 1
7038 1
7039 1
7040 1
7041 1
7042 1
7043 8
7044 1
7045 1
7046 12
7047 1
7048 1
7049 1
7050 1
7051 1
7052 1
7053 1
7054 1
7055 1
7056 1
7057 1
7058 12
7059 1
7060 0
7061 12
7062 1
7063 1
7064 1
7065 1
7066 1
7067 0
7068 12
7069 1
7070 8
7071 12
7072 1
7073 1
7074 1
7075 1
7076 1
7077 1
7078 1
7079 1
7080 12
7081 1
7082 12
7083 1
7084 1
7085 1
7086 1
7087 12
7088 1
7089 8
7090 1
7091 1
7092 12
7093 0
7094 1
7095 1
7096 1
7097 1
7098 1
7099 1
7100 12
7101 1
7102 1
7103 12
7104 1
7105 1
7106 0
7107 12
7108 12
7109 1
7110 1
7111 1
7112 1
7113 12
7114 12
7115 1
7116 1
7117 1
7118 0
7119 1
7120 1
7121 8
7122 1
7123 1
7124 1
7125 8
7126 12
7127 0
7128 1
7129 12
7130 0
7131 1
7132 12
7133 12
7134 12
7135 12
7136 12
7137 1
7138 1
7139 0
7140 0
7141 0
7142 0
7143 0
7144 0
7145 0
7146 0
7147 0
7148 0
7149 0
7150 0
7151 0
7152 0
7153 0
7154 0
7155 0
7156 0
7157 0
7158 0
7159 0
7160 0
7161 0
7162 0
7163 0
7164 0
7165 0
7166 0
7167 0
7168 0
7169 0
7170 0
7171 0
7172 0
7173 0
7174 0
7175 0
7176 0
7177 0
7178 0
7179 0
7180 0
7181 0
7182 8
7183 8
7184 1
7185 12
7186 12
7187 12
7188 12
7189 12
7190 12
7191 12
7192 1
7193 12
7194 12
7195 12
7196 12
7197 1
7198 1
7199 1
7200 0
7201 12
7202 8
7203 12
7204 12
7205 1
7206 1
7207 12
7208 12
7209 12
7210 12
7211 12
7212 8
7213 1
7214 1
7215 12
7216 12
7217 12
7218 12
7219 12
7220 12
7221 12
7222 12
7223 1
7224 12
7225 12
7226 12
7227 12
7228 12
7229 12
7230 12
7231 12
7232 12
7233 12
7234 12
7235 12
7236 12
7237 12
7238 7
7239 12
7240 12
7241 12
7242 12
7243 12
7244 12
7245 12
7246 12
7247 12
7248 12
7249 7
7250 12
7251 12
7252 12
7253 12
7254 12
7255 12
7256 12
7257 12
7258 12
7259 12
7260 12
7261 1
7262 1
7263 1
7264 1
7265 0
7266 0
7267 0
7268 0
7269 1
7270 1
7271 0
7272 8
7273 1
7274 1
7275 8
7276 1
7277 1
7278 1
7279 1
7280 1
7281 1
7282 1
7283 1
7284 1
7285 1
7286 1
7287 1
7288 1
7289 1
7290 1
7291 1
7292 1
7293 1
7294 1
7295 1
7296 1
7297 1
7298 1
7299 1
7300 1
7301 1
7302 1
7303 1
7304 1
7305 1
7306 1
7307 1
7308 1
7309 8
7310 1
7311 1
7312 1
7313 1
7314 1
7315 1
7316 1
7317 1
7318 1
7319 1
7320 1
7321 1
7322 1
7323 1
7324 1
7325 1
7326 1
7327 1
7328 1
7329 1
7330 1
7331 1
7332 1
7333 1
7334 1
7335 1
7336 1
7337 1
7338 12
7339 12
7340 1
7341 12
7342 12
7343 12
7344 12
7345 12
7346 1
7347 12
7348 12
7349 12
7350 1
7351 8
7352 8
7353 12
7354 1
7355 7
7356 12
7357 12
7358 12
7359 12
7360 12
7361 12
7362 7
7363 12
7364 1
7365 0
7366 0
7367 8
7368 0
7369 12
7370 12
7371 12
7372 12
7373 12
7374 12
7375 12
7376 12
7377 12
7378 12
7379 8
7380 12
7381 12
7382 12
7383 12
7384 1
7385 12
7386 12
7387 12
7388 12
7389 1
7390 12
7391 12
7392 12
7393 12
7394 0
7395 12
7396 0
7397 0
7398 1
7399 12
7400 12
7401 12
7402 12
7403 12
7404 12
7405 12
7406 12
7407 0
7408 1
7409 1
7410 1
7411 12
7412 12
7413 8
7414 8
7415 12
7416 12
7417 12
7418 12
7419 12
7420 12
7421 12
7422 12
7423 12
7424 12
7425 12
7426 12
7427 12
7428 12
7429 1
7430 12
7431 12
7432 12
7433 12
7434 12
7435 12
7436 12
7437 12
7438 8
7439 12
7440 12
7441 12
7442 12
7443 12
7444 1
7445 12
7446 12
7447 12
7448 1
7449 12
7450 9
7451 9
7452 9
7453 1
7454 1
7455 12
7456 1
7457 1
7458 1
7459 0
7460 1
7461 1
7462 1
7463 1
7464 1
7465 1
7466 1
7467 1
7468 1
7469 12
7470 12
7471 1
7472 1
7473 1
7474 1
7475 1
7476 1
7477 1
7478 1
7479 1
7480 1
7481 1
7482 12
7483 12
7484 12
7485 12
7486 12
7487 12
7488 8
7489 1
7490 1
7491 1
7492 1
7493 1
7494 1
7495 1
7496 1
7497 12
7498 12
7499 12
7500 12
7501 12
7502 12
7503 12
7504 12
7505 12
7506 12
7507 12
7508 12
7509 12
7510 12
7511 12
7512 12
7513 12
7514 1
7515 12
7516 12
7517 12
7518 1
7519 1
7520 1
7521 1
7522 1
7523 1
7524 1
7525 1
7526 8
7527 12
7528 0
7529 8
7530 12
7531 12
7532 12
7533 12
7534 12
7535 7
7536 8
7537 12
7538 12
7539 7
7540 1
7541 12
7542 8
7543 12
7544 8
7545 0
7546 8
7547 8
7548 8
7549 12
7550 12
7551 12
7552 12
7553 12
7554 1
7555 12
7556 12
7557 7
7558 7
7559 1
7560 12
7561 1
7562 1
7563 1
7564 1
7565 12
7566 1
7567 12
7568 12
7569 12
7570 12
7571 12
7572 12
7573 12
7574 12
7575 12
7576 12
7577 12
7578 12
7579 8
7580 1
7581 1
7582 1
7583 1
7584 1
7585 8
7586 12
7587 0
7588 12
7589 12
7590 0
7591 8
7592 7
7593 8
7594 12
7595 1
7596 1
7597 1
7598 1
7599 1
7600 12
7601 12
7602 12
7603 1
7604 8
7605 8
7606 8
7607 8
7608 8
7609 8
7610 12
7611 8
7612 12
7613 12
7614 1
7615 8
7616 12
7617 12
7618 12
7619 12
7620 0
7621 12
7622 12
7623 12
7624 12
7625 12
7626 12
7627 12
7628 1
7629 12
7630 1
7631 13
7632 1
7633 1
7634 0
7635 12
7636 1
7637 10
7638 10
7639 10
7640 10
7641 10
7642 10
7643 10
7644 10
7645 10
7646 10
7647 10
7648 10
7649 10
7650 12
7651 0
7652 1
7653 12
7654 1
7655 1
7656 1
7657 1
7658 1
7659 1
7660 1
7661 1
7662 1
7663 1
7664 1
7665 1
7666 1
7667 1
7668 1
7669 12
7670 12
7671 12
7672 12
7673 12
7674 12
7675 12
7676 8
7677 7
7678 0
7679 12
7680 12
7681 12
7682 1
7683 8
7684 12
7685 12
7686 8
7687 8
7688 12
7689 0
7690 12
7691 12
7692 12
7693 12
7694 12
7695 11
7696 11
7697 12
7698 1
7699 1
7700 1
7701 1
7702 1
7703 1
7704 8
7705 12
7706 12
7707 1
7708 1
7709 12
7710 12
7711 1
7712 13
7713 13
7714 12
7715 1
7716 12
7717 0
7718 0
7719 0
7720 0
7721 8
7722 12
7723 1
7724 0
7725 12
7726 12
7727 12
7728 12
7729 12
7730 12
7731 12
7732 12
7733 12
7734 12
7735 12
7736 12
7737 12
7738 8
7739 12
7740 7
7741 7
7742 12
7743 1
7744 1
7745 1
7746 1
7747 1
7748 1
7749 1
7750 1
7751 8
7752 12
7753 12
7754 0
7755 12
7756 12
7757 12
7758 12
7759 12
7760 12
7761 12
7762 12
7763 12
7764 12
7765 12
7766 12
7767 12
7768 12
7769 12
7770 7
7771 7
7772 7
7773 7
7774 7
7775 12
7776 7
7777 7
7778 7
7779 7
7780 7
7781 7
7782 7
7783 7
7784 7
7785 7
7786 7
7787 7
7788 7
7789 7
7790 7
7791 7
7792 7
7793 7
7794 7
7795 7
7796 7
7797 7
7798 7
7799 7
7800 7
7801 7
7802 7
7803 7
7804 7
7805 7
7806 7
7807 7
7808 7
7809 7
7810 7
7811 7
7812 7
7813 7
7814 7
7815 7
7816 7
7817 7
7818 7
7819 7
7820 7
7821 7
7822 7
7823 7
7824 7
7825 7
7826 7
7827 7
7828 7
7829 7
7830 7
7831 7
7832 7
7833 7
7834 7
7835 7
7836 7
7837 7
7838 7
7839 7
7840 7
7841 7
7842 7
7843 7
7844 7
7845 7
7846 7
7847 7
7848 7
7849 7
7850 7
7851 7
7852 7
7853 7
7854 7
7855 7
7856 7
7857 7
7858 7
7859 7
7860 7
7861 7
7862 7
7863 7
7864 7
7865 7
7866 7
7867 7
7868 7
7869 7
7870 7
7871 7
7872 7
7873 7
7874 7
7875 7
7876 7
7877 7
7878 7
7879 7
7880 7
7881 7
7882 7
7883 7
7884 12
7885 12
7886 12
7887 12
7888 12
7889 12
7890 1
7891 1
7892 1
7893 1
7894 1
7895 1
7896 1
7897 12
7898 12
7899 8
7900 8
7901 8
7902 8
7903 8
7904 12
7905 12
7906 12
7907 12
7908 12
7909 1
7910 12
7911 12
7912 12
7913 12
7914 12
7915 8
7916 12
7917 12
7918 12
7919 12
7920 12
7921 12
7922 12
7923 12
7924 12
7925 12
7926 12
7927 0
7928 12
7929 0
7930 0
7931 0
7932 12
7933 12
7934 12
7935 12
7936 12
7937 14
7938 14
7939 1
7940 1
7941 12
7942 12
7943 12
7944 12
7945 1
7946 12
7947 12
7948 12
7949 12
7950 12
7951 12
7952 12
7953 12
7954 12
7955 12
7956 12
7957 12
7958 1
7959 1
7960 12
7961 12
7962 1
7963 1
7964 12
7965 12
7966 1
7967 1
7968 12
7969 1
7970 12
7971 15
7972 15
7973 12
7974 12
7975 12
7976 12
7977 1
7978 1
7979 12
7980 1
7981 12
7982 12
7983 12
7984 1
7985 12
7986 12
7987 12
7988 12
7989 12
7990 12
7991 12
7992 12
7993 12
7994 12
7995 8
7996 8
7997 12
7998 12
7999 12
8000 12
8001 12
8002 12
8003 12
8004 12
8005 12
8006 12
8007 12
8008 12
8009 12
8010 12
8011 12
8012 12
8013 0
8014 0
8015 0
8016 1
8017 1
8018 1
8019 1
8020 1
8021 0
8022 0
8023 0
8024 0
8025 0
8026 12
8027 8
8028 12
8029 12
8030 12
8031 12
8032 12
8033 12
8034 12
8035 16
8036 16
8037 16
8038 0
8039 1
8040 1
8041 1
8042 1
8043 1
8044 1
8045 1
8046 1
8047 1
8048 1
8049 1
8050 1
8051 1
8052 1
8053 1
8054 1
8055 1
8056 1
8057 1
8058 1
8059 1
8060 1
8061 1
8062 1
8063 1
8064 1
8065 8
8066 12
8067 8
8068 1
8069 12
8070 0
8071 0
8072 0
8073 0
8074 12
8075 12
8076 0
8077 1
8078 8
8079 8
8080 1
8081 1
8082 1
8083 1
8084 1
8085 12
8086 12
8087 0
8088 8
8089 0
8090 1
8091 12
8092 1
8093 12
8094 1
8095 3
8096 8
8097 12
8098 12
8099 12
8100 8
8101 12
8102 1
8103 12
8104 1
8105 1
8106 1
8107 8
8108 8
8109 8
8110 8
8111 8
8112 8
8113 1
8114 12
8115 0
8116 0
8117 8
8118 8
8119 12
8120 8
8121 12
8122 8
8123 8
8124 1
8125 1
8126 1
8127 1
8128 12
8129 1
8130 0
8131 12
8132 1
8133 1
8134 1
8135 1
8136 12
8137 1
8138 12
8139 12
8140 12
8141 1
8142 1
8143 12
8144 12
8145 12
8146 12
8147 12
8148 12
8149 12
8150 12
8151 12
8152 12
8153 12
8154 12
8155 12
8156 12
8157 12
8158 8
8159 0
8160 0
8161 1
8162 12
8163 1
8164 1
8165 1
8166 1
8167 1
8168 12
8169 0
8170 12
8171 1
8172 1
8173 12
8174 12
8175 12
8176 12
8177 12
8178 1
8179 1
8180 1
8181 12
8182 1
8183 12
8184 17
8185 17
network of communities computed : Thu Jan  7 08:46:32 2010

network : 18 nodes, 118 links, 228806108 weight.
pass number 1 of -1 : 0.0819629 0.0819588
pass number 2 of -1 : 0.0819629 0.0819629
communities computed : Thu Jan  7 08:46:32 2010
modularity increased from 0.0819588 to 0.0819629
0 0
1 1
2 0
3 1
4 0
5 2
6 1
7 5
8 6
9 3
10 4
11 1
12 7
13 5
14 0
15 6
16 7
17 7
network of communities computed : Thu Jan  7 08:46:32 2010

network : 8 nodes, 44 links, 228806108 weight.
pass number 1 of -1 : 0.0819629 0.0819629
communities computed : Thu Jan  7 08:46:32 2010
modularity increased from 0.0819629 to 0.0819629
0 0
1 1
2 2
3 3
4 4
5 5
6 6
7 7
network of communities computed : Thu Jan  7 08:46:32 2010
1e-06 0.0819629 365
