Sender: LSF System <lsfadmin@bc02-n05>
Subject: Job 429336: <comm_cor55> Done

Job <comm_cor55> was submitted from host <bc10-n13> by user <jabloche> in cluster <lucky>.
Job was executed on host(s) <bc02-n05>, in queue <week>, as user <jabloche> in cluster <lucky>.
</afs/isis.unc.edu/home/j/a/jabloche> was used as the home directory.
</netscr/jabloche/FirmNetworks/cLouvain> was used as the working directory.
Started at Thu Jan  7 08:40:32 2010
Results reported at Thu Jan  7 08:41:37 2010

Your job looked like:

------------------------------------------------------------
# LSBATCH: User input
/netscr/jabloche/FirmNetworks/cLouvain/community /smallfs/jabloche/fn_edge/el_cor55.bin -l -1 -w
------------------------------------------------------------

Successfully completed.

Resource usage summary:

    CPU time   :     18.58 sec.
    Max Memory :        65 MB
    Max Swap   :       213 MB

    Max Processes  :         4
    Max Threads    :         4

The output (if any) follows:

Your home directory for this job is /netscr/jabloche
start : Thu Jan  7 08:40:33 2010
total : 3838361
file read : Thu Jan  7 08:41:18 2010
network : 6574 nodes, 3838361 links, 559740488 weight.
pass number 1 of -1 : 0.0956969 -0.000282553
pass number 2 of -1 : 0.110342 0.0956969
pass number 3 of -1 : 0.112707 0.110342
pass number 4 of -1 : 0.116138 0.112707
pass number 5 of -1 : 0.117306 0.116138
pass number 6 of -1 : 0.117578 0.117306
pass number 7 of -1 : 0.117656 0.117578
pass number 8 of -1 : 0.117777 0.117656
pass number 9 of -1 : 0.118631 0.117777
pass number 10 of -1 : 0.120848 0.118631
pass number 11 of -1 : 0.121141 0.120848
pass number 12 of -1 : 0.121235 0.121141
pass number 13 of -1 : 0.121268 0.121235
pass number 14 of -1 : 0.121292 0.121268
pass number 15 of -1 : 0.121298 0.121292
pass number 16 of -1 : 0.121301 0.121298
pass number 17 of -1 : 0.121303 0.121301
pass number 18 of -1 : 0.121303 0.121303
communities computed : Thu Jan  7 08:41:36 2010
modularity increased from -0.000282553 to 0.121303
0 1
1 1
2 0
3 1
4 1
5 2
6 1
7 2
8 2
9 0
10 2
11 2
12 2
13 3
14 2
15 2
16 3
17 0
18 3
19 2
20 0
21 0
22 3
23 2
24 1
25 2
26 2
27 3
28 3
29 3
30 2
31 3
32 2
33 2
34 1
35 3
36 3
37 2
38 1
39 2
40 2
41 2
42 3
43 1
44 0
45 2
46 0
47 2
48 1
49 2
50 2
51 3
52 1
53 2
54 1
55 2
56 1
57 2
58 0
59 3
60 2
61 2
62 2
63 1
64 1
65 1
66 2
67 0
68 2
69 2
70 1
71 1
72 3
73 2
74 1
75 1
76 3
77 2
78 2
79 0
80 3
81 2
82 2
83 1
84 2
85 2
86 2
87 0
88 2
89 2
90 0
91 3
92 1
93 2
94 2
95 1
96 2
97 2
98 2
99 2
100 1
101 1
102 1
103 1
104 3
105 1
106 3
107 1
108 2
109 1
110 0
111 0
112 1
113 0
114 0
115 3
116 2
117 1
118 2
119 1
120 1
121 3
122 1
123 2
124 1
125 1
126 0
127 2
128 2
129 1
130 1
131 0
132 2
133 2
134 1
135 2
136 3
137 1
138 3
139 1
140 0
141 3
142 1
143 1
144 2
145 2
146 1
147 2
148 1
149 3
150 1
151 1
152 1
153 1
154 1
155 0
156 1
157 2
158 2
159 3
160 2
161 3
162 2
163 3
164 1
165 2
166 2
167 3
168 1
169 1
170 1
171 3
172 0
173 2
174 3
175 2
176 0
177 2
178 3
179 0
180 3
181 3
182 3
183 2
184 3
185 3
186 0
187 0
188 1
189 3
190 0
191 0
192 3
193 3
194 3
195 3
196 3
197 2
198 1
199 3
200 1
201 2
202 1
203 3
204 2
205 0
206 3
207 1
208 2
209 2
210 2
211 1
212 1
213 2
214 1
215 2
216 3
217 1
218 0
219 2
220 2
221 3
222 3
223 1
224 2
225 3
226 2
227 2
228 0
229 2
230 1
231 2
232 2
233 2
234 2
235 2
236 0
237 1
238 2
239 2
240 3
241 3
242 2
243 2
244 2
245 0
246 2
247 1
248 0
249 1
250 1
251 1
252 2
253 3
254 2
255 1
256 3
257 1
258 3
259 1
260 2
261 2
262 2
263 0
264 3
265 3
266 2
267 1
268 3
269 2
270 2
271 0
272 1
273 2
274 3
275 2
276 3
277 3
278 2
279 2
280 2
281 2
282 3
283 2
284 2
285 2
286 2
287 2
288 3
289 1
290 2
291 3
292 3
293 1
294 3
295 2
296 2
297 2
298 3
299 1
300 2
301 2
302 3
303 2
304 2
305 2
306 2
307 2
308 2
309 2
310 2
311 2
312 2
313 2
314 3
315 2
316 2
317 2
318 2
319 2
320 1
321 2
322 3
323 0
324 2
325 2
326 2
327 1
328 2
329 2
330 2
331 2
332 3
333 1
334 3
335 3
336 1
337 1
338 3
339 2
340 3
341 3
342 2
343 3
344 2
345 3
346 2
347 1
348 3
349 0
350 1
351 2
352 2
353 2
354 1
355 2
356 2
357 3
358 3
359 2
360 1
361 0
362 1
363 3
364 1
365 1
366 2
367 3
368 1
369 3
370 2
371 2
372 1
373 2
374 2
375 1
376 0
377 0
378 0
379 3
380 1
381 1
382 2
383 2
384 1
385 2
386 3
387 1
388 1
389 3
390 1
391 2
392 0
393 3
394 0
395 2
396 2
397 3
398 2
399 2
400 2
401 1
402 0
403 2
404 1
405 3
406 3
407 2
408 2
409 1
410 3
411 0
412 1
413 1
414 3
415 3
416 1
417 3
418 3
419 1
420 2
421 2
422 3
423 1
424 1
425 1
426 2
427 3
428 0
429 2
430 3
431 3
432 3
433 3
434 2
435 1
436 3
437 2
438 2
439 3
440 2
441 3
442 1
443 1
444 2
445 2
446 3
447 2
448 0
449 2
450 3
451 2
452 3
453 3
454 1
455 3
456 1
457 3
458 3
459 2
460 1
461 1
462 2
463 1
464 0
465 2
466 3
467 3
468 1
469 0
470 2
471 2
472 2
473 2
474 1
475 1
476 2
477 1
478 1
479 2
480 3
481 2
482 1
483 1
484 2
485 3
486 3
487 2
488 2
489 1
490 1
491 3
492 0
493 2
494 2
495 2
496 2
497 2
498 2
499 2
500 1
501 3
502 2
503 2
504 0
505 2
506 1
507 1
508 2
509 2
510 1
511 1
512 1
513 1
514 0
515 1
516 2
517 3
518 3
519 2
520 2
521 3
522 2
523 1
524 3
525 1
526 2
527 3
528 3
529 1
530 2
531 1
532 3
533 2
534 2
535 1
536 1
537 0
538 1
539 2
540 1
541 2
542 1
543 0
544 3
545 2
546 2
547 0
548 0
549 0
550 2
551 3
552 1
553 3
554 2
555 0
556 3
557 1
558 2
559 3
560 0
561 0
562 2
563 3
564 2
565 2
566 2
567 0
568 1
569 2
570 1
571 2
572 1
573 2
574 2
575 2
576 2
577 2
578 2
579 0
580 0
581 3
582 2
583 3
584 2
585 3
586 2
587 2
588 1
589 2
590 2
591 3
592 2
593 0
594 2
595 0
596 0
597 2
598 3
599 2
600 3
601 3
602 3
603 3
604 2
605 3
606 3
607 2
608 2
609 2
610 3
611 2
612 3
613 0
614 2
615 3
616 1
617 2
618 3
619 3
620 1
621 2
622 2
623 3
624 2
625 3
626 3
627 0
628 0
629 2
630 2
631 3
632 3
633 3
634 2
635 1
636 0
637 3
638 2
639 1
640 2
641 3
642 1
643 2
644 1
645 3
646 0
647 3
648 3
649 3
650 3
651 3
652 3
653 2
654 1
655 3
656 2
657 3
658 0
659 3
660 1
661 2
662 2
663 2
664 2
665 1
666 1
667 0
668 2
669 2
670 2
671 2
672 0
673 1
674 2
675 3
676 2
677 2
678 0
679 3
680 3
681 2
682 2
683 3
684 3
685 1
686 2
687 0
688 0
689 1
690 0
691 3
692 0
693 2
694 2
695 2
696 2
697 0
698 2
699 2
700 0
701 1
702 0
703 2
704 1
705 3
706 0
707 1
708 1
709 2
710 2
711 2
712 2
713 2
714 2
715 2
716 2
717 2
718 2
719 2
720 2
721 2
722 2
723 2
724 2
725 2
726 2
727 2
728 2
729 2
730 2
731 2
732 2
733 2
734 2
735 2
736 2
737 2
738 2
739 2
740 2
741 2
742 2
743 2
744 2
745 2
746 2
747 2
748 2
749 2
750 2
751 2
752 2
753 2
754 2
755 2
756 2
757 2
758 2
759 2
760 2
761 2
762 2
763 2
764 2
765 2
766 2
767 2
768 2
769 2
770 2
771 2
772 2
773 2
774 2
775 2
776 2
777 2
778 2
779 2
780 2
781 2
782 2
783 2
784 2
785 2
786 2
787 0
788 3
789 1
790 0
791 1
792 0
793 3
794 1
795 2
796 2
797 2
798 1
799 2
800 1
801 2
802 2
803 3
804 2
805 3
806 1
807 3
808 3
809 2
810 0
811 3
812 0
813 2
814 2
815 2
816 1
817 3
818 1
819 1
820 1
821 1
822 3
823 3
824 1
825 2
826 2
827 2
828 2
829 2
830 3
831 1
832 2
833 2
834 2
835 3
836 3
837 3
838 0
839 0
840 0
841 2
842 2
843 3
844 0
845 0
846 0
847 2
848 0
849 0
850 3
851 0
852 3
853 2
854 0
855 2
856 1
857 1
858 1
859 1
860 2
861 1
862 1
863 2
864 2
865 3
866 1
867 1
868 1
869 3
870 2
871 3
872 3
873 2
874 0
875 1
876 1
877 1
878 0
879 2
880 2
881 3
882 1
883 2
884 2
885 3
886 3
887 0
888 1
889 0
890 1
891 2
892 2
893 3
894 3
895 1
896 1
897 2
898 1
899 2
900 1
901 3
902 1
903 3
904 1
905 2
906 2
907 2
908 0
909 0
910 3
911 3
912 3
913 2
914 3
915 3
916 2
917 3
918 1
919 3
920 1
921 1
922 2
923 2
924 3
925 0
926 2
927 3
928 0
929 2
930 1
931 2
932 0
933 2
934 2
935 2
936 1
937 2
938 2
939 3
940 3
941 1
942 3
943 3
944 2
945 1
946 1
947 1
948 3
949 3
950 3
951 0
952 1
953 2
954 0
955 0
956 1
957 3
958 2
959 0
960 2
961 2
962 2
963 1
964 1
965 1
966 0
967 2
968 1
969 0
970 3
971 2
972 1
973 0
974 3
975 2
976 1
977 0
978 2
979 2
980 3
981 3
982 0
983 0
984 3
985 2
986 0
987 3
988 0
989 3
990 2
991 1
992 2
993 1
994 2
995 2
996 2
997 2
998 2
999 2
1000 3
1001 3
1002 2
1003 0
1004 2
1005 1
1006 2
1007 2
1008 3
1009 2
1010 3
1011 3
1012 1
1013 2
1014 3
1015 2
1016 3
1017 0
1018 3
1019 3
1020 3
1021 2
1022 3
1023 2
1024 3
1025 2
1026 0
1027 3
1028 3
1029 1
1030 3
1031 0
1032 2
1033 2
1034 3
1035 3
1036 3
1037 0
1038 2
1039 0
1040 2
1041 2
1042 3
1043 2
1044 2
1045 3
1046 3
1047 3
1048 3
1049 3
1050 2
1051 2
1052 0
1053 2
1054 0
1055 3
1056 2
1057 0
1058 1
1059 1
1060 3
1061 3
1062 3
1063 3
1064 2
1065 3
1066 2
1067 2
1068 2
1069 2
1070 2
1071 3
1072 2
1073 2
1074 3
1075 2
1076 2
1077 1
1078 1
1079 1
1080 2
1081 1
1082 2
1083 1
1084 1
1085 0
1086 2
1087 2
1088 1
1089 3
1090 3
1091 2
1092 3
1093 1
1094 2
1095 3
1096 2
1097 3
1098 3
1099 1
1100 2
1101 2
1102 0
1103 3
1104 2
1105 1
1106 3
1107 2
1108 2
1109 0
1110 1
1111 2
1112 2
1113 2
1114 3
1115 1
1116 1
1117 2
1118 0
1119 3
1120 2
1121 1
1122 2
1123 2
1124 2
1125 1
1126 3
1127 2
1128 2
1129 2
1130 2
1131 3
1132 2
1133 1
1134 1
1135 1
1136 1
1137 2
1138 2
1139 3
1140 2
1141 1
1142 1
1143 3
1144 3
1145 3
1146 3
1147 3
1148 0
1149 3
1150 3
1151 0
1152 2
1153 2
1154 2
1155 0
1156 0
1157 2
1158 1
1159 1
1160 3
1161 1
1162 2
1163 3
1164 1
1165 0
1166 1
1167 1
1168 0
1169 3
1170 3
1171 3
1172 3
1173 3
1174 2
1175 1
1176 3
1177 2
1178 2
1179 3
1180 3
1181 0
1182 2
1183 1
1184 1
1185 0
1186 2
1187 3
1188 3
1189 3
1190 1
1191 0
1192 3
1193 1
1194 1
1195 3
1196 3
1197 3
1198 2
1199 0
1200 2
1201 2
1202 3
1203 2
1204 1
1205 3
1206 3
1207 2
1208 3
1209 2
1210 1
1211 3
1212 2
1213 2
1214 0
1215 2
1216 0
1217 1
1218 2
1219 2
1220 0
1221 2
1222 3
1223 2
1224 1
1225 1
1226 0
1227 3
1228 1
1229 2
1230 3
1231 0
1232 2
1233 2
1234 2
1235 2
1236 0
1237 2
1238 1
1239 1
1240 1
1241 1
1242 2
1243 2
1244 2
1245 2
1246 2
1247 3
1248 1
1249 1
1250 2
1251 3
1252 2
1253 3
1254 2
1255 2
1256 3
1257 3
1258 2
1259 3
1260 2
1261 2
1262 3
1263 2
1264 2
1265 3
1266 2
1267 3
1268 2
1269 1
1270 2
1271 3
1272 2
1273 1
1274 3
1275 3
1276 3
1277 2
1278 2
1279 1
1280 3
1281 3
1282 2
1283 2
1284 1
1285 3
1286 0
1287 2
1288 2
1289 0
1290 0
1291 3
1292 1
1293 2
1294 2
1295 2
1296 2
1297 3
1298 3
1299 2
1300 2
1301 0
1302 2
1303 2
1304 3
1305 2
1306 3
1307 3
1308 1
1309 2
1310 0
1311 0
1312 3
1313 2
1314 2
1315 2
1316 2
1317 0
1318 2
1319 3
1320 2
1321 1
1322 0
1323 3
1324 2
1325 2
1326 1
1327 3
1328 1
1329 1
1330 1
1331 2
1332 0
1333 1
1334 1
1335 1
1336 3
1337 2
1338 3
1339 3
1340 1
1341 1
1342 2
1343 1
1344 1
1345 1
1346 2
1347 1
1348 3
1349 2
1350 2
1351 0
1352 2
1353 0
1354 3
1355 1
1356 2
1357 2
1358 2
1359 2
1360 2
1361 2
1362 1
1363 0
1364 0
1365 3
1366 2
1367 2
1368 3
1369 2
1370 1
1371 0
1372 3
1373 2
1374 1
1375 1
1376 2
1377 2
1378 0
1379 2
1380 2
1381 2
1382 0
1383 2
1384 3
1385 3
1386 3
1387 2
1388 2
1389 1
1390 1
1391 2
1392 2
1393 3
1394 2
1395 2
1396 2
1397 2
1398 3
1399 2
1400 0
1401 3
1402 2
1403 0
1404 1
1405 2
1406 3
1407 1
1408 0
1409 2
1410 0
1411 2
1412 3
1413 1
1414 0
1415 3
1416 1
1417 3
1418 2
1419 2
1420 3
1421 2
1422 1
1423 2
1424 2
1425 1
1426 3
1427 2
1428 0
1429 2
1430 1
1431 2
1432 0
1433 2
1434 1
1435 2
1436 0
1437 1
1438 2
1439 3
1440 1
1441 2
1442 1
1443 2
1444 2
1445 2
1446 3
1447 0
1448 2
1449 2
1450 3
1451 1
1452 3
1453 1
1454 0
1455 3
1456 2
1457 2
1458 2
1459 1
1460 1
1461 1
1462 3
1463 2
1464 3
1465 0
1466 3
1467 3
1468 0
1469 3
1470 3
1471 1
1472 0
1473 2
1474 1
1475 1
1476 3
1477 3
1478 1
1479 0
1480 1
1481 3
1482 1
1483 1
1484 3
1485 2
1486 0
1487 0
1488 2
1489 2
1490 2
1491 2
1492 2
1493 3
1494 2
1495 2
1496 1
1497 1
1498 1
1499 3
1500 2
1501 0
1502 2
1503 2
1504 2
1505 2
1506 2
1507 2
1508 2
1509 2
1510 3
1511 0
1512 3
1513 3
1514 2
1515 2
1516 3
1517 0
1518 1
1519 2
1520 2
1521 2
1522 2
1523 1
1524 3
1525 2
1526 2
1527 2
1528 1
1529 2
1530 2
1531 2
1532 2
1533 2
1534 3
1535 1
1536 2
1537 2
1538 2
1539 2
1540 3
1541 2
1542 1
1543 2
1544 2
1545 2
1546 2
1547 2
1548 2
1549 2
1550 2
1551 2
1552 2
1553 1
1554 3
1555 2
1556 1
1557 3
1558 3
1559 2
1560 2
1561 2
1562 2
1563 3
1564 0
1565 0
1566 0
1567 3
1568 1
1569 2
1570 1
1571 3
1572 2
1573 1
1574 2
1575 2
1576 2
1577 3
1578 0
1579 2
1580 3
1581 0
1582 2
1583 2
1584 3
1585 1
1586 2
1587 2
1588 3
1589 1
1590 0
1591 3
1592 2
1593 2
1594 1
1595 3
1596 2
1597 1
1598 2
1599 2
1600 1
1601 2
1602 1
1603 1
1604 1
1605 2
1606 2
1607 1
1608 1
1609 3
1610 3
1611 1
1612 1
1613 1
1614 2
1615 1
1616 1
1617 2
1618 0
1619 2
1620 1
1621 2
1622 2
1623 2
1624 2
1625 1
1626 2
1627 2
1628 1
1629 0
1630 1
1631 1
1632 2
1633 3
1634 2
1635 3
1636 2
1637 2
1638 1
1639 2
1640 2
1641 2
1642 2
1643 1
1644 2
1645 1
1646 2
1647 1
1648 2
1649 1
1650 3
1651 3
1652 3
1653 2
1654 0
1655 1
1656 1
1657 2
1658 2
1659 2
1660 2
1661 0
1662 2
1663 0
1664 0
1665 2
1666 2
1667 3
1668 2
1669 2
1670 1
1671 2
1672 3
1673 3
1674 3
1675 2
1676 1
1677 3
1678 2
1679 3
1680 3
1681 2
1682 3
1683 3
1684 0
1685 2
1686 2
1687 2
1688 2
1689 0
1690 2
1691 2
1692 2
1693 1
1694 2
1695 2
1696 2
1697 2
1698 1
1699 0
1700 2
1701 3
1702 2
1703 1
1704 3
1705 1
1706 0
1707 0
1708 0
1709 2
1710 0
1711 2
1712 3
1713 1
1714 1
1715 2
1716 2
1717 1
1718 1
1719 2
1720 2
1721 2
1722 1
1723 3
1724 3
1725 3
1726 2
1727 3
1728 2
1729 2
1730 2
1731 3
1732 3
1733 2
1734 1
1735 2
1736 3
1737 3
1738 2
1739 2
1740 2
1741 2
1742 2
1743 2
1744 2
1745 2
1746 2
1747 2
1748 2
1749 2
1750 2
1751 2
1752 2
1753 2
1754 2
1755 2
1756 2
1757 2
1758 2
1759 2
1760 1
1761 2
1762 1
1763 1
1764 1
1765 3
1766 2
1767 0
1768 2
1769 2
1770 3
1771 0
1772 2
1773 2
1774 3
1775 2
1776 2
1777 1
1778 3
1779 1
1780 2
1781 2
1782 0
1783 3
1784 0
1785 2
1786 2
1787 3
1788 1
1789 2
1790 1
1791 1
1792 2
1793 1
1794 1
1795 1
1796 2
1797 2
1798 3
1799 3
1800 3
1801 2
1802 2
1803 2
1804 2
1805 2
1806 2
1807 1
1808 0
1809 2
1810 2
1811 2
1812 3
1813 2
1814 0
1815 2
1816 0
1817 2
1818 2
1819 3
1820 3
1821 2
1822 2
1823 2
1824 2
1825 1
1826 1
1827 3
1828 0
1829 0
1830 0
1831 0
1832 2
1833 2
1834 0
1835 3
1836 2
1837 3
1838 2
1839 0
1840 2
1841 0
1842 1
1843 0
1844 0
1845 3
1846 3
1847 2
1848 2
1849 0
1850 0
1851 2
1852 0
1853 1
1854 2
1855 3
1856 2
1857 3
1858 1
1859 3
1860 2
1861 2
1862 2
1863 3
1864 2
1865 1
1866 2
1867 3
1868 1
1869 1
1870 1
1871 2
1872 0
1873 3
1874 2
1875 1
1876 2
1877 1
1878 2
1879 1
1880 2
1881 3
1882 1
1883 1
1884 1
1885 2
1886 1
1887 0
1888 1
1889 3
1890 1
1891 0
1892 2
1893 3
1894 3
1895 3
1896 3
1897 3
1898 3
1899 3
1900 3
1901 1
1902 1
1903 2
1904 1
1905 1
1906 2
1907 3
1908 2
1909 2
1910 2
1911 3
1912 1
1913 1
1914 1
1915 1
1916 1
1917 1
1918 2
1919 2
1920 2
1921 0
1922 2
1923 2
1924 2
1925 1
1926 3
1927 1
1928 3
1929 1
1930 2
1931 3
1932 1
1933 2
1934 2
1935 3
1936 2
1937 3
1938 3
1939 2
1940 1
1941 1
1942 2
1943 0
1944 3
1945 1
1946 2
1947 2
1948 2
1949 1
1950 3
1951 0
1952 2
1953 3
1954 3
1955 2
1956 3
1957 3
1958 2
1959 1
1960 3
1961 2
1962 3
1963 3
1964 1
1965 0
1966 2
1967 1
1968 0
1969 0
1970 2
1971 0
1972 1
1973 1
1974 2
1975 0
1976 2
1977 3
1978 3
1979 2
1980 1
1981 3
1982 1
1983 2
1984 1
1985 2
1986 2
1987 3
1988 3
1989 3
1990 2
1991 3
1992 2
1993 3
1994 0
1995 2
1996 3
1997 3
1998 2
1999 3
2000 1
2001 0
2002 2
2003 2
2004 2
2005 3
2006 1
2007 3
2008 2
2009 3
2010 1
2011 3
2012 3
2013 1
2014 1
2015 1
2016 3
2017 2
2018 3
2019 2
2020 2
2021 3
2022 2
2023 2
2024 2
2025 3
2026 3
2027 2
2028 2
2029 3
2030 2
2031 3
2032 2
2033 3
2034 3
2035 2
2036 2
2037 3
2038 1
2039 2
2040 2
2041 3
2042 2
2043 3
2044 2
2045 3
2046 2
2047 2
2048 3
2049 2
2050 3
2051 2
2052 3
2053 3
2054 2
2055 2
2056 2
2057 3
2058 2
2059 2
2060 3
2061 3
2062 3
2063 2
2064 2
2065 2
2066 3
2067 3
2068 3
2069 2
2070 3
2071 3
2072 2
2073 3
2074 2
2075 3
2076 2
2077 2
2078 1
2079 2
2080 3
2081 2
2082 2
2083 2
2084 3
2085 1
2086 3
2087 3
2088 3
2089 3
2090 0
2091 2
2092 2
2093 2
2094 1
2095 2
2096 2
2097 1
2098 2
2099 3
2100 2
2101 2
2102 3
2103 2
2104 0
2105 1
2106 2
2107 3
2108 3
2109 1
2110 1
2111 2
2112 0
2113 2
2114 1
2115 2
2116 2
2117 1
2118 2
2119 2
2120 3
2121 3
2122 2
2123 2
2124 0
2125 2
2126 2
2127 3
2128 2
2129 0
2130 2
2131 0
2132 0
2133 3
2134 2
2135 1
2136 2
2137 1
2138 0
2139 2
2140 1
2141 2
2142 1
2143 2
2144 1
2145 3
2146 2
2147 2
2148 1
2149 2
2150 2
2151 1
2152 0
2153 3
2154 2
2155 2
2156 3
2157 1
2158 2
2159 2
2160 2
2161 3
2162 2
2163 3
2164 0
2165 2
2166 2
2167 1
2168 1
2169 1
2170 3
2171 1
2172 1
2173 1
2174 2
2175 3
2176 3
2177 3
2178 3
2179 3
2180 2
2181 2
2182 2
2183 2
2184 1
2185 2
2186 3
2187 2
2188 2
2189 2
2190 3
2191 0
2192 2
2193 3
2194 2
2195 2
2196 3
2197 2
2198 2
2199 2
2200 2
2201 1
2202 3
2203 1
2204 3
2205 3
2206 3
2207 1
2208 1
2209 2
2210 2
2211 1
2212 2
2213 1
2214 2
2215 2
2216 3
2217 1
2218 1
2219 0
2220 0
2221 2
2222 3
2223 3
2224 3
2225 3
2226 3
2227 2
2228 2
2229 3
2230 3
2231 2
2232 1
2233 3
2234 2
2235 1
2236 2
2237 3
2238 0
2239 3
2240 0
2241 3
2242 2
2243 2
2244 2
2245 1
2246 0
2247 0
2248 3
2249 3
2250 1
2251 3
2252 1
2253 1
2254 3
2255 1
2256 0
2257 0
2258 0
2259 0
2260 2
2261 2
2262 3
2263 2
2264 3
2265 0
2266 3
2267 0
2268 2
2269 2
2270 3
2271 3
2272 0
2273 2
2274 1
2275 2
2276 2
2277 2
2278 1
2279 2
2280 1
2281 2
2282 2
2283 2
2284 1
2285 1
2286 0
2287 2
2288 0
2289 1
2290 0
2291 1
2292 3
2293 2
2294 3
2295 2
2296 2
2297 2
2298 3
2299 0
2300 3
2301 3
2302 2
2303 3
2304 2
2305 2
2306 0
2307 0
2308 1
2309 2
2310 3
2311 2
2312 1
2313 0
2314 1
2315 1
2316 2
2317 3
2318 1
2319 0
2320 3
2321 3
2322 2
2323 2
2324 2
2325 2
2326 1
2327 2
2328 3
2329 1
2330 2
2331 2
2332 2
2333 2
2334 0
2335 2
2336 2
2337 2
2338 3
2339 3
2340 2
2341 1
2342 0
2343 2
2344 3
2345 2
2346 2
2347 3
2348 0
2349 2
2350 2
2351 2
2352 2
2353 3
2354 3
2355 0
2356 2
2357 0
2358 1
2359 1
2360 0
2361 2
2362 2
2363 0
2364 2
2365 2
2366 1
2367 0
2368 3
2369 1
2370 0
2371 0
2372 0
2373 1
2374 2
2375 0
2376 0
2377 3
2378 3
2379 3
2380 2
2381 2
2382 2
2383 2
2384 1
2385 2
2386 2
2387 1
2388 2
2389 3
2390 3
2391 2
2392 1
2393 1
2394 1
2395 3
2396 2
2397 0
2398 2
2399 2
2400 2
2401 2
2402 2
2403 3
2404 3
2405 3
2406 2
2407 2
2408 2
2409 2
2410 2
2411 2
2412 2
2413 2
2414 2
2415 3
2416 1
2417 1
2418 2
2419 1
2420 2
2421 3
2422 2
2423 2
2424 3
2425 2
2426 1
2427 0
2428 3
2429 3
2430 2
2431 0
2432 1
2433 0
2434 2
2435 1
2436 0
2437 2
2438 1
2439 0
2440 3
2441 0
2442 0
2443 3
2444 2
2445 1
2446 3
2447 0
2448 2
2449 1
2450 3
2451 2
2452 3
2453 2
2454 1
2455 1
2456 3
2457 2
2458 2
2459 2
2460 2
2461 3
2462 0
2463 3
2464 0
2465 0
2466 3
2467 2
2468 2
2469 3
2470 0
2471 2
2472 0
2473 2
2474 3
2475 2
2476 2
2477 0
2478 2
2479 3
2480 0
2481 3
2482 3
2483 2
2484 2
2485 2
2486 0
2487 1
2488 2
2489 0
2490 2
2491 2
2492 1
2493 0
2494 2
2495 3
2496 2
2497 3
2498 1
2499 2
2500 0
2501 0
2502 2
2503 0
2504 1
2505 1
2506 1
2507 1
2508 2
2509 2
2510 3
2511 3
2512 2
2513 3
2514 2
2515 2
2516 3
2517 3
2518 3
2519 2
2520 2
2521 2
2522 2
2523 1
2524 0
2525 3
2526 0
2527 2
2528 0
2529 2
2530 1
2531 2
2532 2
2533 2
2534 3
2535 1
2536 3
2537 2
2538 1
2539 2
2540 3
2541 2
2542 3
2543 2
2544 2
2545 3
2546 3
2547 3
2548 3
2549 1
2550 0
2551 3
2552 1
2553 3
2554 2
2555 3
2556 3
2557 3
2558 3
2559 2
2560 2
2561 3
2562 0
2563 3
2564 1
2565 2
2566 2
2567 3
2568 3
2569 1
2570 1
2571 2
2572 0
2573 2
2574 2
2575 1
2576 1
2577 3
2578 1
2579 0
2580 2
2581 2
2582 1
2583 2
2584 1
2585 2
2586 2
2587 1
2588 2
2589 1
2590 1
2591 3
2592 3
2593 1
2594 2
2595 0
2596 0
2597 2
2598 1
2599 1
2600 2
2601 3
2602 2
2603 2
2604 1
2605 3
2606 1
2607 3
2608 1
2609 0
2610 0
2611 2
2612 2
2613 1
2614 2
2615 2
2616 3
2617 3
2618 1
2619 2
2620 1
2621 1
2622 2
2623 2
2624 1
2625 3
2626 3
2627 1
2628 2
2629 2
2630 0
2631 1
2632 1
2633 1
2634 0
2635 1
2636 2
2637 2
2638 2
2639 1
2640 2
2641 1
2642 3
2643 2
2644 1
2645 2
2646 1
2647 1
2648 2
2649 0
2650 2
2651 2
2652 2
2653 0
2654 0
2655 1
2656 3
2657 2
2658 2
2659 3
2660 3
2661 1
2662 1
2663 2
2664 2
2665 2
2666 2
2667 2
2668 3
2669 2
2670 1
2671 1
2672 2
2673 2
2674 1
2675 1
2676 2
2677 2
2678 1
2679 3
2680 3
2681 3
2682 2
2683 1
2684 1
2685 2
2686 1
2687 3
2688 1
2689 0
2690 2
2691 2
2692 1
2693 2
2694 2
2695 2
2696 1
2697 2
2698 2
2699 3
2700 1
2701 3
2702 3
2703 2
2704 3
2705 2
2706 2
2707 3
2708 3
2709 2
2710 1
2711 2
2712 2
2713 2
2714 2
2715 2
2716 1
2717 2
2718 1
2719 2
2720 1
2721 1
2722 3
2723 2
2724 2
2725 2
2726 1
2727 0
2728 1
2729 3
2730 2
2731 1
2732 2
2733 2
2734 3
2735 3
2736 1
2737 1
2738 1
2739 3
2740 2
2741 2
2742 3
2743 1
2744 2
2745 1
2746 1
2747 2
2748 2
2749 2
2750 1
2751 2
2752 3
2753 1
2754 3
2755 1
2756 2
2757 3
2758 0
2759 2
2760 1
2761 2
2762 1
2763 1
2764 1
2765 1
2766 1
2767 1
2768 2
2769 2
2770 2
2771 2
2772 2
2773 1
2774 2
2775 2
2776 1
2777 2
2778 2
2779 2
2780 2
2781 1
2782 3
2783 1
2784 2
2785 2
2786 2
2787 3
2788 2
2789 2
2790 2
2791 1
2792 2
2793 3
2794 1
2795 2
2796 0
2797 3
2798 1
2799 1
2800 0
2801 3
2802 1
2803 3
2804 0
2805 0
2806 0
2807 2
2808 2
2809 3
2810 0
2811 3
2812 3
2813 0
2814 0
2815 0
2816 0
2817 0
2818 0
2819 0
2820 0
2821 0
2822 0
2823 1
2824 0
2825 1
2826 0
2827 1
2828 0
2829 1
2830 0
2831 1
2832 3
2833 0
2834 1
2835 3
2836 2
2837 3
2838 1
2839 1
2840 0
2841 0
2842 0
2843 0
2844 1
2845 0
2846 3
2847 2
2848 2
2849 2
2850 0
2851 3
2852 1
2853 3
2854 1
2855 1
2856 1
2857 1
2858 1
2859 1
2860 3
2861 3
2862 1
2863 3
2864 1
2865 1
2866 3
2867 3
2868 1
2869 1
2870 3
2871 1
2872 3
2873 3
2874 3
2875 3
2876 1
2877 3
2878 3
2879 3
2880 3
2881 3
2882 0
2883 1
2884 3
2885 3
2886 3
2887 0
2888 3
2889 1
2890 1
2891 2
2892 1
2893 0
2894 2
2895 2
2896 0
2897 2
2898 0
2899 1
2900 2
2901 1
2902 3
2903 2
2904 2
2905 1
2906 1
2907 1
2908 1
2909 0
2910 2
2911 2
2912 3
2913 1
2914 1
2915 0
2916 2
2917 2
2918 2
2919 2
2920 3
2921 3
2922 3
2923 2
2924 2
2925 2
2926 3
2927 1
2928 1
2929 1
2930 1
2931 3
2932 2
2933 2
2934 2
2935 3
2936 2
2937 1
2938 0
2939 3
2940 3
2941 3
2942 2
2943 3
2944 1
2945 3
2946 3
2947 1
2948 2
2949 1
2950 2
2951 0
2952 2
2953 1
2954 2
2955 3
2956 0
2957 2
2958 1
2959 1
2960 1
2961 1
2962 3
2963 3
2964 1
2965 2
2966 2
2967 3
2968 2
2969 1
2970 1
2971 0
2972 2
2973 1
2974 3
2975 3
2976 3
2977 2
2978 1
2979 2
2980 3
2981 2
2982 3
2983 2
2984 0
2985 1
2986 2
2987 0
2988 2
2989 2
2990 3
2991 1
2992 3
2993 3
2994 1
2995 1
2996 3
2997 3
2998 3
2999 0
3000 0
3001 0
3002 2
3003 2
3004 2
3005 3
3006 1
3007 2
3008 2
3009 2
3010 1
3011 1
3012 3
3013 1
3014 1
3015 2
3016 1
3017 2
3018 1
3019 2
3020 1
3021 1
3022 0
3023 2
3024 3
3025 2
3026 3
3027 3
3028 2
3029 3
3030 2
3031 3
3032 1
3033 2
3034 1
3035 1
3036 1
3037 2
3038 0
3039 2
3040 2
3041 2
3042 3
3043 2
3044 2
3045 2
3046 2
3047 2
3048 0
3049 1
3050 2
3051 2
3052 1
3053 1
3054 3
3055 1
3056 1
3057 2
3058 2
3059 3
3060 1
3061 1
3062 3
3063 1
3064 3
3065 3
3066 2
3067 2
3068 0
3069 1
3070 3
3071 3
3072 2
3073 1
3074 1
3075 3
3076 2
3077 3
3078 0
3079 2
3080 2
3081 1
3082 3
3083 2
3084 0
3085 3
3086 2
3087 1
3088 2
3089 2
3090 2
3091 3
3092 1
3093 1
3094 0
3095 0
3096 1
3097 0
3098 2
3099 2
3100 3
3101 1
3102 3
3103 3
3104 2
3105 3
3106 1
3107 2
3108 1
3109 1
3110 3
3111 0
3112 1
3113 3
3114 1
3115 3
3116 3
3117 2
3118 3
3119 1
3120 1
3121 3
3122 3
3123 1
3124 2
3125 1
3126 1
3127 1
3128 2
3129 2
3130 3
3131 2
3132 1
3133 2
3134 1
3135 2
3136 0
3137 2
3138 1
3139 3
3140 3
3141 2
3142 3
3143 1
3144 3
3145 3
3146 2
3147 1
3148 0
3149 3
3150 2
3151 3
3152 1
3153 1
3154 2
3155 2
3156 1
3157 2
3158 3
3159 1
3160 2
3161 1
3162 1
3163 2
3164 3
3165 3
3166 1
3167 2
3168 3
3169 2
3170 2
3171 2
3172 3
3173 0
3174 2
3175 3
3176 3
3177 1
3178 2
3179 2
3180 2
3181 3
3182 3
3183 2
3184 3
3185 2
3186 1
3187 2
3188 2
3189 3
3190 0
3191 2
3192 2
3193 3
3194 3
3195 3
3196 2
3197 3
3198 3
3199 3
3200 3
3201 3
3202 2
3203 2
3204 1
3205 3
3206 2
3207 0
3208 2
3209 1
3210 2
3211 2
3212 2
3213 3
3214 2
3215 2
3216 2
3217 2
3218 2
3219 3
3220 3
3221 0
3222 2
3223 0
3224 0
3225 1
3226 1
3227 2
3228 0
3229 1
3230 3
3231 2
3232 1
3233 1
3234 0
3235 1
3236 2
3237 3
3238 2
3239 1
3240 3
3241 0
3242 2
3243 2
3244 1
3245 2
3246 1
3247 3
3248 2
3249 3
3250 3
3251 2
3252 2
3253 1
3254 2
3255 1
3256 2
3257 1
3258 1
3259 3
3260 0
3261 2
3262 2
3263 1
3264 1
3265 2
3266 3
3267 3
3268 0
3269 0
3270 2
3271 2
3272 3
3273 2
3274 3
3275 2
3276 2
3277 2
3278 1
3279 0
3280 1
3281 2
3282 2
3283 2
3284 3
3285 1
3286 2
3287 3
3288 0
3289 3
3290 3
3291 2
3292 3
3293 1
3294 2
3295 1
3296 0
3297 3
3298 2
3299 1
3300 2
3301 3
3302 2
3303 2
3304 2
3305 0
3306 1
3307 2
3308 0
3309 2
3310 0
3311 2
3312 2
3313 3
3314 0
3315 1
3316 3
3317 2
3318 3
3319 0
3320 2
3321 3
3322 2
3323 2
3324 2
3325 2
3326 0
3327 2
3328 2
3329 1
3330 2
3331 3
3332 1
3333 2
3334 1
3335 1
3336 3
3337 3
3338 1
3339 1
3340 2
3341 1
3342 2
3343 1
3344 2
3345 2
3346 1
3347 3
3348 3
3349 2
3350 2
3351 0
3352 3
3353 2
3354 2
3355 2
3356 1
3357 1
3358 3
3359 2
3360 0
3361 1
3362 1
3363 0
3364 0
3365 3
3366 3
3367 3
3368 3
3369 0
3370 0
3371 2
3372 2
3373 2
3374 2
3375 2
3376 0
3377 1
3378 1
3379 1
3380 2
3381 2
3382 2
3383 3
3384 2
3385 2
3386 1
3387 2
3388 3
3389 3
3390 3
3391 0
3392 1
3393 1
3394 2
3395 2
3396 2
3397 1
3398 3
3399 2
3400 3
3401 0
3402 1
3403 0
3404 1
3405 3
3406 3
3407 2
3408 2
3409 2
3410 2
3411 1
3412 2
3413 2
3414 3
3415 1
3416 3
3417 2
3418 1
3419 1
3420 0
3421 0
3422 3
3423 3
3424 0
3425 2
3426 3
3427 1
3428 3
3429 2
3430 2
3431 2
3432 3
3433 2
3434 2
3435 2
3436 2
3437 2
3438 0
3439 0
3440 0
3441 0
3442 2
3443 0
3444 1
3445 3
3446 1
3447 2
3448 2
3449 2
3450 2
3451 1
3452 0
3453 1
3454 0
3455 1
3456 2
3457 2
3458 2
3459 2
3460 2
3461 2
3462 2
3463 3
3464 1
3465 2
3466 1
3467 1
3468 1
3469 1
3470 0
3471 1
3472 2
3473 1
3474 1
3475 3
3476 1
3477 1
3478 0
3479 2
3480 3
3481 2
3482 3
3483 3
3484 1
3485 1
3486 3
3487 3
3488 3
3489 3
3490 3
3491 3
3492 3
3493 2
3494 2
3495 1
3496 2
3497 1
3498 3
3499 1
3500 2
3501 2
3502 1
3503 2
3504 1
3505 3
3506 0
3507 3
3508 2
3509 2
3510 1
3511 1
3512 0
3513 2
3514 0
3515 3
3516 1
3517 1
3518 2
3519 2
3520 2
3521 1
3522 0
3523 3
3524 2
3525 2
3526 3
3527 2
3528 1
3529 3
3530 3
3531 2
3532 1
3533 1
3534 2
3535 3
3536 2
3537 2
3538 2
3539 1
3540 2
3541 3
3542 2
3543 3
3544 2
3545 3
3546 1
3547 2
3548 2
3549 0
3550 3
3551 0
3552 2
3553 3
3554 1
3555 2
3556 2
3557 2
3558 1
3559 1
3560 2
3561 2
3562 2
3563 2
3564 2
3565 2
3566 2
3567 2
3568 2
3569 2
3570 2
3571 2
3572 2
3573 2
3574 2
3575 2
3576 2
3577 2
3578 2
3579 1
3580 1
3581 1
3582 3
3583 1
3584 2
3585 2
3586 3
3587 2
3588 2
3589 2
3590 2
3591 0
3592 2
3593 1
3594 1
3595 2
3596 1
3597 2
3598 3
3599 1
3600 3
3601 0
3602 3
3603 2
3604 2
3605 0
3606 1
3607 1
3608 2
3609 3
3610 3
3611 2
3612 3
3613 3
3614 2
3615 1
3616 3
3617 1
3618 1
3619 2
3620 2
3621 3
3622 0
3623 3
3624 1
3625 1
3626 1
3627 1
3628 1
3629 2
3630 2
3631 1
3632 2
3633 2
3634 2
3635 2
3636 2
3637 2
3638 2
3639 0
3640 2
3641 3
3642 3
3643 3
3644 0
3645 2
3646 3
3647 3
3648 2
3649 3
3650 2
3651 1
3652 2
3653 2
3654 0
3655 3
3656 3
3657 2
3658 0
3659 2
3660 3
3661 3
3662 1
3663 2
3664 2
3665 0
3666 2
3667 3
3668 3
3669 2
3670 2
3671 3
3672 2
3673 1
3674 2
3675 2
3676 2
3677 3
3678 1
3679 3
3680 2
3681 1
3682 3
3683 2
3684 2
3685 1
3686 1
3687 3
3688 3
3689 3
3690 1
3691 2
3692 1
3693 2
3694 2
3695 3
3696 1
3697 1
3698 3
3699 1
3700 1
3701 1
3702 1
3703 1
3704 2
3705 2
3706 0
3707 1
3708 2
3709 1
3710 3
3711 1
3712 1
3713 0
3714 1
3715 2
3716 3
3717 2
3718 2
3719 2
3720 3
3721 2
3722 2
3723 2
3724 2
3725 3
3726 2
3727 2
3728 2
3729 2
3730 1
3731 2
3732 2
3733 2
3734 3
3735 3
3736 2
3737 2
3738 3
3739 3
3740 2
3741 3
3742 3
3743 0
3744 3
3745 2
3746 0
3747 0
3748 1
3749 0
3750 2
3751 2
3752 3
3753 0
3754 0
3755 1
3756 2
3757 2
3758 1
3759 2
3760 3
3761 1
3762 0
3763 2
3764 1
3765 1
3766 2
3767 3
3768 3
3769 2
3770 2
3771 2
3772 1
3773 0
3774 1
3775 2
3776 1
3777 3
3778 3
3779 3
3780 0
3781 2
3782 2
3783 1
3784 2
3785 0
3786 3
3787 2
3788 3
3789 0
3790 2
3791 3
3792 3
3793 2
3794 2
3795 2
3796 2
3797 3
3798 2
3799 2
3800 3
3801 0
3802 0
3803 2
3804 3
3805 2
3806 3
3807 3
3808 3
3809 2
3810 2
3811 2
3812 2
3813 1
3814 0
3815 1
3816 3
3817 0
3818 0
3819 1
3820 1
3821 1
3822 1
3823 0
3824 2
3825 2
3826 2
3827 2
3828 0
3829 3
3830 1
3831 3
3832 2
3833 0
3834 2
3835 2
3836 2
3837 2
3838 2
3839 2
3840 2
3841 2
3842 2
3843 2
3844 2
3845 2
3846 2
3847 2
3848 2
3849 2
3850 2
3851 2
3852 2
3853 2
3854 2
3855 2
3856 2
3857 2
3858 2
3859 2
3860 2
3861 2
3862 2
3863 2
3864 2
3865 2
3866 2
3867 2
3868 2
3869 2
3870 2
3871 1
3872 2
3873 2
3874 2
3875 2
3876 2
3877 2
3878 2
3879 2
3880 2
3881 2
3882 2
3883 2
3884 2
3885 2
3886 2
3887 2
3888 2
3889 2
3890 2
3891 2
3892 2
3893 2
3894 2
3895 2
3896 2
3897 2
3898 2
3899 2
3900 1
3901 2
3902 2
3903 2
3904 2
3905 2
3906 2
3907 2
3908 2
3909 2
3910 2
3911 2
3912 2
3913 2
3914 2
3915 2
3916 2
3917 2
3918 2
3919 2
3920 3
3921 2
3922 3
3923 0
3924 3
3925 3
3926 1
3927 2
3928 0
3929 1
3930 2
3931 2
3932 2
3933 2
3934 2
3935 2
3936 2
3937 2
3938 2
3939 2
3940 2
3941 2
3942 2
3943 2
3944 2
3945 2
3946 2
3947 2
3948 2
3949 2
3950 2
3951 0
3952 3
3953 1
3954 2
3955 3
3956 1
3957 2
3958 0
3959 2
3960 2
3961 0
3962 3
3963 1
3964 3
3965 3
3966 2
3967 1
3968 3
3969 3
3970 2
3971 2
3972 0
3973 0
3974 0
3975 2
3976 3
3977 3
3978 2
3979 3
3980 3
3981 3
3982 2
3983 3
3984 0
3985 1
3986 3
3987 2
3988 2
3989 1
3990 2
3991 2
3992 1
3993 3
3994 1
3995 3
3996 1
3997 2
3998 0
3999 1
4000 2
4001 1
4002 2
4003 2
4004 2
4005 2
4006 2
4007 2
4008 2
4009 2
4010 2
4011 0
4012 2
4013 3
4014 1
4015 1
4016 2
4017 3
4018 2
4019 1
4020 2
4021 2
4022 2
4023 1
4024 1
4025 2
4026 2
4027 1
4028 2
4029 2
4030 2
4031 1
4032 2
4033 1
4034 1
4035 1
4036 0
4037 1
4038 3
4039 2
4040 0
4041 1
4042 2
4043 3
4044 1
4045 0
4046 3
4047 2
4048 2
4049 3
4050 2
4051 2
4052 1
4053 0
4054 1
4055 3
4056 3
4057 3
4058 0
4059 2
4060 2
4061 3
4062 1
4063 1
4064 2
4065 1
4066 3
4067 2
4068 0
4069 3
4070 2
4071 1
4072 3
4073 2
4074 2
4075 3
4076 2
4077 2
4078 1
4079 2
4080 0
4081 0
4082 1
4083 3
4084 2
4085 3
4086 0
4087 3
4088 3
4089 2
4090 3
4091 3
4092 2
4093 3
4094 2
4095 1
4096 2
4097 2
4098 3
4099 2
4100 1
4101 2
4102 3
4103 2
4104 0
4105 2
4106 2
4107 2
4108 2
4109 1
4110 0
4111 3
4112 1
4113 3
4114 3
4115 1
4116 3
4117 3
4118 1
4119 2
4120 3
4121 3
4122 1
4123 3
4124 1
4125 1
4126 2
4127 0
4128 3
4129 2
4130 1
4131 1
4132 2
4133 1
4134 1
4135 2
4136 1
4137 1
4138 2
4139 2
4140 0
4141 1
4142 1
4143 2
4144 3
4145 3
4146 2
4147 2
4148 1
4149 3
4150 1
4151 2
4152 3
4153 2
4154 2
4155 2
4156 3
4157 1
4158 2
4159 0
4160 2
4161 2
4162 2
4163 2
4164 2
4165 3
4166 0
4167 2
4168 2
4169 0
4170 3
4171 0
4172 1
4173 2
4174 1
4175 3
4176 1
4177 2
4178 2
4179 3
4180 2
4181 1
4182 3
4183 2
4184 2
4185 3
4186 0
4187 0
4188 3
4189 2
4190 3
4191 3
4192 2
4193 2
4194 0
4195 0
4196 1
4197 1
4198 2
4199 3
4200 2
4201 2
4202 3
4203 3
4204 3
4205 3
4206 2
4207 3
4208 3
4209 2
4210 2
4211 3
4212 2
4213 2
4214 1
4215 1
4216 3
4217 3
4218 2
4219 0
4220 2
4221 1
4222 2
4223 1
4224 2
4225 2
4226 2
4227 2
4228 1
4229 2
4230 1
4231 2
4232 0
4233 1
4234 3
4235 2
4236 0
4237 2
4238 1
4239 0
4240 0
4241 0
4242 0
4243 2
4244 0
4245 0
4246 0
4247 0
4248 0
4249 1
4250 3
4251 2
4252 3
4253 2
4254 2
4255 3
4256 1
4257 0
4258 2
4259 0
4260 3
4261 0
4262 1
4263 3
4264 3
4265 2
4266 1
4267 0
4268 2
4269 1
4270 1
4271 3
4272 3
4273 0
4274 2
4275 2
4276 2
4277 2
4278 2
4279 2
4280 2
4281 2
4282 2
4283 2
4284 2
4285 2
4286 2
4287 2
4288 1
4289 1
4290 2
4291 1
4292 2
4293 1
4294 2
4295 2
4296 2
4297 0
4298 2
4299 1
4300 2
4301 3
4302 1
4303 2
4304 0
4305 2
4306 0
4307 1
4308 1
4309 3
4310 0
4311 0
4312 0
4313 1
4314 1
4315 3
4316 2
4317 2
4318 2
4319 2
4320 0
4321 2
4322 2
4323 0
4324 1
4325 2
4326 1
4327 0
4328 3
4329 1
4330 2
4331 2
4332 3
4333 3
4334 2
4335 3
4336 1
4337 3
4338 1
4339 2
4340 3
4341 3
4342 3
4343 2
4344 1
4345 1
4346 1
4347 3
4348 1
4349 2
4350 3
4351 0
4352 3
4353 0
4354 1
4355 2
4356 0
4357 3
4358 0
4359 2
4360 2
4361 3
4362 3
4363 2
4364 2
4365 1
4366 2
4367 2
4368 3
4369 3
4370 3
4371 1
4372 2
4373 0
4374 0
4375 0
4376 2
4377 2
4378 2
4379 2
4380 3
4381 0
4382 2
4383 1
4384 3
4385 2
4386 3
4387 2
4388 2
4389 3
4390 3
4391 3
4392 0
4393 3
4394 1
4395 0
4396 2
4397 2
4398 3
4399 2
4400 1
4401 2
4402 2
4403 2
4404 3
4405 3
4406 2
4407 2
4408 2
4409 3
4410 3
4411 0
4412 2
4413 3
4414 3
4415 2
4416 2
4417 1
4418 2
4419 2
4420 3
4421 3
4422 2
4423 2
4424 2
4425 0
4426 3
4427 3
4428 1
4429 3
4430 2
4431 3
4432 3
4433 2
4434 2
4435 2
4436 2
4437 2
4438 2
4439 2
4440 2
4441 2
4442 2
4443 2
4444 2
4445 2
4446 2
4447 2
4448 2
4449 2
4450 2
4451 2
4452 2
4453 1
4454 2
4455 1
4456 2
4457 2
4458 0
4459 2
4460 3
4461 2
4462 1
4463 2
4464 0
4465 1
4466 2
4467 1
4468 2
4469 3
4470 3
4471 1
4472 0
4473 2
4474 1
4475 0
4476 1
4477 3
4478 2
4479 0
4480 2
4481 2
4482 3
4483 1
4484 3
4485 3
4486 3
4487 2
4488 3
4489 2
4490 1
4491 2
4492 1
4493 3
4494 0
4495 3
4496 1
4497 0
4498 1
4499 3
4500 1
4501 3
4502 2
4503 2
4504 1
4505 1
4506 3
4507 1
4508 2
4509 2
4510 3
4511 2
4512 3
4513 1
4514 1
4515 3
4516 2
4517 1
4518 2
4519 0
4520 0
4521 0
4522 2
4523 3
4524 3
4525 3
4526 3
4527 2
4528 3
4529 1
4530 3
4531 1
4532 1
4533 3
4534 3
4535 1
4536 2
4537 1
4538 1
4539 2
4540 3
4541 0
4542 1
4543 1
4544 2
4545 3
4546 0
4547 3
4548 3
4549 0
4550 3
4551 2
4552 3
4553 3
4554 1
4555 3
4556 2
4557 2
4558 2
4559 3
4560 0
4561 2
4562 1
4563 2
4564 0
4565 3
4566 3
4567 2
4568 2
4569 3
4570 3
4571 1
4572 2
4573 3
4574 0
4575 1
4576 3
4577 2
4578 2
4579 3
4580 2
4581 1
4582 0
4583 1
4584 3
4585 0
4586 1
4587 0
4588 3
4589 1
4590 0
4591 2
4592 3
4593 1
4594 1
4595 2
4596 2
4597 2
4598 3
4599 2
4600 2
4601 2
4602 2
4603 0
4604 2
4605 2
4606 3
4607 2
4608 0
4609 2
4610 2
4611 1
4612 2
4613 2
4614 2
4615 2
4616 2
4617 2
4618 2
4619 3
4620 3
4621 2
4622 2
4623 3
4624 2
4625 3
4626 3
4627 2
4628 2
4629 2
4630 3
4631 1
4632 3
4633 2
4634 3
4635 3
4636 2
4637 2
4638 1
4639 3
4640 2
4641 2
4642 2
4643 0
4644 2
4645 2
4646 0
4647 3
4648 0
4649 0
4650 0
4651 1
4652 2
4653 2
4654 1
4655 1
4656 0
4657 3
4658 3
4659 1
4660 2
4661 1
4662 1
4663 2
4664 3
4665 3
4666 3
4667 3
4668 3
4669 3
4670 1
4671 2
4672 3
4673 1
4674 1
4675 2
4676 2
4677 3
4678 3
4679 0
4680 2
4681 3
4682 2
4683 2
4684 2
4685 1
4686 0
4687 2
4688 2
4689 1
4690 2
4691 3
4692 1
4693 1
4694 1
4695 0
4696 0
4697 1
4698 1
4699 0
4700 1
4701 3
4702 3
4703 0
4704 3
4705 2
4706 0
4707 2
4708 2
4709 3
4710 2
4711 3
4712 3
4713 2
4714 3
4715 3
4716 2
4717 1
4718 3
4719 1
4720 1
4721 3
4722 1
4723 2
4724 3
4725 3
4726 3
4727 0
4728 0
4729 1
4730 3
4731 2
4732 0
4733 1
4734 2
4735 0
4736 1
4737 3
4738 0
4739 0
4740 1
4741 2
4742 3
4743 0
4744 1
4745 1
4746 2
4747 2
4748 2
4749 0
4750 1
4751 1
4752 0
4753 3
4754 2
4755 2
4756 1
4757 2
4758 2
4759 2
4760 3
4761 3
4762 2
4763 2
4764 3
4765 1
4766 3
4767 2
4768 2
4769 3
4770 0
4771 2
4772 2
4773 0
4774 2
4775 0
4776 3
4777 2
4778 2
4779 3
4780 1
4781 3
4782 1
4783 1
4784 1
4785 1
4786 2
4787 2
4788 2
4789 2
4790 2
4791 3
4792 3
4793 2
4794 1
4795 2
4796 0
4797 2
4798 1
4799 2
4800 3
4801 3
4802 3
4803 1
4804 1
4805 3
4806 3
4807 3
4808 3
4809 0
4810 3
4811 3
4812 1
4813 3
4814 1
4815 3
4816 2
4817 2
4818 1
4819 2
4820 2
4821 3
4822 2
4823 3
4824 2
4825 2
4826 1
4827 2
4828 1
4829 2
4830 1
4831 0
4832 2
4833 2
4834 2
4835 2
4836 3
4837 3
4838 2
4839 1
4840 3
4841 3
4842 0
4843 2
4844 1
4845 3
4846 1
4847 1
4848 2
4849 2
4850 1
4851 2
4852 2
4853 3
4854 3
4855 2
4856 0
4857 3
4858 3
4859 2
4860 2
4861 1
4862 1
4863 2
4864 3
4865 2
4866 2
4867 2
4868 1
4869 3
4870 1
4871 0
4872 1
4873 2
4874 0
4875 1
4876 2
4877 3
4878 1
4879 1
4880 1
4881 2
4882 1
4883 3
4884 1
4885 1
4886 1
4887 1
4888 1
4889 0
4890 2
4891 3
4892 3
4893 3
4894 2
4895 3
4896 1
4897 2
4898 1
4899 1
4900 2
4901 1
4902 1
4903 2
4904 1
4905 2
4906 2
4907 1
4908 2
4909 3
4910 3
4911 3
4912 1
4913 2
4914 1
4915 3
4916 2
4917 2
4918 2
4919 2
4920 0
4921 3
4922 0
4923 2
4924 0
4925 2
4926 2
4927 2
4928 2
4929 3
4930 2
4931 1
4932 1
4933 2
4934 2
4935 2
4936 1
4937 1
4938 3
4939 1
4940 2
4941 2
4942 2
4943 2
4944 2
4945 1
4946 1
4947 3
4948 2
4949 1
4950 1
4951 3
4952 2
4953 1
4954 1
4955 3
4956 0
4957 2
4958 3
4959 3
4960 1
4961 3
4962 3
4963 2
4964 0
4965 3
4966 1
4967 0
4968 2
4969 2
4970 3
4971 2
4972 3
4973 3
4974 3
4975 1
4976 3
4977 2
4978 1
4979 0
4980 3
4981 3
4982 2
4983 2
4984 2
4985 0
4986 2
4987 3
4988 3
4989 2
4990 1
4991 3
4992 1
4993 3
4994 2
4995 0
4996 2
4997 2
4998 1
4999 0
5000 0
5001 2
5002 0
5003 2
5004 1
5005 2
5006 2
5007 2
5008 2
5009 2
5010 2
5011 1
5012 1
5013 3
5014 1
5015 2
5016 3
5017 1
5018 3
5019 1
5020 2
5021 1
5022 3
5023 3
5024 3
5025 3
5026 3
5027 3
5028 1
5029 2
5030 2
5031 2
5032 2
5033 0
5034 2
5035 0
5036 3
5037 3
5038 3
5039 0
5040 3
5041 3
5042 3
5043 0
5044 1
5045 1
5046 0
5047 0
5048 2
5049 2
5050 3
5051 3
5052 3
5053 0
5054 2
5055 2
5056 3
5057 2
5058 3
5059 3
5060 3
5061 3
5062 2
5063 2
5064 3
5065 3
5066 3
5067 3
5068 3
5069 3
5070 0
5071 1
5072 2
5073 2
5074 0
5075 2
5076 3
5077 0
5078 1
5079 2
5080 1
5081 2
5082 2
5083 2
5084 1
5085 2
5086 1
5087 2
5088 2
5089 2
5090 3
5091 1
5092 3
5093 2
5094 1
5095 2
5096 0
5097 3
5098 2
5099 2
5100 2
5101 2
5102 3
5103 1
5104 3
5105 3
5106 2
5107 1
5108 1
5109 2
5110 2
5111 0
5112 3
5113 2
5114 3
5115 2
5116 2
5117 0
5118 3
5119 2
5120 2
5121 2
5122 3
5123 1
5124 3
5125 0
5126 2
5127 0
5128 3
5129 1
5130 3
5131 1
5132 1
5133 1
5134 2
5135 3
5136 2
5137 3
5138 2
5139 2
5140 0
5141 3
5142 1
5143 2
5144 1
5145 3
5146 1
5147 1
5148 1
5149 1
5150 1
5151 2
5152 3
5153 2
5154 3
5155 1
5156 2
5157 2
5158 0
5159 2
5160 2
5161 1
5162 3
5163 2
5164 2
5165 1
5166 1
5167 2
5168 1
5169 2
5170 3
5171 3
5172 2
5173 3
5174 0
5175 2
5176 1
5177 2
5178 1
5179 0
5180 2
5181 2
5182 2
5183 2
5184 1
5185 2
5186 2
5187 3
5188 0
5189 2
5190 2
5191 0
5192 2
5193 3
5194 1
5195 2
5196 2
5197 3
5198 2
5199 3
5200 2
5201 1
5202 3
5203 1
5204 1
5205 3
5206 0
5207 0
5208 0
5209 1
5210 2
5211 1
5212 2
5213 1
5214 2
5215 3
5216 1
5217 3
5218 1
5219 2
5220 2
5221 0
5222 3
5223 1
5224 2
5225 2
5226 2
5227 2
5228 1
5229 2
5230 2
5231 2
5232 1
5233 0
5234 1
5235 2
5236 3
5237 2
5238 3
5239 3
5240 2
5241 1
5242 1
5243 3
5244 1
5245 2
5246 0
5247 3
5248 2
5249 3
5250 3
5251 2
5252 0
5253 0
5254 2
5255 3
5256 1
5257 2
5258 2
5259 2
5260 2
5261 2
5262 1
5263 1
5264 2
5265 2
5266 3
5267 1
5268 1
5269 1
5270 1
5271 2
5272 2
5273 3
5274 2
5275 3
5276 2
5277 3
5278 1
5279 2
5280 2
5281 1
5282 1
5283 1
5284 0
5285 0
5286 2
5287 3
5288 2
5289 0
5290 3
5291 0
5292 3
5293 2
5294 3
5295 1
5296 2
5297 3
5298 2
5299 1
5300 2
5301 3
5302 3
5303 1
5304 1
5305 3
5306 2
5307 1
5308 2
5309 0
5310 1
5311 1
5312 0
5313 1
5314 3
5315 3
5316 1
5317 3
5318 1
5319 2
5320 1
5321 0
5322 1
5323 0
5324 1
5325 3
5326 1
5327 3
5328 2
5329 3
5330 3
5331 1
5332 3
5333 0
5334 1
5335 1
5336 2
5337 2
5338 0
5339 1
5340 2
5341 2
5342 3
5343 1
5344 2
5345 3
5346 3
5347 3
5348 2
5349 0
5350 2
5351 0
5352 2
5353 1
5354 2
5355 0
5356 2
5357 3
5358 2
5359 1
5360 2
5361 3
5362 1
5363 1
5364 1
5365 1
5366 1
5367 2
5368 2
5369 3
5370 3
5371 2
5372 2
5373 2
5374 1
5375 2
5376 2
5377 2
5378 0
5379 0
5380 2
5381 2
5382 2
5383 0
5384 3
5385 1
5386 2
5387 2
5388 2
5389 2
5390 3
5391 1
5392 3
5393 2
5394 3
5395 1
5396 3
5397 3
5398 3
5399 1
5400 3
5401 3
5402 1
5403 2
5404 1
5405 1
5406 1
5407 1
5408 3
5409 2
5410 2
5411 2
5412 1
5413 1
5414 3
5415 3
5416 3
5417 2
5418 1
5419 2
5420 2
5421 3
5422 3
5423 3
5424 3
5425 2
5426 2
5427 1
5428 3
5429 0
5430 2
5431 2
5432 2
5433 2
5434 0
5435 1
5436 2
5437 3
5438 1
5439 2
5440 0
5441 3
5442 3
5443 0
5444 3
5445 3
5446 0
5447 0
5448 3
5449 3
5450 3
5451 1
5452 1
5453 2
5454 2
5455 0
5456 3
5457 2
5458 2
5459 3
5460 1
5461 3
5462 0
5463 1
5464 3
5465 2
5466 2
5467 1
5468 0
5469 1
5470 2
5471 0
5472 2
5473 0
5474 1
5475 3
5476 2
5477 2
5478 0
5479 0
5480 0
5481 3
5482 2
5483 2
5484 3
5485 3
5486 3
5487 3
5488 0
5489 2
5490 2
5491 2
5492 3
5493 3
5494 3
5495 2
5496 2
5497 2
5498 3
5499 2
5500 3
5501 1
5502 3
5503 1
5504 0
5505 1
5506 3
5507 3
5508 1
5509 2
5510 2
5511 2
5512 2
5513 2
5514 2
5515 3
5516 3
5517 3
5518 3
5519 2
5520 2
5521 2
5522 2
5523 1
5524 3
5525 2
5526 0
5527 2
5528 0
5529 0
5530 0
5531 3
5532 1
5533 1
5534 3
5535 3
5536 2
5537 2
5538 3
5539 2
5540 2
5541 0
5542 3
5543 1
5544 0
5545 1
5546 3
5547 2
5548 3
5549 2
5550 3
5551 2
5552 2
5553 3
5554 1
5555 1
5556 3
5557 2
5558 2
5559 2
5560 2
5561 1
5562 1
5563 3
5564 1
5565 1
5566 2
5567 0
5568 2
5569 3
5570 3
5571 2
5572 3
5573 1
5574 0
5575 1
5576 2
5577 2
5578 2
5579 2
5580 2
5581 2
5582 2
5583 2
5584 2
5585 2
5586 2
5587 2
5588 2
5589 2
5590 2
5591 2
5592 2
5593 2
5594 2
5595 2
5596 2
5597 2
5598 2
5599 2
5600 2
5601 1
5602 2
5603 2
5604 2
5605 2
5606 2
5607 2
5608 2
5609 2
5610 2
5611 0
5612 3
5613 1
5614 1
5615 2
5616 2
5617 2
5618 2
5619 2
5620 2
5621 2
5622 3
5623 3
5624 1
5625 2
5626 2
5627 3
5628 0
5629 1
5630 3
5631 0
5632 1
5633 2
5634 1
5635 1
5636 1
5637 0
5638 3
5639 1
5640 1
5641 2
5642 2
5643 2
5644 2
5645 2
5646 2
5647 0
5648 3
5649 2
5650 1
5651 1
5652 2
5653 2
5654 0
5655 3
5656 3
5657 2
5658 2
5659 2
5660 3
5661 2
5662 3
5663 2
5664 1
5665 2
5666 2
5667 3
5668 2
5669 0
5670 1
5671 2
5672 1
5673 2
5674 3
5675 2
5676 0
5677 2
5678 1
5679 3
5680 1
5681 2
5682 3
5683 2
5684 3
5685 2
5686 1
5687 2
5688 2
5689 0
5690 1
5691 2
5692 2
5693 1
5694 0
5695 1
5696 3
5697 2
5698 3
5699 3
5700 2
5701 3
5702 0
5703 3
5704 3
5705 0
5706 0
5707 1
5708 2
5709 0
5710 2
5711 1
5712 2
5713 2
5714 3
5715 2
5716 2
5717 2
5718 3
5719 3
5720 1
5721 3
5722 2
5723 3
5724 3
5725 2
5726 1
5727 2
5728 3
5729 2
5730 2
5731 3
5732 3
5733 1
5734 3
5735 3
5736 3
5737 2
5738 3
5739 0
5740 1
5741 3
5742 2
5743 0
5744 2
5745 2
5746 3
5747 2
5748 3
5749 3
5750 3
5751 2
5752 2
5753 2
5754 2
5755 3
5756 2
5757 2
5758 2
5759 1
5760 2
5761 1
5762 1
5763 3
5764 2
5765 3
5766 3
5767 3
5768 3
5769 3
5770 3
5771 2
5772 2
5773 3
5774 2
5775 2
5776 3
5777 3
5778 3
5779 3
5780 2
5781 2
5782 2
5783 3
5784 0
5785 1
5786 1
5787 0
5788 2
5789 2
5790 3
5791 3
5792 2
5793 1
5794 2
5795 2
5796 2
5797 2
5798 2
5799 2
5800 2
5801 2
5802 2
5803 2
5804 2
5805 2
5806 2
5807 2
5808 2
5809 2
5810 2
5811 2
5812 1
5813 0
5814 2
5815 3
5816 0
5817 1
5818 2
5819 2
5820 2
5821 1
5822 2
5823 2
5824 3
5825 0
5826 3
5827 1
5828 2
5829 3
5830 0
5831 1
5832 2
5833 2
5834 2
5835 0
5836 0
5837 0
5838 0
5839 2
5840 1
5841 2
5842 2
5843 3
5844 3
5845 2
5846 0
5847 1
5848 2
5849 2
5850 3
5851 1
5852 3
5853 3
5854 2
5855 2
5856 3
5857 1
5858 3
5859 1
5860 3
5861 1
5862 2
5863 3
5864 3
5865 3
5866 3
5867 2
5868 2
5869 1
5870 2
5871 3
5872 2
5873 1
5874 2
5875 2
5876 0
5877 3
5878 2
5879 1
5880 2
5881 2
5882 1
5883 3
5884 0
5885 1
5886 3
5887 1
5888 1
5889 2
5890 1
5891 1
5892 0
5893 3
5894 3
5895 1
5896 3
5897 2
5898 3
5899 2
5900 3
5901 2
5902 1
5903 3
5904 2
5905 3
5906 3
5907 2
5908 2
5909 2
5910 2
5911 1
5912 1
5913 2
5914 2
5915 3
5916 0
5917 0
5918 1
5919 1
5920 2
5921 2
5922 2
5923 2
5924 2
5925 1
5926 3
5927 3
5928 2
5929 2
5930 0
5931 1
5932 1
5933 2
5934 0
5935 2
5936 2
5937 1
5938 2
5939 2
5940 1
5941 1
5942 1
5943 2
5944 2
5945 3
5946 2
5947 2
5948 0
5949 2
5950 2
5951 0
5952 2
5953 2
5954 0
5955 3
5956 0
5957 0
5958 2
5959 2
5960 2
5961 3
5962 2
5963 3
5964 2
5965 0
5966 0
5967 2
5968 1
5969 2
5970 2
5971 0
5972 0
5973 0
5974 2
5975 2
5976 2
5977 1
5978 2
5979 1
5980 2
5981 1
5982 2
5983 2
5984 2
5985 1
5986 2
5987 2
5988 1
5989 2
5990 1
5991 3
5992 3
5993 0
5994 3
5995 0
5996 0
5997 2
5998 0
5999 3
6000 3
6001 3
6002 2
6003 3
6004 0
6005 0
6006 2
6007 1
6008 2
6009 2
6010 1
6011 1
6012 2
6013 0
6014 1
6015 2
6016 3
6017 2
6018 2
6019 0
6020 1
6021 1
6022 2
6023 2
6024 1
6025 2
6026 2
6027 2
6028 2
6029 2
6030 2
6031 2
6032 2
6033 1
6034 0
6035 2
6036 2
6037 2
6038 2
6039 2
6040 2
6041 3
6042 1
6043 1
6044 2
6045 2
6046 0
6047 1
6048 1
6049 2
6050 2
6051 1
6052 1
6053 2
6054 1
6055 2
6056 2
6057 2
6058 2
6059 1
6060 1
6061 0
6062 1
6063 1
6064 2
6065 0
6066 1
6067 2
6068 1
6069 1
6070 3
6071 0
6072 2
6073 2
6074 2
6075 1
6076 3
6077 1
6078 2
6079 1
6080 2
6081 2
6082 2
6083 0
6084 1
6085 0
6086 0
6087 1
6088 1
6089 1
6090 0
6091 2
6092 0
6093 1
6094 0
6095 2
6096 3
6097 2
6098 2
6099 1
6100 2
6101 2
6102 3
6103 0
6104 2
6105 0
6106 2
6107 2
6108 2
6109 0
6110 0
6111 1
6112 1
6113 0
6114 0
6115 2
6116 3
6117 3
6118 1
6119 2
6120 2
6121 0
6122 0
6123 2
6124 2
6125 2
6126 0
6127 0
6128 2
6129 2
6130 2
6131 2
6132 2
6133 2
6134 0
6135 2
6136 2
6137 1
6138 2
6139 0
6140 1
6141 2
6142 2
6143 0
6144 2
6145 2
6146 2
6147 3
6148 3
6149 0
6150 1
6151 1
6152 2
6153 2
6154 1
6155 2
6156 1
6157 1
6158 2
6159 2
6160 2
6161 2
6162 2
6163 0
6164 3
6165 3
6166 0
6167 1
6168 0
6169 1
6170 2
6171 2
6172 3
6173 0
6174 2
6175 2
6176 2
6177 2
6178 3
6179 2
6180 2
6181 2
6182 1
6183 2
6184 0
6185 2
6186 3
6187 0
6188 2
6189 0
6190 1
6191 2
6192 2
6193 2
6194 1
6195 3
6196 2
6197 2
6198 2
6199 2
6200 2
6201 2
6202 2
6203 1
6204 1
6205 2
6206 2
6207 1
6208 2
6209 0
6210 3
6211 3
6212 2
6213 3
6214 0
6215 3
6216 2
6217 2
6218 2
6219 3
6220 2
6221 3
6222 2
6223 2
6224 2
6225 2
6226 2
6227 2
6228 2
6229 3
6230 2
6231 2
6232 0
6233 3
6234 2
6235 2
6236 1
6237 2
6238 2
6239 0
6240 0
6241 3
6242 1
6243 1
6244 3
6245 3
6246 2
6247 2
6248 2
6249 0
6250 2
6251 2
6252 2
6253 2
6254 2
6255 2
6256 1
6257 1
6258 2
6259 3
6260 0
6261 2
6262 1
6263 3
6264 2
6265 3
6266 2
6267 2
6268 2
6269 2
6270 0
6271 2
6272 2
6273 2
6274 2
6275 1
6276 2
6277 1
6278 3
6279 1
6280 2
6281 2
6282 3
6283 3
6284 2
6285 3
6286 2
6287 2
6288 0
6289 2
6290 3
6291 2
6292 2
6293 2
6294 2
6295 1
6296 3
6297 0
6298 2
6299 2
6300 1
6301 2
6302 2
6303 0
6304 2
6305 1
6306 3
6307 2
6308 2
6309 0
6310 3
6311 0
6312 2
6313 0
6314 3
6315 3
6316 0
6317 2
6318 2
6319 2
6320 2
6321 2
6322 2
6323 0
6324 2
6325 0
6326 2
6327 2
6328 3
6329 2
6330 2
6331 0
6332 2
6333 2
6334 2
6335 3
6336 2
6337 2
6338 2
6339 0
6340 2
6341 3
6342 3
6343 1
6344 0
6345 3
6346 2
6347 2
6348 2
6349 1
6350 2
6351 3
6352 2
6353 2
6354 3
6355 3
6356 1
6357 2
6358 3
6359 1
6360 2
6361 2
6362 2
6363 2
6364 0
6365 2
6366 2
6367 2
6368 0
6369 3
6370 2
6371 2
6372 3
6373 2
6374 2
6375 2
6376 2
6377 2
6378 2
6379 1
6380 2
6381 2
6382 1
6383 3
6384 3
6385 3
6386 1
6387 0
6388 3
6389 1
6390 3
6391 1
6392 3
6393 1
6394 3
6395 1
6396 2
6397 3
6398 0
6399 2
6400 2
6401 0
6402 1
6403 1
6404 2
6405 2
6406 3
6407 0
6408 2
6409 2
6410 2
6411 1
6412 2
6413 2
6414 2
6415 1
6416 2
6417 3
6418 2
6419 0
6420 2
6421 2
6422 3
6423 2
6424 0
6425 2
6426 2
6427 2
6428 2
6429 2
6430 2
6431 2
6432 2
6433 3
6434 1
6435 2
6436 1
6437 1
6438 2
6439 1
6440 0
6441 2
6442 3
6443 2
6444 1
6445 0
6446 2
6447 3
6448 2
6449 2
6450 2
6451 2
6452 2
6453 0
6454 2
6455 2
6456 2
6457 2
6458 0
6459 2
6460 0
6461 2
6462 2
6463 2
6464 2
6465 0
6466 1
6467 2
6468 0
6469 3
6470 0
6471 2
6472 2
6473 3
6474 3
6475 2
6476 3
6477 0
6478 2
6479 1
6480 2
6481 1
6482 2
6483 1
6484 0
6485 2
6486 0
6487 2
6488 0
6489 2
6490 2
6491 2
6492 2
6493 2
6494 0
6495 2
6496 2
6497 3
6498 3
6499 2
6500 2
6501 1
6502 3
6503 0
6504 2
6505 2
6506 2
6507 0
6508 2
6509 2
6510 2
6511 0
6512 0
6513 2
6514 2
6515 2
6516 1
6517 2
6518 1
6519 2
6520 2
6521 3
6522 2
6523 2
6524 2
6525 2
6526 2
6527 3
6528 2
6529 3
6530 2
6531 2
6532 2
6533 0
6534 0
6535 2
6536 2
6537 2
6538 2
6539 2
6540 2
6541 2
6542 0
6543 2
6544 2
6545 2
6546 0
6547 1
6548 2
6549 2
6550 2
6551 2
6552 1
6553 1
6554 2
6555 2
6556 2
6557 2
6558 0
6559 1
6560 2
6561 2
6562 2
6563 1
6564 2
6565 2
6566 2
6567 2
6568 1
6569 2
6570 2
6571 2
6572 2
6573 2
network of communities computed : Thu Jan  7 08:41:37 2010

network : 4 nodes, 16 links, 559740488 weight.
pass number 1 of -1 : 0.121303 0.121303
communities computed : Thu Jan  7 08:41:37 2010
modularity increased from 0.121303 to 0.121303
0 0
1 1
2 2
3 3
network of communities computed : Thu Jan  7 08:41:37 2010
1e-06 0.121303 64
