Sender: LSF System <lsfadmin@bc16-n06>
Subject: Job 416125: <conv_pct2> Done

Job <conv_pct2> was submitted from host <bc14-n13> by user <jabloche> in cluster <lucky>.
Job was executed on host(s) <bc16-n06>, in queue <week>, as user <jabloche> in cluster <lucky>.
</afs/isis.unc.edu/home/j/a/jabloche> was used as the home directory.
</netscr/jabloche/FirmNetworks/cLouvain> was used as the working directory.
Started at Wed Dec 30 11:57:53 2009
Results reported at Wed Dec 30 11:58:41 2009

Your job looked like:

------------------------------------------------------------
# LSBATCH: User input
/netscr/jabloche/FirmNetworks/cLouvain/convert -i /smallfs/jabloche/fn_edge/el_pct2.txt -o /smallfs/jabloche/fn_edge/el_pct2.bin -w
------------------------------------------------------------

Successfully completed.

Resource usage summary:

    CPU time   :     36.92 sec.
    Max Memory :       530 MB
    Max Swap   :       832 MB

    Max Processes  :         4
    Max Threads    :         4

The output (if any) follows:

Your home directory for this job is /netscr/jabloche
.....Sender: LSF System <lsfadmin@bc01-n06>
Subject: Job 416148: <conv_pct2> Done

Job <conv_pct2> was submitted from host <bc14-n13> by user <jabloche> in cluster <lucky>.
Job was executed on host(s) <bc01-n06>, in queue <week>, as user <jabloche> in cluster <lucky>.
</afs/isis.unc.edu/home/j/a/jabloche> was used as the home directory.
</netscr/jabloche/FirmNetworks/cLouvain> was used as the working directory.
Started at Wed Dec 30 12:14:47 2009
Results reported at Wed Dec 30 12:16:30 2009

Your job looked like:

------------------------------------------------------------
# LSBATCH: User input
/netscr/jabloche/FirmNetworks/cLouvain/convert -i /smallfs/jabloche/fn_edge/el_pct2.txt -o /smallfs/jabloche/fn_edge/el_pct2.bin -w
------------------------------------------------------------

Successfully completed.

Resource usage summary:

    CPU time   :     26.46 sec.
    Max Memory :       588 MB
    Max Swap   :       884 MB

    Max Processes  :         4
    Max Threads    :         4

The output (if any) follows:

Your home directory for this job is /netscr/jabloche
.....Sender: LSF System <lsfadmin@bc16-n05>
Subject: Job 416155: <conv_pct2> Done

Job <conv_pct2> was submitted from host <bc14-n13> by user <jabloche> in cluster <lucky>.
Job was executed on host(s) <bc16-n05>, in queue <week>, as user <jabloche> in cluster <lucky>.
</afs/isis.unc.edu/home/j/a/jabloche> was used as the home directory.
</netscr/jabloche/FirmNetworks/cLouvain> was used as the working directory.
Started at Wed Dec 30 12:17:16 2009
Results reported at Wed Dec 30 12:18:16 2009

Your job looked like:

------------------------------------------------------------
# LSBATCH: User input
/netscr/jabloche/FirmNetworks/cLouvain/convert -i /smallfs/jabloche/fn_edge/el_pct2.txt -o /smallfs/jabloche/fn_edge/el_pct2.bin -w
------------------------------------------------------------

Successfully completed.

Resource usage summary:

    CPU time   :     39.82 sec.
    Max Memory :       477 MB
    Max Swap   :       773 MB

    Max Processes  :         4
    Max Threads    :         4

The output (if any) follows:

Your home directory for this job is /netscr/jabloche
.....Sender: LSF System <lsfadmin@bc14-n10>
Subject: Job 416160: <conv_pct2> Done

Job <conv_pct2> was submitted from host <bc14-n13> by user <jabloche> in cluster <lucky>.
Job was executed on host(s) <bc14-n10>, in queue <week>, as user <jabloche> in cluster <lucky>.
</afs/isis.unc.edu/home/j/a/jabloche> was used as the home directory.
</netscr/jabloche/FirmNetworks/cLouvain> was used as the working directory.
Started at Wed Dec 30 12:20:00 2009
Results reported at Wed Dec 30 12:21:32 2009

Your job looked like:

------------------------------------------------------------
# LSBATCH: User input
/netscr/jabloche/FirmNetworks/cLouvain/convert -i /smallfs/jabloche/fn_edge/el_pct2.txt -o /smallfs/jabloche/fn_edge/el_pct2.bin -w
------------------------------------------------------------

Successfully completed.

Resource usage summary:

    CPU time   :     44.55 sec.
    Max Memory :       588 MB
    Max Swap   :       884 MB

    Max Processes  :         4
    Max Threads    :         4

The output (if any) follows:

Your home directory for this job is /netscr/jabloche
.....Sender: LSF System <lsfadmin@bc01-n10>
Subject: Job 416192: <conv_pct2> Done

Job <conv_pct2> was submitted from host <bc14-n13> by user <jabloche> in cluster <lucky>.
Job was executed on host(s) <bc01-n10>, in queue <week>, as user <jabloche> in cluster <lucky>.
</afs/isis.unc.edu/home/j/a/jabloche> was used as the home directory.
</netscr/jabloche/FirmNetworks/cLouvain> was used as the working directory.
Started at Wed Dec 30 12:35:29 2009
Results reported at Wed Dec 30 12:38:03 2009

Your job looked like:

------------------------------------------------------------
# LSBATCH: User input
/netscr/jabloche/FirmNetworks/cLouvain/convert -i /smallfs/jabloche/fn_edge/el_pct2.txt -o /smallfs/jabloche/fn_edge/el_pct2.bin -w
------------------------------------------------------------

Successfully completed.

Resource usage summary:

    CPU time   :     28.75 sec.
    Max Memory :       588 MB
    Max Swap   :       884 MB

    Max Processes  :         4
    Max Threads    :         4

The output (if any) follows:

Your home directory for this job is /netscr/jabloche
.....