Sender: LSF System <lsfadmin@bc09-n08>
Subject: Job 416214: <conv_pct24> Done

Job <conv_pct24> was submitted from host <bc14-n13> by user <jabloche> in cluster <lucky>.
Job was executed on host(s) <bc09-n08>, in queue <week>, as user <jabloche> in cluster <lucky>.
</afs/isis.unc.edu/home/j/a/jabloche> was used as the home directory.
</netscr/jabloche/FirmNetworks/cLouvain> was used as the working directory.
Started at Wed Dec 30 12:35:35 2009
Results reported at Wed Dec 30 12:38:06 2009

Your job looked like:

------------------------------------------------------------
# LSBATCH: User input
/netscr/jabloche/FirmNetworks/cLouvain/convert -i /smallfs/jabloche/fn_edge/el_pct24.txt -o /smallfs/jabloche/fn_edge/el_pct24.bin -w
------------------------------------------------------------

Successfully completed.

Resource usage summary:

    CPU time   :     66.11 sec.
    Max Memory :       639 MB
    Max Swap   :       948 MB

    Max Processes  :         4
    Max Threads    :         4

The output (if any) follows:

Your home directory for this job is /netscr/jabloche
.....