Sender: LSF System <lsfadmin@bc16-n05>
Subject: Job 416161: <conv_pct3> Done

Job <conv_pct3> was submitted from host <bc14-n13> by user <jabloche> in cluster <lucky>.
Job was executed on host(s) <bc16-n05>, in queue <week>, as user <jabloche> in cluster <lucky>.
</afs/isis.unc.edu/home/j/a/jabloche> was used as the home directory.
</netscr/jabloche/FirmNetworks/cLouvain> was used as the working directory.
Started at Wed Dec 30 12:20:00 2009
Results reported at Wed Dec 30 12:21:24 2009

Your job looked like:

------------------------------------------------------------
# LSBATCH: User input
/netscr/jabloche/FirmNetworks/cLouvain/convert -i /smallfs/jabloche/fn_edge/el_pct3.txt -o /smallfs/jabloche/fn_edge/el_pct3.bin -w
------------------------------------------------------------

Successfully completed.

Resource usage summary:

    CPU time   :     37.81 sec.
    Max Memory :       556 MB
    Max Swap   :       850 MB

    Max Processes  :         4
    Max Threads    :         4

The output (if any) follows:

Your home directory for this job is /netscr/jabloche
....Sender: LSF System <lsfadmin@bc01-n06>
Subject: Job 416193: <conv_pct3> Done

Job <conv_pct3> was submitted from host <bc14-n13> by user <jabloche> in cluster <lucky>.
Job was executed on host(s) <bc01-n06>, in queue <week>, as user <jabloche> in cluster <lucky>.
</afs/isis.unc.edu/home/j/a/jabloche> was used as the home directory.
</netscr/jabloche/FirmNetworks/cLouvain> was used as the working directory.
Started at Wed Dec 30 12:35:29 2009
Results reported at Wed Dec 30 12:38:06 2009

Your job looked like:

------------------------------------------------------------
# LSBATCH: User input
/netscr/jabloche/FirmNetworks/cLouvain/convert -i /smallfs/jabloche/fn_edge/el_pct3.txt -o /smallfs/jabloche/fn_edge/el_pct3.bin -w
------------------------------------------------------------

Successfully completed.

Resource usage summary:

    CPU time   :     27.13 sec.
    Max Memory :       577 MB
    Max Swap   :       870 MB

    Max Processes  :         4
    Max Threads    :         4

The output (if any) follows:

Your home directory for this job is /netscr/jabloche
....