Sender: LSF System <lsfadmin@bc01-n12>
Subject: Job 414468: </netscr/jabloche/FirmNetworks/cLouvain/convert -i /smallfs/jabloche/firmnet/el_pct9.txt -o /smallfs/jabloche/firmnet/el_pct9.bin -w> Exited

Job </netscr/jabloche/FirmNetworks/cLouvain/convert -i /smallfs/jabloche/firmnet/el_pct9.txt -o /smallfs/jabloche/firmnet/el_pct9.bin -w> was submitted from host <bc14-n13> by user <jabloche> in cluster <lucky>.
Job was executed on host(s) <bc01-n12>, in queue <week>, as user <jabloche> in cluster <lucky>.
</afs/isis.unc.edu/home/j/a/jabloche> was used as the home directory.
</netscr/jabloche/FirmNetworks/cLouvain> was used as the working directory.
Started at Mon Dec 28 17:29:23 2009
Results reported at Tue Dec 29 08:50:56 2009

Your job looked like:

------------------------------------------------------------
# LSBATCH: User input
/netscr/jabloche/FirmNetworks/cLouvain/convert -i /smallfs/jabloche/firmnet/el_pct9.txt -o /smallfs/jabloche/firmnet/el_pct9.bin -w
------------------------------------------------------------

TERM_OWNER: job killed by owner.
Exited with exit code 130.

Resource usage summary:

    CPU time   :  55169.23 sec.
    Max Memory :       765 MB
    Max Swap   :      1037 MB

    Max Processes  :         4
    Max Threads    :         4

The output (if any) follows:

Your home directory for this job is /netscr/jabloche
.....