Sender: LSF System <lsfadmin@bc02-n06>
Subject: Job 416173: <conv_pct15> Done

Job <conv_pct15> was submitted from host <bc14-n13> by user <jabloche> in cluster <lucky>.
Job was executed on host(s) <bc02-n06>, in queue <week>, as user <jabloche> in cluster <lucky>.
</afs/isis.unc.edu/home/j/a/jabloche> was used as the home directory.
</netscr/jabloche/FirmNetworks/cLouvain> was used as the working directory.
Started at Wed Dec 30 12:20:06 2009
Results reported at Wed Dec 30 12:21:29 2009

Your job looked like:

------------------------------------------------------------
# LSBATCH: User input
/netscr/jabloche/FirmNetworks/cLouvain/convert -i /smallfs/jabloche/fn_edge/el_pct15.txt -o /smallfs/jabloche/fn_edge/el_pct15.bin -w
------------------------------------------------------------

Successfully completed.

Resource usage summary:

    CPU time   :     28.27 sec.
    Max Memory :       581 MB
    Max Swap   :       881 MB

    Max Processes  :         4
    Max Threads    :         4

The output (if any) follows:

Your home directory for this job is /netscr/jabloche
.....Sender: LSF System <lsfadmin@bc01-n09>
Subject: Job 416205: <conv_pct15> Done

Job <conv_pct15> was submitted from host <bc14-n13> by user <jabloche> in cluster <lucky>.
Job was executed on host(s) <bc01-n09>, in queue <week>, as user <jabloche> in cluster <lucky>.
</afs/isis.unc.edu/home/j/a/jabloche> was used as the home directory.
</netscr/jabloche/FirmNetworks/cLouvain> was used as the working directory.
Started at Wed Dec 30 12:35:35 2009
Results reported at Wed Dec 30 12:38:05 2009

Your job looked like:

------------------------------------------------------------
# LSBATCH: User input
/netscr/jabloche/FirmNetworks/cLouvain/convert -i /smallfs/jabloche/fn_edge/el_pct15.txt -o /smallfs/jabloche/fn_edge/el_pct15.bin -w
------------------------------------------------------------

Successfully completed.

Resource usage summary:

    CPU time   :     28.81 sec.
    Max Memory :       596 MB
    Max Swap   :       896 MB

    Max Processes  :         4
    Max Threads    :         4

The output (if any) follows:

Your home directory for this job is /netscr/jabloche
.....