Sender: LSF System <lsfadmin@bc16-n07>
Subject: Job 416165: <conv_pct7> Done

Job <conv_pct7> was submitted from host <bc14-n13> by user <jabloche> in cluster <lucky>.
Job was executed on host(s) <bc16-n07>, in queue <week>, as user <jabloche> in cluster <lucky>.
</afs/isis.unc.edu/home/j/a/jabloche> was used as the home directory.
</netscr/jabloche/FirmNetworks/cLouvain> was used as the working directory.
Started at Wed Dec 30 12:20:00 2009
Results reported at Wed Dec 30 12:21:28 2009

Your job looked like:

------------------------------------------------------------
# LSBATCH: User input
/netscr/jabloche/FirmNetworks/cLouvain/convert -i /smallfs/jabloche/fn_edge/el_pct7.txt -o /smallfs/jabloche/fn_edge/el_pct7.bin -w
------------------------------------------------------------

Successfully completed.

Resource usage summary:

    CPU time   :     42.59 sec.
    Max Memory :       560 MB
    Max Swap   :       855 MB

    Max Processes  :         4
    Max Threads    :         4

The output (if any) follows:

Your home directory for this job is /netscr/jabloche
.....Sender: LSF System <lsfadmin@bc14-n10>
Subject: Job 416197: <conv_pct7> Done

Job <conv_pct7> was submitted from host <bc14-n13> by user <jabloche> in cluster <lucky>.
Job was executed on host(s) <bc14-n10>, in queue <week>, as user <jabloche> in cluster <lucky>.
</afs/isis.unc.edu/home/j/a/jabloche> was used as the home directory.
</netscr/jabloche/FirmNetworks/cLouvain> was used as the working directory.
Started at Wed Dec 30 12:35:29 2009
Results reported at Wed Dec 30 12:37:29 2009

Your job looked like:

------------------------------------------------------------
# LSBATCH: User input
/netscr/jabloche/FirmNetworks/cLouvain/convert -i /smallfs/jabloche/fn_edge/el_pct7.txt -o /smallfs/jabloche/fn_edge/el_pct7.bin -w
------------------------------------------------------------

Successfully completed.

Resource usage summary:

    CPU time   :     44.79 sec.
    Max Memory :       578 MB
    Max Swap   :       873 MB

    Max Processes  :         4
    Max Threads    :         4

The output (if any) follows:

Your home directory for this job is /netscr/jabloche
.....