Sender: LSF System <lsfadmin@bc02-n12>
Subject: Job 416172: <conv_pct14> Done

Job <conv_pct14> was submitted from host <bc14-n13> by user <jabloche> in cluster <lucky>.
Job was executed on host(s) <bc02-n12>, in queue <week>, as user <jabloche> in cluster <lucky>.
</afs/isis.unc.edu/home/j/a/jabloche> was used as the home directory.
</netscr/jabloche/FirmNetworks/cLouvain> was used as the working directory.
Started at Wed Dec 30 12:20:06 2009
Results reported at Wed Dec 30 12:21:32 2009

Your job looked like:

------------------------------------------------------------
# LSBATCH: User input
/netscr/jabloche/FirmNetworks/cLouvain/convert -i /smallfs/jabloche/fn_edge/el_pct14.txt -o /smallfs/jabloche/fn_edge/el_pct14.bin -w
------------------------------------------------------------

Successfully completed.

Resource usage summary:

    CPU time   :     29.09 sec.
    Max Memory :       598 MB
    Max Swap   :       898 MB

    Max Processes  :         4
    Max Threads    :         4

The output (if any) follows:

Your home directory for this job is /netscr/jabloche
.....Sender: LSF System <lsfadmin@bc01-n04>
Subject: Job 416204: <conv_pct14> Done

Job <conv_pct14> was submitted from host <bc14-n13> by user <jabloche> in cluster <lucky>.
Job was executed on host(s) <bc01-n04>, in queue <week>, as user <jabloche> in cluster <lucky>.
</afs/isis.unc.edu/home/j/a/jabloche> was used as the home directory.
</netscr/jabloche/FirmNetworks/cLouvain> was used as the working directory.
Started at Wed Dec 30 12:35:35 2009
Results reported at Wed Dec 30 12:38:07 2009

Your job looked like:

------------------------------------------------------------
# LSBATCH: User input
/netscr/jabloche/FirmNetworks/cLouvain/convert -i /smallfs/jabloche/fn_edge/el_pct14.txt -o /smallfs/jabloche/fn_edge/el_pct14.bin -w
------------------------------------------------------------

Successfully completed.

Resource usage summary:

    CPU time   :     28.89 sec.
    Max Memory :       613 MB
    Max Swap   :       913 MB

    Max Processes  :         4
    Max Threads    :         4

The output (if any) follows:

Your home directory for this job is /netscr/jabloche
.....