Sender: LSF System <lsfadmin@bc01-n09>
Subject: Job 416167: <conv_pct9> Done

Job <conv_pct9> was submitted from host <bc14-n13> by user <jabloche> in cluster <lucky>.
Job was executed on host(s) <bc01-n09>, in queue <week>, as user <jabloche> in cluster <lucky>.
</afs/isis.unc.edu/home/j/a/jabloche> was used as the home directory.
</netscr/jabloche/FirmNetworks/cLouvain> was used as the working directory.
Started at Wed Dec 30 12:20:00 2009
Results reported at Wed Dec 30 12:21:33 2009

Your job looked like:

------------------------------------------------------------
# LSBATCH: User input
/netscr/jabloche/FirmNetworks/cLouvain/convert -i /smallfs/jabloche/fn_edge/el_pct9.txt -o /smallfs/jabloche/fn_edge/el_pct9.bin -w
------------------------------------------------------------

Successfully completed.

Resource usage summary:

    CPU time   :     29.26 sec.
    Max Memory :       529 MB
    Max Swap   :       821 MB

    Max Processes  :         4
    Max Threads    :         4

The output (if any) follows:

Your home directory for this job is /netscr/jabloche
....Sender: LSF System <lsfadmin@bc14-n11>
Subject: Job 416199: <conv_pct9> Done

Job <conv_pct9> was submitted from host <bc14-n13> by user <jabloche> in cluster <lucky>.
Job was executed on host(s) <bc14-n11>, in queue <week>, as user <jabloche> in cluster <lucky>.
</afs/isis.unc.edu/home/j/a/jabloche> was used as the home directory.
</netscr/jabloche/FirmNetworks/cLouvain> was used as the working directory.
Started at Wed Dec 30 12:35:29 2009
Results reported at Wed Dec 30 12:37:30 2009

Your job looked like:

------------------------------------------------------------
# LSBATCH: User input
/netscr/jabloche/FirmNetworks/cLouvain/convert -i /smallfs/jabloche/fn_edge/el_pct9.txt -o /smallfs/jabloche/fn_edge/el_pct9.bin -w
------------------------------------------------------------

Successfully completed.

Resource usage summary:

    CPU time   :     45.05 sec.
    Max Memory :       572 MB
    Max Swap   :       861 MB

    Max Processes  :         4
    Max Threads    :         4

The output (if any) follows:

Your home directory for this job is /netscr/jabloche
....