Sender: LSF System <lsfadmin@bc16-n11>
Subject: Job 416162: <conv_pct4> Done

Job <conv_pct4> was submitted from host <bc14-n13> by user <jabloche> in cluster <lucky>.
Job was executed on host(s) <bc16-n11>, in queue <week>, as user <jabloche> in cluster <lucky>.
</afs/isis.unc.edu/home/j/a/jabloche> was used as the home directory.
</netscr/jabloche/FirmNetworks/cLouvain> was used as the working directory.
Started at Wed Dec 30 12:20:00 2009
Results reported at Wed Dec 30 12:21:14 2009

Your job looked like:

------------------------------------------------------------
# LSBATCH: User input
/netscr/jabloche/FirmNetworks/cLouvain/convert -i /smallfs/jabloche/fn_edge/el_pct4.txt -o /smallfs/jabloche/fn_edge/el_pct4.bin -w
------------------------------------------------------------

Successfully completed.

Resource usage summary:

    CPU time   :     34.08 sec.
    Max Memory :       515 MB
    Max Swap   :       791 MB

    Max Processes  :         4
    Max Threads    :         4

The output (if any) follows:

Your home directory for this job is /netscr/jabloche
....Sender: LSF System <lsfadmin@bc01-n08>
Subject: Job 416194: <conv_pct4> Done

Job <conv_pct4> was submitted from host <bc14-n13> by user <jabloche> in cluster <lucky>.
Job was executed on host(s) <bc01-n08>, in queue <week>, as user <jabloche> in cluster <lucky>.
</afs/isis.unc.edu/home/j/a/jabloche> was used as the home directory.
</netscr/jabloche/FirmNetworks/cLouvain> was used as the working directory.
Started at Wed Dec 30 12:35:29 2009
Results reported at Wed Dec 30 12:37:45 2009

Your job looked like:

------------------------------------------------------------
# LSBATCH: User input
/netscr/jabloche/FirmNetworks/cLouvain/convert -i /smallfs/jabloche/fn_edge/el_pct4.txt -o /smallfs/jabloche/fn_edge/el_pct4.bin -w
------------------------------------------------------------

Successfully completed.

Resource usage summary:

    CPU time   :     23.35 sec.
    Max Memory :       515 MB
    Max Swap   :       791 MB

    Max Processes  :         4
    Max Threads    :         4

The output (if any) follows:

Your home directory for this job is /netscr/jabloche
....