Sender: LSF System <lsfadmin@bc09-n14>
Subject: Job 416348: <conv_blk27> Done

Job <conv_blk27> was submitted from host <bc14-n13> by user <jabloche> in cluster <lucky>.
Job was executed on host(s) <bc09-n14>, in queue <week>, as user <jabloche> in cluster <lucky>.
</afs/isis.unc.edu/home/j/a/jabloche> was used as the home directory.
</netscr/jabloche/FirmNetworks/cLouvain> was used as the working directory.
Started at Wed Dec 30 15:00:40 2009
Results reported at Wed Dec 30 15:01:53 2009

Your job looked like:

------------------------------------------------------------
# LSBATCH: User input
/netscr/jabloche/FirmNetworks/cLouvain/convert -i /smallfs/jabloche/fn_edge/el_blk27.txt -o /smallfs/jabloche/fn_edge/el_blk27.bin -w
------------------------------------------------------------

Successfully completed.

Resource usage summary:

    CPU time   :     22.58 sec.
    Max Memory :       229 MB
    Max Swap   :       414 MB

    Max Processes  :         4
    Max Threads    :         4

The output (if any) follows:

Your home directory for this job is /netscr/jabloche
...