Sender: LSF System <lsfadmin@bc09-n08>
Subject: Job 416344: <conv_cor71> Done

Job <conv_cor71> was submitted from host <bc14-n13> by user <jabloche> in cluster <lucky>.
Job was executed on host(s) <bc09-n08>, in queue <week>, as user <jabloche> in cluster <lucky>.
</afs/isis.unc.edu/home/j/a/jabloche> was used as the home directory.
</netscr/jabloche/FirmNetworks/cLouvain> was used as the working directory.
Started at Wed Dec 30 15:00:35 2009
Results reported at Wed Dec 30 15:02:17 2009

Your job looked like:

------------------------------------------------------------
# LSBATCH: User input
/netscr/jabloche/FirmNetworks/cLouvain/convert -i /smallfs/jabloche/fn_edge/el_cor71.txt -o /smallfs/jabloche/fn_edge/el_cor71.bin -w
------------------------------------------------------------

Successfully completed.

Resource usage summary:

    CPU time   :     34.64 sec.
    Max Memory :       387 MB
    Max Swap   :       622 MB

    Max Processes  :         4
    Max Threads    :         4

The output (if any) follows:

Your home directory for this job is /netscr/jabloche
...