Sender: LSF System <lsfadmin@bc01-n06>
Subject: Job 416171: <conv_pct13> Done

Job <conv_pct13> was submitted from host <bc14-n13> by user <jabloche> in cluster <lucky>.
Job was executed on host(s) <bc01-n06>, in queue <week>, as user <jabloche> in cluster <lucky>.
</afs/isis.unc.edu/home/j/a/jabloche> was used as the home directory.
</netscr/jabloche/FirmNetworks/cLouvain> was used as the working directory.
Started at Wed Dec 30 12:20:06 2009
Results reported at Wed Dec 30 12:22:09 2009

Your job looked like:

------------------------------------------------------------
# LSBATCH: User input
/netscr/jabloche/FirmNetworks/cLouvain/convert -i /smallfs/jabloche/fn_edge/el_pct13.txt -o /smallfs/jabloche/fn_edge/el_pct13.bin -w
------------------------------------------------------------

Successfully completed.

Resource usage summary:

    CPU time   :     27.93 sec.
    Max Memory :       605 MB
    Max Swap   :       906 MB

    Max Processes  :         4
    Max Threads    :         4

The output (if any) follows:

Your home directory for this job is /netscr/jabloche
.....Sender: LSF System <lsfadmin@bc01-n01>
Subject: Job 416203: <conv_pct13> Done

Job <conv_pct13> was submitted from host <bc14-n13> by user <jabloche> in cluster <lucky>.
Job was executed on host(s) <bc01-n01>, in queue <week>, as user <jabloche> in cluster <lucky>.
</afs/isis.unc.edu/home/j/a/jabloche> was used as the home directory.
</netscr/jabloche/FirmNetworks/cLouvain> was used as the working directory.
Started at Wed Dec 30 12:35:35 2009
Results reported at Wed Dec 30 12:38:06 2009

Your job looked like:

------------------------------------------------------------
# LSBATCH: User input
/netscr/jabloche/FirmNetworks/cLouvain/convert -i /smallfs/jabloche/fn_edge/el_pct13.txt -o /smallfs/jabloche/fn_edge/el_pct13.bin -w
------------------------------------------------------------

Successfully completed.

Resource usage summary:

    CPU time   :     32.34 sec.
    Max Memory :       605 MB
    Max Swap   :       906 MB

    Max Processes  :         4
    Max Threads    :         4

The output (if any) follows:

Your home directory for this job is /netscr/jabloche
.....