Sender: LSF System <lsfadmin@bc02-n05>
Subject: Job 416332: <conv_cor59> Done

Job <conv_cor59> was submitted from host <bc14-n13> by user <jabloche> in cluster <lucky>.
Job was executed on host(s) <bc02-n05>, in queue <week>, as user <jabloche> in cluster <lucky>.
</afs/isis.unc.edu/home/j/a/jabloche> was used as the home directory.
</netscr/jabloche/FirmNetworks/cLouvain> was used as the working directory.
Started at Wed Dec 30 15:00:35 2009
Results reported at Wed Dec 30 15:01:20 2009

Your job looked like:

------------------------------------------------------------
# LSBATCH: User input
/netscr/jabloche/FirmNetworks/cLouvain/convert -i /smallfs/jabloche/fn_edge/el_cor59.txt -o /smallfs/jabloche/fn_edge/el_cor59.bin -w
------------------------------------------------------------

Successfully completed.

Resource usage summary:

    CPU time   :      5.14 sec.
    Max Memory :        99 MB
    Max Swap   :       264 MB

    Max Processes  :         4
    Max Threads    :         4

The output (if any) follows:

Your home directory for this job is /netscr/jabloche
..