Sender: LSF System <lsfadmin@bc01-n10>
Subject: Job 416018: <convert_blk${blknum}> Done

Job <convert_blk${blknum}> was submitted from host <bc14-n13> by user <jabloche> in cluster <lucky>.
Job was executed on host(s) <bc01-n10>, in queue <week>, as user <jabloche> in cluster <lucky>.
</afs/isis.unc.edu/home/j/a/jabloche> was used as the home directory.
</netscr/jabloche/FirmNetworks/cLouvain> was used as the working directory.
Started at Wed Dec 30 11:44:46 2009
Results reported at Wed Dec 30 11:45:38 2009

Your job looked like:

------------------------------------------------------------
# LSBATCH: User input
/netscr/jabloche/FirmNetworks/cLouvain/convert -i /smallfs/jabloche/fn_edge/el_blk26.txt -o /smallfs/jabloche/fn_edge/el_blk26.bin -w
------------------------------------------------------------

Successfully completed.

Resource usage summary:

    CPU time   :     10.63 sec.
    Max Memory :       188 MB
    Max Swap   :       371 MB

    Max Processes  :         4
    Max Threads    :         4

The output (if any) follows:

Your home directory for this job is /netscr/jabloche
...Sender: LSF System <lsfadmin@bc16-n05>
Subject: Job 416023: <convert_blk26> Done

Job <convert_blk26> was submitted from host <bc14-n13> by user <jabloche> in cluster <lucky>.
Job was executed on host(s) <bc16-n05>, in queue <week>, as user <jabloche> in cluster <lucky>.
</afs/isis.unc.edu/home/j/a/jabloche> was used as the home directory.
</netscr/jabloche/FirmNetworks/cLouvain> was used as the working directory.
Started at Wed Dec 30 11:46:26 2009
Results reported at Wed Dec 30 11:46:45 2009

Your job looked like:

------------------------------------------------------------
# LSBATCH: User input
/netscr/jabloche/FirmNetworks/cLouvain/convert -i /smallfs/jabloche/fn_edge/el_blk26.txt -o /smallfs/jabloche/fn_edge/el_blk26.bin -w
------------------------------------------------------------

Successfully completed.

Resource usage summary:

    CPU time   :     14.80 sec.
    Max Memory :         2 MB
    Max Swap   :        26 MB

    Max Processes  :         1
    Max Threads    :         1

The output (if any) follows:

Your home directory for this job is /netscr/jabloche
...Sender: LSF System <lsfadmin@bc16-n07>
Subject: Job 416123: <conv_blk26> Done

Job <conv_blk26> was submitted from host <bc14-n13> by user <jabloche> in cluster <lucky>.
Job was executed on host(s) <bc16-n07>, in queue <week>, as user <jabloche> in cluster <lucky>.
</afs/isis.unc.edu/home/j/a/jabloche> was used as the home directory.
</netscr/jabloche/FirmNetworks/cLouvain> was used as the working directory.
Started at Wed Dec 30 11:57:53 2009
Results reported at Wed Dec 30 11:58:18 2009

Your job looked like:

------------------------------------------------------------
# LSBATCH: User input
/netscr/jabloche/FirmNetworks/cLouvain/convert -i /smallfs/jabloche/fn_edge/el_blk26.txt -o /smallfs/jabloche/fn_edge/el_blk26.bin -w
------------------------------------------------------------

Successfully completed.

Resource usage summary:

    CPU time   :     16.66 sec.
    Max Memory :         2 MB
    Max Swap   :        25 MB

    Max Processes  :         1
    Max Threads    :         1

The output (if any) follows:

Your home directory for this job is /netscr/jabloche
...Sender: LSF System <lsfadmin@bc16-n05>
Subject: Job 416145: <conv_blk26> Done

Job <conv_blk26> was submitted from host <bc14-n13> by user <jabloche> in cluster <lucky>.
Job was executed on host(s) <bc16-n05>, in queue <week>, as user <jabloche> in cluster <lucky>.
</afs/isis.unc.edu/home/j/a/jabloche> was used as the home directory.
</netscr/jabloche/FirmNetworks/cLouvain> was used as the working directory.
Started at Wed Dec 30 12:14:25 2009
Results reported at Wed Dec 30 12:14:43 2009

Your job looked like:

------------------------------------------------------------
# LSBATCH: User input
/netscr/jabloche/FirmNetworks/cLouvain/convert -i /smallfs/jabloche/fn_edge/el_blk26.txt -o /smallfs/jabloche/fn_edge/el_blk26.bin -w
------------------------------------------------------------

Successfully completed.

Resource usage summary:

    CPU time   :     15.89 sec.
    Max Memory :         2 MB
    Max Swap   :        26 MB

    Max Processes  :         1
    Max Threads    :         1

The output (if any) follows:

Your home directory for this job is /netscr/jabloche
...Sender: LSF System <lsfadmin@bc16-n05>
Subject: Job 416153: <conv_blk26> Done

Job <conv_blk26> was submitted from host <bc14-n13> by user <jabloche> in cluster <lucky>.
Job was executed on host(s) <bc16-n05>, in queue <week>, as user <jabloche> in cluster <lucky>.
</afs/isis.unc.edu/home/j/a/jabloche> was used as the home directory.
</netscr/jabloche/FirmNetworks/cLouvain> was used as the working directory.
Started at Wed Dec 30 12:17:00 2009
Results reported at Wed Dec 30 12:17:16 2009

Your job looked like:

------------------------------------------------------------
# LSBATCH: User input
/netscr/jabloche/FirmNetworks/cLouvain/convert -i /smallfs/jabloche/fn_edge/el_blk26.txt -o /smallfs/jabloche/fn_edge/el_blk26.bin -w
------------------------------------------------------------

Successfully completed.

Resource usage summary:

    CPU time   :     14.19 sec.
    Max Memory :        82 MB
    Max Swap   :       250 MB

    Max Processes  :         4
    Max Threads    :         4

The output (if any) follows:

Your home directory for this job is /netscr/jabloche
...Sender: LSF System <lsfadmin@bc09-n12>
Subject: Job 416347: <conv_blk26> Done

Job <conv_blk26> was submitted from host <bc14-n13> by user <jabloche> in cluster <lucky>.
Job was executed on host(s) <bc09-n12>, in queue <week>, as user <jabloche> in cluster <lucky>.
</afs/isis.unc.edu/home/j/a/jabloche> was used as the home directory.
</netscr/jabloche/FirmNetworks/cLouvain> was used as the working directory.
Started at Wed Dec 30 15:00:40 2009
Results reported at Wed Dec 30 15:02:24 2009

Your job looked like:

------------------------------------------------------------
# LSBATCH: User input
/netscr/jabloche/FirmNetworks/cLouvain/convert -i /smallfs/jabloche/fn_edge/el_blk26.txt -o /smallfs/jabloche/fn_edge/el_blk26.bin -w
------------------------------------------------------------

Successfully completed.

Resource usage summary:

    CPU time   :     24.16 sec.
    Max Memory :       220 MB
    Max Swap   :       406 MB

    Max Processes  :         4
    Max Threads    :         4

The output (if any) follows:

Your home directory for this job is /netscr/jabloche
...