Sender: LSF System <lsfadmin@bc01-n01>
Subject: Job 416169: <conv_pct11> Done

Job <conv_pct11> was submitted from host <bc14-n13> by user <jabloche> in cluster <lucky>.
Job was executed on host(s) <bc01-n01>, in queue <week>, as user <jabloche> in cluster <lucky>.
</afs/isis.unc.edu/home/j/a/jabloche> was used as the home directory.
</netscr/jabloche/FirmNetworks/cLouvain> was used as the working directory.
Started at Wed Dec 30 12:20:00 2009
Results reported at Wed Dec 30 12:21:34 2009

Your job looked like:

------------------------------------------------------------
# LSBATCH: User input
/netscr/jabloche/FirmNetworks/cLouvain/convert -i /smallfs/jabloche/fn_edge/el_pct11.txt -o /smallfs/jabloche/fn_edge/el_pct11.bin -w
------------------------------------------------------------

Successfully completed.

Resource usage summary:

    CPU time   :     29.59 sec.
    Max Memory :       567 MB
    Max Swap   :       870 MB

    Max Processes  :         4
    Max Threads    :         4

The output (if any) follows:

Your home directory for this job is /netscr/jabloche
.....Sender: LSF System <lsfadmin@bc14-n02>
Subject: Job 416201: <conv_pct11> Done

Job <conv_pct11> was submitted from host <bc14-n13> by user <jabloche> in cluster <lucky>.
Job was executed on host(s) <bc14-n02>, in queue <week>, as user <jabloche> in cluster <lucky>.
</afs/isis.unc.edu/home/j/a/jabloche> was used as the home directory.
</netscr/jabloche/FirmNetworks/cLouvain> was used as the working directory.
Started at Wed Dec 30 12:35:29 2009
Results reported at Wed Dec 30 12:37:53 2009

Your job looked like:

------------------------------------------------------------
# LSBATCH: User input
/netscr/jabloche/FirmNetworks/cLouvain/convert -i /smallfs/jabloche/fn_edge/el_pct11.txt -o /smallfs/jabloche/fn_edge/el_pct11.bin -w
------------------------------------------------------------

Successfully completed.

Resource usage summary:

    CPU time   :     54.42 sec.
    Max Memory :       606 MB
    Max Swap   :       903 MB

    Max Processes  :         4
    Max Threads    :         4

The output (if any) follows:

Your home directory for this job is /netscr/jabloche
.....