Sender: LSF System <lsfadmin@bc01-n10>
Subject: Job 416170: <conv_pct12> Done

Job <conv_pct12> was submitted from host <bc14-n13> by user <jabloche> in cluster <lucky>.
Job was executed on host(s) <bc01-n10>, in queue <week>, as user <jabloche> in cluster <lucky>.
</afs/isis.unc.edu/home/j/a/jabloche> was used as the home directory.
</netscr/jabloche/FirmNetworks/cLouvain> was used as the working directory.
Started at Wed Dec 30 12:20:06 2009
Results reported at Wed Dec 30 12:22:00 2009

Your job looked like:

------------------------------------------------------------
# LSBATCH: User input
/netscr/jabloche/FirmNetworks/cLouvain/convert -i /smallfs/jabloche/fn_edge/el_pct12.txt -o /smallfs/jabloche/fn_edge/el_pct12.bin -w
------------------------------------------------------------

Successfully completed.

Resource usage summary:

    CPU time   :     30.88 sec.
    Max Memory :       572 MB
    Max Swap   :       871 MB

    Max Processes  :         4
    Max Threads    :         4

The output (if any) follows:

Your home directory for this job is /netscr/jabloche
.....Sender: LSF System <lsfadmin@bc16-n06>
Subject: Job 416202: <conv_pct12> Done

Job <conv_pct12> was submitted from host <bc14-n13> by user <jabloche> in cluster <lucky>.
Job was executed on host(s) <bc16-n06>, in queue <week>, as user <jabloche> in cluster <lucky>.
</afs/isis.unc.edu/home/j/a/jabloche> was used as the home directory.
</netscr/jabloche/FirmNetworks/cLouvain> was used as the working directory.
Started at Wed Dec 30 12:35:29 2009
Results reported at Wed Dec 30 12:37:33 2009

Your job looked like:

------------------------------------------------------------
# LSBATCH: User input
/netscr/jabloche/FirmNetworks/cLouvain/convert -i /smallfs/jabloche/fn_edge/el_pct12.txt -o /smallfs/jabloche/fn_edge/el_pct12.bin -w
------------------------------------------------------------

Successfully completed.

Resource usage summary:

    CPU time   :     37.10 sec.
    Max Memory :       588 MB
    Max Swap   :       887 MB

    Max Processes  :         4
    Max Threads    :         4

The output (if any) follows:

Your home directory for this job is /netscr/jabloche
.....