Sender: LSF System <lsfadmin@bc16-n11>
Subject: Job 416353: <conv_blk32> Done

Job <conv_blk32> was submitted from host <bc14-n13> by user <jabloche> in cluster <lucky>.
Job was executed on host(s) <bc16-n11>, in queue <week>, as user <jabloche> in cluster <lucky>.
</afs/isis.unc.edu/home/j/a/jabloche> was used as the home directory.
</netscr/jabloche/FirmNetworks/cLouvain> was used as the working directory.
Started at Wed Dec 30 15:00:51 2009
Results reported at Wed Dec 30 15:02:17 2009

Your job looked like:

------------------------------------------------------------
# LSBATCH: User input
/netscr/jabloche/FirmNetworks/cLouvain/convert -i /smallfs/jabloche/fn_edge/el_blk32.txt -o /smallfs/jabloche/fn_edge/el_blk32.bin -w
------------------------------------------------------------

Successfully completed.

Resource usage summary:

    CPU time   :     17.02 sec.
    Max Memory :       212 MB
    Max Swap   :       393 MB

    Max Processes  :         4
    Max Threads    :         4

The output (if any) follows:

Your home directory for this job is /netscr/jabloche
...