Sender: LSF System <lsfadmin@bc14-n02>
Subject: Job 416124: <conv_cor50> Done

Job <conv_cor50> was submitted from host <bc14-n13> by user <jabloche> in cluster <lucky>.
Job was executed on host(s) <bc14-n02>, in queue <week>, as user <jabloche> in cluster <lucky>.
</afs/isis.unc.edu/home/j/a/jabloche> was used as the home directory.
</netscr/jabloche/FirmNetworks/cLouvain> was used as the working directory.
Started at Wed Dec 30 11:57:53 2009
Results reported at Wed Dec 30 11:58:05 2009

Your job looked like:

------------------------------------------------------------
# LSBATCH: User input
/netscr/jabloche/FirmNetworks/cLouvain/convert -i /smallfs/jabloche/fn_edge/el_cor50.txt -o /smallfs/jabloche/fn_edge/el_cor50.bin -w
------------------------------------------------------------

Successfully completed.

Resource usage summary:

    CPU time   :      8.39 sec.
    Max Memory :         2 MB
    Max Swap   :        25 MB

    Max Processes  :         1
    Max Threads    :         1

The output (if any) follows:

Your home directory for this job is /netscr/jabloche
..Sender: LSF System <lsfadmin@bc14-n10>
Subject: Job 416142: <conv_cor50> Done

Job <conv_cor50> was submitted from host <bc14-n13> by user <jabloche> in cluster <lucky>.
Job was executed on host(s) <bc14-n10>, in queue <week>, as user <jabloche> in cluster <lucky>.
</afs/isis.unc.edu/home/j/a/jabloche> was used as the home directory.
</netscr/jabloche/FirmNetworks/cLouvain> was used as the working directory.
Started at Wed Dec 30 12:13:28 2009
Results reported at Wed Dec 30 12:13:40 2009

Your job looked like:

------------------------------------------------------------
# LSBATCH: User input
/netscr/jabloche/FirmNetworks/cLouvain/convert -i /smallfs/jabloche/fn_edge/el_cor50.txt -o /smallfs/jabloche/fn_edge/el_cor50.bin -w
------------------------------------------------------------

Successfully completed.

Resource usage summary:

    CPU time   :      7.20 sec.
    Max Memory :         2 MB
    Max Swap   :        26 MB

    Max Processes  :         1
    Max Threads    :         1

The output (if any) follows:

Your home directory for this job is /netscr/jabloche
..Sender: LSF System <lsfadmin@bc14-n10>
Subject: Job 416151: <conv_cor50> Done

Job <conv_cor50> was submitted from host <bc14-n13> by user <jabloche> in cluster <lucky>.
Job was executed on host(s) <bc14-n10>, in queue <week>, as user <jabloche> in cluster <lucky>.
</afs/isis.unc.edu/home/j/a/jabloche> was used as the home directory.
</netscr/jabloche/FirmNetworks/cLouvain> was used as the working directory.
Started at Wed Dec 30 12:16:39 2009
Results reported at Wed Dec 30 12:16:49 2009

Your job looked like:

------------------------------------------------------------
# LSBATCH: User input
/netscr/jabloche/FirmNetworks/cLouvain/convert -i /smallfs/jabloche/fn_edge/el_cor50.txt -o /smallfs/jabloche/fn_edge/el_cor50.bin -w
------------------------------------------------------------

Successfully completed.

Resource usage summary:

    CPU time   :      7.24 sec.
    Max Memory :         2 MB
    Max Swap   :        26 MB

    Max Processes  :         1
    Max Threads    :         1

The output (if any) follows:

Your home directory for this job is /netscr/jabloche
..Sender: LSF System <lsfadmin@bc01-n11>
Subject: Job 416323: <conv_cor50> Done

Job <conv_cor50> was submitted from host <bc14-n13> by user <jabloche> in cluster <lucky>.
Job was executed on host(s) <bc01-n11>, in queue <week>, as user <jabloche> in cluster <lucky>.
</afs/isis.unc.edu/home/j/a/jabloche> was used as the home directory.
</netscr/jabloche/FirmNetworks/cLouvain> was used as the working directory.
Started at Wed Dec 30 15:00:35 2009
Results reported at Wed Dec 30 15:01:10 2009

Your job looked like:

------------------------------------------------------------
# LSBATCH: User input
/netscr/jabloche/FirmNetworks/cLouvain/convert -i /smallfs/jabloche/fn_edge/el_cor50.txt -o /smallfs/jabloche/fn_edge/el_cor50.bin -w
------------------------------------------------------------

Successfully completed.

Resource usage summary:

    CPU time   :      5.21 sec.
    Max Memory :       121 MB
    Max Swap   :       287 MB

    Max Processes  :         4
    Max Threads    :         4

The output (if any) follows:

Your home directory for this job is /netscr/jabloche
..