Sender: LSF System <lsfadmin@bc14-n02>
Subject: Job 416164: <conv_pct6> Done

Job <conv_pct6> was submitted from host <bc14-n13> by user <jabloche> in cluster <lucky>.
Job was executed on host(s) <bc14-n02>, in queue <week>, as user <jabloche> in cluster <lucky>.
</afs/isis.unc.edu/home/j/a/jabloche> was used as the home directory.
</netscr/jabloche/FirmNetworks/cLouvain> was used as the working directory.
Started at Wed Dec 30 12:20:00 2009
Results reported at Wed Dec 30 12:21:33 2009

Your job looked like:

------------------------------------------------------------
# LSBATCH: User input
/netscr/jabloche/FirmNetworks/cLouvain/convert -i /smallfs/jabloche/fn_edge/el_pct6.txt -o /smallfs/jabloche/fn_edge/el_pct6.bin -w
------------------------------------------------------------

Successfully completed.

Resource usage summary:

    CPU time   :     51.50 sec.
    Max Memory :       590 MB
    Max Swap   :       887 MB

    Max Processes  :         4
    Max Threads    :         4

The output (if any) follows:

Your home directory for this job is /netscr/jabloche
.....Sender: LSF System <lsfadmin@bc16-n05>
Subject: Job 416196: <conv_pct6> Done

Job <conv_pct6> was submitted from host <bc14-n13> by user <jabloche> in cluster <lucky>.
Job was executed on host(s) <bc16-n05>, in queue <week>, as user <jabloche> in cluster <lucky>.
</afs/isis.unc.edu/home/j/a/jabloche> was used as the home directory.
</netscr/jabloche/FirmNetworks/cLouvain> was used as the working directory.
Started at Wed Dec 30 12:35:29 2009
Results reported at Wed Dec 30 12:37:45 2009

Your job looked like:

------------------------------------------------------------
# LSBATCH: User input
/netscr/jabloche/FirmNetworks/cLouvain/convert -i /smallfs/jabloche/fn_edge/el_pct6.txt -o /smallfs/jabloche/fn_edge/el_pct6.bin -w
------------------------------------------------------------

Successfully completed.

Resource usage summary:

    CPU time   :     41.87 sec.
    Max Memory :       590 MB
    Max Swap   :       887 MB

    Max Processes  :         4
    Max Threads    :         4

The output (if any) follows:

Your home directory for this job is /netscr/jabloche
.....