Sender: LSF System <lsfadmin@bc16-n06>
Subject: Job 416166: <conv_pct8> Done

Job <conv_pct8> was submitted from host <bc14-n13> by user <jabloche> in cluster <lucky>.
Job was executed on host(s) <bc16-n06>, in queue <week>, as user <jabloche> in cluster <lucky>.
</afs/isis.unc.edu/home/j/a/jabloche> was used as the home directory.
</netscr/jabloche/FirmNetworks/cLouvain> was used as the working directory.
Started at Wed Dec 30 12:20:00 2009
Results reported at Wed Dec 30 12:21:22 2009

Your job looked like:

------------------------------------------------------------
# LSBATCH: User input
/netscr/jabloche/FirmNetworks/cLouvain/convert -i /smallfs/jabloche/fn_edge/el_pct8.txt -o /smallfs/jabloche/fn_edge/el_pct8.bin -w
------------------------------------------------------------

Successfully completed.

Resource usage summary:

    CPU time   :     34.92 sec.
    Max Memory :       560 MB
    Max Swap   :       850 MB

    Max Processes  :         4
    Max Threads    :         4

The output (if any) follows:

Your home directory for this job is /netscr/jabloche
....Sender: LSF System <lsfadmin@bc16-n11>
Subject: Job 416198: <conv_pct8> Done

Job <conv_pct8> was submitted from host <bc14-n13> by user <jabloche> in cluster <lucky>.
Job was executed on host(s) <bc16-n11>, in queue <week>, as user <jabloche> in cluster <lucky>.
</afs/isis.unc.edu/home/j/a/jabloche> was used as the home directory.
</netscr/jabloche/FirmNetworks/cLouvain> was used as the working directory.
Started at Wed Dec 30 12:35:29 2009
Results reported at Wed Dec 30 12:37:39 2009

Your job looked like:

------------------------------------------------------------
# LSBATCH: User input
/netscr/jabloche/FirmNetworks/cLouvain/convert -i /smallfs/jabloche/fn_edge/el_pct8.txt -o /smallfs/jabloche/fn_edge/el_pct8.bin -w
------------------------------------------------------------

Successfully completed.

Resource usage summary:

    CPU time   :     41.05 sec.
    Max Memory :       574 MB
    Max Swap   :       864 MB

    Max Processes  :         4
    Max Threads    :         4

The output (if any) follows:

Your home directory for this job is /netscr/jabloche
....