Sender: LSF System <lsfadmin@bc02-n01>
Subject: Job 416339: <conv_cor66> Done

Job <conv_cor66> was submitted from host <bc14-n13> by user <jabloche> in cluster <lucky>.
Job was executed on host(s) <bc02-n01>, in queue <week>, as user <jabloche> in cluster <lucky>.
</afs/isis.unc.edu/home/j/a/jabloche> was used as the home directory.
</netscr/jabloche/FirmNetworks/cLouvain> was used as the working directory.
Started at Wed Dec 30 15:00:35 2009
Results reported at Wed Dec 30 15:01:54 2009

Your job looked like:

------------------------------------------------------------
# LSBATCH: User input
/netscr/jabloche/FirmNetworks/cLouvain/convert -i /smallfs/jabloche/fn_edge/el_cor66.txt -o /smallfs/jabloche/fn_edge/el_cor66.bin -w
------------------------------------------------------------

Successfully completed.

Resource usage summary:

    CPU time   :      8.20 sec.
    Max Memory :       203 MB
    Max Swap   :       383 MB

    Max Processes  :         4
    Max Threads    :         4

The output (if any) follows:

Your home directory for this job is /netscr/jabloche
..