Sender: LSF System <lsfadmin@bc02-n05>
Subject: Job 587647[29]: <makecorr[18,26-30]> Done

Job <makecorr[18,26-30]> was submitted from host <bc10-n13> by user <jabloche> in cluster <lucky>.
Job was executed on host(s) <bc02-n05>, in queue <week>, as user <jabloche> in cluster <lucky>.
</afs/isis.unc.edu/home/j/a/jabloche> was used as the home directory.
</netscr/jabloche/FirmNetworks/matlab> was used as the working directory.
Started at Thu Feb 25 09:05:34 2010
Results reported at Thu Feb 25 14:48:05 2010

Your job looked like:

------------------------------------------------------------
# LSBATCH: User input
/afs/isis/pkg/matlab-2009b/matlab -nodisplay -nojvm -nosplash -r create_corr_matrices
------------------------------------------------------------

Successfully completed.

Resource usage summary:

    CPU time   :   9811.21 sec.
    Max Memory :     19898 MB
    Max Swap   :     34725 MB

    Max Processes  :         5
    Max Threads    :        32

The output (if any) follows:

Your home directory for this job is /netscr/jabloche

                            < M A T L A B (R) >
                  Copyright 1984-2009 The MathWorks, Inc.
                Version 7.9.0.529 (R2009b) 64-bit (glnxa64)
                              August 12, 2009

 
  To get started, type one of these: helpwin, helpdesk, or demo.
  For product information, visit www.mathworks.com.
 
Begin Correlation Matrix Creation
Reading file
Data Loaded. Computing Correlation Matrix
  Columns 1 through 7

    1.0000       NaN       NaN       NaN    0.0309   -0.0082    0.1927
       NaN       NaN       NaN       NaN       NaN       NaN       NaN
       NaN       NaN       NaN       NaN       NaN       NaN       NaN
       NaN       NaN       NaN       NaN       NaN       NaN       NaN
    0.0309       NaN       NaN       NaN    1.0000   -0.0341   -0.0645
   -0.0082       NaN       NaN       NaN   -0.0341    1.0000    0.1934
    0.1927       NaN       NaN       NaN   -0.0645    0.1934    1.0000
    0.1242       NaN       NaN       NaN    0.2637    0.1518    0.0951
   -0.0442       NaN       NaN       NaN   -0.0053    0.0586    0.0452
    0.1902       NaN       NaN       NaN    0.1560    0.0431    0.0491

  Columns 8 through 10

    0.1242   -0.0442    0.1902
       NaN       NaN       NaN
       NaN       NaN       NaN
       NaN       NaN       NaN
    0.2637   -0.0053    0.1560
    0.1518    0.0586    0.0431
    0.0951    0.0452    0.0491
    1.0000   -0.1637    0.0311
   -0.1637    1.0000    0.1009
    0.0311    0.1009    1.0000

saving normalized correlation matrix
computing % negative and density
Time Elapsed is 5 hours, 42 minutes, 28 seconds.
Your MATLAB session has timed out.  All license keys have been returned.
>> 