Sender: LSF System <lsfadmin@bc01-n01>
Subject: Job 587647[26]: <makecorr[18,26-30]> Done

Job <makecorr[18,26-30]> was submitted from host <bc10-n13> by user <jabloche> in cluster <lucky>.
Job was executed on host(s) <bc01-n01>, in queue <week>, as user <jabloche> in cluster <lucky>.
</afs/isis.unc.edu/home/j/a/jabloche> was used as the home directory.
</netscr/jabloche/FirmNetworks/matlab> was used as the working directory.
Started at Thu Feb 25 09:05:34 2010
Results reported at Thu Feb 25 11:20:42 2010

Your job looked like:

------------------------------------------------------------
# LSBATCH: User input
/afs/isis/pkg/matlab-2009b/matlab -nodisplay -nojvm -nosplash -r create_corr_matrices
------------------------------------------------------------

Successfully completed.

Resource usage summary:

    CPU time   :   9867.11 sec.
    Max Memory :     16134 MB
    Max Swap   :     34725 MB

    Max Processes  :         5
    Max Threads    :        32

The output (if any) follows:

Your home directory for this job is /netscr/jabloche

                            < M A T L A B (R) >
                  Copyright 1984-2009 The MathWorks, Inc.
                Version 7.9.0.529 (R2009b) 64-bit (glnxa64)
                              August 12, 2009

 
  To get started, type one of these: helpwin, helpdesk, or demo.
  For product information, visit www.mathworks.com.
 
Begin Correlation Matrix Creation
Reading file
Data Loaded. Computing Correlation Matrix
  Columns 1 through 7

    1.0000       NaN       NaN       NaN    0.1297    0.1038    0.2478
       NaN       NaN       NaN       NaN       NaN       NaN       NaN
       NaN       NaN       NaN       NaN       NaN       NaN       NaN
       NaN       NaN       NaN       NaN       NaN       NaN       NaN
    0.1297       NaN       NaN       NaN    1.0000   -0.0780    0.0222
    0.1038       NaN       NaN       NaN   -0.0780    1.0000    0.0651
    0.2478       NaN       NaN       NaN    0.0222    0.0651    1.0000
    0.0910       NaN       NaN       NaN    0.1350    0.1111   -0.1266
    0.0636       NaN       NaN       NaN   -0.0147   -0.0182    0.0120
    0.0081       NaN       NaN       NaN    0.0740    0.1310    0.0701

  Columns 8 through 10

    0.0910    0.0636    0.0081
       NaN       NaN       NaN
       NaN       NaN       NaN
       NaN       NaN       NaN
    0.1350   -0.0147    0.0740
    0.1111   -0.0182    0.1310
   -0.1266    0.0120    0.0701
    1.0000   -0.1902   -0.0008
   -0.1902    1.0000    0.0666
   -0.0008    0.0666    1.0000

saving normalized correlation matrix
computing % negative and density
Time Elapsed is 2 hours, 15 minutes, 4 seconds.
>> 