Sender: LSF System <lsfadmin@bc01-n09>
Subject: Job 606462[42]: <makecorr[40-50]> Done

Job <makecorr[40-50]> was submitted from host <bc13-n13> by user <jabloche> in cluster <lucky>.
Job was executed on host(s) <bc01-n09>, in queue <week>, as user <jabloche> in cluster <lucky>.
</afs/isis.unc.edu/home/j/a/jabloche> was used as the home directory.
</netscr/jabloche/FirmNetworks/matlab> was used as the working directory.
Started at Sat Feb 27 19:58:30 2010
Results reported at Sat Feb 27 22:01:11 2010

Your job looked like:

------------------------------------------------------------
# LSBATCH: User input
/afs/isis/pkg/matlab-2009b/matlab -nodisplay -nojvm -nosplash -r create_corr_matrices
------------------------------------------------------------

Successfully completed.

Resource usage summary:

    CPU time   :   9542.95 sec.
    Max Memory :     19638 MB
    Max Swap   :     34725 MB

    Max Processes  :         5
    Max Threads    :        32

The output (if any) follows:

Your home directory for this job is /netscr/jabloche

                            < M A T L A B (R) >
                  Copyright 1984-2009 The MathWorks, Inc.
                Version 7.9.0.529 (R2009b) 64-bit (glnxa64)
                              August 12, 2009

 
  To get started, type one of these: helpwin, helpdesk, or demo.
  For product information, visit www.mathworks.com.
 
Begin Correlation Matrix Creation
Reading file
Data Loaded. Computing Correlation Matrix
  Columns 1 through 7

    1.0000       NaN       NaN       NaN       NaN    0.3184   -0.1485
       NaN       NaN       NaN       NaN       NaN       NaN       NaN
       NaN       NaN       NaN       NaN       NaN       NaN       NaN
       NaN       NaN       NaN       NaN       NaN       NaN       NaN
       NaN       NaN       NaN       NaN       NaN       NaN       NaN
    0.3184       NaN       NaN       NaN       NaN    1.0000    0.1216
   -0.1485       NaN       NaN       NaN       NaN    0.1216    1.0000
       NaN       NaN       NaN       NaN       NaN       NaN       NaN
       NaN       NaN       NaN       NaN       NaN       NaN       NaN
    0.1195       NaN       NaN       NaN       NaN    0.0752   -0.0018

  Columns 8 through 10

       NaN       NaN    0.1195
       NaN       NaN       NaN
       NaN       NaN       NaN
       NaN       NaN       NaN
       NaN       NaN       NaN
       NaN       NaN    0.0752
       NaN       NaN   -0.0018
       NaN       NaN       NaN
       NaN       NaN       NaN
       NaN       NaN    1.0000

saving normalized correlation matrix
computing % negative and density
Time Elapsed is 2 hours, 2 minutes, 38 seconds.
>> 