Sender: LSF System <lsfadmin@bc17-n10>
Subject: Job 606013[33]: <makecorr[33]> Done

Job <makecorr[33]> was submitted from host <bc09-n13> by user <jabloche> in cluster <lucky>.
Job was executed on host(s) <bc17-n10>, in queue <idle>, as user <jabloche> in cluster <lucky>.
</afs/isis.unc.edu/home/j/a/jabloche> was used as the home directory.
</netscr/jabloche/FirmNetworks/matlab> was used as the working directory.
Started at Sat Feb 27 09:55:47 2010
Results reported at Sat Feb 27 12:24:40 2010

Your job looked like:

------------------------------------------------------------
# LSBATCH: User input
/afs/isis/pkg/matlab-2009b/matlab -nodisplay -nojvm -nosplash -r create_corr_matrices
------------------------------------------------------------

Successfully completed.

Resource usage summary:

    CPU time   :  11011.00 sec.
    Max Memory :     15222 MB
    Max Swap   :     34725 MB

    Max Processes  :         5
    Max Threads    :        32

The output (if any) follows:

Your home directory for this job is /netscr/jabloche

                            < M A T L A B (R) >
                  Copyright 1984-2009 The MathWorks, Inc.
                Version 7.9.0.529 (R2009b) 64-bit (glnxa64)
                              August 12, 2009

 
  To get started, type one of these: helpwin, helpdesk, or demo.
  For product information, visit www.mathworks.com.
 
Begin Correlation Matrix Creation
Reading file
Data Loaded. Computing Correlation Matrix
  Columns 1 through 7

    1.0000       NaN       NaN       NaN   -0.1310    0.1803    0.2087
       NaN       NaN       NaN       NaN       NaN       NaN       NaN
       NaN       NaN       NaN       NaN       NaN       NaN       NaN
       NaN       NaN       NaN       NaN       NaN       NaN       NaN
   -0.1310       NaN       NaN       NaN    1.0000   -0.0503    0.1412
    0.1803       NaN       NaN       NaN   -0.0503    1.0000    0.1954
    0.2087       NaN       NaN       NaN    0.1412    0.1954    1.0000
       NaN       NaN       NaN       NaN       NaN       NaN       NaN
    0.0098       NaN       NaN       NaN    0.0207    0.1034    0.2519
   -0.0290       NaN       NaN       NaN    0.0192    0.4116    0.1548

  Columns 8 through 10

       NaN    0.0098   -0.0290
       NaN       NaN       NaN
       NaN       NaN       NaN
       NaN       NaN       NaN
       NaN    0.0207    0.0192
       NaN    0.1034    0.4116
       NaN    0.2519    0.1548
       NaN       NaN       NaN
       NaN    1.0000   -0.0722
       NaN   -0.0722    1.0000

saving normalized correlation matrix
computing % negative and density
Time Elapsed is 2 hours, 28 minutes, 49 seconds.
>> 