Sender: LSF System <lsfadmin@bc01-n01>
Subject: Job 606462[47]: <makecorr[40-50]> Done

Job <makecorr[40-50]> was submitted from host <bc13-n13> by user <jabloche> in cluster <lucky>.
Job was executed on host(s) <bc01-n01>, in queue <week>, as user <jabloche> in cluster <lucky>.
</afs/isis.unc.edu/home/j/a/jabloche> was used as the home directory.
</netscr/jabloche/FirmNetworks/matlab> was used as the working directory.
Started at Sat Feb 27 19:58:30 2010
Results reported at Sat Feb 27 22:06:48 2010

Your job looked like:

------------------------------------------------------------
# LSBATCH: User input
/afs/isis/pkg/matlab-2009b/matlab -nodisplay -nojvm -nosplash -r create_corr_matrices
------------------------------------------------------------

Successfully completed.

Resource usage summary:

    CPU time   :   9846.59 sec.
    Max Memory :     15929 MB
    Max Swap   :     34726 MB

    Max Processes  :         5
    Max Threads    :        32

The output (if any) follows:

Your home directory for this job is /netscr/jabloche

                            < M A T L A B (R) >
                  Copyright 1984-2009 The MathWorks, Inc.
                Version 7.9.0.529 (R2009b) 64-bit (glnxa64)
                              August 12, 2009

 
  To get started, type one of these: helpwin, helpdesk, or demo.
  For product information, visit www.mathworks.com.
 
Begin Correlation Matrix Creation
Reading file
Data Loaded. Computing Correlation Matrix
  Columns 1 through 7

    1.0000       NaN       NaN       NaN       NaN    0.2149    0.1820
       NaN       NaN       NaN       NaN       NaN       NaN       NaN
       NaN       NaN       NaN       NaN       NaN       NaN       NaN
       NaN       NaN       NaN       NaN       NaN       NaN       NaN
       NaN       NaN       NaN       NaN       NaN       NaN       NaN
    0.2149       NaN       NaN       NaN       NaN    1.0000   -0.0597
    0.1820       NaN       NaN       NaN       NaN   -0.0597    1.0000
       NaN       NaN       NaN       NaN       NaN       NaN       NaN
       NaN       NaN       NaN       NaN       NaN       NaN       NaN
   -0.1175       NaN       NaN       NaN       NaN    0.1785   -0.0982

  Columns 8 through 10

       NaN       NaN   -0.1175
       NaN       NaN       NaN
       NaN       NaN       NaN
       NaN       NaN       NaN
       NaN       NaN       NaN
       NaN       NaN    0.1785
       NaN       NaN   -0.0982
       NaN       NaN       NaN
       NaN       NaN       NaN
       NaN       NaN    1.0000

saving normalized correlation matrix
computing % negative and density
Time Elapsed is 2 hours, 8 minutes, 14 seconds.
>> 