Sender: LSF System <lsfadmin@bc02-n03>
Subject: Job 562743[25]: <makecorr[16-25]> Done

Job <makecorr[16-25]> was submitted from host <bc16-n13> by user <jabloche> in cluster <lucky>.
Job was executed on host(s) <bc02-n03>, in queue <week>, as user <jabloche> in cluster <lucky>.
</afs/isis.unc.edu/home/j/a/jabloche> was used as the home directory.
</netscr/jabloche/FirmNetworks/matlab> was used as the working directory.
Started at Thu Feb 18 11:46:56 2010
Results reported at Thu Feb 18 13:39:28 2010

Your job looked like:

------------------------------------------------------------
# LSBATCH: User input
/afs/isis/pkg/matlab-2009b/matlab -nodisplay -nojvm -nosplash -r create_corr_matrices
------------------------------------------------------------

Successfully completed.

Resource usage summary:

    CPU time   :   9025.16 sec.
    Max Memory :     19540 MB
    Max Swap   :     34725 MB

    Max Processes  :         5
    Max Threads    :        32

The output (if any) follows:

Your home directory for this job is /netscr/jabloche

                            < M A T L A B (R) >
                  Copyright 1984-2009 The MathWorks, Inc.
                Version 7.9.0.529 (R2009b) 64-bit (glnxa64)
                              August 12, 2009

 
  To get started, type one of these: helpwin, helpdesk, or demo.
  For product information, visit www.mathworks.com.
 
Begin Correlation Matrix Creation
Reading file
Data Loaded. Computing Correlation Matrix
  Columns 1 through 7

    1.0000       NaN       NaN       NaN    0.1192   -0.1390    0.1815
       NaN       NaN       NaN       NaN       NaN       NaN       NaN
       NaN       NaN       NaN       NaN       NaN       NaN       NaN
       NaN       NaN       NaN       NaN       NaN       NaN       NaN
    0.1192       NaN       NaN       NaN    1.0000    0.0150    0.0365
   -0.1390       NaN       NaN       NaN    0.0150    1.0000    0.0032
    0.1815       NaN       NaN       NaN    0.0365    0.0032    1.0000
    0.0635       NaN       NaN       NaN   -0.0157    0.1392    0.1268
    0.2165       NaN       NaN       NaN    0.0371   -0.0738    0.0902
    0.0745       NaN       NaN       NaN    0.0072   -0.0062    0.2937

  Columns 8 through 10

    0.0635    0.2165    0.0745
       NaN       NaN       NaN
       NaN       NaN       NaN
       NaN       NaN       NaN
   -0.0157    0.0371    0.0072
    0.1392   -0.0738   -0.0062
    0.1268    0.0902    0.2937
    1.0000   -0.0425    0.1745
   -0.0425    1.0000   -0.0469
    0.1745   -0.0469    1.0000

saving normalized correlation matrix
computing % negative and density
Time Elapsed is 1 hour, 52 minutes, 28 seconds.
>> 