Sender: LSF System <lsfadmin@bc01-n12>
Subject: Job 587647[18]: <makecorr[18,26-30]> Done

Job <makecorr[18,26-30]> was submitted from host <bc10-n13> by user <jabloche> in cluster <lucky>.
Job was executed on host(s) <bc01-n12>, in queue <week>, as user <jabloche> in cluster <lucky>.
</afs/isis.unc.edu/home/j/a/jabloche> was used as the home directory.
</netscr/jabloche/FirmNetworks/matlab> was used as the working directory.
Started at Thu Feb 25 09:05:34 2010
Results reported at Thu Feb 25 11:08:00 2010

Your job looked like:

------------------------------------------------------------
# LSBATCH: User input
/afs/isis/pkg/matlab-2009b/matlab -nodisplay -nojvm -nosplash -r create_corr_matrices
------------------------------------------------------------

Successfully completed.

Resource usage summary:

    CPU time   :   9533.08 sec.
    Max Memory :     19539 MB
    Max Swap   :     34725 MB

    Max Processes  :         5
    Max Threads    :        32

The output (if any) follows:

Your home directory for this job is /netscr/jabloche

                            < M A T L A B (R) >
                  Copyright 1984-2009 The MathWorks, Inc.
                Version 7.9.0.529 (R2009b) 64-bit (glnxa64)
                              August 12, 2009

 
  To get started, type one of these: helpwin, helpdesk, or demo.
  For product information, visit www.mathworks.com.
 
Begin Correlation Matrix Creation
Reading file
Data Loaded. Computing Correlation Matrix
  Columns 1 through 7

    1.0000       NaN    0.0060       NaN   -0.0905   -0.1732    0.1781
       NaN       NaN       NaN       NaN       NaN       NaN       NaN
    0.0060       NaN    1.0000       NaN    0.4759    0.0062    0.1601
       NaN       NaN       NaN       NaN       NaN       NaN       NaN
   -0.0905       NaN    0.4759       NaN    1.0000   -0.0650   -0.0244
   -0.1732       NaN    0.0062       NaN   -0.0650    1.0000   -0.3531
    0.1781       NaN    0.1601       NaN   -0.0244   -0.3531    1.0000
   -0.0765       NaN   -0.0252       NaN   -0.1484    0.2775    0.0989
   -0.1623       NaN    0.0127       NaN    0.0099   -0.0487    0.1954
   -0.0008       NaN    0.1482       NaN   -0.1808    0.1157    0.0915

  Columns 8 through 10

   -0.0765   -0.1623   -0.0008
       NaN       NaN       NaN
   -0.0252    0.0127    0.1482
       NaN       NaN       NaN
   -0.1484    0.0099   -0.1808
    0.2775   -0.0487    0.1157
    0.0989    0.1954    0.0915
    1.0000    0.1407    0.1771
    0.1407    1.0000   -0.1066
    0.1771   -0.1066    1.0000

saving normalized correlation matrix
computing % negative and density
Time Elapsed is 2 hours, 2 minutes, 23 seconds.
>> 