Sender: LSF System <lsfadmin@bc02-n06>
Subject: Job 562511[8]: <makecorr[1-15]> Done

Job <makecorr[1-15]> was submitted from host <bc16-n13> by user <jabloche> in cluster <lucky>.
Job was executed on host(s) <bc02-n06>, in queue <week>, as user <jabloche> in cluster <lucky>.
</afs/isis.unc.edu/home/j/a/jabloche> was used as the home directory.
</netscr/jabloche/FirmNetworks/matlab> was used as the working directory.
Started at Thu Feb 18 08:31:27 2010
Results reported at Thu Feb 18 10:25:55 2010

Your job looked like:

------------------------------------------------------------
# LSBATCH: User input
/afs/isis/pkg/matlab-2009b/matlab -nodisplay -nojvm -nosplash -r create_corr_matrices
------------------------------------------------------------

Successfully completed.

Resource usage summary:

    CPU time   :   8892.87 sec.
    Max Memory :     19369 MB
    Max Swap   :     34726 MB

    Max Processes  :         5
    Max Threads    :        32

The output (if any) follows:

Your home directory for this job is /netscr/jabloche

                            < M A T L A B (R) >
                  Copyright 1984-2009 The MathWorks, Inc.
                Version 7.9.0.529 (R2009b) 64-bit (glnxa64)
                              August 12, 2009

 
  To get started, type one of these: helpwin, helpdesk, or demo.
  For product information, visit www.mathworks.com.
 
Begin Correlation Matrix Creation
Reading file
Data Loaded. Computing Correlation Matrix
  Columns 1 through 7

    1.0000       NaN   -0.0479    0.0679    0.0331   -0.0570    0.0886
       NaN       NaN       NaN       NaN       NaN       NaN       NaN
   -0.0479       NaN    1.0000    0.0379    0.1684   -0.1217    0.1022
    0.0679       NaN    0.0379    1.0000    0.2775    0.0821    0.0017
    0.0331       NaN    0.1684    0.2775    1.0000   -0.0979    0.2754
   -0.0570       NaN   -0.1217    0.0821   -0.0979    1.0000    0.0830
    0.0886       NaN    0.1022    0.0017    0.2754    0.0830    1.0000
    0.1097       NaN    0.1301    0.1963    0.1431   -0.0062    0.1546
    0.1841       NaN    0.0289    0.0108   -0.0612    0.1153    0.0749
       NaN       NaN       NaN       NaN       NaN       NaN       NaN

  Columns 8 through 10

    0.1097    0.1841       NaN
       NaN       NaN       NaN
    0.1301    0.0289       NaN
    0.1963    0.0108       NaN
    0.1431   -0.0612       NaN
   -0.0062    0.1153       NaN
    0.1546    0.0749       NaN
    1.0000   -0.1450       NaN
   -0.1450    1.0000       NaN
       NaN       NaN       NaN

saving normalized correlation matrix
computing % negative and density
Time Elapsed is 1 hour, 54 minutes, 24 seconds.
>> 