Sender: LSF System <lsfadmin@bc01-n12>
Subject: Job 562743[17]: <makecorr[16-25]> Done

Job <makecorr[16-25]> was submitted from host <bc16-n13> by user <jabloche> in cluster <lucky>.
Job was executed on host(s) <bc01-n12>, in queue <week>, as user <jabloche> in cluster <lucky>.
</afs/isis.unc.edu/home/j/a/jabloche> was used as the home directory.
</netscr/jabloche/FirmNetworks/matlab> was used as the working directory.
Started at Thu Feb 18 11:46:51 2010
Results reported at Thu Feb 18 13:52:18 2010

Your job looked like:

------------------------------------------------------------
# LSBATCH: User input
/afs/isis/pkg/matlab-2009b/matlab -nodisplay -nojvm -nosplash -r create_corr_matrices
------------------------------------------------------------

Successfully completed.

Resource usage summary:

    CPU time   :   9662.69 sec.
    Max Memory :     19521 MB
    Max Swap   :     34725 MB

    Max Processes  :         5
    Max Threads    :        32

The output (if any) follows:

Your home directory for this job is /netscr/jabloche

                            < M A T L A B (R) >
                  Copyright 1984-2009 The MathWorks, Inc.
                Version 7.9.0.529 (R2009b) 64-bit (glnxa64)
                              August 12, 2009

 
  To get started, type one of these: helpwin, helpdesk, or demo.
  For product information, visit www.mathworks.com.
 
Begin Correlation Matrix Creation
Reading file
Data Loaded. Computing Correlation Matrix
  Columns 1 through 7

    1.0000       NaN   -0.0401   -0.2013    0.1078    0.0351    0.2749
       NaN       NaN       NaN       NaN       NaN       NaN       NaN
   -0.0401       NaN    1.0000   -0.0254    0.0106   -0.0369   -0.0236
   -0.2013       NaN   -0.0254    1.0000   -0.0296    0.0078    0.2933
    0.1078       NaN    0.0106   -0.0296    1.0000   -0.2835    0.1163
    0.0351       NaN   -0.0369    0.0078   -0.2835    1.0000    0.2164
    0.2749       NaN   -0.0236    0.2933    0.1163    0.2164    1.0000
    0.1631       NaN    0.0474    0.0117   -0.2011    0.1336    0.0672
   -0.0331       NaN    0.0085    0.0104    0.0730   -0.0375   -0.2683
    0.1630       NaN   -0.0024    0.3881   -0.1385    0.1824    0.3176

  Columns 8 through 10

    0.1631   -0.0331    0.1630
       NaN       NaN       NaN
    0.0474    0.0085   -0.0024
    0.0117    0.0104    0.3881
   -0.2011    0.0730   -0.1385
    0.1336   -0.0375    0.1824
    0.0672   -0.2683    0.3176
    1.0000   -0.0974    0.0770
   -0.0974    1.0000   -0.0041
    0.0770   -0.0041    1.0000

saving normalized correlation matrix
computing % negative and density
Time Elapsed is 2 hours, 5 minutes, 23 seconds.
>> 