Sender: LSF System <lsfadmin@bc02-n03>
Subject: Job 562511[15]: <makecorr[1-15]> Done

Job <makecorr[1-15]> was submitted from host <bc16-n13> by user <jabloche> in cluster <lucky>.
Job was executed on host(s) <bc02-n03>, in queue <week>, as user <jabloche> in cluster <lucky>.
</afs/isis.unc.edu/home/j/a/jabloche> was used as the home directory.
</netscr/jabloche/FirmNetworks/matlab> was used as the working directory.
Started at Thu Feb 18 08:31:27 2010
Results reported at Thu Feb 18 10:27:45 2010

Your job looked like:

------------------------------------------------------------
# LSBATCH: User input
/afs/isis/pkg/matlab-2009b/matlab -nodisplay -nojvm -nosplash -r create_corr_matrices
------------------------------------------------------------

Successfully completed.

Resource usage summary:

    CPU time   :   9082.50 sec.
    Max Memory :     19444 MB
    Max Swap   :     34726 MB

    Max Processes  :         5
    Max Threads    :        32

The output (if any) follows:

Your home directory for this job is /netscr/jabloche

                            < M A T L A B (R) >
                  Copyright 1984-2009 The MathWorks, Inc.
                Version 7.9.0.529 (R2009b) 64-bit (glnxa64)
                              August 12, 2009

 
  To get started, type one of these: helpwin, helpdesk, or demo.
  For product information, visit www.mathworks.com.
 
Begin Correlation Matrix Creation
Reading file
Data Loaded. Computing Correlation Matrix
  Columns 1 through 7

    1.0000       NaN    0.0910       NaN   -0.1370    0.1926    0.0535
       NaN       NaN       NaN       NaN       NaN       NaN       NaN
    0.0910       NaN    1.0000       NaN   -0.0031    0.0531    0.1298
       NaN       NaN       NaN       NaN       NaN       NaN       NaN
   -0.1370       NaN   -0.0031       NaN    1.0000   -0.0195   -0.0003
    0.1926       NaN    0.0531       NaN   -0.0195    1.0000   -0.1018
    0.0535       NaN    0.1298       NaN   -0.0003   -0.1018    1.0000
    0.0750       NaN    0.3590       NaN   -0.1612    0.2134   -0.0815
    0.2490       NaN    0.0237       NaN    0.0743    0.0558    0.2095
    0.1890       NaN    0.0965       NaN    0.0792    0.0835    0.0718

  Columns 8 through 10

    0.0750    0.2490    0.1890
       NaN       NaN       NaN
    0.3590    0.0237    0.0965
       NaN       NaN       NaN
   -0.1612    0.0743    0.0792
    0.2134    0.0558    0.0835
   -0.0815    0.2095    0.0718
    1.0000   -0.1276    0.2195
   -0.1276    1.0000    0.1793
    0.2195    0.1793    1.0000

saving normalized correlation matrix
computing % negative and density
Time Elapsed is 1 hour, 56 minutes, 10 seconds.
>> 