Sender: LSF System <lsfadmin@bc02-n08>
Subject: Job 562743[24]: <makecorr[16-25]> Done

Job <makecorr[16-25]> was submitted from host <bc16-n13> by user <jabloche> in cluster <lucky>.
Job was executed on host(s) <bc02-n08>, in queue <week>, as user <jabloche> in cluster <lucky>.
</afs/isis.unc.edu/home/j/a/jabloche> was used as the home directory.
</netscr/jabloche/FirmNetworks/matlab> was used as the working directory.
Started at Thu Feb 18 11:46:51 2010
Results reported at Thu Feb 18 13:49:21 2010

Your job looked like:

------------------------------------------------------------
# LSBATCH: User input
/afs/isis/pkg/matlab-2009b/matlab -nodisplay -nojvm -nosplash -r create_corr_matrices
------------------------------------------------------------

Successfully completed.

Resource usage summary:

    CPU time   :   9426.77 sec.
    Max Memory :     19535 MB
    Max Swap   :     34726 MB

    Max Processes  :         5
    Max Threads    :        32

The output (if any) follows:

Your home directory for this job is /netscr/jabloche

                            < M A T L A B (R) >
                  Copyright 1984-2009 The MathWorks, Inc.
                Version 7.9.0.529 (R2009b) 64-bit (glnxa64)
                              August 12, 2009

 
  To get started, type one of these: helpwin, helpdesk, or demo.
  For product information, visit www.mathworks.com.
 
Begin Correlation Matrix Creation
Reading file
Data Loaded. Computing Correlation Matrix
  Columns 1 through 7

    1.0000       NaN       NaN       NaN   -0.0280    0.1226    0.2119
       NaN       NaN       NaN       NaN       NaN       NaN       NaN
       NaN       NaN       NaN       NaN       NaN       NaN       NaN
       NaN       NaN       NaN       NaN       NaN       NaN       NaN
   -0.0280       NaN       NaN       NaN    1.0000   -0.0901    0.0021
    0.1226       NaN       NaN       NaN   -0.0901    1.0000    0.0594
    0.2119       NaN       NaN       NaN    0.0021    0.0594    1.0000
    0.1234       NaN       NaN       NaN   -0.0909    0.1723   -0.0217
    0.2846       NaN       NaN       NaN   -0.1300    0.0105    0.1069
    0.1044       NaN       NaN       NaN    0.0807   -0.0211    0.2014

  Columns 8 through 10

    0.1234    0.2846    0.1044
       NaN       NaN       NaN
       NaN       NaN       NaN
       NaN       NaN       NaN
   -0.0909   -0.1300    0.0807
    0.1723    0.0105   -0.0211
   -0.0217    0.1069    0.2014
    1.0000   -0.1421    0.0354
   -0.1421    1.0000    0.2105
    0.0354    0.2105    1.0000

saving normalized correlation matrix
computing % negative and density
Time Elapsed is 2 hours, 2 minutes, 26 seconds.
>> 