Sender: LSF System <lsfadmin@bc02-n09>
Subject: Job 562743[21]: <makecorr[16-25]> Done

Job <makecorr[16-25]> was submitted from host <bc16-n13> by user <jabloche> in cluster <lucky>.
Job was executed on host(s) <bc02-n09>, in queue <week>, as user <jabloche> in cluster <lucky>.
</afs/isis.unc.edu/home/j/a/jabloche> was used as the home directory.
</netscr/jabloche/FirmNetworks/matlab> was used as the working directory.
Started at Thu Feb 18 11:46:51 2010
Results reported at Thu Feb 18 13:46:15 2010

Your job looked like:

------------------------------------------------------------
# LSBATCH: User input
/afs/isis/pkg/matlab-2009b/matlab -nodisplay -nojvm -nosplash -r create_corr_matrices
------------------------------------------------------------

Successfully completed.

Resource usage summary:

    CPU time   :   9227.85 sec.
    Max Memory :     20066 MB
    Max Swap   :     34725 MB

    Max Processes  :         5
    Max Threads    :        32

The output (if any) follows:

Your home directory for this job is /netscr/jabloche

                            < M A T L A B (R) >
                  Copyright 1984-2009 The MathWorks, Inc.
                Version 7.9.0.529 (R2009b) 64-bit (glnxa64)
                              August 12, 2009

 
  To get started, type one of these: helpwin, helpdesk, or demo.
  For product information, visit www.mathworks.com.
 
Begin Correlation Matrix Creation
Reading file
Data Loaded. Computing Correlation Matrix
  Columns 1 through 7

    1.0000       NaN       NaN       NaN   -0.0086    0.2426    0.2025
       NaN       NaN       NaN       NaN       NaN       NaN       NaN
       NaN       NaN       NaN       NaN       NaN       NaN       NaN
       NaN       NaN       NaN       NaN       NaN       NaN       NaN
   -0.0086       NaN       NaN       NaN    1.0000   -0.1973   -0.0130
    0.2426       NaN       NaN       NaN   -0.1973    1.0000    0.0185
    0.2025       NaN       NaN       NaN   -0.0130    0.0185    1.0000
    0.0326       NaN       NaN       NaN    0.0909   -0.0881    0.0638
    0.1753       NaN       NaN       NaN    0.1298    0.1696   -0.1097
    0.1944       NaN       NaN       NaN    0.1096    0.2546    0.0203

  Columns 8 through 10

    0.0326    0.1753    0.1944
       NaN       NaN       NaN
       NaN       NaN       NaN
       NaN       NaN       NaN
    0.0909    0.1298    0.1096
   -0.0881    0.1696    0.2546
    0.0638   -0.1097    0.0203
    1.0000    0.1020    0.0346
    0.1020    1.0000    0.1476
    0.0346    0.1476    1.0000

saving normalized correlation matrix
computing % negative and density
Time Elapsed is 1 hour, 59 minutes, 20 seconds.
>> 