Sender: LSF System <lsfadmin@bc02-n08>
Subject: Job 562511[10]: <makecorr[1-15]> Done

Job <makecorr[1-15]> was submitted from host <bc16-n13> by user <jabloche> in cluster <lucky>.
Job was executed on host(s) <bc02-n08>, in queue <week>, as user <jabloche> in cluster <lucky>.
</afs/isis.unc.edu/home/j/a/jabloche> was used as the home directory.
</netscr/jabloche/FirmNetworks/matlab> was used as the working directory.
Started at Thu Feb 18 08:31:27 2010
Results reported at Thu Feb 18 10:27:10 2010

Your job looked like:

------------------------------------------------------------
# LSBATCH: User input
/afs/isis/pkg/matlab-2009b/matlab -nodisplay -nojvm -nosplash -r create_corr_matrices
------------------------------------------------------------

Successfully completed.

Resource usage summary:

    CPU time   :   9053.47 sec.
    Max Memory :     19368 MB
    Max Swap   :     34725 MB

    Max Processes  :         5
    Max Threads    :        32

The output (if any) follows:

Your home directory for this job is /netscr/jabloche

                            < M A T L A B (R) >
                  Copyright 1984-2009 The MathWorks, Inc.
                Version 7.9.0.529 (R2009b) 64-bit (glnxa64)
                              August 12, 2009

 
  To get started, type one of these: helpwin, helpdesk, or demo.
  For product information, visit www.mathworks.com.
 
Begin Correlation Matrix Creation
Reading file
Data Loaded. Computing Correlation Matrix
  Columns 1 through 7

    1.0000       NaN    0.1560    0.0365    0.0119    0.2580    0.1097
       NaN       NaN       NaN       NaN       NaN       NaN       NaN
    0.1560       NaN    1.0000    0.1642   -0.0111    0.0162   -0.0121
    0.0365       NaN    0.1642    1.0000    0.0794    0.0008    0.1818
    0.0119       NaN   -0.0111    0.0794    1.0000    0.1704   -0.0212
    0.2580       NaN    0.0162    0.0008    0.1704    1.0000    0.2137
    0.1097       NaN   -0.0121    0.1818   -0.0212    0.2137    1.0000
    0.2417       NaN   -0.0123    0.1322    0.0653    0.4119    0.1832
   -0.0563       NaN   -0.0805    0.0102   -0.0246    0.0818    0.1228
    0.0181       NaN    0.0354   -0.0038    0.1841    0.1990    0.2660

  Columns 8 through 10

    0.2417   -0.0563    0.0181
       NaN       NaN       NaN
   -0.0123   -0.0805    0.0354
    0.1322    0.0102   -0.0038
    0.0653   -0.0246    0.1841
    0.4119    0.0818    0.1990
    0.1832    0.1228    0.2660
    1.0000   -0.0697    0.1782
   -0.0697    1.0000    0.0440
    0.1782    0.0440    1.0000

saving normalized correlation matrix
computing % negative and density
Time Elapsed is 1 hour, 55 minutes, 39 seconds.
>> 