Sender: LSF System <lsfadmin@bc02-n04>
Subject: Job 562511[14]: <makecorr[1-15]> Done

Job <makecorr[1-15]> was submitted from host <bc16-n13> by user <jabloche> in cluster <lucky>.
Job was executed on host(s) <bc02-n04>, in queue <week>, as user <jabloche> in cluster <lucky>.
</afs/isis.unc.edu/home/j/a/jabloche> was used as the home directory.
</netscr/jabloche/FirmNetworks/matlab> was used as the working directory.
Started at Thu Feb 18 08:31:27 2010
Results reported at Thu Feb 18 10:26:13 2010

Your job looked like:

------------------------------------------------------------
# LSBATCH: User input
/afs/isis/pkg/matlab-2009b/matlab -nodisplay -nojvm -nosplash -r create_corr_matrices
------------------------------------------------------------

Successfully completed.

Resource usage summary:

    CPU time   :   9002.56 sec.
    Max Memory :     19422 MB
    Max Swap   :     30150 MB

    Max Processes  :         5
    Max Threads    :        32

The output (if any) follows:

Your home directory for this job is /netscr/jabloche

                            < M A T L A B (R) >
                  Copyright 1984-2009 The MathWorks, Inc.
                Version 7.9.0.529 (R2009b) 64-bit (glnxa64)
                              August 12, 2009

 
  To get started, type one of these: helpwin, helpdesk, or demo.
  For product information, visit www.mathworks.com.
 
Begin Correlation Matrix Creation
Reading file
Data Loaded. Computing Correlation Matrix
  Columns 1 through 7

    1.0000       NaN    0.1049    0.1494    0.0450   -0.0265    0.1572
       NaN       NaN       NaN       NaN       NaN       NaN       NaN
    0.1049       NaN    1.0000    0.0649    0.0146   -0.0359    0.2607
    0.1494       NaN    0.0649    1.0000    0.0370   -0.0590    0.0957
    0.0450       NaN    0.0146    0.0370    1.0000    0.1529    0.1928
   -0.0265       NaN   -0.0359   -0.0590    0.1529    1.0000   -0.0085
    0.1572       NaN    0.2607    0.0957    0.1928   -0.0085    1.0000
    0.1118       NaN   -0.2652   -0.0374    0.0196   -0.0084   -0.0941
    0.0037       NaN    0.2160    0.2067    0.1065   -0.1014    0.0704
    0.0445       NaN   -0.1679    0.1040    0.0464    0.1236    0.0241

  Columns 8 through 10

    0.1118    0.0037    0.0445
       NaN       NaN       NaN
   -0.2652    0.2160   -0.1679
   -0.0374    0.2067    0.1040
    0.0196    0.1065    0.0464
   -0.0084   -0.1014    0.1236
   -0.0941    0.0704    0.0241
    1.0000   -0.0413    0.4151
   -0.0413    1.0000   -0.0057
    0.4151   -0.0057    1.0000

saving normalized correlation matrix
computing % negative and density
Time Elapsed is 1 hour, 54 minutes, 42 seconds.
>> 