Sender: LSF System <lsfadmin@bc17-n09>
Subject: Job 606012[32]: <makecorr[32]> Done

Job <makecorr[32]> was submitted from host <bc09-n13> by user <jabloche> in cluster <lucky>.
Job was executed on host(s) <bc17-n09>, in queue <idle>, as user <jabloche> in cluster <lucky>.
</afs/isis.unc.edu/home/j/a/jabloche> was used as the home directory.
</netscr/jabloche/FirmNetworks/matlab> was used as the working directory.
Started at Sat Feb 27 09:55:47 2010
Results reported at Sat Feb 27 12:22:29 2010

Your job looked like:

------------------------------------------------------------
# LSBATCH: User input
/afs/isis/pkg/matlab-2009b/matlab -nodisplay -nojvm -nosplash -r create_corr_matrices
------------------------------------------------------------

Successfully completed.

Resource usage summary:

    CPU time   :  10647.95 sec.
    Max Memory :     15241 MB
    Max Swap   :     30235 MB

    Max Processes  :         5
    Max Threads    :        32

The output (if any) follows:

Your home directory for this job is /netscr/jabloche

                            < M A T L A B (R) >
                  Copyright 1984-2009 The MathWorks, Inc.
                Version 7.9.0.529 (R2009b) 64-bit (glnxa64)
                              August 12, 2009

 
  To get started, type one of these: helpwin, helpdesk, or demo.
  For product information, visit www.mathworks.com.
 
Begin Correlation Matrix Creation
Reading file
Data Loaded. Computing Correlation Matrix
  Columns 1 through 7

    1.0000       NaN       NaN       NaN    0.2173    0.5235    0.4427
       NaN       NaN       NaN       NaN       NaN       NaN       NaN
       NaN       NaN       NaN       NaN       NaN       NaN       NaN
       NaN       NaN       NaN       NaN       NaN       NaN       NaN
    0.2173       NaN       NaN       NaN    1.0000    0.3479    0.2937
    0.5235       NaN       NaN       NaN    0.3479    1.0000    0.6853
    0.4427       NaN       NaN       NaN    0.2937    0.6853    1.0000
       NaN       NaN       NaN       NaN       NaN       NaN       NaN
    0.3021       NaN       NaN       NaN    0.1783    0.4064    0.2754
    0.3402       NaN       NaN       NaN    0.4286    0.4954    0.3884

  Columns 8 through 10

       NaN    0.3021    0.3402
       NaN       NaN       NaN
       NaN       NaN       NaN
       NaN       NaN       NaN
       NaN    0.1783    0.4286
       NaN    0.4064    0.4954
       NaN    0.2754    0.3884
       NaN       NaN       NaN
       NaN    1.0000    0.3942
       NaN    0.3942    1.0000

saving normalized correlation matrix
computing % negative and density
Time Elapsed is 2 hours, 26 minutes, 38 seconds.
>> 