Sender: LSF System <lsfadmin@bc02-n07>
Subject: Job 562511[11]: <makecorr[1-15]> Done

Job <makecorr[1-15]> was submitted from host <bc16-n13> by user <jabloche> in cluster <lucky>.
Job was executed on host(s) <bc02-n07>, in queue <week>, as user <jabloche> in cluster <lucky>.
</afs/isis.unc.edu/home/j/a/jabloche> was used as the home directory.
</netscr/jabloche/FirmNetworks/matlab> was used as the working directory.
Started at Thu Feb 18 08:31:27 2010
Results reported at Thu Feb 18 10:25:52 2010

Your job looked like:

------------------------------------------------------------
# LSBATCH: User input
/afs/isis/pkg/matlab-2009b/matlab -nodisplay -nojvm -nosplash -r create_corr_matrices
------------------------------------------------------------

Successfully completed.

Resource usage summary:

    CPU time   :   8879.00 sec.
    Max Memory :     19370 MB
    Max Swap   :     34726 MB

    Max Processes  :         5
    Max Threads    :        32

The output (if any) follows:

Your home directory for this job is /netscr/jabloche

                            < M A T L A B (R) >
                  Copyright 1984-2009 The MathWorks, Inc.
                Version 7.9.0.529 (R2009b) 64-bit (glnxa64)
                              August 12, 2009

 
  To get started, type one of these: helpwin, helpdesk, or demo.
  For product information, visit www.mathworks.com.
 
Begin Correlation Matrix Creation
Reading file
Data Loaded. Computing Correlation Matrix
  Columns 1 through 7

    1.0000       NaN   -0.1938   -0.0260    0.1855    0.2252    0.2458
       NaN       NaN       NaN       NaN       NaN       NaN       NaN
   -0.1938       NaN    1.0000   -0.0078   -0.0998   -0.0034   -0.1150
   -0.0260       NaN   -0.0078    1.0000    0.2043    0.1486    0.0176
    0.1855       NaN   -0.0998    0.2043    1.0000    0.1679    0.2359
    0.2252       NaN   -0.0034    0.1486    0.1679    1.0000    0.0839
    0.2458       NaN   -0.1150    0.0176    0.2359    0.0839    1.0000
    0.1458       NaN   -0.0976    0.2298    0.4739    0.3231    0.3238
   -0.0729       NaN   -0.0013    0.1094    0.0305    0.1728   -0.0680
    0.0039       NaN    0.2109    0.2721    0.1871    0.1927   -0.0474

  Columns 8 through 10

    0.1458   -0.0729    0.0039
       NaN       NaN       NaN
   -0.0976   -0.0013    0.2109
    0.2298    0.1094    0.2721
    0.4739    0.0305    0.1871
    0.3231    0.1728    0.1927
    0.3238   -0.0680   -0.0474
    1.0000    0.0027   -0.0006
    0.0027    1.0000    0.1891
   -0.0006    0.1891    1.0000

saving normalized correlation matrix
computing % negative and density
Time Elapsed is 1 hour, 54 minutes, 21 seconds.
>> 