Sender: LSF System <lsfadmin@bc17-n11>
Subject: Job 592865[31]: <makecorr[31]> Done

Job <makecorr[31]> was submitted from host <bc16-n13> by user <jabloche> in cluster <lucky>.
Job was executed on host(s) <bc17-n11>, in queue <idle>, as user <jabloche> in cluster <lucky>.
</afs/isis.unc.edu/home/j/a/jabloche> was used as the home directory.
</netscr/jabloche/FirmNetworks/matlab> was used as the working directory.
Started at Thu Feb 25 16:15:04 2010
Results reported at Thu Feb 25 18:28:28 2010

Your job looked like:

------------------------------------------------------------
# LSBATCH: User input
/afs/isis/pkg/matlab-2009b/matlab -nodisplay -nojvm -nosplash -r create_corr_matrices
------------------------------------------------------------

Successfully completed.

Resource usage summary:

    CPU time   :  10023.66 sec.
    Max Memory :     16248 MB
    Max Swap   :     34725 MB

    Max Processes  :         5
    Max Threads    :        32

The output (if any) follows:

Your home directory for this job is /netscr/jabloche

                            < M A T L A B (R) >
                  Copyright 1984-2009 The MathWorks, Inc.
                Version 7.9.0.529 (R2009b) 64-bit (glnxa64)
                              August 12, 2009

 
  To get started, type one of these: helpwin, helpdesk, or demo.
  For product information, visit www.mathworks.com.
 
Begin Correlation Matrix Creation
Reading file
Data Loaded. Computing Correlation Matrix
  Columns 1 through 7

    1.0000       NaN       NaN       NaN    0.0822    0.1962    0.2202
       NaN       NaN       NaN       NaN       NaN       NaN       NaN
       NaN       NaN       NaN       NaN       NaN       NaN       NaN
       NaN       NaN       NaN       NaN       NaN       NaN       NaN
    0.0822       NaN       NaN       NaN    1.0000    0.0323    0.0054
    0.1962       NaN       NaN       NaN    0.0323    1.0000   -0.0190
    0.2202       NaN       NaN       NaN    0.0054   -0.0190    1.0000
    0.0420       NaN       NaN       NaN    0.0486    0.0322   -0.0179
    0.0035       NaN       NaN       NaN    0.1054   -0.1050   -0.0098
    0.1356       NaN       NaN       NaN    0.0518   -0.0492    0.0547

  Columns 8 through 10

    0.0420    0.0035    0.1356
       NaN       NaN       NaN
       NaN       NaN       NaN
       NaN       NaN       NaN
    0.0486    0.1054    0.0518
    0.0322   -0.1050   -0.0492
   -0.0179   -0.0098    0.0547
    1.0000   -0.0977    0.0375
   -0.0977    1.0000    0.3478
    0.0375    0.3478    1.0000

saving normalized correlation matrix
computing % negative and density
Time Elapsed is 2 hours, 13 minutes, 21 seconds.
>> 