Sender: LSF System <lsfadmin@bc16-n04>
Subject: Job 624082[7]: <nw_stats[1-20]> Done

Job <nw_stats[1-20]> was submitted from host <bc09-n13> by user <jabloche> in cluster <lucky>.
Job was executed on host(s) <bc16-n04>, in queue <week>, as user <jabloche> in cluster <lucky>.
</afs/isis.unc.edu/home/j/a/jabloche> was used as the home directory.
</netscr/jabloche/FirmNetworks/matlab> was used as the working directory.
Started at Wed Mar  3 17:58:36 2010
Results reported at Wed Mar  3 18:14:34 2010

Your job looked like:

------------------------------------------------------------
# LSBATCH: User input
matlab -nodisplay -nojvm -nosplash -r nw_stats
------------------------------------------------------------

Successfully completed.

Resource usage summary:

    CPU time   :    956.18 sec.
    Max Memory :       221 MB
    Max Swap   :      6893 MB

    Max Processes  :         6
    Max Threads    :        33

The output (if any) follows:

Your home directory for this job is /netscr/jabloche

                            < M A T L A B (R) >
                  Copyright 1984-2009 The MathWorks, Inc.
                Version 7.9.0.529 (R2009b) 64-bit (glnxa64)
                              August 12, 2009

 
  To get started, type one of these: helpwin, helpdesk, or demo.
  For product information, visit www.mathworks.com.
 
Begin Matrix Statistics for type_data: bool_blk
Reading Saved Matrix and Returning Adjacency Matrix: loadAdjMat
loadAdjMat Done. data_type_index:blk_bool_7
running matrix statistics functions
Completed getNetworkProfile
Time Elapsed is 0.50695 seconds
is Simple:1
is Connected:0
is Regular:0
is Tree:0
is Complete:0
Completed IS descriptions
Now getting components
Done. Computed connected components. Saving output
Time Elapsed is 0.095862 seconds
Number of Connected Components: 1
Time Elapsed is 0.008481 seconds
Size of Giant Component: 3181
Ratio of Size of Giant Component to whole Matrix: 0.78524
Ratio of Isolates to whole Matrix: 0.21476
Time Elapsed is 0.35029 seconds
Computing Degree Correlation (Pearsons r) of Component
pearson_r: -0.011813
Done. Time Elapsed is 0.050212 seconds
Computing Link Density of Component
Density of Cluster: 0.10164
Done. Time Elapsed is 0.17396 seconds
Computing Shortest Paths - this will take a while, but only one time.
Diameter of Cluster: 4
Avg Path Length: 1.9541
Done. Time Elapsed is 11 minutes, 54 seconds.
Computing Degree Distribution...
Done. Time Elapsed is 0.23024 seconds
Computing Centrality measures...Eigenvector
Done. Time Elapsed is 1 second.
Computing Average neighbor degree
Done. Time Elapsed is 20 seconds.
Computing Centrality measures...Betweenness
Done. Time Elapsed is 1 minute, 29 seconds.
Computing Clustering Coefficents.
Done. Time Elapsed is 1 minute, 56 seconds.
Finished. Total Program Time Elapsed is 15 minutes, 53 seconds.
>> 