Sender: LSF System <lsfadmin@bc02-n11>
Subject: Job 642200[96]: <nw_stats[90-99]> Done

Job <nw_stats[90-99]> was submitted from host <bc13-n13> by user <jabloche> in cluster <lucky>.
Job was executed on host(s) <bc02-n11>, in queue <week>, as user <jabloche> in cluster <lucky>.
</afs/isis.unc.edu/home/j/a/jabloche> was used as the home directory.
</netscr/jabloche/FirmNetworks/matlab> was used as the working directory.
Started at Fri Mar  5 22:23:27 2010
Results reported at Sat Mar  6 00:42:33 2010

Your job looked like:

------------------------------------------------------------
# LSBATCH: User input
matlab -nodisplay -nojvm -nosplash -r nw_stats
------------------------------------------------------------

Successfully completed.

Resource usage summary:

    CPU time   :   8314.81 sec.
    Max Memory :      9314 MB
    Max Swap   :     12606 MB

    Max Processes  :         6
    Max Threads    :        33

The output (if any) follows:

Your home directory for this job is /netscr/jabloche

                            < M A T L A B (R) >
                  Copyright 1984-2009 The MathWorks, Inc.
                Version 7.9.0.529 (R2009b) 64-bit (glnxa64)
                              August 12, 2009

 
  To get started, type one of these: helpwin, helpdesk, or demo.
  For product information, visit www.mathworks.com.
 
Begin Matrix Statistics for type_data: bool_cor
Reading Saved Matrix and Returning Adjacency Matrix: loadAdjMat
loadAdjMat Done. data_type_index:cor_bool_96
running matrix statistics functions
Completed getNetworkProfile
Time Elapsed is 12 seconds.
is Simple:1
is Connected:0
is Regular:0
is Tree:0
is Complete:0
Completed IS descriptions
Now getting components
Done. Computed connected components. Saving output
Time Elapsed is 0.52412 seconds
Number of Connected Components: 1
Time Elapsed is 0.012817 seconds
Size of Giant Component: 6559
Ratio of Size of Giant Component to whole Matrix: 0.26783
Ratio of Isolates to whole Matrix: 0.73217
Time Elapsed is 7 seconds.
Computing Degree Correlation (Pearsons r) of Component
pearson_r: 0.22981
Done. Time Elapsed is 0.5584 seconds
Computing Link Density of Component
Density of Cluster: 0.15269
Done. Time Elapsed is 0.96545 seconds
Computing Shortest Paths - this will take a while, but only one time.
Diameter of Cluster: 3
Avg Path Length: 1.8729
Done. Time Elapsed is 1 hour, 12 minutes, 30 seconds.
Computing Degree Distribution...
Done. Time Elapsed is 1 second.
Computing Centrality measures...Eigenvector
Done. Time Elapsed is 38 seconds.
Computing Average neighbor degree
Done. Time Elapsed is 5 minutes, 30 seconds.
Computing Centrality measures...Betweenness
Done. Time Elapsed is 18 minutes.
Computing Clustering Coefficents.
Done. Time Elapsed is 35 minutes, 53 seconds.
Finished. Total Program Time Elapsed is 2 hours, 19 minutes, 2 seconds.
>> 