Sender: LSF System <lsfadmin@bc01-n12>
Subject: Job 564062[19]: <nw_stats[3-50]> Done

Job <nw_stats[3-50]> was submitted from host <bc16-n13> by user <jabloche> in cluster <lucky>.
Job was executed on host(s) <bc01-n12>, in queue <week>, as user <jabloche> in cluster <lucky>.
</afs/isis.unc.edu/home/j/a/jabloche> was used as the home directory.
</netscr/jabloche/FirmNetworks/matlab> was used as the working directory.
Started at Fri Feb 19 09:46:22 2010
Results reported at Fri Feb 19 10:11:58 2010

Your job looked like:

------------------------------------------------------------
# LSBATCH: User input
matlab -nodisplay -nojvm -nosplash -r nw_stats
------------------------------------------------------------

Successfully completed.

Resource usage summary:

    CPU time   :   1515.86 sec.
    Max Memory :      1215 MB
    Max Swap   :      7818 MB

    Max Processes  :         6
    Max Threads    :        33

The output (if any) follows:

Your home directory for this job is /netscr/jabloche

                            < M A T L A B (R) >
                  Copyright 1984-2009 The MathWorks, Inc.
                Version 7.9.0.529 (R2009b) 64-bit (glnxa64)
                              August 12, 2009

 
  To get started, type one of these: helpwin, helpdesk, or demo.
  For product information, visit www.mathworks.com.
 
Begin Matrix Statistics for type_data: bool_blk
Reading Saved Matrix and Returning Adjacency Matrix: loadAdjMat
loadAdjMat Done. data_type_index:blk_bool_19
running matrix statistics functions
Completed getNetworkProfile
Time Elapsed is 1 second.
Now getting components
Done. Computed connected components. Saving output
Time Elapsed is 0.25788 seconds
Number of Connected Components: 1
Time Elapsed is 0.25188 seconds
Size of Giant Component: 3933
Ratio of Size of Giant Component to whole Matrix: 0.74971
Ratio of Isolates to whole Matrix: 0.25029
Time Elapsed is 0.65822 seconds
pearson_r: -0.00044451
Time Elapsed is 0.15603 seconds
Density of Cluster: 0.12753
Time Elapsed is 0.43837 seconds
Diameter of Cluster: 4
Avg Path Length: 1.0714
Time Elapsed is 11 minutes, 3 seconds.
Computing Degree Distribution...
Done. Time Elapsed is 0.51687 seconds
Computing Centrality measures...Eigenvector
Done. Time Elapsed is 4 seconds.
Computing Centrality measures...Closeness
Done. Time Elapsed is 4 minutes, 53 seconds.
Computing Average neighbor degree
Time Elapsed is 1 minute, 26 seconds.
Computing Centrality measures...Betweenness
Time Elapsed is 2 minutes, 55 seconds.
Computing Clustering Coefficents.
Time Elapsed is 2e-05 seconds
is Simple:1
is Connected:0
is Regular:0
is Tree:0
is Complete:0
Completed IS descriptions
Finished. Total Program Time Elapsed is 25 minutes, 20 seconds.
>> 