Sender: LSF System <lsfadmin@bc14-n01>
Subject: Job 583055[60]: <nw_stats[29,51-75]> Done

Job <nw_stats[29,51-75]> was submitted from host <bc16-n13> by user <jabloche> in cluster <lucky>.
Job was executed on host(s) <bc14-n01>, in queue <week>, as user <jabloche> in cluster <lucky>.
</afs/isis.unc.edu/home/j/a/jabloche> was used as the home directory.
</netscr/jabloche/FirmNetworks/matlab> was used as the working directory.
Started at Sun Feb 21 19:30:12 2010
Results reported at Mon Feb 22 12:14:47 2010

Your job looked like:

------------------------------------------------------------
# LSBATCH: User input
matlab -nodisplay -nojvm -nosplash -r nw_stats
------------------------------------------------------------

Successfully completed.

Resource usage summary:

    CPU time   :  60266.75 sec.
    Max Memory :      3317 MB
    Max Swap   :      9940 MB

    Max Processes  :         6
    Max Threads    :        33

The output (if any) follows:

Your home directory for this job is /netscr/jabloche

                            < M A T L A B (R) >
                  Copyright 1984-2009 The MathWorks, Inc.
                Version 7.9.0.529 (R2009b) 64-bit (glnxa64)
                              August 12, 2009

 
  To get started, type one of these: helpwin, helpdesk, or demo.
  For product information, visit www.mathworks.com.
 
Begin Matrix Statistics for type_data: bool_blk
Reading Saved Matrix and Returning Adjacency Matrix: loadAdjMat
loadAdjMat Done. data_type_index:blk_bool_60
running matrix statistics functions
Completed getNetworkProfile
Time Elapsed is 4 seconds.
Now getting components
Done. Computed connected components. Saving output
Time Elapsed is 0.95073 seconds
Number of Connected Components: 1
Time Elapsed is 0.9571 seconds
Size of Giant Component: 6818
Ratio of Size of Giant Component to whole Matrix: 0.76247
Ratio of Isolates to whole Matrix: 0.23753
Time Elapsed is 3 seconds.
pearson_r: -0.014819
Time Elapsed is 0.46724 seconds
Density of Cluster: 0.20545
Time Elapsed is 1 second.
Diameter of Cluster: 4
Avg Path Length: 1.0512
Time Elapsed is 9 hours, 36 minutes, 52 seconds.
Computing Degree Distribution...
Done. Time Elapsed is 3 seconds.
Computing Centrality measures...Eigenvector
Done. Time Elapsed is 11 seconds.
Computing Centrality measures...Closeness
Done. Time Elapsed is 4 hours, 43 minutes, 24 seconds.
Computing Average neighbor degree
Time Elapsed is 11 minutes, 53 seconds.
Computing Centrality measures...Betweenness
Time Elapsed is 37 minutes, 51 seconds.
Computing Clustering Coefficents.
Time Elapsed is 2.2e-05 seconds
is Simple:1
is Connected:0
is Regular:0
is Tree:0
is Complete:0
Completed IS descriptions
Finished. Total Program Time Elapsed is 16 hours, 44 minutes, 28 seconds.
Your MATLAB session has timed out.  All license keys have been returned.
>> 