Sender: LSF System <lsfadmin@bc20-n01>
Subject: Job 583055[69]: <nw_stats[29,51-75]> Done

Job <nw_stats[29,51-75]> was submitted from host <bc16-n13> by user <jabloche> in cluster <lucky>.
Job was executed on host(s) <bc20-n01>, in queue <week>, as user <jabloche> in cluster <lucky>.
</afs/isis.unc.edu/home/j/a/jabloche> was used as the home directory.
</netscr/jabloche/FirmNetworks/matlab> was used as the working directory.
Started at Sun Feb 21 23:39:45 2010
Results reported at Mon Feb 22 15:49:22 2010

Your job looked like:

------------------------------------------------------------
# LSBATCH: User input
matlab -nodisplay -nojvm -nosplash -r nw_stats
------------------------------------------------------------

Successfully completed.

Resource usage summary:

    CPU time   :  58127.43 sec.
    Max Memory :      4456 MB
    Max Swap   :     11129 MB

    Max Processes  :         6
    Max Threads    :        33

The output (if any) follows:

Your home directory for this job is /netscr/jabloche

                            < M A T L A B (R) >
                  Copyright 1984-2009 The MathWorks, Inc.
                Version 7.9.0.529 (R2009b) 64-bit (glnxa64)
                              August 12, 2009

 
  To get started, type one of these: helpwin, helpdesk, or demo.
  For product information, visit www.mathworks.com.
 
Begin Matrix Statistics for type_data: bool_blk
Reading Saved Matrix and Returning Adjacency Matrix: loadAdjMat
loadAdjMat Done. data_type_index:blk_bool_69
running matrix statistics functions
Completed getNetworkProfile
Time Elapsed is 2 seconds.
Now getting components
Done. Computed connected components. Saving output
Time Elapsed is 0.59871 seconds
Number of Connected Components: 1
Time Elapsed is 0.58727 seconds
Size of Giant Component: 8073
Ratio of Size of Giant Component to whole Matrix: 0.77328
Ratio of Isolates to whole Matrix: 0.22672
Time Elapsed is 2 seconds.
pearson_r: -0.037603
Time Elapsed is 0.76771 seconds
Density of Cluster: 0.18587
Time Elapsed is 0.98629 seconds
Diameter of Cluster: 4
Avg Path Length: 1.0988
Time Elapsed is 9 hours, 26 minutes, 8 seconds.
Computing Degree Distribution...
Done. Time Elapsed is 2 seconds.
Computing Centrality measures...Eigenvector
Done. Time Elapsed is 26 seconds.
Computing Centrality measures...Closeness
Done. Time Elapsed is 4 hours, 39 minutes, 1 second.
Computing Average neighbor degree
Time Elapsed is 7 minutes, 52 seconds.
Computing Centrality measures...Betweenness
Time Elapsed is 33 minutes, 24 seconds.
Computing Clustering Coefficents.
Time Elapsed is 1.3e-05 seconds
is Simple:1
is Connected:0
is Regular:0
is Tree:0
is Complete:0
Completed IS descriptions
Finished. Total Program Time Elapsed is 16 hours, 9 minutes, 33 seconds.
Your MATLAB session has timed out.  All license keys have been returned.
>> 