Sender: LSF System <lsfadmin@bc09-n06>
Subject: Job 583055[65]: <nw_stats[29,51-75]> Exited

Job <nw_stats[29,51-75]> was submitted from host <bc16-n13> by user <jabloche> in cluster <lucky>.
Job was executed on host(s) <bc09-n06>, in queue <week>, as user <jabloche> in cluster <lucky>.
</afs/isis.unc.edu/home/j/a/jabloche> was used as the home directory.
</netscr/jabloche/FirmNetworks/matlab> was used as the working directory.
Started at Sun Feb 21 21:13:24 2010
Results reported at Tue Feb 23 07:49:28 2010

Your job looked like:

------------------------------------------------------------
# LSBATCH: User input
matlab -nodisplay -nojvm -nosplash -r nw_stats
------------------------------------------------------------

Exited with exit code 137.

Resource usage summary:

    CPU time   : 123462.54 sec.
    Max Memory :      3279 MB
    Max Swap   :      7237 MB

    Max Processes  :         6
    Max Threads    :        13

The output (if any) follows:

Your home directory for this job is /netscr/jabloche

                            < M A T L A B (R) >
                  Copyright 1984-2009 The MathWorks, Inc.
                Version 7.9.0.529 (R2009b) 64-bit (glnxa64)
                              August 12, 2009

 
  To get started, type one of these: helpwin, helpdesk, or demo.
  For product information, visit www.mathworks.com.
 
Begin Matrix Statistics for type_data: bool_blk
Reading Saved Matrix and Returning Adjacency Matrix: loadAdjMat
loadAdjMat Done. data_type_index:blk_bool_65
running matrix statistics functions
Completed getNetworkProfile
Time Elapsed is 5 seconds.
Now getting components
Done. Computed connected components. Saving output
Time Elapsed is 1 second.
Number of Connected Components: 1
Time Elapsed is 1 second.
Size of Giant Component: 7444
Ratio of Size of Giant Component to whole Matrix: 0.78756
Ratio of Isolates to whole Matrix: 0.21244
Time Elapsed is 4 seconds.
pearson_r: -0.030314
Time Elapsed is 0.33924 seconds
Density of Cluster: 0.18917
Time Elapsed is 2 seconds.
Diameter of Cluster: 4
Avg Path Length: 1.137
Time Elapsed is 20 hours, 55 minutes, 46 seconds.
Computing Degree Distribution...
Done. Time Elapsed is 8 seconds.
Computing Centrality measures...Eigenvector
Done. Time Elapsed is 21 seconds.
Computing Centrality measures...Closeness
Done. Time Elapsed is 10 hours, 14 minutes, 21 seconds.
Computing Average neighbor degree
Time Elapsed is 12 minutes, 22 seconds.
Computing Centrality measures...Betweenness
Time Elapsed is 54 minutes, 25 seconds.
Computing Clustering Coefficents.
Time Elapsed is 2.4e-05 seconds
is Simple:1
is Connected:0
is Regular:0
is Tree:0
is Complete:0
Completed IS descriptions
Finished. Total Program Time Elapsed is 1 day, 10 hours, 35 minutes, 54 seconds.
/afs/isis/pkg/matlab-2009b/matlab: line 11: 16042 Killed                  /afs/isis.unc.edu/pkg/matlab-2009b/.install/amd64_linux26_rh5/bin/matlab.exe $*
