Sender: LSF System <lsfadmin@bc02-n12>
Subject: Job 644192[33]: <nw_stats[2-39]> Done

Job <nw_stats[2-39]> was submitted from host <bc13-n13> by user <jabloche> in cluster <lucky>.
Job was executed on host(s) <bc02-n12>, in queue <week>, as user <jabloche> in cluster <lucky>.
</afs/isis.unc.edu/home/j/a/jabloche> was used as the home directory.
</netscr/jabloche/FirmNetworks/matlab> was used as the working directory.
Started at Sun Mar  7 01:08:01 2010
Results reported at Sun Mar  7 01:51:31 2010

Your job looked like:

------------------------------------------------------------
# LSBATCH: User input
matlab -nodisplay -nojvm -nosplash -r nw_stats
------------------------------------------------------------

Successfully completed.

Resource usage summary:

    CPU time   :   2608.54 sec.
    Max Memory :      9048 MB
    Max Swap   :     12508 MB

    Max Processes  :         6
    Max Threads    :        33

The output (if any) follows:

Your home directory for this job is /netscr/jabloche

                            < M A T L A B (R) >
                  Copyright 1984-2009 The MathWorks, Inc.
                Version 7.9.0.529 (R2009b) 64-bit (glnxa64)
                              August 12, 2009

 
  To get started, type one of these: helpwin, helpdesk, or demo.
  For product information, visit www.mathworks.com.
 
Begin Matrix Statistics for type_data: bool_cor
Reading Saved Matrix and Returning Adjacency Matrix: loadAdjMat
loadAdjMat Done. data_type_index:cor_bool_33
running matrix statistics functions
Completed getNetworkProfile
Time Elapsed is 10 seconds.
is Simple:1
is Connected:0
is Regular:0
is Tree:0
is Complete:0
Completed IS descriptions
Now getting components
Done. Computed connected components. Saving output
Time Elapsed is 0.31225 seconds
Number of Connected Components: 1
Time Elapsed is 0.008429 seconds
Size of Giant Component: 6891
Ratio of Size of Giant Component to whole Matrix: 0.28139
Ratio of Isolates to whole Matrix: 0.71861
Time Elapsed is 5 seconds.
Computing Degree Correlation (Pearsons r) of Component
pearson_r: 0.36157
Done. Time Elapsed is 0.43255 seconds
Computing Link Density of Component
Density of Cluster: 0.084852
Done. Time Elapsed is 0.68044 seconds
Computing Shortest Paths - this will take a while, but only one time.
Diameter of Cluster: 3
Avg Path Length: 1.9386
Done. Time Elapsed is 16 minutes, 47 seconds.
Computing Degree Distribution...
Done. Time Elapsed is 0.90195 seconds
Computing Centrality measures...Eigenvector
Done. Time Elapsed is 24 seconds.
Computing Average neighbor degree
Done. Time Elapsed is 3 minutes, 17 seconds.
Computing Centrality measures...Betweenness
Done. Time Elapsed is 9 minutes, 46 seconds.
Computing Clustering Coefficents.
Done. Time Elapsed is 9 minutes, 4 seconds.
Finished. Total Program Time Elapsed is 43 minutes, 26 seconds.
>> 