Sender: LSF System <lsfadmin@bc01-n13>
Subject: Job 583054[115]: <nw_stats[100-115]> Exited

Job <nw_stats[100-115]> was submitted from host <bc16-n13> by user <jabloche> in cluster <lucky>.
Job was executed on host(s) <bc01-n13>, in queue <week>, as user <jabloche> in cluster <lucky>.
</afs/isis.unc.edu/home/j/a/jabloche> was used as the home directory.
</netscr/jabloche/FirmNetworks/matlab> was used as the working directory.
Started at Sun Feb 21 23:08:09 2010
Results reported at Mon Feb 22 20:25:42 2010

Your job looked like:

------------------------------------------------------------
# LSBATCH: User input
matlab -nodisplay -nojvm -nosplash -r nw_stats
------------------------------------------------------------

Exited with exit code 1.

Resource usage summary:

    CPU time   :  76619.09 sec.
    Max Memory :      5141 MB
    Max Swap   :     11745 MB

    Max Processes  :         6
    Max Threads    :        33

The output (if any) follows:

Your home directory for this job is /netscr/jabloche

                            < M A T L A B (R) >
                  Copyright 1984-2009 The MathWorks, Inc.
                Version 7.9.0.529 (R2009b) 64-bit (glnxa64)
                              August 12, 2009

 
  To get started, type one of these: helpwin, helpdesk, or demo.
  For product information, visit www.mathworks.com.
 
Begin Matrix Statistics for type_data: bool_blk
Reading Saved Matrix and Returning Adjacency Matrix: loadAdjMat
loadAdjMat Done. data_type_index:blk_bool_115
running matrix statistics functions
Completed getNetworkProfile
Time Elapsed is 5 seconds.
Now getting components
Done. Computed connected components. Saving output
Time Elapsed is 1 second.
Number of Connected Components: 2
Time Elapsed is 1 second.
Size of Giant Component: 7892
Ratio of Size of Giant Component to whole Matrix: 0.72053
Ratio of Isolates to whole Matrix: 0.2791
Time Elapsed is 4 seconds.
pearson_r: -0.034205
Time Elapsed is 0.98079 seconds
Density of Cluster: 0.2627
Time Elapsed is 2 seconds.
Diameter of Cluster: 4
Avg Path Length: 0.91845
Time Elapsed is 11 hours, 35 minutes, 15 seconds.
Computing Degree Distribution...
Done. Time Elapsed is 4 seconds.
Computing Centrality measures...Eigenvector
Done. Time Elapsed is 26 seconds.
Computing Centrality measures...Closeness
Done. Time Elapsed is 5 hours, 38 minutes, 10 seconds.
Computing Average neighbor degree
Time Elapsed is 19 minutes, 48 seconds.
Computing Centrality measures...Betweenness
Time Elapsed is 48 minutes, 33 seconds.
Computing Clustering Coefficents.
Time Elapsed is 1.6e-05 seconds
is Simple:1
is Connected:0
is Regular:0
is Tree:0
is Complete:0
Completed IS descriptions
Finished. Total Program Time Elapsed is 21 hours, 17 minutes, 30 seconds.
Your MATLAB session has timed out.  All license keys have been returned.
{Warning:
Connection to the X11 Display Server (bc16-n13.isis.unc.edu:12.0) has been
lost.
No more graphics windows can no longer be displayed in this session.
Graphics Objects can still be printed, and all commands should still work.
We recommend that you try to save your current session and exit} 
