Sender: LSF System <lsfadmin@bc02-n12>
Subject: Job 585537[92]: <nw_stats[76-99]> Done

Job <nw_stats[76-99]> was submitted from host <bc16-n13> by user <jabloche> in cluster <lucky>.
Job was executed on host(s) <bc02-n12>, in queue <week>, as user <jabloche> in cluster <lucky>.
</afs/isis.unc.edu/home/j/a/jabloche> was used as the home directory.
</netscr/jabloche/FirmNetworks/matlab> was used as the working directory.
Started at Tue Feb 23 14:13:52 2010
Results reported at Wed Feb 24 08:16:49 2010

Your job looked like:

------------------------------------------------------------
# LSBATCH: User input
matlab -nodisplay -nojvm -nosplash -r nw_stats
------------------------------------------------------------

Successfully completed.

Resource usage summary:

    CPU time   :  64961.91 sec.
    Max Memory :      4879 MB
    Max Swap   :     11547 MB

    Max Processes  :         6
    Max Threads    :        33

The output (if any) follows:

Your home directory for this job is /netscr/jabloche

                            < M A T L A B (R) >
                  Copyright 1984-2009 The MathWorks, Inc.
                Version 7.9.0.529 (R2009b) 64-bit (glnxa64)
                              August 12, 2009

 
  To get started, type one of these: helpwin, helpdesk, or demo.
  For product information, visit www.mathworks.com.
 
Begin Matrix Statistics for type_data: bool_blk
Reading Saved Matrix and Returning Adjacency Matrix: loadAdjMat
loadAdjMat Done. data_type_index:blk_bool_92
running matrix statistics functions
Completed getNetworkProfile
Time Elapsed is 3 seconds.
Now getting components
Done. Computed connected components. Saving output
Time Elapsed is 0.77142 seconds
Number of Connected Components: 2
Time Elapsed is 0.76592 seconds
Size of Giant Component: 7150
Ratio of Size of Giant Component to whole Matrix: 0.67029
Ratio of Isolates to whole Matrix: 0.32952
Time Elapsed is 3 seconds.
pearson_r: -0.072253
Time Elapsed is 0.70358 seconds
Density of Cluster: 0.22729
Time Elapsed is 1 second.
Diameter of Cluster: 4
Avg Path Length: 0.81148
Time Elapsed is 10 hours, 28 minutes, 6 seconds.
Computing Degree Distribution...
Done. Time Elapsed is 3 seconds.
Computing Centrality measures...Eigenvector
Done. Time Elapsed is 20 seconds.
Computing Centrality measures...Closeness
Done. Time Elapsed is 5 hours, 7 minutes, 9 seconds.
Computing Average neighbor degree
Time Elapsed is 13 minutes, 22 seconds.
Computing Centrality measures...Betweenness
Time Elapsed is 30 minutes, 25 seconds.
Computing Clustering Coefficents.
Time Elapsed is 1.8e-05 seconds
is Simple:1
is Connected:0
is Regular:0
is Tree:0
is Complete:0
Completed IS descriptions
Finished. Total Program Time Elapsed is 18 hours, 2 minutes, 54 seconds.
Your MATLAB session has timed out.  All license keys have been returned.
>> 