Sender: LSF System <lsfadmin@bc16-n11>
Subject: Job 583055[51]: <nw_stats[29,51-75]> Done

Job <nw_stats[29,51-75]> was submitted from host <bc16-n13> by user <jabloche> in cluster <lucky>.
Job was executed on host(s) <bc16-n11>, in queue <week>, as user <jabloche> in cluster <lucky>.
</afs/isis.unc.edu/home/j/a/jabloche> was used as the home directory.
</netscr/jabloche/FirmNetworks/matlab> was used as the working directory.
Started at Sun Feb 21 19:19:00 2010
Results reported at Mon Feb 22 02:56:17 2010

Your job looked like:

------------------------------------------------------------
# LSBATCH: User input
matlab -nodisplay -nojvm -nosplash -r nw_stats
------------------------------------------------------------

Successfully completed.

Resource usage summary:

    CPU time   :  27377.46 sec.
    Max Memory :      2036 MB
    Max Swap   :      8773 MB

    Max Processes  :         6
    Max Threads    :        33

The output (if any) follows:

Your home directory for this job is /netscr/jabloche

                            < M A T L A B (R) >
                  Copyright 1984-2009 The MathWorks, Inc.
                Version 7.9.0.529 (R2009b) 64-bit (glnxa64)
                              August 12, 2009

 
  To get started, type one of these: helpwin, helpdesk, or demo.
  For product information, visit www.mathworks.com.
 
Begin Matrix Statistics for type_data: bool_blk
Reading Saved Matrix and Returning Adjacency Matrix: loadAdjMat
loadAdjMat Done. data_type_index:blk_bool_51
running matrix statistics functions
Completed getNetworkProfile
Time Elapsed is 2 seconds.
Now getting components
Done. Computed connected components. Saving output
Time Elapsed is 0.51643 seconds
Number of Connected Components: 1
Time Elapsed is 0.5815 seconds
Size of Giant Component: 5436
Ratio of Size of Giant Component to whole Matrix: 0.78261
Ratio of Isolates to whole Matrix: 0.21739
Time Elapsed is 2 seconds.
pearson_r: 0.00023536
Time Elapsed is 0.70822 seconds
Density of Cluster: 0.21383
Time Elapsed is 0.82503 seconds
Diameter of Cluster: 4
Avg Path Length: 1.1023
Time Elapsed is 4 hours, 17 minutes, 18 seconds.
Computing Degree Distribution...
Done. Time Elapsed is 1 second.
Computing Centrality measures...Eigenvector
Done. Time Elapsed is 7 seconds.
Computing Centrality measures...Closeness
Done. Time Elapsed is 2 hours, 6 minutes, 39 seconds.
Computing Average neighbor degree
Time Elapsed is 5 minutes, 23 seconds.
Computing Centrality measures...Betweenness
Time Elapsed is 17 minutes, 45 seconds.
Computing Clustering Coefficents.
Time Elapsed is 2.1e-05 seconds
is Simple:1
is Connected:0
is Regular:0
is Tree:0
is Complete:0
Completed IS descriptions
Finished. Total Program Time Elapsed is 7 hours, 37 minutes, 3 seconds.
Your MATLAB session has timed out.  All license keys have been returned.
>> 