Sender: LSF System <lsfadmin@bc01-n10>
Subject: Job 624687[111]: <nw_stats[100-119]> Done

Job <nw_stats[100-119]> was submitted from host <bc14-n13> by user <jabloche> in cluster <lucky>.
Job was executed on host(s) <bc01-n10>, in queue <week>, as user <jabloche> in cluster <lucky>.
</afs/isis.unc.edu/home/j/a/jabloche> was used as the home directory.
</netscr/jabloche/FirmNetworks/matlab> was used as the working directory.
Started at Wed Mar  3 22:56:15 2010
Results reported at Thu Mar  4 05:46:17 2010

Your job looked like:

------------------------------------------------------------
# LSBATCH: User input
matlab -nodisplay -nojvm -nosplash -r nw_stats
------------------------------------------------------------

Successfully completed.

Resource usage summary:

    CPU time   :  24560.58 sec.
    Max Memory :      2719 MB
    Max Swap   :      9353 MB

    Max Processes  :         6
    Max Threads    :        33

The output (if any) follows:

Your home directory for this job is /netscr/jabloche

                            < M A T L A B (R) >
                  Copyright 1984-2009 The MathWorks, Inc.
                Version 7.9.0.529 (R2009b) 64-bit (glnxa64)
                              August 12, 2009

 
  To get started, type one of these: helpwin, helpdesk, or demo.
  For product information, visit www.mathworks.com.
 
Begin Matrix Statistics for type_data: bool_blk
Reading Saved Matrix and Returning Adjacency Matrix: loadAdjMat
loadAdjMat Done. data_type_index:blk_bool_111
running matrix statistics functions
Completed getNetworkProfile
Time Elapsed is 5 seconds.
is Simple:1
is Connected:0
is Regular:0
is Tree:0
is Complete:0
Completed IS descriptions
Now getting components
Done. Computed connected components. Saving output
Time Elapsed is 1 second.
Number of Connected Components: 2
Time Elapsed is 0.034811 seconds
Size of Giant Component: 7862
Ratio of Size of Giant Component to whole Matrix: 0.72474
Ratio of Isolates to whole Matrix: 0.27498
Time Elapsed is 4 seconds.
Computing Degree Correlation (Pearsons r) of Component
pearson_r: -0.034868
Done. Time Elapsed is 0.87543 seconds
Computing Link Density of Component
Density of Cluster: 0.26846
Done. Time Elapsed is 2 seconds.
Computing Shortest Paths - this will take a while, but only one time.
Diameter of Cluster: 4
Avg Path Length: 1.7657
Done. Time Elapsed is 2 hours, 9 minutes, 41 seconds.
Computing Degree Distribution...
Done. Time Elapsed is 4 seconds.
Computing Centrality measures...Eigenvector
Done. Time Elapsed is 39 seconds.
Computing Average neighbor degree
Done. Time Elapsed is 23 minutes, 7 seconds.
Computing Centrality measures...Betweenness
Done. Time Elapsed is 58 minutes, 35 seconds.
Computing Clustering Coefficents.
Done. Time Elapsed is 3 hours, 9 minutes, 11 seconds.
Finished. Total Program Time Elapsed is 6 hours, 49 minutes, 57 seconds.
Your MATLAB session has timed out.  All license keys have been returned.
>> 