Sender: LSF System <lsfadmin@bc16-n08>
Subject: Job 585536[53]: <nw_stats[53,58,64,71-75]> Done

Job <nw_stats[53,58,64,71-75]> was submitted from host <bc16-n13> by user <jabloche> in cluster <lucky>.
Job was executed on host(s) <bc16-n08>, in queue <week>, as user <jabloche> in cluster <lucky>.
</afs/isis.unc.edu/home/j/a/jabloche> was used as the home directory.
</netscr/jabloche/FirmNetworks/matlab> was used as the working directory.
Started at Tue Feb 23 14:09:37 2010
Results reported at Tue Feb 23 22:17:14 2010

Your job looked like:

------------------------------------------------------------
# LSBATCH: User input
matlab -nodisplay -nojvm -nosplash -r nw_stats
------------------------------------------------------------

Successfully completed.

Resource usage summary:

    CPU time   :  29136.22 sec.
    Max Memory :      2110 MB
    Max Swap   :      8797 MB

    Max Processes  :         6
    Max Threads    :        33

The output (if any) follows:

Your home directory for this job is /netscr/jabloche

                            < M A T L A B (R) >
                  Copyright 1984-2009 The MathWorks, Inc.
                Version 7.9.0.529 (R2009b) 64-bit (glnxa64)
                              August 12, 2009

 
  To get started, type one of these: helpwin, helpdesk, or demo.
  For product information, visit www.mathworks.com.
 
Begin Matrix Statistics for type_data: bool_blk
Reading Saved Matrix and Returning Adjacency Matrix: loadAdjMat
loadAdjMat Done. data_type_index:blk_bool_53
running matrix statistics functions
Completed getNetworkProfile
Time Elapsed is 2 seconds.
Now getting components
Done. Computed connected components. Saving output
Time Elapsed is 0.93414 seconds
Number of Connected Components: 1
Time Elapsed is 0.63063 seconds
Size of Giant Component: 5730
Ratio of Size of Giant Component to whole Matrix: 0.80241
Ratio of Isolates to whole Matrix: 0.19759
Time Elapsed is 2 seconds.
pearson_r: 0.0020976
Time Elapsed is 0.23911 seconds
Density of Cluster: 0.20456
Time Elapsed is 1 second.
Diameter of Cluster: 4
Avg Path Length: 1.1649
Time Elapsed is 4 hours, 35 minutes, 16 seconds.
Computing Degree Distribution...
Done. Time Elapsed is 1 second.
Computing Centrality measures...Eigenvector
Done. Time Elapsed is 6 seconds.
Computing Centrality measures...Closeness
Done. Time Elapsed is 2 hours, 15 minutes, 29 seconds.
Computing Average neighbor degree
Time Elapsed is 5 minutes, 25 seconds.
Computing Centrality measures...Betweenness
Time Elapsed is 19 minutes, 11 seconds.
Computing Clustering Coefficents.
Time Elapsed is 2.1e-05 seconds
is Simple:1
is Connected:0
is Regular:0
is Tree:0
is Complete:0
Completed IS descriptions
Finished. Total Program Time Elapsed is 8 hours, 7 minutes, 29 seconds.
Your MATLAB session has timed out.  All license keys have been returned.
>> 