Sender: LSF System <lsfadmin@bc02-n10>
Subject: Job 624082[17]: <nw_stats[1-20]> Exited

Job <nw_stats[1-20]> was submitted from host <bc09-n13> by user <jabloche> in cluster <lucky>.
Job was executed on host(s) <bc02-n10>, in queue <week>, as user <jabloche> in cluster <lucky>.
</afs/isis.unc.edu/home/j/a/jabloche> was used as the home directory.
</netscr/jabloche/FirmNetworks/matlab> was used as the working directory.
Started at Wed Mar  3 17:58:36 2010
Results reported at Wed Mar  3 18:20:48 2010

Your job looked like:

------------------------------------------------------------
# LSBATCH: User input
matlab -nodisplay -nojvm -nosplash -r nw_stats
------------------------------------------------------------

Exited with exit code 1.

Resource usage summary:

    CPU time   :   1330.75 sec.
    Max Memory :       274 MB
    Max Swap   :      6877 MB

    Max Processes  :         6
    Max Threads    :        33

The output (if any) follows:

Your home directory for this job is /netscr/jabloche

                            < M A T L A B (R) >
                  Copyright 1984-2009 The MathWorks, Inc.
                Version 7.9.0.529 (R2009b) 64-bit (glnxa64)
                              August 12, 2009

 
  To get started, type one of these: helpwin, helpdesk, or demo.
  For product information, visit www.mathworks.com.
 
Begin Matrix Statistics for type_data: bool_blk
Reading Saved Matrix and Returning Adjacency Matrix: loadAdjMat
loadAdjMat Done. data_type_index:blk_bool_17
running matrix statistics functions
Completed getNetworkProfile
Time Elapsed is 0.70455 seconds
is Simple:1
is Connected:0
is Regular:0
is Tree:0
is Complete:0
Completed IS descriptions
Now getting components
Done. Computed connected components. Saving output
Time Elapsed is 0.11706 seconds
Number of Connected Components: 2
Time Elapsed is 0.007264 seconds
Size of Giant Component: 3910
Ratio of Size of Giant Component to whole Matrix: 0.74976
Ratio of Isolates to whole Matrix: 0.24986
Time Elapsed is 0.48776 seconds
Computing Degree Correlation (Pearsons r) of Component
pearson_r: 0.014428
Done. Time Elapsed is 0.12061 seconds
Computing Link Density of Component
Density of Cluster: 0.1197
Done. Time Elapsed is 0.23741 seconds
Computing Shortest Paths - this will take a while, but only one time.
Diameter of Cluster: 4
Avg Path Length: 1.9212
Done. Time Elapsed is 14 minutes, 55 seconds.
Computing Degree Distribution...
Done. Time Elapsed is 0.33357 seconds
Computing Centrality measures...Eigenvector
Done. Time Elapsed is 1 second.
Computing Average neighbor degree
Done. Time Elapsed is 45 seconds.
Computing Centrality measures...Betweenness
Done. Time Elapsed is 2 minutes, 27 seconds.
Computing Clustering Coefficents.
Done. Time Elapsed is 3 minutes, 38 seconds.
Finished. Total Program Time Elapsed is 22 minutes, 8 seconds.
{Warning:
Connection to the X11 Display Server (bc09-n13.isis.unc.edu:15.0) has been
lost.
No more graphics windows can no longer be displayed in this session.
Graphics Objects can still be printed, and all commands should still work.
We recommend that you try to save your current session and exit} 
