Sender: LSF System <lsfadmin@bc01-n13>
Subject: Job 634779[4]: <nw_stats[2-10]> Done

Job <nw_stats[2-10]> was submitted from host <bc13-n13> by user <jabloche> in cluster <lucky>.
Job was executed on host(s) <bc01-n13>, in queue <week>, as user <jabloche> in cluster <lucky>.
</afs/isis.unc.edu/home/j/a/jabloche> was used as the home directory.
</netscr/jabloche/FirmNetworks/matlab> was used as the working directory.
Started at Fri Mar  5 07:29:01 2010
Results reported at Fri Mar  5 08:09:35 2010

Your job looked like:

------------------------------------------------------------
# LSBATCH: User input
matlab -nodisplay -nojvm -nosplash -r nw_stats
------------------------------------------------------------

Successfully completed.

Resource usage summary:

    CPU time   :   2433.25 sec.
    Max Memory :      8081 MB
    Max Swap   :     12509 MB

    Max Processes  :         6
    Max Threads    :        33

The output (if any) follows:

Your home directory for this job is /netscr/jabloche

                            < M A T L A B (R) >
                  Copyright 1984-2009 The MathWorks, Inc.
                Version 7.9.0.529 (R2009b) 64-bit (glnxa64)
                              August 12, 2009

 
  To get started, type one of these: helpwin, helpdesk, or demo.
  For product information, visit www.mathworks.com.
 
Begin Matrix Statistics for type_data: bool_cor
Reading Saved Matrix and Returning Adjacency Matrix: loadAdjMat
loadAdjMat Done. data_type_index:cor_bool_4
running matrix statistics functions
Completed getNetworkProfile
Time Elapsed is 10 seconds.
is Simple:1
is Connected:0
is Regular:0
is Tree:0
is Complete:0
Completed IS descriptions
Now getting components
Done. Computed connected components. Saving output
Time Elapsed is 0.25048 seconds
Number of Connected Components: 1
Time Elapsed is 0.025866 seconds
Size of Giant Component: 4643
Ratio of Size of Giant Component to whole Matrix: 0.1896
Ratio of Isolates to whole Matrix: 0.8104
Time Elapsed is 5 seconds.
Computing Degree Correlation (Pearsons r) of Component
pearson_r: 0.21469
Done. Time Elapsed is 0.642 seconds
Computing Link Density of Component
Density of Cluster: 0.12423
Done. Time Elapsed is 0.35939 seconds
Computing Shortest Paths - this will take a while, but only one time.
Diameter of Cluster: 3
Avg Path Length: 1.8956
Done. Time Elapsed is 25 minutes, 38 seconds.
Computing Degree Distribution...
Done. Time Elapsed is 0.51266 seconds
Computing Centrality measures...Eigenvector
Done. Time Elapsed is 30 seconds.
Computing Average neighbor degree
Done. Time Elapsed is 1 minute, 28 seconds.
Computing Centrality measures...Betweenness
Done. Time Elapsed is 4 minutes, 34 seconds.
Computing Clustering Coefficents.
Done. Time Elapsed is 5 minutes, 27 seconds.
Finished. Total Program Time Elapsed is 40 minutes, 29 seconds.
>> Sender: LSF System <lsfadmin@bc02-n08>
Subject: Job 644192[4]: <nw_stats[2-39]> Done

Job <nw_stats[2-39]> was submitted from host <bc13-n13> by user <jabloche> in cluster <lucky>.
Job was executed on host(s) <bc02-n08>, in queue <week>, as user <jabloche> in cluster <lucky>.
</afs/isis.unc.edu/home/j/a/jabloche> was used as the home directory.
</netscr/jabloche/FirmNetworks/matlab> was used as the working directory.
Started at Sat Mar  6 23:39:12 2010
Results reported at Sun Mar  7 00:21:28 2010

Your job looked like:

------------------------------------------------------------
# LSBATCH: User input
matlab -nodisplay -nojvm -nosplash -r nw_stats
------------------------------------------------------------

Successfully completed.

Resource usage summary:

    CPU time   :   2536.15 sec.
    Max Memory :      8116 MB
    Max Swap   :     16453 MB

    Max Processes  :         6
    Max Threads    :        33

The output (if any) follows:

Your home directory for this job is /netscr/jabloche

                            < M A T L A B (R) >
                  Copyright 1984-2009 The MathWorks, Inc.
                Version 7.9.0.529 (R2009b) 64-bit (glnxa64)
                              August 12, 2009

 
  To get started, type one of these: helpwin, helpdesk, or demo.
  For product information, visit www.mathworks.com.
 
Begin Matrix Statistics for type_data: bool_cor
Reading Saved Matrix and Returning Adjacency Matrix: loadAdjMat
loadAdjMat Done. data_type_index:cor_bool_4
running matrix statistics functions
Completed getNetworkProfile
Time Elapsed is 15 seconds.
is Simple:1
is Connected:0
is Regular:0
is Tree:0
is Complete:0
Completed IS descriptions
Now getting components
Done. Computed connected components. Saving output
Time Elapsed is 0.26501 seconds
Number of Connected Components: 1
Time Elapsed is 0.01097 seconds
Size of Giant Component: 4643
Ratio of Size of Giant Component to whole Matrix: 0.1896
Ratio of Isolates to whole Matrix: 0.8104
Time Elapsed is 8 seconds.
Computing Degree Correlation (Pearsons r) of Component
pearson_r: 0.21469
Done. Time Elapsed is 1 second.
Computing Link Density of Component
Density of Cluster: 0.12423
Done. Time Elapsed is 0.45152 seconds
Computing Shortest Paths - this will take a while, but only one time.
Diameter of Cluster: 3
Avg Path Length: 1.8956
Done. Time Elapsed is 26 minutes, 6 seconds.
Computing Degree Distribution...
Done. Time Elapsed is 0.54653 seconds
Computing Centrality measures...Eigenvector
Done. Time Elapsed is 28 seconds.
Computing Average neighbor degree
Done. Time Elapsed is 1 minute, 38 seconds.
Computing Centrality measures...Betweenness
Done. Time Elapsed is 4 minutes, 38 seconds.
Computing Clustering Coefficents.
Done. Time Elapsed is 5 minutes, 24 seconds.
Finished. Total Program Time Elapsed is 42 minutes, 13 seconds.
>> 