Sender: LSF System <lsfadmin@bc02-n08>
Subject: Job 644037[68]: <nw_stats[73,40-69]> Done

Job <nw_stats[73,40-69]> was submitted from host <bc13-n13> by user <jabloche> in cluster <lucky>.
Job was executed on host(s) <bc02-n08>, in queue <week>, as user <jabloche> in cluster <lucky>.
</afs/isis.unc.edu/home/j/a/jabloche> was used as the home directory.
</netscr/jabloche/FirmNetworks/matlab> was used as the working directory.
Started at Sat Mar  6 23:00:06 2010
Results reported at Sat Mar  6 23:43:45 2010

Your job looked like:

------------------------------------------------------------
# LSBATCH: User input
matlab -nodisplay -nojvm -nosplash -r nw_stats
------------------------------------------------------------

Successfully completed.

Resource usage summary:

    CPU time   :   2614.97 sec.
    Max Memory :      8730 MB
    Max Swap   :     16482 MB

    Max Processes  :         6
    Max Threads    :        33

The output (if any) follows:

Your home directory for this job is /netscr/jabloche

                            < M A T L A B (R) >
                  Copyright 1984-2009 The MathWorks, Inc.
                Version 7.9.0.529 (R2009b) 64-bit (glnxa64)
                              August 12, 2009

 
  To get started, type one of these: helpwin, helpdesk, or demo.
  For product information, visit www.mathworks.com.
 
Begin Matrix Statistics for type_data: bool_cor
Reading Saved Matrix and Returning Adjacency Matrix: loadAdjMat
loadAdjMat Done. data_type_index:cor_bool_68
running matrix statistics functions
Completed getNetworkProfile
Time Elapsed is 24 seconds.
is Simple:1
is Connected:0
is Regular:0
is Tree:0
is Complete:0
Completed IS descriptions
Now getting components
Done. Computed connected components. Saving output
Time Elapsed is 0.60491 seconds
Number of Connected Components: 1
Time Elapsed is 0.016789 seconds
Size of Giant Component: 8711
Ratio of Size of Giant Component to whole Matrix: 0.35571
Ratio of Isolates to whole Matrix: 0.64429
Time Elapsed is 13 seconds.
Computing Degree Correlation (Pearsons r) of Component
pearson_r: 0.32986
Done. Time Elapsed is 1 second.
Computing Link Density of Component
Density of Cluster: 0.040303
Done. Time Elapsed is 2 seconds.
Computing Shortest Paths - this will take a while, but only one time.
Diameter of Cluster: 3
Avg Path Length: 1.987
Done. Time Elapsed is 22 minutes, 11 seconds.
Computing Degree Distribution...
Done. Time Elapsed is 1 second.
Computing Centrality measures...Eigenvector
Done. Time Elapsed is 3 seconds.
Computing Average neighbor degree
Done. Time Elapsed is 3 minutes, 3 seconds.
Computing Centrality measures...Betweenness
Done. Time Elapsed is 9 minutes, 47 seconds.
Computing Clustering Coefficents.
Done. Time Elapsed is 1 minute, 50 seconds.
Finished. Total Program Time Elapsed is 43 minutes, 31 seconds.
>> 