Sender: LSF System <lsfadmin@bc16-n01>
Subject: Job 585536[64]: <nw_stats[53,58,64,71-75]> Done

Job <nw_stats[53,58,64,71-75]> was submitted from host <bc16-n13> by user <jabloche> in cluster <lucky>.
Job was executed on host(s) <bc16-n01>, in queue <week>, as user <jabloche> in cluster <lucky>.
</afs/isis.unc.edu/home/j/a/jabloche> was used as the home directory.
</netscr/jabloche/FirmNetworks/matlab> was used as the working directory.
Started at Tue Feb 23 14:09:37 2010
Results reported at Wed Feb 24 09:48:21 2010

Your job looked like:

------------------------------------------------------------
# LSBATCH: User input
matlab -nodisplay -nojvm -nosplash -r nw_stats
------------------------------------------------------------

Successfully completed.

Resource usage summary:

    CPU time   :  66538.17 sec.
    Max Memory :      3626 MB
    Max Swap   :     10235 MB

    Max Processes  :         6
    Max Threads    :        33

The output (if any) follows:

Your home directory for this job is /netscr/jabloche

                            < M A T L A B (R) >
                  Copyright 1984-2009 The MathWorks, Inc.
                Version 7.9.0.529 (R2009b) 64-bit (glnxa64)
                              August 12, 2009

 
  To get started, type one of these: helpwin, helpdesk, or demo.
  For product information, visit www.mathworks.com.
 
Begin Matrix Statistics for type_data: bool_blk
Reading Saved Matrix and Returning Adjacency Matrix: loadAdjMat
loadAdjMat Done. data_type_index:blk_bool_64
running matrix statistics functions
Completed getNetworkProfile
Time Elapsed is 4 seconds.
Now getting components
Done. Computed connected components. Saving output
Time Elapsed is 0.90091 seconds
Number of Connected Components: 1
Time Elapsed is 0.87848 seconds
Size of Giant Component: 7484
Ratio of Size of Giant Component to whole Matrix: 0.79532
Ratio of Isolates to whole Matrix: 0.20468
Time Elapsed is 3 seconds.
pearson_r: -0.017941
Time Elapsed is 2 seconds.
Density of Cluster: 0.19753
Time Elapsed is 2 seconds.
Diameter of Cluster: 4
Avg Path Length: 1.152
Time Elapsed is 11 hours, 37 minutes, 21 seconds.
Computing Degree Distribution...
Done. Time Elapsed is 3 seconds.
Computing Centrality measures...Eigenvector
Done. Time Elapsed is 12 seconds.
Computing Centrality measures...Closeness
Done. Time Elapsed is 5 hours, 12 minutes, 49 seconds.
Computing Average neighbor degree
Time Elapsed is 12 minutes, 2 seconds.
Computing Centrality measures...Betweenness
Time Elapsed is 41 minutes, 55 seconds.
Computing Clustering Coefficents.
Time Elapsed is 1.7e-05 seconds
is Simple:1
is Connected:0
is Regular:0
is Tree:0
is Complete:0
Completed IS descriptions
Finished. Total Program Time Elapsed is 19 hours, 38 minutes, 35 seconds.
Your MATLAB session has timed out.  All license keys have been returned.
>> 