Sender: LSF System <lsfadmin@bc01-n08>
Subject: Job 564062[13]: <nw_stats[3-50]> Done

Job <nw_stats[3-50]> was submitted from host <bc16-n13> by user <jabloche> in cluster <lucky>.
Job was executed on host(s) <bc01-n08>, in queue <week>, as user <jabloche> in cluster <lucky>.
</afs/isis.unc.edu/home/j/a/jabloche> was used as the home directory.
</netscr/jabloche/FirmNetworks/matlab> was used as the working directory.
Started at Fri Feb 19 09:46:22 2010
Results reported at Fri Feb 19 10:00:53 2010

Your job looked like:

------------------------------------------------------------
# LSBATCH: User input
matlab -nodisplay -nojvm -nosplash -r nw_stats
------------------------------------------------------------

Successfully completed.

Resource usage summary:

    CPU time   :    846.26 sec.
    Max Memory :       891 MB
    Max Swap   :      7494 MB

    Max Processes  :         6
    Max Threads    :        33

The output (if any) follows:

Your home directory for this job is /netscr/jabloche

                            < M A T L A B (R) >
                  Copyright 1984-2009 The MathWorks, Inc.
                Version 7.9.0.529 (R2009b) 64-bit (glnxa64)
                              August 12, 2009

 
  To get started, type one of these: helpwin, helpdesk, or demo.
  For product information, visit www.mathworks.com.
 
Begin Matrix Statistics for type_data: bool_blk
Reading Saved Matrix and Returning Adjacency Matrix: loadAdjMat
loadAdjMat Done. data_type_index:blk_bool_13
running matrix statistics functions
Completed getNetworkProfile
Time Elapsed is 0.50694 seconds
Now getting components
Done. Computed connected components. Saving output
Time Elapsed is 0.099623 seconds
Number of Connected Components: 1
Time Elapsed is 0.083214 seconds
Size of Giant Component: 3465
Ratio of Size of Giant Component to whole Matrix: 0.77447
Ratio of Isolates to whole Matrix: 0.22553
Time Elapsed is 0.33804 seconds
pearson_r: -0.0066825
Time Elapsed is 0.042149 seconds
Density of Cluster: 0.1136
Time Elapsed is 0.17719 seconds
Diameter of Cluster: 4
Avg Path Length: 1.158
Time Elapsed is 6 minutes, 30 seconds.
Computing Degree Distribution...
Done. Time Elapsed is 0.32864 seconds
Computing Centrality measures...Eigenvector
Done. Time Elapsed is 2 seconds.
Computing Centrality measures...Closeness
Done. Time Elapsed is 2 minutes, 53 seconds.
Computing Average neighbor degree
Time Elapsed is 39 seconds.
Computing Centrality measures...Betweenness
Time Elapsed is 1 minute, 38 seconds.
Computing Clustering Coefficents.
Time Elapsed is 1.5e-05 seconds
is Simple:1
is Connected:0
is Regular:0
is Tree:0
is Complete:0
Completed IS descriptions
Finished. Total Program Time Elapsed is 14 minutes, 9 seconds.
>> 