Sender: LSF System <lsfadmin@bc02-n11>
Subject: Job 634779[3]: <nw_stats[2-10]> Done

Job <nw_stats[2-10]> was submitted from host <bc13-n13> by user <jabloche> in cluster <lucky>.
Job was executed on host(s) <bc02-n11>, in queue <week>, as user <jabloche> in cluster <lucky>.
</afs/isis.unc.edu/home/j/a/jabloche> was used as the home directory.
</netscr/jabloche/FirmNetworks/matlab> was used as the working directory.
Started at Fri Mar  5 07:28:03 2010
Results reported at Fri Mar  5 08:04:11 2010

Your job looked like:

------------------------------------------------------------
# LSBATCH: User input
matlab -nodisplay -nojvm -nosplash -r nw_stats
------------------------------------------------------------

Successfully completed.

Resource usage summary:

    CPU time   :   2164.91 sec.
    Max Memory :      7066 MB
    Max Swap   :     16446 MB

    Max Processes  :         6
    Max Threads    :        33

The output (if any) follows:

Your home directory for this job is /netscr/jabloche

                            < M A T L A B (R) >
                  Copyright 1984-2009 The MathWorks, Inc.
                Version 7.9.0.529 (R2009b) 64-bit (glnxa64)
                              August 12, 2009

 
  To get started, type one of these: helpwin, helpdesk, or demo.
  For product information, visit www.mathworks.com.
 
Begin Matrix Statistics for type_data: bool_cor
Reading Saved Matrix and Returning Adjacency Matrix: loadAdjMat
loadAdjMat Done. data_type_index:cor_bool_3
running matrix statistics functions
Completed getNetworkProfile
Time Elapsed is 10 seconds.
is Simple:1
is Connected:0
is Regular:0
is Tree:0
is Complete:0
Completed IS descriptions
Now getting components
Done. Computed connected components. Saving output
Time Elapsed is 0.16111 seconds
Number of Connected Components: 1
Time Elapsed is 0.024723 seconds
Size of Giant Component: 4580
Ratio of Size of Giant Component to whole Matrix: 0.18702
Ratio of Isolates to whole Matrix: 0.81298
Time Elapsed is 5 seconds.
Computing Degree Correlation (Pearsons r) of Component
pearson_r: 0.24821
Done. Time Elapsed is 1 second.
Computing Link Density of Component
Density of Cluster: 0.104
Done. Time Elapsed is 0.61958 seconds
Computing Shortest Paths - this will take a while, but only one time.
Diameter of Cluster: 3
Avg Path Length: 1.9212
Done. Time Elapsed is 24 minutes, 38 seconds.
Computing Degree Distribution...
Done. Time Elapsed is 0.43705 seconds
Computing Centrality measures...Eigenvector
Done. Time Elapsed is 36 seconds.
Computing Average neighbor degree
Done. Time Elapsed is 1 minute, 10 seconds.
Computing Centrality measures...Betweenness
Done. Time Elapsed is 3 minutes, 36 seconds.
Computing Clustering Coefficents.
Done. Time Elapsed is 3 minutes, 37 seconds.
Finished. Total Program Time Elapsed is 36 minutes, 3 seconds.
>> Sender: LSF System <lsfadmin@bc02-n12>
Subject: Job 644192[3]: <nw_stats[2-39]> Done

Job <nw_stats[2-39]> was submitted from host <bc13-n13> by user <jabloche> in cluster <lucky>.
Job was executed on host(s) <bc02-n12>, in queue <week>, as user <jabloche> in cluster <lucky>.
</afs/isis.unc.edu/home/j/a/jabloche> was used as the home directory.
</netscr/jabloche/FirmNetworks/matlab> was used as the working directory.
Started at Sat Mar  6 23:38:56 2010
Results reported at Sun Mar  7 00:14:40 2010

Your job looked like:

------------------------------------------------------------
# LSBATCH: User input
matlab -nodisplay -nojvm -nosplash -r nw_stats
------------------------------------------------------------

Successfully completed.

Resource usage summary:

    CPU time   :   2153.01 sec.
    Max Memory :      7776 MB
    Max Swap   :     12426 MB

    Max Processes  :         6
    Max Threads    :        33

The output (if any) follows:

Your home directory for this job is /netscr/jabloche

                            < M A T L A B (R) >
                  Copyright 1984-2009 The MathWorks, Inc.
                Version 7.9.0.529 (R2009b) 64-bit (glnxa64)
                              August 12, 2009

 
  To get started, type one of these: helpwin, helpdesk, or demo.
  For product information, visit www.mathworks.com.
 
Begin Matrix Statistics for type_data: bool_cor
Reading Saved Matrix and Returning Adjacency Matrix: loadAdjMat
loadAdjMat Done. data_type_index:cor_bool_3
running matrix statistics functions
Completed getNetworkProfile
Time Elapsed is 9 seconds.
is Simple:1
is Connected:0
is Regular:0
is Tree:0
is Complete:0
Completed IS descriptions
Now getting components
Done. Computed connected components. Saving output
Time Elapsed is 0.16696 seconds
Number of Connected Components: 1
Time Elapsed is 0.012301 seconds
Size of Giant Component: 4580
Ratio of Size of Giant Component to whole Matrix: 0.18702
Ratio of Isolates to whole Matrix: 0.81298
Time Elapsed is 5 seconds.
Computing Degree Correlation (Pearsons r) of Component
pearson_r: 0.24821
Done. Time Elapsed is 0.49754 seconds
Computing Link Density of Component
Density of Cluster: 0.104
Done. Time Elapsed is 0.32398 seconds
Computing Shortest Paths - this will take a while, but only one time.
Diameter of Cluster: 3
Avg Path Length: 1.9212
Done. Time Elapsed is 24 minutes, 39 seconds.
Computing Degree Distribution...
Done. Time Elapsed is 0.45332 seconds
Computing Centrality measures...Eigenvector
Done. Time Elapsed is 22 seconds.
Computing Average neighbor degree
Done. Time Elapsed is 1 minute, 11 seconds.
Computing Centrality measures...Betweenness
Done. Time Elapsed is 3 minutes, 37 seconds.
Computing Clustering Coefficents.
Done. Time Elapsed is 3 minutes, 36 seconds.
Finished. Total Program Time Elapsed is 35 minutes, 41 seconds.
>> 