Sender: LSF System <lsfadmin@bc02-n14>
Subject: Job 637205[103]: <nw_stats[100-109]> Done

Job <nw_stats[100-109]> was submitted from host <bc13-n13> by user <jabloche> in cluster <lucky>.
Job was executed on host(s) <bc02-n14>, in queue <week>, as user <jabloche> in cluster <lucky>.
</afs/isis.unc.edu/home/j/a/jabloche> was used as the home directory.
</netscr/jabloche/FirmNetworks/matlab> was used as the working directory.
Started at Fri Mar  5 17:45:37 2010
Results reported at Fri Mar  5 19:54:49 2010

Your job looked like:

------------------------------------------------------------
# LSBATCH: User input
matlab -nodisplay -nojvm -nosplash -r nw_stats
------------------------------------------------------------

Successfully completed.

Resource usage summary:

    CPU time   :   7719.79 sec.
    Max Memory :      9264 MB
    Max Swap   :     12588 MB

    Max Processes  :         6
    Max Threads    :        33

The output (if any) follows:

Your home directory for this job is /netscr/jabloche

                            < M A T L A B (R) >
                  Copyright 1984-2009 The MathWorks, Inc.
                Version 7.9.0.529 (R2009b) 64-bit (glnxa64)
                              August 12, 2009

 
  To get started, type one of these: helpwin, helpdesk, or demo.
  For product information, visit www.mathworks.com.
 
Begin Matrix Statistics for type_data: bool_cor
Reading Saved Matrix and Returning Adjacency Matrix: loadAdjMat
loadAdjMat Done. data_type_index:cor_bool_103
running matrix statistics functions
Completed getNetworkProfile
Time Elapsed is 10 seconds.
is Simple:1
is Connected:0
is Regular:0
is Tree:0
is Complete:0
Completed IS descriptions
Now getting components
Done. Computed connected components. Saving output
Time Elapsed is 0.50249 seconds
Number of Connected Components: 1
Time Elapsed is 0.03271 seconds
Size of Giant Component: 6606
Ratio of Size of Giant Component to whole Matrix: 0.26975
Ratio of Isolates to whole Matrix: 0.73025
Time Elapsed is 5 seconds.
Computing Degree Correlation (Pearsons r) of Component
pearson_r: 0.2249
Done. Time Elapsed is 0.51616 seconds
Computing Link Density of Component
Density of Cluster: 0.14011
Done. Time Elapsed is 0.79565 seconds
Computing Shortest Paths - this will take a while, but only one time.
Diameter of Cluster: 3
Avg Path Length: 1.8867
Done. Time Elapsed is 1 hour, 13 minutes, 23 seconds.
Computing Degree Distribution...
Done. Time Elapsed is 1 second.
Computing Centrality measures...Eigenvector
Done. Time Elapsed is 31 seconds.
Computing Average neighbor degree
Done. Time Elapsed is 4 minutes, 34 seconds.
Computing Centrality measures...Betweenness
Done. Time Elapsed is 14 minutes, 23 seconds.
Computing Clustering Coefficents.
Done. Time Elapsed is 30 minutes, 5 seconds.
Finished. Total Program Time Elapsed is 2 hours, 8 minutes, 49 seconds.
>> 