Sender: LSF System <lsfadmin@bc01-n02>
Subject: Job 583054[112]: <nw_stats[100-115]> Done

Job <nw_stats[100-115]> was submitted from host <bc16-n13> by user <jabloche> in cluster <lucky>.
Job was executed on host(s) <bc01-n02>, in queue <week>, as user <jabloche> in cluster <lucky>.
</afs/isis.unc.edu/home/j/a/jabloche> was used as the home directory.
</netscr/jabloche/FirmNetworks/matlab> was used as the working directory.
Started at Sun Feb 21 19:19:48 2010
Results reported at Mon Feb 22 19:17:05 2010

Your job looked like:

------------------------------------------------------------
# LSBATCH: User input
matlab -nodisplay -nojvm -nosplash -r nw_stats
------------------------------------------------------------

Successfully completed.

Resource usage summary:

    CPU time   :  86018.31 sec.
    Max Memory :      5211 MB
    Max Swap   :     11815 MB

    Max Processes  :         6
    Max Threads    :        33

The output (if any) follows:

Your home directory for this job is /netscr/jabloche

                            < M A T L A B (R) >
                  Copyright 1984-2009 The MathWorks, Inc.
                Version 7.9.0.529 (R2009b) 64-bit (glnxa64)
                              August 12, 2009

 
  To get started, type one of these: helpwin, helpdesk, or demo.
  For product information, visit www.mathworks.com.
 
Begin Matrix Statistics for type_data: bool_blk
Reading Saved Matrix and Returning Adjacency Matrix: loadAdjMat
loadAdjMat Done. data_type_index:blk_bool_112
running matrix statistics functions
Completed getNetworkProfile
Time Elapsed is 10 seconds.
Now getting components
Done. Computed connected components. Saving output
Time Elapsed is 3 seconds.
Number of Connected Components: 1
Time Elapsed is 3 seconds.
Size of Giant Component: 7920
Ratio of Size of Giant Component to whole Matrix: 0.71876
Ratio of Isolates to whole Matrix: 0.28124
Time Elapsed is 8 seconds.
pearson_r: -0.039906
Time Elapsed is 2 seconds.
Density of Cluster: 0.26591
Time Elapsed is 3 seconds.
Diameter of Cluster: 4
Avg Path Length: 0.91207
Time Elapsed is 12 hours, 16 minutes, 11 seconds.
Computing Degree Distribution...
Done. Time Elapsed is 6 seconds.
Computing Centrality measures...Eigenvector
Done. Time Elapsed is 50 seconds.
Computing Centrality measures...Closeness
Done. Time Elapsed is 6 hours, 3 minutes, 45 seconds.
Computing Average neighbor degree
Time Elapsed is 47 minutes, 22 seconds.
Computing Centrality measures...Betweenness
Time Elapsed is 1 hour, 21 minutes, 51 seconds.
Computing Clustering Coefficents.
Time Elapsed is 1.8e-05 seconds
is Simple:1
is Connected:0
is Regular:0
is Tree:0
is Complete:0
Completed IS descriptions
Finished. Total Program Time Elapsed is 23 hours, 57 minutes, 12 seconds.
Your MATLAB session has timed out.  All license keys have been returned.
>> 