Sender: LSF System <lsfadmin@bc16-n06>
Subject: Job 583055[70]: <nw_stats[29,51-75]> Exited

Job <nw_stats[29,51-75]> was submitted from host <bc16-n13> by user <jabloche> in cluster <lucky>.
Job was executed on host(s) <bc16-n06>, in queue <week>, as user <jabloche> in cluster <lucky>.
</afs/isis.unc.edu/home/j/a/jabloche> was used as the home directory.
</netscr/jabloche/FirmNetworks/matlab> was used as the working directory.
Started at Sun Feb 21 23:59:16 2010
Results reported at Tue Feb 23 01:52:14 2010

Your job looked like:

------------------------------------------------------------
# LSBATCH: User input
matlab -nodisplay -nojvm -nosplash -r nw_stats
------------------------------------------------------------

Exited with exit code 1.

Resource usage summary:

    CPU time   :  93077.12 sec.
    Max Memory :      4509 MB
    Max Swap   :     11183 MB

    Max Processes  :         6
    Max Threads    :        33

The output (if any) follows:

Your home directory for this job is /netscr/jabloche

                            < M A T L A B (R) >
                  Copyright 1984-2009 The MathWorks, Inc.
                Version 7.9.0.529 (R2009b) 64-bit (glnxa64)
                              August 12, 2009

 
  To get started, type one of these: helpwin, helpdesk, or demo.
  For product information, visit www.mathworks.com.
 
Begin Matrix Statistics for type_data: bool_blk
Reading Saved Matrix and Returning Adjacency Matrix: loadAdjMat
loadAdjMat Done. data_type_index:blk_bool_70
running matrix statistics functions
Completed getNetworkProfile
Time Elapsed is 7 seconds.
Now getting components
Done. Computed connected components. Saving output
Time Elapsed is 2 seconds.
Number of Connected Components: 1
Time Elapsed is 1 second.
Size of Giant Component: 8187
Ratio of Size of Giant Component to whole Matrix: 0.77853
Ratio of Isolates to whole Matrix: 0.22147
Time Elapsed is 4 seconds.
pearson_r: -0.036634
Time Elapsed is 1 second.
Density of Cluster: 0.18499
Time Elapsed is 2 seconds.
Diameter of Cluster: 4
Avg Path Length: 1.1139
Time Elapsed is 15 hours, 18 minutes, 14 seconds.
Computing Degree Distribution...
Done. Time Elapsed is 4 seconds.
Computing Centrality measures...Eigenvector
Done. Time Elapsed is 18 seconds.
Computing Centrality measures...Closeness
Done. Time Elapsed is 7 hours, 14 minutes, 11 seconds.
Computing Average neighbor degree
Time Elapsed is 15 minutes, 2 seconds.
Computing Centrality measures...Betweenness
Time Elapsed is 50 minutes, 48 seconds.
Computing Clustering Coefficents.
Time Elapsed is 1.7e-05 seconds
is Simple:1
is Connected:0
is Regular:0
is Tree:0
is Complete:0
Completed IS descriptions
Finished. Total Program Time Elapsed is 1 day, 1 hour, 52 minutes, 53 seconds.
Your MATLAB session has timed out.  All license keys have been returned.
{Warning:
Connection to the X11 Display Server (bc16-n13.isis.unc.edu:12.0) has been
lost.
No more graphics windows can no longer be displayed in this session.
Graphics Objects can still be printed, and all commands should still work.
We recommend that you try to save your current session and exit} 
