Sender: LSF System <lsfadmin@bc14-n04>
Subject: Job 624127[41]: <nw_stats[21-50]> Exited

Job <nw_stats[21-50]> was submitted from host <bc09-n13> by user <jabloche> in cluster <lucky>.
Job was executed on host(s) <bc14-n04>, in queue <week>, as user <jabloche> in cluster <lucky>.
</afs/isis.unc.edu/home/j/a/jabloche> was used as the home directory.
</netscr/jabloche/FirmNetworks/matlab> was used as the working directory.
Started at Wed Mar  3 18:22:58 2010
Results reported at Wed Mar  3 20:13:36 2010

Your job looked like:

------------------------------------------------------------
# LSBATCH: User input
matlab -nodisplay -nojvm -nosplash -r nw_stats
------------------------------------------------------------

Exited with exit code 1.

Resource usage summary:

    CPU time   :   6644.76 sec.
    Max Memory :       620 MB
    Max Swap   :      7557 MB

    Max Processes  :         6
    Max Threads    :        33

The output (if any) follows:

Your home directory for this job is /netscr/jabloche

                            < M A T L A B (R) >
                  Copyright 1984-2009 The MathWorks, Inc.
                Version 7.9.0.529 (R2009b) 64-bit (glnxa64)
                              August 12, 2009

 
  To get started, type one of these: helpwin, helpdesk, or demo.
  For product information, visit www.mathworks.com.
 
Begin Matrix Statistics for type_data: bool_blk
Reading Saved Matrix and Returning Adjacency Matrix: loadAdjMat
loadAdjMat Done. data_type_index:blk_bool_41
running matrix statistics functions
Completed getNetworkProfile
Time Elapsed is 2 seconds.
is Simple:1
is Connected:0
is Regular:0
is Tree:0
is Complete:0
Completed IS descriptions
Now getting components
Done. Computed connected components. Saving output
Time Elapsed is 0.50899 seconds
Number of Connected Components: 1
Time Elapsed is 0.025033 seconds
Size of Giant Component: 5125
Ratio of Size of Giant Component to whole Matrix: 0.79891
Ratio of Isolates to whole Matrix: 0.20109
Time Elapsed is 2 seconds.
Computing Degree Correlation (Pearsons r) of Component
pearson_r: 0.013563
Done. Time Elapsed is 0.2667 seconds
Computing Link Density of Component
Density of Cluster: 0.19513
Done. Time Elapsed is 0.87018 seconds
Computing Shortest Paths - this will take a while, but only one time.
Diameter of Cluster: 4
Avg Path Length: 1.8222
Done. Time Elapsed is 53 minutes, 34 seconds.
Computing Degree Distribution...
Done. Time Elapsed is 1 second.
Computing Centrality measures...Eigenvector
Done. Time Elapsed is 4 seconds.
Computing Average neighbor degree
Done. Time Elapsed is 3 minutes, 53 seconds.
Computing Centrality measures...Betweenness
Done. Time Elapsed is 14 minutes, 54 seconds.
Computing Clustering Coefficents.
Done. Time Elapsed is 36 minutes, 26 seconds.
Finished. Total Program Time Elapsed is 1 hour, 50 minutes, 34 seconds.
{Warning:
Connection to the X11 Display Server (bc09-n13.isis.unc.edu:15.0) has been
lost.
No more graphics windows can no longer be displayed in this session.
Graphics Objects can still be printed, and all commands should still work.
We recommend that you try to save your current session and exit} 
