Sender: LSF System <lsfadmin@bc01-n10>
Subject: Job 635798[110]: <nw_stats[110-116]> Exited

Job <nw_stats[110-116]> was submitted from host <bc13-n13> by user <jabloche> in cluster <lucky>.
Job was executed on host(s) <bc01-n10>, in queue <week>, as user <jabloche> in cluster <lucky>.
</afs/isis.unc.edu/home/j/a/jabloche> was used as the home directory.
</netscr/jabloche/FirmNetworks/matlab> was used as the working directory.
Started at Fri Mar  5 13:30:23 2010
Results reported at Fri Mar  5 13:30:24 2010

Your job looked like:

------------------------------------------------------------
# LSBATCH: User input
matlab -nodisplay -nojvm -nosplash -r nw_stats
------------------------------------------------------------

Exited with exit code 1.

Resource usage summary:

    CPU time   :      0.33 sec.
    Max Memory :         2 MB
    Max Swap   :        25 MB

    Max Processes  :         1
    Max Threads    :         1

The output (if any) follows:

Your home directory for this job is /netscr/jabloche
Sender: LSF System <lsfadmin@bc01-n09>
Subject: Job 635805[110]: <nw_stats[110-116]> Done

Job <nw_stats[110-116]> was submitted from host <bc13-n13> by user <jabloche> in cluster <lucky>.
Job was executed on host(s) <bc01-n09>, in queue <week>, as user <jabloche> in cluster <lucky>.
</afs/isis.unc.edu/home/j/a/jabloche> was used as the home directory.
</netscr/jabloche/FirmNetworks/matlab> was used as the working directory.
Started at Fri Mar  5 13:47:46 2010
Results reported at Fri Mar  5 17:11:53 2010

Your job looked like:

------------------------------------------------------------
# LSBATCH: User input
matlab -nodisplay -nojvm -nosplash -r nw_stats
------------------------------------------------------------

Successfully completed.

Resource usage summary:

    CPU time   :  12242.05 sec.
    Max Memory :      9510 MB
    Max Swap   :     12746 MB

    Max Processes  :         6
    Max Threads    :        33

The output (if any) follows:

Your home directory for this job is /netscr/jabloche

                            < M A T L A B (R) >
                  Copyright 1984-2009 The MathWorks, Inc.
                Version 7.9.0.529 (R2009b) 64-bit (glnxa64)
                              August 12, 2009

 
  To get started, type one of these: helpwin, helpdesk, or demo.
  For product information, visit www.mathworks.com.
 
Begin Matrix Statistics for type_data: bool_cor
Reading Saved Matrix and Returning Adjacency Matrix: loadAdjMat
loadAdjMat Done. data_type_index:cor_bool_110
running matrix statistics functions
Completed getNetworkProfile
Time Elapsed is 12 seconds.
is Simple:1
is Connected:0
is Regular:0
is Tree:0
is Complete:0
Completed IS descriptions
Now getting components
Done. Computed connected components. Saving output
Time Elapsed is 0.85744 seconds
Number of Connected Components: 1
Time Elapsed is 0.039278 seconds
Size of Giant Component: 6716
Ratio of Size of Giant Component to whole Matrix: 0.27425
Ratio of Isolates to whole Matrix: 0.72575
Time Elapsed is 7 seconds.
Computing Degree Correlation (Pearsons r) of Component
pearson_r: 0.064507
Done. Time Elapsed is 0.55011 seconds
Computing Link Density of Component
Density of Cluster: 0.22297
Done. Time Elapsed is 1 second.
Computing Shortest Paths - this will take a while, but only one time.
Diameter of Cluster: 3
Avg Path Length: 1.8011
Done. Time Elapsed is 1 hour, 19 minutes, 3 seconds.
Computing Degree Distribution...
Done. Time Elapsed is 2 seconds.
Computing Centrality measures...Eigenvector
Done. Time Elapsed is 21 seconds.
Computing Average neighbor degree
Done. Time Elapsed is 7 minutes, 58 seconds.
Computing Centrality measures...Betweenness
Done. Time Elapsed is 27 minutes, 35 seconds.
Computing Clustering Coefficents.
Done. Time Elapsed is 1 hour, 20 minutes, 19 seconds.
Finished. Total Program Time Elapsed is 3 hours, 23 minutes, 56 seconds.
>> 