Sender: LSF System <lsfadmin@bc02-n02>
Subject: Job 634779[10]: <nw_stats[2-10]> Done

Job <nw_stats[2-10]> was submitted from host <bc13-n13> by user <jabloche> in cluster <lucky>.
Job was executed on host(s) <bc02-n02>, in queue <week>, as user <jabloche> in cluster <lucky>.
</afs/isis.unc.edu/home/j/a/jabloche> was used as the home directory.
</netscr/jabloche/FirmNetworks/matlab> was used as the working directory.
Started at Fri Mar  5 08:19:35 2010
Results reported at Fri Mar  5 08:33:38 2010

Your job looked like:

------------------------------------------------------------
# LSBATCH: User input
matlab -nodisplay -nojvm -nosplash -r nw_stats
------------------------------------------------------------

Successfully completed.

Resource usage summary:

    CPU time   :    812.27 sec.
    Max Memory :      9117 MB
    Max Swap   :     12409 MB

    Max Processes  :         6
    Max Threads    :        33

The output (if any) follows:

Your home directory for this job is /netscr/jabloche

                            < M A T L A B (R) >
                  Copyright 1984-2009 The MathWorks, Inc.
                Version 7.9.0.529 (R2009b) 64-bit (glnxa64)
                              August 12, 2009

 
  To get started, type one of these: helpwin, helpdesk, or demo.
  For product information, visit www.mathworks.com.
 
Begin Matrix Statistics for type_data: bool_cor
Reading Saved Matrix and Returning Adjacency Matrix: loadAdjMat
loadAdjMat Done. data_type_index:cor_bool_10
running matrix statistics functions
Completed getNetworkProfile
Time Elapsed is 26 seconds.
is Simple:1
is Connected:0
is Regular:0
is Tree:0
is Complete:0
Completed IS descriptions
Now getting components
Done. Computed connected components. Saving output
Time Elapsed is 0.16983 seconds
Number of Connected Components: 1
Time Elapsed is 0.16127 seconds
Size of Giant Component: 5033
Ratio of Size of Giant Component to whole Matrix: 0.20552
Ratio of Isolates to whole Matrix: 0.79448
Time Elapsed is 5 seconds.
Computing Degree Correlation (Pearsons r) of Component
pearson_r: 0.30868
Done. Time Elapsed is 0.32194 seconds
Computing Link Density of Component
Density of Cluster: 0.066584
Done. Time Elapsed is 0.29586 seconds
Computing Shortest Paths - this will take a while, but only one time.
Diameter of Cluster: 3
Avg Path Length: 1.9726
Done. Time Elapsed is 5 minutes, 35 seconds.
Computing Degree Distribution...
Done. Time Elapsed is 0.51689 seconds
Computing Centrality measures...Eigenvector
Done. Time Elapsed is 27 seconds.
Computing Average neighbor degree
Done. Time Elapsed is 59 seconds.
Computing Centrality measures...Betweenness
Done. Time Elapsed is 2 minutes, 57 seconds.
Computing Clustering Coefficents.
Done. Time Elapsed is 1 minute, 24 seconds.
Finished. Total Program Time Elapsed is 13 minutes, 58 seconds.
>> Sender: LSF System <lsfadmin@bc02-n02>
Subject: Job 644192[10]: <nw_stats[2-39]> Done

Job <nw_stats[2-39]> was submitted from host <bc13-n13> by user <jabloche> in cluster <lucky>.
Job was executed on host(s) <bc02-n02>, in queue <week>, as user <jabloche> in cluster <lucky>.
</afs/isis.unc.edu/home/j/a/jabloche> was used as the home directory.
</netscr/jabloche/FirmNetworks/matlab> was used as the working directory.
Started at Sun Mar  7 00:01:06 2010
Results reported at Sun Mar  7 00:15:12 2010

Your job looked like:

------------------------------------------------------------
# LSBATCH: User input
matlab -nodisplay -nojvm -nosplash -r nw_stats
------------------------------------------------------------

Successfully completed.

Resource usage summary:

    CPU time   :    846.79 sec.
    Max Memory :      7672 MB
    Max Swap   :     12409 MB

    Max Processes  :         6
    Max Threads    :        33

The output (if any) follows:

Your home directory for this job is /netscr/jabloche

                            < M A T L A B (R) >
                  Copyright 1984-2009 The MathWorks, Inc.
                Version 7.9.0.529 (R2009b) 64-bit (glnxa64)
                              August 12, 2009

 
  To get started, type one of these: helpwin, helpdesk, or demo.
  For product information, visit www.mathworks.com.
 
Begin Matrix Statistics for type_data: bool_cor
Reading Saved Matrix and Returning Adjacency Matrix: loadAdjMat
loadAdjMat Done. data_type_index:cor_bool_10
running matrix statistics functions
Completed getNetworkProfile
Time Elapsed is 11 seconds.
is Simple:1
is Connected:0
is Regular:0
is Tree:0
is Complete:0
Completed IS descriptions
Now getting components
Done. Computed connected components. Saving output
Time Elapsed is 0.12129 seconds
Number of Connected Components: 1
Time Elapsed is 0.010763 seconds
Size of Giant Component: 5033
Ratio of Size of Giant Component to whole Matrix: 0.20552
Ratio of Isolates to whole Matrix: 0.79448
Time Elapsed is 6 seconds.
Computing Degree Correlation (Pearsons r) of Component
pearson_r: 0.30868
Done. Time Elapsed is 0.31982 seconds
Computing Link Density of Component
Density of Cluster: 0.066584
Done. Time Elapsed is 0.37768 seconds
Computing Shortest Paths - this will take a while, but only one time.
Diameter of Cluster: 3
Avg Path Length: 1.9726
Done. Time Elapsed is 5 minutes, 43 seconds.
Computing Degree Distribution...
Done. Time Elapsed is 0.42401 seconds
Computing Centrality measures...Eigenvector
Done. Time Elapsed is 29 seconds.
Computing Average neighbor degree
Done. Time Elapsed is 1 minute, 4 seconds.
Computing Centrality measures...Betweenness
Done. Time Elapsed is 3 minutes, 1 second.
Computing Clustering Coefficents.
Done. Time Elapsed is 1 minute, 26 seconds.
Finished. Total Program Time Elapsed is 14 minutes, 2 seconds.
>> 