Sender: LSF System <lsfadmin@bc16-n11>
Subject: Job 624082[15]: <nw_stats[1-20]> Exited

Job <nw_stats[1-20]> was submitted from host <bc09-n13> by user <jabloche> in cluster <lucky>.
Job was executed on host(s) <bc16-n11>, in queue <week>, as user <jabloche> in cluster <lucky>.
</afs/isis.unc.edu/home/j/a/jabloche> was used as the home directory.
</netscr/jabloche/FirmNetworks/matlab> was used as the working directory.
Started at Wed Mar  3 17:58:36 2010
Results reported at Wed Mar  3 18:23:53 2010

Your job looked like:

------------------------------------------------------------
# LSBATCH: User input
matlab -nodisplay -nojvm -nosplash -r nw_stats
------------------------------------------------------------

Exited with exit code 1.

Resource usage summary:

    CPU time   :   1515.03 sec.
    Max Memory :       298 MB
    Max Swap   :      7107 MB

    Max Processes  :         6
    Max Threads    :        33

The output (if any) follows:

Your home directory for this job is /netscr/jabloche

                            < M A T L A B (R) >
                  Copyright 1984-2009 The MathWorks, Inc.
                Version 7.9.0.529 (R2009b) 64-bit (glnxa64)
                              August 12, 2009

 
  To get started, type one of these: helpwin, helpdesk, or demo.
  For product information, visit www.mathworks.com.
 
Begin Matrix Statistics for type_data: bool_blk
Reading Saved Matrix and Returning Adjacency Matrix: loadAdjMat
loadAdjMat Done. data_type_index:blk_bool_15
running matrix statistics functions
Completed getNetworkProfile
Time Elapsed is 0.70646 seconds
is Simple:1
is Connected:0
is Regular:0
is Tree:0
is Complete:0
Completed IS descriptions
Now getting components
Done. Computed connected components. Saving output
Time Elapsed is 0.14087 seconds
Number of Connected Components: 1
Time Elapsed is 0.013105 seconds
Size of Giant Component: 3672
Ratio of Size of Giant Component to whole Matrix: 0.77338
Ratio of Isolates to whole Matrix: 0.22662
Time Elapsed is 0.49142 seconds
Computing Degree Correlation (Pearsons r) of Component
pearson_r: 0.00080907
Done. Time Elapsed is 0.088347 seconds
Computing Link Density of Component
Density of Cluster: 0.11095
Done. Time Elapsed is 0.24424 seconds
Computing Shortest Paths - this will take a while, but only one time.
Diameter of Cluster: 4
Avg Path Length: 1.9298
Done. Time Elapsed is 18 minutes, 14 seconds.
Computing Degree Distribution...
Done. Time Elapsed is 0.32842 seconds
Computing Centrality measures...Eigenvector
Done. Time Elapsed is 15 seconds.
Computing Average neighbor degree
Done. Time Elapsed is 34 seconds.
Computing Centrality measures...Betweenness
Done. Time Elapsed is 2 minutes, 31 seconds.
Computing Clustering Coefficents.
Done. Time Elapsed is 3 minutes, 20 seconds.
Finished. Total Program Time Elapsed is 25 minutes, 13 seconds.
{Warning:
Connection to the X11 Display Server (bc09-n13.isis.unc.edu:15.0) has been
lost.
No more graphics windows can no longer be displayed in this session.
Graphics Objects can still be printed, and all commands should still work.
We recommend that you try to save your current session and exit} 
