Sender: LSF System <lsfadmin@bc02-n04>
Subject: Job 583054[113]: <nw_stats[100-115]> Done

Job <nw_stats[100-115]> was submitted from host <bc16-n13> by user <jabloche> in cluster <lucky>.
Job was executed on host(s) <bc02-n04>, in queue <week>, as user <jabloche> in cluster <lucky>.
</afs/isis.unc.edu/home/j/a/jabloche> was used as the home directory.
</netscr/jabloche/FirmNetworks/matlab> was used as the working directory.
Started at Sun Feb 21 19:21:28 2010
Results reported at Mon Feb 22 17:23:59 2010

Your job looked like:

------------------------------------------------------------
# LSBATCH: User input
matlab -nodisplay -nojvm -nosplash -r nw_stats
------------------------------------------------------------

Successfully completed.

Resource usage summary:

    CPU time   :  79263.40 sec.
    Max Memory :      5247 MB
    Max Swap   :     11851 MB

    Max Processes  :         6
    Max Threads    :        33

The output (if any) follows:

Your home directory for this job is /netscr/jabloche

                            < M A T L A B (R) >
                  Copyright 1984-2009 The MathWorks, Inc.
                Version 7.9.0.529 (R2009b) 64-bit (glnxa64)
                              August 12, 2009

 
  To get started, type one of these: helpwin, helpdesk, or demo.
  For product information, visit www.mathworks.com.
 
Begin Matrix Statistics for type_data: bool_blk
Reading Saved Matrix and Returning Adjacency Matrix: loadAdjMat
loadAdjMat Done. data_type_index:blk_bool_113
running matrix statistics functions
Completed getNetworkProfile
Time Elapsed is 5 seconds.
Now getting components
Done. Computed connected components. Saving output
Time Elapsed is 1 second.
Number of Connected Components: 1
Time Elapsed is 1 second.
Size of Giant Component: 8025
Ratio of Size of Giant Component to whole Matrix: 0.72592
Ratio of Isolates to whole Matrix: 0.27408
Time Elapsed is 4 seconds.
pearson_r: -0.047204
Time Elapsed is 1 second.
Density of Cluster: 0.27142
Time Elapsed is 2 seconds.
Diameter of Cluster: 5
Avg Path Length: 0.92883
Time Elapsed is 11 hours, 43 minutes, 54 seconds.
Computing Degree Distribution...
Done. Time Elapsed is 3 seconds.
Computing Centrality measures...Eigenvector
Done. Time Elapsed is 38 seconds.
Computing Centrality measures...Closeness
Done. Time Elapsed is 5 hours, 45 minutes, 58 seconds.
Computing Average neighbor degree
Time Elapsed is 21 minutes, 39 seconds.
Computing Centrality measures...Betweenness
Time Elapsed is 52 minutes, 30 seconds.
Computing Clustering Coefficents.
Time Elapsed is 1.6e-05 seconds
is Simple:1
is Connected:0
is Regular:0
is Tree:0
is Complete:0
Completed IS descriptions
Finished. Total Program Time Elapsed is 22 hours, 2 minutes, 27 seconds.
Your MATLAB session has timed out.  All license keys have been returned.
>> 