Sender: LSF System <lsfadmin@bc01-n09>
Subject: Job 634779[2]: <nw_stats[2-10]> Done

Job <nw_stats[2-10]> was submitted from host <bc13-n13> by user <jabloche> in cluster <lucky>.
Job was executed on host(s) <bc01-n09>, in queue <week>, as user <jabloche> in cluster <lucky>.
</afs/isis.unc.edu/home/j/a/jabloche> was used as the home directory.
</netscr/jabloche/FirmNetworks/matlab> was used as the working directory.
Started at Fri Mar  5 07:28:03 2010
Results reported at Fri Mar  5 07:42:16 2010

Your job looked like:

------------------------------------------------------------
# LSBATCH: User input
matlab -nodisplay -nojvm -nosplash -r nw_stats
------------------------------------------------------------

Successfully completed.

Resource usage summary:

    CPU time   :    861.67 sec.
    Max Memory :      8947 MB
    Max Swap   :     12412 MB

    Max Processes  :         6
    Max Threads    :        33

The output (if any) follows:

Your home directory for this job is /netscr/jabloche

                            < M A T L A B (R) >
                  Copyright 1984-2009 The MathWorks, Inc.
                Version 7.9.0.529 (R2009b) 64-bit (glnxa64)
                              August 12, 2009

 
  To get started, type one of these: helpwin, helpdesk, or demo.
  For product information, visit www.mathworks.com.
 
Begin Matrix Statistics for type_data: bool_cor
Reading Saved Matrix and Returning Adjacency Matrix: loadAdjMat
loadAdjMat Done. data_type_index:cor_bool_2
running matrix statistics functions
Completed getNetworkProfile
Time Elapsed is 10 seconds.
is Simple:1
is Connected:0
is Regular:0
is Tree:0
is Complete:0
Completed IS descriptions
Now getting components
Done. Computed connected components. Saving output
Time Elapsed is 0.16524 seconds
Number of Connected Components: 1
Time Elapsed is 0.037634 seconds
Size of Giant Component: 4617
Ratio of Size of Giant Component to whole Matrix: 0.18853
Ratio of Isolates to whole Matrix: 0.81147
Time Elapsed is 5 seconds.
Computing Degree Correlation (Pearsons r) of Component
pearson_r: 0.32089
Done. Time Elapsed is 0.23432 seconds
Computing Link Density of Component
Density of Cluster: 0.085103
Done. Time Elapsed is 0.32058 seconds
Computing Shortest Paths - this will take a while, but only one time.
Diameter of Cluster: 3
Avg Path Length: 1.9518
Done. Time Elapsed is 5 minutes, 24 seconds.
Computing Degree Distribution...
Done. Time Elapsed is 0.44476 seconds
Computing Centrality measures...Eigenvector
Done. Time Elapsed is 9 seconds.
Computing Average neighbor degree
Done. Time Elapsed is 1 minute, 2 seconds.
Computing Centrality measures...Betweenness
Done. Time Elapsed is 3 minutes, 5 seconds.
Computing Clustering Coefficents.
Done. Time Elapsed is 2 minutes, 27 seconds.
Finished. Total Program Time Elapsed is 14 minutes, 9 seconds.
>> Sender: LSF System <lsfadmin@bc02-n08>
Subject: Job 644192[2]: <nw_stats[2-39]> Done

Job <nw_stats[2-39]> was submitted from host <bc13-n13> by user <jabloche> in cluster <lucky>.
Job was executed on host(s) <bc02-n08>, in queue <week>, as user <jabloche> in cluster <lucky>.
</afs/isis.unc.edu/home/j/a/jabloche> was used as the home directory.
</netscr/jabloche/FirmNetworks/matlab> was used as the working directory.
Started at Sat Mar  6 23:38:56 2010
Results reported at Sat Mar  6 23:54:44 2010

Your job looked like:

------------------------------------------------------------
# LSBATCH: User input
matlab -nodisplay -nojvm -nosplash -r nw_stats
------------------------------------------------------------

Successfully completed.

Resource usage summary:

    CPU time   :    949.68 sec.
    Max Memory :      7402 MB
    Max Swap   :     16505 MB

    Max Processes  :         6
    Max Threads    :        33

The output (if any) follows:

Your home directory for this job is /netscr/jabloche

                            < M A T L A B (R) >
                  Copyright 1984-2009 The MathWorks, Inc.
                Version 7.9.0.529 (R2009b) 64-bit (glnxa64)
                              August 12, 2009

 
  To get started, type one of these: helpwin, helpdesk, or demo.
  For product information, visit www.mathworks.com.
 
Begin Matrix Statistics for type_data: bool_cor
Reading Saved Matrix and Returning Adjacency Matrix: loadAdjMat
loadAdjMat Done. data_type_index:cor_bool_2
running matrix statistics functions
Completed getNetworkProfile
Time Elapsed is 15 seconds.
is Simple:1
is Connected:0
is Regular:0
is Tree:0
is Complete:0
Completed IS descriptions
Now getting components
Done. Computed connected components. Saving output
Time Elapsed is 0.19008 seconds
Number of Connected Components: 1
Time Elapsed is 0.012894 seconds
Size of Giant Component: 4617
Ratio of Size of Giant Component to whole Matrix: 0.18853
Ratio of Isolates to whole Matrix: 0.81147
Time Elapsed is 8 seconds.
Computing Degree Correlation (Pearsons r) of Component
pearson_r: 0.32089
Done. Time Elapsed is 0.97265 seconds
Computing Link Density of Component
Density of Cluster: 0.085103
Done. Time Elapsed is 0.33355 seconds
Computing Shortest Paths - this will take a while, but only one time.
Diameter of Cluster: 3
Avg Path Length: 1.9518
Done. Time Elapsed is 5 minutes, 45 seconds.
Computing Degree Distribution...
Done. Time Elapsed is 0.43915 seconds
Computing Centrality measures...Eigenvector
Done. Time Elapsed is 32 seconds.
Computing Average neighbor degree
Done. Time Elapsed is 1 minute, 10 seconds.
Computing Centrality measures...Betweenness
Done. Time Elapsed is 3 minutes, 3 seconds.
Computing Clustering Coefficents.
Done. Time Elapsed is 2 minutes, 31 seconds.
Finished. Total Program Time Elapsed is 15 minutes, 45 seconds.
>> 