Sender: LSF System <lsfadmin@bc01-n02>
Subject: Job 563445[2]: <nw_stats[1-2,116-119]> Exited

Job <nw_stats[1-2,116-119]> was submitted from host <bc16-n13> by user <jabloche> in cluster <lucky>.
Job was executed on host(s) <bc01-n02>, in queue <week>, as user <jabloche> in cluster <lucky>.
</afs/isis.unc.edu/home/j/a/jabloche> was used as the home directory.
</netscr/jabloche/FirmNetworks/matlab> was used as the working directory.
Started at Thu Feb 18 17:14:38 2010
Results reported at Thu Feb 18 17:22:16 2010

Your job looked like:

------------------------------------------------------------
# LSBATCH: User input
matlab -nodisplay -nojvm -nosplash -r nw_stats
------------------------------------------------------------

Exited with exit code 1.

Resource usage summary:

    CPU time   :    447.46 sec.
    Max Memory :       614 MB
    Max Swap   :      7217 MB

    Max Processes  :         6
    Max Threads    :        33

The output (if any) follows:

Your home directory for this job is /netscr/jabloche

                            < M A T L A B (R) >
                  Copyright 1984-2009 The MathWorks, Inc.
                Version 7.9.0.529 (R2009b) 64-bit (glnxa64)
                              August 12, 2009

 
  To get started, type one of these: helpwin, helpdesk, or demo.
  For product information, visit www.mathworks.com.
 
Begin Matrix Statistics for type_data: bool_blk
Reading Saved Matrix and Returning Adjacency Matrix: loadAdjMat
loadAdjMat Done. data_type_index:blk_bool_2
running matrix statistics functions
Completed getNetworkProfile
Time Elapsed is 0.44331 seconds
Now getting components
Done. Computed connected components. Saving output
Time Elapsed is 0.31534 seconds
Number of Connected Components: 1
Time Elapsed is 0.055533 seconds
Size of Giant Component: 2932
Ratio of Size of Giant Component to whole Matrix: 0.80044
Ratio of Isolates to whole Matrix: 0.19956
Time Elapsed is 0.58562 seconds
pearson_r: -0.013708
Time Elapsed is 0.066353 seconds
Density of Cluster: 0.09821
Time Elapsed is 0.12136 seconds
Diameter of Cluster: 4
Avg Path Length: 1.2567
Time Elapsed is 3 minutes, 34 seconds.
Computing Degree Distribution...
Done. Time Elapsed is 0.19458 seconds
Computing Centrality measures...Eigenvector
Done. Time Elapsed is 1 second.
Computing Centrality measures...Closeness
Done. Time Elapsed is 1 minute, 36 seconds.
Computing Average neighbor degree
Time Elapsed is 16 seconds.
Computing Centrality measures...Betweenness
Time Elapsed is 52 seconds.
Computing Clustering Coefficents.
Time Elapsed is 1.5e-05 seconds
is Simple:1
is Connected:0
is Regular:0
is Tree:0
is Complete:0
Completed IS descriptions
Finished. Total Program Time Elapsed is 7 minutes, 27 seconds.
{Warning:
Connection to the X11 Display Server (bc16-n13.isis.unc.edu:14.0) has been
lost.
No more graphics windows can no longer be displayed in this session.
Graphics Objects can still be printed, and all commands should still work.
We recommend that you try to save your current session and exit} 
