Sender: LSF System <lsfadmin@bc02-n11>
Subject: Job 585537[94]: <nw_stats[76-99]> Done

Job <nw_stats[76-99]> was submitted from host <bc16-n13> by user <jabloche> in cluster <lucky>.
Job was executed on host(s) <bc02-n11>, in queue <week>, as user <jabloche> in cluster <lucky>.
</afs/isis.unc.edu/home/j/a/jabloche> was used as the home directory.
</netscr/jabloche/FirmNetworks/matlab> was used as the working directory.
Started at Tue Feb 23 15:02:59 2010
Results reported at Wed Feb 24 07:36:23 2010

Your job looked like:

------------------------------------------------------------
# LSBATCH: User input
matlab -nodisplay -nojvm -nosplash -r nw_stats
------------------------------------------------------------

Successfully completed.

Resource usage summary:

    CPU time   :  59594.66 sec.
    Max Memory :      4556 MB
    Max Swap   :     11160 MB

    Max Processes  :         6
    Max Threads    :        33

The output (if any) follows:

Your home directory for this job is /netscr/jabloche

                            < M A T L A B (R) >
                  Copyright 1984-2009 The MathWorks, Inc.
                Version 7.9.0.529 (R2009b) 64-bit (glnxa64)
                              August 12, 2009

 
  To get started, type one of these: helpwin, helpdesk, or demo.
  For product information, visit www.mathworks.com.
 
Begin Matrix Statistics for type_data: bool_blk
Reading Saved Matrix and Returning Adjacency Matrix: loadAdjMat
loadAdjMat Done. data_type_index:blk_bool_94
running matrix statistics functions
Completed getNetworkProfile
Time Elapsed is 4 seconds.
Now getting components
Done. Computed connected components. Saving output
Time Elapsed is 0.80899 seconds
Number of Connected Components: 1
Time Elapsed is 0.80001 seconds
Size of Giant Component: 7049
Ratio of Size of Giant Component to whole Matrix: 0.68424
Ratio of Isolates to whole Matrix: 0.31576
Time Elapsed is 3 seconds.
pearson_r: -0.072846
Time Elapsed is 0.81293 seconds
Density of Cluster: 0.23748
Time Elapsed is 2 seconds.
Diameter of Cluster: 4
Avg Path Length: 0.84139
Time Elapsed is 9 hours, 25 minutes, 39 seconds.
Computing Degree Distribution...
Done. Time Elapsed is 2 seconds.
Computing Centrality measures...Eigenvector
Done. Time Elapsed is 13 seconds.
Computing Centrality measures...Closeness
Done. Time Elapsed is 4 hours, 35 minutes, 36 seconds.
Computing Average neighbor degree
Time Elapsed is 12 minutes, 43 seconds.
Computing Centrality measures...Betweenness
Time Elapsed is 29 minutes, 35 seconds.
Computing Clustering Coefficents.
Time Elapsed is 1.5e-05 seconds
is Simple:1
is Connected:0
is Regular:0
is Tree:0
is Complete:0
Completed IS descriptions
Finished. Total Program Time Elapsed is 16 hours, 33 minutes, 20 seconds.
Your MATLAB session has timed out.  All license keys have been returned.
>> 