Sender: LSF System <lsfadmin@bc16-n01>
Subject: Job 583055[66]: <nw_stats[29,51-75]> Done

Job <nw_stats[29,51-75]> was submitted from host <bc16-n13> by user <jabloche> in cluster <lucky>.
Job was executed on host(s) <bc16-n01>, in queue <week>, as user <jabloche> in cluster <lucky>.
</afs/isis.unc.edu/home/j/a/jabloche> was used as the home directory.
</netscr/jabloche/FirmNetworks/matlab> was used as the working directory.
Started at Sun Feb 21 21:57:59 2010
Results reported at Mon Feb 22 18:29:19 2010

Your job looked like:

------------------------------------------------------------
# LSBATCH: User input
matlab -nodisplay -nojvm -nosplash -r nw_stats
------------------------------------------------------------

Successfully completed.

Resource usage summary:

    CPU time   :  73305.30 sec.
    Max Memory :      3842 MB
    Max Swap   :     10451 MB

    Max Processes  :         6
    Max Threads    :        33

The output (if any) follows:

Your home directory for this job is /netscr/jabloche

                            < M A T L A B (R) >
                  Copyright 1984-2009 The MathWorks, Inc.
                Version 7.9.0.529 (R2009b) 64-bit (glnxa64)
                              August 12, 2009

 
  To get started, type one of these: helpwin, helpdesk, or demo.
  For product information, visit www.mathworks.com.
 
Begin Matrix Statistics for type_data: bool_blk
Reading Saved Matrix and Returning Adjacency Matrix: loadAdjMat
loadAdjMat Done. data_type_index:blk_bool_66
running matrix statistics functions
Completed getNetworkProfile
Time Elapsed is 5 seconds.
Now getting components
Done. Computed connected components. Saving output
Time Elapsed is 0.94727 seconds
Number of Connected Components: 1
Time Elapsed is 1 second.
Size of Giant Component: 7660
Ratio of Size of Giant Component to whole Matrix: 0.78937
Ratio of Isolates to whole Matrix: 0.21063
Time Elapsed is 3 seconds.
pearson_r: -0.028291
Time Elapsed is 0.43555 seconds
Density of Cluster: 0.18798
Time Elapsed is 2 seconds.
Diameter of Cluster: 4
Avg Path Length: 1.1437
Time Elapsed is 11 hours, 45 minutes, 26 seconds.
Computing Degree Distribution...
Done. Time Elapsed is 3 seconds.
Computing Centrality measures...Eigenvector
Done. Time Elapsed is 14 seconds.
Computing Centrality measures...Closeness
Done. Time Elapsed is 5 hours, 46 minutes, 32 seconds.
Computing Average neighbor degree
Time Elapsed is 13 minutes, 33 seconds.
Computing Centrality measures...Betweenness
Time Elapsed is 44 minutes, 7 seconds.
Computing Clustering Coefficents.
Time Elapsed is 1.9e-05 seconds
is Simple:1
is Connected:0
is Regular:0
is Tree:0
is Complete:0
Completed IS descriptions
Finished. Total Program Time Elapsed is 20 hours, 31 minutes, 14 seconds.
Your MATLAB session has timed out.  All license keys have been returned.
>> 