Sender: LSF System <lsfadmin@bc02-n02>
Subject: Job 644037[59]: <nw_stats[73,40-69]> Done

Job <nw_stats[73,40-69]> was submitted from host <bc13-n13> by user <jabloche> in cluster <lucky>.
Job was executed on host(s) <bc02-n02>, in queue <week>, as user <jabloche> in cluster <lucky>.
</afs/isis.unc.edu/home/j/a/jabloche> was used as the home directory.
</netscr/jabloche/FirmNetworks/matlab> was used as the working directory.
Started at Sat Mar  6 22:30:31 2010
Results reported at Sat Mar  6 23:00:03 2010

Your job looked like:

------------------------------------------------------------
# LSBATCH: User input
matlab -nodisplay -nojvm -nosplash -r nw_stats
------------------------------------------------------------

Successfully completed.

Resource usage summary:

    CPU time   :   1769.42 sec.
    Max Memory :      7923 MB
    Max Swap   :     16470 MB

    Max Processes  :         6
    Max Threads    :        33

The output (if any) follows:

Your home directory for this job is /netscr/jabloche

                            < M A T L A B (R) >
                  Copyright 1984-2009 The MathWorks, Inc.
                Version 7.9.0.529 (R2009b) 64-bit (glnxa64)
                              August 12, 2009

 
  To get started, type one of these: helpwin, helpdesk, or demo.
  For product information, visit www.mathworks.com.
 
Begin Matrix Statistics for type_data: bool_cor
Reading Saved Matrix and Returning Adjacency Matrix: loadAdjMat
loadAdjMat Done. data_type_index:cor_bool_59
running matrix statistics functions
Completed getNetworkProfile
Time Elapsed is 12 seconds.
is Simple:1
is Connected:0
is Regular:0
is Tree:0
is Complete:0
Completed IS descriptions
Now getting components
Done. Computed connected components. Saving output
Time Elapsed is 0.21329 seconds
Number of Connected Components: 1
Time Elapsed is 0.009098 seconds
Size of Giant Component: 7929
Ratio of Size of Giant Component to whole Matrix: 0.32378
Ratio of Isolates to whole Matrix: 0.67622
Time Elapsed is 6 seconds.
Computing Degree Correlation (Pearsons r) of Component
pearson_r: 0.35375
Done. Time Elapsed is 0.35904 seconds
Computing Link Density of Component
Density of Cluster: 0.038156
Done. Time Elapsed is 0.77017 seconds
Computing Shortest Paths - this will take a while, but only one time.
Diameter of Cluster: 3
Avg Path Length: 1.9969
Done. Time Elapsed is 13 minutes, 58 seconds.
Computing Degree Distribution...
Done. Time Elapsed is 0.82683 seconds
Computing Centrality measures...Eigenvector
Done. Time Elapsed is 54 seconds.
Computing Average neighbor degree
Done. Time Elapsed is 2 minutes, 44 seconds.
Computing Centrality measures...Betweenness
Done. Time Elapsed is 7 minutes, 51 seconds.
Computing Clustering Coefficents.
Done. Time Elapsed is 1 minute, 1 second.
Finished. Total Program Time Elapsed is 29 minutes, 28 seconds.
>> 