Sender: LSF System <lsfadmin@bc01-n13>
Subject: Job 564062[22]: <nw_stats[3-50]> Done

Job <nw_stats[3-50]> was submitted from host <bc16-n13> by user <jabloche> in cluster <lucky>.
Job was executed on host(s) <bc01-n13>, in queue <week>, as user <jabloche> in cluster <lucky>.
</afs/isis.unc.edu/home/j/a/jabloche> was used as the home directory.
</netscr/jabloche/FirmNetworks/matlab> was used as the working directory.
Started at Fri Feb 19 09:46:22 2010
Results reported at Fri Feb 19 10:16:47 2010

Your job looked like:

------------------------------------------------------------
# LSBATCH: User input
matlab -nodisplay -nojvm -nosplash -r nw_stats
------------------------------------------------------------

Successfully completed.

Resource usage summary:

    CPU time   :   1807.20 sec.
    Max Memory :      1260 MB
    Max Swap   :      7863 MB

    Max Processes  :         6
    Max Threads    :        33

The output (if any) follows:

Your home directory for this job is /netscr/jabloche

                            < M A T L A B (R) >
                  Copyright 1984-2009 The MathWorks, Inc.
                Version 7.9.0.529 (R2009b) 64-bit (glnxa64)
                              August 12, 2009

 
  To get started, type one of these: helpwin, helpdesk, or demo.
  For product information, visit www.mathworks.com.
 
Begin Matrix Statistics for type_data: bool_blk
Reading Saved Matrix and Returning Adjacency Matrix: loadAdjMat
loadAdjMat Done. data_type_index:blk_bool_22
running matrix statistics functions
Completed getNetworkProfile
Time Elapsed is 0.84297 seconds
Now getting components
Done. Computed connected components. Saving output
Time Elapsed is 0.19046 seconds
Number of Connected Components: 1
Time Elapsed is 0.16237 seconds
Size of Giant Component: 4271
Ratio of Size of Giant Component to whole Matrix: 0.80071
Ratio of Isolates to whole Matrix: 0.19929
Time Elapsed is 0.60289 seconds
pearson_r: 0.018026
Time Elapsed is 0.09252 seconds
Density of Cluster: 0.12707
Time Elapsed is 0.34059 seconds
Diameter of Cluster: 4
Avg Path Length: 1.2217
Time Elapsed is 12 minutes, 46 seconds.
Computing Degree Distribution...
Done. Time Elapsed is 0.48353 seconds
Computing Centrality measures...Eigenvector
Done. Time Elapsed is 22 seconds.
Computing Centrality measures...Closeness
Done. Time Elapsed is 5 minutes, 58 seconds.
Computing Average neighbor degree
Time Elapsed is 1 minute, 24 seconds.
Computing Centrality measures...Betweenness
Time Elapsed is 3 minutes, 34 seconds.
Computing Clustering Coefficents.
Time Elapsed is 1.5e-05 seconds
is Simple:1
is Connected:0
is Regular:0
is Tree:0
is Complete:0
Completed IS descriptions
Finished. Total Program Time Elapsed is 30 minutes, 11 seconds.
>> 