Sender: LSF System <lsfadmin@bc16-n08>
Subject: Job 585536[74]: <nw_stats[53,58,64,71-75]> Exited

Job <nw_stats[53,58,64,71-75]> was submitted from host <bc16-n13> by user <jabloche> in cluster <lucky>.
Job was executed on host(s) <bc16-n08>, in queue <week>, as user <jabloche> in cluster <lucky>.
</afs/isis.unc.edu/home/j/a/jabloche> was used as the home directory.
</netscr/jabloche/FirmNetworks/matlab> was used as the working directory.
Started at Tue Feb 23 14:13:57 2010
Results reported at Wed Feb 24 18:14:32 2010

Your job looked like:

------------------------------------------------------------
# LSBATCH: User input
matlab -nodisplay -nojvm -nosplash -r nw_stats
------------------------------------------------------------

Exited with exit code 1.

Resource usage summary:

    CPU time   : 100398.72 sec.
    Max Memory :      4749 MB
    Max Swap   :     12358 MB

    Max Processes  :         6
    Max Threads    :        33

The output (if any) follows:

Your home directory for this job is /netscr/jabloche

                            < M A T L A B (R) >
                  Copyright 1984-2009 The MathWorks, Inc.
                Version 7.9.0.529 (R2009b) 64-bit (glnxa64)
                              August 12, 2009

 
  To get started, type one of these: helpwin, helpdesk, or demo.
  For product information, visit www.mathworks.com.
 
Begin Matrix Statistics for type_data: bool_blk
Reading Saved Matrix and Returning Adjacency Matrix: loadAdjMat
loadAdjMat Done. data_type_index:blk_bool_74
running matrix statistics functions
Completed getNetworkProfile
Time Elapsed is 5 seconds.
Now getting components
Done. Computed connected components. Saving output
Time Elapsed is 1 second.
Number of Connected Components: 1
Time Elapsed is 1 second.
Size of Giant Component: 8444
Ratio of Size of Giant Component to whole Matrix: 0.78258
Ratio of Isolates to whole Matrix: 0.21742
Time Elapsed is 3 seconds.
pearson_r: -0.045227
Time Elapsed is 0.50211 seconds
Density of Cluster: 0.19095
Time Elapsed is 2 seconds.
Diameter of Cluster: 4
Avg Path Length: 1.1233
Time Elapsed is 15 hours, 49 minutes, 40 seconds.
Computing Degree Distribution...
Done. Time Elapsed is 3 seconds.
Computing Centrality measures...Eigenvector
Done. Time Elapsed is 12 seconds.
Computing Centrality measures...Closeness
Done. Time Elapsed is 7 hours, 54 minutes, 48 seconds.
Computing Average neighbor degree
Time Elapsed is 24 minutes, 3 seconds.
Computing Centrality measures...Betweenness
Time Elapsed is 1 hour, 5 minutes, 56 seconds.
Computing Clustering Coefficents.
Time Elapsed is 2.4e-05 seconds
is Simple:1
is Connected:0
is Regular:0
is Tree:0
is Complete:0
Completed IS descriptions
Finished. Total Program Time Elapsed is 1 day, 4 hours, 31 seconds.
Your MATLAB session has timed out.  All license keys have been returned.
{Warning:
Connection to the X11 Display Server (bc16-n13.isis.unc.edu:24.0) has been
lost.
No more graphics windows can no longer be displayed in this session.
Graphics Objects can still be printed, and all commands should still work.
We recommend that you try to save your current session and exit} 
