Sender: LSF System <lsfadmin@bc02-n09>
Subject: Job 625747[1]: <nw_stats[1]> Exited

Job <nw_stats[1]> was submitted from host <bc14-n13> by user <jabloche> in cluster <lucky>.
Job was executed on host(s) <bc02-n09>, in queue <week>, as user <jabloche> in cluster <lucky>.
</afs/isis.unc.edu/home/j/a/jabloche> was used as the home directory.
</netscr/jabloche/FirmNetworks/matlab> was used as the working directory.
Started at Thu Mar  4 09:47:18 2010
Results reported at Thu Mar  4 11:16:18 2010

Your job looked like:

------------------------------------------------------------
# LSBATCH: User input
matlab -nodisplay -nojvm -nosplash -r nw_stats
------------------------------------------------------------

Exited with exit code 1.

Resource usage summary:

    CPU time   :   4418.56 sec.
    Max Memory :      8437 MB
    Max Swap   :     16564 MB

    Max Processes  :         6
    Max Threads    :        33

The output (if any) follows:

Your home directory for this job is /netscr/jabloche

                            < M A T L A B (R) >
                  Copyright 1984-2009 The MathWorks, Inc.
                Version 7.9.0.529 (R2009b) 64-bit (glnxa64)
                              August 12, 2009

 
  To get started, type one of these: helpwin, helpdesk, or demo.
  For product information, visit www.mathworks.com.
 
Begin Matrix Statistics for type_data: bool_cor
Reading Saved Matrix and Returning Adjacency Matrix: loadAdjMat
loadAdjMat Done. data_type_index:cor_bool_1
running matrix statistics functions
Completed getNetworkProfile
Time Elapsed is 10 seconds.
is Simple:1
is Connected:0
is Regular:0
is Tree:0
is Complete:0
Completed IS descriptions
Now getting components
Done. Computed connected components. Saving output
Time Elapsed is 0.47366 seconds
Number of Connected Components: 1
Time Elapsed is 0.034181 seconds
Size of Giant Component: 4601
Ratio of Size of Giant Component to whole Matrix: 0.18788
Ratio of Isolates to whole Matrix: 0.81212
Time Elapsed is 5 seconds.
Computing Degree Correlation (Pearsons r) of Component
pearson_r: 0.10378
Done. Time Elapsed is 0.40439 seconds
Computing Link Density of Component
Density of Cluster: 0.26872
Done. Time Elapsed is 0.57511 seconds
Computing Shortest Paths - this will take a while, but only one time.
Diameter of Cluster: 3
Avg Path Length: 1.7368
Done. Time Elapsed is 24 minutes, 36 seconds.
Computing Degree Distribution...
Done. Time Elapsed is 0.9397 seconds
Computing Centrality measures...Eigenvector
Done. Time Elapsed is 4 seconds.
Computing Average neighbor degree
Done. Time Elapsed is 2 minutes, 37 seconds.
Computing Centrality measures...Betweenness
Done. Time Elapsed is 10 minutes, 26 seconds.
Computing Clustering Coefficents.
Done. Time Elapsed is 31 minutes, 20 seconds.
Finished. Total Program Time Elapsed is 1 hour, 13 minutes, 29 seconds.
{Warning:
Connection to the X11 Display Server (bc14-n13.isis.unc.edu:13.0) has been
lost.
No more graphics windows can no longer be displayed in this session.
Graphics Objects can still be printed, and all commands should still work.
We recommend that you try to save your current session and exit} 
