Sender: LSF System <lsfadmin@bc01-n11>
Subject: Job 564062[11]: <nw_stats[3-50]> Done

Job <nw_stats[3-50]> was submitted from host <bc16-n13> by user <jabloche> in cluster <lucky>.
Job was executed on host(s) <bc01-n11>, in queue <week>, as user <jabloche> in cluster <lucky>.
</afs/isis.unc.edu/home/j/a/jabloche> was used as the home directory.
</netscr/jabloche/FirmNetworks/matlab> was used as the working directory.
Started at Fri Feb 19 09:46:22 2010
Results reported at Fri Feb 19 10:00:31 2010

Your job looked like:

------------------------------------------------------------
# LSBATCH: User input
matlab -nodisplay -nojvm -nosplash -r nw_stats
------------------------------------------------------------

Successfully completed.

Resource usage summary:

    CPU time   :    798.09 sec.
    Max Memory :       822 MB
    Max Swap   :      7425 MB

    Max Processes  :         6
    Max Threads    :        33

The output (if any) follows:

Your home directory for this job is /netscr/jabloche

                            < M A T L A B (R) >
                  Copyright 1984-2009 The MathWorks, Inc.
                Version 7.9.0.529 (R2009b) 64-bit (glnxa64)
                              August 12, 2009

 
  To get started, type one of these: helpwin, helpdesk, or demo.
  For product information, visit www.mathworks.com.
 
Begin Matrix Statistics for type_data: bool_blk
Reading Saved Matrix and Returning Adjacency Matrix: loadAdjMat
loadAdjMat Done. data_type_index:blk_bool_11
running matrix statistics functions
Completed getNetworkProfile
Time Elapsed is 0.68851 seconds
Now getting components
Done. Computed connected components. Saving output
Time Elapsed is 0.16531 seconds
Number of Connected Components: 1
Time Elapsed is 0.16067 seconds
Size of Giant Component: 3323
Ratio of Size of Giant Component to whole Matrix: 0.77586
Ratio of Isolates to whole Matrix: 0.22414
Time Elapsed is 0.48874 seconds
pearson_r: -0.013596
Time Elapsed is 0.67447 seconds
Density of Cluster: 0.11167
Time Elapsed is 0.2858 seconds
Diameter of Cluster: 4
Avg Path Length: 1.1656
Time Elapsed is 6 minutes, 7 seconds.
Computing Degree Distribution...
Done. Time Elapsed is 0.37398 seconds
Computing Centrality measures...Eigenvector
Done. Time Elapsed is 4 seconds.
Computing Centrality measures...Closeness
Done. Time Elapsed is 2 minutes, 47 seconds.
Computing Average neighbor degree
Time Elapsed is 41 seconds.
Computing Centrality measures...Betweenness
Time Elapsed is 1 minute, 30 seconds.
Computing Clustering Coefficents.
Time Elapsed is 2.3e-05 seconds
is Simple:1
is Connected:0
is Regular:0
is Tree:0
is Complete:0
Completed IS descriptions
Finished. Total Program Time Elapsed is 13 minutes, 29 seconds.
>> 