Sender: LSF System <lsfadmin@bc01-n13>
Subject: Job 583054[101]: <nw_stats[100-115]> Done

Job <nw_stats[100-115]> was submitted from host <bc16-n13> by user <jabloche> in cluster <lucky>.
Job was executed on host(s) <bc01-n13>, in queue <week>, as user <jabloche> in cluster <lucky>.
</afs/isis.unc.edu/home/j/a/jabloche> was used as the home directory.
</netscr/jabloche/FirmNetworks/matlab> was used as the working directory.
Started at Sun Feb 21 19:19:00 2010
Results reported at Mon Feb 22 13:19:17 2010

Your job looked like:

------------------------------------------------------------
# LSBATCH: User input
matlab -nodisplay -nojvm -nosplash -r nw_stats
------------------------------------------------------------

Successfully completed.

Resource usage summary:

    CPU time   :  64777.95 sec.
    Max Memory :      4719 MB
    Max Swap   :     11387 MB

    Max Processes  :         6
    Max Threads    :        33

The output (if any) follows:

Your home directory for this job is /netscr/jabloche

                            < M A T L A B (R) >
                  Copyright 1984-2009 The MathWorks, Inc.
                Version 7.9.0.529 (R2009b) 64-bit (glnxa64)
                              August 12, 2009

 
  To get started, type one of these: helpwin, helpdesk, or demo.
  For product information, visit www.mathworks.com.
 
Begin Matrix Statistics for type_data: bool_blk
Reading Saved Matrix and Returning Adjacency Matrix: loadAdjMat
loadAdjMat Done. data_type_index:blk_bool_101
running matrix statistics functions
Completed getNetworkProfile
Time Elapsed is 4 seconds.
Now getting components
Done. Computed connected components. Saving output
Time Elapsed is 0.92882 seconds
Number of Connected Components: 1
Time Elapsed is 0.9089 seconds
Size of Giant Component: 7112
Ratio of Size of Giant Component to whole Matrix: 0.68175
Ratio of Isolates to whole Matrix: 0.31825
Time Elapsed is 3 seconds.
pearson_r: -0.069278
Time Elapsed is 0.86106 seconds
Density of Cluster: 0.26684
Time Elapsed is 2 seconds.
Diameter of Cluster: 4
Avg Path Length: 0.81799
Time Elapsed is 10 hours, 1 minute, 41 seconds.
Computing Degree Distribution...
Done. Time Elapsed is 3 seconds.
Computing Centrality measures...Eigenvector
Done. Time Elapsed is 17 seconds.
Computing Centrality measures...Closeness
Done. Time Elapsed is 4 hours, 48 minutes, 56 seconds.
Computing Average neighbor degree
Time Elapsed is 16 minutes, 14 seconds.
Computing Centrality measures...Betweenness
Time Elapsed is 36 minutes, 40 seconds.
Computing Clustering Coefficents.
Time Elapsed is 1.6e-05 seconds
is Simple:1
is Connected:0
is Regular:0
is Tree:0
is Complete:0
Completed IS descriptions
Finished. Total Program Time Elapsed is 18 hours, 12 seconds.
Your MATLAB session has timed out.  All license keys have been returned.
>> 