Sender: LSF System <lsfadmin@bc16-n12>
Subject: Job 612425[61]: <nw_stats[61]> Exited

Job <nw_stats[61]> was submitted from host <bc16-n13> by user <jabloche> in cluster <lucky>.
Job was executed on host(s) <bc16-n12>, in queue <week>, as user <jabloche> in cluster <lucky>.
</afs/isis.unc.edu/home/j/a/jabloche> was used as the home directory.
</netscr/jabloche/FirmNetworks/matlab> was used as the working directory.
Started at Mon Mar  1 17:13:15 2010
Results reported at Tue Mar  2 09:09:15 2010

Your job looked like:

------------------------------------------------------------
# LSBATCH: User input
matlab -nodisplay -nojvm -nosplash -r nw_stats
------------------------------------------------------------

Exited with exit code 1.

Resource usage summary:

    CPU time   :  57358.63 sec.
    Max Memory :      3348 MB
    Max Swap   :      9975 MB

    Max Processes  :         6
    Max Threads    :        33

The output (if any) follows:

Your home directory for this job is /netscr/jabloche

                            < M A T L A B (R) >
                  Copyright 1984-2009 The MathWorks, Inc.
                Version 7.9.0.529 (R2009b) 64-bit (glnxa64)
                              August 12, 2009

 
  To get started, type one of these: helpwin, helpdesk, or demo.
  For product information, visit www.mathworks.com.
 
Begin Matrix Statistics for type_data: bool_blk
Reading Saved Matrix and Returning Adjacency Matrix: loadAdjMat
loadAdjMat Done. data_type_index:blk_bool_61
running matrix statistics functions
Completed getNetworkProfile
Time Elapsed is 3 seconds.
Now getting components
Done. Computed connected components. Saving output
Time Elapsed is 0.89903 seconds
Number of Connected Components: 1
Time Elapsed is 0.82138 seconds
Size of Giant Component: 6822
Ratio of Size of Giant Component to whole Matrix: 0.75986
Ratio of Isolates to whole Matrix: 0.24014
Time Elapsed is 3 seconds.
pearson_r: -0.0083443
Time Elapsed is 0.67221 seconds
Density of Cluster: 0.20946
Time Elapsed is 1 second.
Diameter of Cluster: 4
Avg Path Length: 1.0442
Time Elapsed is 9 hours, 7 minutes, 54 seconds.
Computing Degree Distribution...
Done. Time Elapsed is 2 seconds.
Computing Centrality measures...Eigenvector
Done. Time Elapsed is 20 seconds.
Computing Centrality measures...Closeness
Done. Time Elapsed is 4 hours, 29 minutes, 33 seconds.
Computing Average neighbor degree
Time Elapsed is 10 minutes, 24 seconds.
Computing Centrality measures...Betweenness
Time Elapsed is 33 minutes, 41 seconds.
Computing Clustering Coefficents.
Time Elapsed is 1.8e-05 seconds
is Simple:1
is Connected:0
is Regular:0
is Tree:0
is Complete:0
Completed IS descriptions
Finished. Total Program Time Elapsed is 15 hours, 55 minutes, 57 seconds.
{Warning:
Connection to the X11 Display Server (bc16-n13.isis.unc.edu:13.0) has been
lost.
No more graphics windows can no longer be displayed in this session.
Graphics Objects can still be printed, and all commands should still work.
We recommend that you try to save your current session and exit} 
