Sender: LSF System <lsfadmin@bc01-n02>
Subject: Job 564062[23]: <nw_stats[3-50]> Done

Job <nw_stats[3-50]> was submitted from host <bc16-n13> by user <jabloche> in cluster <lucky>.
Job was executed on host(s) <bc01-n02>, in queue <week>, as user <jabloche> in cluster <lucky>.
</afs/isis.unc.edu/home/j/a/jabloche> was used as the home directory.
</netscr/jabloche/FirmNetworks/matlab> was used as the working directory.
Started at Fri Feb 19 09:46:22 2010
Results reported at Fri Feb 19 10:18:21 2010

Your job looked like:

------------------------------------------------------------
# LSBATCH: User input
matlab -nodisplay -nojvm -nosplash -r nw_stats
------------------------------------------------------------

Successfully completed.

Resource usage summary:

    CPU time   :   1897.99 sec.
    Max Memory :      1282 MB
    Max Swap   :      7887 MB

    Max Processes  :         6
    Max Threads    :        33

The output (if any) follows:

Your home directory for this job is /netscr/jabloche

                            < M A T L A B (R) >
                  Copyright 1984-2009 The MathWorks, Inc.
                Version 7.9.0.529 (R2009b) 64-bit (glnxa64)
                              August 12, 2009

 
  To get started, type one of these: helpwin, helpdesk, or demo.
  For product information, visit www.mathworks.com.
 
Begin Matrix Statistics for type_data: bool_blk
Reading Saved Matrix and Returning Adjacency Matrix: loadAdjMat
loadAdjMat Done. data_type_index:blk_bool_23
running matrix statistics functions
Completed getNetworkProfile
Time Elapsed is 0.85312 seconds
Now getting components
Done. Computed connected components. Saving output
Time Elapsed is 0.20621 seconds
Number of Connected Components: 1
Time Elapsed is 0.16231 seconds
Size of Giant Component: 4299
Ratio of Size of Giant Component to whole Matrix: 0.79937
Ratio of Isolates to whole Matrix: 0.20063
Time Elapsed is 0.60716 seconds
pearson_r: 0.017693
Time Elapsed is 0.087334 seconds
Density of Cluster: 0.12924
Time Elapsed is 0.3246 seconds
Diameter of Cluster: 4
Avg Path Length: 1.2173
Time Elapsed is 13 minutes, 42 seconds.
Computing Degree Distribution...
Done. Time Elapsed is 0.66922 seconds
Computing Centrality measures...Eigenvector
Done. Time Elapsed is 4 seconds.
Computing Centrality measures...Closeness
Done. Time Elapsed is 6 minutes, 12 seconds.
Computing Average neighbor degree
Time Elapsed is 1 minute, 28 seconds.
Computing Centrality measures...Betweenness
Time Elapsed is 3 minutes, 46 seconds.
Computing Clustering Coefficents.
Time Elapsed is 1.7e-05 seconds
is Simple:1
is Connected:0
is Regular:0
is Tree:0
is Complete:0
Completed IS descriptions
Finished. Total Program Time Elapsed is 31 minutes, 47 seconds.
>> 