Sender: LSF System <lsfadmin@bc01-n07>
Subject: Job 624082[3]: <nw_stats[1-20]> Done

Job <nw_stats[1-20]> was submitted from host <bc09-n13> by user <jabloche> in cluster <lucky>.
Job was executed on host(s) <bc01-n07>, in queue <week>, as user <jabloche> in cluster <lucky>.
</afs/isis.unc.edu/home/j/a/jabloche> was used as the home directory.
</netscr/jabloche/FirmNetworks/matlab> was used as the working directory.
Started at Wed Mar  3 17:58:36 2010
Results reported at Wed Mar  3 18:08:15 2010

Your job looked like:

------------------------------------------------------------
# LSBATCH: User input
matlab -nodisplay -nojvm -nosplash -r nw_stats
------------------------------------------------------------

Successfully completed.

Resource usage summary:

    CPU time   :    573.43 sec.
    Max Memory :       210 MB
    Max Swap   :      6813 MB

    Max Processes  :         6
    Max Threads    :        33

The output (if any) follows:

Your home directory for this job is /netscr/jabloche

                            < M A T L A B (R) >
                  Copyright 1984-2009 The MathWorks, Inc.
                Version 7.9.0.529 (R2009b) 64-bit (glnxa64)
                              August 12, 2009

 
  To get started, type one of these: helpwin, helpdesk, or demo.
  For product information, visit www.mathworks.com.
 
Begin Matrix Statistics for type_data: bool_blk
Reading Saved Matrix and Returning Adjacency Matrix: loadAdjMat
loadAdjMat Done. data_type_index:blk_bool_3
running matrix statistics functions
Completed getNetworkProfile
Time Elapsed is 0.36203 seconds
is Simple:1
is Connected:0
is Regular:0
is Tree:0
is Complete:0
Completed IS descriptions
Now getting components
Done. Computed connected components. Saving output
Time Elapsed is 0.073267 seconds
Number of Connected Components: 1
Time Elapsed is 1 second.
Size of Giant Component: 2997
Ratio of Size of Giant Component to whole Matrix: 0.7975
Ratio of Isolates to whole Matrix: 0.2025
Time Elapsed is 0.25248 seconds
Computing Degree Correlation (Pearsons r) of Component
pearson_r: -0.019863
Done. Time Elapsed is 0.079463 seconds
Computing Link Density of Component
Density of Cluster: 0.10256
Done. Time Elapsed is 0.13944 seconds
Computing Shortest Paths - this will take a while, but only one time.
Diameter of Cluster: 4
Avg Path Length: 1.9537
Done. Time Elapsed is 7 minutes, 3 seconds.
Computing Degree Distribution...
Done. Time Elapsed is 0.17673 seconds
Computing Centrality measures...Eigenvector
Done. Time Elapsed is 0.75886 seconds
Computing Average neighbor degree
Done. Time Elapsed is 15 seconds.
Computing Centrality measures...Betweenness
Done. Time Elapsed is 55 seconds.
Computing Clustering Coefficents.
Done. Time Elapsed is 1 minute, 9 seconds.
Finished. Total Program Time Elapsed is 9 minutes, 34 seconds.
>> 