Sender: LSF System <lsfadmin@bc16-n05>
Subject: Job 583055[29]: <nw_stats[29,51-75]> Done

Job <nw_stats[29,51-75]> was submitted from host <bc16-n13> by user <jabloche> in cluster <lucky>.
Job was executed on host(s) <bc16-n05>, in queue <week>, as user <jabloche> in cluster <lucky>.
</afs/isis.unc.edu/home/j/a/jabloche> was used as the home directory.
</netscr/jabloche/FirmNetworks/matlab> was used as the working directory.
Started at Sun Feb 21 19:19:00 2010
Results reported at Mon Feb 22 00:40:37 2010

Your job looked like:

------------------------------------------------------------
# LSBATCH: User input
matlab -nodisplay -nojvm -nosplash -r nw_stats
------------------------------------------------------------

Successfully completed.

Resource usage summary:

    CPU time   :  18444.00 sec.
    Max Memory :      1579 MB
    Max Swap   :      8202 MB

    Max Processes  :         6
    Max Threads    :        33

The output (if any) follows:

Your home directory for this job is /netscr/jabloche

                            < M A T L A B (R) >
                  Copyright 1984-2009 The MathWorks, Inc.
                Version 7.9.0.529 (R2009b) 64-bit (glnxa64)
                              August 12, 2009

 
  To get started, type one of these: helpwin, helpdesk, or demo.
  For product information, visit www.mathworks.com.
 
Begin Matrix Statistics for type_data: bool_blk
Reading Saved Matrix and Returning Adjacency Matrix: loadAdjMat
loadAdjMat Done. data_type_index:blk_bool_29
running matrix statistics functions
Completed getNetworkProfile
Time Elapsed is 2 seconds.
Now getting components
Done. Computed connected components. Saving output
Time Elapsed is 0.5206 seconds
Number of Connected Components: 1
Time Elapsed is 0.37283 seconds
Size of Giant Component: 5087
Ratio of Size of Giant Component to whole Matrix: 0.82221
Ratio of Isolates to whole Matrix: 0.17779
Time Elapsed is 1 second.
pearson_r: 0.00060495
Time Elapsed is 0.16278 seconds
Density of Cluster: 0.15761
Time Elapsed is 0.61358 seconds
Diameter of Cluster: 4
Avg Path Length: 1.2578
Time Elapsed is 3 hours, 9 minutes, 3 seconds.
Computing Degree Distribution...
Done. Time Elapsed is 1 second.
Computing Centrality measures...Eigenvector
Done. Time Elapsed is 13 seconds.
Computing Centrality measures...Closeness
Done. Time Elapsed is 1 hour, 34 minutes, 48 seconds.
Computing Average neighbor degree
Time Elapsed is 3 minutes, 32 seconds.
Computing Centrality measures...Betweenness
Time Elapsed is 10 minutes, 47 seconds.
Computing Clustering Coefficents.
Time Elapsed is 1.9e-05 seconds
is Simple:1
is Connected:0
is Regular:0
is Tree:0
is Complete:0
Completed IS descriptions
Finished. Total Program Time Elapsed is 5 hours, 21 minutes, 29 seconds.
Your MATLAB session has timed out.  All license keys have been returned.
>> 