Sender: LSF System <lsfadmin@bc02-n11>
Subject: Job 634779[8]: <nw_stats[2-10]> Done

Job <nw_stats[2-10]> was submitted from host <bc13-n13> by user <jabloche> in cluster <lucky>.
Job was executed on host(s) <bc02-n11>, in queue <week>, as user <jabloche> in cluster <lucky>.
</afs/isis.unc.edu/home/j/a/jabloche> was used as the home directory.
</netscr/jabloche/FirmNetworks/matlab> was used as the working directory.
Started at Fri Mar  5 08:04:12 2010
Results reported at Fri Mar  5 08:20:03 2010

Your job looked like:

------------------------------------------------------------
# LSBATCH: User input
matlab -nodisplay -nojvm -nosplash -r nw_stats
------------------------------------------------------------

Successfully completed.

Resource usage summary:

    CPU time   :    950.27 sec.
    Max Memory :      8212 MB
    Max Swap   :     12483 MB

    Max Processes  :         6
    Max Threads    :        33

The output (if any) follows:

Your home directory for this job is /netscr/jabloche

                            < M A T L A B (R) >
                  Copyright 1984-2009 The MathWorks, Inc.
                Version 7.9.0.529 (R2009b) 64-bit (glnxa64)
                              August 12, 2009

 
  To get started, type one of these: helpwin, helpdesk, or demo.
  For product information, visit www.mathworks.com.
 
Begin Matrix Statistics for type_data: bool_cor
Reading Saved Matrix and Returning Adjacency Matrix: loadAdjMat
loadAdjMat Done. data_type_index:cor_bool_8
running matrix statistics functions
Completed getNetworkProfile
Time Elapsed is 12 seconds.
is Simple:1
is Connected:0
is Regular:0
is Tree:0
is Complete:0
Completed IS descriptions
Now getting components
Done. Computed connected components. Saving output
Time Elapsed is 0.1308 seconds
Number of Connected Components: 1
Time Elapsed is 0.019983 seconds
Size of Giant Component: 5038
Ratio of Size of Giant Component to whole Matrix: 0.20573
Ratio of Isolates to whole Matrix: 0.79427
Time Elapsed is 6 seconds.
Computing Degree Correlation (Pearsons r) of Component
pearson_r: 0.29354
Done. Time Elapsed is 0.84486 seconds
Computing Link Density of Component
Density of Cluster: 0.077868
Done. Time Elapsed is 0.35664 seconds
Computing Shortest Paths - this will take a while, but only one time.
Diameter of Cluster: 3
Avg Path Length: 1.9503
Done. Time Elapsed is 6 minutes, 18 seconds.
Computing Degree Distribution...
Done. Time Elapsed is 0.47089 seconds
Computing Centrality measures...Eigenvector
Done. Time Elapsed is 26 seconds.
Computing Average neighbor degree
Done. Time Elapsed is 1 minute, 10 seconds.
Computing Centrality measures...Betweenness
Done. Time Elapsed is 3 minutes, 29 seconds.
Computing Clustering Coefficents.
Done. Time Elapsed is 2 minutes, 9 seconds.
Finished. Total Program Time Elapsed is 15 minutes, 47 seconds.
>> Sender: LSF System <lsfadmin@bc01-n10>
Subject: Job 644192[8]: <nw_stats[2-39]> Done

Job <nw_stats[2-39]> was submitted from host <bc13-n13> by user <jabloche> in cluster <lucky>.
Job was executed on host(s) <bc01-n10>, in queue <week>, as user <jabloche> in cluster <lucky>.
</afs/isis.unc.edu/home/j/a/jabloche> was used as the home directory.
</netscr/jabloche/FirmNetworks/matlab> was used as the working directory.
Started at Sat Mar  6 23:54:54 2010
Results reported at Sun Mar  7 00:11:41 2010

Your job looked like:

------------------------------------------------------------
# LSBATCH: User input
matlab -nodisplay -nojvm -nosplash -r nw_stats
------------------------------------------------------------

Successfully completed.

Resource usage summary:

    CPU time   :   1008.09 sec.
    Max Memory :      9106 MB
    Max Swap   :     12483 MB

    Max Processes  :         6
    Max Threads    :        33

The output (if any) follows:

Your home directory for this job is /netscr/jabloche

                            < M A T L A B (R) >
                  Copyright 1984-2009 The MathWorks, Inc.
                Version 7.9.0.529 (R2009b) 64-bit (glnxa64)
                              August 12, 2009

 
  To get started, type one of these: helpwin, helpdesk, or demo.
  For product information, visit www.mathworks.com.
 
Begin Matrix Statistics for type_data: bool_cor
Reading Saved Matrix and Returning Adjacency Matrix: loadAdjMat
loadAdjMat Done. data_type_index:cor_bool_8
running matrix statistics functions
Completed getNetworkProfile
Time Elapsed is 12 seconds.
is Simple:1
is Connected:0
is Regular:0
is Tree:0
is Complete:0
Completed IS descriptions
Now getting components
Done. Computed connected components. Saving output
Time Elapsed is 0.12535 seconds
Number of Connected Components: 1
Time Elapsed is 0.012302 seconds
Size of Giant Component: 5038
Ratio of Size of Giant Component to whole Matrix: 0.20573
Ratio of Isolates to whole Matrix: 0.79427
Time Elapsed is 5 seconds.
Computing Degree Correlation (Pearsons r) of Component
pearson_r: 0.29354
Done. Time Elapsed is 0.43526 seconds
Computing Link Density of Component
Density of Cluster: 0.077868
Done. Time Elapsed is 0.32072 seconds
Computing Shortest Paths - this will take a while, but only one time.
Diameter of Cluster: 3
Avg Path Length: 1.9503
Done. Time Elapsed is 6 minutes, 19 seconds.
Computing Degree Distribution...
Done. Time Elapsed is 0.42601 seconds
Computing Centrality measures...Eigenvector
Done. Time Elapsed is 26 seconds.
Computing Average neighbor degree
Done. Time Elapsed is 1 minute, 21 seconds.
Computing Centrality measures...Betweenness
Done. Time Elapsed is 3 minutes, 48 seconds.
Computing Clustering Coefficents.
Done. Time Elapsed is 2 minutes, 17 seconds.
Finished. Total Program Time Elapsed is 16 minutes, 44 seconds.
>> 