Sender: LSF System <lsfadmin@bc14-n10>
Subject: Job 564062[40]: <nw_stats[3-50]> Exited

Job <nw_stats[3-50]> was submitted from host <bc16-n13> by user <jabloche> in cluster <lucky>.
Job was executed on host(s) <bc14-n10>, in queue <week>, as user <jabloche> in cluster <lucky>.
</afs/isis.unc.edu/home/j/a/jabloche> was used as the home directory.
</netscr/jabloche/FirmNetworks/matlab> was used as the working directory.
Started at Fri Feb 19 09:46:38 2010
Results reported at Fri Feb 19 16:33:19 2010

Your job looked like:

------------------------------------------------------------
# LSBATCH: User input
matlab -nodisplay -nojvm -nosplash -r nw_stats
------------------------------------------------------------

Exited with exit code 1.

Resource usage summary:

    CPU time   :  22604.66 sec.
    Max Memory :      1736 MB
    Max Swap   :      8346 MB

    Max Processes  :         6
    Max Threads    :        33

The output (if any) follows:

Your home directory for this job is /netscr/jabloche

                            < M A T L A B (R) >
                  Copyright 1984-2009 The MathWorks, Inc.
                Version 7.9.0.529 (R2009b) 64-bit (glnxa64)
                              August 12, 2009

 
  To get started, type one of these: helpwin, helpdesk, or demo.
  For product information, visit www.mathworks.com.
 
Begin Matrix Statistics for type_data: bool_blk
Reading Saved Matrix and Returning Adjacency Matrix: loadAdjMat
loadAdjMat Done. data_type_index:blk_bool_40
running matrix statistics functions
Completed getNetworkProfile
Time Elapsed is 2 seconds.
Now getting components
Done. Computed connected components. Saving output
Time Elapsed is 0.4958 seconds
Number of Connected Components: 1
Time Elapsed is 0.48288 seconds
Size of Giant Component: 5125
Ratio of Size of Giant Component to whole Matrix: 0.79618
Ratio of Isolates to whole Matrix: 0.20382
Time Elapsed is 2 seconds.
pearson_r: 0.017295
Time Elapsed is 0.24241 seconds
Density of Cluster: 0.1949
Time Elapsed is 0.82874 seconds
Diameter of Cluster: 4
Avg Path Length: 1.1549
Time Elapsed is 3 hours, 41 minutes, 52 seconds.
Computing Degree Distribution...
Done. Time Elapsed is 1 second.
Computing Centrality measures...Eigenvector
Done. Time Elapsed is 5 seconds.
Computing Centrality measures...Closeness
Done. Time Elapsed is 2 hours, 8 minutes, 44 seconds.
Computing Average neighbor degree
Time Elapsed is 4 minutes, 20 seconds.
Computing Centrality measures...Betweenness
Time Elapsed is 14 minutes, 20 seconds.
Computing Clustering Coefficents.
Time Elapsed is 2e-05 seconds
is Simple:1
is Connected:0
is Regular:0
is Tree:0
is Complete:0
Completed IS descriptions
Finished. Total Program Time Elapsed is 6 hours, 46 minutes, 28 seconds.
{Warning:
Connection to the X11 Display Server (bc16-n13.isis.unc.edu:11.0) has been
lost.
No more graphics windows can no longer be displayed in this session.
Graphics Objects can still be printed, and all commands should still work.
We recommend that you try to save your current session and exit} 
