Sender: LSF System <lsfadmin@bc02-n06>
Subject: Job 635805[115]: <nw_stats[110-116]> Done

Job <nw_stats[110-116]> was submitted from host <bc13-n13> by user <jabloche> in cluster <lucky>.
Job was executed on host(s) <bc02-n06>, in queue <week>, as user <jabloche> in cluster <lucky>.
</afs/isis.unc.edu/home/j/a/jabloche> was used as the home directory.
</netscr/jabloche/FirmNetworks/matlab> was used as the working directory.
Started at Fri Mar  5 14:51:17 2010
Results reported at Fri Mar  5 22:53:13 2010

Your job looked like:

------------------------------------------------------------
# LSBATCH: User input
matlab -nodisplay -nojvm -nosplash -r nw_stats
------------------------------------------------------------

Successfully completed.

Resource usage summary:

    CPU time   :  28910.29 sec.
    Max Memory :     10013 MB
    Max Swap   :     13167 MB

    Max Processes  :         6
    Max Threads    :        33

The output (if any) follows:

Your home directory for this job is /netscr/jabloche

                            < M A T L A B (R) >
                  Copyright 1984-2009 The MathWorks, Inc.
                Version 7.9.0.529 (R2009b) 64-bit (glnxa64)
                              August 12, 2009

 
  To get started, type one of these: helpwin, helpdesk, or demo.
  For product information, visit www.mathworks.com.
 
Begin Matrix Statistics for type_data: bool_cor
Reading Saved Matrix and Returning Adjacency Matrix: loadAdjMat
loadAdjMat Done. data_type_index:cor_bool_115
running matrix statistics functions
Completed getNetworkProfile
Time Elapsed is 21 seconds.
is Simple:1
is Connected:0
is Regular:0
is Tree:0
is Complete:0
Completed IS descriptions
Now getting components
Done. Computed connected components. Saving output
Time Elapsed is 2 seconds.
Number of Connected Components: 1
Time Elapsed is 0.009158 seconds
Size of Giant Component: 6786
Ratio of Size of Giant Component to whole Matrix: 0.2771
Ratio of Isolates to whole Matrix: 0.7229
Time Elapsed is 12 seconds.
Computing Degree Correlation (Pearsons r) of Component
pearson_r: 0.045952
Done. Time Elapsed is 1 second.
Computing Link Density of Component
Density of Cluster: 0.4424
Done. Time Elapsed is 3 seconds.
Computing Shortest Paths - this will take a while, but only one time.
Diameter of Cluster: 3
Avg Path Length: 1.5782
Done. Time Elapsed is 1 hour, 20 minutes, 26 seconds.
Computing Degree Distribution...
Done. Time Elapsed is 4 seconds.
Computing Centrality measures...Eigenvector
Done. Time Elapsed is 15 seconds.
Computing Average neighbor degree
Done. Time Elapsed is 22 minutes, 37 seconds.
Computing Centrality measures...Betweenness
Done. Time Elapsed is 51 minutes, 36 seconds.
Computing Clustering Coefficents.
Done. Time Elapsed is 5 hours, 1 minute, 47 seconds.
Finished. Total Program Time Elapsed is 8 hours, 1 minute, 53 seconds.
Your MATLAB session has timed out.  All license keys have been returned.
>> 