Sender: LSF System <lsfadmin@bc01-n05>
Subject: Job 585537[78]: <nw_stats[76-99]> Done

Job <nw_stats[76-99]> was submitted from host <bc16-n13> by user <jabloche> in cluster <lucky>.
Job was executed on host(s) <bc01-n05>, in queue <week>, as user <jabloche> in cluster <lucky>.
</afs/isis.unc.edu/home/j/a/jabloche> was used as the home directory.
</netscr/jabloche/FirmNetworks/matlab> was used as the working directory.
Started at Tue Feb 23 14:09:37 2010
Results reported at Tue Feb 23 20:13:32 2010

Your job looked like:

------------------------------------------------------------
# LSBATCH: User input
matlab -nodisplay -nojvm -nosplash -r nw_stats
------------------------------------------------------------

Successfully completed.

Resource usage summary:

    CPU time   :  21737.96 sec.
    Max Memory :      6781 MB
    Max Swap   :     13430 MB

    Max Processes  :         6
    Max Threads    :        33

The output (if any) follows:

Your home directory for this job is /netscr/jabloche

                            < M A T L A B (R) >
                  Copyright 1984-2009 The MathWorks, Inc.
                Version 7.9.0.529 (R2009b) 64-bit (glnxa64)
                              August 12, 2009

 
  To get started, type one of these: helpwin, helpdesk, or demo.
  For product information, visit www.mathworks.com.
 
Begin Matrix Statistics for type_data: bool_blk
Reading Saved Matrix and Returning Adjacency Matrix: loadAdjMat
loadAdjMat Done. data_type_index:blk_bool_78
running matrix statistics functions
Completed getNetworkProfile
Time Elapsed is 4 seconds.
Now getting components
Done. Computed connected components. Saving output
Time Elapsed is 0.91105 seconds
Number of Connected Components: 1
Time Elapsed is 0.89335 seconds
Size of Giant Component: 8231
Ratio of Size of Giant Component to whole Matrix: 0.68183
Ratio of Isolates to whole Matrix: 0.31817
Time Elapsed is 3 seconds.
pearson_r: -0.071099
Time Elapsed is 0.63162 seconds
Density of Cluster: 0.19705
Time Elapsed is 1 second.
Diameter of Cluster: 4
Avg Path Length: 0.84957
Time Elapsed is 2 hours, 12 minutes, 43 seconds.
Computing Degree Distribution...
Done. Time Elapsed is 3 seconds.
Computing Centrality measures...Eigenvector
Done. Time Elapsed is 20 seconds.
Computing Centrality measures...Closeness
Done. Time Elapsed is 56 minutes, 20 seconds.
Computing Average neighbor degree
Time Elapsed is 16 minutes, 1 second.
Computing Centrality measures...Betweenness
Time Elapsed is 40 minutes, 3 seconds.
Computing Clustering Coefficents.
Time Elapsed is 1.8e-05 seconds
is Simple:1
is Connected:0
is Regular:0
is Tree:0
is Complete:0
Completed IS descriptions
Finished. Total Program Time Elapsed is 6 hours, 3 minutes, 48 seconds.
Your MATLAB session has timed out.  All license keys have been returned.
>> 