Sender: LSF System <lsfadmin@bc01-n02>
Subject: Job 643060[74]: <nw_stats[100,105,108,70-89]> Done

Job <nw_stats[100,105,108,70-89]> was submitted from host <bc13-n13> by user <jabloche> in cluster <lucky>.
Job was executed on host(s) <bc01-n02>, in queue <week>, as user <jabloche> in cluster <lucky>.
</afs/isis.unc.edu/home/j/a/jabloche> was used as the home directory.
</netscr/jabloche/FirmNetworks/matlab> was used as the working directory.
Started at Sat Mar  6 11:12:26 2010
Results reported at Sat Mar  6 12:27:15 2010

Your job looked like:

------------------------------------------------------------
# LSBATCH: User input
matlab -nodisplay -nojvm -nosplash -r nw_stats
------------------------------------------------------------

Successfully completed.

Resource usage summary:

    CPU time   :   4493.52 sec.
    Max Memory :      8661 MB
    Max Swap   :     16518 MB

    Max Processes  :         6
    Max Threads    :        33

The output (if any) follows:

Your home directory for this job is /netscr/jabloche

                            < M A T L A B (R) >
                  Copyright 1984-2009 The MathWorks, Inc.
                Version 7.9.0.529 (R2009b) 64-bit (glnxa64)
                              August 12, 2009

 
  To get started, type one of these: helpwin, helpdesk, or demo.
  For product information, visit www.mathworks.com.
 
Begin Matrix Statistics for type_data: bool_cor
Reading Saved Matrix and Returning Adjacency Matrix: loadAdjMat
loadAdjMat Done. data_type_index:cor_bool_74
running matrix statistics functions
Completed getNetworkProfile
Time Elapsed is 10 seconds.
is Simple:1
is Connected:0
is Regular:0
is Tree:0
is Complete:0
Completed IS descriptions
Now getting components
Done. Computed connected components. Saving output
Time Elapsed is 0.47051 seconds
Number of Connected Components: 1
Time Elapsed is 0.010447 seconds
Size of Giant Component: 8789
Ratio of Size of Giant Component to whole Matrix: 0.3589
Ratio of Isolates to whole Matrix: 0.6411
Time Elapsed is 6 seconds.
Computing Degree Correlation (Pearsons r) of Component
pearson_r: 0.29191
Done. Time Elapsed is 0.31861 seconds
Computing Link Density of Component
Density of Cluster: 0.075699
Done. Time Elapsed is 1 second.
Computing Shortest Paths - this will take a while, but only one time.
Diameter of Cluster: 3
Avg Path Length: 1.9389
Done. Time Elapsed is 31 minutes, 17 seconds.
Computing Degree Distribution...
Done. Time Elapsed is 1 second.
Computing Centrality measures...Eigenvector
Done. Time Elapsed is 51 seconds.
Computing Average neighbor degree
Done. Time Elapsed is 6 minutes, 35 seconds.
Computing Centrality measures...Betweenness
Done. Time Elapsed is 18 minutes, 25 seconds.
Computing Clustering Coefficents.
Done. Time Elapsed is 11 minutes, 34 seconds.
Finished. Total Program Time Elapsed is 1 hour, 14 minutes, 46 seconds.
>> 