Sender: LSF System <lsfadmin@bc01-n09>
Subject: Job 626100[75]: <nw_stats[75]> Exited

Job <nw_stats[75]> was submitted from host <bc14-n13> by user <jabloche> in cluster <lucky>.
Job was executed on host(s) <bc01-n09>, in queue <week>, as user <jabloche> in cluster <lucky>.
</afs/isis.unc.edu/home/j/a/jabloche> was used as the home directory.
</netscr/jabloche/FirmNetworks/matlab> was used as the working directory.
Started at Thu Mar  4 13:30:09 2010
Results reported at Thu Mar  4 19:42:17 2010

Your job looked like:

------------------------------------------------------------
# LSBATCH: User input
matlab -nodisplay -nojvm -nosplash -r nw_stats
------------------------------------------------------------

Exited with exit code 1.

Resource usage summary:

    CPU time   :  22298.46 sec.
    Max Memory :      9780 MB
    Max Swap   :     12948 MB

    Max Processes  :         6
    Max Threads    :        33

The output (if any) follows:

Your home directory for this job is /netscr/jabloche

                            < M A T L A B (R) >
                  Copyright 1984-2009 The MathWorks, Inc.
                Version 7.9.0.529 (R2009b) 64-bit (glnxa64)
                              August 12, 2009

 
  To get started, type one of these: helpwin, helpdesk, or demo.
  For product information, visit www.mathworks.com.
 
Begin Matrix Statistics for type_data: bool_cor
Reading Saved Matrix and Returning Adjacency Matrix: loadAdjMat
loadAdjMat Done. data_type_index:cor_bool_75
running matrix statistics functions
Completed getNetworkProfile
Time Elapsed is 22 seconds.
is Simple:1
is Connected:0
is Regular:0
is Tree:0
is Complete:0
Completed IS descriptions
Now getting components
Done. Computed connected components. Saving output
Time Elapsed is 2 seconds.
Number of Connected Components: 1
Time Elapsed is 0.033108 seconds
Size of Giant Component: 8745
Ratio of Size of Giant Component to whole Matrix: 0.3571
Ratio of Isolates to whole Matrix: 0.6429
Time Elapsed is 15 seconds.
Computing Degree Correlation (Pearsons r) of Component
pearson_r: 0.17559
Done. Time Elapsed is 1 second.
Computing Link Density of Component
Density of Cluster: 0.17611
Done. Time Elapsed is 4 seconds.
Computing Shortest Paths - this will take a while, but only one time.
Diameter of Cluster: 3
Avg Path Length: 1.8312
Done. Time Elapsed is 3 hours, 4 minutes, 6 seconds.
Computing Degree Distribution...
Done. Time Elapsed is 3 seconds.
Computing Centrality measures...Eigenvector
Done. Time Elapsed is 22 seconds.
Computing Average neighbor degree
Done. Time Elapsed is 16 minutes, 17 seconds.
Computing Centrality measures...Betweenness
Done. Time Elapsed is 49 minutes, 30 seconds.
Computing Clustering Coefficents.
Done. Time Elapsed is 1 hour, 42 minutes, 38 seconds.
Finished. Total Program Time Elapsed is 6 hours, 12 minutes, 4 seconds.
{Warning:
Connection to the X11 Display Server (bc14-n13.isis.unc.edu:15.0) has been
lost.
No more graphics windows can no longer be displayed in this session.
Graphics Objects can still be printed, and all commands should still work.
We recommend that you try to save your current session and exit} 
Sender: LSF System <lsfadmin@bc01-n06>
Subject: Job 643060[75]: <nw_stats[100,105,108,70-89]> Done

Job <nw_stats[100,105,108,70-89]> was submitted from host <bc13-n13> by user <jabloche> in cluster <lucky>.
Job was executed on host(s) <bc01-n06>, in queue <week>, as user <jabloche> in cluster <lucky>.
</afs/isis.unc.edu/home/j/a/jabloche> was used as the home directory.
</netscr/jabloche/FirmNetworks/matlab> was used as the working directory.
Started at Sat Mar  6 11:12:26 2010
Results reported at Sat Mar  6 16:49:54 2010

Your job looked like:

------------------------------------------------------------
# LSBATCH: User input
matlab -nodisplay -nojvm -nosplash -r nw_stats
------------------------------------------------------------

Successfully completed.

Resource usage summary:

    CPU time   :  20204.85 sec.
    Max Memory :      9529 MB
    Max Swap   :     12886 MB

    Max Processes  :         6
    Max Threads    :        33

The output (if any) follows:

Your home directory for this job is /netscr/jabloche

                            < M A T L A B (R) >
                  Copyright 1984-2009 The MathWorks, Inc.
                Version 7.9.0.529 (R2009b) 64-bit (glnxa64)
                              August 12, 2009

 
  To get started, type one of these: helpwin, helpdesk, or demo.
  For product information, visit www.mathworks.com.
 
Begin Matrix Statistics for type_data: bool_cor
Reading Saved Matrix and Returning Adjacency Matrix: loadAdjMat
loadAdjMat Done. data_type_index:cor_bool_75
running matrix statistics functions
Completed getNetworkProfile
Time Elapsed is 11 seconds.
is Simple:1
is Connected:0
is Regular:0
is Tree:0
is Complete:0
Completed IS descriptions
Now getting components
Done. Computed connected components. Saving output
Time Elapsed is 1 second.
Number of Connected Components: 1
Time Elapsed is 0.012972 seconds
Size of Giant Component: 8745
Ratio of Size of Giant Component to whole Matrix: 0.3571
Ratio of Isolates to whole Matrix: 0.6429
Time Elapsed is 7 seconds.
Computing Degree Correlation (Pearsons r) of Component
pearson_r: 0.17559
Done. Time Elapsed is 1 second.
Computing Link Density of Component
Density of Cluster: 0.17611
Done. Time Elapsed is 2 seconds.
Computing Shortest Paths - this will take a while, but only one time.
Diameter of Cluster: 3
Avg Path Length: 1.8312
Done. Time Elapsed is 2 hours, 50 minutes, 12 seconds.
Computing Degree Distribution...
Done. Time Elapsed is 3 seconds.
Computing Centrality measures...Eigenvector
Done. Time Elapsed is 40 seconds.
Computing Average neighbor degree
Done. Time Elapsed is 13 minutes, 49 seconds.
Computing Centrality measures...Betweenness
Done. Time Elapsed is 44 minutes, 50 seconds.
Computing Clustering Coefficents.
Done. Time Elapsed is 1 hour, 35 minutes, 24 seconds.
Finished. Total Program Time Elapsed is 5 hours, 37 minutes, 22 seconds.
Your MATLAB session has timed out.  All license keys have been returned.
>> 