Sender: LSF System <lsfadmin@bc16-n01>
Subject: Job 624082[13]: <nw_stats[1-20]> Exited

Job <nw_stats[1-20]> was submitted from host <bc09-n13> by user <jabloche> in cluster <lucky>.
Job was executed on host(s) <bc16-n01>, in queue <week>, as user <jabloche> in cluster <lucky>.
</afs/isis.unc.edu/home/j/a/jabloche> was used as the home directory.
</netscr/jabloche/FirmNetworks/matlab> was used as the working directory.
Started at Wed Mar  3 17:58:36 2010
Results reported at Wed Mar  3 18:20:10 2010

Your job looked like:

------------------------------------------------------------
# LSBATCH: User input
matlab -nodisplay -nojvm -nosplash -r nw_stats
------------------------------------------------------------

Exited with exit code 1.

Resource usage summary:

    CPU time   :   1291.01 sec.
    Max Memory :       241 MB
    Max Swap   :      6927 MB

    Max Processes  :         6
    Max Threads    :        33

The output (if any) follows:

Your home directory for this job is /netscr/jabloche

                            < M A T L A B (R) >
                  Copyright 1984-2009 The MathWorks, Inc.
                Version 7.9.0.529 (R2009b) 64-bit (glnxa64)
                              August 12, 2009

 
  To get started, type one of these: helpwin, helpdesk, or demo.
  For product information, visit www.mathworks.com.
 
Begin Matrix Statistics for type_data: bool_blk
Reading Saved Matrix and Returning Adjacency Matrix: loadAdjMat
loadAdjMat Done. data_type_index:blk_bool_13
running matrix statistics functions
Completed getNetworkProfile
Time Elapsed is 0.62548 seconds
is Simple:1
is Connected:0
is Regular:0
is Tree:0
is Complete:0
Completed IS descriptions
Now getting components
Done. Computed connected components. Saving output
Time Elapsed is 0.16009 seconds
Number of Connected Components: 1
Time Elapsed is 0.02855 seconds
Size of Giant Component: 3465
Ratio of Size of Giant Component to whole Matrix: 0.77447
Ratio of Isolates to whole Matrix: 0.22553
Time Elapsed is 0.44031 seconds
Computing Degree Correlation (Pearsons r) of Component
pearson_r: -0.0066825
Done. Time Elapsed is 0.04831 seconds
Computing Link Density of Component
Density of Cluster: 0.1136
Done. Time Elapsed is 0.21545 seconds
Computing Shortest Paths - this will take a while, but only one time.
Diameter of Cluster: 4
Avg Path Length: 1.9307
Done. Time Elapsed is 15 minutes, 25 seconds.
Computing Degree Distribution...
Done. Time Elapsed is 0.2964 seconds
Computing Centrality measures...Eigenvector
Done. Time Elapsed is 0.96168 seconds
Computing Average neighbor degree
Done. Time Elapsed is 30 seconds.
Computing Centrality measures...Betweenness
Done. Time Elapsed is 2 minutes, 12 seconds.
Computing Clustering Coefficents.
Done. Time Elapsed is 3 minutes, 4 seconds.
Finished. Total Program Time Elapsed is 21 minutes, 29 seconds.
{Warning:
Connection to the X11 Display Server (bc09-n13.isis.unc.edu:15.0) has been
lost.
No more graphics windows can no longer be displayed in this session.
Graphics Objects can still be printed, and all commands should still work.
We recommend that you try to save your current session and exit} 
