Sender: LSF System <lsfadmin@bc02-n11>
Subject: Job 637205[104]: <nw_stats[100-109]> Done

Job <nw_stats[100-109]> was submitted from host <bc13-n13> by user <jabloche> in cluster <lucky>.
Job was executed on host(s) <bc02-n11>, in queue <week>, as user <jabloche> in cluster <lucky>.
</afs/isis.unc.edu/home/j/a/jabloche> was used as the home directory.
</netscr/jabloche/FirmNetworks/matlab> was used as the working directory.
Started at Fri Mar  5 17:45:37 2010
Results reported at Fri Mar  5 20:28:24 2010

Your job looked like:

------------------------------------------------------------
# LSBATCH: User input
matlab -nodisplay -nojvm -nosplash -r nw_stats
------------------------------------------------------------

Successfully completed.

Resource usage summary:

    CPU time   :   9775.12 sec.
    Max Memory :      9228 MB
    Max Swap   :     12735 MB

    Max Processes  :         6
    Max Threads    :        33

The output (if any) follows:

Your home directory for this job is /netscr/jabloche

                            < M A T L A B (R) >
                  Copyright 1984-2009 The MathWorks, Inc.
                Version 7.9.0.529 (R2009b) 64-bit (glnxa64)
                              August 12, 2009

 
  To get started, type one of these: helpwin, helpdesk, or demo.
  For product information, visit www.mathworks.com.
 
Begin Matrix Statistics for type_data: bool_cor
Reading Saved Matrix and Returning Adjacency Matrix: loadAdjMat
loadAdjMat Done. data_type_index:cor_bool_104
running matrix statistics functions
Completed getNetworkProfile
Time Elapsed is 11 seconds.
is Simple:1
is Connected:0
is Regular:0
is Tree:0
is Complete:0
Completed IS descriptions
Now getting components
Done. Computed connected components. Saving output
Time Elapsed is 0.62409 seconds
Number of Connected Components: 1
Time Elapsed is 0.027234 seconds
Size of Giant Component: 6596
Ratio of Size of Giant Component to whole Matrix: 0.26935
Ratio of Isolates to whole Matrix: 0.73065
Time Elapsed is 6 seconds.
Computing Degree Correlation (Pearsons r) of Component
pearson_r: 0.17154
Done. Time Elapsed is 0.51808 seconds
Computing Link Density of Component
Density of Cluster: 0.18946
Done. Time Elapsed is 1 second.
Computing Shortest Paths - this will take a while, but only one time.
Diameter of Cluster: 3
Avg Path Length: 1.8282
Done. Time Elapsed is 1 hour, 13 minutes, 31 seconds.
Computing Degree Distribution...
Done. Time Elapsed is 2 seconds.
Computing Centrality measures...Eigenvector
Done. Time Elapsed is 26 seconds.
Computing Average neighbor degree
Done. Time Elapsed is 6 minutes, 20 seconds.
Computing Centrality measures...Betweenness
Done. Time Elapsed is 20 minutes, 6 seconds.
Computing Clustering Coefficents.
Done. Time Elapsed is 55 minutes, 4 seconds.
Finished. Total Program Time Elapsed is 2 hours, 42 minutes, 44 seconds.
>> 