Sender: LSF System <lsfadmin@bc01-n04>
Subject: Job 645148[73]: <nw_stats[73]> Done

Job <nw_stats[73]> was submitted from host <bc13-n13> by user <jabloche> in cluster <lucky>.
Job was executed on host(s) <bc01-n04>, in queue <week>, as user <jabloche> in cluster <lucky>.
</afs/isis.unc.edu/home/j/a/jabloche> was used as the home directory.
</netscr/jabloche/FirmNetworks/matlab> was used as the working directory.
Started at Sun Mar  7 12:37:29 2010
Results reported at Sun Mar  7 13:26:36 2010

Your job looked like:

------------------------------------------------------------
# LSBATCH: User input
matlab -nodisplay -nojvm -nosplash -r nw_stats
------------------------------------------------------------

Successfully completed.

Resource usage summary:

    CPU time   :   2953.90 sec.
    Max Memory :      8474 MB
    Max Swap   :     12533 MB

    Max Processes  :         6
    Max Threads    :        33

The output (if any) follows:

Your home directory for this job is /netscr/jabloche

                            < M A T L A B (R) >
                  Copyright 1984-2009 The MathWorks, Inc.
                Version 7.9.0.529 (R2009b) 64-bit (glnxa64)
                              August 12, 2009

 
  To get started, type one of these: helpwin, helpdesk, or demo.
  For product information, visit www.mathworks.com.
 
Begin Matrix Statistics for type_data: bool_cor
Reading Saved Matrix and Returning Adjacency Matrix: loadAdjMat
loadAdjMat Done. data_type_index:cor_bool_73
running matrix statistics functions
Completed getNetworkProfile
Time Elapsed is 9 seconds.
is Simple:1
is Connected:0
is Regular:0
is Tree:0
is Complete:0
Completed IS descriptions
Now getting components
Done. Computed connected components. Saving output
Time Elapsed is 0.3172 seconds
Number of Connected Components: 1
Time Elapsed is 0.046106 seconds
Size of Giant Component: 8859
Ratio of Size of Giant Component to whole Matrix: 0.36175
Ratio of Isolates to whole Matrix: 0.63825
Time Elapsed is 5 seconds.
Computing Degree Correlation (Pearsons r) of Component
pearson_r: 0.35651
Done. Time Elapsed is 0.30626 seconds
Computing Link Density of Component
Density of Cluster: 0.056212
Done. Time Elapsed is 0.94238 seconds
Computing Shortest Paths - this will take a while, but only one time.
Diameter of Cluster: 3
Avg Path Length: 1.9684
Done. Time Elapsed is 22 minutes, 53 seconds.
Computing Degree Distribution...
Done. Time Elapsed is 1 second.
Computing Centrality measures...Eigenvector
Done. Time Elapsed is 3 seconds.
Computing Average neighbor degree
Done. Time Elapsed is 4 minutes, 4 seconds.
Computing Centrality measures...Betweenness
Done. Time Elapsed is 12 minutes, 40 seconds.
Computing Clustering Coefficents.
Done. Time Elapsed is 5 minutes, 33 seconds.
Finished. Total Program Time Elapsed is 49 minutes, 3 seconds.
>> 