Sender: LSF System <lsfadmin@bc09-n14>
Subject: Job 564062[32]: <nw_stats[3-50]> Exited

Job <nw_stats[3-50]> was submitted from host <bc16-n13> by user <jabloche> in cluster <lucky>.
Job was executed on host(s) <bc09-n14>, in queue <week>, as user <jabloche> in cluster <lucky>.
</afs/isis.unc.edu/home/j/a/jabloche> was used as the home directory.
</netscr/jabloche/FirmNetworks/matlab> was used as the working directory.
Started at Fri Feb 19 09:46:22 2010
Results reported at Fri Feb 19 21:49:14 2010

Your job looked like:

------------------------------------------------------------
# LSBATCH: User input
matlab -nodisplay -nojvm -nosplash -r nw_stats
------------------------------------------------------------

Exited with exit code 1.

Resource usage summary:

    CPU time   :  41548.11 sec.
    Max Memory :      1782 MB
    Max Swap   :      6438 MB

    Max Processes  :         6
    Max Threads    :        17

The output (if any) follows:

Your home directory for this job is /netscr/jabloche

                            < M A T L A B (R) >
                  Copyright 1984-2009 The MathWorks, Inc.
                Version 7.9.0.529 (R2009b) 64-bit (glnxa64)
                              August 12, 2009

 
  To get started, type one of these: helpwin, helpdesk, or demo.
  For product information, visit www.mathworks.com.
 
Begin Matrix Statistics for type_data: bool_blk
Reading Saved Matrix and Returning Adjacency Matrix: loadAdjMat
loadAdjMat Done. data_type_index:blk_bool_32
running matrix statistics functions
Completed getNetworkProfile
Time Elapsed is 2 seconds.
Now getting components
Done. Computed connected components. Saving output
Time Elapsed is 0.46125 seconds
Number of Connected Components: 1
Time Elapsed is 0.43247 seconds
Size of Giant Component: 5266
Ratio of Size of Giant Component to whole Matrix: 0.80091
Ratio of Isolates to whole Matrix: 0.19909
Time Elapsed is 2 seconds.
pearson_r: 0.013615
Time Elapsed is 0.15119 seconds
Density of Cluster: 0.16812
Time Elapsed is 0.82902 seconds
Diameter of Cluster: 4
Avg Path Length: 1.1903
Time Elapsed is 7 hours, 32 minutes, 38 seconds.
Computing Degree Distribution...
Done. Time Elapsed is 2 seconds.
Computing Centrality measures...Eigenvector
Done. Time Elapsed is 5 seconds.
Computing Centrality measures...Closeness
Done. Time Elapsed is 3 hours, 30 minutes, 29 seconds.
Computing Average neighbor degree
Time Elapsed is 4 minutes, 11 seconds.
Computing Centrality measures...Betweenness
Time Elapsed is 16 minutes, 11 seconds.
Computing Clustering Coefficents.
Time Elapsed is 2.1e-05 seconds
is Simple:1
is Connected:0
is Regular:0
is Tree:0
is Complete:0
Completed IS descriptions
Finished. Total Program Time Elapsed is 12 hours, 2 minutes, 31 seconds.
{Warning:
Connection to the X11 Display Server (bc16-n13.isis.unc.edu:11.0) has been
lost.
No more graphics windows can no longer be displayed in this session.
Graphics Objects can still be printed, and all commands should still work.
We recommend that you try to save your current session and exit} 
