Sender: LSF System <lsfadmin@bc01-n14>
Subject: Job 644192[12]: <nw_stats[2-39]> Done

Job <nw_stats[2-39]> was submitted from host <bc13-n13> by user <jabloche> in cluster <lucky>.
Job was executed on host(s) <bc01-n14>, in queue <week>, as user <jabloche> in cluster <lucky>.
</afs/isis.unc.edu/home/j/a/jabloche> was used as the home directory.
</netscr/jabloche/FirmNetworks/matlab> was used as the working directory.
Started at Sun Mar  7 00:15:13 2010
Results reported at Sun Mar  7 01:03:21 2010

Your job looked like:

------------------------------------------------------------
# LSBATCH: User input
matlab -nodisplay -nojvm -nosplash -r nw_stats
------------------------------------------------------------

Successfully completed.

Resource usage summary:

    CPU time   :   2892.09 sec.
    Max Memory :      7893 MB
    Max Swap   :     12461 MB

    Max Processes  :         6
    Max Threads    :        33

The output (if any) follows:

Your home directory for this job is /netscr/jabloche

                            < M A T L A B (R) >
                  Copyright 1984-2009 The MathWorks, Inc.
                Version 7.9.0.529 (R2009b) 64-bit (glnxa64)
                              August 12, 2009

 
  To get started, type one of these: helpwin, helpdesk, or demo.
  For product information, visit www.mathworks.com.
 
Begin Matrix Statistics for type_data: bool_cor
Reading Saved Matrix and Returning Adjacency Matrix: loadAdjMat
loadAdjMat Done. data_type_index:cor_bool_12
running matrix statistics functions
Completed getNetworkProfile
Time Elapsed is 10 seconds.
is Simple:1
is Connected:0
is Regular:0
is Tree:0
is Complete:0
Completed IS descriptions
Now getting components
Done. Computed connected components. Saving output
Time Elapsed is 0.20107 seconds
Number of Connected Components: 1
Time Elapsed is 0.042218 seconds
Size of Giant Component: 4978
Ratio of Size of Giant Component to whole Matrix: 0.20327
Ratio of Isolates to whole Matrix: 0.79673
Time Elapsed is 5 seconds.
Computing Degree Correlation (Pearsons r) of Component
pearson_r: 0.26428
Done. Time Elapsed is 0.1298 seconds
Computing Link Density of Component
Density of Cluster: 0.12237
Done. Time Elapsed is 0.39051 seconds
Computing Shortest Paths - this will take a while, but only one time.
Diameter of Cluster: 3
Avg Path Length: 1.9007
Done. Time Elapsed is 31 minutes, 3 seconds.
Computing Degree Distribution...
Done. Time Elapsed is 0.52576 seconds
Computing Centrality measures...Eigenvector
Done. Time Elapsed is 8 seconds.
Computing Average neighbor degree
Done. Time Elapsed is 1 minute, 42 seconds.
Computing Centrality measures...Betweenness
Done. Time Elapsed is 5 minutes, 15 seconds.
Computing Clustering Coefficents.
Done. Time Elapsed is 7 minutes, 6 seconds.
Finished. Total Program Time Elapsed is 48 minutes, 3 seconds.
>> 