Sender: LSF System <lsfadmin@bc16-n07>
Subject: Job 583055[67]: <nw_stats[29,51-75]> Exited

Job <nw_stats[29,51-75]> was submitted from host <bc16-n13> by user <jabloche> in cluster <lucky>.
Job was executed on host(s) <bc16-n07>, in queue <week>, as user <jabloche> in cluster <lucky>.
</afs/isis.unc.edu/home/j/a/jabloche> was used as the home directory.
</netscr/jabloche/FirmNetworks/matlab> was used as the working directory.
Started at Sun Feb 21 22:00:17 2010
Results reported at Mon Feb 22 19:21:13 2010

Your job looked like:

------------------------------------------------------------
# LSBATCH: User input
matlab -nodisplay -nojvm -nosplash -r nw_stats
------------------------------------------------------------

Exited with exit code 1.

Resource usage summary:

    CPU time   :  76106.99 sec.
    Max Memory :      3926 MB
    Max Swap   :     10536 MB

    Max Processes  :         6
    Max Threads    :        33

The output (if any) follows:

Your home directory for this job is /netscr/jabloche

                            < M A T L A B (R) >
                  Copyright 1984-2009 The MathWorks, Inc.
                Version 7.9.0.529 (R2009b) 64-bit (glnxa64)
                              August 12, 2009

 
  To get started, type one of these: helpwin, helpdesk, or demo.
  For product information, visit www.mathworks.com.
 
Begin Matrix Statistics for type_data: bool_blk
Reading Saved Matrix and Returning Adjacency Matrix: loadAdjMat
loadAdjMat Done. data_type_index:blk_bool_67
running matrix statistics functions
Completed getNetworkProfile
Time Elapsed is 4 seconds.
Now getting components
Done. Computed connected components. Saving output
Time Elapsed is 1 second.
Number of Connected Components: 1
Time Elapsed is 1 second.
Size of Giant Component: 7699
Ratio of Size of Giant Component to whole Matrix: 0.78401
Ratio of Isolates to whole Matrix: 0.21599
Time Elapsed is 3 seconds.
pearson_r: -0.021756
Time Elapsed is 1 second.
Density of Cluster: 0.18068
Time Elapsed is 2 seconds.
Diameter of Cluster: 4
Avg Path Length: 1.1336
Time Elapsed is 12 hours, 21 minutes, 25 seconds.
Computing Degree Distribution...
Done. Time Elapsed is 3 seconds.
Computing Centrality measures...Eigenvector
Done. Time Elapsed is 19 seconds.
Computing Centrality measures...Closeness
Done. Time Elapsed is 6 hours, 3 minutes, 25 seconds.
Computing Average neighbor degree
Time Elapsed is 14 minutes, 39 seconds.
Computing Centrality measures...Betweenness
Time Elapsed is 45 minutes, 25 seconds.
Computing Clustering Coefficents.
Time Elapsed is 1.6e-05 seconds
is Simple:1
is Connected:0
is Regular:0
is Tree:0
is Complete:0
Completed IS descriptions
Finished. Total Program Time Elapsed is 21 hours, 20 minutes, 48 seconds.
Your MATLAB session has timed out.  All license keys have been returned.
{Warning:
Connection to the X11 Display Server (bc16-n13.isis.unc.edu:12.0) has been
lost.
No more graphics windows can no longer be displayed in this session.
Graphics Objects can still be printed, and all commands should still work.
We recommend that you try to save your current session and exit} 
