Sender: LSF System <lsfadmin@bc01-n13>
Subject: Job 634779[9]: <nw_stats[2-10]> Done

Job <nw_stats[2-10]> was submitted from host <bc13-n13> by user <jabloche> in cluster <lucky>.
Job was executed on host(s) <bc01-n13>, in queue <week>, as user <jabloche> in cluster <lucky>.
</afs/isis.unc.edu/home/j/a/jabloche> was used as the home directory.
</netscr/jabloche/FirmNetworks/matlab> was used as the working directory.
Started at Fri Mar  5 08:09:37 2010
Results reported at Fri Mar  5 08:54:01 2010

Your job looked like:

------------------------------------------------------------
# LSBATCH: User input
matlab -nodisplay -nojvm -nosplash -r nw_stats
------------------------------------------------------------

Successfully completed.

Resource usage summary:

    CPU time   :   2664.65 sec.
    Max Memory :      9199 MB
    Max Swap   :     12438 MB

    Max Processes  :         6
    Max Threads    :        33

The output (if any) follows:

Your home directory for this job is /netscr/jabloche

                            < M A T L A B (R) >
                  Copyright 1984-2009 The MathWorks, Inc.
                Version 7.9.0.529 (R2009b) 64-bit (glnxa64)
                              August 12, 2009

 
  To get started, type one of these: helpwin, helpdesk, or demo.
  For product information, visit www.mathworks.com.
 
Begin Matrix Statistics for type_data: bool_cor
Reading Saved Matrix and Returning Adjacency Matrix: loadAdjMat
loadAdjMat Done. data_type_index:cor_bool_9
running matrix statistics functions
Completed getNetworkProfile
Time Elapsed is 9 seconds.
is Simple:1
is Connected:0
is Regular:0
is Tree:0
is Complete:0
Completed IS descriptions
Now getting components
Done. Computed connected components. Saving output
Time Elapsed is 0.16656 seconds
Number of Connected Components: 1
Time Elapsed is 0.02256 seconds
Size of Giant Component: 4912
Ratio of Size of Giant Component to whole Matrix: 0.20058
Ratio of Isolates to whole Matrix: 0.79942
Time Elapsed is 5 seconds.
Computing Degree Correlation (Pearsons r) of Component
pearson_r: 0.27556
Done. Time Elapsed is 0.85016 seconds
Computing Link Density of Component
Density of Cluster: 0.10158
Done. Time Elapsed is 0.35888 seconds
Computing Shortest Paths - this will take a while, but only one time.
Diameter of Cluster: 3
Avg Path Length: 1.9251
Done. Time Elapsed is 30 minutes, 50 seconds.
Computing Degree Distribution...
Done. Time Elapsed is 0.5463 seconds
Computing Centrality measures...Eigenvector
Done. Time Elapsed is 36 seconds.
Computing Average neighbor degree
Done. Time Elapsed is 1 minute, 33 seconds.
Computing Centrality measures...Betweenness
Done. Time Elapsed is 4 minutes, 24 seconds.
Computing Clustering Coefficents.
Done. Time Elapsed is 4 minutes, 27 seconds.
Finished. Total Program Time Elapsed is 44 minutes, 19 seconds.
>> Sender: LSF System <lsfadmin@bc02-n08>
Subject: Job 644192[9]: <nw_stats[2-39]> Done

Job <nw_stats[2-39]> was submitted from host <bc13-n13> by user <jabloche> in cluster <lucky>.
Job was executed on host(s) <bc02-n08>, in queue <week>, as user <jabloche> in cluster <lucky>.
</afs/isis.unc.edu/home/j/a/jabloche> was used as the home directory.
</netscr/jabloche/FirmNetworks/matlab> was used as the working directory.
Started at Sat Mar  6 23:57:01 2010
Results reported at Sun Mar  7 00:47:39 2010

Your job looked like:

------------------------------------------------------------
# LSBATCH: User input
matlab -nodisplay -nojvm -nosplash -r nw_stats
------------------------------------------------------------

Successfully completed.

Resource usage summary:

    CPU time   :   3024.26 sec.
    Max Memory :      8748 MB
    Max Swap   :     12438 MB

    Max Processes  :         6
    Max Threads    :        33

The output (if any) follows:

Your home directory for this job is /netscr/jabloche

                            < M A T L A B (R) >
                  Copyright 1984-2009 The MathWorks, Inc.
                Version 7.9.0.529 (R2009b) 64-bit (glnxa64)
                              August 12, 2009

 
  To get started, type one of these: helpwin, helpdesk, or demo.
  For product information, visit www.mathworks.com.
 
Begin Matrix Statistics for type_data: bool_cor
Reading Saved Matrix and Returning Adjacency Matrix: loadAdjMat
loadAdjMat Done. data_type_index:cor_bool_9
running matrix statistics functions
Completed getNetworkProfile
Time Elapsed is 12 seconds.
is Simple:1
is Connected:0
is Regular:0
is Tree:0
is Complete:0
Completed IS descriptions
Now getting components
Done. Computed connected components. Saving output
Time Elapsed is 0.17157 seconds
Number of Connected Components: 1
Time Elapsed is 0.011768 seconds
Size of Giant Component: 4912
Ratio of Size of Giant Component to whole Matrix: 0.20058
Ratio of Isolates to whole Matrix: 0.79942
Time Elapsed is 6 seconds.
Computing Degree Correlation (Pearsons r) of Component
pearson_r: 0.27556
Done. Time Elapsed is 0.66088 seconds
Computing Link Density of Component
Density of Cluster: 0.10158
Done. Time Elapsed is 0.40257 seconds
Computing Shortest Paths - this will take a while, but only one time.
Diameter of Cluster: 3
Avg Path Length: 1.9251
Done. Time Elapsed is 31 minutes, 39 seconds.
Computing Degree Distribution...
Done. Time Elapsed is 0.96287 seconds
Computing Centrality measures...Eigenvector
Done. Time Elapsed is 32 seconds.
Computing Average neighbor degree
Done. Time Elapsed is 2 minutes, 56 seconds.
Computing Centrality measures...Betweenness
Done. Time Elapsed is 6 minutes, 42 seconds.
Computing Clustering Coefficents.
Done. Time Elapsed is 5 minutes, 30 seconds.
Finished. Total Program Time Elapsed is 50 minutes, 33 seconds.
>> 